[System]
Platform=SEANO USV
Start_Time=2026-05-02 12:21:49
Timezone=WIB

[Sensor]
Name=CTD

[Columns]
Timestamp(WIB)	Depth	Temp	Cond	Salinity	Density	SoundVel

[Data]
2026-05-02 12:21:52.557	2.858	28.135	4.207	32.465	1020.604	1534.972
2026-05-02 12:21:53.557	2.967	28.129	4.204	32.484	1020.615	1535.101
2026-05-02 12:21:54.555	3.119	28.082	4.205	32.469	1020.585	1534.93
2026-05-02 12:21:55.554	3.196	28.069	4.22	32.48	1020.648	1534.944
2026-05-02 12:21:56.557	3.301	28.043	4.212	32.463	1020.656	1534.916
2026-05-02 12:21:57.557	3.357	28.094	4.212	32.49	1020.616	1534.978
2026-05-02 12:21:58.557	3.366	28.091	4.219	32.462	1020.627	1535.076
2026-05-02 12:21:59.554	3.393	28.054	4.221	32.464	1020.642	1534.979
2026-05-02 12:22:00.554	3.39	28.108	4.237	32.479	1020.624	1535.007
2026-05-02 12:22:01.557	3.423	28.087	4.221	32.485	1020.643	1535.06
2026-05-02 12:22:02.554	3.385	28.079	4.232	32.445	1020.586	1534.928
2026-05-02 12:22:03.558	3.352	28.104	4.233	32.474	1020.609	1535.057
2026-05-02 12:22:04.554	3.319	28.131	4.23	32.469	1020.638	1535.157
2026-05-02 12:22:05.554	3.307	28.108	4.244	32.452	1020.583	1535.108
2026-05-02 12:22:06.557	3.286	28.139	4.243	32.454	1020.599	1535.195
2026-05-02 12:22:07.557	3.223	28.179	4.24	32.434	1020.582	1535.195
2026-05-02 12:22:08.557	3.227	28.154	4.248	32.411	1020.562	1535.201
2026-05-02 12:22:09.554	3.194	28.201	4.241	32.421	1020.547	1535.198
2026-05-02 12:22:10.554	3.126	28.215	4.247	32.407	1020.542	1535.167
2026-05-02 12:22:11.557	3.116	28.226	4.247	32.422	1020.56	1535.251
2026-05-02 12:22:12.557	3.117	28.23	4.238	32.404	1020.517	1535.379
2026-05-02 12:22:13.558	3.081	28.204	4.244	32.376	1020.507	1535.195
2026-05-02 12:22:14.554	3.096	28.224	4.252	32.378	1020.521	1535.295
2026-05-02 12:22:15.554	3.084	28.231	4.249	32.356	1020.471	1535.153
2026-05-02 12:22:16.558	3.015	28.252	4.246	32.34	1020.446	1535.31
2026-05-02 12:22:17.562	3.019	28.267	4.248	32.362	1020.5	1535.386
2026-05-02 12:22:18.558	3.002	28.256	4.248	32.33	1020.439	1535.354
2026-05-02 12:22:19.554	2.978	28.241	4.251	32.317	1020.481	1535.096
2026-05-02 12:22:20.554	2.908	28.293	4.241	32.31	1020.407	1535.349
2026-05-02 12:22:21.554	2.833	28.266	4.258	32.308	1020.451	1535.282
2026-05-02 12:22:22.557	2.745	28.281	4.244	32.304	1020.425	1535.163
2026-05-02 12:22:23.557	2.701	28.29	4.25	32.271	1020.376	1535.135
2026-05-02 12:22:24.554	2.546	28.354	4.252	32.269	1020.394	1535.371
2026-05-02 12:22:25.554	2.438	28.359	4.254	32.281	1020.394	1535.439
2026-05-02 12:22:26.555	2.314	28.353	4.238	32.274	1020.363	1535.384
2026-05-02 12:22:27.554	2.188	28.4	4.244	32.261	1020.313	1535.521
2026-05-02 12:22:28.557	2.036	28.456	4.242	32.253	1020.302	1535.492
2026-05-02 12:22:29.554	1.87	28.428	4.245	32.231	1020.315	1535.344
2026-05-02 12:22:30.554	1.655	28.507	4.251	32.228	1020.244	1535.613
2026-05-02 12:22:31.557	1.48	28.491	4.24	32.221	1020.232	1535.567
2026-05-02 12:22:32.557	1.318	28.562	4.235	32.218	1020.241	1535.763
2026-05-02 12:22:33.558	1.131	28.603	4.248	32.204	1020.187	1535.701
2026-05-02 12:22:34.554	0.99	28.595	4.241	32.176	1020.142	1535.683
2026-05-02 12:22:35.555	0.856	28.595	4.236	32.181	1020.189	1535.586
2026-05-02 12:22:36.558	0.744	28.64	4.246	32.184	1020.148	1535.714
2026-05-02 12:22:37.557	0.616	28.655	4.241	32.174	1020.113	1535.655
2026-05-02 12:22:38.557	0.528	28.648	4.226	32.136	1020.105	1535.705
2026-05-02 12:22:39.554	0.441	28.675	4.233	32.125	1020.101	1535.669
2026-05-02 12:22:40.554	0.34	28.675	4.229	32.138	1020.102	1535.814
2026-05-02 12:22:41.557	0.349	28.682	4.223	32.116	1020.071	1535.721
2026-05-02 12:22:42.557	0.32	28.68	4.226	32.13	1020.063	1535.738
2026-05-02 12:22:43.558	0.339	28.694	4.224	32.118	1020.056	1535.757
2026-05-02 12:22:44.554	0.327	28.68	4.215	32.103	1020.034	1535.596
2026-05-02 12:22:45.554	0.385	28.713	4.23	32.111	1020.074	1535.835
2026-05-02 12:22:46.557	0.454	28.673	4.225	32.069	1020.068	1535.593
2026-05-02 12:22:47.558	0.507	28.693	4.214	32.073	1020.047	1535.674
2026-05-02 12:22:48.557	0.59	28.639	4.213	32.072	1020.076	1535.588
2026-05-02 12:22:49.554	0.697	28.645	4.201	32.088	1020.083	1535.635
2026-05-02 12:22:50.555	0.789	28.637	4.204	32.079	1020.058	1535.695
2026-05-02 12:22:51.557	0.866	28.612	4.199	32.057	1020.037	1535.458
2026-05-02 12:22:52.557	0.962	28.607	4.205	32.059	1020.049	1535.536
2026-05-02 12:22:53.558	1.027	28.564	4.186	32.041	1020.098	1535.469
2026-05-02 12:22:54.554	1.11	28.537	4.184	32.042	1020.08	1535.4
2026-05-02 12:22:55.557	1.172	28.567	4.183	32.054	1020.092	1535.415
2026-05-02 12:22:56.557	1.218	28.562	4.178	32.036	1020.057	1535.42
2026-05-02 12:22:57.554	1.296	28.496	4.188	32.035	1020.103	1535.345
2026-05-02 12:22:58.557	1.387	28.479	4.176	32.041	1020.09	1535.305
2026-05-02 12:22:59.554	1.421	28.467	4.172	32.026	1020.08	1535.172
2026-05-02 12:23:00.557	1.455	28.48	4.183	32.03	1020.09	1535.321
2026-05-02 12:23:01.557	1.509	28.5	4.169	32.019	1020.08	1535.277
2026-05-02 12:23:02.558	1.553	28.46	4.179	31.992	1020.082	1535.153
2026-05-02 12:23:03.558	1.62	28.445	4.166	32.019	1020.101	1535.12
2026-05-02 12:23:04.554	1.707	28.441	4.157	31.984	1020.114	1535.098
2026-05-02 12:23:05.558	1.72	28.443	4.161	31.998	1020.069	1535.103
2026-05-02 12:23:06.557	1.84	28.405	4.17	32.007	1020.126	1535.162
2026-05-02 12:23:07.557	1.891	28.361	4.154	31.977	1020.136	1535.001
2026-05-02 12:23:08.557	2.027	28.338	4.151	31.981	1020.104	1534.959
2026-05-02 12:23:09.555	2.125	28.335	4.16	31.975	1020.121	1534.965
2026-05-02 12:23:10.554	2.22	28.305	4.147	31.984	1020.12	1534.814
2026-05-02 12:23:11.554	2.346	28.28	4.151	31.967	1020.146	1534.778
2026-05-02 12:23:12.557	2.467	28.281	4.145	31.953	1020.121	1534.744
2026-05-02 12:23:13.554	2.628	28.231	4.137	31.972	1020.153	1534.628
2026-05-02 12:23:14.554	2.747	28.206	4.14	31.974	1020.206	1534.656
2026-05-02 12:23:15.557	2.895	28.182	4.138	31.943	1020.178	1534.548
2026-05-02 12:23:16.560	3.075	28.13	4.149	31.951	1020.188	1534.415
2026-05-02 12:23:17.554	3.233	28.119	4.148	31.959	1020.195	1534.503
2026-05-02 12:23:18.554	3.324	28.13	4.146	31.935	1020.215	1534.408
2026-05-02 12:23:19.554	3.482	28.048	4.143	31.938	1020.248	1534.215
2026-05-02 12:23:20.554	3.577	28.036	4.136	31.909	1020.229	1534.223
2026-05-02 12:23:21.554	3.648	28.022	4.133	31.93	1020.248	1534.22
2026-05-02 12:23:22.554	3.725	28.028	4.142	31.929	1020.242	1534.342
2026-05-02 12:23:23.554	3.775	28.021	4.125	31.924	1020.223	1534.287
2026-05-02 12:23:24.554	3.778	28.0	4.14	31.912	1020.228	1534.093
2026-05-02 12:23:25.554	3.798	28.006	4.135	31.911	1020.234	1534.16
2026-05-02 12:23:26.554	3.779	27.966	4.125	31.901	1020.208	1534.003
2026-05-02 12:23:27.554	3.71	27.964	4.139	31.894	1020.245	1533.981
2026-05-02 12:23:28.555	3.699	28.002	4.144	31.879	1020.227	1534.075
2026-05-02 12:23:29.554	3.608	28.006	4.137	31.889	1020.218	1534.144
2026-05-02 12:23:30.555	3.51	27.968	4.135	31.883	1020.203	1534.05
2026-05-02 12:23:31.554	3.385	27.988	4.132	31.839	1020.137	1533.929
2026-05-02 12:23:32.559	3.276	28.03	4.134	31.845	1020.158	1534.076
2026-05-02 12:23:33.557	3.142	28.0	4.146	31.825	1020.124	1533.914
2026-05-02 12:23:34.554	2.999	28.01	4.148	31.851	1020.164	1533.954
2026-05-02 12:23:35.555	2.851	28.071	4.151	31.803	1020.104	1534.094
2026-05-02 12:23:36.557	2.729	28.082	4.14	31.798	1020.096	1533.997
2026-05-02 12:23:37.557	2.623	28.094	4.15	31.803	1020.064	1534.088
2026-05-02 12:23:38.555	2.474	28.109	4.142	31.781	1020.022	1533.998
2026-05-02 12:23:39.554	2.385	28.059	4.145	31.792	1020.057	1533.943
2026-05-02 12:23:40.556	2.28	28.122	4.156	31.79	1020.005	1534.049
2026-05-02 12:23:41.557	2.155	28.119	4.155	31.771	1019.988	1534.019
2026-05-02 12:23:42.557	2.057	28.096	4.16	31.751	1020.005	1534.034
2026-05-02 12:23:43.557	2.001	28.123	4.152	31.752	1020.003	1533.911
2026-05-02 12:23:44.554	1.949	28.118	4.154	31.743	1019.996	1533.982
2026-05-02 12:23:45.555	1.886	28.131	4.161	31.724	1019.987	1534.054
2026-05-02 12:23:46.557	1.832	28.131	4.173	31.704	1019.972	1533.957
2026-05-02 12:23:47.557	1.73	28.138	4.172	31.724	1019.941	1534.057
2026-05-02 12:23:48.558	1.697	28.123	4.169	31.707	1019.933	1533.818
2026-05-02 12:23:49.554	1.632	28.131	4.171	31.689	1019.909	1533.907
2026-05-02 12:23:50.558	1.572	28.108	4.177	31.67	1019.891	1533.733
2026-05-02 12:23:51.557	1.505	28.117	4.185	31.656	1019.908	1533.698
2026-05-02 12:23:52.554	1.431	28.128	4.183	31.68	1019.926	1533.803
2026-05-02 12:23:53.558	1.405	28.118	4.178	31.654	1019.857	1533.848
2026-05-02 12:23:54.554	1.281	28.134	4.18	31.66	1019.902	1533.712
2026-05-02 12:23:55.557	1.211	28.138	4.196	31.65	1019.853	1533.841
2026-05-02 12:23:56.557	1.132	28.16	4.188	31.627	1019.847	1533.843
2026-05-02 12:23:57.557	0.999	28.154	4.185	31.615	1019.852	1533.76
2026-05-02 12:23:58.557	0.891	28.176	4.19	31.63	1019.822	1533.867
2026-05-02 12:23:59.556	0.802	28.172	4.206	31.6	1019.779	1533.661
2026-05-02 12:24:00.558	0.688	28.221	4.21	31.599	1019.795	1533.911
2026-05-02 12:24:01.557	0.615	28.19	4.206	31.584	1019.795	1533.678
2026-05-02 12:24:02.557	0.483	28.223	4.212	31.591	1019.783	1533.752
2026-05-02 12:24:03.558	0.438	28.227	4.201	31.59	1019.768	1533.757
2026-05-02 12:24:04.554	0.362	28.242	4.219	31.563	1019.741	1533.772
2026-05-02 12:24:05.557	0.306	28.272	4.219	31.54	1019.696	1533.914
2026-05-02 12:24:06.557	0.284	28.251	4.21	31.565	1019.726	1533.772
2026-05-02 12:24:07.557	0.276	28.23	4.208	31.558	1019.746	1533.727
2026-05-02 12:24:08.554	0.278	28.219	4.208	31.534	1019.69	1533.721
2026-05-02 12:24:09.554	0.288	28.237	4.225	31.533	1019.683	1533.813
2026-05-02 12:24:10.555	0.332	28.249	4.224	31.547	1019.689	1533.804
2026-05-02 12:24:11.558	0.451	28.179	4.223	31.535	1019.715	1533.528
2026-05-02 12:24:12.557	0.539	28.214	4.229	31.511	1019.691	1533.644
2026-05-02 12:24:13.557	0.614	28.154	4.224	31.539	1019.729	1533.655
2026-05-02 12:24:14.554	0.791	28.126	4.229	31.538	1019.744	1533.482
2026-05-02 12:24:15.557	0.902	28.134	4.231	31.504	1019.752	1533.487
2026-05-02 12:24:16.558	1.069	28.112	4.225	31.521	1019.782	1533.542
2026-05-02 12:24:17.558	1.226	28.087	4.223	31.519	1019.773	1533.388
2026-05-02 12:24:18.557	1.394	28.029	4.214	31.522	1019.774	1533.324
2026-05-02 12:24:19.554	1.534	27.997	4.232	31.522	1019.816	1533.359
2026-05-02 12:24:20.554	1.727	28.003	4.218	31.524	1019.804	1533.285
2026-05-02 12:24:21.556	1.867	27.996	4.227	31.528	1019.823	1533.349
2026-05-02 12:24:22.557	2.019	27.956	4.232	31.51	1019.859	1533.301
2026-05-02 12:24:23.558	2.152	27.938	4.231	31.534	1019.893	1533.324
2026-05-02 12:24:24.554	2.285	27.894	4.216	31.532	1019.888	1533.226
2026-05-02 12:24:25.556	2.38	27.916	4.216	31.551	1019.901	1533.222
2026-05-02 12:24:26.557	2.528	27.888	4.22	31.554	1019.923	1533.223
2026-05-02 12:24:27.557	2.603	27.852	4.221	31.531	1019.914	1533.023
2026-05-02 12:24:28.558	2.671	27.862	4.223	31.548	1019.92	1533.061
2026-05-02 12:24:29.554	2.733	27.822	4.215	31.57	1019.961	1533.022
2026-05-02 12:24:30.557	2.789	27.861	4.227	31.578	1019.96	1533.225
2026-05-02 12:24:31.558	2.828	27.829	4.22	31.577	1019.983	1533.12
2026-05-02 12:24:32.557	2.877	27.798	4.215	31.592	1020.005	1533.058
2026-05-02 12:24:33.557	2.863	27.851	4.223	31.581	1019.957	1533.201
2026-05-02 12:24:34.554	2.929	27.814	4.215	31.585	1019.984	1533.133
2026-05-02 12:24:35.557	2.955	27.803	4.222	31.617	1020.012	1533.095
2026-05-02 12:24:36.557	2.972	27.836	4.21	31.607	1019.989	1533.277
2026-05-02 12:24:37.557	2.993	27.79	4.218	31.627	1020.034	1533.139
2026-05-02 12:24:38.558	3.044	27.808	4.202	31.633	1020.005	1533.078
2026-05-02 12:24:39.554	3.096	27.81	4.211	31.637	1019.999	1533.153
2026-05-02 12:24:40.557	3.136	27.796	4.205	31.655	1020.038	1533.252
2026-05-02 12:24:41.557	3.195	27.814	4.213	31.67	1020.036	1533.331
2026-05-02 12:24:42.554	3.254	27.821	4.214	31.698	1020.05	1533.246
2026-05-02 12:24:43.557	3.283	27.787	4.199	31.715	1020.12	1533.279
2026-05-02 12:24:44.554	3.35	27.788	4.198	31.731	1020.137	1533.234
2026-05-02 12:24:45.557	3.397	27.789	4.207	31.732	1020.104	1533.288
2026-05-02 12:24:46.557	3.42	27.77	4.188	31.762	1020.152	1533.386
2026-05-02 12:24:47.557	3.503	27.773	4.187	31.776	1020.147	1533.283
2026-05-02 12:24:48.556	3.489	27.773	4.2	31.794	1020.148	1533.437
2026-05-02 12:24:49.554	3.5	27.766	4.192	31.789	1020.163	1533.249
2026-05-02 12:24:50.556	3.523	27.807	4.192	31.792	1020.176	1533.423
2026-05-02 12:24:51.557	3.518	27.791	4.187	31.821	1020.173	1533.415
2026-05-02 12:24:52.558	3.481	27.821	4.189	31.824	1020.211	1533.515
2026-05-02 12:24:53.554	3.385	27.837	4.176	31.851	1020.194	1533.555
2026-05-02 12:24:54.555	3.347	27.868	4.184	31.882	1020.217	1533.743
2026-05-02 12:24:55.557	3.217	27.877	4.181	31.896	1020.213	1533.645
2026-05-02 12:24:56.558	3.09	27.868	4.173	31.897	1020.239	1533.633
2026-05-02 12:24:57.556	2.951	27.902	4.174	31.897	1020.205	1533.763
2026-05-02 12:24:58.557	2.843	27.968	4.182	31.931	1020.206	1533.923
2026-05-02 12:24:59.554	2.663	27.978	4.176	31.922	1020.201	1533.876
2026-05-02 12:25:00.557	2.486	28.014	4.176	31.952	1020.223	1534.063
2026-05-02 12:25:01.557	2.307	28.024	4.166	31.983	1020.198	1534.061
2026-05-02 12:25:02.557	2.133	28.097	4.174	31.98	1020.2	1534.222
2026-05-02 12:25:03.557	1.948	28.12	4.168	32.005	1020.2	1534.245
2026-05-02 12:25:04.554	1.771	28.157	4.166	32.016	1020.173	1534.427
2026-05-02 12:25:05.558	1.609	28.177	4.163	32.031	1020.188	1534.374
2026-05-02 12:25:06.557	1.434	28.232	4.165	32.047	1020.167	1534.592
2026-05-02 12:25:07.557	1.305	28.234	4.167	32.063	1020.199	1534.554
2026-05-02 12:25:08.558	1.135	28.276	4.155	32.064	1020.17	1534.617
2026-05-02 12:25:09.555	1.056	28.312	4.157	32.077	1020.15	1534.854
2026-05-02 12:25:10.555	0.923	28.338	4.168	32.078	1020.159	1534.845
2026-05-02 12:25:11.554	0.869	28.303	4.158	32.1	1020.148	1534.791
2026-05-02 12:25:12.557	0.779	28.379	4.152	32.097	1020.165	1534.901
2026-05-02 12:25:13.554	0.735	28.359	4.17	32.139	1020.204	1534.821
2026-05-02 12:25:14.554	0.744	28.366	4.168	32.122	1020.188	1534.853
2026-05-02 12:25:15.557	0.705	28.36	4.16	32.148	1020.199	1534.885
2026-05-02 12:25:16.557	0.725	28.38	4.152	32.161	1020.189	1535.05
2026-05-02 12:25:17.557	0.702	28.375	4.164	32.177	1020.199	1534.993
2026-05-02 12:25:18.557	0.731	28.374	4.148	32.184	1020.192	1534.929
2026-05-02 12:25:19.557	0.709	28.386	4.153	32.165	1020.192	1534.949
2026-05-02 12:25:20.557	0.737	28.431	4.162	32.207	1020.241	1535.101
2026-05-02 12:25:21.554	0.759	28.438	4.156	32.209	1020.232	1535.268
2026-05-02 12:25:22.555	0.764	28.409	4.15	32.21	1020.199	1535.163
2026-05-02 12:25:23.558	0.818	28.402	4.146	32.225	1020.213	1535.114
2026-05-02 12:25:24.554	0.797	28.425	4.156	32.217	1020.209	1535.225
2026-05-02 12:25:25.555	0.804	28.441	4.149	32.218	1020.206	1535.164
2026-05-02 12:25:26.554	0.797	28.454	4.153	32.235	1020.206	1535.231
2026-05-02 12:25:27.554	0.828	28.443	4.152	32.244	1020.265	1535.255
2026-05-02 12:25:28.557	0.826	28.462	4.161	32.25	1020.214	1535.41
2026-05-02 12:25:29.554	0.845	28.476	4.145	32.246	1020.222	1535.435
2026-05-02 12:25:30.557	0.846	28.469	4.151	32.238	1020.246	1535.427
2026-05-02 12:25:31.558	0.802	28.509	4.165	32.243	1020.22	1535.391
2026-05-02 12:25:32.557	0.851	28.507	4.153	32.272	1020.237	1535.428
2026-05-02 12:25:33.557	0.828	28.495	4.155	32.278	1020.286	1535.393
2026-05-02 12:25:34.555	0.907	28.48	4.165	32.278	1020.246	1535.513
2026-05-02 12:25:35.557	0.962	28.482	4.161	32.294	1020.256	1535.516
2026-05-02 12:25:36.557	0.997	28.5	4.163	32.288	1020.257	1535.6
2026-05-02 12:25:37.558	1.097	28.485	4.158	32.28	1020.304	1535.525
2026-05-02 12:25:38.557	1.169	28.449	4.161	32.301	1020.295	1535.46
2026-05-02 12:25:39.555	1.255	28.485	4.165	32.292	1020.282	1535.536
2026-05-02 12:25:40.557	1.372	28.459	4.164	32.294	1020.303	1535.422
2026-05-02 12:25:41.557	1.557	28.44	4.161	32.269	1020.305	1535.425
2026-05-02 12:25:42.557	1.683	28.447	4.177	32.286	1020.343	1535.441
2026-05-02 12:25:43.557	1.833	28.379	4.158	32.293	1020.331	1535.344
2026-05-02 12:25:44.554	2.04	28.375	4.17	32.309	1020.387	1535.376
2026-05-02 12:25:45.558	2.204	28.385	4.168	32.272	1020.353	1535.371
2026-05-02 12:25:46.554	2.377	28.354	4.167	32.283	1020.364	1535.369
2026-05-02 12:25:47.557	2.531	28.321	4.175	32.296	1020.374	1535.329
2026-05-02 12:25:48.557	2.725	28.269	4.169	32.306	1020.426	1535.246
2026-05-02 12:25:49.557	2.895	28.265	4.17	32.283	1020.406	1535.252
2026-05-02 12:25:50.557	3.033	28.253	4.171	32.307	1020.42	1535.201
2026-05-02 12:25:51.557	3.196	28.226	4.186	32.278	1020.447	1535.086
2026-05-02 12:25:52.558	3.33	28.194	4.177	32.286	1020.428	1535.104
2026-05-02 12:25:53.559	3.403	28.227	4.191	32.298	1020.452	1535.199
2026-05-02 12:25:54.554	3.466	28.195	4.189	32.311	1020.487	1535.184
2026-05-02 12:25:55.557	3.552	28.22	4.198	32.28	1020.461	1535.193
2026-05-02 12:25:56.557	3.567	28.17	4.188	32.281	1020.447	1535.062
2026-05-02 12:25:57.556	3.588	28.196	4.185	32.294	1020.447	1535.183
2026-05-02 12:25:58.554	3.632	28.164	4.204	32.278	1020.473	1535.017
2026-05-02 12:25:59.556	3.615	28.186	4.191	32.299	1020.465	1535.074
2026-05-02 12:26:00.554	3.585	28.214	4.199	32.281	1020.443	1535.184
2026-05-02 12:26:01.556	3.516	28.223	4.208	32.307	1020.493	1535.273
2026-05-02 12:26:02.555	3.449	28.198	4.209	32.305	1020.453	1535.134
2026-05-02 12:26:03.554	3.392	28.248	4.208	32.302	1020.474	1535.201
2026-05-02 12:26:04.555	3.32	28.247	4.205	32.277	1020.466	1535.215
2026-05-02 12:26:05.555	3.278	28.261	4.221	32.304	1020.444	1535.238
2026-05-02 12:26:06.554	3.207	28.287	4.223	32.297	1020.415	1535.346
2026-05-02 12:26:07.554	3.124	28.266	4.215	32.286	1020.431	1535.156
2026-05-02 12:26:08.554	3.045	28.279	4.229	32.304	1020.454	1535.347
2026-05-02 12:26:09.555	2.964	28.276	4.224	32.313	1020.438	1535.333
2026-05-02 12:26:10.556	2.909	28.327	4.233	32.285	1020.421	1535.458
2026-05-02 12:26:11.555	2.89	28.288	4.236	32.315	1020.411	1535.267
2026-05-02 12:26:12.555	2.853	28.308	4.225	32.307	1020.399	1535.374
2026-05-02 12:26:13.555	2.774	28.304	4.23	32.315	1020.452	1535.367
2026-05-02 12:26:14.555	2.74	28.34	4.243	32.299	1020.378	1535.491
2026-05-02 12:26:15.554	2.683	28.33	4.24	32.296	1020.39	1535.283
2026-05-02 12:26:16.555	2.657	28.325	4.245	32.327	1020.421	1535.441
2026-05-02 12:26:17.554	2.6	28.359	4.248	32.319	1020.429	1535.4
2026-05-02 12:26:18.554	2.537	28.388	4.25	32.328	1020.405	1535.546
2026-05-02 12:26:19.554	2.476	28.353	4.244	32.304	1020.372	1535.39
2026-05-02 12:26:20.557	2.416	28.352	4.251	32.334	1020.398	1535.363
2026-05-02 12:26:21.557	2.367	28.377	4.253	32.308	1020.398	1535.405
2026-05-02 12:26:22.557	2.287	28.411	4.243	32.311	1020.352	1535.568
2026-05-02 12:26:23.557	2.142	28.42	4.248	32.328	1020.356	1535.65
2026-05-02 12:26:24.557	2.029	28.441	4.259	32.326	1020.343	1535.635
2026-05-02 12:26:25.557	1.943	28.427	4.254	32.344	1020.362	1535.515
2026-05-02 12:26:26.557	1.779	28.446	4.259	32.33	1020.361	1535.504
2026-05-02 12:26:27.557	1.611	28.475	4.265	32.319	1020.312	1535.603
2026-05-02 12:26:28.559	1.494	28.477	4.251	32.325	1020.335	1535.556
2026-05-02 12:26:29.554	1.322	28.48	4.253	32.34	1020.314	1535.691
2026-05-02 12:26:30.557	1.167	28.522	4.267	32.338	1020.302	1535.718
2026-05-02 12:26:31.558	0.994	28.547	4.26	32.357	1020.337	1535.695
2026-05-02 12:26:32.554	0.869	28.55	4.259	32.323	1020.291	1535.669
2026-05-02 12:26:33.557	0.705	28.553	4.263	32.335	1020.305	1535.703
2026-05-02 12:26:34.556	0.594	28.59	4.262	32.322	1020.264	1535.691
2026-05-02 12:26:35.557	0.506	28.586	4.252	32.324	1020.24	1535.688
2026-05-02 12:26:36.558	0.374	28.61	4.264	32.324	1020.242	1535.716
2026-05-02 12:26:37.557	0.297	28.612	4.26	32.337	1020.27	1535.785
2026-05-02 12:26:38.557	0.28	28.594	4.257	32.362	1020.263	1535.743
2026-05-02 12:26:39.554	0.249	28.639	4.254	32.328	1020.211	1535.797
2026-05-02 12:26:40.557	0.239	28.619	4.249	32.34	1020.277	1535.773
2026-05-02 12:26:41.557	0.254	28.6	4.256	32.359	1020.297	1535.71
2026-05-02 12:26:42.554	0.269	28.581	4.244	32.346	1020.242	1535.786
2026-05-02 12:26:43.558	0.303	28.593	4.251	32.341	1020.243	1535.74
2026-05-02 12:26:44.554	0.39	28.572	4.248	32.349	1020.254	1535.679
2026-05-02 12:26:45.557	0.503	28.528	4.24	32.317	1020.276	1535.465
2026-05-02 12:26:46.556	0.563	28.521	4.25	32.316	1020.256	1535.542
2026-05-02 12:26:47.557	0.712	28.522	4.238	32.345	1020.299	1535.576
2026-05-02 12:26:48.557	0.834	28.49	4.229	32.346	1020.338	1535.6
2026-05-02 12:26:49.554	0.953	28.445	4.238	32.31	1020.274	1535.344
2026-05-02 12:26:50.557	1.057	28.405	4.228	32.322	1020.324	1535.37
2026-05-02 12:26:51.558	1.168	28.425	4.227	32.307	1020.299	1535.284
2026-05-02 12:26:52.554	1.264	28.385	4.227	32.312	1020.334	1535.195
2026-05-02 12:26:53.559	1.376	28.341	4.223	32.316	1020.359	1535.134
2026-05-02 12:26:54.555	1.489	28.346	4.225	32.302	1020.359	1535.16
2026-05-02 12:26:55.557	1.593	28.312	4.212	32.276	1020.359	1535.086
2026-05-02 12:26:56.557	1.652	28.263	4.206	32.283	1020.379	1534.889
2026-05-02 12:26:57.556	1.742	28.291	4.203	32.262	1020.367	1535.093
2026-05-02 12:26:58.557	1.806	28.232	4.207	32.272	1020.384	1534.979
2026-05-02 12:26:59.554	1.872	28.255	4.211	32.278	1020.365	1534.992
2026-05-02 12:27:00.557	1.92	28.215	4.206	32.275	1020.363	1534.828
2026-05-02 12:27:01.557	2.015	28.208	4.199	32.244	1020.326	1534.764
2026-05-02 12:27:02.557	2.019	28.178	4.199	32.244	1020.386	1534.719
2026-05-02 12:27:03.557	2.105	28.146	4.192	32.216	1020.351	1534.713
2026-05-02 12:27:04.554	2.168	28.176	4.179	32.217	1020.375	1534.796
2026-05-02 12:27:05.556	2.241	28.145	4.193	32.191	1020.345	1534.605
2026-05-02 12:27:06.554	2.328	28.133	4.19	32.182	1020.356	1534.638
2026-05-02 12:27:07.557	2.368	28.095	4.181	32.196	1020.38	1534.624
2026-05-02 12:27:08.557	2.476	28.081	4.169	32.155	1020.314	1534.362
2026-05-02 12:27:09.554	2.552	28.079	4.175	32.144	1020.339	1534.358
2026-05-02 12:27:10.558	2.703	28.028	4.166	32.137	1020.357	1534.245
2026-05-02 12:27:11.556	2.783	28.038	4.163	32.126	1020.35	1534.418
2026-05-02 12:27:12.558	2.908	27.99	4.157	32.13	1020.366	1534.242
2026-05-02 12:27:13.556	3.056	27.984	4.163	32.104	1020.366	1534.176
2026-05-02 12:27:14.555	3.173	27.916	4.16	32.077	1020.376	1534.019
2026-05-02 12:27:15.557	3.294	27.886	4.153	32.078	1020.368	1533.946
2026-05-02 12:27:16.557	3.376	27.886	4.146	32.054	1020.352	1533.909
2026-05-02 12:27:17.555	3.496	27.848	4.152	32.055	1020.354	1533.904
2026-05-02 12:27:18.557	3.593	27.816	4.146	32.018	1020.372	1533.802
2026-05-02 12:27:19.554	3.665	27.799	4.135	32.006	1020.35	1533.753
2026-05-02 12:27:20.554	3.737	27.808	4.135	31.998	1020.317	1533.811
2026-05-02 12:27:21.558	3.746	27.806	4.137	31.981	1020.307	1533.715
2026-05-02 12:27:22.557	3.757	27.801	4.143	31.961	1020.313	1533.704
2026-05-02 12:27:23.557	3.783	27.782	4.137	31.969	1020.313	1533.688
2026-05-02 12:27:24.554	3.757	27.802	4.128	31.948	1020.287	1533.712
2026-05-02 12:27:25.557	3.697	27.765	4.135	31.917	1020.262	1533.481
2026-05-02 12:27:26.557	3.621	27.81	4.128	31.9	1020.244	1533.509
2026-05-02 12:27:27.557	3.541	27.803	4.121	31.896	1020.264	1533.628
2026-05-02 12:27:28.555	3.418	27.817	4.126	31.876	1020.241	1533.635
2026-05-02 12:27:29.554	3.314	27.798	4.13	31.863	1020.217	1533.479
2026-05-02 12:27:30.557	3.182	27.835	4.132	31.846	1020.194	1533.536
2026-05-02 12:27:31.557	3.06	27.875	4.119	31.815	1020.135	1533.615
2026-05-02 12:27:32.557	2.873	27.887	4.131	31.835	1020.163	1533.522
2026-05-02 12:27:33.554	2.706	27.867	4.128	31.786	1020.13	1533.509
2026-05-02 12:27:34.554	2.567	27.889	4.134	31.795	1020.119	1533.425
2026-05-02 12:27:35.558	2.384	27.949	4.139	31.761	1020.034	1533.662
2026-05-02 12:27:36.557	2.287	27.937	4.135	31.754	1020.051	1533.509
2026-05-02 12:27:37.557	2.127	27.973	4.122	31.726	1020.016	1533.583
2026-05-02 12:27:38.559	1.962	27.981	4.14	31.746	1019.999	1533.638
2026-05-02 12:27:39.554	1.885	27.983	4.133	31.702	1019.961	1533.438
2026-05-02 12:27:40.557	1.742	27.994	4.142	31.717	1019.977	1533.599
2026-05-02 12:27:41.557	1.687	28.04	4.128	31.706	1019.968	1533.599
2026-05-02 12:27:42.558	1.598	28.005	4.132	31.663	1019.952	1533.594
2026-05-02 12:27:43.557	1.495	28.064	4.131	31.676	1019.92	1533.642
2026-05-02 12:27:44.555	1.464	28.058	4.128	31.667	1019.908	1533.53
2026-05-02 12:27:45.557	1.381	28.045	4.141	31.635	1019.857	1533.487
2026-05-02 12:27:46.557	1.351	28.034	4.136	31.631	1019.904	1533.422
2026-05-02 12:27:47.554	1.312	28.055	4.151	31.617	1019.867	1533.492
2026-05-02 12:27:48.557	1.284	28.038	4.145	31.611	1019.836	1533.42
2026-05-02 12:27:49.554	1.236	28.065	4.139	31.604	1019.843	1533.583
2026-05-02 12:27:50.558	1.163	28.095	4.146	31.582	1019.819	1533.548
2026-05-02 12:27:51.557	1.107	28.088	4.153	31.585	1019.817	1533.618
2026-05-02 12:27:52.557	1.108	28.1	4.149	31.573	1019.786	1533.582
2026-05-02 12:27:53.558	1.032	28.109	4.16	31.587	1019.794	1533.682
2026-05-02 12:27:54.554	0.966	28.089	4.163	31.583	1019.803	1533.489
2026-05-02 12:27:55.554	0.905	28.12	4.155	31.563	1019.795	1533.57
