[System]
Platform=SEANO USV
Start_Time=2026-05-02 12:21:49
Timezone=WIB

[Sensor]
Name=GPS

[Columns]
Timestamp(WIB)	Latitude	Longitude	Altitude

[Data]
2026-05-02 12:21:52.271	-6.8133988	107.6433607	1181.203654271439
2026-05-02 12:21:52.507	-6.8133989	107.6433606	1181.223654802915
2026-05-02 12:21:52.758	-6.8133989	107.6433605	1181.253654743143
2026-05-02 12:21:53.001	-6.813399	107.6433605	1181.2836553343911
2026-05-02 12:21:53.260	-6.8133991	107.6433606	1181.3036559854113
2026-05-02 12:21:53.503	-6.8133992	107.6433607	1181.3336566364317
2026-05-02 12:21:53.770	-6.8133992	107.6433607	1181.3136566364317
2026-05-02 12:21:54.007	-6.8133992	107.6433608	1181.3436566962039
2026-05-02 12:21:54.267	-6.8133994	107.6433608	1181.3836578787002
2026-05-02 12:21:54.500	-6.8133995	107.6433609	1181.4336585297203
2026-05-02 12:21:54.769	-6.8133995	107.643361	1181.423658589492
2026-05-02 12:21:55.001	-6.8133995	107.643361	1181.443658589492
2026-05-02 12:21:55.260	-6.8133996	107.6433612	1181.463659300284
2026-05-02 12:21:55.510	-6.8133997	107.6433611	1181.4736598317602
2026-05-02 12:21:55.762	-6.8133998	107.6433612	1181.4636604827801
2026-05-02 12:21:55.999	-6.8133998	107.6433613	1181.473660542552
2026-05-02 12:21:56.265	-6.8133997	107.6433612	1181.493659891532
2026-05-02 12:21:56.499	-6.8133997	107.6433612	1181.483659891532
2026-05-02 12:21:56.762	-6.8133997	107.6433611	1181.5236598317601
2026-05-02 12:21:57.000	-6.8133998	107.6433612	1181.50366048278
2026-05-02 12:21:57.261	-6.8133999	107.6433615	1181.4536612533432
2026-05-02 12:21:57.502	-6.8133999	107.6433616	1181.4436613131147
2026-05-02 12:21:57.764	-6.8133999	107.6433617	1181.4036613728863
2026-05-02 12:21:58.005	-6.8133998	107.6433618	1181.4236608414099
2026-05-02 12:21:58.261	-6.8133999	107.643362	1181.4536615522006
2026-05-02 12:21:58.501	-6.8133999	107.6433621	1181.433661611972
2026-05-02 12:21:58.759	-6.8134	107.6433623	1181.4536623227625
2026-05-02 12:21:58.999	-6.8134	107.6433624	1181.4436623825338
2026-05-02 12:21:59.260	-6.8134	107.6433627	1181.4036625618473
2026-05-02 12:21:59.495	-6.8134	107.6433629	1181.4136626813895
2026-05-02 12:21:59.759	-6.8134001	107.6433631	1181.4236633921792
2026-05-02 12:22:00.003	-6.8134001	107.6433631	1181.4036633921792
2026-05-02 12:22:00.259	-6.8134001	107.6433632	1181.41366345195
2026-05-02 12:22:00.498	-6.8134001	107.6433633	1181.3736635117211
2026-05-02 12:22:00.758	-6.8134001	107.6433634	1181.353663571492
2026-05-02 12:22:01.003	-6.8134002	107.6433635	1181.3136642225102
2026-05-02 12:22:01.261	-6.8134002	107.6433634	1181.3236641627393
2026-05-02 12:22:01.502	-6.8134002	107.6433634	1181.3236641627393
2026-05-02 12:22:01.761	-6.8134002	107.6433634	1181.3736641627395
2026-05-02 12:22:01.999	-6.8134004	107.6433634	1181.3836653452345
2026-05-02 12:22:02.265	-6.8134004	107.6433632	1181.343665225693
2026-05-02 12:22:02.502	-6.8134005	107.6433631	1181.3736657571699
2026-05-02 12:22:02.764	-6.8134006	107.6433631	1181.3536663484176
2026-05-02 12:22:03.005	-6.8134007	107.643363	1181.3736668798945
2026-05-02 12:22:03.258	-6.8134009	107.6433629	1181.4036680026193
2026-05-02 12:22:03.504	-6.8134009	107.6433629	1181.4036680026193
2026-05-02 12:22:03.758	-6.8134009	107.6433629	1181.4136680026193
2026-05-02 12:22:04.007	-6.8134009	107.6433628	1181.4536679428484
2026-05-02 12:22:04.262	-6.8134008	107.6433628	1181.4736673516004
2026-05-02 12:22:04.510	-6.8134007	107.6433628	1181.4836667603527
2026-05-02 12:22:04.762	-6.8134007	107.6433628	1181.4536667603527
2026-05-02 12:22:05.004	-6.8134007	107.6433628	1181.4136667603527
2026-05-02 12:22:05.264	-6.8134006	107.643363	1181.4536662886467
2026-05-02 12:22:05.511	-6.8134006	107.6433632	1181.4536664081882
2026-05-02 12:22:05.760	-6.8134006	107.6433634	1181.4336665277297
2026-05-02 12:22:06.009	-6.8134007	107.6433636	1181.4236672385186
2026-05-02 12:22:06.263	-6.8134006	107.6433639	1181.3736668265828
2026-05-02 12:22:06.501	-6.8134006	107.643364	1181.323666886353
2026-05-02 12:22:06.758	-6.8134006	107.6433641	1181.2936669461237
2026-05-02 12:22:07.007	-6.8134006	107.6433643	1181.2936670656645
2026-05-02 12:22:07.265	-6.8134005	107.6433648	1181.2936667732688
2026-05-02 12:22:07.498	-6.8134006	107.643365	1181.3136674840562
2026-05-02 12:22:07.757	-6.8134006	107.6433651	1181.3236675438263
2026-05-02 12:22:07.999	-6.8134007	107.6433651	1181.3036681350734
2026-05-02 12:22:08.259	-6.8134007	107.6433652	1181.3536681948437
2026-05-02 12:22:08.503	-6.8134008	107.6433654	1181.3436689056307
2026-05-02 12:22:08.764	-6.8134009	107.6433655	1181.3336695566475
2026-05-02 12:22:09.011	-6.8134009	107.6433656	1181.3236696164174
2026-05-02 12:22:09.266	-6.8134009	107.6433657	1181.3036696761872
2026-05-02 12:22:09.497	-6.8134008	107.6433658	1181.28366914471
2026-05-02 12:22:09.763	-6.8134009	107.6433659	1181.2836697957266
2026-05-02 12:22:10.000	-6.8134009	107.643366	1181.2836698554963
2026-05-02 12:22:10.262	-6.8134011	107.6433661	1181.3136710977599
2026-05-02 12:22:10.501	-6.8134011	107.6433662	1181.3036711575294
2026-05-02 12:22:10.758	-6.8134012	107.6433663	1181.253671808546
2026-05-02 12:22:11.005	-6.8134013	107.6433664	1181.2636724595623
2026-05-02 12:22:11.259	-6.8134014	107.6433664	1181.293673050809
2026-05-02 12:22:11.499	-6.8134014	107.6433665	1181.2736731105783
2026-05-02 12:22:11.765	-6.8134014	107.6433664	1181.243673050809
2026-05-02 12:22:12.001	-6.8134015	107.6433664	1181.253673642056
2026-05-02 12:22:12.261	-6.8134016	107.6433666	1181.2336743528415
2026-05-02 12:22:12.499	-6.8134017	107.6433666	1181.2536749440883
2026-05-02 12:22:12.769	-6.8134019	107.6433665	1181.2636760668129
2026-05-02 12:22:13.005	-6.813402	107.6433665	1181.26367665806
2026-05-02 12:22:13.265	-6.8134021	107.6433665	1181.2336772493068
2026-05-02 12:22:13.500	-6.8134021	107.6433667	1181.223677368845
2026-05-02 12:22:13.762	-6.8134022	107.6433668	1181.213678019861
2026-05-02 12:22:13.997	-6.8134023	107.6433668	1181.203678611108
2026-05-02 12:22:14.258	-6.8134024	107.6433668	1181.2036792023548
2026-05-02 12:22:14.494	-6.8134024	107.6433668	1181.2136792023548
2026-05-02 12:22:14.769	-6.8134026	107.6433667	1181.2136803250798
2026-05-02 12:22:15.009	-6.8134027	107.6433666	1181.2036808565579
2026-05-02 12:22:15.265	-6.8134029	107.6433664	1181.2136819195139
2026-05-02 12:22:15.502	-6.813403	107.6433663	1181.2036824509921
2026-05-02 12:22:15.769	-6.813403	107.6433663	1181.1836824509921
2026-05-02 12:22:16.010	-6.813403	107.6433662	1181.183682391223
2026-05-02 12:22:16.264	-6.8134033	107.6433661	1181.1636841051957
2026-05-02 12:22:16.499	-6.8134034	107.6433661	1181.163684696443
2026-05-02 12:22:16.759	-6.8134034	107.643366	1181.1636846366741
2026-05-02 12:22:16.999	-6.8134035	107.6433658	1181.1836851083833
2026-05-02 12:22:17.277	-6.8134037	107.6433656	1181.20368617134
2026-05-02 12:22:17.508	-6.8134037	107.6433655	1181.183686111571
2026-05-02 12:22:17.761	-6.8134037	107.6433655	1181.203686111571
2026-05-02 12:22:18.011	-6.8134037	107.6433654	1181.193686051802
2026-05-02 12:22:18.263	-6.8134038	107.6433655	1181.2036867028185
2026-05-02 12:22:18.502	-6.8134038	107.6433654	1181.2136866430494
2026-05-02 12:22:18.763	-6.8134038	107.6433654	1181.2236866430494
2026-05-02 12:22:18.999	-6.8134038	107.6433653	1181.2336865832804
2026-05-02 12:22:19.262	-6.8134038	107.6433651	1181.253686463742
2026-05-02 12:22:19.498	-6.8134038	107.6433651	1181.233686463742
2026-05-02 12:22:19.762	-6.8134039	107.643365	1181.2336869952205
2026-05-02 12:22:19.995	-6.813404	107.6433649	1181.273687526699
2026-05-02 12:22:20.260	-6.813404	107.6433647	1181.2936874071604
2026-05-02 12:22:20.501	-6.813404	107.6433645	1181.3136872876219
2026-05-02 12:22:20.759	-6.813404	107.6433645	1181.3036872876219
2026-05-02 12:22:21.009	-6.813404	107.6433645	1181.3136872876219
2026-05-02 12:22:21.257	-6.813404	107.6433645	1181.383687287622
2026-05-02 12:22:21.500	-6.813404	107.6433644	1181.4036872278525
2026-05-02 12:22:21.760	-6.813404	107.6433644	1181.4036872278525
2026-05-02 12:22:22.006	-6.813404	107.6433644	1181.3936872278525
2026-05-02 12:22:22.266	-6.8134039	107.6433643	1181.4236865768353
2026-05-02 12:22:22.504	-6.8134039	107.6433643	1181.4236865768353
2026-05-02 12:22:22.759	-6.813404	107.6433643	1181.4636871680832
2026-05-02 12:22:23.005	-6.813404	107.6433642	1181.4836871083137
2026-05-02 12:22:23.263	-6.8134041	107.6433642	1181.4836876995616
2026-05-02 12:22:23.511	-6.8134041	107.6433641	1181.553687639792
2026-05-02 12:22:23.767	-6.8134042	107.643364	1181.5736881712705
2026-05-02 12:22:24.002	-6.8134043	107.6433639	1181.5936887027492
2026-05-02 12:22:24.256	-6.8134044	107.6433639	1181.6136892939974
2026-05-02 12:22:24.502	-6.8134044	107.6433638	1181.6636892342278
2026-05-02 12:22:24.758	-6.8134044	107.6433639	1181.7036892939973
2026-05-02 12:22:24.996	-6.8134044	107.6433639	1181.7136892939973
2026-05-02 12:22:25.265	-6.8134043	107.6433638	1181.7036886429796
2026-05-02 12:22:25.500	-6.8134043	107.6433638	1181.6936886429796
2026-05-02 12:22:25.759	-6.8134043	107.6433638	1181.7236886429796
2026-05-02 12:22:25.999	-6.8134042	107.6433637	1181.7536879919621
2026-05-02 12:22:26.260	-6.8134042	107.6433637	1181.783687991962
2026-05-02 12:22:26.508	-6.8134042	107.6433638	1181.8236880517316
2026-05-02 12:22:26.761	-6.8134043	107.6433639	1181.8436887027492
2026-05-02 12:22:27.003	-6.8134043	107.6433639	1181.8736887027492
2026-05-02 12:22:27.261	-6.8134043	107.6433638	1181.9436886429796
2026-05-02 12:22:27.508	-6.8134045	107.6433639	1181.9936898852452
2026-05-02 12:22:27.761	-6.8134045	107.6433639	1181.9836898852452
2026-05-02 12:22:27.998	-6.8134045	107.6433639	1182.0036898852452
2026-05-02 12:22:28.264	-6.8134044	107.6433639	1182.0736892939972
2026-05-02 12:22:28.498	-6.8134045	107.6433639	1182.1336898852453
2026-05-02 12:22:28.760	-6.8134045	107.6433639	1182.1536898852453
2026-05-02 12:22:29.015	-6.8134046	107.643364	1182.1736905362627
2026-05-02 12:22:29.262	-6.8134049	107.6433639	1182.2536922502375
2026-05-02 12:22:29.505	-6.8134049	107.6433639	1182.2736922502374
2026-05-02 12:22:29.762	-6.8134048	107.6433638	1182.25369159922
2026-05-02 12:22:30.001	-6.8134047	107.6433638	1182.2236910079719
2026-05-02 12:22:30.265	-6.8134046	107.6433636	1182.203690297185
2026-05-02 12:22:30.498	-6.8134045	107.6433636	1182.1736897059368
2026-05-02 12:22:30.761	-6.8134044	107.6433635	1182.1336890549192
2026-05-02 12:22:30.998	-6.8134044	107.6433633	1182.17368893538
2026-05-02 12:22:31.262	-6.8134044	107.6433632	1182.2036888756102
2026-05-02 12:22:31.505	-6.8134043	107.6433633	1182.1836883441317
2026-05-02 12:22:31.762	-6.8134043	107.6433633	1182.1836883441317
2026-05-02 12:22:32.008	-6.8134043	107.6433633	1182.1936883441317
2026-05-02 12:22:32.257	-6.8134043	107.6433633	1182.2236883441317
2026-05-02 12:22:32.499	-6.8134043	107.6433634	1182.2136884039014
2026-05-02 12:22:32.766	-6.8134042	107.6433633	1182.2136877528835
2026-05-02 12:22:33.003	-6.8134042	107.6433634	1182.2236878126532
2026-05-02 12:22:33.262	-6.813404	107.6433635	1182.2736866899268
2026-05-02 12:22:33.501	-6.8134039	107.6433635	1182.2636860986786
2026-05-02 12:22:33.757	-6.8134039	107.6433634	1182.2836860389089
2026-05-02 12:22:34.005	-6.8134038	107.6433634	1182.3236854476606
2026-05-02 12:22:34.257	-6.8134037	107.6433633	1182.3336847966427
2026-05-02 12:22:34.504	-6.8134036	107.6433632	1182.343684145625
2026-05-02 12:22:34.760	-6.8134035	107.6433632	1182.3436835543769
2026-05-02 12:22:34.999	-6.8134035	107.6433632	1182.3536835543769
2026-05-02 12:22:35.261	-6.8134034	107.6433631	1182.3636829033587
2026-05-02 12:22:35.523	-6.8134034	107.6433631	1182.4136829033587
2026-05-02 12:22:35.762	-6.8134034	107.6433631	1182.4436829033586
2026-05-02 12:22:36.004	-6.8134034	107.643363	1182.4836828435887
2026-05-02 12:22:36.261	-6.8134033	107.643363	1182.5436822523404
2026-05-02 12:22:36.498	-6.8134033	107.643363	1182.6036822523406
2026-05-02 12:22:36.761	-6.8134032	107.6433631	1182.6136817208626
2026-05-02 12:22:37.004	-6.8134031	107.6433631	1182.5936811296147
2026-05-02 12:22:37.260	-6.813403	107.643363	1182.6536804785962
2026-05-02 12:22:37.501	-6.813403	107.643363	1182.6836804785962
2026-05-02 12:22:37.761	-6.813403	107.643363	1182.6936804785962
2026-05-02 12:22:37.999	-6.8134029	107.6433629	1182.723679827578
2026-05-02 12:22:38.260	-6.8134028	107.6433629	1182.7836792363298
2026-05-02 12:22:38.503	-6.8134027	107.6433628	1182.7936785853115
2026-05-02 12:22:38.773	-6.8134026	107.6433627	1182.783677934293
2026-05-02 12:22:39.003	-6.8134025	107.6433626	1182.7836772832745
2026-05-02 12:22:39.257	-6.8134025	107.6433625	1182.823677223504
2026-05-02 12:22:39.502	-6.8134024	107.6433625	1182.813676632256
2026-05-02 12:22:39.758	-6.8134023	107.6433623	1182.853675921467
2026-05-02 12:22:40.000	-6.8134022	107.6433622	1182.8636752704479
2026-05-02 12:22:40.261	-6.8134018	107.6433619	1182.8636727261428
2026-05-02 12:22:40.498	-6.8134016	107.6433615	1182.8836713045623
2026-05-02 12:22:40.762	-6.8134014	107.6433612	1182.903669942752
2026-05-02 12:22:41.000	-6.8134012	107.6433608	1182.9136685211697
2026-05-02 12:22:41.268	-6.8134009	107.6433601	1182.9636663290228
2026-05-02 12:22:41.497	-6.8134006	107.6433599	1182.983664435733
2026-05-02 12:22:41.763	-6.8134004	107.6433596	1183.0136630739198
2026-05-02 12:22:42.001	-6.8134001	107.6433594	1183.0436611806294
2026-05-02 12:22:42.258	-6.8133993	107.6433595	1183.0636565104128
2026-05-02 12:22:42.500	-6.813399	107.6433597	1183.0036548562123
2026-05-02 12:22:42.765	-6.8133987	107.6433597	1183.013653082467
2026-05-02 12:22:43.005	-6.8133985	107.6433597	1182.9836518999705
2026-05-02 12:22:43.262	-6.8133982	107.6433597	1182.9836501262253
2026-05-02 12:22:43.513	-6.8133981	107.6433598	1182.9936495947497
2026-05-02 12:22:43.759	-6.8133981	107.6433597	1183.023649534977
2026-05-02 12:22:44.001	-6.813398	107.6433596	1183.043648883956
2026-05-02 12:22:44.266	-6.8133979	107.6433592	1183.093648053616
2026-05-02 12:22:44.501	-6.8133977	107.6433588	1183.123646632027
2026-05-02 12:22:44.766	-6.8133975	107.6433587	1183.1036453897566
2026-05-02 12:22:45.009	-6.8133972	107.6433586	1183.1436435562377
2026-05-02 12:22:45.257	-6.8133968	107.6433582	1183.1436409521498
2026-05-02 12:22:45.506	-6.8133965	107.6433578	1183.1536389393088
2026-05-02 12:22:45.760	-6.8133962	107.6433575	1183.133636986241
2026-05-02 12:22:46.000	-6.8133958	107.6433573	1183.1236345016982
2026-05-02 12:22:46.259	-6.8133951	107.6433562	1183.1736297054367
2026-05-02 12:22:46.505	-6.8133947	107.6433556	1183.1736269817911
2026-05-02 12:22:46.764	-6.8133944	107.643355	1183.2036248493919
2026-05-02 12:22:47.001	-6.8133942	107.6433544	1183.22362330824
2026-05-02 12:22:47.260	-6.8133935	107.6433531	1183.243618392405
2026-05-02 12:22:47.499	-6.8133932	107.6433525	1183.253616259997
2026-05-02 12:22:47.761	-6.813393	107.6433518	1183.2936146590594
2026-05-02 12:22:47.999	-6.8133925	107.6433513	1183.2936114039244
2026-05-02 12:22:48.263	-6.8133915	107.6433504	1183.3636049534261
2026-05-02 12:22:48.504	-6.8133911	107.6433499	1183.3736022895357
2026-05-02 12:22:48.762	-6.8133906	107.6433494	1183.363599034393
2026-05-02 12:22:48.998	-6.81339	107.6433488	1183.4035951282194
2026-05-02 12:22:49.265	-6.8133892	107.6433476	1183.4735896808652
2026-05-02 12:22:49.494	-6.8133887	107.6433471	1183.4635864257139
2026-05-02 12:22:49.765	-6.8133883	107.6433464	1183.4835836422508
2026-05-02 12:22:49.995	-6.8133878	107.6433458	1183.5135803273142
2026-05-02 12:22:50.264	-6.8133869	107.6433448	1183.533574408247
2026-05-02 12:22:50.506	-6.8133864	107.6433443	1183.5635711530851
2026-05-02 12:22:50.765	-6.8133859	107.6433437	1183.5335678381393
2026-05-02 12:22:51.000	-6.8133855	107.6433431	1183.553565114442
2026-05-02 12:22:51.261	-6.8133847	107.6433421	1183.6335597866064
2026-05-02 12:22:51.502	-6.8133844	107.6433417	1183.6735577737202
2026-05-02 12:22:51.762	-6.8133841	107.6433411	1183.7035556412661
2026-05-02 12:22:51.997	-6.8133837	107.6433405	1183.6935529175585
2026-05-02 12:22:52.259	-6.813383	107.6433394	1183.6835481211717
2026-05-02 12:22:52.502	-6.8133826	107.6433388	1183.7035453974572
2026-05-02 12:22:52.762	-6.8133822	107.6433381	1183.713542613955
2026-05-02 12:22:52.998	-6.8133818	107.6433375	1183.7335398902353
2026-05-02 12:22:53.258	-6.8133813	107.6433364	1183.7335362763317
2026-05-02 12:22:53.500	-6.8133811	107.6433358	1183.7135347351107
2026-05-02 12:22:53.758	-6.8133808	107.6433352	1183.7135326026348
2026-05-02 12:22:54.001	-6.8133805	107.6433347	1183.6835305299435
2026-05-02 12:22:54.260	-6.8133802	107.6433337	1183.6735281583153
2026-05-02 12:22:54.498	-6.81338	107.6433333	1183.67352673666
2026-05-02 12:22:54.763	-6.8133798	107.6433329	1183.6635253150037
2026-05-02 12:22:55.004	-6.8133796	107.6433325	1183.6635238933466
2026-05-02 12:22:55.266	-6.8133792	107.6433318	1183.6335211098174
2026-05-02 12:22:55.509	-6.813379	107.6433313	1183.633519628369
2026-05-02 12:22:55.766	-6.8133788	107.6433309	1183.6135182067078
2026-05-02 12:22:56.004	-6.8133786	107.6433306	1183.5735168448343
2026-05-02 12:22:56.265	-6.8133782	107.64333	1183.5635141210857
2026-05-02 12:22:56.505	-6.8133781	107.6433297	1183.5535133504645
2026-05-02 12:22:56.763	-6.8133779	107.6433294	1183.573511988589
2026-05-02 12:22:56.998	-6.8133778	107.6433291	1183.5635112179666
2026-05-02 12:22:57.263	-6.8133776	107.6433284	1183.4935096169309
2026-05-02 12:22:57.501	-6.8133775	107.6433282	1183.483508906097
2026-05-02 12:22:57.760	-6.8133774	107.6433279	1183.453508135473
2026-05-02 12:22:57.998	-6.8133773	107.6433276	1183.4135073648483
2026-05-02 12:22:58.266	-6.8133771	107.6433269	1183.413505763807
2026-05-02 12:22:58.500	-6.813377	107.6433267	1183.3835050529715
2026-05-02 12:22:58.766	-6.8133769	107.6433265	1183.3535043421355
2026-05-02 12:22:59.002	-6.8133767	107.6433261	1183.323502920463
2026-05-02 12:22:59.256	-6.8133764	107.6433255	1183.3035007879523
2026-05-02 12:22:59.496	-6.8133765	107.6433253	1183.263501259625
2026-05-02 12:22:59.761	-6.8133765	107.6433252	1183.2735011998336
2026-05-02 12:23:00.011	-6.8133765	107.6433249	1183.2535010204597
2026-05-02 12:23:00.258	-6.8133765	107.6433245	1183.213500781294
2026-05-02 12:23:00.506	-6.8133765	107.6433242	1183.2135006019193
2026-05-02 12:23:00.758	-6.8133764	107.6433239	1183.203499831289
2026-05-02 12:23:01.009	-6.8133764	107.6433236	1183.1734996519137
2026-05-02 12:23:01.256	-6.8133764	107.6433228	1183.1334991735778
2026-05-02 12:23:01.501	-6.8133764	107.6433224	1183.1234989344089
2026-05-02 12:23:01.765	-6.8133764	107.643322	1183.1034986952395
2026-05-02 12:23:01.998	-6.8133764	107.6433216	1183.1034984560697
2026-05-02 12:23:02.264	-6.8133764	107.6433208	1183.103497977728
2026-05-02 12:23:02.504	-6.8133764	107.6433203	1183.1034976787632
2026-05-02 12:23:02.768	-6.8133764	107.6433199	1183.1234974395907
2026-05-02 12:23:02.999	-6.8133764	107.6433195	1183.1134972004177
2026-05-02 12:23:03.265	-6.8133761	107.6433184	1183.1034947689184
2026-05-02 12:23:03.503	-6.813376	107.6433181	1183.0934939982799
2026-05-02 12:23:03.754	-6.8133761	107.6433177	1183.0734943503608
2026-05-02 12:23:04.002	-6.813376	107.6433172	1183.0334934601328
2026-05-02 12:23:04.253	-6.813376	107.6433164	1183.0534929817775
2026-05-02 12:23:04.497	-6.813376	107.6433159	1183.0634926828043
2026-05-02 12:23:04.767	-6.813376	107.6433154	1183.0734923838302
2026-05-02 12:23:05.006	-6.8133761	107.6433149	1183.0534926761131
2026-05-02 12:23:05.257	-6.8133763	107.6433138	1183.0134932008816
2026-05-02 12:23:05.504	-6.8133765	107.6433132	1182.9934940246253
2026-05-02 12:23:05.760	-6.8133765	107.6433127	1182.993493725647
2026-05-02 12:23:06.004	-6.8133765	107.6433121	1182.9634933668722
2026-05-02 12:23:06.260	-6.8133766	107.6433109	1182.9534932405772
2026-05-02 12:23:06.499	-6.8133766	107.6433103	1182.9534928817984
2026-05-02 12:23:06.760	-6.8133768	107.6433097	1182.943493705537
2026-05-02 12:23:07.004	-6.8133769	107.6433091	1182.9334939380158
2026-05-02 12:23:07.256	-6.8133772	107.643308	1182.9334950540274
2026-05-02 12:23:07.502	-6.8133773	107.6433074	1182.9534952865033
2026-05-02 12:23:07.758	-6.8133775	107.6433068	1182.933496110239
2026-05-02 12:23:07.998	-6.8133776	107.6433062	1182.9534963427134
2026-05-02 12:23:08.264	-6.8133781	107.6433049	1182.9434985216442
2026-05-02 12:23:08.498	-6.8133783	107.6433043	1182.9334993453774
2026-05-02 12:23:08.761	-6.8133784	107.6433037	1182.9634995778486
2026-05-02 12:23:08.998	-6.8133787	107.6433031	1182.953500992842
2026-05-02 12:23:09.264	-6.8133791	107.643302	1182.9835027001031
2026-05-02 12:23:09.496	-6.8133793	107.6433014	1183.0235035238336
2026-05-02 12:23:09.758	-6.8133795	107.6433007	1183.0335042877646
2026-05-02 12:23:10.012	-6.8133797	107.6433001	1183.0435051114937
2026-05-02 12:23:10.273	-6.8133802	107.6432987	1183.0635072306143
2026-05-02 12:23:10.500	-6.8133804	107.643298	1183.0535079945419
2026-05-02 12:23:10.762	-6.8133808	107.6432974	1183.0635100007955
2026-05-02 12:23:11.006	-6.8133811	107.6432966	1183.0835112961854
2026-05-02 12:23:11.260	-6.8133817	107.6432955	1183.1035141859657
2026-05-02 12:23:11.496	-6.813382	107.6432948	1183.0835155411546
2026-05-02 12:23:11.758	-6.8133823	107.6432941	1183.0635168963433
2026-05-02 12:23:11.999	-6.8133826	107.6432934	1183.0735182515316
2026-05-02 12:23:12.261	-6.8133831	107.6432921	1183.113520430443
2026-05-02 12:23:12.499	-6.8133834	107.6432915	1183.083521845431
2026-05-02 12:23:12.757	-6.8133837	107.6432909	1183.0935232604193
2026-05-02 12:23:12.998	-6.813384	107.6432903	1183.1335246754074
2026-05-02 12:23:13.262	-6.8133848	107.6432889	1183.133528568312
2026-05-02 12:23:13.506	-6.8133852	107.6432883	1183.1435305745663
2026-05-02 12:23:13.758	-6.8133856	107.6432876	1183.1335325210189
2026-05-02 12:23:13.997	-6.813386	107.6432869	1183.1735344674714
2026-05-02 12:23:14.261	-6.8133867	107.6432857	1183.1935378887142
2026-05-02 12:23:14.497	-6.813387	107.643285	1183.193539243899
2026-05-02 12:23:14.760	-6.8133874	107.6432844	1183.2035412501546
2026-05-02 12:23:14.994	-6.8133877	107.6432838	1183.2435426651418
2026-05-02 12:23:15.263	-6.8133885	107.6432826	1183.3035466776537
2026-05-02 12:23:15.498	-6.8133888	107.643282	1183.313548092641
2026-05-02 12:23:15.763	-6.8133892	107.6432813	1183.323550039094
2026-05-02 12:23:15.996	-6.8133897	107.6432807	1183.3535526366204
2026-05-02 12:23:16.258	-6.8133903	107.6432794	1183.3635554067914
2026-05-02 12:23:16.508	-6.8133907	107.6432787	1183.3635573532447
2026-05-02 12:23:16.772	-6.813391	107.643278	1183.3635587084277
2026-05-02 12:23:17.001	-6.8133913	107.6432774	1183.3935601234143
2026-05-02 12:23:17.259	-6.8133919	107.6432761	1183.3735628935829
2026-05-02 12:23:17.497	-6.8133922	107.6432755	1183.383564308569
2026-05-02 12:23:17.761	-6.8133924	107.6432749	1183.4035651322833
2026-05-02 12:23:17.996	-6.8133926	107.6432743	1183.4135659559972
2026-05-02 12:23:18.259	-6.813393	107.643273	1183.3735675436183
2026-05-02 12:23:18.504	-6.8133932	107.6432724	1183.3835683673303
2026-05-02 12:23:18.761	-6.8133934	107.6432719	1183.3735692508474
2026-05-02 12:23:18.999	-6.8133935	107.6432715	1183.3935696028973
2026-05-02 12:23:19.256	-6.8133938	107.6432707	1183.3935708982692
2026-05-02 12:23:19.494	-6.813394	107.6432702	1183.3735717817851
2026-05-02 12:23:19.762	-6.8133941	107.6432697	1183.3635720740278
2026-05-02 12:23:20.002	-6.8133942	107.6432692	1183.3635723662699
2026-05-02 12:23:20.258	-6.8133944	107.643268	1183.3435728311385
2026-05-02 12:23:20.494	-6.8133946	107.6432674	1183.3435736548454
2026-05-02 12:23:20.763	-6.8133947	107.6432667	1183.3435738274707
2026-05-02 12:23:21.006	-6.8133947	107.6432661	1183.3635734686275
2026-05-02 12:23:21.269	-6.8133948	107.6432649	1183.3535733422118
2026-05-02 12:23:21.507	-6.8133949	107.6432643	1183.3135735746393
2026-05-02 12:23:21.757	-6.813395	107.6432638	1183.3635738668747
2026-05-02 12:23:22.012	-6.8133951	107.6432631	1183.3435740394925
2026-05-02 12:23:22.259	-6.8133955	107.6432616	1183.263575507467
2026-05-02 12:23:22.494	-6.8133956	107.643261	1183.3435757398902
2026-05-02 12:23:22.759	-6.8133957	107.6432605	1183.3435760321213
2026-05-02 12:23:23.005	-6.8133958	107.6432598	1183.3135762047332
2026-05-02 12:23:23.258	-6.8133959	107.6432582	1183.3135758390572
2026-05-02 12:23:23.498	-6.8133961	107.6432574	1183.3335765431314
2026-05-02 12:23:23.758	-6.8133963	107.6432567	1183.3135773070146
2026-05-02 12:23:24.008	-6.8133964	107.6432559	1183.303577419809
2026-05-02 12:23:24.260	-6.8133966	107.6432545	1183.3035777650143
2026-05-02 12:23:24.497	-6.8133967	107.6432539	1183.2735779974262
2026-05-02 12:23:24.760	-6.8133967	107.6432533	1183.2835776385587
2026-05-02 12:23:24.999	-6.8133968	107.6432528	1183.27357793078
2026-05-02 12:23:25.252	-6.8133967	107.643252	1183.2635768610082
2026-05-02 12:23:25.493	-6.8133967	107.6432517	1183.2435766815727
2026-05-02 12:23:25.761	-6.8133967	107.6432515	1183.2435765619487
2026-05-02 12:23:25.998	-6.8133967	107.6432513	1183.2535764423246
2026-05-02 12:23:26.257	-6.8133965	107.6432512	1183.2535751999549
2026-05-02 12:23:26.493	-6.8133964	107.6432513	1183.2535746684882
2026-05-02 12:23:26.758	-6.8133963	107.6432515	1183.2635741968338
2026-05-02 12:23:26.999	-6.8133962	107.6432517	1183.2735737251792
2026-05-02 12:23:27.260	-6.8133964	107.6432523	1183.2435752666079
2026-05-02 12:23:27.501	-6.8133965	107.6432527	1183.2235760971332
2026-05-02 12:23:27.760	-6.8133967	107.6432532	1183.1835775787474
2026-05-02 12:23:28.014	-6.8133971	107.6432537	1183.1635802429166
2026-05-02 12:23:28.255	-6.8133979	107.643255	1183.1135857506808
2026-05-02 12:23:28.500	-6.8133984	107.6432556	1183.1035890659316
2026-05-02 12:23:28.759	-6.813399	107.6432562	1183.1235929724576
2026-05-02 12:23:29.000	-6.8133997	107.6432569	1183.1535975300674
2026-05-02 12:23:29.262	-6.8134014	107.6432583	1183.1736084191084
2026-05-02 12:23:29.504	-6.8134021	107.643259	1183.1936129767066
2026-05-02 12:23:29.759	-6.813403	107.6432596	1183.2036186570483
2026-05-02 12:23:30.001	-6.8134038	107.6432602	1183.2136237461095
2026-05-02 12:23:30.258	-6.8134052	107.6432614	1183.233632741668
2026-05-02 12:23:30.497	-6.8134059	107.643262	1183.2136372394432
2026-05-02 12:23:30.766	-6.8134067	107.6432625	1183.193642268687
2026-05-02 12:23:31.005	-6.8134075	107.643263	1183.1536472979285
2026-05-02 12:23:31.255	-6.8134091	107.6432642	1183.1036574760128
2026-05-02 12:23:31.504	-6.8134099	107.6432648	1183.1136625650504
2026-05-02 12:23:31.758	-6.8134108	107.6432655	1183.0936683051646
2026-05-02 12:23:32.002	-6.8134117	107.6432661	1183.063673985472
2026-05-02 12:23:32.258	-6.8134134	107.6432674	1183.0636848146025
2026-05-02 12:23:32.498	-6.8134143	107.6432682	1183.0936906145023
2026-05-02 12:23:32.767	-6.8134153	107.6432689	1183.1036969458728
2026-05-02 12:23:33.017	-6.8134163	107.6432696	1183.0637032772388
2026-05-02 12:23:33.255	-6.8134181	107.643271	1183.093714757406
2026-05-02 12:23:33.510	-6.813419	107.6432717	1183.103720497483
2026-05-02 12:23:33.758	-6.81342	107.6432723	1183.0937267690342
2026-05-02 12:23:34.002	-6.8134208	107.6432729	1183.0437318580298
2026-05-02 12:23:34.267	-6.8134224	107.643274	1183.0437419762152
2026-05-02 12:23:34.495	-6.8134232	107.6432745	1183.0637470054057
2026-05-02 12:23:34.767	-6.8134241	107.6432752	1183.1037527454619
2026-05-02 12:23:35.003	-6.813425	107.6432758	1183.063758425718
2026-05-02 12:23:35.265	-6.813427	107.6432771	1183.0637710285675
2026-05-02 12:23:35.500	-6.8134279	107.6432777	1183.0637767088137
2026-05-02 12:23:35.767	-6.8134287	107.6432783	1183.0637817977813
2026-05-02 12:23:35.996	-6.8134297	107.6432788	1183.0537880095042
2026-05-02 12:23:36.266	-6.8134315	107.6432801	1183.1237994297674
2026-05-02 12:23:36.499	-6.8134324	107.6432807	1183.1138051099979
2026-05-02 12:23:36.758	-6.8134333	107.6432814	1183.103810850016
2026-05-02 12:23:37.002	-6.8134343	107.643282	1183.103817121515
2026-05-02 12:23:37.264	-6.8134364	107.6432833	1183.033830315568
2026-05-02 12:23:37.500	-6.8134374	107.6432839	1183.0438365870566
2026-05-02 12:23:37.767	-6.8134384	107.6432846	1183.0738429183305
2026-05-02 12:23:38.004	-6.8134393	107.6432851	1183.1038485387492
2026-05-02 12:23:38.255	-6.8134412	107.6432861	1183.0338603708544
2026-05-02 12:23:38.504	-6.8134423	107.6432867	1183.0438672336034
2026-05-02 12:23:38.760	-6.8134434	107.6432873	1183.0638740963486
2026-05-02 12:23:38.999	-6.8134445	107.6432878	1183.0338808993056
2026-05-02 12:23:39.262	-6.8134465	107.6432886	1183.0338932030925
2026-05-02 12:23:39.500	-6.8134474	107.6432891	1183.0138988234926
2026-05-02 12:23:39.762	-6.8134484	107.6432895	1183.003904975382
2026-05-02 12:23:40.000	-6.8134494	107.64329	1183.0039111870533
2026-05-02 12:23:40.265	-6.8134514	107.6432909	1183.0439235506067
2026-05-02 12:23:40.504	-6.8134523	107.6432914	1183.0839291709963
2026-05-02 12:23:40.762	-6.8134532	107.6432918	1183.0639347316019
2026-05-02 12:23:41.007	-6.8134541	107.6432921	1183.043940232425
2026-05-02 12:23:41.264	-6.813456	107.6432927	1183.093951825345
2026-05-02 12:23:41.503	-6.813457	107.643293	1183.0839579174412
2026-05-02 12:23:41.759	-6.8134579	107.6432934	1183.1239634780416
2026-05-02 12:23:41.998	-6.8134587	107.6432936	1183.093968327806
2026-05-02 12:23:42.267	-6.8134605	107.6432941	1183.1139792696645
2026-05-02 12:23:42.498	-6.8134614	107.6432942	1183.0839846509257
2026-05-02 12:23:42.759	-6.8134625	107.6432944	1183.0839912745178
2026-05-02 12:23:43.000	-6.8134635	107.6432946	1183.073997306834
2026-05-02 12:23:43.267	-6.8134655	107.6432948	1183.034009251913
2026-05-02 12:23:43.504	-6.8134664	107.6432951	1182.9940147527307
2026-05-02 12:23:43.757	-6.8134675	107.6432953	1183.034021376324
2026-05-02 12:23:43.996	-6.8134686	107.6432954	1183.044027940142
2026-05-02 12:23:44.259	-6.8134702	107.6432956	1182.9640375201207
2026-05-02 12:23:44.493	-6.813471	107.6432958	1182.9840423698854
2026-05-02 12:23:44.758	-6.8134719	107.643296	1182.964047810927
2026-05-02 12:23:45.007	-6.8134728	107.6432962	1182.9240532519689
2026-05-02 12:23:45.259	-6.8134746	107.6432964	1182.9240640145044
2026-05-02 12:23:45.502	-6.8134757	107.6432964	1182.9140705185544
2026-05-02 12:23:45.767	-6.8134765	107.6432964	1182.9040752487736
2026-05-02 12:23:46.005	-6.8134773	107.6432966	1182.9140800985397
2026-05-02 12:23:46.268	-6.813479	107.6432968	1182.9540902698043
2026-05-02 12:23:46.505	-6.8134798	107.643297	1182.9240951195707
2026-05-02 12:23:46.761	-6.8134807	107.6432971	1182.924100500843
2026-05-02 12:23:46.997	-6.8134815	107.6432973	1182.9641053506093
2026-05-02 12:23:47.258	-6.8134833	107.6432972	1182.8941159338433
2026-05-02 12:23:47.508	-6.8134842	107.6432974	1182.8641213748892
2026-05-02 12:23:47.763	-6.813485	107.6432975	1182.814126164886
2026-05-02 12:23:47.997	-6.8134858	107.6432976	1182.8241309548835
2026-05-02 12:23:48.263	-6.8134873	107.6432976	1182.754139824062
2026-05-02 12:23:48.500	-6.8134883	107.6432978	1182.754145856388
2026-05-02 12:23:48.757	-6.8134893	107.643298	1182.7541518887144
2026-05-02 12:23:49.000	-6.8134901	107.6432981	1182.7241566787143
2026-05-02 12:23:49.265	-6.8134917	107.6432983	1182.7441662587155
2026-05-02 12:23:49.502	-6.8134926	107.6432983	1182.7541715802279
2026-05-02 12:23:49.758	-6.8134935	107.6432984	1182.754176961509
2026-05-02 12:23:49.999	-6.8134944	107.6432984	1182.7441822830235
2026-05-02 12:23:50.264	-6.813496	107.6432985	1182.7241918032635
2026-05-02 12:23:50.516	-6.8134968	107.6432985	1182.734196533501
2026-05-02 12:23:50.757	-6.8134977	107.6432986	1182.7542019147859
2026-05-02 12:23:50.999	-6.8134985	107.6432985	1182.7142065852588
2026-05-02 12:23:51.261	-6.8135001	107.6432986	1182.7142161055065
2026-05-02 12:23:51.502	-6.8135007	107.6432986	1182.734219653188
2026-05-02 12:23:51.757	-6.8135013	107.6432986	1182.70422320087
2026-05-02 12:23:51.997	-6.813502	107.6432987	1182.764227399598
2026-05-02 12:23:52.267	-6.8135033	107.6432986	1182.73423502648
2026-05-02 12:23:52.496	-6.8135039	107.6432986	1182.6742385741645
2026-05-02 12:23:52.759	-6.8135045	107.6432986	1182.6642421218492
2026-05-02 12:23:53.000	-6.8135051	107.6432986	1182.6642456695342
2026-05-02 12:23:53.257	-6.8135063	107.6432986	1182.6342527649063
2026-05-02 12:23:53.499	-6.8135068	107.6432986	1182.614255721312
2026-05-02 12:23:53.762	-6.8135073	107.6432986	1182.5342586777176
2026-05-02 12:23:53.997	-6.8135079	107.6432987	1182.5242622851688
2026-05-02 12:23:54.257	-6.8135088	107.6432989	1182.4842677262275
2026-05-02 12:23:54.503	-6.8135093	107.6432989	1182.4942706826346
2026-05-02 12:23:54.770	-6.8135096	107.6432988	1182.4242723967159
2026-05-02 12:23:55.001	-6.8135099	107.6432989	1182.3642742303234
2026-05-02 12:23:55.265	-6.8135105	107.6432992	1182.3042779573007
2026-05-02 12:23:55.501	-6.8135107	107.6432993	1182.2542791996261
2026-05-02 12:23:55.758	-6.8135111	107.6432992	1182.2542815049899
2026-05-02 12:23:56.014	-6.8135114	107.6432992	1182.2442832788347
2026-05-02 12:23:56.264	-6.8135118	107.6432994	1182.264285763486
2026-05-02 12:23:56.506	-6.8135119	107.6432995	1182.2942864145296
2026-05-02 12:23:56.757	-6.8135119	107.6432997	1182.2842865340538
2026-05-02 12:23:57.003	-6.813512	107.6432998	1182.3042871850973
2026-05-02 12:23:57.258	-6.8135123	107.6433001	1182.3142891382277
2026-05-02 12:23:57.497	-6.8135123	107.6433002	1182.2942891979894
2026-05-02 12:23:57.759	-6.8135124	107.6433004	1182.3142899087943
2026-05-02 12:23:57.997	-6.8135126	107.6433005	1182.3242911511188
2026-05-02 12:23:58.257	-6.8135128	107.643301	1182.344292632489
2026-05-02 12:23:58.501	-6.8135129	107.6433011	1182.3342932835315
2026-05-02 12:23:58.756	-6.813513	107.6433014	1182.3142940540963
2026-05-02 12:23:58.998	-6.8135131	107.6433015	1182.2942947051386
2026-05-02 12:23:59.264	-6.8135133	107.6433018	1182.264296066984
2026-05-02 12:23:59.495	-6.8135134	107.643302	1182.2042967777868
2026-05-02 12:23:59.759	-6.8135135	107.6433021	1182.1542974288288
2026-05-02 12:24:00.005	-6.8135136	107.6433021	1182.13429802011
2026-05-02 12:24:00.258	-6.8135141	107.6433019	1182.1943008569945
2026-05-02 12:24:00.505	-6.8135143	107.6433019	1182.174302039557
2026-05-02 12:24:00.766	-6.8135144	107.6433019	1182.1543026308384
2026-05-02 12:24:01.003	-6.8135145	107.6433019	1182.1143032221198
2026-05-02 12:24:01.311	-6.8135147	107.6433018	1182.0743043449218
2026-05-02 12:24:01.497	-6.8135149	107.6433018	1182.0443055274845
2026-05-02 12:24:01.757	-6.8135151	107.6433018	1182.0743067100473
2026-05-02 12:24:01.998	-6.8135152	107.6433019	1182.054307361089
2026-05-02 12:24:02.261	-6.8135153	107.643302	1182.0843080121308
2026-05-02 12:24:02.501	-6.8135154	107.643302	1182.0443086034122
2026-05-02 12:24:02.761	-6.8135155	107.643302	1182.0143091946936
2026-05-02 12:24:02.998	-6.8135154	107.643302	1181.9543086034123
2026-05-02 12:24:03.262	-6.8135152	107.6433019	1181.794307361089
2026-05-02 12:24:03.503	-6.8135151	107.6433019	1181.7843067698077
2026-05-02 12:24:03.764	-6.8135152	107.6433019	1181.804307361089
2026-05-02 12:24:03.999	-6.8135152	107.6433019	1181.814307361089
2026-05-02 12:24:04.257	-6.8135151	107.6433016	1181.7143065905266
2026-05-02 12:24:04.496	-6.8135151	107.6433015	1181.6743065307662
2026-05-02 12:24:04.763	-6.8135152	107.6433014	1181.6443070622872
2026-05-02 12:24:04.997	-6.8135152	107.6433013	1181.6443070025266
2026-05-02 12:24:05.259	-6.8135154	107.643301	1181.6143080058082
2026-05-02 12:24:05.499	-6.8135154	107.643301	1181.6043080058082
2026-05-02 12:24:05.761	-6.8135153	107.643301	1181.6343074145266
2026-05-02 12:24:06.000	-6.8135153	107.643301	1181.6243074145266
2026-05-02 12:24:06.257	-6.8135155	107.6433009	1181.6543085373294
2026-05-02 12:24:06.498	-6.8135155	107.643301	1181.65430859709
2026-05-02 12:24:06.758	-6.8135156	107.6433009	1181.6943091286112
2026-05-02 12:24:07.044	-6.8135156	107.6433008	1181.7143090688505
2026-05-02 12:24:07.259	-6.8135156	107.6433007	1181.70430900909
2026-05-02 12:24:07.501	-6.8135157	107.6433004	1181.7243094210896
2026-05-02 12:24:07.764	-6.8135159	107.6433002	1181.754310484132
2026-05-02 12:24:08.008	-6.813516	107.6433001	1181.7943110156534
2026-05-02 12:24:08.262	-6.8135161	107.6432999	1181.9143114874141
2026-05-02 12:24:08.501	-6.8135162	107.6432997	1181.9443119591745
2026-05-02 12:24:08.763	-6.8135162	107.6432996	1181.9243118994136
2026-05-02 12:24:09.006	-6.8135163	107.6432994	1181.9443123711742
2026-05-02 12:24:09.258	-6.8135163	107.6432993	1181.974312311413
2026-05-02 12:24:09.498	-6.8135163	107.6432991	1181.9643121918912
2026-05-02 12:24:09.758	-6.8135164	107.643299	1182.0243127234125
2026-05-02 12:24:09.999	-6.8135164	107.6432989	1182.0343126636515
2026-05-02 12:24:10.260	-6.8135164	107.6432988	1182.0443126038904
2026-05-02 12:24:10.509	-6.8135163	107.6432987	1182.0443119528468
2026-05-02 12:24:10.765	-6.8135162	107.6432988	1182.0243114213256
2026-05-02 12:24:11.006	-6.8135161	107.6432988	1181.9843108300431
2026-05-02 12:24:11.261	-6.8135162	107.6432986	1182.0143113018032
2026-05-02 12:24:11.497	-6.8135162	107.6432986	1182.0243113018032
2026-05-02 12:24:11.758	-6.8135162	107.6432985	1182.0743112420419
2026-05-02 12:24:12.002	-6.8135162	107.6432985	1182.0843112420418
2026-05-02 12:24:12.260	-6.813516	107.6432985	1182.094310059477
2026-05-02 12:24:12.500	-6.813516	107.6432985	1182.114310059477
2026-05-02 12:24:12.762	-6.8135159	107.6432985	1182.1443094681945
2026-05-02 12:24:13.006	-6.8135157	107.6432985	1182.1143082856297
2026-05-02 12:24:13.260	-6.8135154	107.6432985	1182.1243065117824
2026-05-02 12:24:13.503	-6.8135153	107.6432985	1182.1143059204999
2026-05-02 12:24:13.762	-6.8135151	107.6432985	1182.114304737935
2026-05-02 12:24:13.997	-6.813515	107.6432985	1182.1143041466528
2026-05-02 12:24:14.263	-6.8135146	107.6432986	1182.084301841285
2026-05-02 12:24:14.498	-6.8135145	107.6432987	1182.0943013097647
2026-05-02 12:24:14.762	-6.8135143	107.6432988	1182.0643001869619
2026-05-02 12:24:15.005	-6.8135142	107.6432989	1182.0642996554413
2026-05-02 12:24:15.268	-6.813514	107.643299	1182.144298532639
2026-05-02 12:24:15.497	-6.8135138	107.643299	1182.1942973500747
2026-05-02 12:24:15.759	-6.8135136	107.6432989	1182.2042961077489
2026-05-02 12:24:16.004	-6.8135135	107.6432989	1182.264295516467
2026-05-02 12:24:16.267	-6.8135133	107.643299	1182.2442943936649
2026-05-02 12:24:16.500	-6.813513	107.6432991	1182.204292679581
2026-05-02 12:24:16.761	-6.8135128	107.6432992	1182.1842915567793
2026-05-02 12:24:17.007	-6.8135127	107.6432993	1182.1842910252594
2026-05-02 12:24:17.262	-6.8135126	107.6432995	1182.2242905535015
2026-05-02 12:24:17.497	-6.8135125	107.6432996	1182.2342900219817
2026-05-02 12:24:17.761	-6.8135124	107.6432998	1182.2642895502238
2026-05-02 12:24:18.003	-6.8135122	107.6432998	1182.2842883676606
2026-05-02 12:24:18.262	-6.8135121	107.6433001	1182.3242879556647
2026-05-02 12:24:18.505	-6.8135121	107.6433002	1182.3642880154266
2026-05-02 12:24:18.766	-6.8135119	107.6433002	1182.3742868328638
2026-05-02 12:24:18.998	-6.8135118	107.6433003	1182.3742863013442
2026-05-02 12:24:19.260	-6.8135113	107.6433008	1182.3242836437469
2026-05-02 12:24:19.505	-6.8135113	107.6433009	1182.3542837035088
2026-05-02 12:24:19.762	-6.8135112	107.6433011	1182.4042832317512
2026-05-02 12:24:19.999	-6.813511	107.6433012	1182.4242821089508
2026-05-02 12:24:20.262	-6.8135106	107.6433016	1182.4342799828742
2026-05-02 12:24:20.504	-6.8135104	107.6433018	1182.404278919836
2026-05-02 12:24:20.759	-6.8135103	107.6433019	1182.364278388317
2026-05-02 12:24:21.002	-6.8135102	107.643302	1182.354277856798
2026-05-02 12:24:21.258	-6.8135099	107.6433023	1182.3442762622412
2026-05-02 12:24:21.504	-6.8135098	107.6433024	1182.3442757307225
2026-05-02 12:24:21.764	-6.8135098	107.6433024	1182.3442757307225
2026-05-02 12:24:22.015	-6.8135097	107.6433025	1182.3842751992036
2026-05-02 12:24:22.268	-6.8135096	107.6433026	1182.4042746676848
2026-05-02 12:24:22.498	-6.8135096	107.6433027	1182.4242747274463
2026-05-02 12:24:22.757	-6.8135094	107.6433028	1182.3942736046474
2026-05-02 12:24:23.005	-6.8135092	107.6433028	1182.3342724220865
2026-05-02 12:24:23.265	-6.8135088	107.6433031	1182.3042702362507
2026-05-02 12:24:23.501	-6.8135087	107.6433032	1182.2642697047324
2026-05-02 12:24:23.761	-6.8135085	107.6433034	1182.2342686416955
2026-05-02 12:24:23.997	-6.8135084	107.6433035	1182.2242681101773
2026-05-02 12:24:24.260	-6.8135082	107.6433037	1182.1942670471408
2026-05-02 12:24:24.500	-6.8135081	107.6433038	1182.1942665156225
2026-05-02 12:24:24.758	-6.8135081	107.643304	1182.2242666351458
2026-05-02 12:24:25.001	-6.8135081	107.6433041	1182.2042666949073
2026-05-02 12:24:25.262	-6.8135081	107.6433042	1182.2942667546688
2026-05-02 12:24:25.502	-6.813508	107.6433043	1182.2842662231506
2026-05-02 12:24:25.757	-6.8135079	107.6433044	1182.2742656916323
2026-05-02 12:24:26.003	-6.8135078	107.6433045	1182.284265160114
2026-05-02 12:24:26.266	-6.8135077	107.6433048	1182.3342647481188
2026-05-02 12:24:26.502	-6.8135077	107.6433048	1182.364264748119
2026-05-02 12:24:26.757	-6.8135076	107.6433049	1182.354264216601
2026-05-02 12:24:27.002	-6.8135076	107.6433051	1182.3542643361236
2026-05-02 12:24:27.259	-6.8135075	107.6433052	1182.3642638046056
2026-05-02 12:24:27.501	-6.8135075	107.6433052	1182.3642638046056
2026-05-02 12:24:27.764	-6.8135075	107.6433051	1182.3942637448442
2026-05-02 12:24:28.002	-6.8135074	107.6433052	1182.3942632133262
2026-05-02 12:24:28.260	-6.8135074	107.6433053	1182.4042632730875
2026-05-02 12:24:28.501	-6.8135075	107.6433054	1182.4342639241281
2026-05-02 12:24:28.765	-6.8135074	107.6433054	1182.4442633328488
2026-05-02 12:24:29.008	-6.8135074	107.6433055	1182.47426339261
2026-05-02 12:24:29.266	-6.8135073	107.6433056	1182.544262861092
2026-05-02 12:24:29.498	-6.8135073	107.6433057	1182.574262920853
2026-05-02 12:24:29.758	-6.8135073	107.6433058	1182.6142629806145
2026-05-02 12:24:30.007	-6.8135073	107.643306	1182.6342631001366
2026-05-02 12:24:30.256	-6.8135073	107.6433062	1182.6942632196588
2026-05-02 12:24:30.496	-6.8135073	107.6433062	1182.7142632196587
2026-05-02 12:24:30.760	-6.8135072	107.6433063	1182.7142626881407
2026-05-02 12:24:31.005	-6.8135072	107.6433063	1182.6942626881407
2026-05-02 12:24:31.268	-6.8135071	107.6433064	1182.7042621566227
2026-05-02 12:24:31.498	-6.8135071	107.6433064	1182.7242621566227
2026-05-02 12:24:31.757	-6.8135071	107.6433064	1182.7342621566227
2026-05-02 12:24:31.995	-6.8135071	107.6433064	1182.7042621566227
2026-05-02 12:24:32.253	-6.813507	107.6433066	1182.7042616848657
2026-05-02 12:24:32.503	-6.813507	107.6433068	1182.7042618043874
2026-05-02 12:24:32.757	-6.8135068	107.6433069	1182.6442606815908
2026-05-02 12:24:33.002	-6.8135068	107.643307	1182.6542607413517
2026-05-02 12:24:33.263	-6.8135067	107.6433072	1182.6342602695947
2026-05-02 12:24:33.501	-6.8135067	107.6433073	1182.6442603293553
2026-05-02 12:24:33.765	-6.8135066	107.6433073	1182.6442597380767
2026-05-02 12:24:34.002	-6.8135066	107.6433075	1182.6342598575984
2026-05-02 12:24:34.257	-6.8135066	107.6433077	1182.60425997712
2026-05-02 12:24:34.497	-6.8135067	107.6433077	1182.5842605683981
2026-05-02 12:24:34.761	-6.8135068	107.6433078	1182.5742612194374
2026-05-02 12:24:34.999	-6.8135069	107.6433079	1182.6242618704766
2026-05-02 12:24:35.264	-6.8135066	107.6433082	1182.6142602759228
2026-05-02 12:24:35.500	-6.8135066	107.6433083	1182.6242603356832
2026-05-02 12:24:35.759	-6.8135066	107.6433085	1182.614260455204
2026-05-02 12:24:35.999	-6.8135065	107.6433087	1182.6042599834466
2026-05-02 12:24:36.255	-6.8135063	107.6433089	1182.5542589204106
2026-05-02 12:24:36.497	-6.8135063	107.643309	1182.544258980171
2026-05-02 12:24:36.761	-6.8135062	107.643309	1182.5442583888928
2026-05-02 12:24:37.013	-6.813506	107.643309	1182.5242572063366
2026-05-02 12:24:37.258	-6.8135058	107.6433092	1182.4942561433013
2026-05-02 12:24:37.498	-6.8135057	107.6433093	1182.4842556117835
2026-05-02 12:24:37.765	-6.8135055	107.6433095	1182.4642545487484
2026-05-02 12:24:38.002	-6.8135054	107.6433097	1182.4542540769912
2026-05-02 12:24:38.256	-6.8135052	107.6433099	1182.4742530139563
2026-05-02 12:24:38.497	-6.8135051	107.64331	1182.464252482439
2026-05-02 12:24:38.760	-6.8135049	107.6433101	1182.4442513596439
2026-05-02 12:24:39.003	-6.8135048	107.6433101	1182.4542507683661
2026-05-02 12:24:39.261	-6.8135045	107.6433103	1182.4442491140542
2026-05-02 12:24:39.498	-6.8135043	107.6433103	1182.3842479314992
2026-05-02 12:24:39.758	-6.8135042	107.6433105	1182.3742474597425
2026-05-02 12:24:39.995	-6.8135041	107.6433105	1182.3642468684652
2026-05-02 12:24:40.256	-6.813504	107.6433108	1182.354246456469
2026-05-02 12:24:40.504	-6.8135039	107.6433108	1182.3542458651916
2026-05-02 12:24:40.760	-6.8135039	107.6433108	1182.3542458651916
2026-05-02 12:24:40.997	-6.8135039	107.6433108	1182.3542458651916
2026-05-02 12:24:41.262	-6.8135038	107.6433109	1182.3542453336747
2026-05-02 12:24:41.501	-6.8135037	107.643311	1182.3242448021576
2026-05-02 12:24:41.757	-6.8135036	107.6433111	1182.3242442706407
2026-05-02 12:24:42.000	-6.8135036	107.6433113	1182.3542443901613
2026-05-02 12:24:42.257	-6.8135035	107.6433116	1182.3242439781648
2026-05-02 12:24:42.497	-6.8135034	107.6433117	1182.3142434466479
2026-05-02 12:24:42.759	-6.8135034	107.6433118	1182.3442435064082
2026-05-02 12:24:43.005	-6.8135033	107.6433119	1182.3242429748911
2026-05-02 12:24:43.262	-6.8135032	107.6433121	1182.2942425031345
2026-05-02 12:24:43.501	-6.8135032	107.6433122	1182.3142425628946
2026-05-02 12:24:43.763	-6.8135032	107.6433122	1182.3142425628946
2026-05-02 12:24:44.000	-6.8135032	107.6433122	1182.3442425628948
2026-05-02 12:24:44.264	-6.8135033	107.6433123	1182.3642432139316
2026-05-02 12:24:44.502	-6.8135033	107.6433123	1182.3742432139315
2026-05-02 12:24:44.766	-6.8135033	107.6433124	1182.3842432736915
2026-05-02 12:24:44.994	-6.8135033	107.6433124	1182.3942432736915
2026-05-02 12:24:45.256	-6.8135032	107.6433126	1182.4142428019345
2026-05-02 12:24:45.498	-6.8135031	107.6433126	1182.424242210658
2026-05-02 12:24:45.757	-6.813503	107.6433126	1182.394241619381
2026-05-02 12:24:46.005	-6.8135029	107.6433127	1182.3342410878643
2026-05-02 12:24:46.264	-6.8135028	107.6433126	1182.344240436828
2026-05-02 12:24:46.507	-6.8135028	107.6433127	1182.3542404965879
2026-05-02 12:24:46.757	-6.8135027	107.6433129	1182.314240024831
2026-05-02 12:24:46.998	-6.8135026	107.6433129	1182.2842394335546
2026-05-02 12:24:47.256	-6.8135024	107.643313	1182.2742383107616
2026-05-02 12:24:47.500	-6.8135023	107.6433131	1182.2742377792451
2026-05-02 12:24:47.763	-6.813502	107.6433132	1182.254236065176
2026-05-02 12:24:48.003	-6.8135019	107.6433133	1182.2442355336598
2026-05-02 12:24:48.264	-6.8135015	107.6433135	1182.2242332880749
2026-05-02 12:24:48.505	-6.8135014	107.6433136	1182.2442327565586
2026-05-02 12:24:48.768	-6.8135013	107.6433136	1182.2342321652825
2026-05-02 12:24:48.999	-6.8135013	107.6433138	1182.2542322848026
2026-05-02 12:24:49.261	-6.813501	107.643314	1182.2042306304945
2026-05-02 12:24:49.496	-6.813501	107.643314	1182.2242306304945
2026-05-02 12:24:49.759	-6.813501	107.643314	1182.2542306304945
2026-05-02 12:24:49.999	-6.8135011	107.6433141	1182.2842312815303
2026-05-02 12:24:50.257	-6.8135012	107.6433141	1182.3242318728062
2026-05-02 12:24:50.503	-6.8135012	107.643314	1182.3242318130463
2026-05-02 12:24:50.758	-6.8135014	107.643314	1182.3742329955985
2026-05-02 12:24:50.999	-6.8135013	107.643314	1182.3642324043226
2026-05-02 12:24:51.262	-6.8135011	107.6433142	1182.3742313412904
2026-05-02 12:24:51.503	-6.8135011	107.6433143	1182.3842314010503
2026-05-02 12:24:51.761	-6.813501	107.6433144	1182.3942308695343
2026-05-02 12:24:51.997	-6.8135008	107.6433146	1182.4342298065023
2026-05-02 12:24:52.261	-6.8135006	107.6433147	1182.4642286837106
2026-05-02 12:24:52.497	-6.8135005	107.6433147	1182.474228092435
2026-05-02 12:24:52.763	-6.8135003	107.6433148	1182.5142269696435
2026-05-02 12:24:53.001	-6.8135	107.643315	1182.5142253153365
2026-05-02 12:24:53.259	-6.8134993	107.6433153	1182.4942213556883
2026-05-02 12:24:53.498	-6.813499	107.6433155	1182.5242197013824
2026-05-02 12:24:53.757	-6.8134987	107.6433157	1182.5542180470768
2026-05-02 12:24:53.998	-6.8134984	107.6433159	1182.5442163927717
2026-05-02 12:24:54.257	-6.8134981	107.6433162	1182.5742147982266
2026-05-02 12:24:54.500	-6.8134979	107.6433165	1182.584213794957
2026-05-02 12:24:54.758	-6.8134977	107.6433167	1182.5642127319275
2026-05-02 12:24:54.996	-6.8134977	107.6433168	1182.6142127916876
2026-05-02 12:24:55.259	-6.8134977	107.6433171	1182.6342129709672
2026-05-02 12:24:55.497	-6.8134977	107.6433172	1182.6442130307269
2026-05-02 12:24:55.760	-6.8134978	107.6433174	1182.6142137415209
2026-05-02 12:24:56.005	-6.8134979	107.6433175	1182.6242143925551
2026-05-02 12:24:56.257	-6.8134984	107.6433174	1182.6442172891684
2026-05-02 12:24:56.499	-6.8134986	107.6433175	1182.6542185314772
2026-05-02 12:24:56.764	-6.8134987	107.6433176	1182.6642191825113
2026-05-02 12:24:56.997	-6.8134989	107.6433177	1182.6642204248196
2026-05-02 12:24:57.262	-6.8134991	107.6433179	1182.6442217268873
2026-05-02 12:24:57.506	-6.8134992	107.643318	1182.634222377921
2026-05-02 12:24:57.762	-6.8134992	107.6433181	1182.6442224376801
2026-05-02 12:24:57.997	-6.8134993	107.6433183	1182.6342231484725
2026-05-02 12:24:58.261	-6.8134994	107.6433185	1182.624223859265
2026-05-02 12:24:58.503	-6.8134996	107.6433187	1182.5942251613312
2026-05-02 12:24:58.752	-6.8134997	107.6433188	1182.5642258123642
2026-05-02 12:24:58.997	-6.8134998	107.643319	1182.5642265231559
2026-05-02 12:24:59.264	-6.8134998	107.6433197	1182.4942269414646
2026-05-02 12:24:59.497	-6.8134997	107.64332	1182.4542265294654
2026-05-02 12:24:59.756	-6.8134996	107.6433202	1182.4442260577077
2026-05-02 12:24:59.996	-6.8134996	107.6433205	1182.4242262369821
2026-05-02 12:25:00.258	-6.8134995	107.6433209	1182.3942258847403
2026-05-02 12:25:00.499	-6.8134994	107.6433212	1182.3642254727401
2026-05-02 12:25:00.761	-6.8134994	107.6433215	1182.3342256520134
2026-05-02 12:25:01.004	-6.8134993	107.6433219	1182.3242252997707
2026-05-02 12:25:01.258	-6.8134992	107.643322	1182.304224768255
2026-05-02 12:25:01.497	-6.8134992	107.6433221	1182.2842248280126
2026-05-02 12:25:01.757	-6.8134991	107.6433222	1182.2642242964966
2026-05-02 12:25:01.997	-6.8134991	107.643322	1182.2342241769816
2026-05-02 12:25:02.261	-6.8134991	107.6433217	1182.2042239977084
2026-05-02 12:25:02.498	-6.8134991	107.6433217	1182.1842239977084
2026-05-02 12:25:02.762	-6.813499	107.6433217	1182.154223406435
2026-05-02 12:25:02.995	-6.8134989	107.6433217	1182.1042228151614
2026-05-02 12:25:03.257	-6.8134988	107.6433214	1182.1342220446143
2026-05-02 12:25:03.497	-6.8134988	107.6433213	1182.1442219848564
2026-05-02 12:25:03.757	-6.8134986	107.6433213	1182.114220802309
2026-05-02 12:25:04.006	-6.8134985	107.6433212	1182.0842201512773
2026-05-02 12:25:04.261	-6.8134984	107.6433211	1182.0842195002456
2026-05-02 12:25:04.491	-6.8134984	107.643321	1182.0442194404875
2026-05-02 12:25:04.764	-6.8134984	107.6433209	1182.0242193807292
2026-05-02 12:25:04.996	-6.8134984	107.6433209	1182.0342193807292
2026-05-02 12:25:05.260	-6.8134982	107.6433209	1182.004218198182
2026-05-02 12:25:05.498	-6.8134981	107.6433209	1181.9842176069085
2026-05-02 12:25:05.763	-6.813498	107.6433207	1181.984216896118
2026-05-02 12:25:06.005	-6.8134979	107.6433205	1182.0142161853273
2026-05-02 12:25:06.260	-6.8134976	107.6433201	1181.9342141724717
2026-05-02 12:25:06.497	-6.8134975	107.64332	1181.954213521439
2026-05-02 12:25:06.756	-6.8134973	107.64332	1181.9342123388915
2026-05-02 12:25:06.996	-6.8134971	107.6433199	1181.9442110965851
2026-05-02 12:25:07.257	-6.8134966	107.6433198	1181.9042080804575
2026-05-02 12:25:07.496	-6.8134964	107.6433197	1181.9342068381509
2026-05-02 12:25:07.760	-6.8134961	107.6433197	1181.93420506433
2026-05-02 12:25:08.000	-6.8134959	107.6433196	1182.004203822023
2026-05-02 12:25:08.260	-6.8134956	107.6433196	1181.9242020482025
2026-05-02 12:25:08.498	-6.8134954	107.64332	1181.9142011046931
2026-05-02 12:25:08.757	-6.8134953	107.6433203	1181.904200692698
2026-05-02 12:25:09.004	-6.8134952	107.6433202	1181.8842000416653
2026-05-02 12:25:09.257	-6.813495	107.6433201	1181.864198799359
2026-05-02 12:25:09.492	-6.8134948	107.6433201	1181.8541976168121
2026-05-02 12:25:09.765	-6.8134947	107.6433202	1181.7741970852983
2026-05-02 12:25:09.999	-6.8134946	107.6433203	1181.7941965537846
2026-05-02 12:25:10.259	-6.8134942	107.6433205	1181.8041943082108
2026-05-02 12:25:10.500	-6.8134941	107.6433206	1181.7841937766973
2026-05-02 12:25:10.758	-6.813494	107.6433208	1181.7841933049433
2026-05-02 12:25:11.002	-6.8134938	107.6433211	1181.7741923016758
2026-05-02 12:25:11.265	-6.8134934	107.6433216	1181.724190235382
2026-05-02 12:25:11.504	-6.8134932	107.6433218	1181.7041891723554
2026-05-02 12:25:11.765	-6.8134931	107.643322	1181.7341887006014
2026-05-02 12:25:11.997	-6.8134929	107.6433223	1181.7041876973344
2026-05-02 12:25:12.267	-6.8134926	107.6433227	1181.6441861625547
2026-05-02 12:25:12.500	-6.8134925	107.6433229	1181.6441856908007
2026-05-02 12:25:12.765	-6.8134924	107.6433231	1181.5841852190467
2026-05-02 12:25:13.001	-6.8134923	107.6433231	1181.5741846277747
2026-05-02 12:25:13.264	-6.8134922	107.6433231	1181.5641840365024
2026-05-02 12:25:13.493	-6.813492	107.643323	1181.554182794199
2026-05-02 12:25:13.761	-6.8134918	107.643323	1181.5041816116548
2026-05-02 12:25:14.003	-6.8134918	107.6433231	1181.534181671414
2026-05-02 12:25:14.258	-6.8134915	107.6433231	1181.5541798975978
2026-05-02 12:25:14.492	-6.8134913	107.6433232	1181.5741787748134
2026-05-02 12:25:14.766	-6.8134911	107.6433233	1181.5641776520288
2026-05-02 12:25:15.008	-6.8134909	107.6433234	1181.5441765292446
2026-05-02 12:25:15.257	-6.8134905	107.6433235	1181.5541742239168
2026-05-02 12:25:15.505	-6.8134904	107.6433235	1181.5941736326452
2026-05-02 12:25:15.758	-6.8134902	107.6433235	1181.5641724501015
2026-05-02 12:25:16.002	-6.8134901	107.6433235	1181.60417185883
2026-05-02 12:25:16.266	-6.8134899	107.6433237	1181.5641707958057
2026-05-02 12:25:16.498	-6.8134897	107.6433239	1181.564169732782
2026-05-02 12:25:16.761	-6.8134894	107.643324	1181.574168018727
2026-05-02 12:25:17.004	-6.8134893	107.6433239	1181.5641673676957
2026-05-02 12:25:17.263	-6.8134893	107.6433239	1181.594167367696
2026-05-02 12:25:17.502	-6.8134894	107.643324	1181.5941680187273
2026-05-02 12:25:17.760	-6.8134893	107.643324	1181.5841674274554
2026-05-02 12:25:18.000	-6.8134892	107.643324	1181.6341668361842
2026-05-02 12:25:18.262	-6.8134891	107.6433241	1181.7041663046725
2026-05-02 12:25:18.497	-6.813489	107.6433242	1181.7841657731608
2026-05-02 12:25:18.757	-6.8134889	107.6433243	1181.7741652416491
2026-05-02 12:25:19.001	-6.8134889	107.6433244	1181.7841653014088
2026-05-02 12:25:19.257	-6.8134888	107.6433244	1181.8541647101376
2026-05-02 12:25:19.500	-6.8134889	107.6433244	1181.8341653014088
2026-05-02 12:25:19.767	-6.813489	107.6433244	1181.8341658926802
2026-05-02 12:25:20.003	-6.8134892	107.6433242	1181.8541669557037
2026-05-02 12:25:20.265	-6.8134897	107.6433238	1181.9241696730223
2026-05-02 12:25:20.502	-6.8134898	107.6433236	1181.9641701447745
2026-05-02 12:25:20.761	-6.8134899	107.6433234	1181.9741706165266
2026-05-02 12:25:20.997	-6.81349	107.6433233	1181.9941711480387
2026-05-02 12:25:21.273	-6.8134897	107.6433232	1182.0241693144635
2026-05-02 12:25:21.499	-6.8134893	107.643323	1182.0241668298565
2026-05-02 12:25:21.768	-6.8134887	107.6433229	1182.034163222466
2026-05-02 12:25:21.997	-6.8134882	107.6433226	1182.0041600868265
2026-05-02 12:25:22.258	-6.8134871	107.6433226	1182.0941535828388
2026-05-02 12:25:22.506	-6.8134866	107.6433227	1182.164150686242
2026-05-02 12:25:22.753	-6.8134861	107.6433227	1182.174147729885
2026-05-02 12:25:23.007	-6.8134854	107.6433227	1182.2241435909857
2026-05-02 12:25:23.261	-6.813484	107.6433229	1182.2441354327125
2026-05-02 12:25:23.499	-6.8134833	107.643323	1182.2641313535776
2026-05-02 12:25:23.755	-6.8134826	107.6433231	1182.2541272744436
2026-05-02 12:25:24.002	-6.8134819	107.6433232	1182.2641231953107
2026-05-02 12:25:24.262	-6.8134804	107.6433235	1182.2141145055402
2026-05-02 12:25:24.492	-6.8134795	107.6433235	1182.2341091841079
2026-05-02 12:25:24.766	-6.8134788	107.6433237	1182.2441051647422
2026-05-02 12:25:25.001	-6.8134782	107.6433238	1182.2641016768853
2026-05-02 12:25:25.255	-6.8134768	107.6433241	1182.3040935783972
2026-05-02 12:25:25.508	-6.8134761	107.6433242	1182.3340894992734
2026-05-02 12:25:25.757	-6.8134752	107.6433243	1182.334084237612
2026-05-02 12:25:26.008	-6.8134744	107.6433242	1182.3240794476935
2026-05-02 12:25:26.260	-6.8134727	107.6433242	1182.384069396118
2026-05-02 12:25:26.514	-6.8134719	107.6433242	1182.3940646659662
2026-05-02 12:25:26.758	-6.8134711	107.6433243	1182.35405999558
2026-05-02 12:25:26.999	-6.8134702	107.6433243	1182.3540546741617
2026-05-02 12:25:27.261	-6.8134685	107.6433245	1182.3640447421276
2026-05-02 12:25:27.494	-6.8134677	107.6433245	1182.4040400119811
2026-05-02 12:25:27.753	-6.813467	107.6433245	1182.4040358731038
2026-05-02 12:25:28.005	-6.8134663	107.6433245	1182.4040317342271
2026-05-02 12:25:28.257	-6.8134649	107.6433246	1182.5040235162423
2026-05-02 12:25:28.503	-6.8134642	107.6433245	1182.4840193176015
2026-05-02 12:25:28.758	-6.8134635	107.6433245	1182.4940151787275
2026-05-02 12:25:29.004	-6.8134627	107.6433245	1182.5240104485868
2026-05-02 12:25:29.255	-6.8134609	107.6433245	1182.4639998057737
2026-05-02 12:25:29.499	-6.8134602	107.6433244	1182.4639956071355
2026-05-02 12:25:29.764	-6.8134595	107.6433243	1182.4839914084973
2026-05-02 12:25:30.000	-6.8134587	107.6433244	1182.553986738129
2026-05-02 12:25:30.256	-6.8134573	107.6433242	1182.5839783408553
2026-05-02 12:25:30.497	-6.8134565	107.6433242	1182.6039736107211
2026-05-02 12:25:30.766	-6.8134557	107.6433242	1182.593968880588
2026-05-02 12:25:31.002	-6.813455	107.6433241	1182.6139646819524
2026-05-02 12:25:31.263	-6.8134536	107.6433239	1182.6139562846827
2026-05-02 12:25:31.497	-6.813453	107.6433239	1182.6539527370846
2026-05-02 12:25:31.756	-6.8134524	107.6433238	1182.7139491297166
2026-05-02 12:25:31.999	-6.8134516	107.6433237	1182.6939443398167
2026-05-02 12:25:32.255	-6.8134504	107.6433235	1182.7639371250818
2026-05-02 12:25:32.508	-6.8134497	107.6433234	1182.7439329264487
2026-05-02 12:25:32.761	-6.813449	107.6433233	1182.703928727816
2026-05-02 12:25:33.003	-6.8134483	107.6433232	1182.7439245291832
2026-05-02 12:25:33.264	-6.813447	107.6433229	1182.7839166634124
2026-05-02 12:25:33.503	-6.8134464	107.6433227	1182.8139129962735
2026-05-02 12:25:33.756	-6.8134457	107.6433225	1182.853908737869
2026-05-02 12:25:34.000	-6.813445	107.6433222	1182.773904419691
2026-05-02 12:25:34.258	-6.8134438	107.6433219	1182.7938971451842
2026-05-02 12:25:34.506	-6.8134431	107.6433217	1182.8138928867786
2026-05-02 12:25:34.758	-6.8134425	107.6433217	1182.8738893391858
2026-05-02 12:25:34.999	-6.8134419	107.6433215	1182.8838856720454
2026-05-02 12:25:35.265	-6.8134408	107.6433211	1182.963878929029
2026-05-02 12:25:35.501	-6.8134401	107.6433209	1182.9638746706225
2026-05-02 12:25:35.766	-6.8134395	107.6433207	1182.9938710034808
2026-05-02 12:25:36.002	-6.8134389	107.6433205	1183.013867336339
2026-05-02 12:25:36.258	-6.8134378	107.64332	1182.9838605335437
2026-05-02 12:25:36.496	-6.8134373	107.6433198	1183.0138574576658
2026-05-02 12:25:36.763	-6.8134368	107.6433196	1182.9738543817875
2026-05-02 12:25:37.005	-6.8134363	107.6433193	1183.0238512461326
2026-05-02 12:25:37.267	-6.8134355	107.6433188	1183.0038462171276
2026-05-02 12:25:37.499	-6.8134351	107.6433185	1183.0338436727357
2026-05-02 12:25:37.758	-6.8134348	107.6433183	1183.0138417793855
2026-05-02 12:25:37.997	-6.8134345	107.6433181	1183.023839886035
2026-05-02 12:25:38.266	-6.8134339	107.6433177	1183.063836099333
2026-05-02 12:25:38.506	-6.8134336	107.6433176	1183.1038342657594
2026-05-02 12:25:38.759	-6.8134334	107.6433175	1183.123833023451
2026-05-02 12:25:38.997	-6.8134332	107.6433174	1183.1238317811424
2026-05-02 12:25:39.257	-6.8134328	107.6433172	1183.143829296525
2026-05-02 12:25:39.511	-6.8134325	107.6433171	1183.1738274629506
2026-05-02 12:25:39.757	-6.8134324	107.643317	1183.193826811907
2026-05-02 12:25:39.997	-6.8134323	107.643317	1183.1938262206418
2026-05-02 12:25:40.260	-6.8134322	107.643317	1183.2238256293765
2026-05-02 12:25:40.501	-6.8134321	107.6433169	1183.2038249783327
2026-05-02 12:25:40.757	-6.813432	107.6433169	1183.2138243870675
2026-05-02 12:25:40.997	-6.8134321	107.643317	1183.213825038111
2026-05-02 12:25:41.255	-6.8134321	107.6433169	1183.1638249783327
2026-05-02 12:25:41.502	-6.8134321	107.6433169	1183.1838249783327
2026-05-02 12:25:41.758	-6.8134321	107.6433169	1183.1838249783327
2026-05-02 12:25:42.000	-6.8134321	107.6433168	1183.1738249185541
2026-05-02 12:25:42.260	-6.8134321	107.6433168	1183.1638249185542
2026-05-02 12:25:42.502	-6.8134321	107.6433168	1183.1538249185542
2026-05-02 12:25:42.756	-6.8134322	107.6433167	1183.183825450041
2026-05-02 12:25:43.004	-6.8134322	107.6433167	1183.183825450041
2026-05-02 12:25:43.259	-6.8134322	107.6433167	1183.183825450041
2026-05-02 12:25:43.497	-6.8134322	107.6433167	1183.153825450041
2026-05-02 12:25:43.761	-6.8134323	107.6433168	1183.1938261010848
2026-05-02 12:25:44.004	-6.8134324	107.6433168	1183.1838266923503
2026-05-02 12:25:44.262	-6.8134327	107.643317	1183.293828585703
2026-05-02 12:25:44.497	-6.8134329	107.643317	1183.2738297682338
2026-05-02 12:25:44.756	-6.813433	107.6433171	1183.2938304192774
2026-05-02 12:25:44.996	-6.8134331	107.6433171	1183.2938310105426
2026-05-02 12:25:45.259	-6.8134333	107.6433169	1183.2938320735173
2026-05-02 12:25:45.504	-6.8134333	107.6433168	1183.2838320137391
2026-05-02 12:25:45.758	-6.8134335	107.6433168	1183.2838331962703
2026-05-02 12:25:45.997	-6.8134336	107.6433167	1183.2538337277576
2026-05-02 12:25:46.264	-6.8134338	107.6433166	1183.2438348505107
2026-05-02 12:25:46.496	-6.8134341	107.6433165	1183.2638365645296
2026-05-02 12:25:46.758	-6.8134344	107.6433165	1183.233838338327
2026-05-02 12:25:46.997	-6.8134347	107.6433165	1183.2738401121242
2026-05-02 12:25:47.263	-6.8134356	107.6433166	1183.2238454932944
2026-05-02 12:25:47.500	-6.8134361	107.6433166	1183.243848449624
2026-05-02 12:25:47.759	-6.8134367	107.6433167	1183.2638520569974
2026-05-02 12:25:47.998	-6.8134374	107.6433168	1183.293856255637
2026-05-02 12:25:48.266	-6.8134391	107.6433169	1183.333866366939
2026-05-02 12:25:48.502	-6.8134401	107.6433169	1183.2738722796028
2026-05-02 12:25:48.758	-6.8134411	107.6433169	1183.273878192268
2026-05-02 12:25:49.001	-6.8134421	107.6433169	1183.2438841049348
2026-05-02 12:25:49.257	-6.8134443	107.6433169	1183.2038971128063
2026-05-02 12:25:49.499	-6.8134453	107.6433169	1183.1339030254776
2026-05-02 12:25:49.758	-6.8134462	107.6433169	1183.1439083468829
2026-05-02 12:25:49.999	-6.8134472	107.6433169	1183.1839142595568
2026-05-02 12:25:50.257	-6.813449	107.6433168	1183.2139248425997
2026-05-02 12:25:50.501	-6.8134499	107.6433166	1183.223930044463
2026-05-02 12:25:50.766	-6.8134507	107.6433165	1183.1839347148339
2026-05-02 12:25:50.998	-6.8134515	107.6433164	1183.1539393852058
2026-05-02 12:25:51.258	-6.8134535	107.6433163	1183.1939511508003
2026-05-02 12:25:51.501	-6.8134546	107.643316	1183.1539574754381
2026-05-02 12:25:51.756	-6.8134555	107.6433159	1183.1739627370853
2026-05-02 12:25:52.001	-6.8134564	107.6433158	1183.1439679987345
2026-05-02 12:25:52.259	-6.8134582	107.6433156	1183.1039785220373
2026-05-02 12:25:52.502	-6.813459	107.6433153	1183.0639830728787
2026-05-02 12:25:52.762	-6.8134598	107.6433152	1183.0639877432648
2026-05-02 12:25:53.001	-6.8134607	107.6433151	1183.0239930049222
2026-05-02 12:25:53.258	-6.8134623	107.643315	1182.984002405472
2026-05-02 12:25:53.498	-6.8134632	107.643315	1182.974007726904
2026-05-02 12:25:53.757	-6.8134642	107.643315	1182.9640136396076
2026-05-02 12:25:53.998	-6.8134651	107.6433149	1182.9540189012723
2026-05-02 12:25:54.259	-6.8134668	107.6433148	1182.8940288931049
2026-05-02 12:25:54.496	-6.8134676	107.6433146	1182.874033503734
2026-05-02 12:25:54.757	-6.8134685	107.6433143	1182.8540386458667
2026-05-02 12:25:55.001	-6.8134694	107.6433142	1182.7940439075394
2026-05-02 12:25:55.256	-6.8134712	107.6433141	1182.7440544906585
2026-05-02 12:25:55.502	-6.813472	107.643314	1182.7240591610644
2026-05-02 12:25:55.759	-6.8134726	107.6433139	1182.6940626489275
2026-05-02 12:25:56.007	-6.8134732	107.6433138	1182.6540661367915
2026-05-02 12:25:56.266	-6.8134742	107.6433138	1182.674072049513
2026-05-02 12:25:56.505	-6.8134748	107.6433137	1182.6840755373787
2026-05-02 12:25:56.760	-6.8134752	107.6433137	1182.644077902468
2026-05-02 12:25:56.999	-6.8134757	107.6433136	1182.634080799063
2026-05-02 12:25:57.262	-6.8134767	107.6433135	1182.5940866520214
2026-05-02 12:25:57.497	-6.8134771	107.6433135	1182.594089017112
2026-05-02 12:25:57.761	-6.8134775	107.6433134	1182.5740913224358
2026-05-02 12:25:57.997	-6.8134781	107.6433133	1182.5840948103062
2026-05-02 12:25:58.255	-6.8134795	107.643313	1182.5741029088288
2026-05-02 12:25:58.504	-6.8134802	107.643313	1182.6141070477418
2026-05-02 12:25:58.757	-6.813481	107.6433128	1182.564111658396
2026-05-02 12:25:59.045	-6.8134819	107.6433127	1182.584116920092
2026-05-02 12:25:59.260	-6.8134836	107.6433125	1182.6041268522147
2026-05-02 12:25:59.514	-6.8134843	107.6433124	1182.614130931367
2026-05-02 12:25:59.756	-6.813485	107.6433122	1182.5941349507555
2026-05-02 12:25:59.993	-6.8134858	107.6433121	1182.6241396211844
2026-05-02 12:26:00.261	-6.8134875	107.6433118	1182.5441494935565
2026-05-02 12:26:00.498	-6.8134884	107.6433116	1182.5141546955
2026-05-02 12:26:00.771	-6.8134892	107.6433115	1182.5241593659352
2026-05-02 12:26:01.000	-6.81349	107.6433114	1182.5141640363715
2026-05-02 12:26:01.264	-6.8134916	107.6433109	1182.474173197957
2026-05-02 12:26:01.508	-6.8134922	107.6433109	1182.4741767456103
2026-05-02 12:26:01.762	-6.8134929	107.6433108	1182.4741808247763
2026-05-02 12:26:02.000	-6.8134938	107.6433106	1182.494186026732
2026-05-02 12:26:02.280	-6.8134952	107.6433104	1182.4741941850702
2026-05-02 12:26:02.492	-6.8134958	107.6433103	1182.4741976729647
2026-05-02 12:26:02.754	-6.8134964	107.6433102	1182.4642011608598
2026-05-02 12:26:03.026	-6.8134971	107.6433101	1182.4742052400325
2026-05-02 12:26:03.261	-6.8134985	107.6433098	1182.4642133386185
2026-05-02 12:26:03.504	-6.813499	107.6433098	1182.4542162950027
2026-05-02 12:26:03.752	-6.8134996	107.6433097	1182.4842197829023
2026-05-02 12:26:03.995	-6.8135001	107.6433096	1182.5042226795256
2026-05-02 12:26:04.275	-6.8135011	107.6433094	1182.5742284727737
2026-05-02 12:26:04.502	-6.8135014	107.6433094	1182.5242302466058
2026-05-02 12:26:04.753	-6.8135017	107.6433094	1182.484232020438
2026-05-02 12:26:05.006	-6.813502	107.6433094	1182.47423379427
2026-05-02 12:26:05.263	-6.8135028	107.6433094	1182.5542385244896
2026-05-02 12:26:05.506	-6.8135032	107.6433095	1182.554240949361
2026-05-02 12:26:05.765	-6.8135035	107.6433095	1182.5142427231938
2026-05-02 12:26:06.029	-6.813504	107.6433094	1182.504245619821
2026-05-02 12:26:06.253	-6.8135052	107.6433093	1182.494252655394
2026-05-02 12:26:06.492	-6.8135058	107.6433092	1182.4942561433013
2026-05-02 12:26:06.775	-6.8135064	107.643309	1182.494259571449
2026-05-02 12:26:07.024	-6.813507	107.6433089	1182.4842630593582
2026-05-02 12:26:07.251	-6.813508	107.6433087	1182.4742688526217
2026-05-02 12:26:07.505	-6.8135086	107.6433085	1182.4642722807732
2026-05-02 12:26:07.774	-6.8135092	107.6433084	1182.4242757686854
2026-05-02 12:26:08.032	-6.8135099	107.6433081	1182.4042797283582
2026-05-02 12:26:08.270	-6.813511	107.6433078	1182.384286053149
2026-05-02 12:26:08.517	-6.8135115	107.6433077	1182.4142889497857
2026-05-02 12:26:08.770	-6.8135119	107.6433078	1182.3942913746619
2026-05-02 12:26:09.026	-6.8135124	107.6433077	1182.3742942712995
2026-05-02 12:26:09.269	-6.8135134	107.6433075	1182.4243000645763
2026-05-02 12:26:09.510	-6.8135138	107.6433073	1182.3943023101772
2026-05-02 12:26:09.760	-6.8135143	107.6433071	1182.4143051470585
2026-05-02 12:26:10.036	-6.8135146	107.643307	1182.3943068611393
2026-05-02 12:26:10.256	-6.8135154	107.6433065	1182.3643112925863
2026-05-02 12:26:10.521	-6.8135159	107.6433063	1182.3743141294701
2026-05-02 12:26:10.785	-6.8135162	107.6433061	1182.3643157837942
2026-05-02 12:26:11.025	-6.8135167	107.6433058	1182.3243185609206
2026-05-02 12:26:11.264	-6.8135175	107.6433053	1182.2643229923735
2026-05-02 12:26:11.513	-6.8135179	107.6433051	1182.23432523798
2026-05-02 12:26:11.778	-6.8135181	107.6433049	1182.224326301025
2026-05-02 12:26:12.003	-6.8135181	107.6433046	1182.1943261217496
2026-05-02 12:26:12.260	-6.8135181	107.6433042	1182.1243258827153
2026-05-02 12:26:12.511	-6.8135181	107.6433039	1182.1143257034391
2026-05-02 12:26:12.811	-6.8135182	107.6433037	1182.114326175203
2026-05-02 12:26:13.005	-6.8135183	107.6433034	1182.0843265872074
2026-05-02 12:26:13.299	-6.8135185	107.643303	1182.0243275307346
2026-05-02 12:26:13.505	-6.8135185	107.6433029	1181.9843274709758
2026-05-02 12:26:13.756	-6.8135186	107.6433027	1181.9643279427394
2026-05-02 12:26:14.067	-6.8135187	107.6433025	1181.9643284145027
2026-05-02 12:26:14.269	-6.8135186	107.6433025	1181.934327823221
2026-05-02 12:26:14.516	-6.8135184	107.6433025	1181.8443266406578
2026-05-02 12:26:14.780	-6.8135184	107.6433024	1181.8543265808985
2026-05-02 12:26:15.035	-6.8135183	107.6433023	1181.8843259298574
2026-05-02 12:26:15.264	-6.8135182	107.6433022	1181.8643252788163
2026-05-02 12:26:15.494	-6.8135182	107.6433021	1181.884325219057
2026-05-02 12:26:15.772	-6.8135181	107.643302	1181.8543245680157
2026-05-02 12:26:15.993	-6.813518	107.6433018	1181.8143238572147
2026-05-02 12:26:16.251	-6.8135179	107.6433015	1181.804323086654
2026-05-02 12:26:16.494	-6.8135179	107.6433015	1181.764323086654
2026-05-02 12:26:16.754	-6.8135179	107.6433015	1181.774323086654
2026-05-02 12:26:17.001	-6.8135178	107.6433014	1181.7543224356123
2026-05-02 12:26:17.254	-6.8135176	107.6433013	1181.7143211932887
2026-05-02 12:26:17.495	-6.8135175	107.6433013	1181.7043206020069
2026-05-02 12:26:17.757	-6.8135174	107.6433013	1181.704320010725
2026-05-02 12:26:18.000	-6.8135173	107.6433014	1181.684319479203
2026-05-02 12:26:18.257	-6.8135172	107.6433011	1181.7343187086412
2026-05-02 12:26:18.493	-6.8135172	107.6433011	1181.7543187086412
2026-05-02 12:26:18.766	-6.813517	107.6433011	1181.7343175260773
2026-05-02 12:26:19.001	-6.813517	107.6433013	1181.8043176455974
2026-05-02 12:26:19.282	-6.8135166	107.6433014	1181.6843153402303
2026-05-02 12:26:19.502	-6.8135164	107.6433014	1181.5843141576668
2026-05-02 12:26:19.765	-6.8135161	107.6433013	1181.5143123240614
2026-05-02 12:26:20.002	-6.813516	107.6433013	1181.5143117327798
2026-05-02 12:26:20.257	-6.8135156	107.6433015	1181.4543094871738
2026-05-02 12:26:20.503	-6.8135155	107.6433014	1181.4243088361318
2026-05-02 12:26:20.758	-6.8135154	107.6433013	1181.4343081850898
2026-05-02 12:26:21.004	-6.8135154	107.6433012	1181.4143081253294
2026-05-02 12:26:21.262	-6.8135152	107.6433011	1181.3543068830056
2026-05-02 12:26:21.496	-6.8135151	107.6433009	1181.3443061722026
2026-05-02 12:26:21.761	-6.8135151	107.6433008	1181.384306112442
2026-05-02 12:26:22.003	-6.8135149	107.6433007	1181.3643048701176
2026-05-02 12:26:22.256	-6.8135147	107.6433004	1181.3443035082714
2026-05-02 12:26:22.499	-6.8135147	107.6433003	1181.3243034485101
2026-05-02 12:26:22.760	-6.8135145	107.6433002	1181.2543022061855
2026-05-02 12:26:23.003	-6.8135143	107.6433001	1181.2543009638607
2026-05-02 12:26:23.274	-6.8135142	107.6433001	1181.214300372579
2026-05-02 12:26:23.498	-6.813514	107.6433002	1181.2242992497768
2026-05-02 12:26:23.758	-6.8135139	107.6433003	1181.2042987182563
2026-05-02 12:26:23.995	-6.8135138	107.6433002	1181.1942980672134
2026-05-02 12:26:24.274	-6.8135136	107.6433002	1181.21429688465
2026-05-02 12:26:24.501	-6.8135135	107.6433004	1181.1942964128912
2026-05-02 12:26:24.759	-6.8135135	107.6433003	1181.2242963531298
2026-05-02 12:26:25.000	-6.8135134	107.6433002	1181.2242957020867
2026-05-02 12:26:25.256	-6.8135132	107.6433003	1181.244294579285
2026-05-02 12:26:25.495	-6.8135132	107.6433003	1181.254294579285
2026-05-02 12:26:25.758	-6.8135131	107.6433003	1181.2542939880034
2026-05-02 12:26:26.004	-6.813513	107.6433002	1181.2242933369603
2026-05-02 12:26:26.259	-6.8135128	107.6433003	1181.2142922141586
2026-05-02 12:26:26.502	-6.8135128	107.6433003	1181.2542922141586
2026-05-02 12:26:26.763	-6.8135127	107.6433003	1181.2542916228772
2026-05-02 12:26:27.001	-6.8135126	107.6433003	1181.2642910315956
2026-05-02 12:26:27.261	-6.8135123	107.6433003	1181.2742892577512
2026-05-02 12:26:27.499	-6.8135121	107.6433004	1181.3542881349501
2026-05-02 12:26:27.762	-6.813512	107.6433005	1181.3742876034305
2026-05-02 12:26:28.007	-6.813512	107.6433006	1181.3742876631923
2026-05-02 12:26:28.266	-6.8135118	107.6433008	1181.404286600153
2026-05-02 12:26:28.502	-6.8135116	107.6433009	1181.3842854773523
2026-05-02 12:26:28.758	-6.8135116	107.6433008	1181.3842854175907
2026-05-02 12:26:28.996	-6.8135116	107.6433007	1181.364285357829
2026-05-02 12:26:29.280	-6.8135115	107.6433005	1181.3942846470238
2026-05-02 12:26:29.506	-6.8135114	107.6433005	1181.4442840557426
2026-05-02 12:26:29.769	-6.8135115	107.6433006	1181.5142847067857
2026-05-02 12:26:30.006	-6.8135115	107.6433006	1181.5342847067857
2026-05-02 12:26:30.260	-6.8135114	107.6433005	1181.6042840557427
2026-05-02 12:26:30.506	-6.8135115	107.6433004	1181.644284587262
2026-05-02 12:26:30.762	-6.8135114	107.6433005	1181.6942840557426
2026-05-02 12:26:30.997	-6.8135113	107.6433005	1181.7042834644612
2026-05-02 12:26:31.255	-6.813511	107.6433005	1181.6942816906176
2026-05-02 12:26:31.503	-6.8135109	107.6433004	1181.6842810395744
2026-05-02 12:26:31.764	-6.8135109	107.6433003	1181.6742809798122
2026-05-02 12:26:31.995	-6.8135108	107.6433002	1181.6642803287689
2026-05-02 12:26:32.259	-6.8135109	107.6433002	1181.6842809200502
2026-05-02 12:26:32.504	-6.8135109	107.6433002	1181.6842809200502
2026-05-02 12:26:32.765	-6.8135109	107.6433002	1181.6542809200503
2026-05-02 12:26:33.003	-6.8135108	107.6433002	1181.624280328769
2026-05-02 12:26:33.264	-6.8135108	107.6433003	1181.6242803885311
2026-05-02 12:26:33.504	-6.8135107	107.6433003	1181.6342797972497
2026-05-02 12:26:33.760	-6.8135107	107.6433003	1181.68427979725
2026-05-02 12:26:33.998	-6.8135106	107.6433003	1181.7242792059685
2026-05-02 12:26:34.268	-6.8135105	107.6433002	1181.7442785549251
2026-05-02 12:26:34.493	-6.8135105	107.6433002	1181.7442785549251
2026-05-02 12:26:34.757	-6.8135105	107.6433002	1181.7242785549251
2026-05-02 12:26:34.996	-6.8135105	107.6433002	1181.7342785549251
2026-05-02 12:26:35.265	-6.8135106	107.6433001	1181.694279086444
2026-05-02 12:26:35.495	-6.8135105	107.6433	1181.6842784354005
2026-05-02 12:26:35.758	-6.8135104	107.6433	1181.7042778441191
2026-05-02 12:26:36.004	-6.8135104	107.6433	1181.7142778441191
2026-05-02 12:26:36.260	-6.8135103	107.6432999	1181.6842771930756
2026-05-02 12:26:36.501	-6.8135102	107.6432997	1181.6842764822693
2026-05-02 12:26:36.756	-6.8135102	107.6432996	1181.6542764225069
2026-05-02 12:26:37.001	-6.8135102	107.6432997	1181.6642764822693
2026-05-02 12:26:37.263	-6.8135102	107.6432997	1181.6642764822693
2026-05-02 12:26:37.496	-6.8135102	107.6432997	1181.6842764822693
2026-05-02 12:26:37.757	-6.8135101	107.6432997	1181.674275890988
2026-05-02 12:26:38.001	-6.8135101	107.6432997	1181.634275890988
2026-05-02 12:26:38.262	-6.8135101	107.6432996	1181.6742758312255
2026-05-02 12:26:38.502	-6.81351	107.6432996	1181.674275239944
2026-05-02 12:26:38.764	-6.81351	107.6432995	1181.6742751801814
2026-05-02 12:26:38.998	-6.8135099	107.6432994	1181.6842745291374
2026-05-02 12:26:39.261	-6.81351	107.6432993	1181.704275060656
2026-05-02 12:26:39.506	-6.8135101	107.6432993	1181.7442756519374
2026-05-02 12:26:39.756	-6.8135101	107.6432993	1181.7542756519374
2026-05-02 12:26:40.002	-6.8135101	107.6432992	1181.7742755921747
2026-05-02 12:26:40.265	-6.8135101	107.6432991	1181.7442755324118
2026-05-02 12:26:40.496	-6.8135101	107.643299	1181.7642754726492
2026-05-02 12:26:40.755	-6.81351	107.643299	1181.7842748813675
2026-05-02 12:26:40.998	-6.81351	107.6432989	1181.7742748216049
2026-05-02 12:26:41.268	-6.8135099	107.6432988	1181.7342741705604
2026-05-02 12:26:41.502	-6.8135098	107.6432988	1181.7142735792788
2026-05-02 12:26:41.759	-6.8135098	107.6432987	1181.714273519516
2026-05-02 12:26:41.999	-6.8135098	107.6432986	1181.7042734597528
2026-05-02 12:26:42.256	-6.8135096	107.6432984	1181.7242721576636
2026-05-02 12:26:42.509	-6.8135095	107.6432984	1181.704271566382
2026-05-02 12:26:42.761	-6.8135094	107.6432983	1181.714270915337
2026-05-02 12:26:42.996	-6.8135094	107.6432983	1181.714270915337
2026-05-02 12:26:43.257	-6.8135092	107.6432982	1181.7142696730104
2026-05-02 12:26:43.496	-6.8135092	107.6432981	1181.714269613247
2026-05-02 12:26:43.761	-6.8135092	107.643298	1181.6942695534838
2026-05-02 12:26:44.006	-6.8135091	107.643298	1181.6442689622022
2026-05-02 12:26:44.254	-6.8135089	107.6432979	1181.6442677198754
2026-05-02 12:26:44.495	-6.8135088	107.6432979	1181.6142671285936
2026-05-02 12:26:44.764	-6.8135086	107.6432979	1181.5942659460304
2026-05-02 12:26:45.000	-6.8135085	107.6432979	1181.5842653547486
2026-05-02 12:26:45.256	-6.8135083	107.6432978	1181.5442641124218
2026-05-02 12:26:45.505	-6.8135082	107.6432978	1181.5442635211402
2026-05-02 12:26:45.757	-6.813508	107.6432978	1181.554262338577
2026-05-02 12:26:46.002	-6.8135079	107.6432977	1181.5242616875316
2026-05-02 12:26:46.254	-6.8135078	107.6432977	1181.52426109625
2026-05-02 12:26:46.536	-6.8135078	107.6432977	1181.53426109625
2026-05-02 12:26:46.756	-6.8135078	107.6432977	1181.52426109625
2026-05-02 12:26:46.997	-6.8135077	107.6432977	1181.5342605049686
2026-05-02 12:26:47.253	-6.8135077	107.6432979	1181.5942606244967
2026-05-02 12:26:47.501	-6.8135076	107.6432979	1181.624260033215
2026-05-02 12:26:47.761	-6.8135076	107.6432979	1181.634260033215
2026-05-02 12:26:47.998	-6.8135076	107.6432979	1181.644260033215
2026-05-02 12:26:48.254	-6.8135076	107.6432979	1181.684260033215
2026-05-02 12:26:48.495	-6.8135076	107.6432979	1181.724260033215
2026-05-02 12:26:48.763	-6.8135075	107.6432979	1181.7542594419335
2026-05-02 12:26:48.996	-6.8135075	107.6432979	1181.7542594419335
2026-05-02 12:26:49.261	-6.8135075	107.643298	1181.7742595016975
2026-05-02 12:26:49.494	-6.8135074	107.643298	1181.794258910416
2026-05-02 12:26:49.761	-6.8135073	107.643298	1181.7642583191346
2026-05-02 12:26:49.998	-6.8135073	107.643298	1181.7442583191346
2026-05-02 12:26:50.255	-6.8135071	107.6432979	1181.7942570768078
2026-05-02 12:26:50.496	-6.813507	107.6432978	1181.8142564257623
2026-05-02 12:26:50.757	-6.813507	107.6432979	1181.8542564855265
2026-05-02 12:26:50.995	-6.8135069	107.6432979	1181.9042558942451
2026-05-02 12:26:51.274	-6.8135068	107.6432978	1181.8942552431997
2026-05-02 12:26:51.498	-6.8135067	107.6432978	1181.8742546519184
2026-05-02 12:26:51.763	-6.8135066	107.6432977	1181.9042540008727
2026-05-02 12:26:51.993	-6.8135065	107.6432976	1181.934253349827
2026-05-02 12:26:52.252	-6.8135063	107.6432975	1181.9642521074998
2026-05-02 12:26:52.494	-6.8135062	107.6432975	1182.0142515162183
2026-05-02 12:26:52.756	-6.8135061	107.6432974	1182.0042508651725
2026-05-02 12:26:52.999	-6.813506	107.6432974	1182.014250273891
2026-05-02 12:26:53.257	-6.8135057	107.6432973	1182.0642484402822
2026-05-02 12:26:53.497	-6.8135055	107.6432972	1182.074247197955
2026-05-02 12:26:53.757	-6.8135054	107.6432972	1182.0842466066736
2026-05-02 12:26:53.999	-6.8135053	107.6432972	1182.0942460153924
2026-05-02 12:26:54.255	-6.813505	107.6432971	1182.1242441817835
2026-05-02 12:26:54.494	-6.8135049	107.643297	1182.1242435307372
2026-05-02 12:26:54.765	-6.8135048	107.643297	1182.1442429394558
2026-05-02 12:26:54.996	-6.8135047	107.6432969	1182.1442422884095
2026-05-02 12:26:55.261	-6.8135044	107.6432968	1182.1742404548002
2026-05-02 12:26:55.495	-6.8135043	107.6432968	1182.174239863519
2026-05-02 12:26:55.762	-6.8135042	107.6432968	1182.1742392722376
2026-05-02 12:26:56.004	-6.813504	107.6432967	1182.1542380299097
2026-05-02 12:26:56.257	-6.8135038	107.6432966	1182.1342367875818
2026-05-02 12:26:56.501	-6.8135036	107.6432965	1182.0942355452537
2026-05-02 12:26:56.761	-6.8135034	107.6432964	1182.0842343029253
2026-05-02 12:26:57.005	-6.8135032	107.6432965	1182.1042331801286
2026-05-02 12:26:57.261	-6.813503	107.6432964	1182.1342319378005
2026-05-02 12:26:57.497	-6.8135029	107.6432964	1182.1242313465193
2026-05-02 12:26:57.761	-6.8135029	107.6432964	1182.1342313465193
2026-05-02 12:26:57.995	-6.8135029	107.6432965	1182.154231406285
2026-05-02 12:26:58.256	-6.8135029	107.6432965	1182.1842314062849
2026-05-02 12:26:58.496	-6.8135029	107.6432965	1182.1842314062849
2026-05-02 12:26:58.758	-6.813503	107.6432966	1182.1942320573319
2026-05-02 12:26:58.997	-6.8135032	107.6432966	1182.2042332398942
2026-05-02 12:26:59.257	-6.8135036	107.6432968	1182.21423572455
2026-05-02 12:26:59.494	-6.8135038	107.6432968	1182.2442369071125
2026-05-02 12:26:59.765	-6.813504	107.643297	1182.2542382092056
2026-05-02 12:26:59.996	-6.8135042	107.6432971	1182.2742394515333
2026-05-02 12:27:00.255	-6.8135047	107.6432977	1182.244242766529
2026-05-02 12:27:00.503	-6.8135049	107.643298	1182.2142441283852
2026-05-02 12:27:00.764	-6.813505	107.6432981	1182.204244779431
2026-05-02 12:27:01.009	-6.8135053	107.6432982	1182.2242466130385
2026-05-02 12:27:01.260	-6.8135057	107.6432986	1182.26424921722
2026-05-02 12:27:01.503	-6.8135058	107.6432987	1182.294249868265
2026-05-02 12:27:01.765	-6.8135061	107.6432989	1182.3042517616361
2026-05-02 12:27:02.002	-6.8135064	107.6432991	1182.3142536550067
2026-05-02 12:27:02.258	-6.8135067	107.6432994	1182.3642556081409
2026-05-02 12:27:02.495	-6.8135069	107.6432996	1182.3742569102299
2026-05-02 12:27:02.755	-6.8135071	107.6432998	1182.3842582123184
2026-05-02 12:27:02.997	-6.8135074	107.6432999	1182.3842600459243
2026-05-02 12:27:03.261	-6.8135077	107.6433003	1182.4042620588195
2026-05-02 12:27:03.495	-6.8135079	107.6433004	1182.394263301144
2026-05-02 12:27:03.765	-6.813508	107.6433007	1182.3842640717135
2026-05-02 12:27:03.996	-6.8135082	107.643301	1182.4142654335628
2026-05-02 12:27:04.257	-6.8135084	107.6433014	1182.4342668551742
2026-05-02 12:27:04.510	-6.8135085	107.6433016	1182.4642675659795
2026-05-02 12:27:04.756	-6.8135086	107.6433017	1182.4442682170225
2026-05-02 12:27:05.004	-6.8135088	107.6433018	1182.4242694593456
2026-05-02 12:27:05.261	-6.813509	107.6433018	1182.4142706419068
2026-05-02 12:27:05.492	-6.813509	107.6433019	1182.4042707016688
2026-05-02 12:27:05.762	-6.8135091	107.643302	1182.3942713527115
2026-05-02 12:27:06.000	-6.8135092	107.6433021	1182.424272003754
2026-05-02 12:27:06.255	-6.8135093	107.643302	1182.4542725352724
2026-05-02 12:27:06.501	-6.8135093	107.6433021	1182.4642725950343
2026-05-02 12:27:06.756	-6.8135093	107.6433021	1182.4742725950343
2026-05-02 12:27:06.996	-6.8135093	107.6433022	1182.4342726547964
2026-05-02 12:27:07.259	-6.8135092	107.6433024	1182.4042721830397
2026-05-02 12:27:07.500	-6.8135092	107.6433025	1182.4042722428014
2026-05-02 12:27:07.755	-6.8135092	107.6433025	1182.3942722428014
2026-05-02 12:27:08.004	-6.8135092	107.6433026	1182.4042723025632
2026-05-02 12:27:08.257	-6.8135091	107.6433025	1182.334271651521
2026-05-02 12:27:08.504	-6.8135092	107.6433025	1182.2942722428013
2026-05-02 12:27:08.762	-6.8135093	107.6433026	1182.2842728938435
2026-05-02 12:27:08.995	-6.8135093	107.6433027	1182.3242729536053
2026-05-02 12:27:09.262	-6.8135094	107.6433028	1182.3142736046473
2026-05-02 12:27:09.512	-6.8135093	107.6433028	1182.3142730133668
2026-05-02 12:27:09.760	-6.8135093	107.6433028	1182.3242730133668
2026-05-02 12:27:09.998	-6.8135092	107.6433028	1182.3442724220868
2026-05-02 12:27:10.256	-6.8135092	107.6433028	1182.3642724220867
2026-05-02 12:27:10.501	-6.8135092	107.6433028	1182.3742724220867
2026-05-02 12:27:10.759	-6.8135094	107.6433029	1182.384273664409
2026-05-02 12:27:10.996	-6.8135096	107.6433032	1182.394275026254
2026-05-02 12:27:11.258	-6.8135102	107.6433037	1182.3842788727418
2026-05-02 12:27:11.499	-6.8135106	107.643304	1182.4042814171455
2026-05-02 12:27:11.755	-6.8135109	107.6433044	1182.414283430029
2026-05-02 12:27:11.997	-6.8135113	107.6433047	1182.4242859744309
2026-05-02 12:27:12.255	-6.8135118	107.643305	1182.374289110112
2026-05-02 12:27:12.498	-6.813512	107.6433051	1182.3842903524321
2026-05-02 12:27:12.765	-6.8135122	107.6433052	1182.3842915947523
2026-05-02 12:27:12.996	-6.8135122	107.6433053	1182.3642916545123
2026-05-02 12:27:13.260	-6.8135127	107.6433055	1182.3542947304322
2026-05-02 12:27:13.496	-6.813513	107.6433057	1182.3542966237917
2026-05-02 12:27:13.757	-6.8135132	107.6433058	1182.3442978661112
2026-05-02 12:27:14.000	-6.8135135	107.6433059	1182.3642996997107
2026-05-02 12:27:14.254	-6.813514	107.6433061	1182.3743027756295
2026-05-02 12:27:14.514	-6.8135142	107.6433063	1182.3743040777076
2026-05-02 12:27:14.760	-6.8135144	107.6433063	1182.4043052602678
2026-05-02 12:27:15.001	-6.8135146	107.6433063	1182.4243064428279
2026-05-02 12:27:15.262	-6.8135151	107.6433064	1182.514309458987
2026-05-02 12:27:15.499	-6.8135153	107.6433065	1182.5443107013061
2026-05-02 12:27:15.760	-6.8135156	107.6433065	1182.5443124751464
2026-05-02 12:27:16.004	-6.813516	107.6433067	1182.574314959784
2026-05-02 12:27:16.255	-6.8135167	107.643307	1182.64431927802
2026-05-02 12:27:16.494	-6.8135168	107.6433071	1182.6743199290584
2026-05-02 12:27:16.761	-6.8135169	107.6433071	1182.6843205203384
2026-05-02 12:27:16.995	-6.813517	107.643307	1182.7043210518607
2026-05-02 12:27:17.255	-6.8135169	107.6433069	1182.7143204008225
2026-05-02 12:27:17.511	-6.813517	107.6433068	1182.7243209323447
2026-05-02 12:27:17.757	-6.813517	107.6433067	1182.7043208725865
2026-05-02 12:27:18.001	-6.813517	107.6433066	1182.7243208128284
2026-05-02 12:27:18.257	-6.8135171	107.6433064	1182.7343212845926
2026-05-02 12:27:18.494	-6.8135171	107.6433063	1182.7343212248343
2026-05-02 12:27:18.754	-6.8135172	107.6433062	1182.7343217563566
2026-05-02 12:27:18.994	-6.8135173	107.6433061	1182.734322287879
2026-05-02 12:27:19.250	-6.8135173	107.643306	1182.7443222281206
2026-05-02 12:27:19.522	-6.8135172	107.643306	1182.6943216368402
2026-05-02 12:27:19.763	-6.8135172	107.643306	1182.6643216368402
2026-05-02 12:27:20.003	-6.8135173	107.643306	1182.6743222281207
2026-05-02 12:27:20.250	-6.8135173	107.643306	1182.6643222281207
2026-05-02 12:27:20.510	-6.8135173	107.6433061	1182.664322287879
2026-05-02 12:27:20.760	-6.8135174	107.643306	1182.6443228194014
2026-05-02 12:27:20.995	-6.8135175	107.643306	1182.6543234106819
2026-05-02 12:27:21.258	-6.8135176	107.6433061	1182.6543240617207
2026-05-02 12:27:21.494	-6.8135177	107.6433061	1182.6543246530011
2026-05-02 12:27:21.762	-6.8135177	107.643306	1182.624324593243
2026-05-02 12:27:22.002	-6.8135178	107.6433059	1182.6343251247656
2026-05-02 12:27:22.257	-6.8135178	107.6433058	1182.6643250650075
2026-05-02 12:27:22.494	-6.8135178	107.6433058	1182.6443250650075
2026-05-02 12:27:22.758	-6.8135178	107.6433059	1182.6243251247656
2026-05-02 12:27:23.003	-6.8135177	107.6433059	1182.5843245334847
2026-05-02 12:27:23.254	-6.8135176	107.6433059	1182.554323942204
2026-05-02 12:27:23.498	-6.8135177	107.643306	1182.534324593243
2026-05-02 12:27:23.762	-6.8135177	107.6433061	1182.524324653001
2026-05-02 12:27:24.003	-6.8135177	107.6433061	1182.524324653001
2026-05-02 12:27:24.254	-6.8135177	107.6433061	1182.454324653001
2026-05-02 12:27:24.494	-6.8135177	107.6433061	1182.4243246530011
2026-05-02 12:27:24.763	-6.8135177	107.643306	1182.404324593243
2026-05-02 12:27:24.995	-6.8135177	107.643306	1182.384324593243
2026-05-02 12:27:25.265	-6.8135177	107.6433061	1182.334324653001
2026-05-02 12:27:25.498	-6.8135177	107.643306	1182.3243245932429
2026-05-02 12:27:25.759	-6.8135177	107.643306	1182.274324593243
2026-05-02 12:27:26.000	-6.8135177	107.6433059	1182.2443245334848
2026-05-02 12:27:26.252	-6.8135178	107.6433058	1182.2243250650074
2026-05-02 12:27:26.498	-6.8135179	107.6433056	1182.2143255367716
2026-05-02 12:27:26.760	-6.8135179	107.6433055	1182.1843254770133
2026-05-02 12:27:26.998	-6.813518	107.6433055	1182.1843260682942
2026-05-02 12:27:27.259	-6.8135181	107.6433053	1182.1743265400585
2026-05-02 12:27:27.503	-6.8135181	107.6433053	1182.2043265400584
2026-05-02 12:27:27.754	-6.8135181	107.6433052	1182.1943264803
2026-05-02 12:27:27.995	-6.8135182	107.6433052	1182.224327071581
2026-05-02 12:27:28.253	-6.8135184	107.643305	1182.2143281346264
2026-05-02 12:27:28.498	-6.8135185	107.643305	1182.2143287259073
2026-05-02 12:27:28.754	-6.8135185	107.6433049	1182.1943286661492
2026-05-02 12:27:28.994	-6.8135185	107.6433048	1182.154328606391
2026-05-02 12:27:29.259	-6.8135186	107.6433047	1182.1543291379135
2026-05-02 12:27:29.501	-6.8135186	107.6433046	1182.1143290781552
2026-05-02 12:27:29.758	-6.8135185	107.6433045	1182.0943284271157
2026-05-02 12:27:29.994	-6.8135185	107.6433044	1182.0643283673571
2026-05-02 12:27:30.254	-6.8135186	107.6433042	1182.0343288391211
2026-05-02 12:27:30.498	-6.8135186	107.6433041	1182.0043287793626
2026-05-02 12:27:30.765	-6.8135186	107.6433039	1181.9943286598455
2026-05-02 12:27:31.000	-6.8135185	107.6433039	1181.974328068564
2026-05-02 12:27:31.256	-6.8135185	107.6433037	1181.9443279490467
2026-05-02 12:27:31.494	-6.8135185	107.6433036	1181.9443278892882
2026-05-02 12:27:31.757	-6.8135184	107.6433036	1181.9243272980068
2026-05-02 12:27:32.002	-6.8135184	107.6433035	1181.9043272382478
2026-05-02 12:27:32.258	-6.8135185	107.6433031	1181.8643275904938
2026-05-02 12:27:32.494	-6.8135184	107.643303	1181.8343269394531
2026-05-02 12:27:32.756	-6.8135184	107.6433029	1181.8343268796941
2026-05-02 12:27:32.998	-6.8135184	107.6433027	1181.8143267601758
2026-05-02 12:27:33.254	-6.8135184	107.6433026	1181.8243267004168
2026-05-02 12:27:33.501	-6.8135183	107.6433025	1181.8143260493757
2026-05-02 12:27:33.756	-6.8135183	107.6433024	1181.8343259896167
2026-05-02 12:27:34.000	-6.8135183	107.6433023	1181.8143259298572
2026-05-02 12:27:34.258	-6.8135183	107.6433022	1181.804325870098
2026-05-02 12:27:34.494	-6.8135183	107.6433021	1181.8043258103387
2026-05-02 12:27:34.758	-6.8135184	107.643302	1181.804326341861
2026-05-02 12:27:34.998	-6.8135185	107.643302	1181.8043269331429
2026-05-02 12:27:35.255	-6.8135186	107.6433019	1181.8243274646654
2026-05-02 12:27:35.498	-6.8135187	107.6433017	1181.8243279364285
2026-05-02 12:27:35.759	-6.8135188	107.6433016	1181.8343284679513
2026-05-02 12:27:36.001	-6.8135189	107.6433016	1181.8143290592332
2026-05-02 12:27:36.257	-6.813519	107.6433014	1181.8243295309965
2026-05-02 12:27:36.496	-6.813519	107.6433013	1181.804329471237
2026-05-02 12:27:36.758	-6.8135191	107.6433013	1181.8043300625193
2026-05-02 12:27:36.996	-6.8135191	107.6433012	1181.8243300027598
2026-05-02 12:27:37.255	-6.8135192	107.643301	1181.854330474523
2026-05-02 12:27:37.503	-6.8135192	107.6433008	1181.824330355004
2026-05-02 12:27:37.762	-6.8135191	107.6433007	1181.814329703962
2026-05-02 12:27:37.998	-6.8135191	107.6433007	1181.844329703962
2026-05-02 12:27:38.263	-6.8135192	107.6433005	1181.8643301757252
2026-05-02 12:27:38.499	-6.8135192	107.6433004	1181.8643301159655
2026-05-02 12:27:38.761	-6.8135192	107.6433003	1181.8543300562058
2026-05-02 12:27:38.995	-6.8135192	107.6433002	1181.8443299964458
2026-05-02 12:27:39.257	-6.8135193	107.6433001	1181.8243305279684
2026-05-02 12:27:39.493	-6.8135194	107.6433	1181.824331059491
2026-05-02 12:27:39.757	-6.8135194	107.6432999	1181.8343309997313
2026-05-02 12:27:39.995	-6.8135195	107.6432998	1181.8443315312543
2026-05-02 12:27:40.260	-6.8135196	107.6432997	1181.8343320627769
2026-05-02 12:27:40.494	-6.8135196	107.6432997	1181.8143320627769
2026-05-02 12:27:40.755	-6.8135197	107.6432996	1181.8043325942997
2026-05-02 12:27:40.994	-6.8135197	107.6432996	1181.7943325942997
2026-05-02 12:27:41.262	-6.8135197	107.6432994	1181.8043324747798
2026-05-02 12:27:41.494	-6.8135197	107.6432994	1181.7943324747798
2026-05-02 12:27:41.760	-6.8135198	107.6432993	1181.7843330063026
2026-05-02 12:27:41.993	-6.8135198	107.6432992	1181.7943329465427
2026-05-02 12:27:42.259	-6.81352	107.643299	1181.8143340095883
2026-05-02 12:27:42.494	-6.8135201	107.6432989	1181.8143345411113
2026-05-02 12:27:42.753	-6.8135201	107.6432988	1181.8143344813514
2026-05-02 12:27:43.000	-6.8135201	107.6432987	1181.8043344215912
2026-05-02 12:27:43.264	-6.8135203	107.6432986	1181.7943355443972
2026-05-02 12:27:43.490	-6.8135203	107.6432985	1181.8243354846372
2026-05-02 12:27:43.754	-6.8135204	107.6432983	1181.8143359564
2026-05-02 12:27:43.995	-6.8135204	107.6432982	1181.80433589664
2026-05-02 12:27:44.260	-6.8135206	107.6432981	1181.7943370194462
2026-05-02 12:27:44.500	-6.8135207	107.6432981	1181.7643376107294
2026-05-02 12:27:44.785	-6.8135207	107.643298	1181.7443375509695
2026-05-02 12:27:44.999	-6.8135208	107.6432978	1181.7243380227324
2026-05-02 12:27:45.259	-6.8135209	107.6432977	1181.7343385542556
2026-05-02 12:27:45.495	-6.8135209	107.6432975	1181.724338434735
2026-05-02 12:27:45.754	-6.813521	107.6432974	1181.7143389662583
2026-05-02 12:27:45.995	-6.813521	107.6432973	1181.694338906498
2026-05-02 12:27:46.256	-6.813521	107.6432972	1181.6943388467375
2026-05-02 12:27:46.494	-6.813521	107.6432972	1181.7043388467375
2026-05-02 12:27:46.759	-6.813521	107.6432971	1181.6943387869771
2026-05-02 12:27:46.998	-6.8135211	107.6432971	1181.7043393782608
2026-05-02 12:27:47.260	-6.8135212	107.6432972	1181.7743400293048
2026-05-02 12:27:47.501	-6.8135211	107.6432971	1181.7643393782607
2026-05-02 12:27:47.764	-6.8135211	107.6432971	1181.7443393782607
2026-05-02 12:27:48.001	-6.8135212	107.643297	1181.734339909784
2026-05-02 12:27:48.260	-6.8135213	107.6432968	1181.7243403815469
2026-05-02 12:27:48.495	-6.8135213	107.6432967	1181.7143403217865
2026-05-02 12:27:48.764	-6.8135213	107.6432966	1181.6943402620261
2026-05-02 12:27:49.000	-6.8135214	107.6432967	1181.7043409130702
2026-05-02 12:27:49.256	-6.8135215	107.6432966	1181.6843414445937
2026-05-02 12:27:49.499	-6.8135215	107.6432965	1181.6643413848333
2026-05-02 12:27:49.754	-6.8135215	107.6432965	1181.6643413848333
2026-05-02 12:27:49.995	-6.8135216	107.6432965	1181.654341976117
2026-05-02 12:27:50.257	-6.8135217	107.6432964	1181.6543425076404
2026-05-02 12:27:50.502	-6.8135217	107.6432963	1181.64434244788
2026-05-02 12:27:50.755	-6.8135217	107.6432962	1181.6443423881194
2026-05-02 12:27:50.994	-6.8135217	107.6432961	1181.654342328359
2026-05-02 12:27:51.262	-6.8135218	107.6432959	1181.6543428001219
2026-05-02 12:27:51.494	-6.8135218	107.6432957	1181.6443426806004
2026-05-02 12:27:51.762	-6.8135218	107.6432958	1181.6643427403612
2026-05-02 12:27:51.999	-6.8135219	107.6432957	1181.6943432718845
2026-05-02 12:27:52.254	-6.8135219	107.6432956	1181.7143432121238
2026-05-02 12:27:52.499	-6.8135219	107.6432955	1181.7143431523632
2026-05-02 12:27:52.764	-6.8135219	107.6432955	1181.7243431523632
2026-05-02 12:27:52.995	-6.813522	107.6432954	1181.7243436838867
2026-05-02 12:27:53.255	-6.8135221	107.6432953	1181.7043442154102
2026-05-02 12:27:53.500	-6.8135222	107.6432952	1181.6843447469337
2026-05-02 12:27:53.750	-6.8135223	107.6432952	1181.704345338218
2026-05-02 12:27:54.001	-6.8135223	107.643295	1181.7043452186965
2026-05-02 12:27:54.262	-6.8135222	107.6432949	1181.7043445676513
2026-05-02 12:27:54.497	-6.8135222	107.6432948	1181.6743445078905
2026-05-02 12:27:54.770	-6.8135221	107.6432947	1181.664343856845
2026-05-02 12:27:54.991	-6.813522	107.6432946	1181.6543432057997
2026-05-02 12:27:55.250	-6.8135221	107.6432945	1181.6243437373232
2026-05-02 12:27:55.495	-6.8135221	107.6432944	1181.6143436775621
2026-05-02 12:27:55.757	-6.8135221	107.6432944	1181.6143436775621
2026-05-02 12:27:55.994	-6.8135221	107.6432943	1181.604343617801
