[System]
Platform=SEANO USV
Start_Time=2026-03-26 16:18:09
Timezone=WIB

[Sensor]
Name=Battery

[Columns]
Timestamp(WIB)	Voltage	Current	Percentage

[Data]
2026-03-26 16:18:14.442	14.986968040466309	-0.558617353439331	99.37297105789185
2026-03-26 16:18:15.440	14.961535453796387	-2.4147307872772217	99.20650720596313
2026-03-26 16:18:16.449	15.014045715332031	-2.819838523864746	99.04915690422058
2026-03-26 16:18:17.440	14.927810668945312	-2.386453866958618	98.89801740646362
2026-03-26 16:18:18.440	14.938573837280273	-0.5726752281188965	98.77176284790039
2026-03-26 16:18:19.438	14.95592212677002	-1.1914011240005493	98.70392084121704
2026-03-26 16:18:20.440	14.936078071594238	-1.8527345657348633	98.54061007499695
2026-03-26 16:18:21.440	14.946301460266113	-2.8111531734466553	98.40065836906433
2026-03-26 16:18:22.440	14.979620933532715	-0.7782585024833679	98.26204180717468
2026-03-26 16:18:23.440	14.906661987304688	-1.3424274921417236	98.13328385353088
2026-03-26 16:18:24.443	14.94812297821045	-0.817994236946106	97.98780679702759
2026-03-26 16:18:25.439	14.90289306640625	-1.7194689512252808	97.79385924339294
2026-03-26 16:18:26.440	14.884438514709473	-0.6128989458084106	97.7397620677948
2026-03-26 16:18:27.440	14.905948638916016	-1.372469425201416	97.63327836990356
2026-03-26 16:18:28.440	14.962189674377441	-1.1760083436965942	97.52206802368164
2026-03-26 16:18:29.440	14.956049919128418	-2.8006021976470947	97.38641381263733
2026-03-26 16:18:30.439	14.892892837524414	-0.702217698097229	97.30530381202698
2026-03-26 16:18:31.441	14.880010604858398	-1.851051688194275	97.19938635826111
2026-03-26 16:18:32.441	14.894996643066406	-2.587923765182495	97.01569080352783
2026-03-26 16:18:33.440	14.909996032714844	-1.5751705169677734	96.82739973068237
2026-03-26 16:18:34.441	14.853353500366211	-2.1621198654174805	96.69896364212036
2026-03-26 16:18:35.440	14.863391876220703	-2.5303447246551514	96.63429856300354
2026-03-26 16:18:36.442	14.907540321350098	-1.2084569931030273	96.44956588745117
2026-03-26 16:18:37.440	14.8919038772583	-2.9334616661071777	96.29637002944946
2026-03-26 16:18:38.439	14.838659286499023	-2.6310272216796875	96.12551927566528
2026-03-26 16:18:39.439	14.863907814025879	-2.171337604522705	96.05541229248047
2026-03-26 16:18:40.440	14.871387481689453	-2.2405221462249756	95.9643542766571
2026-03-26 16:18:41.440	14.832672119140625	-0.9232715368270874	95.86470127105713
2026-03-26 16:18:42.439	14.90570068359375	-1.3803532123565674	95.75477838516235
2026-03-26 16:18:43.441	14.882035255432129	-2.241899013519287	95.59845924377441
2026-03-26 16:18:44.440	14.908724784851074	-1.1399154663085938	95.48326134681702
2026-03-26 16:18:45.440	14.907286643981934	-0.5883966684341431	95.36207318305969
2026-03-26 16:18:46.439	14.906349182128906	-1.1925773620605469	95.22852897644043
2026-03-26 16:18:47.439	14.816951751708984	-2.939159393310547	95.05332708358765
2026-03-26 16:18:48.441	14.878503799438477	-2.092816114425659	94.96656060218811
2026-03-26 16:18:49.440	14.854621887207031	-1.8948421478271484	94.82004642486572
2026-03-26 16:18:50.442	14.865132331848145	-0.7541357278823853	94.76575255393982
2026-03-26 16:18:51.440	14.857024192810059	-1.1856870651245117	94.66798901557922
2026-03-26 16:18:52.440	14.80889892578125	-1.766120195388794	94.58168745040894
2026-03-26 16:18:53.440	14.837637901306152	-1.8646222352981567	94.5151686668396
2026-03-26 16:18:54.440	14.861021995544434	-1.8093762397766113	94.35410499572754
2026-03-26 16:18:55.441	14.85973072052002	-1.358646273612976	94.2225992679596
2026-03-26 16:18:56.437	14.774291038513184	-2.264892578125	94.11928653717041
2026-03-26 16:18:57.438	14.794034957885742	-1.2182213068008423	94.0647542476654
2026-03-26 16:18:58.441	14.77293872833252	-2.3306946754455566	93.93593072891235
2026-03-26 16:18:59.437	14.858875274658203	-2.1874756813049316	93.8412070274353
2026-03-26 16:19:00.439	14.804567337036133	-1.088621973991394	93.76341104507446
2026-03-26 16:19:01.437	14.763084411621094	-1.9630305767059326	93.64798069000244
2026-03-26 16:19:02.437	14.838327407836914	-2.7854971885681152	93.4657633304596
2026-03-26 16:19:03.440	14.79026985168457	-1.896152377128601	93.35761666297913
2026-03-26 16:19:04.437	14.799827575683594	-0.7334005236625671	93.16577911376953
2026-03-26 16:19:05.437	14.78563117980957	-0.669175922870636	93.02619099617004
2026-03-26 16:19:06.437	14.818870544433594	-1.500530481338501	92.95244216918945
2026-03-26 16:19:07.437	14.788248062133789	-1.5244454145431519	92.7829921245575
2026-03-26 16:19:08.437	14.825626373291016	-2.733792781829834	92.62869954109192
2026-03-26 16:19:09.437	14.775080680847168	-0.9359955191612244	92.5733208656311
2026-03-26 16:19:10.437	14.735128402709961	-0.7745804786682129	92.44840741157532
2026-03-26 16:19:11.437	14.821572303771973	-0.9184443950653076	92.39283204078674
2026-03-26 16:19:12.438	14.738171577453613	-2.7372519969940186	92.3335611820221
2026-03-26 16:19:13.437	14.798318862915039	-0.814821720123291	92.14316010475159
2026-03-26 16:19:14.438	14.724268913269043	-1.175600528717041	91.9657051563263
2026-03-26 16:19:15.437	14.716035842895508	-1.3861215114593506	91.80787205696106
2026-03-26 16:19:16.437	14.71174430847168	-2.6178300380706787	91.64837598800659
2026-03-26 16:19:17.437	14.72705078125	-0.9317398071289062	91.48907661437988
2026-03-26 16:19:18.437	14.771233558654785	-0.735122561454773	91.34011268615723
2026-03-26 16:19:19.438	14.751266479492188	-2.9228882789611816	91.24054908752441
2026-03-26 16:19:20.437	14.777276992797852	-2.9519400596618652	91.0424530506134
2026-03-26 16:19:21.437	14.733658790588379	-1.7834014892578125	90.92599153518677
2026-03-26 16:19:22.438	14.713691711425781	-2.680556535720825	90.76758623123169
2026-03-26 16:19:23.438	14.74494457244873	-2.8671720027923584	90.60614705085754
2026-03-26 16:19:24.438	14.708481788635254	-2.514432430267334	90.40890336036682
2026-03-26 16:19:25.437	14.723657608032227	-0.7361026406288147	90.31643271446228
2026-03-26 16:19:26.440	14.659793853759766	-0.7457916140556335	90.19609689712524
2026-03-26 16:19:27.437	14.702309608459473	-1.3413143157958984	90.13633131980896
2026-03-26 16:19:28.437	14.663347244262695	-2.0100932121276855	90.02240896224976
2026-03-26 16:19:29.437	14.65808391571045	-1.306805968284607	89.91245627403259
2026-03-26 16:19:30.442	14.682859420776367	-2.2644686698913574	89.76780772209167
2026-03-26 16:19:31.441	14.692355155944824	-2.379913568496704	89.6702766418457
2026-03-26 16:19:32.440	14.72513198852539	-2.666465997695923	89.47626948356628
2026-03-26 16:19:33.441	14.728732109069824	-0.5348101854324341	89.31244611740112
2026-03-26 16:19:34.441	14.71837329864502	-2.5220894813537598	89.20300006866455
2026-03-26 16:19:35.441	14.627514839172363	-1.2373449802398682	89.02689814567566
2026-03-26 16:19:36.437	14.702400207519531	-2.416391134262085	88.85131478309631
2026-03-26 16:19:37.437	14.712198257446289	-0.5830538272857666	88.7553334236145
2026-03-26 16:19:38.437	14.658004760742188	-1.7114800214767456	88.58166337013245
2026-03-26 16:19:39.437	14.638411521911621	-1.8925058841705322	88.47646117210388
2026-03-26 16:19:40.438	14.6478271484375	-0.8255309462547302	88.30527663230896
2026-03-26 16:19:41.438	14.65401554107666	-1.3005722761154175	88.13026547431946
2026-03-26 16:19:42.439	14.678987503051758	-1.2581509351730347	88.05186748504639
2026-03-26 16:19:43.441	14.681547164916992	-2.2834956645965576	87.88437843322754
2026-03-26 16:19:44.437	14.642273902893066	-2.872420072555542	87.76735663414001
2026-03-26 16:19:45.442	14.634478569030762	-1.7191927433013916	87.70356178283691
2026-03-26 16:19:46.443	14.598563194274902	-1.3874921798706055	87.57619857788086
2026-03-26 16:19:47.438	14.62154769897461	-1.4288653135299683	87.47121095657349
2026-03-26 16:19:48.438	14.597698211669922	-2.4536945819854736	87.39745616912842
2026-03-26 16:19:49.437	14.658233642578125	-0.5016056299209595	87.27719783782959
2026-03-26 16:19:50.451	14.603565216064453	-0.5870081186294556	87.17207908630371
2026-03-26 16:19:51.442	14.636534690856934	-1.2462483644485474	87.05931305885315
2026-03-26 16:19:52.439	14.610025405883789	-0.8266991972923279	86.98794841766357
2026-03-26 16:19:53.439	14.5675630569458	-0.9368394017219543	86.846923828125
2026-03-26 16:19:54.438	14.579697608947754	-2.105052947998047	86.74640655517578
2026-03-26 16:19:55.438	14.608515739440918	-2.3121368885040283	86.61800622940063
2026-03-26 16:19:56.438	14.621313095092773	-2.5776069164276123	86.4764928817749
2026-03-26 16:19:57.439	14.622676849365234	-2.803967237472534	86.33276224136353
2026-03-26 16:19:58.437	14.61270523071289	-2.6375393867492676	86.24072670936584
2026-03-26 16:19:59.437	14.547728538513184	-0.9685738682746887	86.15218997001648
2026-03-26 16:20:00.438	14.581802368164062	-0.8169264793395996	86.01887822151184
2026-03-26 16:20:01.437	14.528142929077148	-2.9066100120544434	85.83083748817444
2026-03-26 16:20:02.439	14.592493057250977	-1.7581993341445923	85.67126989364624
2026-03-26 16:20:03.437	14.58443546295166	-1.7405372858047485	85.57518124580383
2026-03-26 16:20:04.437	14.609031677246094	-2.2323646545410156	85.42464971542358
2026-03-26 16:20:05.438	14.549386978149414	-0.6705835461616516	85.31600832939148
2026-03-26 16:20:06.438	14.59893798828125	-2.9475362300872803	85.1802408695221
2026-03-26 16:20:07.437	14.595005989074707	-1.7379878759384155	85.10486483573914
2026-03-26 16:20:08.437	14.585939407348633	-1.864307165145874	84.99191403388977
2026-03-26 16:20:09.437	14.513965606689453	-0.8451956510543823	84.90729331970215
2026-03-26 16:20:10.438	14.508298873901367	-1.1103965044021606	84.7764253616333
2026-03-26 16:20:11.437	14.524728775024414	-1.4241383075714111	84.59751009941101
2026-03-26 16:20:12.440	14.485588073730469	-1.7205121517181396	84.45585370063782
2026-03-26 16:20:13.437	14.545560836791992	-2.987642526626587	84.38109159469604
2026-03-26 16:20:14.437	14.519063949584961	-1.0235520601272583	84.2142105102539
2026-03-26 16:20:15.439	14.489737510681152	-2.620133638381958	84.09720659255981
2026-03-26 16:20:16.438	14.520027160644531	-2.5835957527160645	83.98800492286682
2026-03-26 16:20:17.439	14.479165077209473	-2.7121336460113525	83.88952016830444
2026-03-26 16:20:18.437	14.523866653442383	-0.7096582651138306	83.82945656776428
2026-03-26 16:20:19.439	14.47017765045166	-1.6989753246307373	83.766770362854
2026-03-26 16:20:20.440	14.542590141296387	-0.8668910264968872	83.62118005752563
2026-03-26 16:20:21.438	14.463547706604004	-1.4121500253677368	83.57002139091492
2026-03-26 16:20:22.437	14.4868745803833	-0.7775205969810486	83.39439630508423
2026-03-26 16:20:23.439	14.488953590393066	-1.5320281982421875	83.28711986541748
2026-03-26 16:20:24.438	14.475740432739258	-1.9071993827819824	83.10773372650146
2026-03-26 16:20:25.438	14.47964096069336	-1.5629183053970337	82.96083211898804
2026-03-26 16:20:26.437	14.487959861755371	-2.6342763900756836	82.86375999450684
2026-03-26 16:20:27.437	14.499114990234375	-2.3940911293029785	82.7290415763855
2026-03-26 16:20:28.439	14.48116397857666	-2.7757928371429443	82.63323903083801
2026-03-26 16:20:29.437	14.453969955444336	-0.9221890568733215	82.48156905174255
2026-03-26 16:20:30.439	14.442639350891113	-2.158431053161621	82.37183094024658
2026-03-26 16:20:31.437	14.495996475219727	-1.6147596836090088	82.1942925453186
2026-03-26 16:20:32.438	14.424836158752441	-2.1771929264068604	82.08808898925781
2026-03-26 16:20:33.438	14.458720207214355	-0.5201961398124695	81.92370533943176
2026-03-26 16:20:34.437	14.473993301391602	-2.1822140216827393	81.81339502334595
2026-03-26 16:20:35.437	14.418558120727539	-0.7687913775444031	81.62431716918945
2026-03-26 16:20:36.437	14.44675064086914	-1.4527454376220703	81.47207498550415
2026-03-26 16:20:37.438	14.42127799987793	-2.0318892002105713	81.31695985794067
2026-03-26 16:20:38.440	14.42709732055664	-2.3565993309020996	81.22164011001587
2026-03-26 16:20:39.438	14.425432205200195	-1.2136014699935913	81.10646605491638
2026-03-26 16:20:40.439	14.409920692443848	-2.085354804992676	81.01763129234314
2026-03-26 16:20:41.438	14.45669174194336	-2.810731887817383	80.86526393890381
2026-03-26 16:20:42.439	14.453594207763672	-0.8675863742828369	80.71653842926025
2026-03-26 16:20:43.437	14.37120246887207	-2.751922130584717	80.58089017868042
2026-03-26 16:20:44.438	14.445780754089355	-1.6218914985656738	80.49042224884033
2026-03-26 16:20:45.438	14.429110527038574	-1.9197072982788086	80.35693764686584
2026-03-26 16:20:46.437	14.38370132446289	-1.8587782382965088	80.16178607940674
2026-03-26 16:20:47.439	14.438933372497559	-1.743255615234375	80.09686470031738
2026-03-26 16:20:48.442	14.383652687072754	-0.8240832686424255	79.93376851081848
2026-03-26 16:20:49.438	14.382987022399902	-1.2446072101593018	79.737389087677
2026-03-26 16:20:50.437	14.36725902557373	-0.9966294169425964	79.56408262252808
2026-03-26 16:20:51.439	14.41162109375	-2.247731924057007	79.41702604293823
2026-03-26 16:20:52.438	14.363537788391113	-2.413283348083496	79.3249249458313
2026-03-26 16:20:53.438	14.400121688842773	-1.1330599784851074	79.21561598777771
2026-03-26 16:20:54.437	14.350563049316406	-2.195378541946411	79.16547060012817
2026-03-26 16:20:55.438	14.350312232971191	-2.5718278884887695	78.98476123809814
2026-03-26 16:20:56.439	14.377159118652344	-1.9567755460739136	78.82399559020996
2026-03-26 16:20:57.438	14.40822696685791	-2.574274778366089	78.7646472454071
2026-03-26 16:20:58.437	14.39348030090332	-1.5869038105010986	78.58399748802185
2026-03-26 16:20:59.438	14.308480262756348	-1.3685290813446045	78.44144701957703
2026-03-26 16:21:00.438	14.30372142791748	-2.4903976917266846	78.39127779006958
2026-03-26 16:21:01.440	14.365878105163574	-2.1118228435516357	78.31083536148071
2026-03-26 16:21:02.437	14.354406356811523	-2.4789371490478516	78.1225323677063
2026-03-26 16:21:03.438	14.304530143737793	-2.3146605491638184	77.93774604797363
2026-03-26 16:21:04.439	14.328082084655762	-2.960036039352417	77.77096033096313
2026-03-26 16:21:05.446	14.32879638671875	-0.5002829432487488	77.71030068397522
2026-03-26 16:21:06.437	14.298710823059082	-1.2660733461380005	77.58155465126038
2026-03-26 16:21:07.438	14.288674354553223	-2.2539360523223877	77.46276259422302
2026-03-26 16:21:08.437	14.3316068649292	-1.0148223638534546	77.30701565742493
2026-03-26 16:21:09.437	14.342628479003906	-0.6408345699310303	77.17693448066711
2026-03-26 16:21:10.438	14.350247383117676	-2.1855812072753906	77.0385205745697
2026-03-26 16:21:11.437	14.290101051330566	-2.5928139686584473	76.89565420150757
2026-03-26 16:21:12.438	14.329594612121582	-1.2714887857437134	76.72464847564697
2026-03-26 16:21:13.438	14.327454566955566	-0.9370891451835632	76.5889048576355
2026-03-26 16:21:14.439	14.261734008789062	-2.948298692703247	76.47140622138977
2026-03-26 16:21:15.437	14.309895515441895	-2.446884870529175	76.36539340019226
2026-03-26 16:21:16.439	14.255231857299805	-0.7849029898643494	76.30524635314941
2026-03-26 16:21:17.442	14.25472640991211	-2.0836031436920166	76.21703743934631
2026-03-26 16:21:18.438	14.318151473999023	-1.3940236568450928	76.07724666595459
2026-03-26 16:21:19.437	14.251973152160645	-2.215575933456421	76.01390480995178
2026-03-26 16:21:20.437	14.316926002502441	-2.1015796661376953	75.90846419334412
2026-03-26 16:21:21.438	14.282316207885742	-2.408703327178955	75.72450041770935
2026-03-26 16:21:22.439	14.256590843200684	-2.0867958068847656	75.66784024238586
2026-03-26 16:21:23.437	14.227099418640137	-2.2663114070892334	75.532466173172
2026-03-26 16:21:24.438	14.27670955657959	-0.7559523582458496	75.38023591041565
2026-03-26 16:21:25.441	14.266887664794922	-1.8831802606582642	75.20718574523926
2026-03-26 16:21:26.438	14.23463249206543	-1.5045968294143677	75.12989044189453
2026-03-26 16:21:27.441	14.205522537231445	-2.5193257331848145	74.99144077301025
2026-03-26 16:21:28.441	14.22325325012207	-1.7391588687896729	74.92993474006653
2026-03-26 16:21:29.438	14.198668479919434	-1.6708245277404785	74.76164102554321
2026-03-26 16:21:30.437	14.213057518005371	-1.709471583366394	74.67998266220093
2026-03-26 16:21:31.441	14.231213569641113	-1.3048111200332642	74.55646395683289
2026-03-26 16:21:32.438	14.192301750183105	-1.94013249874115	74.35659766197205
2026-03-26 16:21:33.439	14.25646686553955	-2.169665575027466	74.17236566543579
2026-03-26 16:21:34.442	14.219335556030273	-1.5846539735794067	74.0975558757782
2026-03-26 16:21:35.438	14.262340545654297	-1.0035083293914795	73.94583821296692
2026-03-26 16:21:36.445	14.212309837341309	-1.4568125009536743	73.76665472984314
2026-03-26 16:21:37.438	14.182443618774414	-1.0862953662872314	73.58379364013672
2026-03-26 16:21:38.437	14.212699890136719	-1.558490514755249	73.42436909675598
2026-03-26 16:21:39.438	14.228924751281738	-1.7363520860671997	73.28413724899292
2026-03-26 16:21:40.440	14.218710899353027	-2.215261936187744	73.12785983085632
2026-03-26 16:21:41.439	14.227134704589844	-2.95727801322937	73.01998734474182
2026-03-26 16:21:42.439	14.160649299621582	-2.9992105960845947	72.82642722129822
2026-03-26 16:21:43.440	14.140326499938965	-1.1516609191894531	72.67426252365112
2026-03-26 16:21:44.440	14.140166282653809	-1.3344247341156006	72.56901264190674
2026-03-26 16:21:45.437	14.158740043640137	-1.60149085521698	72.43098616600037
2026-03-26 16:21:46.439	14.170949935913086	-1.830493450164795	72.30715155601501
2026-03-26 16:21:47.437	14.161602973937988	-2.619664430618286	72.24719524383545
2026-03-26 16:21:48.438	14.124451637268066	-1.0537387132644653	72.06200361251831
2026-03-26 16:21:49.437	14.120409965515137	-1.5950067043304443	71.9342291355133
2026-03-26 16:21:50.441	14.202290534973145	-2.0811593532562256	71.80067300796509
2026-03-26 16:21:51.438	14.171530723571777	-1.5560919046401978	71.60789370536804
2026-03-26 16:21:52.437	14.167988777160645	-1.8338756561279297	71.53952121734619
2026-03-26 16:21:53.438	14.103781700134277	-0.7574209570884705	71.42390608787537
2026-03-26 16:21:54.438	14.16746997833252	-0.60563725233078	71.22489809989929
2026-03-26 16:21:55.438	14.114760398864746	-1.0885223150253296	71.05548977851868
2026-03-26 16:21:56.439	14.095767974853516	-1.0262259244918823	70.9318995475769
2026-03-26 16:21:57.439	14.171393394470215	-2.9662230014801025	70.76442241668701
2026-03-26 16:21:58.438	14.168150901794434	-1.5769667625427246	70.66711187362671
2026-03-26 16:21:59.437	14.119446754455566	-1.7756444215774536	70.52595615386963
2026-03-26 16:22:00.439	14.118267059326172	-1.4014040231704712	70.38934230804443
2026-03-26 16:22:01.438	14.088071823120117	-1.4234939813613892	70.1905906200409
2026-03-26 16:22:02.441	14.151158332824707	-1.2722195386886597	70.0833261013031
2026-03-26 16:22:03.439	14.118598937988281	-1.41681706905365	69.88692879676819
2026-03-26 16:22:04.437	14.115655899047852	-1.2646929025650024	69.80583071708679
2026-03-26 16:22:05.437	14.057892799377441	-1.809965968132019	69.68488097190857
2026-03-26 16:22:06.439	14.091320991516113	-1.0507975816726685	69.63480710983276
2026-03-26 16:22:07.439	14.074161529541016	-0.8460733294487	69.50668096542358
2026-03-26 16:22:08.439	14.129215240478516	-1.2654221057891846	69.32655572891235
2026-03-26 16:22:09.439	14.09038257598877	-2.038236618041992	69.20577883720398
2026-03-26 16:22:10.438	14.08319091796875	-0.580528199672699	69.05702948570251
2026-03-26 16:22:11.438	14.076200485229492	-1.8062657117843628	68.94392371177673
2026-03-26 16:22:12.437	14.039743423461914	-1.3866050243377686	68.8554048538208
2026-03-26 16:22:13.438	14.025899887084961	-1.8453491926193237	68.7339186668396
2026-03-26 16:22:14.438	14.012941360473633	-1.5382165908813477	68.67837309837341
2026-03-26 16:22:15.438	14.020875930786133	-1.8246653079986572	68.59371662139893
2026-03-26 16:22:16.437	14.03531551361084	-2.635232925415039	68.4080421924591
2026-03-26 16:22:17.439	14.069437026977539	-1.5060368776321411	68.31262707710266
2026-03-26 16:22:18.439	14.071562767028809	-1.521115779876709	68.24884414672852
2026-03-26 16:22:19.439	14.031331062316895	-2.8417325019836426	68.1668758392334
2026-03-26 16:22:20.438	14.086859703063965	-1.741308331489563	68.00631284713745
2026-03-26 16:22:21.437	14.076834678649902	-2.7498722076416016	67.83734560012817
2026-03-26 16:22:22.437	13.993855476379395	-1.3367446660995483	67.67104864120483
2026-03-26 16:22:23.438	13.982478141784668	-2.302345037460327	67.56175756454468
2026-03-26 16:22:24.439	14.010368347167969	-2.17325496673584	67.40357875823975
2026-03-26 16:22:25.441	14.013029098510742	-2.4519786834716797	67.29104518890381
2026-03-26 16:22:26.441	13.988913536071777	-2.437095880508423	67.16523766517639
2026-03-26 16:22:27.439	14.031782150268555	-2.675957441329956	67.02276468276978
2026-03-26 16:22:28.440	14.00684642791748	-2.5881848335266113	66.92095994949341
2026-03-26 16:22:29.441	14.039460182189941	-1.1133829355239868	66.73130989074707
2026-03-26 16:22:30.440	14.04509449005127	-0.5571112036705017	66.54013991355896
2026-03-26 16:22:31.439	14.0127534866333	-1.1718692779541016	66.38376712799072
2026-03-26 16:22:32.440	13.943891525268555	-1.1048264503479004	66.29146933555603
2026-03-26 16:22:33.439	14.010778427124023	-1.2100584506988525	66.15884304046631
2026-03-26 16:22:34.440	13.954977989196777	-0.5525214076042175	66.04983806610107
2026-03-26 16:22:35.441	14.003838539123535	-1.8827271461486816	65.93432426452637
2026-03-26 16:22:36.440	13.97636890411377	-0.5738614201545715	65.87518453598022
2026-03-26 16:22:37.440	13.980130195617676	-2.108614683151245	65.73287844657898
2026-03-26 16:22:38.439	13.989982604980469	-1.8329875469207764	65.66731333732605
2026-03-26 16:22:39.440	13.931520462036133	-2.8873820304870605	65.55097103118896
2026-03-26 16:22:40.441	13.941143035888672	-1.6191051006317139	65.49758911132812
2026-03-26 16:22:41.441	14.008807182312012	-2.1943140029907227	65.4201865196228
2026-03-26 16:22:42.440	13.947245597839355	-2.2360455989837646	65.32692909240723
2026-03-26 16:22:43.440	14.00057315826416	-1.6031639575958252	65.14486074447632
2026-03-26 16:22:44.440	13.999082565307617	-2.100879430770874	65.04169702529907
2026-03-26 16:22:45.440	13.908781051635742	-0.8805670142173767	64.96832966804504
2026-03-26 16:22:46.440	13.969088554382324	-1.812049150466919	64.86694812774658
2026-03-26 16:22:47.439	13.952790260314941	-1.9543346166610718	64.78182077407837
2026-03-26 16:22:48.440	13.977903366088867	-0.5531941056251526	64.63743448257446
2026-03-26 16:22:49.441	13.889692306518555	-0.6139131188392639	64.45125937461853
2026-03-26 16:22:50.442	13.9403657913208	-1.7975150346755981	64.3993079662323
2026-03-26 16:22:51.441	13.895724296569824	-1.072493314743042	64.32679891586304
2026-03-26 16:22:52.440	13.948305130004883	-2.5709550380706787	64.25355672836304
2026-03-26 16:22:53.441	13.954566955566406	-0.8839149475097656	64.13666605949402
2026-03-26 16:22:54.440	13.944035530090332	-0.7144299149513245	64.03961777687073
2026-03-26 16:22:55.442	13.89906120300293	-2.733614921569824	63.89455795288086
2026-03-26 16:22:56.441	13.876408576965332	-0.8592063188552856	63.83070349693298
2026-03-26 16:22:57.441	13.904162406921387	-0.7037625312805176	63.63212466239929
2026-03-26 16:22:58.441	13.908137321472168	-1.5729180574417114	63.463371992111206
2026-03-26 16:22:59.440	13.871323585510254	-2.6347901821136475	63.307225704193115
2026-03-26 16:23:00.440	13.92367172241211	-1.273934006690979	63.24739456176758
2026-03-26 16:23:01.440	13.908659934997559	-0.8287072777748108	63.16244602203369
2026-03-26 16:23:02.440	13.893016815185547	-0.633796751499176	62.979888916015625
2026-03-26 16:23:03.440	13.868329048156738	-1.2055914402008057	62.92827129364014
2026-03-26 16:23:04.441	13.87590217590332	-2.7459259033203125	62.79820203781128
2026-03-26 16:23:05.442	13.931498527526855	-1.8689887523651123	62.728285789489746
2026-03-26 16:23:06.441	13.90291690826416	-1.6002857685089111	62.627214193344116
2026-03-26 16:23:07.440	13.876623153686523	-0.6826543211936951	62.46381998062134
2026-03-26 16:23:08.440	13.857004165649414	-2.106468439102173	62.41321563720703
2026-03-26 16:23:09.441	13.828092575073242	-0.5137700438499451	62.36001253128052
2026-03-26 16:23:10.441	13.867364883422852	-2.8655753135681152	62.22934126853943
2026-03-26 16:23:11.441	13.825838088989258	-0.9388489127159119	62.101954221725464
2026-03-26 16:23:12.441	13.878520011901855	-1.6971704959869385	62.036728858947754
2026-03-26 16:23:13.441	13.865455627441406	-1.0098458528518677	61.910074949264526
2026-03-26 16:23:14.440	13.868348121643066	-2.861971378326416	61.7354154586792
2026-03-26 16:23:15.438	13.813097953796387	-2.017958879470825	61.56128644943237
2026-03-26 16:23:16.437	13.84253215789795	-0.7329882383346558	61.42210364341736
2026-03-26 16:23:17.441	13.836641311645508	-2.2371790409088135	61.33735179901123
2026-03-26 16:23:18.442	13.878145217895508	-2.8074915409088135	61.21792793273926
2026-03-26 16:23:19.437	13.87228012084961	-2.604848623275757	61.11485958099365
2026-03-26 16:23:20.441	13.799745559692383	-0.9553680419921875	60.979264974594116
2026-03-26 16:23:21.437	13.836297035217285	-2.26375150680542	60.79366207122803
2026-03-26 16:23:22.437	13.773041725158691	-2.9365477561950684	60.72096824645996
2026-03-26 16:23:23.437	13.79525375366211	-2.405428647994995	60.5601966381073
2026-03-26 16:23:24.437	13.826865196228027	-1.661952257156372	60.46450138092041
2026-03-26 16:23:25.438	13.79904842376709	-2.355299472808838	60.40913462638855
2026-03-26 16:23:26.437	13.789584159851074	-2.8606226444244385	60.320645570755005
2026-03-26 16:23:27.437	13.809595108032227	-1.8085684776306152	60.193997621536255
2026-03-26 16:23:28.437	13.781164169311523	-1.7802989482879639	60.09212136268616
2026-03-26 16:23:29.441	13.807443618774414	-1.8780097961425781	59.921908378601074
2026-03-26 16:23:30.441	13.771560668945312	-1.2032384872436523	59.81936454772949
2026-03-26 16:23:31.437	13.817146301269531	-2.19181489944458	59.699416160583496
2026-03-26 16:23:32.441	13.738703727722168	-1.0701872110366821	59.535449743270874
2026-03-26 16:23:33.441	13.80441665649414	-1.6365923881530762	59.38910245895386
2026-03-26 16:23:34.441	13.807378768920898	-0.8681793808937073	59.20037031173706
2026-03-26 16:23:35.440	13.749198913574219	-1.866148829460144	59.056055545806885
2026-03-26 16:23:36.442	13.766549110412598	-2.2320029735565186	58.99043679237366
2026-03-26 16:23:37.441	13.742368698120117	-2.812687397003174	58.85553956031799
2026-03-26 16:23:38.441	13.747440338134766	-1.2556908130645752	58.712029457092285
2026-03-26 16:23:39.441	13.754673957824707	-1.7209101915359497	58.619797229766846
2026-03-26 16:23:40.441	13.74527645111084	-1.2521677017211914	58.41994285583496
2026-03-26 16:23:41.441	13.762166976928711	-0.8265465497970581	58.23705196380615
2026-03-26 16:23:42.442	13.738231658935547	-2.2008657455444336	58.141547441482544
2026-03-26 16:23:43.441	13.732638359069824	-1.2034169435501099	58.05652141571045
2026-03-26 16:23:44.441	13.708356857299805	-2.6965742111206055	58.00364017486572
2026-03-26 16:23:45.441	13.725472450256348	-2.5727593898773193	57.865458726882935
2026-03-26 16:23:46.440	13.763587951660156	-1.691681146621704	57.76128172874451
2026-03-26 16:23:47.440	13.696002006530762	-2.1310105323791504	57.66931176185608
2026-03-26 16:23:48.440	13.677201271057129	-1.2268565893173218	57.57038593292236
2026-03-26 16:23:49.439	13.726215362548828	-2.0806620121002197	57.51621723175049
2026-03-26 16:23:50.440	13.750361442565918	-1.4634929895401	57.33170509338379
2026-03-26 16:23:51.441	13.721888542175293	-2.0256285667419434	57.20609426498413
2026-03-26 16:23:52.441	13.710517883300781	-1.2417458295822144	57.11019039154053
2026-03-26 16:23:53.442	13.749333381652832	-1.2395745515823364	56.95275068283081
2026-03-26 16:23:54.441	13.719945907592773	-1.191806674003601	56.80856704711914
2026-03-26 16:23:55.438	13.689146041870117	-1.3064361810684204	56.66378736495972
2026-03-26 16:23:56.441	13.729924201965332	-2.916888475418091	56.466495990753174
2026-03-26 16:23:57.441	13.676376342773438	-1.4372552633285522	56.29500150680542
2026-03-26 16:23:58.442	13.69245719909668	-1.1129847764968872	56.175559759140015
2026-03-26 16:23:59.441	13.67855453491211	-1.6746728420257568	56.12096190452576
2026-03-26 16:24:00.441	13.656539916992188	-2.0404555797576904	55.92957139015198
2026-03-26 16:24:01.440	13.706367492675781	-1.6397488117218018	55.78927397727966
2026-03-26 16:24:02.441	13.712257385253906	-1.8226723670959473	55.626410245895386
2026-03-26 16:24:03.440	13.695060729980469	-1.4884991645812988	55.493247509002686
2026-03-26 16:24:04.440	13.653042793273926	-1.321998119354248	55.30140995979309
2026-03-26 16:24:05.441	13.68620491027832	-1.3200818300247192	55.12017011642456
2026-03-26 16:24:06.438	13.701581001281738	-1.343540906906128	55.062299966812134
2026-03-26 16:24:07.440	13.606446266174316	-1.0096224546432495	54.88321781158447
2026-03-26 16:24:08.441	13.640340805053711	-2.2305781841278076	54.760611057281494
2026-03-26 16:24:09.441	13.595013618469238	-2.849897861480713	54.67883348464966
2026-03-26 16:24:10.440	13.595074653625488	-2.431259870529175	54.617881774902344
2026-03-26 16:24:11.440	13.619318962097168	-2.8194785118103027	54.46568727493286
2026-03-26 16:24:12.441	13.584619522094727	-2.4062345027923584	54.33986783027649
2026-03-26 16:24:13.441	13.604289054870605	-2.537451982498169	54.18665409088135
2026-03-26 16:24:14.441	13.646820068359375	-2.7367987632751465	54.09528613090515
2026-03-26 16:24:15.441	13.605194091796875	-1.7783658504486084	53.92497181892395
2026-03-26 16:24:16.440	13.63335132598877	-2.7732419967651367	53.761112689971924
2026-03-26 16:24:17.437	13.623631477355957	-1.9632538557052612	53.57543230056763
2026-03-26 16:24:18.437	13.591503143310547	-0.8620899319648743	53.43809723854065
2026-03-26 16:24:19.438	13.55366325378418	-0.7026033401489258	53.250157833099365
2026-03-26 16:24:20.438	13.623522758483887	-0.7614452838897705	53.166985511779785
2026-03-26 16:24:21.438	13.593350410461426	-0.8005402088165283	53.07718515396118
2026-03-26 16:24:22.439	13.620701789855957	-2.6177330017089844	53.00666093826294
2026-03-26 16:24:23.437	13.614523887634277	-2.7985246181488037	52.835315465927124
2026-03-26 16:24:24.440	13.565256118774414	-0.8581305742263794	52.722740173339844
2026-03-26 16:24:25.448	13.607999801635742	-1.0911189317703247	52.59889364242554
2026-03-26 16:24:26.442	13.5471830368042	-1.6736570596694946	52.47708559036255
2026-03-26 16:24:27.437	13.577378273010254	-1.9745585918426514	52.32970714569092
2026-03-26 16:24:28.438	13.529070854187012	-1.5762056112289429	52.2257924079895
2026-03-26 16:24:29.439	13.602160453796387	-1.579040288925171	52.11306810379028
2026-03-26 16:24:30.438	13.570267677307129	-2.5940725803375244	51.966291666030884
2026-03-26 16:24:31.438	13.54467487335205	-2.405458450317383	51.84231996536255
2026-03-26 16:24:32.438	13.529058456420898	-2.3686842918395996	51.78140997886658
2026-03-26 16:24:33.439	13.502242088317871	-2.708780527114868	51.67993903160095
2026-03-26 16:24:34.443	13.52628231048584	-0.9910922050476074	51.54328942298889
2026-03-26 16:24:35.437	13.543378829956055	-1.337327480316162	51.346367597579956
2026-03-26 16:24:36.439	13.57192611694336	-0.764796793460846	51.26439332962036
2026-03-26 16:24:37.438	13.553595542907715	-2.7875237464904785	51.14908218383789
2026-03-26 16:24:38.441	13.572582244873047	-0.6412985324859619	51.084792613983154
2026-03-26 16:24:39.439	13.571185111999512	-2.0133466720581055	50.952279567718506
2026-03-26 16:24:40.441	13.518131256103516	-0.5035995244979858	50.76075196266174
2026-03-26 16:24:41.439	13.50783920288086	-1.4677916765213013	50.686460733413696
2026-03-26 16:24:42.437	13.560338020324707	-2.155634880065918	50.634706020355225
2026-03-26 16:24:43.437	13.549703598022461	-0.7826107740402222	50.50573945045471
2026-03-26 16:24:44.440	13.514097213745117	-2.9524943828582764	50.35703182220459
2026-03-26 16:24:45.438	13.55788516998291	-0.7671738862991333	50.28325915336609
2026-03-26 16:24:46.437	13.47516918182373	-2.8393285274505615	50.08736848831177
2026-03-26 16:24:47.438	13.5090970993042	-2.295806646347046	50.01860857009888
2026-03-26 16:24:48.438	13.537652969360352	-0.8685898184776306	49.89497363567352
2026-03-26 16:24:49.438	13.445717811584473	-0.8468788862228394	49.84484314918518
2026-03-26 16:24:50.437	13.536598205566406	-2.8608756065368652	49.69237744808197
2026-03-26 16:24:51.438	13.456737518310547	-1.9228132963180542	49.54904019832611
2026-03-26 16:24:52.438	13.478304862976074	-2.882319211959839	49.47212338447571
2026-03-26 16:24:53.437	13.51003646850586	-0.9915021657943726	49.321386218070984
2026-03-26 16:24:54.439	13.469436645507812	-1.384719967842102	49.12422597408295
2026-03-26 16:24:55.437	13.520346641540527	-2.0471177101135254	49.07061755657196
2026-03-26 16:24:56.439	13.464545249938965	-0.7109103202819824	48.961323499679565
2026-03-26 16:24:57.438	13.43324089050293	-0.7667362689971924	48.89143705368042
2026-03-26 16:24:58.438	13.484439849853516	-1.5338389873504639	48.81867170333862
2026-03-26 16:24:59.437	13.453871726989746	-2.0604820251464844	48.656272888183594
2026-03-26 16:25:00.440	13.502798080444336	-2.8878226280212402	48.5519140958786
2026-03-26 16:25:01.439	13.466374397277832	-0.8153122067451477	48.368582129478455
2026-03-26 16:25:02.439	13.46034049987793	-2.7248928546905518	48.24516773223877
2026-03-26 16:25:03.438	13.426438331604004	-2.2311441898345947	48.11440110206604
2026-03-26 16:25:04.443	13.432458877563477	-0.9450628161430359	47.99173176288605
2026-03-26 16:25:05.439	13.482365608215332	-1.2347090244293213	47.92234003543854
2026-03-26 16:25:06.437	13.473196029663086	-0.5003431439399719	47.78308570384979
2026-03-26 16:25:07.438	13.436838150024414	-1.0336896181106567	47.654327750205994
2026-03-26 16:25:08.437	13.423458099365234	-1.9195146560668945	47.47338891029358
2026-03-26 16:25:09.437	13.435737609863281	-2.768718957901001	47.30033576488495
2026-03-26 16:25:10.437	13.37182903289795	-2.4863333702087402	47.19875156879425
2026-03-26 16:25:11.438	13.387700080871582	-2.6309354305267334	47.05642759799957
2026-03-26 16:25:12.439	13.42230224609375	-2.6534688472747803	46.90521955490112
2026-03-26 16:25:13.437	13.440496444702148	-0.5942179560661316	46.7391312122345
2026-03-26 16:25:14.437	13.443496704101562	-1.0953454971313477	46.685442328453064
2026-03-26 16:25:15.438	13.352113723754883	-1.3445029258728027	46.60015106201172
2026-03-26 16:25:16.440	13.382243156433105	-2.631476640701294	46.51477336883545
2026-03-26 16:25:17.437	13.408530235290527	-2.146521806716919	46.34035527706146
2026-03-26 16:25:18.438	13.39114761352539	-0.9563865065574646	46.194785833358765
2026-03-26 16:25:19.438	13.37491512298584	-2.2331926822662354	46.04658484458923
2026-03-26 16:25:20.438	13.416213035583496	-1.381637692451477	45.94091475009918
2026-03-26 16:25:21.437	13.38241195678711	-1.5140275955200195	45.88390290737152
2026-03-26 16:25:22.438	13.408568382263184	-0.5059217810630798	45.802706480026245
2026-03-26 16:25:23.437	13.333492279052734	-1.601136565208435	45.71314454078674
2026-03-26 16:25:24.438	13.408601760864258	-1.2862036228179932	45.59238851070404
2026-03-26 16:25:25.437	13.317915916442871	-2.902946710586548	45.39629518985748
2026-03-26 16:25:26.441	13.346445083618164	-2.50172758102417	45.231518149375916
2026-03-26 16:25:27.440	13.352763175964355	-2.698697805404663	45.05770206451416
2026-03-26 16:25:28.439	13.353423118591309	-1.9712072610855103	44.95875835418701
2026-03-26 16:25:29.438	13.355895042419434	-2.5753889083862305	44.78367269039154
2026-03-26 16:25:30.437	13.293618202209473	-1.1745659112930298	44.65802609920502
2026-03-26 16:25:31.437	13.3513765335083	-1.6547398567199707	44.57802176475525
2026-03-26 16:25:32.437	13.338882446289062	-2.6995465755462646	44.43301260471344
2026-03-26 16:25:33.438	13.364217758178711	-0.5725058317184448	44.3421334028244
2026-03-26 16:25:34.438	13.29728889465332	-1.1529107093811035	44.2704051733017
2026-03-26 16:25:35.437	13.286027908325195	-2.152831792831421	44.130805134773254
2026-03-26 16:25:36.437	13.282636642456055	-2.742400646209717	44.04137432575226
2026-03-26 16:25:37.443	13.36610221862793	-1.2400906085968018	43.91052424907684
2026-03-26 16:25:38.438	13.284687995910645	-0.8495716452598572	43.81972849369049
2026-03-26 16:25:39.437	13.288562774658203	-2.630692720413208	43.64517331123352
2026-03-26 16:25:40.438	13.271583557128906	-2.4000210762023926	43.51907670497894
2026-03-26 16:25:41.439	13.287801742553711	-2.5679614543914795	43.399858474731445
2026-03-26 16:25:42.438	13.254053115844727	-0.8747302293777466	43.26353967189789
2026-03-26 16:25:43.438	13.313119888305664	-1.9534493684768677	43.18647384643555
2026-03-26 16:25:44.437	13.274687767028809	-1.183847188949585	43.06962788105011
2026-03-26 16:25:45.439	13.310822486877441	-0.983959436416626	42.917776107788086
2026-03-26 16:25:46.438	13.245926856994629	-2.957296848297119	42.75659620761871
2026-03-26 16:25:47.437	13.253913879394531	-0.9281745553016663	42.66543984413147
2026-03-26 16:25:48.440	13.268171310424805	-1.100541114807129	42.50326454639435
2026-03-26 16:25:49.437	13.24290943145752	-2.4994137287139893	42.425671219825745
2026-03-26 16:25:50.438	13.244681358337402	-2.3405497074127197	42.290857434272766
2026-03-26 16:25:51.438	13.253264427185059	-0.5492254495620728	42.14974343776703
2026-03-26 16:25:52.438	13.261493682861328	-2.612421989440918	42.02922284603119
2026-03-26 16:25:53.438	13.230196952819824	-0.8988066911697388	41.894662380218506
2026-03-26 16:25:54.437	13.256427764892578	-1.9270585775375366	41.72830879688263
2026-03-26 16:25:55.438	13.247373580932617	-2.3781321048736572	41.64794087409973
2026-03-26 16:25:56.438	13.198952674865723	-2.6578845977783203	41.52922332286835
2026-03-26 16:25:57.440	13.257930755615234	-2.114731788635254	41.468313336372375
2026-03-26 16:25:58.438	13.220450401306152	-1.6103639602661133	41.32750928401947
2026-03-26 16:25:59.438	13.249755859375	-0.847994327545166	41.26974642276764
2026-03-26 16:26:00.438	13.27513313293457	-2.6179730892181396	41.14876091480255
2026-03-26 16:26:01.438	13.191672325134277	-1.2450766563415527	41.03836715221405
2026-03-26 16:26:02.442	13.218374252319336	-0.5421745777130127	40.91130197048187
2026-03-26 16:26:03.443	13.235101699829102	-1.4185112714767456	40.74254631996155
2026-03-26 16:26:04.439	13.265298843383789	-1.042385458946228	40.68000316619873
2026-03-26 16:26:05.442	13.207000732421875	-1.140665888786316	40.60344994068146
2026-03-26 16:26:06.437	13.189123153686523	-1.3886390924453735	40.45271873474121
2026-03-26 16:26:07.438	13.255521774291992	-1.2731808423995972	40.400686860084534
2026-03-26 16:26:08.437	13.234478950500488	-0.5684817433357239	40.22096395492554
2026-03-26 16:26:09.438	13.171202659606934	-1.5337083339691162	40.0849312543869
2026-03-26 16:26:10.438	13.181304931640625	-1.7530041933059692	39.94376063346863
2026-03-26 16:26:11.439	13.181522369384766	-2.7605457305908203	39.77961242198944
2026-03-26 16:26:12.439	13.213591575622559	-0.9066260457038879	39.60011303424835
2026-03-26 16:26:13.438	13.140257835388184	-1.9798787832260132	39.43800330162048
2026-03-26 16:26:14.440	13.15677547454834	-1.6720762252807617	39.334502816200256
2026-03-26 16:26:15.438	13.135125160217285	-1.9195482730865479	39.14821147918701
2026-03-26 16:26:16.440	13.218191146850586	-0.9177097082138062	38.95192742347717
2026-03-26 16:26:17.439	13.160125732421875	-0.949430525302887	38.799431920051575
2026-03-26 16:26:18.440	13.194272994995117	-0.6867476105690002	38.74153196811676
2026-03-26 16:26:19.437	13.14355182647705	-0.6489034295082092	38.55820596218109
2026-03-26 16:26:20.438	13.11892318725586	-1.0053699016571045	38.47576379776001
2026-03-26 16:26:21.438	13.103058815002441	-0.8953428268432617	38.34027051925659
2026-03-26 16:26:22.438	13.15172004699707	-1.7654266357421875	38.24200928211212
2026-03-26 16:26:23.437	13.1748685836792	-1.396490454673767	38.079893589019775
2026-03-26 16:26:24.437	13.101245880126953	-1.6133097410202026	37.978923320770264
2026-03-26 16:26:25.438	13.149906158447266	-1.7924177646636963	37.9023939371109
2026-03-26 16:26:26.438	13.153855323791504	-2.6993155479431152	37.82283663749695
2026-03-26 16:26:27.438	13.150309562683105	-1.956533670425415	37.64029145240784
2026-03-26 16:26:28.438	13.149556159973145	-1.4388806819915771	37.53684163093567
2026-03-26 16:26:29.438	13.153157234191895	-2.417886972427368	37.39410936832428
2026-03-26 16:26:30.440	13.150432586669922	-2.752002239227295	37.23406791687012
2026-03-26 16:26:31.439	13.063514709472656	-1.7851672172546387	37.11695671081543
2026-03-26 16:26:32.443	13.144962310791016	-0.9878761768341064	36.93360388278961
2026-03-26 16:26:33.440	13.069878578186035	-0.5842063426971436	36.76433563232422
2026-03-26 16:26:34.439	13.058218002319336	-2.5784788131713867	36.71138286590576
2026-03-26 16:26:35.439	13.063826560974121	-2.7853410243988037	36.62638962268829
2026-03-26 16:26:36.440	13.100839614868164	-2.7003283500671387	36.461639404296875
2026-03-26 16:26:37.440	13.103148460388184	-0.9649317264556885	36.35783791542053
2026-03-26 16:26:38.437	13.060850143432617	-2.738513231277466	36.1829936504364
2026-03-26 16:26:39.443	13.096878051757812	-2.438169240951538	36.107686161994934
2026-03-26 16:26:40.438	13.072956085205078	-1.4942317008972168	36.032870411872864
2026-03-26 16:26:41.440	13.05309772491455	-1.7569658756256104	35.85144877433777
2026-03-26 16:26:42.437	13.04906940460205	-2.0714805126190186	35.71391403675079
2026-03-26 16:26:43.438	13.088262557983398	-1.0060495138168335	35.54509878158569
2026-03-26 16:26:44.438	13.01513385772705	-2.629565477371216	35.43414771556854
2026-03-26 16:26:45.438	13.066818237304688	-2.5069408416748047	35.34214794635773
2026-03-26 16:26:46.437	13.065338134765625	-1.9225877523422241	35.274335741996765
2026-03-26 16:26:47.437	13.083027839660645	-1.0570145845413208	35.13628840446472
2026-03-26 16:26:48.438	13.059866905212402	-1.4049426317214966	35.01260578632355
2026-03-26 16:26:49.438	13.041548728942871	-0.5863756537437439	34.92601215839386
2026-03-26 16:26:50.438	13.08594036102295	-2.673152446746826	34.78400111198425
2026-03-26 16:26:51.439	13.055883407592773	-2.9287126064300537	34.6895307302475
2026-03-26 16:26:52.438	12.991853713989258	-1.9383624792099	34.60044860839844
2026-03-26 16:26:53.438	13.005703926086426	-1.4752779006958008	34.40845012664795
2026-03-26 16:26:54.437	12.998458862304688	-1.7862402200698853	34.34795439243317
2026-03-26 16:26:55.439	12.99278736114502	-1.5572946071624756	34.186145663261414
2026-03-26 16:26:56.440	13.041664123535156	-2.536257743835449	33.9916467666626
2026-03-26 16:26:57.444	13.027310371398926	-1.7545515298843384	33.93067717552185
2026-03-26 16:26:58.438	12.996026039123535	-2.821504592895508	33.74640345573425
2026-03-26 16:26:59.438	13.053070068359375	-2.618619441986084	33.56342911720276
2026-03-26 16:27:00.440	13.045628547668457	-1.5734516382217407	33.452218770980835
2026-03-26 16:27:01.438	12.988489151000977	-1.9086122512817383	33.311039209365845
2026-03-26 16:27:02.437	12.99118423461914	-2.3772716522216797	33.138760924339294
2026-03-26 16:27:03.439	12.988128662109375	-2.8363659381866455	33.0323189496994
2026-03-26 16:27:04.438	13.031304359436035	-1.2540339231491089	32.92180299758911
2026-03-26 16:27:05.441	13.003697395324707	-0.6678393483161926	32.81370401382446
2026-03-26 16:27:06.437	12.954031944274902	-2.699159622192383	32.7598512172699
2026-03-26 16:27:07.439	12.97964096069336	-1.3344159126281738	32.57012665271759
2026-03-26 16:27:08.438	12.9633207321167	-2.3405261039733887	32.4404776096344
2026-03-26 16:27:09.437	13.001938819885254	-1.0797395706176758	32.345011830329895
2026-03-26 16:27:10.440	12.952184677124023	-2.4273531436920166	32.221558690071106
2026-03-26 16:27:11.438	12.982605934143066	-2.8606719970703125	32.0627361536026
2026-03-26 16:27:12.438	12.965080261230469	-0.8505356907844543	31.960013508796692
2026-03-26 16:27:13.438	12.934795379638672	-2.012730836868286	31.901612877845764
2026-03-26 16:27:14.438	12.99929141998291	-2.427088975906372	31.779950857162476
2026-03-26 16:27:15.444	12.917590141296387	-2.8048715591430664	31.585806608200073
2026-03-26 16:27:16.438	12.973718643188477	-0.955261766910553	31.426900625228882
2026-03-26 16:27:17.438	12.907110214233398	-2.0966715812683105	31.307697296142578
2026-03-26 16:27:18.438	12.892290115356445	-2.689443588256836	31.251442432403564
2026-03-26 16:27:19.438	12.914987564086914	-0.5216283798217773	31.08985126018524
2026-03-26 16:27:20.438	12.880319595336914	-1.1519440412521362	30.949002504348755
2026-03-26 16:27:21.437	12.898723602294922	-1.5386995077133179	30.749303102493286
2026-03-26 16:27:22.438	12.897457122802734	-2.0372345447540283	30.55024743080139
2026-03-26 16:27:23.440	12.91263484954834	-2.8773515224456787	30.43925166130066
2026-03-26 16:27:24.437	12.931447982788086	-1.2074544429779053	30.307617783546448
2026-03-26 16:27:25.438	12.894417762756348	-2.0561063289642334	30.12595772743225
2026-03-26 16:27:26.438	12.936814308166504	-0.7739324569702148	29.99320924282074
2026-03-26 16:27:27.438	12.923990249633789	-2.361036539077759	29.891347885131836
2026-03-26 16:27:28.439	12.927338600158691	-2.490684986114502	29.78958785533905
2026-03-26 16:27:29.439	12.897895812988281	-2.904212713241577	29.645583033561707
2026-03-26 16:27:30.437	12.916644096374512	-1.682661533355713	29.502815008163452
2026-03-26 16:27:31.440	12.844062805175781	-0.6966961622238159	29.429680109024048
2026-03-26 16:27:32.437	12.90219783782959	-0.5708379745483398	29.375332593917847
2026-03-26 16:27:33.438	12.835653305053711	-1.8294936418533325	29.315191507339478
2026-03-26 16:27:34.438	12.927713394165039	-1.1484618186950684	29.26107347011566
2026-03-26 16:27:35.438	12.872336387634277	-2.4302291870117188	29.138371348381042
2026-03-26 16:27:36.437	12.905293464660645	-1.986197829246521	29.00393307209015
2026-03-26 16:27:37.437	12.863286018371582	-2.3208963871002197	28.900256752967834
2026-03-26 16:27:38.439	12.887022018432617	-2.342639923095703	28.74826490879059
2026-03-26 16:27:39.437	12.901725769042969	-2.895498275756836	28.597670793533325
2026-03-26 16:27:40.438	12.856589317321777	-2.471627712249756	28.424707055091858
2026-03-26 16:27:41.437	12.8860445022583	-2.4370105266571045	28.37199568748474
2026-03-26 16:27:42.438	12.831787109375	-0.7965039014816284	28.21381688117981
2026-03-26 16:27:43.437	12.891088485717773	-1.031049370765686	28.046664595603943
2026-03-26 16:27:44.439	12.870441436767578	-0.7210542559623718	27.91227698326111
2026-03-26 16:27:45.437	12.860928535461426	-1.5189369916915894	27.840468287467957
2026-03-26 16:27:46.437	12.816441535949707	-1.0981570482254028	27.71371603012085
2026-03-26 16:27:47.437	12.834745407104492	-1.7512600421905518	27.544721961021423
2026-03-26 16:27:48.438	12.791410446166992	-1.0964280366897583	27.383211255073547
2026-03-26 16:27:49.437	12.83877182006836	-1.1132886409759521	27.24643647670746
2026-03-26 16:27:50.437	12.813539505004883	-1.5815978050231934	27.049440145492554
2026-03-26 16:27:51.437	12.827001571655273	-1.334529161453247	26.93997323513031
2026-03-26 16:27:52.438	12.770478248596191	-1.0326427221298218	26.81517004966736
2026-03-26 16:27:53.437	12.781399726867676	-2.8330888748168945	26.68635845184326
2026-03-26 16:27:54.439	12.822118759155273	-2.9615142345428467	26.499170064926147
2026-03-26 16:27:55.439	12.829370498657227	-0.5658693313598633	26.39755606651306
2026-03-26 16:27:56.437	12.806965827941895	-0.6422709822654724	26.213648915290833
2026-03-26 16:27:57.443	12.768314361572266	-1.9805511236190796	26.083356142044067
2026-03-26 16:27:58.437	12.811601638793945	-1.2151532173156738	25.913968682289124
2026-03-26 16:27:59.437	12.763710021972656	-1.5474809408187866	25.739601254463196
2026-03-26 16:28:00.437	12.73318099975586	-0.6341730952262878	25.6337970495224
2026-03-26 16:28:01.437	12.802090644836426	-1.146276593208313	25.461071729660034
2026-03-26 16:28:02.438	12.728169441223145	-1.605863332748413	25.296717882156372
2026-03-26 16:28:03.438	12.791669845581055	-0.548835039138794	25.207385420799255
2026-03-26 16:28:04.440	12.723469734191895	-2.1800413131713867	25.09099841117859
2026-03-26 16:28:05.437	12.784161567687988	-0.6596126556396484	24.954985082149506
2026-03-26 16:28:06.438	12.775424003601074	-2.317960500717163	24.8867005109787
2026-03-26 16:28:07.438	12.759139060974121	-1.9314830303192139	24.772891402244568
2026-03-26 16:28:08.440	12.713738441467285	-1.2336430549621582	24.615687131881714
2026-03-26 16:28:09.439	12.703818321228027	-1.2509801387786865	24.456021189689636
2026-03-26 16:28:10.438	12.683830261230469	-0.5802993774414062	24.39677268266678
2026-03-26 16:28:11.438	12.732104301452637	-1.3041136264801025	24.25423115491867
2026-03-26 16:28:12.444	12.70724868774414	-1.2525951862335205	24.116453528404236
2026-03-26 16:28:13.446	12.694828033447266	-2.125351667404175	24.06219393014908
2026-03-26 16:28:14.437	12.727052688598633	-1.090332269668579	23.980766534805298
2026-03-26 16:28:15.440	12.7523832321167	-2.205803632736206	23.8873690366745
2026-03-26 16:28:16.438	12.749141693115234	-1.0204570293426514	23.819755017757416
2026-03-26 16:28:17.437	12.752124786376953	-1.9585955142974854	23.73095452785492
2026-03-26 16:28:18.437	12.714897155761719	-2.990553140640259	23.671698570251465
2026-03-26 16:28:19.438	12.71332836151123	-1.0053528547286987	23.577019572257996
2026-03-26 16:28:20.439	12.6672945022583	-1.7726240158081055	23.400969803333282
2026-03-26 16:28:21.437	12.703092575073242	-1.4516384601593018	23.31642508506775
2026-03-26 16:28:22.437	12.740894317626953	-2.986168384552002	23.143230378627777
2026-03-26 16:28:23.437	12.664873123168945	-1.2185688018798828	22.962158918380737
2026-03-26 16:28:24.438	12.650458335876465	-0.6442393064498901	22.774869203567505
2026-03-26 16:28:25.437	12.63254451751709	-0.5650367736816406	22.616088390350342
2026-03-26 16:28:26.437	12.677239418029785	-0.624781608581543	22.445309162139893
2026-03-26 16:28:27.437	12.664999961853027	-2.5478837490081787	22.385400533676147
2026-03-26 16:28:28.437	12.683414459228516	-1.847188949584961	22.226880490779877
2026-03-26 16:28:29.437	12.632987022399902	-2.8836331367492676	22.157838940620422
2026-03-26 16:28:30.438	12.691792488098145	-1.0685571432113647	22.021515667438507
2026-03-26 16:28:31.437	12.693604469299316	-0.6360995769500732	21.884386241436005
2026-03-26 16:28:32.438	12.644756317138672	-0.5725516676902771	21.727941930294037
2026-03-26 16:28:33.437	12.62326431274414	-2.7735671997070312	21.616728603839874
2026-03-26 16:28:34.439	12.683161735534668	-2.5282034873962402	21.515513956546783
2026-03-26 16:28:35.440	12.654994010925293	-1.9963221549987793	21.44719958305359
2026-03-26 16:28:36.438	12.662667274475098	-1.957765817642212	21.304883062839508
2026-03-26 16:28:37.439	12.604259490966797	-1.4244850873947144	21.15773856639862
2026-03-26 16:28:38.437	12.595769882202148	-1.2525932788848877	21.032294631004333
2026-03-26 16:28:39.437	12.605393409729004	-2.5557823181152344	20.927101373672485
2026-03-26 16:28:40.438	12.614218711853027	-2.811547040939331	20.832566916942596
2026-03-26 16:28:41.441	12.588501930236816	-2.346858024597168	20.698067545890808
2026-03-26 16:28:42.438	12.597402572631836	-1.73231840133667	20.611704885959625
2026-03-26 16:28:43.438	12.574383735656738	-0.8495405316352844	20.48548460006714
2026-03-26 16:28:44.438	12.572105407714844	-2.1500353813171387	20.328636467456818
2026-03-26 16:28:45.437	12.629833221435547	-1.0070858001708984	20.132213830947876
2026-03-26 16:28:46.442	12.651144981384277	-2.8990745544433594	20.043154060840607
2026-03-26 16:28:47.438	12.580254554748535	-0.5254749059677124	19.847145676612854
2026-03-26 16:28:48.437	12.634822845458984	-0.735038161277771	19.697237014770508
2026-03-26 16:28:49.437	12.555257797241211	-2.066555976867676	19.57405060529709
2026-03-26 16:28:50.439	12.587811470031738	-1.5015522241592407	19.43131536245346
2026-03-26 16:28:51.437	12.575435638427734	-2.3490445613861084	19.26150619983673
2026-03-26 16:28:52.439	12.576706886291504	-1.2453595399856567	19.075366854667664
2026-03-26 16:28:53.438	12.60102367401123	-2.0781264305114746	18.905703723430634
2026-03-26 16:28:54.439	12.590696334838867	-1.8003681898117065	18.752804398536682
2026-03-26 16:28:55.441	12.583404541015625	-0.6176905632019043	18.665316700935364
2026-03-26 16:28:56.438	12.508315086364746	-1.4562032222747803	18.601839244365692
2026-03-26 16:28:57.440	12.511621475219727	-2.088834047317505	18.42450648546219
2026-03-26 16:28:58.439	12.570162773132324	-2.4002304077148438	18.322765827178955
2026-03-26 16:28:59.438	12.531105041503906	-1.2755345106124878	18.131038546562195
2026-03-26 16:29:00.439	12.495295524597168	-2.9015257358551025	18.021468818187714
2026-03-26 16:29:01.438	12.503939628601074	-2.6970086097717285	17.93811023235321
2026-03-26 16:29:02.437	12.540698051452637	-1.4076677560806274	17.806529998779297
2026-03-26 16:29:03.438	12.482831954956055	-0.7948125600814819	17.624469101428986
2026-03-26 16:29:04.440	12.564756393432617	-2.835493803024292	17.565536499023438
2026-03-26 16:29:05.437	12.567030906677246	-2.734157085418701	17.501527070999146
2026-03-26 16:29:06.437	12.564107894897461	-1.9522048234939575	17.326241731643677
2026-03-26 16:29:07.438	12.541403770446777	-2.646613597869873	17.168308794498444
2026-03-26 16:29:08.439	12.560052871704102	-0.528670072555542	17.082975804805756
2026-03-26 16:29:09.439	12.470155715942383	-1.1375936269760132	16.983510553836823
2026-03-26 16:29:10.437	12.542094230651855	-1.2510862350463867	16.864967346191406
2026-03-26 16:29:11.437	12.54849624633789	-0.9484354257583618	16.804330050945282
2026-03-26 16:29:12.438	12.514678955078125	-2.3251819610595703	16.6324183344841
2026-03-26 16:29:13.438	12.494500160217285	-2.9958720207214355	16.484147310256958
2026-03-26 16:29:14.440	12.506804466247559	-2.429847002029419	16.34528636932373
2026-03-26 16:29:15.437	12.464507102966309	-1.9060907363891602	16.173143684864044
2026-03-26 16:29:16.438	12.509476661682129	-2.057929515838623	16.002987325191498
2026-03-26 16:29:17.437	12.482274055480957	-1.8292770385742188	15.879419445991516
2026-03-26 16:29:18.438	12.491388320922852	-1.7521684169769287	15.763384103775024
2026-03-26 16:29:19.441	12.450859069824219	-1.3867568969726562	15.58232456445694
2026-03-26 16:29:20.438	12.480554580688477	-2.5625877380371094	15.50198495388031
2026-03-26 16:29:21.437	12.49978256225586	-1.1134412288665771	15.352141857147217
2026-03-26 16:29:22.438	12.445428848266602	-2.08552622795105	15.210172533988953
2026-03-26 16:29:23.438	12.42732048034668	-2.0694005489349365	15.141342580318451
2026-03-26 16:29:24.437	12.457537651062012	-1.6800929307937622	15.009164810180664
2026-03-26 16:29:25.437	12.408190727233887	-2.113555908203125	14.879018068313599
2026-03-26 16:29:26.438	12.419599533081055	-2.869483709335327	14.739665389060974
2026-03-26 16:29:27.437	12.392809867858887	-0.7424106001853943	14.619669318199158
2026-03-26 16:29:28.437	12.385973930358887	-1.6530191898345947	14.471305906772614
2026-03-26 16:29:29.439	12.42000675201416	-0.7217528820037842	14.272108674049377
2026-03-26 16:29:30.439	12.440925598144531	-1.4207144975662231	14.192822575569153
2026-03-26 16:29:31.438	12.426950454711914	-0.9087576270103455	14.125573635101318
2026-03-26 16:29:32.442	12.383049011230469	-1.8991996049880981	14.060662686824799
2026-03-26 16:29:33.437	12.419220924377441	-2.9940571784973145	13.890931010246277
2026-03-26 16:29:34.437	12.380077362060547	-1.9550327062606812	13.75957876443863
2026-03-26 16:29:35.438	12.411179542541504	-1.8572897911071777	13.66812288761139
2026-03-26 16:29:36.455	12.367493629455566	-1.0244613885879517	13.545867800712585
2026-03-26 16:29:37.438	12.38640308380127	-1.108009696006775	13.413606584072113
2026-03-26 16:29:38.437	12.406675338745117	-1.574857234954834	13.2626473903656
2026-03-26 16:29:39.438	12.368707656860352	-2.145371437072754	13.158819079399109
2026-03-26 16:29:40.440	12.401633262634277	-2.381025552749634	13.064473867416382
2026-03-26 16:29:41.438	12.425280570983887	-0.5557651519775391	12.928508222103119
2026-03-26 16:29:42.438	12.392433166503906	-2.7626876831054688	12.770694494247437
2026-03-26 16:29:43.438	12.402599334716797	-1.3600202798843384	12.677198648452759
2026-03-26 16:29:44.438	12.423755645751953	-1.597987413406372	12.591838836669922
2026-03-26 16:29:45.438	12.361626625061035	-2.7629363536834717	12.515966594219208
2026-03-26 16:29:46.437	12.39292049407959	-2.180461883544922	12.444664537906647
2026-03-26 16:29:47.437	12.340005874633789	-2.351884126663208	12.39296942949295
2026-03-26 16:29:48.437	12.333648681640625	-0.5145954489707947	12.33728900551796
2026-03-26 16:29:49.437	12.404557228088379	-0.6123746037483215	12.284128367900848
2026-03-26 16:29:50.437	12.364849090576172	-1.8995362520217896	12.099587172269821
2026-03-26 16:29:51.439	12.326957702636719	-0.5325774550437927	12.021584808826447
2026-03-26 16:29:52.438	12.31856632232666	-0.9887751340866089	11.828374862670898
2026-03-26 16:29:53.439	12.3788480758667	-2.9816017150878906	11.65769100189209
2026-03-26 16:29:54.440	12.297407150268555	-2.0635037422180176	11.479668319225311
2026-03-26 16:29:55.439	12.383238792419434	-0.9971874356269836	11.324360221624374
2026-03-26 16:29:56.438	12.29893684387207	-0.8652559518814087	11.128854006528854
2026-03-26 16:29:57.437	12.32823371887207	-2.2616028785705566	10.970495641231537
2026-03-26 16:29:58.439	12.327107429504395	-1.807639241218567	10.907017439603806
2026-03-26 16:29:59.438	12.340073585510254	-2.9771690368652344	10.796000808477402
2026-03-26 16:30:00.439	12.363006591796875	-0.5698025226593018	10.682523250579834
2026-03-26 16:30:01.438	12.275688171386719	-2.8926451206207275	10.62837764620781
2026-03-26 16:30:02.437	12.307670593261719	-2.4267382621765137	10.520309954881668
2026-03-26 16:30:03.438	12.287013053894043	-2.7371795177459717	10.417987406253815
2026-03-26 16:30:04.437	12.284220695495605	-2.6185696125030518	10.257704555988312
2026-03-26 16:30:05.437	12.32845687866211	-2.596740245819092	10.07627248764038
2026-03-26 16:30:06.438	12.310527801513672	-2.9863827228546143	9.981255233287811
2026-03-26 16:30:07.437	12.272571563720703	-2.3409340381622314	9.816940128803253
2026-03-26 16:30:08.438	12.288788795471191	-2.57079815864563	9.75543037056923
2026-03-26 16:30:09.438	12.278956413269043	-2.7873823642730713	9.670748561620712
2026-03-26 16:30:10.437	12.25389289855957	-0.5739080309867859	9.607968479394913
2026-03-26 16:30:11.438	12.32523250579834	-0.6751166582107544	9.539148956537247
2026-03-26 16:30:12.439	12.250982284545898	-1.8461260795593262	9.41944420337677
2026-03-26 16:30:13.438	12.32328987121582	-2.1895883083343506	9.358010441064835
2026-03-26 16:30:14.441	12.30683422088623	-0.6475731134414673	9.221947938203812
2026-03-26 16:30:15.439	12.283807754516602	-1.9291940927505493	9.034369140863419
2026-03-26 16:30:16.438	12.285175323486328	-1.5525959730148315	8.954281359910965
2026-03-26 16:30:17.438	12.266851425170898	-0.9113863110542297	8.85259136557579
2026-03-26 16:30:18.438	12.245756149291992	-2.0043416023254395	8.71160477399826
2026-03-26 16:30:19.437	12.230890274047852	-2.769552230834961	8.590345084667206
2026-03-26 16:30:20.438	12.208024024963379	-1.8094978332519531	8.404672890901566
2026-03-26 16:30:21.438	12.291572570800781	-1.7730671167373657	8.216865360736847
2026-03-26 16:30:22.438	12.245912551879883	-0.698352575302124	8.109278976917267
2026-03-26 16:30:23.437	12.273590087890625	-2.156139850616455	8.033809065818787
2026-03-26 16:30:24.437	12.261630058288574	-1.6671773195266724	7.846551388502121
2026-03-26 16:30:25.438	12.22800350189209	-2.9246597290039062	7.772424817085266
2026-03-26 16:30:26.437	12.182823181152344	-1.3720742464065552	7.692503929138184
2026-03-26 16:30:27.437	12.209274291992188	-2.009647846221924	7.555096596479416
2026-03-26 16:30:28.437	12.20330810546875	-0.7551358342170715	7.479816675186157
2026-03-26 16:30:29.439	12.259745597839355	-0.6408063173294067	7.296592742204666
2026-03-26 16:30:30.438	12.243587493896484	-2.552769899368286	7.1224145591259
2026-03-26 16:30:31.438	12.173718452453613	-2.3914167881011963	6.937028467655182
2026-03-26 16:30:32.438	12.16558837890625	-2.5080654621124268	6.835334748029709
2026-03-26 16:30:33.438	12.153461456298828	-0.962999165058136	6.769039481878281
2026-03-26 16:30:34.437	12.219505310058594	-0.7638282775878906	6.707102805376053
2026-03-26 16:30:35.437	12.174898147583008	-1.6654351949691772	6.540186703205109
2026-03-26 16:30:36.437	12.219531059265137	-1.404606580734253	6.389973312616348
2026-03-26 16:30:37.438	12.151463508605957	-0.9587799906730652	6.2684327363967896
2026-03-26 16:30:38.438	12.174092292785645	-1.949098825454712	6.198645010590553
2026-03-26 16:30:39.439	12.17357063293457	-2.445239305496216	6.119222193956375
2026-03-26 16:30:40.438	12.163948059082031	-2.4221601486206055	5.975872278213501
2026-03-26 16:30:41.437	12.187945365905762	-1.0974441766738892	5.822654440999031
2026-03-26 16:30:42.438	12.175873756408691	-0.6311405301094055	5.672817677259445
2026-03-26 16:30:43.439	12.116840362548828	-1.1196913719177246	5.489438399672508
2026-03-26 16:30:44.438	12.20797061920166	-1.1319016218185425	5.311454087495804
2026-03-26 16:30:45.438	12.117555618286133	-2.8087775707244873	5.190986022353172
2026-03-26 16:30:46.438	12.17628288269043	-1.8159853219985962	5.020180717110634
2026-03-26 16:30:47.438	12.187769889831543	-1.3298017978668213	4.8986829817295074
2026-03-26 16:30:48.437	12.096524238586426	-2.728010892868042	4.738851264119148
2026-03-26 16:30:49.437	12.1336030960083	-1.7988704442977905	4.644515365362167
2026-03-26 16:30:50.438	12.136390686035156	-1.6043540239334106	4.509028419852257
2026-03-26 16:30:51.438	12.099071502685547	-2.7259521484375	4.435377195477486
2026-03-26 16:30:52.438	12.079824447631836	-2.000579595565796	4.29302453994751
2026-03-26 16:30:53.437	12.166899681091309	-0.5882444977760315	4.168424755334854
2026-03-26 16:30:54.437	12.165664672851562	-2.4625303745269775	4.017545282840729
2026-03-26 16:30:55.440	12.069519996643066	-2.7697479724884033	3.824356570839882
2026-03-26 16:30:56.439	12.134101867675781	-0.7878496646881104	3.693954274058342
2026-03-26 16:30:57.441	12.106101036071777	-2.6258485317230225	3.5092145204544067
2026-03-26 16:30:58.438	12.109879493713379	-2.6228699684143066	3.33799347281456
2026-03-26 16:30:59.440	12.0973482131958	-0.5560676455497742	3.231782838702202
2026-03-26 16:31:00.438	12.103644371032715	-1.0689256191253662	3.1800560653209686
2026-03-26 16:31:01.439	12.131011962890625	-2.818448066711426	3.023042343556881
2026-03-26 16:31:02.437	12.038352012634277	-1.3443681001663208	2.8274741023778915
2026-03-26 16:31:03.437	12.115509033203125	-0.604936420917511	2.683758921921253
2026-03-26 16:31:04.438	12.04279613494873	-2.8325209617614746	2.6057401672005653
2026-03-26 16:31:05.438	12.088769912719727	-0.6611325144767761	2.430794946849346
2026-03-26 16:31:06.438	12.114219665527344	-0.6586419343948364	2.283298410475254
2026-03-26 16:31:07.437	12.035981178283691	-1.067375898361206	2.109895460307598
2026-03-26 16:31:08.437	12.086309432983398	-1.0764011144638062	1.9320672377943993
2026-03-26 16:31:09.437	12.044354438781738	-2.1872785091400146	1.8271824344992638
2026-03-26 16:31:10.438	12.097460746765137	-2.297344923019409	1.7317866906523705
2026-03-26 16:31:11.439	12.001876831054688	-2.411885976791382	1.5488997101783752
2026-03-26 16:31:12.437	12.08629322052002	-0.8621008992195129	1.3577218167483807
2026-03-26 16:31:13.437	12.039865493774414	-0.6353064179420471	1.1924109421670437
2026-03-26 16:31:14.437	12.043941497802734	-1.9139066934585571	1.0303810238838196
2026-03-26 16:31:15.437	12.018254280090332	-1.7153130769729614	0.8815223351120949
2026-03-26 16:31:16.437	12.029160499572754	-0.594875156879425	0.7796893827617168
2026-03-26 16:31:17.438	12.006148338317871	-2.424978256225586	0.6806744262576103
2026-03-26 16:31:18.437	12.021063804626465	-1.5045220851898193	0.5479308776557446
2026-03-26 16:31:19.437	11.99752140045166	-2.753870964050293	0.44530206359922886
2026-03-26 16:31:20.437	11.995720863342285	-0.7558164000511169	0.254364381544292
2026-03-26 16:31:21.438	12.03776741027832	-1.6880905628204346	0.17996408278122544
2026-03-26 16:31:22.438	12.039459228515625	-1.9017938375473022	0.03326746809761971
2026-03-26 16:31:23.438	12.02064037322998	-1.2229366302490234	0.0
2026-03-26 16:31:24.439	11.99039077758789	-1.2725675106048584	0.0
2026-03-26 16:31:25.438	11.978559494018555	-0.8951741456985474	0.0
2026-03-26 16:31:26.440	11.996384620666504	-1.2567543983459473	0.0
2026-03-26 16:31:27.442	11.993969917297363	-1.5349881649017334	0.0
2026-03-26 16:31:28.438	11.981795310974121	-2.905773878097534	0.0
2026-03-26 16:31:29.438	12.041306495666504	-1.2926756143569946	0.0
2026-03-26 16:31:30.439	12.025922775268555	-2.5688788890838623	0.0
2026-03-26 16:31:31.437	11.952311515808105	-2.043086051940918	0.0
2026-03-26 16:31:32.438	11.97692584991455	-1.9303609132766724	0.0
2026-03-26 16:31:33.439	11.972482681274414	-2.8214733600616455	0.0
2026-03-26 16:31:34.438	11.990267753601074	-2.5813050270080566	0.0
2026-03-26 16:31:35.439	12.03339672088623	-2.3373568058013916	0.0
2026-03-26 16:31:36.437	12.026493072509766	-0.5156687498092651	0.0
2026-03-26 16:31:37.439	11.984281539916992	-2.027926445007324	0.0
2026-03-26 16:31:38.438	12.042274475097656	-2.698044776916504	0.0
2026-03-26 16:31:39.437	12.048978805541992	-1.6561508178710938	0.0
2026-03-26 16:31:40.438	12.043022155761719	-2.121546506881714	0.0
2026-03-26 16:31:41.438	12.01953125	-1.7569489479064941	0.0
2026-03-26 16:31:42.437	12.000019073486328	-1.0519556999206543	0.0
2026-03-26 16:31:43.437	11.955489158630371	-2.303651809692383	0.0
2026-03-26 16:31:44.439	12.007552146911621	-1.0036680698394775	0.0
2026-03-26 16:31:45.439	11.99319076538086	-1.6419934034347534	0.0
2026-03-26 16:31:46.438	12.015303611755371	-1.5361301898956299	0.0
2026-03-26 16:31:47.437	11.980501174926758	-1.5158783197402954	0.0
2026-03-26 16:31:48.437	12.019450187683105	-1.1598562002182007	0.0
2026-03-26 16:31:49.438	12.000866889953613	-0.6789665222167969	0.0
2026-03-26 16:31:50.437	12.042521476745605	-2.273526906967163	0.0
2026-03-26 16:31:51.438	12.001614570617676	-1.6708872318267822	0.0
2026-03-26 16:31:52.438	12.0087251663208	-2.6421971321105957	0.0
2026-03-26 16:31:53.438	11.96111011505127	-2.5527307987213135	0.0
2026-03-26 16:31:54.437	11.989191055297852	-2.3510093688964844	0.0
2026-03-26 16:31:55.437	12.041229248046875	-0.5979106426239014	0.0
2026-03-26 16:31:56.438	11.95901870727539	-2.2617568969726562	0.0
2026-03-26 16:31:57.438	11.962021827697754	-0.9331238269805908	0.0
2026-03-26 16:31:58.438	12.004084587097168	-2.881619691848755	0.0
2026-03-26 16:31:59.438	12.012476921081543	-1.3399649858474731	0.0
2026-03-26 16:32:00.439	11.984457015991211	-2.370499610900879	0.0
2026-03-26 16:32:01.438	12.009364128112793	-2.969202756881714	0.0
2026-03-26 16:32:02.437	11.982648849487305	-2.6557040214538574	0.0
2026-03-26 16:32:03.437	12.003270149230957	-2.6785054206848145	0.0
2026-03-26 16:32:04.438	12.028450965881348	-0.9255396127700806	0.0
2026-03-26 16:32:05.439	12.00994873046875	-1.1208903789520264	0.0
2026-03-26 16:32:06.438	12.042854309082031	-0.619370698928833	0.0
2026-03-26 16:32:07.438	11.97509765625	-0.9169061183929443	0.0
2026-03-26 16:32:08.438	12.02575397491455	-1.9932178258895874	0.0
2026-03-26 16:32:09.438	11.964913368225098	-2.2351441383361816	0.0
2026-03-26 16:32:10.437	12.021254539489746	-2.1224052906036377	0.0
2026-03-26 16:32:11.442	11.976884841918945	-2.4296858310699463	0.0
2026-03-26 16:32:12.438	11.975595474243164	-1.0609228610992432	0.0
2026-03-26 16:32:13.437	11.9586820602417	-1.4087510108947754	0.0
2026-03-26 16:32:14.437	12.00326919555664	-2.000176429748535	0.0
2026-03-26 16:32:15.438	11.999107360839844	-2.546449661254883	0.0
2026-03-26 16:32:16.437	12.035564422607422	-1.3970398902893066	0.0
2026-03-26 16:32:17.437	12.03052806854248	-2.536224126815796	0.0
2026-03-26 16:32:18.438	11.991833686828613	-2.656212091445923	0.0
2026-03-26 16:32:19.438	12.017189025878906	-1.826458215713501	0.0
2026-03-26 16:32:20.439	12.004355430603027	-1.474331259727478	0.0
2026-03-26 16:32:21.439	12.021896362304688	-1.2615958452224731	0.0
2026-03-26 16:32:22.438	12.021208763122559	-1.9049897193908691	0.0
2026-03-26 16:32:23.438	12.001407623291016	-2.928431749343872	0.0
2026-03-26 16:32:24.439	12.02290153503418	-0.7412531971931458	0.0
2026-03-26 16:32:25.438	12.005990028381348	-2.8064048290252686	0.0
2026-03-26 16:32:26.437	11.98412799835205	-0.900320291519165	0.0
2026-03-26 16:32:27.439	11.956408500671387	-1.2416338920593262	0.0
2026-03-26 16:32:28.438	11.963902473449707	-2.8348355293273926	0.0
2026-03-26 16:32:29.437	11.970606803894043	-0.7338891625404358	0.0
2026-03-26 16:32:30.439	11.982206344604492	-1.1735785007476807	0.0
2026-03-26 16:32:31.440	11.965654373168945	-1.7839760780334473	0.0
2026-03-26 16:32:32.439	11.957524299621582	-1.0633596181869507	0.0
2026-03-26 16:32:33.438	11.995769500732422	-2.98907732963562	0.0
2026-03-26 16:32:34.443	12.003124237060547	-2.6611223220825195	0.0
2026-03-26 16:32:35.438	12.032275199890137	-1.6620320081710815	0.0
2026-03-26 16:32:36.438	11.992497444152832	-2.3339107036590576	0.0
2026-03-26 16:32:37.443	12.002472877502441	-1.878208875656128	0.0
2026-03-26 16:32:38.437	11.986015319824219	-2.6886770725250244	0.0
2026-03-26 16:32:39.437	12.027387619018555	-2.926719903945923	0.0
2026-03-26 16:32:40.437	12.014649391174316	-2.354710340499878	0.0
2026-03-26 16:32:41.437	12.010740280151367	-0.7653093934059143	0.0
2026-03-26 16:32:42.437	12.030658721923828	-0.5574541091918945	0.0
2026-03-26 16:32:43.438	11.953526496887207	-2.7832658290863037	0.0
2026-03-26 16:32:44.441	11.968416213989258	-0.9352408051490784	0.0
2026-03-26 16:32:45.438	12.021982192993164	-0.7813820242881775	0.0
2026-03-26 16:32:46.438	12.049705505371094	-1.8360683917999268	0.0
2026-03-26 16:32:47.438	12.026421546936035	-2.510347604751587	0.0
2026-03-26 16:32:48.439	11.985208511352539	-1.1368837356567383	0.0
2026-03-26 16:32:49.438	12.00291919708252	-0.8925652503967285	0.0
2026-03-26 16:32:50.439	11.997088432312012	-1.049273133277893	0.0
2026-03-26 16:32:51.442	12.043997764587402	-0.6460793018341064	0.0
2026-03-26 16:32:52.440	12.024849891662598	-0.9435781240463257	0.0
2026-03-26 16:32:53.437	11.96754264831543	-2.1792142391204834	0.0
                                                                                                                                                                                                                                                                                                                                                                                                                                                                                                                                                                                                                                                                                                                                                                                                                                                                                                                                                                                                                                                                                                                                                                                                                                                                                                                                                                                                                                                                                                                                                                                                                                                      