[System]
Platform=SEANO USV
Start_Time=2026-04-18 17:49:52
Timezone=WIB

[Sensor]
Name=CTD

[Columns]
Timestamp(WIB)	Depth	Temp	Cond	Salinity	Density	SoundVel

[Data]
2026-04-18 17:49:54.907	2.668	28.114	4.203	32.469	1020.585	1534.887
2026-04-18 17:49:55.911	2.862	28.093	4.206	32.482	1020.581	1534.911
2026-04-18 17:49:56.911	2.976	28.085	4.215	32.488	1020.632	1534.898
2026-04-18 17:49:57.910	3.079	28.076	4.216	32.479	1020.592	1534.905
2026-04-18 17:49:58.910	3.185	28.101	4.214	32.493	1020.645	1535.075
2026-04-18 17:49:59.911	3.301	28.073	4.209	32.5	1020.669	1534.899
2026-04-18 17:50:00.911	3.352	28.074	4.214	32.49	1020.648	1534.903
2026-04-18 17:50:01.906	3.404	28.079	4.219	32.487	1020.643	1534.97
2026-04-18 17:50:02.911	3.423	28.087	4.228	32.457	1020.638	1535.015
2026-04-18 17:50:03.910	3.408	28.074	4.23	32.473	1020.652	1534.959
2026-04-18 17:50:04.910	3.411	28.103	4.239	32.474	1020.638	1535.024
2026-04-18 17:50:05.911	3.37	28.11	4.237	32.479	1020.616	1535.126
2026-04-18 17:50:06.911	3.382	28.087	4.231	32.457	1020.603	1535.026
2026-04-18 17:50:07.911	3.331	28.134	4.232	32.46	1020.625	1535.161
2026-04-18 17:50:08.910	3.324	28.104	4.237	32.461	1020.611	1534.997
2026-04-18 17:50:09.906	3.301	28.136	4.24	32.44	1020.585	1535.164
2026-04-18 17:50:10.911	3.253	28.125	4.24	32.451	1020.581	1535.117
2026-04-18 17:50:11.911	3.233	28.17	4.242	32.435	1020.58	1535.26
2026-04-18 17:50:12.911	3.178	28.169	4.252	32.438	1020.589	1535.1
2026-04-18 17:50:13.910	3.173	28.211	4.237	32.42	1020.525	1535.325
2026-04-18 17:50:14.911	3.146	28.166	4.254	32.415	1020.58	1535.058
2026-04-18 17:50:15.911	3.097	28.181	4.237	32.395	1020.517	1535.121
2026-04-18 17:50:16.910	3.086	28.227	4.247	32.375	1020.526	1535.16
2026-04-18 17:50:17.911	3.097	28.205	4.249	32.38	1020.513	1535.226
2026-04-18 17:50:18.910	3.083	28.246	4.244	32.365	1020.49	1535.192
2026-04-18 17:50:19.910	3.045	28.218	4.257	32.369	1020.492	1535.117
2026-04-18 17:50:20.911	3.036	28.232	4.254	32.35	1020.474	1535.217
2026-04-18 17:50:21.910	3.008	28.245	4.247	32.331	1020.479	1535.164
2026-04-18 17:50:22.911	2.943	28.266	4.241	32.316	1020.427	1535.155
2026-04-18 17:50:23.911	2.879	28.303	4.25	32.321	1020.428	1535.254
2026-04-18 17:50:24.911	2.825	28.285	4.257	32.312	1020.407	1535.322
2026-04-18 17:50:25.912	2.787	28.306	4.256	32.3	1020.408	1535.374
2026-04-18 17:50:26.911	2.657	28.321	4.24	32.274	1020.415	1535.244
2026-04-18 17:50:27.911	2.589	28.324	4.24	32.293	1020.398	1535.393
2026-04-18 17:50:28.911	2.444	28.332	4.241	32.263	1020.382	1535.384
2026-04-18 17:50:29.911	2.298	28.415	4.247	32.257	1020.342	1535.403
2026-04-18 17:50:30.911	2.165	28.385	4.244	32.248	1020.336	1535.315
2026-04-18 17:50:31.911	2.035	28.405	4.237	32.22	1020.308	1535.342
2026-04-18 17:50:32.911	1.865	28.458	4.242	32.229	1020.293	1535.497
2026-04-18 17:50:33.911	1.693	28.494	4.24	32.215	1020.252	1535.535
2026-04-18 17:50:34.911	1.528	28.498	4.253	32.209	1020.24	1535.499
2026-04-18 17:50:35.911	1.357	28.556	4.251	32.214	1020.208	1535.707
2026-04-18 17:50:36.911	1.168	28.576	4.236	32.184	1020.214	1535.664
2026-04-18 17:50:37.911	1.026	28.581	4.238	32.185	1020.148	1535.632
2026-04-18 17:50:38.911	0.868	28.635	4.24	32.173	1020.143	1535.818
2026-04-18 17:50:39.910	0.695	28.648	4.238	32.171	1020.165	1535.658
2026-04-18 17:50:40.912	0.575	28.644	4.237	32.153	1020.114	1535.647
2026-04-18 17:50:41.911	0.478	28.664	4.241	32.157	1020.137	1535.701
2026-04-18 17:50:42.911	0.397	28.703	4.244	32.136	1020.069	1535.824
2026-04-18 17:50:43.907	0.343	28.702	4.239	32.138	1020.094	1535.821
2026-04-18 17:50:44.911	0.304	28.68	4.229	32.142	1020.111	1535.638
2026-04-18 17:50:45.911	0.342	28.696	4.223	32.106	1020.03	1535.745
2026-04-18 17:50:46.911	0.343	28.677	4.223	32.128	1020.097	1535.736
2026-04-18 17:50:47.907	0.339	28.683	4.212	32.086	1020.014	1535.607
2026-04-18 17:50:48.911	0.4	28.669	4.215	32.09	1020.068	1535.712
2026-04-18 17:50:49.911	0.449	28.65	4.213	32.089	1020.033	1535.532
2026-04-18 17:50:50.912	0.543	28.678	4.214	32.071	1020.045	1535.62
2026-04-18 17:50:51.911	0.598	28.624	4.202	32.062	1020.054	1535.456
2026-04-18 17:50:52.911	0.701	28.61	4.201	32.065	1020.067	1535.451
2026-04-18 17:50:53.911	0.767	28.595	4.204	32.055	1020.066	1535.436
2026-04-18 17:50:54.911	0.841	28.581	4.205	32.04	1020.041	1535.353
2026-04-18 17:50:55.911	0.93	28.617	4.208	32.046	1020.086	1535.638
2026-04-18 17:50:56.911	1.034	28.59	4.194	32.037	1020.06	1535.529
2026-04-18 17:50:57.911	1.082	28.587	4.186	32.038	1020.071	1535.531
2026-04-18 17:50:58.911	1.201	28.556	4.195	32.053	1020.075	1535.523
2026-04-18 17:50:59.911	1.229	28.515	4.191	32.016	1020.097	1535.337
2026-04-18 17:51:00.912	1.316	28.51	4.193	32.043	1020.102	1535.312
2026-04-18 17:51:01.911	1.337	28.527	4.173	32.015	1020.069	1535.372
2026-04-18 17:51:02.912	1.411	28.487	4.184	32.024	1020.083	1535.148
2026-04-18 17:51:03.912	1.489	28.479	4.179	32.012	1020.1	1535.163
2026-04-18 17:51:04.911	1.527	28.451	4.181	32.026	1020.085	1535.163
2026-04-18 17:51:05.911	1.582	28.446	4.164	31.988	1020.078	1535.053
2026-04-18 17:51:06.910	1.628	28.439	4.158	31.994	1020.087	1535.061
2026-04-18 17:51:07.912	1.692	28.457	4.158	31.996	1020.084	1535.126
2026-04-18 17:51:08.911	1.737	28.444	4.158	31.989	1020.099	1535.202
2026-04-18 17:51:09.911	1.812	28.378	4.161	32.007	1020.151	1534.977
2026-04-18 17:51:10.911	1.906	28.397	4.155	32.004	1020.12	1535.086
2026-04-18 17:51:11.911	2.034	28.344	4.152	31.966	1020.129	1534.958
2026-04-18 17:51:12.911	2.134	28.348	4.148	31.98	1020.144	1534.873
2026-04-18 17:51:13.911	2.239	28.304	4.151	31.99	1020.138	1534.799
2026-04-18 17:51:14.911	2.345	28.286	4.155	31.983	1020.174	1534.723
2026-04-18 17:51:15.912	2.468	28.256	4.157	31.958	1020.135	1534.745
2026-04-18 17:51:16.912	2.607	28.255	4.14	31.96	1020.154	1534.767
2026-04-18 17:51:17.911	2.796	28.226	4.141	31.946	1020.16	1534.735
2026-04-18 17:51:18.912	2.915	28.157	4.145	31.953	1020.176	1534.465
2026-04-18 17:51:19.911	3.048	28.135	4.134	31.949	1020.195	1534.56
2026-04-18 17:51:20.912	3.189	28.119	4.135	31.941	1020.172	1534.477
2026-04-18 17:51:21.910	3.313	28.075	4.127	31.933	1020.219	1534.332
2026-04-18 17:51:22.911	3.428	28.08	4.145	31.941	1020.22	1534.289
2026-04-18 17:51:23.910	3.535	28.04	4.14	31.916	1020.191	1534.341
2026-04-18 17:51:24.912	3.642	28.026	4.137	31.906	1020.22	1534.308
2026-04-18 17:51:25.912	3.703	28.017	4.128	31.925	1020.236	1534.293
2026-04-18 17:51:26.910	3.766	28.006	4.138	31.898	1020.21	1534.269
2026-04-18 17:51:27.910	3.79	27.998	4.141	31.909	1020.256	1534.168
2026-04-18 17:51:28.910	3.778	27.981	4.134	31.914	1020.227	1534.197
2026-04-18 17:51:29.910	3.771	27.949	4.134	31.879	1020.214	1533.935
2026-04-18 17:51:30.911	3.747	27.98	4.134	31.899	1020.236	1534.118
2026-04-18 17:51:31.910	3.677	27.955	4.129	31.872	1020.185	1534.075
2026-04-18 17:51:32.910	3.58	27.963	4.134	31.883	1020.193	1534.041
2026-04-18 17:51:33.910	3.501	28.017	4.14	31.876	1020.2	1534.162
2026-04-18 17:51:34.911	3.382	28.006	4.131	31.851	1020.15	1533.947
2026-04-18 17:51:35.911	3.257	28.025	4.148	31.84	1020.113	1534.082
2026-04-18 17:51:36.911	3.122	28.004	4.142	31.856	1020.146	1534.028
2026-04-18 17:51:37.911	2.979	28.053	4.136	31.841	1020.111	1534.051
2026-04-18 17:51:38.911	2.893	28.071	4.138	31.829	1020.098	1534.107
2026-04-18 17:51:39.910	2.713	28.066	4.15	31.795	1020.044	1534.0
2026-04-18 17:51:40.911	2.615	28.04	4.154	31.809	1020.088	1533.995
2026-04-18 17:51:41.910	2.457	28.087	4.145	31.786	1020.043	1533.932
2026-04-18 17:51:42.910	2.4	28.06	4.143	31.788	1020.034	1534.021
2026-04-18 17:51:43.911	2.254	28.083	4.162	31.776	1020.019	1533.915
2026-04-18 17:51:44.910	2.153	28.085	4.155	31.783	1020.03	1533.899
2026-04-18 17:51:45.911	2.078	28.134	4.151	31.764	1019.972	1533.97
2026-04-18 17:51:46.910	1.994	28.146	4.154	31.76	1019.961	1534.121
2026-04-18 17:51:47.911	1.926	28.142	4.162	31.725	1019.951	1533.94
2026-04-18 17:51:48.910	1.862	28.144	4.158	31.736	1019.952	1534.008
2026-04-18 17:51:49.911	1.822	28.145	4.173	31.706	1019.911	1534.039
2026-04-18 17:51:50.911	1.732	28.114	4.168	31.716	1019.958	1533.953
2026-04-18 17:51:51.910	1.687	28.107	4.164	31.715	1019.971	1533.934
2026-04-18 17:51:52.910	1.64	28.151	4.166	31.687	1019.922	1533.844
2026-04-18 17:51:53.910	1.613	28.117	4.169	31.692	1019.936	1533.766
2026-04-18 17:51:54.910	1.539	28.109	4.17	31.659	1019.898	1533.731
2026-04-18 17:51:55.911	1.469	28.14	4.189	31.669	1019.891	1533.881
2026-04-18 17:51:56.910	1.381	28.116	4.182	31.64	1019.869	1533.831
2026-04-18 17:51:57.911	1.287	28.135	4.191	31.639	1019.848	1533.732
2026-04-18 17:51:58.910	1.204	28.153	4.196	31.643	1019.864	1533.798
2026-04-18 17:51:59.911	1.101	28.157	4.195	31.617	1019.853	1533.833
2026-04-18 17:52:00.911	1.006	28.206	4.197	31.633	1019.846	1533.945
2026-04-18 17:52:01.911	0.898	28.169	4.199	31.616	1019.847	1533.734
2026-04-18 17:52:02.912	0.781	28.186	4.19	31.591	1019.768	1533.848
2026-04-18 17:52:03.910	0.675	28.201	4.208	31.612	1019.769	1533.738
2026-04-18 17:52:04.910	0.614	28.219	4.196	31.588	1019.796	1533.88
2026-04-18 17:52:05.911	0.51	28.237	4.208	31.567	1019.77	1533.909
2026-04-18 17:52:06.910	0.439	28.238	4.199	31.588	1019.749	1533.894
2026-04-18 17:52:07.910	0.341	28.236	4.207	31.583	1019.728	1533.784
2026-04-18 17:52:08.910	0.328	28.219	4.216	31.577	1019.777	1533.739
2026-04-18 17:52:09.906	0.287	28.263	4.223	31.536	1019.681	1533.888
2026-04-18 17:52:10.911	0.288	28.229	4.22	31.548	1019.751	1533.773
2026-04-18 17:52:11.910	0.258	28.268	4.226	31.531	1019.72	1533.779
2026-04-18 17:52:12.910	0.269	28.234	4.211	31.527	1019.711	1533.739
2026-04-18 17:52:13.910	0.38	28.191	4.212	31.524	1019.727	1533.596
2026-04-18 17:52:14.910	0.445	28.183	4.213	31.534	1019.7	1533.632
2026-04-18 17:52:15.910	0.513	28.207	4.224	31.544	1019.709	1533.646
2026-04-18 17:52:16.910	0.634	28.174	4.215	31.538	1019.717	1533.665
2026-04-18 17:52:17.910	0.784	28.158	4.224	31.506	1019.704	1533.649
2026-04-18 17:52:18.910	0.891	28.112	4.219	31.507	1019.719	1533.476
2026-04-18 17:52:19.911	1.085	28.075	4.22	31.524	1019.788	1533.389
2026-04-18 17:52:20.911	1.242	28.094	4.226	31.531	1019.769	1533.526
2026-04-18 17:52:21.910	1.376	28.027	4.221	31.51	1019.797	1533.395
2026-04-18 17:52:22.910	1.541	28.009	4.222	31.516	1019.832	1533.404
2026-04-18 17:52:23.910	1.699	27.993	4.224	31.505	1019.834	1533.349
2026-04-18 17:52:24.910	1.878	27.969	4.221	31.529	1019.848	1533.209
2026-04-18 17:52:25.911	2.036	27.975	4.222	31.535	1019.828	1533.305
2026-04-18 17:52:26.911	2.144	27.906	4.23	31.547	1019.856	1533.208
2026-04-18 17:52:27.911	2.266	27.9	4.216	31.518	1019.888	1533.205
2026-04-18 17:52:28.911	2.393	27.903	4.227	31.553	1019.913	1533.162
2026-04-18 17:52:29.911	2.518	27.878	4.227	31.54	1019.931	1533.206
2026-04-18 17:52:30.911	2.604	27.846	4.228	31.544	1019.896	1532.993
2026-04-18 17:52:31.911	2.646	27.846	4.211	31.55	1019.929	1533.036
2026-04-18 17:52:32.911	2.726	27.826	4.218	31.572	1019.925	1533.085
2026-04-18 17:52:33.909	2.798	27.828	4.224	31.579	1019.94	1533.032
2026-04-18 17:52:34.925	2.845	27.823	4.224	31.585	1019.988	1533.103
2026-04-18 17:52:35.911	2.831	27.805	4.218	31.587	1019.977	1533.146
2026-04-18 17:52:36.911	2.906	27.829	4.208	31.579	1019.943	1533.083
2026-04-18 17:52:37.910	2.928	27.811	4.21	31.612	1020.022	1533.072
2026-04-18 17:52:38.910	2.932	27.818	4.206	31.605	1019.977	1533.222
2026-04-18 17:52:39.911	2.974	27.822	4.221	31.623	1019.977	1533.248
2026-04-18 17:52:40.911	2.999	27.831	4.22	31.642	1019.999	1533.155
2026-04-18 17:52:41.911	3.037	27.819	4.205	31.655	1020.046	1533.258
2026-04-18 17:52:42.911	3.121	27.822	4.212	31.651	1020.023	1533.215
2026-04-18 17:52:43.911	3.113	27.835	4.207	31.666	1020.067	1533.262
2026-04-18 17:52:44.911	3.163	27.791	4.207	31.688	1020.042	1533.187
2026-04-18 17:52:45.911	3.216	27.822	4.213	31.698	1020.076	1533.294
2026-04-18 17:52:46.911	3.267	27.826	4.195	31.704	1020.11	1533.364
2026-04-18 17:52:47.911	3.363	27.806	4.203	31.707	1020.113	1533.297
2026-04-18 17:52:48.911	3.384	27.778	4.207	31.735	1020.141	1533.249
2026-04-18 17:52:49.911	3.432	27.788	4.196	31.74	1020.127	1533.388
2026-04-18 17:52:50.911	3.46	27.817	4.203	31.77	1020.125	1533.359
2026-04-18 17:52:51.911	3.524	27.754	4.183	31.79	1020.158	1533.256
2026-04-18 17:52:52.911	3.503	27.763	4.19	31.799	1020.155	1533.303
2026-04-18 17:52:53.911	3.542	27.795	4.184	31.818	1020.192	1533.432
2026-04-18 17:52:54.911	3.502	27.813	4.177	31.815	1020.182	1533.426
2026-04-18 17:52:55.907	3.433	27.844	4.191	31.845	1020.188	1533.515
2026-04-18 17:52:56.907	3.427	27.853	4.187	31.852	1020.175	1533.61
2026-04-18 17:52:57.907	3.309	27.861	4.19	31.878	1020.213	1533.705
2026-04-18 17:52:58.912	3.211	27.854	4.184	31.881	1020.19	1533.574
2026-04-18 17:52:59.911	3.093	27.889	4.187	31.878	1020.174	1533.741
2026-04-18 17:53:00.911	2.944	27.937	4.187	31.901	1020.198	1533.738
2026-04-18 17:53:01.911	2.801	27.928	4.178	31.907	1020.17	1533.776
2026-04-18 17:53:02.908	2.664	27.956	4.174	31.919	1020.168	1533.891
2026-04-18 17:53:03.911	2.493	28.014	4.164	31.948	1020.22	1534.021
2026-04-18 17:53:04.912	2.313	28.012	4.178	31.952	1020.163	1533.948
2026-04-18 17:53:05.913	2.137	28.083	4.178	31.971	1020.182	1534.175
2026-04-18 17:53:06.912	1.951	28.11	4.16	31.988	1020.191	1534.324
2026-04-18 17:53:07.911	1.752	28.154	4.174	31.997	1020.182	1534.369
2026-04-18 17:53:08.911	1.626	28.164	4.175	32.037	1020.205	1534.455
2026-04-18 17:53:09.910	1.414	28.208	4.161	32.019	1020.141	1534.454
2026-04-18 17:53:10.913	1.275	28.237	4.175	32.06	1020.18	1534.585
2026-04-18 17:53:11.910	1.157	28.249	4.173	32.055	1020.132	1534.482
2026-04-18 17:53:12.911	1.04	28.296	4.157	32.092	1020.17	1534.668
2026-04-18 17:53:13.910	0.97	28.297	4.169	32.074	1020.158	1534.74
2026-04-18 17:53:14.911	0.875	28.323	4.167	32.113	1020.152	1534.825
2026-04-18 17:53:15.912	0.78	28.355	4.161	32.121	1020.187	1534.784
2026-04-18 17:53:16.912	0.785	28.371	4.157	32.121	1020.143	1534.845
2026-04-18 17:53:17.910	0.751	28.372	4.169	32.13	1020.162	1535.021
2026-04-18 17:53:18.911	0.699	28.374	4.164	32.157	1020.204	1534.882
2026-04-18 17:53:19.911	0.71	28.378	4.159	32.158	1020.204	1535.017
2026-04-18 17:53:20.907	0.71	28.426	4.148	32.182	1020.167	1535.205
2026-04-18 17:53:21.911	0.725	28.391	4.149	32.168	1020.219	1535.021
2026-04-18 17:53:22.907	0.756	28.41	4.158	32.177	1020.177	1535.057
2026-04-18 17:53:23.907	0.727	28.434	4.157	32.182	1020.181	1535.199
2026-04-18 17:53:24.910	0.778	28.434	4.163	32.183	1020.195	1535.117
2026-04-18 17:53:25.911	0.756	28.414	4.157	32.216	1020.229	1535.225
2026-04-18 17:53:26.910	0.792	28.459	4.154	32.207	1020.19	1535.22
2026-04-18 17:53:27.910	0.825	28.425	4.157	32.217	1020.202	1535.198
2026-04-18 17:53:28.920	0.804	28.461	4.156	32.232	1020.205	1535.292
2026-04-18 17:53:29.910	0.833	28.42	4.147	32.226	1020.242	1535.19
2026-04-18 17:53:30.912	0.81	28.442	4.149	32.234	1020.224	1535.233
2026-04-18 17:53:31.910	0.827	28.452	4.159	32.252	1020.231	1535.26
2026-04-18 17:53:32.910	0.832	28.472	4.156	32.252	1020.263	1535.456
2026-04-18 17:53:33.910	0.815	28.469	4.154	32.245	1020.228	1535.356
2026-04-18 17:53:34.910	0.822	28.499	4.159	32.257	1020.256	1535.429
2026-04-18 17:53:35.911	0.831	28.485	4.165	32.267	1020.24	1535.418
2026-04-18 17:53:36.910	0.863	28.506	4.168	32.277	1020.266	1535.486
2026-04-18 17:53:37.910	0.92	28.471	4.151	32.265	1020.268	1535.5
2026-04-18 17:53:38.910	0.936	28.487	4.166	32.275	1020.28	1535.446
2026-04-18 17:53:39.907	0.966	28.475	4.161	32.285	1020.286	1535.356
2026-04-18 17:53:40.911	1.1	28.451	4.162	32.291	1020.31	1535.406
2026-04-18 17:53:41.908	1.188	28.491	4.169	32.286	1020.296	1535.48
2026-04-18 17:53:42.908	1.293	28.492	4.173	32.287	1020.315	1535.626
2026-04-18 17:53:43.910	1.378	28.477	4.163	32.305	1020.29	1535.521
2026-04-18 17:53:44.910	1.532	28.456	4.163	32.272	1020.301	1535.473
2026-04-18 17:53:45.910	1.674	28.393	4.166	32.287	1020.319	1535.353
2026-04-18 17:53:46.910	1.858	28.379	4.17	32.301	1020.368	1535.261
2026-04-18 17:53:47.911	2.035	28.357	4.168	32.273	1020.336	1535.214
2026-04-18 17:53:48.908	2.21	28.35	4.162	32.286	1020.387	1535.234
2026-04-18 17:53:49.910	2.396	28.357	4.181	32.3	1020.406	1535.395
2026-04-18 17:53:50.911	2.532	28.302	4.183	32.298	1020.408	1535.211
2026-04-18 17:53:51.910	2.712	28.299	4.174	32.273	1020.379	1535.282
2026-04-18 17:53:52.907	2.865	28.297	4.173	32.296	1020.435	1535.205
2026-04-18 17:53:53.907	3.069	28.248	4.172	32.284	1020.405	1535.27
2026-04-18 17:53:54.906	3.173	28.21	4.183	32.276	1020.428	1535.077
2026-04-18 17:53:55.906	3.29	28.206	4.182	32.289	1020.463	1535.077
2026-04-18 17:53:56.906	3.389	28.209	4.18	32.281	1020.439	1535.183
2026-04-18 17:53:57.910	3.496	28.226	4.18	32.276	1020.45	1535.117
2026-04-18 17:53:58.911	3.528	28.176	4.182	32.298	1020.484	1534.995
2026-04-18 17:53:59.911	3.589	28.177	4.191	32.275	1020.489	1535.059
2026-04-18 17:54:00.913	3.599	28.183	4.19	32.272	1020.476	1535.104
2026-04-18 17:54:01.911	3.586	28.198	4.196	32.281	1020.454	1535.058
2026-04-18 17:54:02.910	3.579	28.189	4.188	32.283	1020.472	1535.167
2026-04-18 17:54:03.910	3.579	28.204	4.2	32.275	1020.441	1535.168
2026-04-18 17:54:04.911	3.528	28.215	4.196	32.301	1020.465	1535.28
2026-04-18 17:54:05.911	3.482	28.25	4.212	32.295	1020.432	1535.319
2026-04-18 17:54:06.911	3.418	28.226	4.218	32.299	1020.457	1535.172
2026-04-18 17:54:07.911	3.355	28.237	4.219	32.286	1020.437	1535.273
2026-04-18 17:54:08.911	3.274	28.283	4.216	32.276	1020.45	1535.222
2026-04-18 17:54:09.911	3.176	28.297	4.228	32.297	1020.446	1535.309
2026-04-18 17:54:10.911	3.106	28.273	4.219	32.307	1020.437	1535.356
2026-04-18 17:54:11.911	3.077	28.309	4.222	32.28	1020.43	1535.341
2026-04-18 17:54:12.911	2.972	28.293	4.225	32.313	1020.461	1535.267
2026-04-18 17:54:13.911	2.908	28.339	4.22	32.295	1020.389	1535.332
2026-04-18 17:54:14.911	2.887	28.34	4.233	32.297	1020.432	1535.411
2026-04-18 17:54:15.911	2.828	28.31	4.235	32.294	1020.428	1535.382
2026-04-18 17:54:16.910	2.802	28.332	4.234	32.301	1020.413	1535.449
2026-04-18 17:54:17.911	2.732	28.352	4.235	32.322	1020.394	1535.501
2026-04-18 17:54:18.911	2.698	28.331	4.237	32.308	1020.385	1535.414
2026-04-18 17:54:19.910	2.67	28.367	4.241	32.315	1020.4	1535.406
2026-04-18 17:54:20.914	2.615	28.365	4.241	32.297	1020.408	1535.356
2026-04-18 17:54:21.911	2.585	28.365	4.243	32.329	1020.423	1535.559
2026-04-18 17:54:22.911	2.512	28.364	4.247	32.3	1020.413	1535.517
2026-04-18 17:54:23.906	2.459	28.363	4.255	32.328	1020.41	1535.392
2026-04-18 17:54:24.907	2.331	28.403	4.252	32.32	1020.408	1535.47
2026-04-18 17:54:25.911	2.245	28.397	4.244	32.305	1020.4	1535.475
2026-04-18 17:54:26.910	2.166	28.382	4.251	32.321	1020.391	1535.444
2026-04-18 17:54:27.911	2.07	28.413	4.246	32.322	1020.382	1535.54
2026-04-18 17:54:28.912	1.944	28.444	4.247	32.326	1020.337	1535.486
2026-04-18 17:54:29.911	1.775	28.467	4.26	32.328	1020.37	1535.574
2026-04-18 17:54:30.911	1.658	28.479	4.261	32.342	1020.33	1535.666
2026-04-18 17:54:31.911	1.508	28.511	4.252	32.351	1020.351	1535.644
2026-04-18 17:54:32.911	1.333	28.525	4.257	32.338	1020.3	1535.804
2026-04-18 17:54:33.912	1.183	28.528	4.265	32.353	1020.303	1535.757
2026-04-18 17:54:34.910	1.037	28.536	4.256	32.318	1020.309	1535.665
2026-04-18 17:54:35.911	0.855	28.561	4.267	32.319	1020.278	1535.697
2026-04-18 17:54:36.912	0.754	28.55	4.26	32.329	1020.282	1535.576
2026-04-18 17:54:37.910	0.584	28.597	4.256	32.332	1020.289	1535.82
2026-04-18 17:54:38.910	0.489	28.588	4.253	32.326	1020.248	1535.785
2026-04-18 17:54:39.911	0.395	28.588	4.265	32.353	1020.284	1535.835
2026-04-18 17:54:40.911	0.335	28.612	4.253	32.333	1020.249	1535.684
2026-04-18 17:54:41.910	0.233	28.622	4.262	32.33	1020.252	1535.699
2026-04-18 17:54:42.910	0.222	28.625	4.248	32.351	1020.236	1535.718
2026-04-18 17:54:43.912	0.227	28.638	4.263	32.327	1020.219	1535.854
2026-04-18 17:54:44.910	0.265	28.589	4.251	32.355	1020.251	1535.819
2026-04-18 17:54:45.912	0.253	28.625	4.247	32.353	1020.288	1535.899
2026-04-18 17:54:46.910	0.344	28.57	4.257	32.356	1020.289	1535.762
2026-04-18 17:54:47.910	0.413	28.557	4.243	32.35	1020.309	1535.72
2026-04-18 17:54:48.910	0.453	28.551	4.235	32.337	1020.26	1535.647
2026-04-18 17:54:49.910	0.596	28.537	4.244	32.335	1020.297	1535.567
2026-04-18 17:54:50.911	0.691	28.515	4.233	32.33	1020.283	1535.606
2026-04-18 17:54:51.911	0.796	28.504	4.238	32.326	1020.291	1535.603
2026-04-18 17:54:52.911	0.931	28.473	4.228	32.329	1020.29	1535.461
2026-04-18 17:54:53.911	1.02	28.457	4.227	32.331	1020.296	1535.435
2026-04-18 17:54:54.910	1.155	28.386	4.232	32.317	1020.315	1535.228
2026-04-18 17:54:55.910	1.259	28.404	4.227	32.309	1020.339	1535.24
2026-04-18 17:54:56.911	1.385	28.328	4.216	32.325	1020.345	1535.092
2026-04-18 17:54:57.911	1.457	28.308	4.212	32.309	1020.331	1535.025
2026-04-18 17:54:58.911	1.572	28.298	4.211	32.279	1020.318	1535.069
2026-04-18 17:54:59.910	1.682	28.299	4.213	32.276	1020.327	1535.078
2026-04-18 17:55:00.911	1.739	28.271	4.21	32.299	1020.355	1534.99
2026-04-18 17:55:01.911	1.816	28.242	4.198	32.275	1020.362	1534.987
2026-04-18 17:55:02.911	1.855	28.222	4.201	32.248	1020.333	1534.91
2026-04-18 17:55:03.910	1.946	28.216	4.202	32.247	1020.343	1534.76
2026-04-18 17:55:04.911	1.985	28.207	4.187	32.253	1020.343	1534.776
2026-04-18 17:55:05.908	2.063	28.155	4.187	32.234	1020.364	1534.723
2026-04-18 17:55:06.913	2.122	28.172	4.183	32.211	1020.355	1534.788
2026-04-18 17:55:07.911	2.164	28.161	4.184	32.203	1020.336	1534.654
2026-04-18 17:55:08.911	2.253	28.139	4.176	32.221	1020.394	1534.619
2026-04-18 17:55:09.911	2.315	28.108	4.178	32.19	1020.372	1534.524
2026-04-18 17:55:10.911	2.396	28.082	4.167	32.188	1020.34	1534.453
2026-04-18 17:55:11.911	2.481	28.091	4.179	32.182	1020.333	1534.443
2026-04-18 17:55:12.911	2.599	28.024	4.17	32.161	1020.345	1534.305
2026-04-18 17:55:13.910	2.702	28.026	4.172	32.135	1020.355	1534.263
2026-04-18 17:55:14.910	2.77	28.003	4.171	32.126	1020.36	1534.183
2026-04-18 17:55:15.909	2.903	27.993	4.166	32.123	1020.354	1534.172
2026-04-18 17:55:16.911	3.011	27.944	4.15	32.113	1020.389	1534.082
2026-04-18 17:55:17.911	3.154	27.926	4.148	32.092	1020.371	1534.102
2026-04-18 17:55:18.911	3.295	27.93	4.148	32.092	1020.351	1534.169
2026-04-18 17:55:19.911	3.395	27.899	4.142	32.053	1020.341	1534.017
2026-04-18 17:55:20.911	3.477	27.842	4.155	32.055	1020.381	1533.826
2026-04-18 17:55:21.911	3.568	27.843	4.145	32.039	1020.351	1533.799
2026-04-18 17:55:22.911	3.638	27.831	4.141	32.02	1020.351	1533.789
2026-04-18 17:55:23.910	3.725	27.822	4.145	32.018	1020.343	1533.754
2026-04-18 17:55:24.911	3.757	27.773	4.134	31.978	1020.351	1533.605
2026-04-18 17:55:25.907	3.799	27.793	4.135	31.964	1020.324	1533.72
2026-04-18 17:55:26.908	3.767	27.757	4.125	31.959	1020.345	1533.518
2026-04-18 17:55:27.911	3.744	27.78	4.136	31.947	1020.298	1533.658
2026-04-18 17:55:28.911	3.699	27.783	4.136	31.913	1020.298	1533.62
2026-04-18 17:55:29.911	3.648	27.763	4.134	31.917	1020.284	1533.448
2026-04-18 17:55:30.906	3.517	27.797	4.123	31.884	1020.211	1533.453
2026-04-18 17:55:31.912	3.441	27.822	4.13	31.865	1020.198	1533.479
2026-04-18 17:55:32.911	3.344	27.796	4.135	31.864	1020.197	1533.544
2026-04-18 17:55:33.911	3.18	27.852	4.134	31.835	1020.144	1533.475
2026-04-18 17:55:34.911	3.009	27.876	4.132	31.847	1020.162	1533.701
2026-04-18 17:55:35.911	2.854	27.867	4.119	31.826	1020.167	1533.514
2026-04-18 17:55:36.908	2.72	27.913	4.127	31.811	1020.119	1533.577
2026-04-18 17:55:37.907	2.585	27.913	4.125	31.769	1020.061	1533.513
2026-04-18 17:55:38.907	2.389	27.901	4.132	31.759	1020.093	1533.371
2026-04-18 17:55:39.907	2.288	27.965	4.122	31.778	1020.074	1533.687
2026-04-18 17:55:40.911	2.111	27.965	4.126	31.76	1020.02	1533.572
2026-04-18 17:55:41.907	1.975	28.005	4.126	31.743	1020.006	1533.685
2026-04-18 17:55:42.911	1.875	27.981	4.136	31.723	1019.987	1533.646
2026-04-18 17:55:43.907	1.772	27.976	4.13	31.698	1019.938	1533.56
2026-04-18 17:55:44.911	1.692	28.005	4.136	31.707	1019.95	1533.488
2026-04-18 17:55:45.911	1.576	28.044	4.129	31.688	1019.926	1533.594
2026-04-18 17:55:46.906	1.51	28.044	4.137	31.657	1019.913	1533.656
2026-04-18 17:55:47.910	1.452	28.028	4.145	31.656	1019.913	1533.475
2026-04-18 17:55:48.911	1.377	28.044	4.149	31.659	1019.9	1533.474
2026-04-18 17:55:49.913	1.37	28.072	4.146	31.642	1019.874	1533.687
2026-04-18 17:55:50.911	1.333	28.027	4.138	31.634	1019.856	1533.386
2026-04-18 17:55:51.911	1.27	28.06	4.139	31.624	1019.862	1533.629
2026-04-18 17:55:52.911	1.239	28.081	4.145	31.609	1019.823	1533.609
2026-04-18 17:55:53.911	1.176	28.105	4.154	31.608	1019.815	1533.669
2026-04-18 17:55:54.911	1.118	28.087	4.15	31.581	1019.806	1533.492
2026-04-18 17:55:55.911	1.074	28.117	4.146	31.583	1019.794	1533.662
2026-04-18 17:55:56.908	1.06	28.113	4.158	31.588	1019.799	1533.691
2026-04-18 17:55:57.911	0.96	28.093	4.149	31.583	1019.783	1533.495
2026-04-18 17:55:58.911	0.892	28.101	4.166	31.585	1019.81	1533.458
2026-04-18 17:55:59.907	0.83	28.142	4.166	31.546	1019.76	1533.679
2026-04-18 17:56:00.907	0.779	28.13	4.17	31.558	1019.793	1533.562
2026-04-18 17:56:01.912	0.681	28.175	4.175	31.573	1019.77	1533.677
2026-04-18 17:56:02.911	0.611	28.191	4.172	31.566	1019.788	1533.78
2026-04-18 17:56:03.911	0.533	28.186	4.177	31.56	1019.754	1533.694
2026-04-18 17:56:04.911	0.523	28.175	4.179	31.543	1019.72	1533.706
2026-04-18 17:56:05.911	0.43	28.191	4.187	31.567	1019.726	1533.791
2026-04-18 17:56:06.911	0.389	28.18	4.178	31.531	1019.74	1533.661
2026-04-18 17:56:07.911	0.411	28.19	4.189	31.536	1019.715	1533.606
2026-04-18 17:56:08.911	0.392	28.228	4.193	31.554	1019.715	1533.793
2026-04-18 17:56:09.911	0.396	28.228	4.178	31.563	1019.769	1533.702
2026-04-18 17:56:10.912	0.439	28.197	4.191	31.553	1019.735	1533.704
2026-04-18 17:56:11.911	0.507	28.216	4.192	31.564	1019.733	1533.8
2026-04-18 17:56:12.911	0.567	28.168	4.194	31.566	1019.752	1533.646
2026-04-18 17:56:13.912	0.661	28.2	4.188	31.556	1019.737	1533.767
2026-04-18 17:56:14.911	0.754	28.171	4.2	31.552	1019.767	1533.642
2026-04-18 17:56:15.912	0.893	28.137	4.207	31.568	1019.782	1533.582
2026-04-18 17:56:16.911	1.071	28.119	4.198	31.576	1019.791	1533.715
2026-04-18 17:56:17.911	1.218	28.12	4.211	31.584	1019.836	1533.661
2026-04-18 17:56:18.913	1.374	28.073	4.214	31.556	1019.844	1533.617
2026-04-18 17:56:19.911	1.536	28.082	4.206	31.587	1019.824	1533.62
2026-04-18 17:56:20.912	1.735	28.038	4.202	31.586	1019.862	1533.518
2026-04-18 17:56:21.911	1.914	28.055	4.211	31.591	1019.864	1533.653
2026-04-18 17:56:22.912	2.089	27.981	4.21	31.597	1019.885	1533.437
2026-04-18 17:56:23.911	2.246	27.982	4.207	31.597	1019.884	1533.419
2026-04-18 17:56:24.912	2.435	27.975	4.215	31.619	1019.927	1533.434
2026-04-18 17:56:25.911	2.56	27.977	4.225	31.611	1019.953	1533.528
2026-04-18 17:56:26.911	2.716	27.963	4.227	31.642	1019.946	1533.652
2026-04-18 17:56:27.911	2.809	27.919	4.214	31.615	1019.956	1533.429
2026-04-18 17:56:28.911	2.887	27.95	4.213	31.626	1019.977	1533.509
2026-04-18 17:56:29.911	2.977	27.928	4.219	31.649	1020.025	1533.518
2026-04-18 17:56:30.911	3.04	27.903	4.219	31.653	1020.014	1533.389
2026-04-18 17:56:31.911	3.124	27.902	4.214	31.646	1020.027	1533.378
2026-04-18 17:56:32.911	3.151	27.933	4.221	31.676	1020.021	1533.679
2026-04-18 17:56:33.911	3.151	27.91	4.224	31.654	1020.039	1533.554
2026-04-18 17:56:34.911	3.195	27.93	4.233	31.678	1020.036	1533.607
2026-04-18 17:56:35.911	3.203	27.935	4.235	31.698	1020.055	1533.595
2026-04-18 17:56:36.911	3.191	27.944	4.224	31.68	1020.05	1533.637
2026-04-18 17:56:37.911	3.156	27.922	4.221	31.71	1020.077	1533.554
2026-04-18 17:56:38.911	3.189	27.931	4.225	31.702	1020.033	1533.534
2026-04-18 17:56:39.911	3.185	27.94	4.23	31.702	1020.063	1533.679
2026-04-18 17:56:40.911	3.215	27.929	4.22	31.709	1020.033	1533.553
2026-04-18 17:56:41.911	3.201	27.956	4.222	31.75	1020.11	1533.792
2026-04-18 17:56:42.907	3.187	27.976	4.222	31.753	1020.071	1533.764
2026-04-18 17:56:43.911	3.197	28.002	4.224	31.743	1020.079	1533.816
2026-04-18 17:56:44.911	3.24	28.007	4.233	31.749	1020.074	1533.902
2026-04-18 17:56:45.911	3.271	27.961	4.23	31.749	1020.115	1533.81
2026-04-18 17:56:46.911	3.262	28.009	4.225	31.754	1020.097	1534.016
2026-04-18 17:56:47.911	3.308	27.967	4.215	31.769	1020.11	1533.731
2026-04-18 17:56:48.911	3.314	27.976	4.233	31.794	1020.096	1533.886
2026-04-18 17:56:49.911	3.32	28.013	4.223	31.784	1020.081	1533.894
2026-04-18 17:56:50.911	3.273	28.016	4.229	31.784	1020.103	1534.001
2026-04-18 17:56:51.907	3.276	28.039	4.214	31.807	1020.127	1533.99
2026-04-18 17:56:52.912	3.242	28.016	4.212	31.802	1020.126	1534.012
2026-04-18 17:56:53.912	3.228	28.058	4.224	31.832	1020.128	1534.092
2026-04-18 17:56:54.911	3.161	28.042	4.209	31.825	1020.103	1534.121
2026-04-18 17:56:55.911	3.095	28.087	4.212	31.831	1020.138	1534.246
2026-04-18 17:56:56.907	3.016	28.115	4.212	31.83	1020.106	1534.242
2026-04-18 17:56:57.912	2.876	28.122	4.221	31.838	1020.129	1534.278
2026-04-18 17:56:58.912	2.731	28.156	4.209	31.836	1020.101	1534.346
2026-04-18 17:56:59.911	2.593	28.205	4.217	31.853	1020.104	1534.472
2026-04-18 17:57:00.911	2.45	28.217	4.202	31.833	1020.06	1534.417
2026-04-18 17:57:01.911	2.274	28.273	4.205	31.833	1020.029	1534.586
2026-04-18 17:57:02.911	2.09	28.283	4.207	31.856	1020.01	1534.656
2026-04-18 17:57:03.911	1.933	28.323	4.209	31.872	1020.028	1534.623
2026-04-18 17:57:04.911	1.761	28.327	4.2	31.854	1020.029	1534.691
2026-04-18 17:57:05.911	1.584	28.387	4.201	31.851	1019.963	1534.885
2026-04-18 17:57:06.911	1.423	28.397	4.198	31.868	1019.97	1534.733
2026-04-18 17:57:07.911	1.229	28.435	4.21	31.882	1019.99	1534.952
2026-04-18 17:57:08.911	1.066	28.455	4.193	31.896	1019.985	1534.972
2026-04-18 17:57:09.911	0.947	28.509	4.195	31.88	1019.936	1535.087
2026-04-18 17:57:10.911	0.836	28.547	4.205	31.867	1019.933	1535.142
2026-04-18 17:57:11.911	0.707	28.523	4.192	31.885	1019.924	1534.963
2026-04-18 17:57:12.911	0.607	28.566	4.197	31.881	1019.951	1535.101
2026-04-18 17:57:13.912	0.552	28.611	4.192	31.89	1019.94	1535.21
2026-04-18 17:57:14.911	0.527	28.611	4.187	31.885	1019.905	1535.26
2026-04-18 17:57:15.911	0.502	28.617	4.18	31.908	1019.918	1535.403
2026-04-18 17:57:16.911	0.475	28.593	4.187	31.9	1019.93	1535.275
2026-04-18 17:57:17.911	0.462	28.641	4.195	31.923	1019.936	1535.289
2026-04-18 17:57:18.911	0.501	28.627	4.187	31.899	1019.914	1535.41
2026-04-18 17:57:19.911	0.542	28.59	4.18	31.908	1019.915	1535.15
2026-04-18 17:57:20.913	0.612	28.58	4.179	31.932	1019.986	1535.226
2026-04-18 17:57:21.911	0.647	28.613	4.167	31.916	1019.924	1535.337
2026-04-18 17:57:22.912	0.697	28.632	4.176	31.952	1019.953	1535.398
2026-04-18 17:57:23.911	0.716	28.606	4.176	31.946	1019.988	1535.41
2026-04-18 17:57:24.911	0.764	28.618	4.163	31.957	1019.973	1535.328
2026-04-18 17:57:25.911	0.844	28.61	4.172	31.957	1020.006	1535.463
2026-04-18 17:57:26.911	0.919	28.603	4.161	31.968	1020.022	1535.469
2026-04-18 17:57:27.911	0.909	28.618	4.174	31.965	1019.971	1535.492
2026-04-18 17:57:28.911	1.0	28.579	4.161	31.962	1019.982	1535.345
2026-04-18 17:57:29.911	0.985	28.572	4.159	31.978	1020.036	1535.442
2026-04-18 17:57:30.911	1.03	28.587	4.16	31.973	1020.016	1535.394
2026-04-18 17:57:31.911	1.055	28.58	4.15	31.988	1020.046	1535.364
2026-04-18 17:57:32.911	1.076	28.573	4.148	31.974	1020.009	1535.442
2026-04-18 17:57:33.911	1.131	28.557	4.147	31.999	1020.064	1535.34
2026-04-18 17:57:34.911	1.148	28.571	4.161	31.999	1020.016	1535.313
2026-04-18 17:57:35.911	1.226	28.577	4.156	32.002	1020.055	1535.379
2026-04-18 17:57:36.911	1.232	28.559	4.163	32.013	1020.065	1535.449
2026-04-18 17:57:37.911	1.336	28.561	4.152	32.016	1020.082	1535.484
2026-04-18 17:57:38.911	1.366	28.529	4.147	32.034	1020.078	1535.337
2026-04-18 17:57:39.911	1.466	28.528	4.152	32.044	1020.077	1535.466
2026-04-18 17:57:40.912	1.54	28.539	4.144	32.051	1020.128	1535.476
2026-04-18 17:57:41.911	1.643	28.526	4.149	32.041	1020.117	1535.367
2026-04-18 17:57:42.911	1.819	28.484	4.146	32.048	1020.125	1535.249
2026-04-18 17:57:43.912	1.949	28.445	4.155	32.07	1020.14	1535.28
2026-04-18 17:57:44.907	2.097	28.44	4.159	32.093	1020.203	1535.336
2026-04-18 17:57:45.911	2.219	28.419	4.148	32.097	1020.203	1535.298
2026-04-18 17:57:46.911	2.417	28.394	4.15	32.121	1020.258	1535.238
2026-04-18 17:57:47.913	2.54	28.35	4.155	32.127	1020.274	1535.255
2026-04-18 17:57:48.911	2.71	28.316	4.156	32.143	1020.271	1535.178
2026-04-18 17:57:49.911	2.889	28.304	4.148	32.153	1020.291	1535.183
2026-04-18 17:57:50.911	3.054	28.276	4.151	32.165	1020.326	1535.058
2026-04-18 17:57:51.907	3.209	28.252	4.153	32.153	1020.349	1535.036
2026-04-18 17:57:52.908	3.354	28.214	4.158	32.178	1020.383	1534.977
2026-04-18 17:57:53.910	3.43	28.192	4.158	32.191	1020.372	1534.946
2026-04-18 17:57:54.907	3.541	28.211	4.149	32.201	1020.413	1535.108
2026-04-18 17:57:55.907	3.652	28.16	4.162	32.198	1020.42	1534.978
2026-04-18 17:57:56.907	3.685	28.168	4.167	32.237	1020.458	1535.068
2026-04-18 17:57:57.908	3.721	28.169	4.159	32.231	1020.466	1534.927
2026-04-18 17:57:58.908	3.74	28.187	4.159	32.26	1020.458	1535.009
2026-04-18 17:57:59.911	3.708	28.149	4.172	32.258	1020.474	1534.955
2026-04-18 17:58:00.911	3.724	28.159	4.165	32.262	1020.47	1535.094
2026-04-18 17:58:01.911	3.688	28.163	4.166	32.297	1020.469	1535.111
2026-04-18 17:58:02.911	3.613	28.187	4.173	32.273	1020.481	1535.2
2026-04-18 17:58:03.911	3.531	28.139	4.174	32.312	1020.496	1535.032
2026-04-18 17:58:04.911	3.444	28.179	4.17	32.308	1020.5	1535.046
2026-04-18 17:58:05.911	3.315	28.168	4.177	32.313	1020.483	1535.142
2026-04-18 17:58:06.911	3.263	28.189	4.188	32.326	1020.501	1535.083
2026-04-18 17:58:07.911	3.112	28.22	4.179	32.349	1020.467	1535.231
2026-04-18 17:58:08.911	3.04	28.218	4.197	32.365	1020.529	1535.246
2026-04-18 17:58:09.911	2.941	28.233	4.19	32.368	1020.517	1535.262
2026-04-18 17:58:10.911	2.842	28.224	4.202	32.393	1020.52	1535.172
2026-04-18 17:58:11.911	2.763	28.236	4.198	32.394	1020.494	1535.144
2026-04-18 17:58:12.911	2.651	28.229	4.198	32.388	1020.492	1535.249
2026-04-18 17:58:13.910	2.585	28.284	4.21	32.416	1020.522	1535.402
2026-04-18 17:58:14.911	2.482	28.294	4.206	32.41	1020.484	1535.282
2026-04-18 17:58:15.913	2.443	28.263	4.202	32.435	1020.538	1535.376
2026-04-18 17:58:16.911	2.352	28.244	4.214	32.448	1020.497	1535.233
2026-04-18 17:58:17.911	2.308	28.251	4.202	32.437	1020.528	1535.167
2026-04-18 17:58:18.911	2.244	28.281	4.224	32.452	1020.53	1535.334
2026-04-18 17:58:19.911	2.225	28.248	4.208	32.465	1020.522	1535.211
2026-04-18 17:58:20.911	2.146	28.3	4.231	32.457	1020.531	1535.38
2026-04-18 17:58:21.911	2.086	28.277	4.227	32.473	1020.499	1535.257
2026-04-18 17:58:22.911	1.996	28.266	4.22	32.489	1020.533	1535.375
2026-04-18 17:58:23.911	1.917	28.305	4.223	32.468	1020.529	1535.305
2026-04-18 17:58:24.911	1.874	28.316	4.222	32.483	1020.504	1535.446
2026-04-18 17:58:25.912	1.786	28.283	4.223	32.498	1020.516	1535.37
2026-04-18 17:58:26.911	1.643	28.302	4.232	32.47	1020.478	1535.362
2026-04-18 17:58:27.911	1.545	28.318	4.234	32.476	1020.494	1535.409
2026-04-18 17:58:28.911	1.447	28.321	4.238	32.482	1020.503	1535.346
2026-04-18 17:58:29.911	1.316	28.36	4.248	32.482	1020.488	1535.472
2026-04-18 17:58:30.911	1.185	28.372	4.235	32.489	1020.459	1535.403
2026-04-18 17:58:31.911	1.06	28.376	4.254	32.479	1020.427	1535.351
2026-04-18 17:58:32.911	0.895	28.35	4.255	32.503	1020.442	1535.407
2026-04-18 17:58:33.910	0.756	28.41	4.244	32.482	1020.444	1535.537
2026-04-18 17:58:34.911	0.648	28.39	4.259	32.495	1020.456	1535.369
2026-04-18 17:58:35.911	0.527	28.395	4.243	32.48	1020.421	1535.474
2026-04-18 17:58:36.912	0.438	28.408	4.263	32.495	1020.434	1535.377
2026-04-18 17:58:37.910	0.359	28.419	4.249	32.503	1020.408	1535.444
2026-04-18 17:58:38.911	0.291	28.446	4.264	32.468	1020.394	1535.455
2026-04-18 17:58:39.910	0.226	28.406	4.254	32.495	1020.44	1535.285
2026-04-18 17:58:40.911	0.222	28.398	4.256	32.469	1020.417	1535.378
2026-04-18 17:58:41.910	0.213	28.392	4.259	32.483	1020.386	1535.323
2026-04-18 17:58:42.911	0.233	28.395	4.256	32.464	1020.378	1535.367
2026-04-18 17:58:43.911	0.259	28.385	4.257	32.443	1020.404	1535.237
2026-04-18 17:58:44.911	0.298	28.374	4.253	32.466	1020.39	1535.161
2026-04-18 17:58:45.911	0.384	28.363	4.251	32.437	1020.366	1535.177
2026-04-18 17:58:46.910	0.504	28.36	4.253	32.417	1020.365	1535.249
2026-04-18 17:58:47.911	0.598	28.32	4.245	32.423	1020.398	1535.076
2026-04-18 17:58:48.910	0.749	28.258	4.242	32.43	1020.419	1535.05
2026-04-18 17:58:49.911	0.901	28.271	4.251	32.387	1020.371	1534.922
2026-04-18 17:58:50.911	1.022	28.256	4.24	32.398	1020.429	1535.038
2026-04-18 17:58:51.911	1.19	28.204	4.238	32.4	1020.463	1534.849
2026-04-18 17:58:52.911	1.344	28.141	4.242	32.386	1020.432	1534.705
2026-04-18 17:58:53.911	1.45	28.119	4.25	32.357	1020.446	1534.629
2026-04-18 17:58:54.910	1.625	28.135	4.245	32.365	1020.465	1534.764
2026-04-18 17:58:55.911	1.759	28.11	4.238	32.344	1020.469	1534.658
2026-04-18 17:58:56.911	1.854	28.073	4.226	32.337	1020.437	1534.603
2026-04-18 17:58:57.911	1.974	28.069	4.224	32.314	1020.439	1534.589
2026-04-18 17:58:58.911	2.064	28.034	4.236	32.289	1020.413	1534.466
2026-04-18 17:58:59.911	2.138	27.98	4.226	32.281	1020.466	1534.176
2026-04-18 17:59:00.911	2.226	28.002	4.236	32.289	1020.438	1534.335
2026-04-18 17:59:01.911	2.317	27.976	4.217	32.248	1020.452	1534.179
2026-04-18 17:59:02.911	2.359	27.93	4.226	32.231	1020.429	1534.11
2026-04-18 17:59:03.911	2.426	27.956	4.222	32.228	1020.44	1534.267
2026-04-18 17:59:04.911	2.438	27.945	4.219	32.236	1020.416	1534.227
2026-04-18 17:59:05.911	2.537	27.944	4.204	32.212	1020.404	1534.168
2026-04-18 17:59:06.911	2.55	27.91	4.207	32.21	1020.448	1534.009
2026-04-18 17:59:07.911	2.613	27.925	4.199	32.18	1020.391	1533.98
2026-04-18 17:59:08.911	2.682	27.901	4.205	32.181	1020.423	1533.978
2026-04-18 17:59:09.911	2.738	27.859	4.193	32.131	1020.351	1533.825
2026-04-18 17:59:10.911	2.825	27.875	4.197	32.119	1020.384	1533.866
2026-04-18 17:59:11.911	2.891	27.815	4.199	32.128	1020.397	1533.78
2026-04-18 17:59:12.910	2.943	27.826	4.191	32.111	1020.391	1533.835
2026-04-18 17:59:13.911	3.018	27.811	4.193	32.111	1020.418	1533.821
2026-04-18 17:59:14.911	3.141	27.813	4.19	32.065	1020.386	1533.752
2026-04-18 17:59:15.911	3.195	27.785	4.188	32.087	1020.392	1533.746
2026-04-18 17:59:16.911	3.313	27.77	4.185	32.059	1020.399	1533.624
2026-04-18 17:59:17.911	3.371	27.749	4.175	32.053	1020.38	1533.536
2026-04-18 17:59:18.911	3.475	27.723	4.165	32.022	1020.362	1533.456
2026-04-18 17:59:19.911	3.538	27.728	4.171	32.034	1020.375	1533.549
2026-04-18 17:59:20.911	3.564	27.741	4.165	31.998	1020.353	1533.575
2026-04-18 17:59:21.910	3.633	27.718	4.156	31.996	1020.33	1533.413
2026-04-18 17:59:22.911	3.698	27.717	4.158	31.981	1020.341	1533.379
2026-04-18 17:59:23.911	3.705	27.71	4.149	31.962	1020.329	1533.368
2026-04-18 17:59:24.911	3.662	27.72	4.152	31.962	1020.317	1533.438
2026-04-18 17:59:25.911	3.654	27.677	4.148	31.971	1020.334	1533.325
2026-04-18 17:59:26.912	3.626	27.707	4.143	31.944	1020.335	1533.372
2026-04-18 17:59:27.910	3.544	27.738	4.148	31.938	1020.29	1533.411
2026-04-18 17:59:28.911	3.44	27.721	4.145	31.908	1020.273	1533.379
2026-04-18 17:59:29.911	3.301	27.746	4.141	31.895	1020.268	1533.325
2026-04-18 17:59:30.911	3.168	27.751	4.137	31.914	1020.255	1533.334
2026-04-18 17:59:31.911	3.033	27.787	4.137	31.879	1020.241	1533.432
2026-04-18 17:59:32.911	2.862	27.854	4.137	31.905	1020.222	1533.607
2026-04-18 17:59:33.911	2.73	27.82	4.132	31.902	1020.226	1533.431
2026-04-18 17:59:34.911	2.563	27.882	4.147	31.884	1020.154	1533.629
2026-04-18 17:59:35.911	2.369	27.931	4.148	31.88	1020.129	1533.676
2026-04-18 17:59:36.913	2.184	27.909	4.127	31.878	1020.132	1533.514
2026-04-18 17:59:37.910	2.056	27.954	4.131	31.843	1020.113	1533.699
2026-04-18 17:59:38.911	1.853	27.962	4.145	31.831	1020.065	1533.582
2026-04-18 17:59:39.911	1.744	27.982	4.145	31.851	1020.065	1533.69
2026-04-18 17:59:40.911	1.565	28.02	4.136	31.833	1020.082	1533.706
2026-04-18 17:59:41.911	1.437	28.088	4.145	31.848	1020.073	1533.828
2026-04-18 17:59:42.909	1.355	28.098	4.138	31.833	1020.0	1533.86
2026-04-18 17:59:43.911	1.282	28.099	4.125	31.818	1020.011	1533.874
2026-04-18 17:59:44.911	1.201	28.084	4.131	31.802	1020.026	1533.802
2026-04-18 17:59:45.911	1.125	28.119	4.135	31.801	1020.0	1533.954
2026-04-18 17:59:46.913	1.051	28.135	4.127	31.793	1019.948	1533.861
2026-04-18 17:59:47.913	1.04	28.154	4.141	31.791	1019.973	1534.016
2026-04-18 17:59:48.913	0.998	28.173	4.133	31.791	1019.939	1534.064
2026-04-18 17:59:49.911	0.975	28.141	4.137	31.818	1019.961	1533.865
2026-04-18 17:59:50.914	0.948	28.171	4.145	31.817	1019.958	1534.052
2026-04-18 17:59:51.912	0.941	28.181	4.129	31.791	1019.944	1534.12
2026-04-18 17:59:52.911	0.937	28.168	4.138	31.805	1019.944	1534.104
2026-04-18 17:59:53.910	0.924	28.214	4.139	31.783	1019.926	1534.159
2026-04-18 17:59:54.907	0.857	28.184	4.148	31.777	1019.953	1533.933
2026-04-18 17:59:55.912	0.842	28.229	4.143	31.8	1019.952	1534.058
2026-04-18 17:59:56.912	0.822	28.232	4.137	31.765	1019.913	1534.213
2026-04-18 17:59:57.911	0.8	28.26	4.143	31.78	1019.919	1534.164
2026-04-18 17:59:58.911	0.766	28.253	4.144	31.764	1019.918	1534.111
2026-04-18 17:59:59.913	0.755	28.279	4.139	31.774	1019.884	1534.229
2026-04-18 18:00:00.912	0.696	28.259	4.148	31.762	1019.902	1534.187
2026-04-18 18:00:01.915	0.667	28.255	4.16	31.784	1019.922	1534.115
2026-04-18 18:00:02.913	0.666	28.266	4.156	31.768	1019.926	1534.28
2026-04-18 18:00:03.911	0.607	28.27	4.155	31.779	1019.894	1534.172
2026-04-18 18:00:04.912	0.61	28.298	4.155	31.778	1019.898	1534.218
2026-04-18 18:00:05.912	0.57	28.302	4.155	31.779	1019.895	1534.183
2026-04-18 18:00:06.916	0.613	28.308	4.169	31.761	1019.894	1534.318
2026-04-18 18:00:07.907	0.621	28.318	4.156	31.751	1019.85	1534.367
2026-04-18 18:00:08.912	0.663	28.297	4.169	31.752	1019.885	1534.339
2026-04-18 18:00:09.912	0.716	28.301	4.166	31.751	1019.866	1534.364
2026-04-18 18:00:10.911	0.806	28.333	4.174	31.758	1019.876	1534.42
2026-04-18 18:00:11.908	0.893	28.313	4.17	31.734	1019.882	1534.307
2026-04-18 18:00:12.906	0.959	28.333	4.177	31.738	1019.856	1534.333
2026-04-18 18:00:13.906	1.097	28.278	4.179	31.759	1019.9	1534.214
2026-04-18 18:00:14.907	1.239	28.311	4.179	31.746	1019.921	1534.344
2026-04-18 18:00:15.907	1.414	28.271	4.179	31.728	1019.891	1534.241
2026-04-18 18:00:16.907	1.588	28.254	4.191	31.716	1019.894	1534.211
2026-04-18 18:00:17.911	1.741	28.245	4.179	31.748	1019.936	1534.323
2026-04-18 18:00:18.907	1.95	28.19	4.177	31.71	1019.936	1534.11
2026-04-18 18:00:19.907	2.096	28.188	4.187	31.716	1019.939	1534.171
2026-04-18 18:00:20.911	2.303	28.14	4.192	31.724	1019.97	1533.993
2026-04-18 18:00:21.911	2.479	28.149	4.198	31.698	1019.948	1534.18
2026-04-18 18:00:22.911	2.668	28.116	4.191	31.717	1020.026	1534.153
2026-04-18 18:00:23.911	2.773	28.092	4.187	31.702	1019.991	1533.933
2026-04-18 18:00:24.911	2.965	28.127	4.191	31.705	1020.006	1534.069
2026-04-18 18:00:25.911	3.052	28.062	4.193	31.692	1019.983	1533.959
2026-04-18 18:00:26.912	3.172	28.106	4.202	31.698	1019.997	1534.042
2026-04-18 18:00:27.912	3.274	28.069	4.193	31.679	1020.004	1533.91
2026-04-18 18:00:28.911	3.321	28.068	4.21	31.693	1020.016	1533.926
2026-04-18 18:00:29.911	3.388	28.06	4.215	31.684	1020.006	1534.01
2026-04-18 18:00:30.911	3.407	28.049	4.206	31.674	1020.028	1534.007
2026-04-18 18:00:31.911	3.424	28.105	4.209	31.657	1019.997	1534.0
2026-04-18 18:00:32.911	3.432	28.056	4.215	31.676	1020.016	1533.932
2026-04-18 18:00:33.911	3.385	28.07	4.209	31.675	1019.998	1534.094
2026-04-18 18:00:34.911	3.398	28.09	4.212	31.65	1020.003	1534.102
2026-04-18 18:00:35.911	3.343	28.133	4.214	31.663	1019.988	1534.092
2026-04-18 18:00:36.911	3.309	28.137	4.224	31.632	1019.933	1534.084
2026-04-18 18:00:37.912	3.306	28.139	4.227	31.658	1019.952	1534.227
2026-04-18 18:00:38.911	3.276	28.14	4.219	31.66	1019.95	1534.165
2026-04-18 18:00:39.911	3.188	28.141	4.223	31.619	1019.946	1534.058
2026-04-18 18:00:40.907	3.171	28.164	4.221	31.618	1019.909	1534.223
2026-04-18 18:00:41.909	3.143	28.156	4.233	31.611	1019.953	1534.2
2026-04-18 18:00:42.911	3.103	28.175	4.221	31.614	1019.899	1534.281
2026-04-18 18:00:43.907	3.113	28.185	4.227	31.607	1019.92	1534.143
2026-04-18 18:00:44.911	3.089	28.22	4.23	31.629	1019.903	1534.413
2026-04-18 18:00:45.907	3.067	28.242	4.226	31.617	1019.908	1534.431
2026-04-18 18:00:46.909	3.079	28.24	4.232	31.611	1019.93	1534.373
2026-04-18 18:00:47.911	3.021	28.266	4.233	31.608	1019.871	1534.405
2026-04-18 18:00:48.907	3.026	28.255	4.233	31.621	1019.889	1534.346
2026-04-18 18:00:49.911	2.97	28.227	4.242	31.609	1019.895	1534.208
2026-04-18 18:00:50.907	2.949	28.276	4.244	31.583	1019.851	1534.346
2026-04-18 18:00:51.907	2.926	28.298	4.241	31.596	1019.873	1534.501
2026-04-18 18:00:52.911	2.865	28.282	4.228	31.61	1019.914	1534.361
2026-04-18 18:00:53.911	2.813	28.321	4.233	31.598	1019.871	1534.476
2026-04-18 18:00:54.911	2.733	28.28	4.236	31.614	1019.912	1534.434
2026-04-18 18:00:55.908	2.587	28.312	4.244	31.619	1019.898	1534.488
2026-04-18 18:00:56.910	2.492	28.326	4.232	31.604	1019.858	1534.411
2026-04-18 18:00:57.911	2.386	28.399	4.23	31.599	1019.802	1534.664
2026-04-18 18:00:58.911	2.24	28.382	4.228	31.617	1019.848	1534.522
2026-04-18 18:00:59.911	2.071	28.439	4.242	31.622	1019.809	1534.847
2026-04-18 18:01:00.908	1.925	28.45	4.224	31.597	1019.775	1534.731
2026-04-18 18:01:01.911	1.747	28.504	4.235	31.614	1019.783	1534.855
2026-04-18 18:01:02.907	1.579	28.531	4.241	31.605	1019.749	1534.817
2026-04-18 18:01:03.907	1.405	28.514	4.225	31.603	1019.769	1534.879
2026-04-18 18:01:04.908	1.232	28.565	4.225	31.618	1019.737	1534.859
2026-04-18 18:01:05.908	1.071	28.567	4.225	31.608	1019.717	1534.956
2026-04-18 18:01:06.908	0.902	28.642	4.239	31.616	1019.708	1535.155
2026-04-18 18:01:07.911	0.753	28.663	4.232	31.637	1019.744	1535.072
2026-04-18 18:01:08.912	0.629	28.637	4.22	31.646	1019.703	1535.101
2026-04-18 18:01:09.912	0.552	28.66	4.223	31.633	1019.692	1535.192
2026-04-18 18:01:10.908	0.449	28.668	4.234	31.659	1019.723	1535.071
2026-04-18 18:01:11.911	0.376	28.665	4.215	31.66	1019.743	1535.03
2026-04-18 18:01:12.911	0.329	28.684	4.221	31.67	1019.722	1535.126
2026-04-18 18:01:13.911	0.332	28.699	4.228	31.664	1019.683	1535.253
2026-04-18 18:01:14.911	0.325	28.71	4.213	31.69	1019.737	1535.286
2026-04-18 18:01:15.907	0.353	28.719	4.22	31.705	1019.717	1535.406
2026-04-18 18:01:16.910	0.397	28.701	4.206	31.709	1019.759	1535.32
2026-04-18 18:01:17.911	0.443	28.668	4.202	31.711	1019.775	1535.264
2026-04-18 18:01:18.911	0.505	28.655	4.201	31.745	1019.815	1535.174
2026-04-18 18:01:19.911	0.587	28.642	4.211	31.739	1019.785	1535.106
2026-04-18 18:01:20.908	0.638	28.67	4.208	31.758	1019.783	1535.372
2026-04-18 18:01:21.909	0.755	28.635	4.196	31.789	1019.868	1535.181
2026-04-18 18:01:22.911	0.802	28.604	4.2	31.783	1019.865	1535.222
2026-04-18 18:01:23.911	0.896	28.589	4.187	31.813	1019.895	1535.196
2026-04-18 18:01:24.911	1.015	28.568	4.187	31.809	1019.896	1535.222
2026-04-18 18:01:25.909	1.082	28.563	4.18	31.822	1019.882	1535.241
2026-04-18 18:01:26.908	1.133	28.566	4.195	31.821	1019.906	1535.25
2026-04-18 18:01:27.911	1.201	28.548	4.181	31.836	1019.947	1535.193
2026-04-18 18:01:28.911	1.26	28.528	4.179	31.87	1019.939	1535.161
2026-04-18 18:01:29.911	1.365	28.524	4.176	31.893	1019.999	1535.241
2026-04-18 18:01:30.908	1.415	28.515	4.179	31.914	1020.03	1535.232
2026-04-18 18:01:31.911	1.449	28.459	4.168	31.909	1020.001	1534.999
2026-04-18 18:01:32.911	1.52	28.484	4.172	31.945	1020.062	1535.107
2026-04-18 18:01:33.911	1.53	28.475	4.163	31.942	1020.039	1535.056
2026-04-18 18:01:34.911	1.584	28.465	4.164	31.978	1020.094	1535.173
2026-04-18 18:01:35.907	1.653	28.42	4.171	31.988	1020.094	1535.129
2026-04-18 18:01:36.911	1.747	28.414	4.17	31.99	1020.086	1535.078
2026-04-18 18:01:37.911	1.821	28.416	4.155	32.017	1020.144	1535.094
2026-04-18 18:01:38.911	1.907	28.393	4.156	32.014	1020.141	1535.025
2026-04-18 18:01:39.911	1.979	28.349	4.149	32.054	1020.159	1535.085
2026-04-18 18:01:40.908	2.099	28.318	4.148	32.041	1020.17	1534.87
2026-04-18 18:01:41.911	2.188	28.347	4.164	32.089	1020.222	1535.057
2026-04-18 18:01:42.911	2.31	28.314	4.161	32.105	1020.23	1535.007
2026-04-18 18:01:43.911	2.466	28.268	4.152	32.105	1020.283	1534.954
2026-04-18 18:01:44.911	2.612	28.253	4.159	32.102	1020.236	1534.843
2026-04-18 18:01:45.907	2.736	28.193	4.153	32.139	1020.324	1534.819
2026-04-18 18:01:46.909	2.889	28.201	4.151	32.16	1020.331	1534.775
2026-04-18 18:01:47.911	3.048	28.181	4.153	32.171	1020.34	1534.951
2026-04-18 18:01:48.911	3.168	28.156	4.141	32.197	1020.411	1534.799
2026-04-18 18:01:49.911	3.318	28.128	4.136	32.205	1020.388	1534.756
2026-04-18 18:01:50.910	3.424	28.078	4.15	32.19	1020.431	1534.683
2026-04-18 18:01:51.910	3.526	28.077	4.15	32.207	1020.446	1534.776
2026-04-18 18:01:52.911	3.609	28.043	4.144	32.254	1020.501	1534.575
2026-04-18 18:01:53.914	3.687	27.991	4.146	32.265	1020.512	1534.649
2026-04-18 18:01:54.912	3.74	28.007	4.145	32.276	1020.482	1534.665
2026-04-18 18:01:55.908	3.79	27.985	4.14	32.269	1020.509	1534.629
2026-04-18 18:01:56.909	3.791	28.006	4.133	32.303	1020.532	1534.588
2026-04-18 18:01:57.906	3.756	28.006	4.149	32.303	1020.533	1534.604
2026-04-18 18:01:58.907	3.735	27.967	4.141	32.312	1020.577	1534.585
2026-04-18 18:01:59.911	3.671	27.971	4.148	32.317	1020.568	1534.499
2026-04-18 18:02:00.907	3.594	27.987	4.139	32.315	1020.549	1534.655
2026-04-18 18:02:01.911	3.526	28.003	4.15	32.347	1020.539	1534.643
2026-04-18 18:02:02.912	3.431	28.008	4.143	32.344	1020.566	1534.706
2026-04-18 18:02:03.911	3.321	27.996	4.143	32.347	1020.544	1534.626
2026-04-18 18:02:04.912	3.166	28.027	4.154	32.363	1020.552	1534.666
2026-04-18 18:02:05.906	3.044	28.007	4.15	32.358	1020.544	1534.525
2026-04-18 18:02:06.911	2.937	28.041	4.146	32.385	1020.543	1534.609
2026-04-18 18:02:07.912	2.77	28.075	4.159	32.359	1020.538	1534.677
2026-04-18 18:02:08.911	2.645	28.041	4.153	32.387	1020.515	1534.565
2026-04-18 18:02:09.911	2.526	28.078	4.168	32.397	1020.534	1534.717
2026-04-18 18:02:10.908	2.437	28.059	4.156	32.378	1020.485	1534.637
2026-04-18 18:02:11.911	2.327	28.075	4.157	32.41	1020.547	1534.638
2026-04-18 18:02:12.911	2.213	28.115	4.163	32.412	1020.504	1534.742
2026-04-18 18:02:13.911	2.119	28.133	4.163	32.39	1020.485	1534.779
2026-04-18 18:02:14.911	2.028	28.12	4.166	32.404	1020.523	1534.874
2026-04-18 18:02:15.906	1.983	28.111	4.171	32.412	1020.478	1534.811
2026-04-18 18:02:16.911	1.865	28.103	4.186	32.426	1020.503	1534.728
2026-04-18 18:02:17.911	1.835	28.146	4.174	32.425	1020.527	1534.922
2026-04-18 18:02:18.911	1.782	28.113	4.175	32.427	1020.495	1534.834
2026-04-18 18:02:19.911	1.714	28.127	4.186	32.402	1020.504	1534.831
2026-04-18 18:02:20.906	1.665	28.147	4.193	32.391	1020.451	1534.687
2026-04-18 18:02:21.911	1.634	28.146	4.181	32.393	1020.478	1534.77
2026-04-18 18:02:22.911	1.515	28.137	4.197	32.418	1020.46	1534.85
2026-04-18 18:02:23.911	1.459	28.129	4.187	32.387	1020.464	1534.773
2026-04-18 18:02:24.911	1.397	28.155	4.193	32.398	1020.429	1534.779
2026-04-18 18:02:25.911	1.299	28.16	4.191	32.388	1020.45	1534.748
2026-04-18 18:02:26.911	1.263	28.135	4.198	32.405	1020.439	1534.618
2026-04-18 18:02:27.911	1.109	28.189	4.201	32.391	1020.442	1534.839
2026-04-18 18:02:28.911	1.03	28.19	4.213	32.388	1020.399	1534.843
2026-04-18 18:02:29.911	0.956	28.157	4.201	32.372	1020.431	1534.622
2026-04-18 18:02:30.906	0.817	28.214	4.22	32.381	1020.374	1534.782
2026-04-18 18:02:31.910	0.721	28.212	4.214	32.382	1020.407	1534.8
2026-04-18 18:02:32.911	0.6	28.192	4.208	32.369	1020.38	1534.645
2026-04-18 18:02:33.911	0.531	28.212	4.222	32.383	1020.384	1534.813
2026-04-18 18:02:34.911	0.478	28.242	4.226	32.367	1020.391	1534.834
2026-04-18 18:02:35.906	0.4	28.23	4.228	32.375	1020.395	1534.84
2026-04-18 18:02:36.911	0.304	28.26	4.227	32.361	1020.379	1534.826
2026-04-18 18:02:37.911	0.299	28.265	4.222	32.37	1020.359	1534.932
2026-04-18 18:02:38.911	0.266	28.227	4.232	32.357	1020.339	1534.752
2026-04-18 18:02:39.911	0.28	28.254	4.232	32.326	1020.34	1534.739
2026-04-18 18:02:40.906	0.305	28.22	4.24	32.349	1020.339	1534.602
2026-04-18 18:02:41.911	0.308	28.229	4.236	32.336	1020.313	1534.698
2026-04-18 18:02:42.911	0.4	28.19	4.237	32.316	1020.363	1534.559
2026-04-18 18:02:43.912	0.483	28.183	4.237	32.333	1020.355	1534.525
2026-04-18 18:02:44.911	0.576	28.18	4.237	32.299	1020.352	1534.639
2026-04-18 18:02:45.908	0.709	28.158	4.247	32.298	1020.338	1534.441
2026-04-18 18:02:46.912	0.83	28.116	4.234	32.299	1020.344	1534.431
2026-04-18 18:02:47.911	0.986	28.087	4.236	32.322	1020.377	1534.5
2026-04-18 18:02:48.911	1.191	28.05	4.236	32.299	1020.373	1534.3
2026-04-18 18:02:49.911	1.309	28.058	4.23	32.282	1020.366	1534.283
2026-04-18 18:02:50.907	1.498	28.035	4.246	32.284	1020.415	1534.273
2026-04-18 18:02:51.912	1.651	27.991	4.239	32.266	1020.395	1534.121
2026-04-18 18:02:52.911	1.814	27.95	4.242	32.27	1020.402	1534.061
2026-04-18 18:02:53.911	1.971	27.97	4.238	32.261	1020.401	1534.099
2026-04-18 18:02:54.906	2.11	27.92	4.239	32.291	1020.483	1534.107
2026-04-18 18:02:55.911	2.236	27.893	4.23	32.254	1020.44	1533.939
2026-04-18 18:02:56.911	2.375	27.9	4.241	32.246	1020.453	1533.943
2026-04-18 18:02:57.911	2.452	27.879	4.23	32.27	1020.482	1534.089
2026-04-18 18:02:58.911	2.58	27.845	4.237	32.236	1020.449	1533.877
2026-04-18 18:02:59.911	2.667	27.846	4.242	32.27	1020.466	1534.057
2026-04-18 18:03:00.908	2.715	27.874	4.232	32.248	1020.461	1533.99
2026-04-18 18:03:01.912	2.781	27.827	4.239	32.243	1020.476	1533.983
2026-04-18 18:03:02.911	2.795	27.806	4.239	32.231	1020.502	1533.869
2026-04-18 18:03:03.911	2.849	27.831	4.228	32.223	1020.491	1534.003
2026-04-18 18:03:04.911	2.859	27.843	4.22	32.235	1020.481	1533.967
2026-04-18 18:03:05.907	2.886	27.844	4.239	32.249	1020.508	1533.901
2026-04-18 18:03:06.911	2.959	27.816	4.221	32.249	1020.467	1533.932
2026-04-18 18:03:07.911	2.962	27.841	4.231	32.217	1020.489	1533.92
2026-04-18 18:03:08.911	3.001	27.806	4.23	32.209	1020.452	1533.885
2026-04-18 18:03:09.907	3.021	27.794	4.231	32.212	1020.476	1533.722
2026-04-18 18:03:10.907	3.056	27.786	4.212	32.22	1020.504	1533.837
2026-04-18 18:03:11.911	3.109	27.836	4.221	32.224	1020.485	1533.976
2026-04-18 18:03:12.911	3.203	27.813	4.209	32.216	1020.469	1533.942
2026-04-18 18:03:13.911	3.241	27.806	4.214	32.219	1020.479	1533.881
2026-04-18 18:03:14.911	3.263	27.822	4.219	32.197	1020.472	1533.936
2026-04-18 18:03:15.908	3.326	27.8	4.208	32.211	1020.455	1533.828
2026-04-18 18:03:16.911	3.409	27.786	4.214	32.205	1020.473	1533.787
2026-04-18 18:03:17.911	3.412	27.77	4.215	32.217	1020.504	1533.82
2026-04-18 18:03:18.911	3.489	27.764	4.211	32.197	1020.484	1533.898
2026-04-18 18:03:19.911	3.484	27.794	4.201	32.209	1020.478	1533.902
2026-04-18 18:03:20.911	3.488	27.765	4.196	32.212	1020.505	1533.85
2026-04-18 18:03:21.911	3.509	27.812	4.204	32.19	1020.459	1533.922
2026-04-18 18:03:22.911	3.475	27.814	4.194	32.19	1020.485	1534.019
2026-04-18 18:03:23.911	3.47	27.823	4.2	32.198	1020.487	1533.989
2026-04-18 18:03:24.911	3.422	27.811	4.198	32.169	1020.465	1533.885
2026-04-18 18:03:25.908	3.336	27.851	4.187	32.178	1020.472	1533.991
2026-04-18 18:03:26.911	3.268	27.849	4.182	32.182	1020.474	1533.974
2026-04-18 18:03:27.911	3.115	27.889	4.195	32.186	1020.455	1534.095
2026-04-18 18:03:28.911	3.039	27.9	4.185	32.154	1020.395	1534.05
2026-04-18 18:03:29.911	2.856	27.936	4.186	32.174	1020.418	1534.046
2026-04-18 18:03:30.908	2.708	27.995	4.178	32.161	1020.377	1534.228
2026-04-18 18:03:31.911	2.566	27.979	4.171	32.168	1020.359	1534.116
2026-04-18 18:03:32.911	2.345	28.004	4.175	32.156	1020.33	1534.263
2026-04-18 18:03:33.911	2.156	28.086	4.181	32.155	1020.329	1534.48
2026-04-18 18:03:34.911	1.986	28.102	4.167	32.152	1020.279	1534.458
2026-04-18 18:03:35.907	1.847	28.121	4.168	32.147	1020.301	1534.505
2026-04-18 18:03:36.910	1.63	28.168	4.173	32.117	1020.253	1534.441
2026-04-18 18:03:37.911	1.468	28.222	4.162	32.118	1020.243	1534.541
2026-04-18 18:03:38.911	1.313	28.26	4.163	32.132	1020.207	1534.806
2026-04-18 18:03:39.911	1.221	28.281	4.17	32.108	1020.191	1534.74
2026-04-18 18:03:40.908	1.075	28.299	4.16	32.113	1020.17	1534.841
2026-04-18 18:03:41.911	1.001	28.287	4.165	32.092	1020.156	1534.633
2026-04-18 18:03:42.911	0.874	28.334	4.169	32.072	1020.147	1534.777
2026-04-18 18:03:43.911	0.826	28.349	4.156	32.096	1020.156	1534.83
2026-04-18 18:03:44.911	0.775	28.385	4.165	32.084	1020.111	1534.824
2026-04-18 18:03:45.907	0.748	28.378	4.15	32.061	1020.133	1534.82
2026-04-18 18:03:46.911	0.719	28.367	4.152	32.075	1020.131	1534.753
2026-04-18 18:03:47.911	0.704	28.399	4.146	32.05	1020.124	1534.833
2026-04-18 18:03:48.911	0.685	28.424	4.159	32.019	1020.049	1534.966
2026-04-18 18:03:49.911	0.692	28.427	4.147	32.042	1020.086	1534.965
2026-04-18 18:03:50.908	0.725	28.419	4.161	32.025	1020.078	1535.006
2026-04-18 18:03:51.907	0.761	28.426	4.149	32.023	1020.054	1534.984
2026-04-18 18:03:52.911	0.786	28.399	4.157	31.996	1020.086	1534.913
2026-04-18 18:03:53.911	0.781	28.445	4.154	31.99	1020.021	1535.036
2026-04-18 18:03:54.911	0.782	28.408	4.138	31.972	1020.056	1534.889
2026-04-18 18:03:55.908	0.825	28.414	4.141	31.966	1020.025	1534.912
2026-04-18 18:03:56.911	0.804	28.415	4.143	31.934	1019.979	1534.832
2026-04-18 18:03:57.911	0.835	28.43	4.154	31.926	1019.971	1534.883
2026-04-18 18:03:58.911	0.814	28.45	4.15	31.919	1019.97	1534.865
2026-04-18 18:03:59.911	0.828	28.474	4.15	31.891	1019.934	1534.864
2026-04-18 18:04:00.906	0.8	28.473	4.155	31.891	1019.961	1535.015
2026-04-18 18:04:01.913	0.835	28.45	4.147	31.884	1019.973	1534.913
2026-04-18 18:04:02.911	0.826	28.476	4.154	31.862	1019.951	1534.957
2026-04-18 18:04:03.911	0.821	28.5	4.146	31.858	1019.943	1535.061
2026-04-18 18:04:04.911	0.861	28.468	4.145	31.847	1019.932	1534.901
2026-04-18 18:04:05.907	0.874	28.497	4.159	31.849	1019.954	1535.049
2026-04-18 18:04:06.911	0.898	28.481	4.153	31.822	1019.894	1534.852
2026-04-18 18:04:07.911	0.957	28.477	4.15	31.816	1019.906	1534.884
2026-04-18 18:04:08.911	1.048	28.461	4.159	31.806	1019.91	1534.802
2026-04-18 18:04:09.911	1.151	28.497	4.145	31.763	1019.887	1534.987
2026-04-18 18:04:10.908	1.245	28.458	4.159	31.761	1019.875	1534.851
2026-04-18 18:04:11.911	1.358	28.466	4.157	31.736	1019.84	1534.865
2026-04-18 18:04:12.911	1.519	28.465	4.161	31.74	1019.869	1534.853
2026-04-18 18:04:13.911	1.625	28.431	4.149	31.738	1019.906	1534.76
2026-04-18 18:04:14.911	1.802	28.407	4.158	31.71	1019.861	1534.797
2026-04-18 18:04:15.907	1.993	28.405	4.161	31.705	1019.882	1534.694
2026-04-18 18:04:16.911	2.122	28.362	4.15	31.683	1019.886	1534.646
2026-04-18 18:04:17.911	2.32	28.341	4.167	31.665	1019.867	1534.557
2026-04-18 18:04:18.911	2.516	28.313	4.165	31.674	1019.906	1534.595
2026-04-18 18:04:19.911	2.673	28.288	4.155	31.65	1019.917	1534.567
2026-04-18 18:04:20.907	2.833	28.3	4.171	31.642	1019.898	1534.498
2026-04-18 18:04:21.911	2.998	28.264	4.161	31.631	1019.934	1534.48
2026-04-18 18:04:22.911	3.145	28.241	4.163	31.618	1019.919	1534.312
2026-04-18 18:04:23.911	3.241	28.212	4.162	31.623	1019.935	1534.229
2026-04-18 18:04:24.911	3.39	28.204	4.163	31.608	1019.913	1534.404
2026-04-18 18:04:25.907	3.48	28.216	4.163	31.568	1019.911	1534.407
2026-04-18 18:04:26.911	3.528	28.195	4.178	31.572	1019.893	1534.247
2026-04-18 18:04:27.912	3.548	28.191	4.18	31.552	1019.879	1534.293
2026-04-18 18:04:28.911	3.593	28.186	4.168	31.562	1019.921	1534.209
2026-04-18 18:04:29.911	3.592	28.205	4.191	31.557	1019.908	1534.352
2026-04-18 18:04:30.907	3.596	28.198	4.183	31.551	1019.913	1534.222
2026-04-18 18:04:31.911	3.544	28.23	4.193	31.519	1019.89	1534.313
2026-04-18 18:04:32.911	3.519	28.196	4.196	31.545	1019.876	1534.315
2026-04-18 18:04:33.911	3.466	28.222	4.192	31.526	1019.894	1534.306
2026-04-18 18:04:34.911	3.411	28.247	4.203	31.532	1019.886	1534.3
2026-04-18 18:04:35.908	3.339	28.237	4.189	31.514	1019.831	1534.234
2026-04-18 18:04:36.911	3.252	28.244	4.19	31.497	1019.804	1534.314
2026-04-18 18:04:37.911	3.213	28.254	4.21	31.502	1019.809	1534.384
2026-04-18 18:04:38.911	3.127	28.272	4.203	31.508	1019.849	1534.401
2026-04-18 18:04:39.911	3.07	28.275	4.207	31.501	1019.842	1534.28
2026-04-18 18:04:40.909	3.021	28.3	4.216	31.52	1019.791	1534.316
2026-04-18 18:04:41.912	2.965	28.316	4.203	31.484	1019.798	1534.328
2026-04-18 18:04:42.911	2.874	28.302	4.206	31.5	1019.791	1534.319
2026-04-18 18:04:43.911	2.873	28.31	4.212	31.502	1019.781	1534.316
2026-04-18 18:04:44.911	2.784	28.31	4.213	31.507	1019.769	1534.32
2026-04-18 18:04:45.907	2.788	28.356	4.228	31.499	1019.764	1534.55
2026-04-18 18:04:46.911	2.748	28.359	4.222	31.503	1019.805	1534.491
2026-04-18 18:04:47.911	2.705	28.329	4.228	31.525	1019.773	1534.35
2026-04-18 18:04:48.911	2.626	28.367	4.235	31.502	1019.755	1534.43
2026-04-18 18:04:49.911	2.575	28.336	4.225	31.501	1019.795	1534.349
2026-04-18 18:04:50.908	2.502	28.393	4.234	31.504	1019.749	1534.604
2026-04-18 18:04:51.911	2.471	28.363	4.24	31.511	1019.782	1534.573
2026-04-18 18:04:52.911	2.375	28.381	4.229	31.55	1019.802	1534.552
2026-04-18 18:04:53.911	2.267	28.377	4.233	31.545	1019.803	1534.548
2026-04-18 18:04:54.911	2.21	28.398	4.235	31.558	1019.763	1534.631
2026-04-18 18:04:55.908	2.104	28.422	4.23	31.535	1019.746	1534.552
2026-04-18 18:04:56.911	1.961	28.452	4.246	31.541	1019.778	1534.765
2026-04-18 18:04:57.911	1.808	28.426	4.243	31.585	1019.809	1534.542
2026-04-18 18:04:58.911	1.656	28.473	4.239	31.558	1019.76	1534.66
2026-04-18 18:04:59.911	1.558	28.452	4.24	31.569	1019.738	1534.632
2026-04-18 18:05:00.907	1.35	28.503	4.249	31.596	1019.734	1534.857
2026-04-18 18:05:01.911	1.247	28.533	4.244	31.614	1019.745	1534.888
2026-04-18 18:05:02.911	1.063	28.512	4.246	31.599	1019.748	1534.825
2026-04-18 18:05:03.911	0.896	28.549	4.241	31.626	1019.758	1534.907
2026-04-18 18:05:04.911	0.78	28.542	4.251	31.632	1019.719	1534.788
2026-04-18 18:05:05.908	0.634	28.6	4.245	31.629	1019.712	1534.885
2026-04-18 18:05:06.911	0.538	28.625	4.252	31.645	1019.716	1535.114
2026-04-18 18:05:07.911	0.448	28.581	4.249	31.655	1019.744	1534.847
2026-04-18 18:05:08.911	0.322	28.642	4.24	31.692	1019.761	1535.092
2026-04-18 18:05:09.907	0.257	28.651	4.245	31.686	1019.734	1535.079
2026-04-18 18:05:10.907	0.251	28.593	4.248	31.701	1019.733	1534.892
2026-04-18 18:05:11.911	0.246	28.584	4.249	31.707	1019.776	1534.91
2026-04-18 18:05:12.911	0.23	28.619	4.249	31.709	1019.732	1534.95
2026-04-18 18:05:13.912	0.234	28.601	4.243	31.745	1019.796	1534.993
2026-04-18 18:05:14.911	0.325	28.588	4.231	31.741	1019.77	1534.968
2026-04-18 18:05:15.908	0.395	28.595	4.23	31.758	1019.811	1535.065
2026-04-18 18:05:16.911	0.463	28.527	4.223	31.775	1019.868	1534.836
2026-04-18 18:05:17.911	0.576	28.524	4.224	31.776	1019.87	1534.831
2026-04-18 18:05:18.907	0.647	28.501	4.235	31.789	1019.872	1534.946
2026-04-18 18:05:19.907	0.746	28.489	4.227	31.793	1019.886	1534.784
2026-04-18 18:05:20.911	0.886	28.444	4.222	31.81	1019.932	1534.684
2026-04-18 18:05:21.911	0.986	28.464	4.223	31.841	1019.946	1534.789
2026-04-18 18:05:22.911	1.125	28.381	4.22	31.861	1019.965	1534.73
2026-04-18 18:05:23.911	1.23	28.408	4.223	31.858	1019.983	1534.79
2026-04-18 18:05:24.911	1.338	28.385	4.208	31.867	1019.965	1534.806
2026-04-18 18:05:25.907	1.448	28.332	4.203	31.884	1019.989	1534.611
2026-04-18 18:05:26.907	1.522	28.336	4.207	31.89	1020.027	1534.629
2026-04-18 18:05:27.907	1.666	28.278	4.213	31.894	1020.078	1534.52
2026-04-18 18:05:28.907	1.725	28.246	4.212	31.922	1020.055	1534.434
2026-04-18 18:05:29.912	1.799	28.227	4.191	31.905	1020.053	1534.387
2026-04-18 18:05:30.911	1.824	28.245	4.189	31.93	1020.117	1534.519
2026-04-18 18:05:31.911	1.923	28.198	4.194	31.948	1020.109	1534.489
2026-04-18 18:05:32.911	1.967	28.19	4.196	31.958	1020.133	1534.494
2026-04-18 18:05:33.911	2.026	28.169	4.192	31.946	1020.11	1534.429
2026-04-18 18:05:34.907	2.096	28.149	4.184	31.977	1020.142	1534.406
2026-04-18 18:05:35.912	2.165	28.158	4.173	31.959	1020.172	1534.292
2026-04-18 18:05:36.912	2.229	28.12	4.188	31.985	1020.171	1534.253
2026-04-18 18:05:37.906	2.297	28.134	4.176	32.008	1020.178	1534.437
2026-04-18 18:05:38.911	2.349	28.091	4.183	31.998	1020.217	1534.184
2026-04-18 18:05:39.911	2.437	28.096	4.18	31.998	1020.204	1534.264
2026-04-18 18:05:40.912	2.534	28.04	4.161	32.023	1020.219	1534.113
2026-04-18 18:05:41.911	2.64	28.066	4.159	32.044	1020.283	1534.349
2026-04-18 18:05:42.911	2.763	28.023	4.158	32.015	1020.241	1534.239
2026-04-18 18:05:43.911	2.88	27.97	4.161	32.029	1020.261	1534.079
2026-04-18 18:05:44.911	3.001	27.969	4.166	32.045	1020.306	1534.07
2026-04-18 18:05:45.911	3.143	27.944	4.145	32.061	1020.325	1534.105
2026-04-18 18:05:46.911	3.234	27.933	4.162	32.054	1020.326	1533.985
2026-04-18 18:05:47.911	3.34	27.878	4.148	32.05	1020.32	1533.977
2026-04-18 18:05:48.912	3.425	27.885	4.138	32.059	1020.36	1533.896
2026-04-18 18:05:49.911	3.558	27.826	4.14	32.09	1020.37	1533.838
2026-04-18 18:05:50.911	3.607	27.813	4.138	32.083	1020.371	1533.884
2026-04-18 18:05:51.911	3.711	27.827	4.149	32.065	1020.398	1533.801
2026-04-18 18:05:52.911	3.721	27.789	4.13	32.07	1020.404	1533.745
2026-04-18 18:05:53.911	3.779	27.771	4.137	32.088	1020.426	1533.696
2026-04-18 18:05:54.911	3.753	27.813	4.135	32.083	1020.397	1533.856
2026-04-18 18:05:55.911	3.749	27.801	4.13	32.101	1020.442	1533.843
2026-04-18 18:05:56.911	3.726	27.793	4.132	32.118	1020.421	1533.79
2026-04-18 18:05:57.911	3.652	27.778	4.141	32.117	1020.406	1533.702
2026-04-18 18:05:58.911	3.568	27.804	4.14	32.109	1020.445	1533.777
2026-04-18 18:05:59.911	3.495	27.77	4.135	32.099	1020.398	1533.714
2026-04-18 18:06:00.911	3.371	27.838	4.136	32.122	1020.429	1533.812
2026-04-18 18:06:01.911	3.251	27.808	4.131	32.136	1020.438	1533.89
2026-04-18 18:06:02.911	3.102	27.815	4.124	32.14	1020.391	1533.73
2026-04-18 18:06:03.911	2.905	27.884	4.127	32.125	1020.369	1533.865
2026-04-18 18:06:04.911	2.76	27.857	4.138	32.124	1020.357	1533.811
2026-04-18 18:06:05.911	2.599	27.897	4.126	32.134	1020.341	1534.024
2026-04-18 18:06:06.911	2.435	27.921	4.13	32.157	1020.35	1534.094
2026-04-18 18:06:07.911	2.312	27.934	4.134	32.157	1020.372	1533.921
2026-04-18 18:06:08.911	2.176	27.975	4.138	32.125	1020.31	1533.984
2026-04-18 18:06:09.911	2.044	27.967	4.137	32.135	1020.344	1533.95
2026-04-18 18:06:10.911	1.9	27.979	4.146	32.171	1020.324	1534.018
2026-04-18 18:06:11.911	1.795	28.004	4.15	32.137	1020.304	1534.1
2026-04-18 18:06:12.911	1.718	28.013	4.133	32.147	1020.284	1534.177
2026-04-18 18:06:13.911	1.619	28.001	4.151	32.155	1020.287	1534.121
2026-04-18 18:06:14.911	1.539	28.026	4.153	32.183	1020.337	1534.241
2026-04-18 18:06:15.911	1.472	28.029	4.156	32.178	1020.286	1534.172
2026-04-18 18:06:16.911	1.396	28.061	4.145	32.167	1020.268	1534.166
2026-04-18 18:06:17.911	1.361	28.055	4.159	32.198	1020.324	1534.22
2026-04-18 18:06:18.911	1.31	28.041	4.146	32.185	1020.332	1534.155
2026-04-18 18:06:19.911	1.308	28.081	4.163	32.172	1020.317	1534.345
2026-04-18 18:06:20.911	1.215	28.071	4.155	32.182	1020.287	1534.225
2026-04-18 18:06:21.911	1.219	28.045	4.161	32.212	1020.3	1534.255
2026-04-18 18:06:22.911	1.175	28.06	4.167	32.219	1020.345	1534.197
2026-04-18 18:06:23.911	1.113	28.072	4.153	32.201	1020.313	1534.319
2026-04-18 18:06:24.911	1.053	28.1	4.173	32.222	1020.3	1534.386
2026-04-18 18:06:25.911	0.978	28.109	4.162	32.239	1020.309	1534.394
2026-04-18 18:06:26.911	0.934	28.138	4.162	32.213	1020.289	1534.508
2026-04-18 18:06:27.911	0.89	28.111	4.167	32.235	1020.293	1534.344
2026-04-18 18:06:28.911	0.818	28.141	4.171	32.243	1020.307	1534.457
2026-04-18 18:06:29.911	0.725	28.138	4.182	32.258	1020.334	1534.388
2026-04-18 18:06:30.911	0.674	28.172	4.19	32.272	1020.301	1534.453
2026-04-18 18:06:31.911	0.606	28.141	4.19	32.257	1020.301	1534.335
2026-04-18 18:06:32.911	0.539	28.16	4.185	32.267	1020.3	1534.422
2026-04-18 18:06:33.911	0.467	28.175	4.195	32.26	1020.304	1534.429
2026-04-18 18:06:34.911	0.442	28.194	4.202	32.291	1020.299	1534.636
2026-04-18 18:06:35.911	0.392	28.199	4.203	32.307	1020.31	1534.634
2026-04-18 18:06:36.911	0.38	28.237	4.201	32.277	1020.294	1534.588
2026-04-18 18:06:37.911	0.379	28.202	4.207	32.289	1020.318	1534.655
2026-04-18 18:06:38.911	0.408	28.2	4.211	32.303	1020.305	1534.503
2026-04-18 18:06:39.911	0.499	28.173	4.21	32.327	1020.369	1534.512
2026-04-18 18:06:40.911	0.572	28.189	4.204	32.334	1020.341	1534.695
2026-04-18 18:06:41.911	0.661	28.188	4.202	32.333	1020.372	1534.719
2026-04-18 18:06:42.911	0.75	28.179	4.208	32.331	1020.381	1534.714
2026-04-18 18:06:43.911	0.862	28.162	4.212	32.343	1020.406	1534.709
2026-04-18 18:06:44.911	0.99	28.131	4.211	32.351	1020.411	1534.656
2026-04-18 18:06:45.907	1.177	28.136	4.219	32.347	1020.435	1534.552
2026-04-18 18:06:46.910	1.341	28.083	4.215	32.351	1020.459	1534.487
2026-04-18 18:06:47.911	1.489	28.078	4.22	32.37	1020.479	1534.62
2026-04-18 18:06:48.911	1.659	28.065	4.23	32.383	1020.494	1534.449
2026-04-18 18:06:49.911	1.842	28.042	4.225	32.407	1020.488	1534.489
2026-04-18 18:06:50.911	2.048	28.032	4.234	32.382	1020.526	1534.553
2026-04-18 18:06:51.911	2.184	27.979	4.222	32.381	1020.525	1534.338
2026-04-18 18:06:52.911	2.381	27.984	4.231	32.398	1020.531	1534.503
2026-04-18 18:06:53.911	2.508	27.955	4.227	32.417	1020.559	1534.456
2026-04-18 18:06:54.911	2.633	27.922	4.236	32.4	1020.585	1534.272
2026-04-18 18:06:55.911	2.761	27.913	4.242	32.401	1020.594	1534.422
2026-04-18 18:06:56.911	2.894	27.894	4.24	32.431	1020.591	1534.27
2026-04-18 18:06:57.911	2.974	27.907	4.232	32.409	1020.626	1534.286
2026-04-18 18:06:58.911	3.003	27.886	4.227	32.445	1020.654	1534.435
2026-04-18 18:06:59.911	3.088	27.892	4.231	32.452	1020.625	1534.395
2026-04-18 18:07:00.911	3.125	27.891	4.244	32.422	1020.646	1534.279
2026-04-18 18:07:01.911	3.149	27.901	4.248	32.446	1020.642	1534.361
2026-04-18 18:07:02.911	3.187	27.897	4.23	32.448	1020.612	1534.415
2026-04-18 18:07:03.911	3.154	27.924	4.236	32.428	1020.64	1534.445
2026-04-18 18:07:04.911	3.177	27.912	4.242	32.46	1020.667	1534.477
2026-04-18 18:07:05.911	3.207	27.917	4.246	32.436	1020.608	1534.416
2026-04-18 18:07:06.911	3.182	27.95	4.235	32.462	1020.65	1534.678
2026-04-18 18:07:07.911	3.168	27.932	4.233	32.442	1020.645	1534.487
2026-04-18 18:07:08.911	3.175	27.94	4.246	32.437	1020.597	1534.61
2026-04-18 18:07:09.911	3.189	27.975	4.251	32.435	1020.593	1534.575
2026-04-18 18:07:10.911	3.226	27.979	4.234	32.459	1020.63	1534.747
2026-04-18 18:07:11.911	3.193	27.986	4.232	32.437	1020.6	1534.571
2026-04-18 18:07:12.911	3.254	27.988	4.251	32.457	1020.646	1534.673
2026-04-18 18:07:13.911	3.25	27.986	4.242	32.444	1020.616	1534.605
2026-04-18 18:07:14.911	3.267	27.967	4.231	32.427	1020.591	1534.629
2026-04-18 18:07:15.911	3.267	27.988	4.243	32.438	1020.64	1534.754
2026-04-18 18:07:16.911	3.276	28.022	4.23	32.42	1020.623	1534.836
2026-04-18 18:07:17.911	3.302	28.026	4.236	32.409	1020.564	1534.797
2026-04-18 18:07:18.911	3.315	28.038	4.231	32.389	1020.585	1534.776
2026-04-18 18:07:19.911	3.304	28.042	4.231	32.409	1020.58	1534.883
2026-04-18 18:07:20.911	3.255	28.003	4.231	32.375	1020.552	1534.588
2026-04-18 18:07:21.911	3.257	28.045	4.24	32.392	1020.597	1534.759
2026-04-18 18:07:22.911	3.168	28.058	4.224	32.361	1020.519	1534.853
2026-04-18 18:07:23.911	3.081	28.062	4.236	32.348	1020.539	1534.752
2026-04-18 18:07:24.911	3.006	28.073	4.224	32.339	1020.532	1534.724
2026-04-18 18:07:25.911	2.912	28.142	4.235	32.338	1020.517	1534.877
2026-04-18 18:07:26.911	2.805	28.129	4.226	32.328	1020.449	1534.782
2026-04-18 18:07:27.911	2.646	28.155	4.225	32.306	1020.428	1534.78
2026-04-18 18:07:28.911	2.51	28.212	4.229	32.315	1020.435	1535.108
2026-04-18 18:07:29.911	2.343	28.206	4.211	32.292	1020.415	1534.98
2026-04-18 18:07:30.911	2.153	28.244	4.227	32.291	1020.388	1534.961
2026-04-18 18:07:31.912	2.015	28.274	4.207	32.288	1020.398	1535.083
2026-04-18 18:07:32.911	1.824	28.309	4.206	32.244	1020.327	1535.033
2026-04-18 18:07:33.911	1.594	28.392	4.213	32.259	1020.297	1535.267
2026-04-18 18:07:34.911	1.452	28.414	4.206	32.244	1020.255	1535.352
2026-04-18 18:07:35.911	1.295	28.437	4.216	32.231	1020.249	1535.348
2026-04-18 18:07:36.911	1.109	28.484	4.204	32.227	1020.225	1535.444
2026-04-18 18:07:37.911	0.991	28.49	4.216	32.19	1020.215	1535.46
2026-04-18 18:07:38.911	0.85	28.537	4.213	32.171	1020.182	1535.386
2026-04-18 18:07:39.908	0.75	28.554	4.207	32.176	1020.161	1535.516
2026-04-18 18:07:40.911	0.626	28.569	4.194	32.131	1020.122	1535.52
2026-04-18 18:07:41.911	0.602	28.578	4.207	32.114	1020.091	1535.49
2026-04-18 18:07:42.913	0.531	28.612	4.196	32.118	1020.077	1535.589
2026-04-18 18:07:43.911	0.514	28.603	4.184	32.098	1020.081	1535.406
2026-04-18 18:07:44.911	0.476	28.613	4.182	32.068	1020.029	1535.465
2026-04-18 18:07:45.911	0.507	28.608	4.181	32.077	1020.067	1535.474
2026-04-18 18:07:46.911	0.521	28.642	4.191	32.065	1020.025	1535.588
2026-04-18 18:07:47.911	0.544	28.597	4.19	32.034	1020.013	1535.482
2026-04-18 18:07:48.911	0.586	28.602	4.189	32.018	1020.03	1535.49
2026-04-18 18:07:49.911	0.623	28.61	4.175	32.003	1020.016	1535.34
2026-04-18 18:07:50.911	0.691	28.602	4.167	31.997	1019.998	1535.399
2026-04-18 18:07:51.911	0.743	28.574	4.162	31.963	1020.007	1535.234
2026-04-18 18:07:52.911	0.762	28.591	4.174	31.957	1020.006	1535.259
2026-04-18 18:07:53.907	0.822	28.615	4.164	31.929	1019.96	1535.46
2026-04-18 18:07:54.911	0.894	28.59	4.162	31.94	1019.961	1535.441
2026-04-18 18:07:55.911	0.891	28.595	4.159	31.93	1019.991	1535.371
2026-04-18 18:07:56.911	0.953	28.609	4.161	31.885	1019.904	1535.355
2026-04-18 18:07:57.911	0.988	28.58	4.151	31.87	1019.95	1535.202
2026-04-18 18:07:58.911	0.999	28.611	4.162	31.889	1019.954	1535.45
2026-04-18 18:07:59.911	1.043	28.559	4.158	31.871	1019.963	1535.107
2026-04-18 18:08:00.911	1.059	28.605	4.163	31.842	1019.922	1535.305
2026-04-18 18:08:01.911	1.135	28.577	4.163	31.837	1019.918	1535.318
2026-04-18 18:08:02.911	1.167	28.541	4.153	31.839	1019.917	1535.062
2026-04-18 18:08:03.911	1.167	28.552	4.149	31.8	1019.879	1535.166
2026-04-18 18:08:04.911	1.265	28.584	4.15	31.81	1019.911	1535.162
2026-04-18 18:08:05.911	1.304	28.563	4.139	31.77	1019.85	1535.193
2026-04-18 18:08:06.911	1.35	28.576	4.14	31.777	1019.882	1535.136
2026-04-18 18:08:07.911	1.459	28.517	4.142	31.757	1019.881	1535.068
2026-04-18 18:08:08.907	1.533	28.511	4.147	31.748	1019.888	1535.025
2026-04-18 18:08:09.911	1.615	28.519	4.147	31.733	1019.865	1534.968
2026-04-18 18:08:10.911	1.77	28.506	4.138	31.72	1019.877	1535.01
2026-04-18 18:08:11.911	1.916	28.46	4.15	31.712	1019.907	1534.86
2026-04-18 18:08:12.911	2.006	28.471	4.142	31.709	1019.871	1534.833
2026-04-18 18:08:13.911	2.21	28.412	4.152	31.717	1019.907	1534.8
2026-04-18 18:08:14.908	2.369	28.409	4.139	31.72	1019.937	1534.804
2026-04-18 18:08:15.911	2.503	28.372	4.142	31.704	1019.927	1534.724
2026-04-18 18:08:16.911	2.671	28.335	4.135	31.697	1019.934	1534.606
2026-04-18 18:08:17.911	2.812	28.314	4.135	31.667	1019.946	1534.553
2026-04-18 18:08:18.911	2.995	28.284	4.138	31.676	1019.92	1534.45
2026-04-18 18:08:19.910	3.147	28.274	4.149	31.677	1019.94	1534.448
2026-04-18 18:08:20.911	3.268	28.225	4.15	31.663	1019.965	1534.416
2026-04-18 18:08:21.911	3.398	28.21	4.142	31.649	1019.981	1534.402
2026-04-18 18:08:22.911	3.518	28.227	4.154	31.653	1019.942	1534.533
2026-04-18 18:08:23.911	3.604	28.183	4.148	31.64	1019.947	1534.274
2026-04-18 18:08:24.911	3.681	28.173	4.143	31.641	1019.968	1534.326
2026-04-18 18:08:25.911	3.69	28.167	4.139	31.653	1020.006	1534.354
2026-04-18 18:08:26.911	3.762	28.126	4.138	31.632	1019.963	1534.237
2026-04-18 18:08:27.911	3.734	28.17	4.161	31.668	1019.982	1534.417
2026-04-18 18:08:28.911	3.719	28.141	4.145	31.633	1019.95	1534.24
2026-04-18 18:08:29.911	3.656	28.169	4.16	31.641	1019.984	1534.322
2026-04-18 18:08:30.911	3.636	28.155	4.156	31.657	1019.987	1534.359
