[System]
Platform=SEANO USV
Start_Time=2026-04-18 17:49:52
Timezone=WIB

[Sensor]
Name=GPS

[Columns]
Timestamp(WIB)	Latitude	Longitude	Altitude

[Data]
2026-04-18 17:49:55.021	-6.8843472	107.5573665	813.9182286314301
2026-04-18 17:49:55.521	-6.884347	107.5573655	813.9482265502346
2026-04-18 17:49:56.031	-6.8843462	107.557364	814.0682204659169
2026-04-18 17:49:56.532	-6.8843457	107.5573635	814.0282170552999
2026-04-18 17:49:57.031	-6.8843451	107.5573623	814.1082124248289
2026-04-18 17:49:57.527	-6.884345	107.5573614	814.2182110257316
2026-04-18 17:49:58.029	-6.8843444	107.5573595	814.3682057678843
2026-04-18 17:49:58.532	-6.8843441	107.5573577	814.5882023771505
2026-04-18 17:49:59.029	-6.8843438	107.5573574	814.5982003307655
2026-04-18 17:49:59.528	-6.8843432	107.5573564	814.6581958794939
2026-04-18 17:50:00.029	-6.8843428	107.5573569	814.4681939575969
2026-04-18 17:50:00.531	-6.8843421	107.5573547	814.5981878383086
2026-04-18 17:50:01.030	-6.884341	107.5573515	814.8281784526915
2026-04-18 17:50:01.521	-6.8843408	107.5573495	814.9881754751158
2026-04-18 17:50:02.023	-6.8843404	107.5573502	814.9281737324895
2026-04-18 17:50:02.520	-6.8843394	107.5573486	815.058166373359
2026-04-18 17:50:03.027	-6.8843388	107.5573463	815.2681607568254
2026-04-18 17:50:03.533	-6.8843386	107.5573434	815.5081569724975
2026-04-18 17:50:04.026	-6.8843383	107.5573422	815.6581541193821
2026-04-18 17:50:04.533	-6.8843383	107.5573421	815.648154029749
2026-04-18 17:50:05.021	-6.8843382	107.5573418	815.7581531683414
2026-04-18 17:50:05.526	-6.8843384	107.5573414	815.6981539948241
2026-04-18 17:50:06.026	-6.8843382	107.5573425	815.6181537957726
2026-04-18 17:50:06.536	-6.8843378	107.5573413	815.6081503501415
2026-04-18 17:50:07.027	-6.8843374	107.5573412	815.6381478904739
2026-04-18 17:50:07.526	-6.8843378	107.5573412	815.698150260508
2026-04-18 17:50:08.029	-6.8843379	107.5573411	815.6981507633827
2026-04-18 17:50:08.531	-6.8843378	107.5573402	815.7581493641692
2026-04-18 17:50:09.022	-6.8843374	107.5573391	815.7581460081558
2026-04-18 17:50:09.524	-6.8843373	107.5573369	815.8481434436673
2026-04-18 17:50:10.020	-6.8843374	107.5573356	815.928142870902
2026-04-18 17:50:10.532	-6.8843376	107.5573354	816.0781438766454
2026-04-18 17:50:11.025	-6.8843379	107.5573355	816.0581457438077
2026-04-18 17:50:11.526	-6.8843384	107.557336	815.9381491545323
2026-04-18 17:50:12.025	-6.8843386	107.5573369	815.8081511462753
2026-04-18 17:50:12.531	-6.8843384	107.557336	815.8781491545324
2026-04-18 17:50:13.026	-6.8843382	107.5573346	815.978146714598
2026-04-18 17:50:13.530	-6.8843384	107.5573331	816.2681465550464
2026-04-18 17:50:14.033	-6.8843388	107.557334	816.2681497318204
2026-04-18 17:50:14.530	-6.884339	107.5573339	816.368150827198
2026-04-18 17:50:15.033	-6.8843397	107.5573332	816.4281543472839
2026-04-18 17:50:15.529	-6.8843403	107.5573335	816.2581581712403
2026-04-18 17:50:16.025	-6.8843398	107.5573326	816.2781544019607
2026-04-18 17:50:16.532	-6.8843405	107.5573338	816.2581596251678
2026-04-18 17:50:17.025	-6.8843406	107.5573339	816.2881603073123
2026-04-18 17:50:17.525	-6.8843411	107.5573356	816.1781647936789
2026-04-18 17:50:18.027	-6.8843419	107.5573368	815.9581706093647
2026-04-18 17:50:18.536	-6.8843436	107.5573399	815.5881834606448
2026-04-18 17:50:19.025	-6.8843435	107.5573408	815.4981836748464
2026-04-18 17:50:19.531	-6.884345	107.5573422	815.238193817277
2026-04-18 17:50:20.029	-6.8843453	107.557342	815.2381954155219
2026-04-18 17:50:20.531	-6.884345	107.5573404	815.3681922038744
2026-04-18 17:50:21.025	-6.884345	107.5573396	815.5081914868006
2026-04-18 17:50:21.527	-6.8843455	107.5573399	815.4681947182218
2026-04-18 17:50:22.026	-6.8843449	107.5573391	815.4681904461238
2026-04-18 17:50:22.532	-6.8843452	107.5573391	815.5081922236349
2026-04-18 17:50:23.025	-6.8843462	107.5573395	815.5281985072066
2026-04-18 17:50:23.531	-6.8843473	107.5573403	815.4282057418098
2026-04-18 17:50:24.026	-6.8843477	107.5573406	815.3882083807202
2026-04-18 17:50:24.530	-6.884349	107.5573426	815.1182178759065
2026-04-18 17:50:25.026	-6.8843497	107.5573421	815.028221575249
2026-04-18 17:50:25.529	-6.88435	107.5573409	815.148222277151
2026-04-18 17:50:26.027	-6.8843495	107.557341	815.1982194042811
2026-04-18 17:50:26.531	-6.8843507	107.5573431	814.9982283965796
2026-04-18 17:50:27.027	-6.8843507	107.5573426	815.0282279484171
2026-04-18 17:50:27.527	-6.8843519	107.5573431	814.9082355065759
2026-04-18 17:50:28.026	-6.8843536	107.5573466	814.438248716152
2026-04-18 17:50:28.535	-6.8843551	107.5573488	814.1182595754703
2026-04-18 17:50:29.025	-6.8843557	107.5573504	813.9682645645096
2026-04-18 17:50:29.525	-6.8843564	107.5573517	813.758269877146
2026-04-18 17:50:30.026	-6.8843569	107.5573538	813.5182747217883
2026-04-18 17:50:30.532	-6.8843572	107.5573559	813.2482783814116
2026-04-18 17:50:31.027	-6.8843571	107.5573549	813.3782768926638
2026-04-18 17:50:31.528	-6.8843572	107.5573562	813.248278650286
2026-04-18 17:50:32.025	-6.8843579	107.5573577	813.0682841421193
2026-04-18 17:50:32.531	-6.8843576	107.5573569	813.2082816476403
2026-04-18 17:50:33.026	-6.8843575	107.5573571	813.2182812343933
2026-04-18 17:50:33.527	-6.8843588	107.5573581	812.9982898330696
2026-04-18 17:50:34.025	-6.8843603	107.5573598	812.7983002440765
2026-04-18 17:50:34.532	-6.8843618	107.5573622	812.5883112824014
2026-04-18 17:50:35.025	-6.8843631	107.5573638	812.408320418734
2026-04-18 17:50:35.525	-6.8843637	107.5573642	812.248324332165
2026-04-18 17:50:36.029	-6.8843646	107.5573659	811.9383311881184
2026-04-18 17:50:36.538	-6.884365	107.5573656	811.9883332892243
2026-04-18 17:50:37.026	-6.8843658	107.5573664	811.8283387460998
2026-04-18 17:50:37.529	-6.884367	107.557368	811.5983472898695
2026-04-18 17:50:38.025	-6.8843674	107.5573676	811.598349301355
2026-04-18 17:50:38.530	-6.8843688	107.5573693	811.3883591196947
2026-04-18 17:50:39.028	-6.8843691	107.5573692	811.378360807542
2026-04-18 17:50:39.525	-6.8843699	107.5573697	811.3183659955291
2026-04-18 17:50:40.032	-6.8843706	107.5573704	811.3183707702563
2026-04-18 17:50:40.530	-6.8843712	107.557372	811.0983757590319
2026-04-18 17:50:41.031	-6.8843724	107.5573746	810.8383851988489
2026-04-18 17:50:41.530	-6.8843733	107.5573757	810.6983915169686
2026-04-18 17:50:42.024	-6.8843732	107.5573752	810.7483904764163
2026-04-18 17:50:42.532	-6.8843731	107.5573749	810.66838961509
2026-04-18 17:50:43.027	-6.8843739	107.5573758	810.4783951614926
2026-04-18 17:50:43.526	-6.8843744	107.5573765	810.3183987512074
2026-04-18 17:50:44.024	-6.8843757	107.5573773	810.188407170402
2026-04-18 17:50:44.532	-6.884376	107.5573773	810.148408947853
2026-04-18 17:50:45.024	-6.8843764	107.5573767	810.2084107801118
2026-04-18 17:50:45.526	-6.8843768	107.5573779	810.0984142253922
2026-04-18 17:50:46.025	-6.8843772	107.5573789	809.9884174914404
2026-04-18 17:50:46.532	-6.8843778	107.5573814	809.7884232866021
2026-04-18 17:50:47.025	-6.8843776	107.5573812	809.8184219224172
2026-04-18 17:50:47.526	-6.8843784	107.5573821	809.728427468763
2026-04-18 17:50:48.024	-6.884379	107.557383	809.6184318301368
2026-04-18 17:50:48.532	-6.8843799	107.5573845	809.3984385065967
2026-04-18 17:50:49.025	-6.8843804	107.557384	809.4084410209597
2026-04-18 17:50:49.527	-6.8843814	107.5573849	809.2884477522363
2026-04-18 17:50:50.025	-6.8843823	107.5573849	809.2784530845539
2026-04-18 17:50:50.532	-6.8843829	107.5573845	809.3684562809975
2026-04-18 17:50:51.025	-6.8843828	107.5573847	809.4284558677346
2026-04-18 17:50:51.525	-6.8843825	107.5573844	809.5384538214728
2026-04-18 17:50:52.031	-6.8843831	107.5573849	809.5084578243874
2026-04-18 17:50:52.531	-6.8843831	107.5573851	809.5284580036031
2026-04-18 17:50:53.025	-6.8843835	107.5573849	809.4884601943027
2026-04-18 17:50:53.526	-6.8843842	107.5573854	809.3584647896903
2026-04-18 17:50:54.030	-6.8843851	107.5573865	809.1984711076711
2026-04-18 17:50:54.530	-6.8843848	107.5573848	809.3284678069122
2026-04-18 17:50:55.028	-6.8843847	107.5573845	809.3484669456104
2026-04-18 17:50:55.525	-6.8843842	107.5573843	809.3884638040038
2026-04-18 17:50:56.028	-6.8843847	107.5573842	809.318466676786
2026-04-18 17:50:56.532	-6.8843847	107.5573833	809.3984658703096
2026-04-18 17:50:57.026	-6.884384	107.5573807	809.6084593931148
2026-04-18 17:50:57.531	-6.8843843	107.5573796	809.6984601848333
2026-04-18 17:50:58.024	-6.884383	107.5573765	809.9984497046444
2026-04-18 17:50:58.533	-6.8843833	107.5573771	809.8084520197567
2026-04-18 17:50:59.031	-6.8843835	107.5573759	809.9084521293616
2026-04-18 17:50:59.526	-6.8843841	107.5573758	809.9184555946198
2026-04-18 17:51:00.036	-6.8843843	107.5573755	809.9784565107367
2026-04-18 17:51:00.532	-6.8843837	107.557373	810.1984507155154
2026-04-18 17:51:01.026	-6.8843832	107.5573714	810.3284463192778
2026-04-18 17:51:01.529	-6.8843833	107.5573708	810.3484463740614
2026-04-18 17:51:02.030	-6.8843836	107.5573705	810.3884478826495
2026-04-18 17:51:02.535	-6.8843833	107.5573687	810.6584444921118
2026-04-18 17:51:03.031	-6.8843833	107.5573682	810.6684440440248
2026-04-18 17:51:03.526	-6.884383	107.5573676	810.7284417288812
2026-04-18 17:51:04.026	-6.884383	107.557367	810.7984411911729
2026-04-18 17:51:04.531	-6.8843826	107.5573657	810.9784376562135
2026-04-18 17:51:05.031	-6.8843822	107.5573649	811.0484345693415
2026-04-18 17:51:05.525	-6.8843818	107.557364	811.1584313928446
2026-04-18 17:51:06.025	-6.8843816	107.5573641	811.1184302975046
2026-04-18 17:51:06.533	-6.8843814	107.5573637	811.098428754064
2026-04-18 17:51:07.026	-6.8843804	107.5573618	811.2584211264648
2026-04-18 17:51:07.529	-6.8843803	107.5573622	811.1984208924687
2026-04-18 17:51:08.026	-6.8843807	107.5573621	811.1084231727707
2026-04-18 17:51:08.533	-6.8843802	107.5573626	811.0484206584715
2026-04-18 17:51:09.027	-6.8843797	107.5573622	811.1184173375821
2026-04-18 17:51:09.527	-6.8843794	107.5573623	811.098415649759
2026-04-18 17:51:10.027	-6.884379	107.557362	811.1384130109692
2026-04-18 17:51:10.533	-6.884379	107.5573636	810.9384144449009
2026-04-18 17:51:11.025	-6.8843786	107.5573636	810.9284120749735
2026-04-18 17:51:11.527	-6.8843787	107.5573645	810.7984134740354
2026-04-18 17:51:12.025	-6.8843788	107.5573651	810.7184146042347
2026-04-18 17:51:12.532	-6.8843783	107.5573659	810.6184123587778
2026-04-18 17:51:13.029	-6.8843776	107.5573651	810.7284074944479
2026-04-18 17:51:13.526	-6.8843771	107.5573646	810.7684040839363
2026-04-18 17:51:14.032	-6.8843769	107.5573643	810.798402630111
2026-04-18 17:51:14.530	-6.8843761	107.557364	810.7283976213844
2026-04-18 17:51:15.027	-6.8843754	107.5573636	810.768393115517
2026-04-18 17:51:15.524	-6.8843753	107.5573638	810.6083927022734
2026-04-18 17:51:16.025	-6.8843754	107.5573645	810.4283939220973
2026-04-18 17:51:16.532	-6.8843746	107.5573632	810.4583880171609
2026-04-18 17:51:17.026	-6.8843746	107.5573644	810.2683890926031
2026-04-18 17:51:17.531	-6.8843744	107.5573651	810.1783885349712
2026-04-18 17:51:18.025	-6.8843743	107.557365	810.1683878528671
2026-04-18 17:51:18.532	-6.884374	107.5573641	810.0983852688348
2026-04-18 17:51:19.028	-6.8843739	107.5573639	809.9783844971098
2026-04-18 17:51:19.529	-6.8843732	107.5573634	809.9983799016118
2026-04-18 17:51:20.031	-6.8843734	107.5573638	809.8683814450637
2026-04-18 17:51:20.532	-6.8843729	107.5573645	809.7483791099762
2026-04-18 17:51:21.025	-6.8843726	107.5573643	809.7483771532793
2026-04-18 17:51:21.524	-6.8843706	107.5573633	809.8183644073476
2026-04-18 17:51:22.026	-6.8843699	107.5573626	809.8983596325912
2026-04-18 17:51:22.531	-6.8843697	107.5573635	809.8483592542017
2026-04-18 17:51:23.033	-6.8843692	107.557362	810.0083549474499
2026-04-18 17:51:23.525	-6.8843691	107.5573619	810.0783542653406
2026-04-18 17:51:24.034	-6.8843694	107.5573624	810.0183564909106
2026-04-18 17:51:24.530	-6.8843694	107.5573619	810.0183560428047
2026-04-18 17:51:25.028	-6.8843687	107.5573624	809.9783523434936
2026-04-18 17:51:25.526	-6.8843668	107.5573597	810.2383386664137
2026-04-18 17:51:26.026	-6.8843668	107.5573589	810.2583379494308
2026-04-18 17:51:26.531	-6.8843659	107.557359	810.2583327066449
2026-04-18 17:51:27.025	-6.8843656	107.5573586	810.3383305706815
2026-04-18 17:51:27.526	-6.8843652	107.557358	810.2983276629787
2026-04-18 17:51:28.027	-6.8843659	107.5573581	810.1883319000353
2026-04-18 17:51:28.532	-6.8843659	107.5573576	810.3183314519168
2026-04-18 17:51:29.028	-6.8843659	107.5573579	810.258331720788
2026-04-18 17:51:29.525	-6.8843662	107.5573584	810.1183339463759
2026-04-18 17:51:30.025	-6.8843662	107.5573583	810.0683338567526
2026-04-18 17:51:30.531	-6.8843657	107.5573582	809.9583308046783
2026-04-18 17:51:31.026	-6.8843659	107.5573586	809.8583323481523
2026-04-18 17:51:31.525	-6.8843647	107.5573559	810.158322818416
2026-04-18 17:51:32.030	-6.8843644	107.5573553	810.2283205031925
2026-04-18 17:51:32.532	-6.8843645	107.5573556	810.148321364559
2026-04-18 17:51:33.028	-6.8843648	107.5573566	809.9183240382794
2026-04-18 17:51:33.530	-6.8843646	107.5573592	809.608325183513
2026-04-18 17:51:34.027	-6.8843643	107.5573586	809.6583228683011
2026-04-18 17:51:34.536	-6.8843637	107.557359	809.5683196718453
2026-04-18 17:51:35.026	-6.8843634	107.5573588	809.558317715124
2026-04-18 17:51:35.526	-6.8843635	107.5573595	809.5083189349764
2026-04-18 17:51:36.031	-6.8843634	107.5573594	809.5283182528619
2026-04-18 17:51:36.531	-6.8843634	107.5573594	809.5383182528619
2026-04-18 17:51:37.027	-6.8843631	107.5573594	809.5483164753863
2026-04-18 17:51:37.525	-6.8843622	107.5573583	809.6783101571012
2026-04-18 17:51:38.032	-6.8843619	107.5573585	809.58830855887
2026-04-18 17:51:38.530	-6.8843615	107.5573588	809.5883064577682
2026-04-18 17:51:39.029	-6.8843608	107.5573575	809.6383011452092
2026-04-18 17:51:39.525	-6.8843605	107.557358	809.6382998158475
2026-04-18 17:51:40.026	-6.8843599	107.5573568	809.7582951853963
2026-04-18 17:51:40.533	-6.8843596	107.5573561	809.7882927805421
2026-04-18 17:51:41.025	-6.8843593	107.5573564	809.7582912719329
2026-04-18 17:51:41.528	-6.8843583	107.5573546	810.0182837337331
2026-04-18 17:51:42.028	-6.8843579	107.5573539	810.0982807363712
2026-04-18 17:51:42.533	-6.884357	107.5573528	810.2782744180201
2026-04-18 17:51:43.026	-6.8843566	107.5573522	810.3882715102745
2026-04-18 17:51:43.526	-6.884357	107.5573524	810.4382740595129
2026-04-18 17:51:44.026	-6.8843573	107.5573522	810.4382756577465
2026-04-18 17:51:44.533	-6.8843575	107.5573525	810.4282771116187
2026-04-18 17:51:45.026	-6.8843573	107.5573524	810.4482758370004
2026-04-18 17:51:45.525	-6.884357	107.5573515	810.5482732528682
2026-04-18 17:51:46.029	-6.8843561	107.5573498	810.8082663967266
2026-04-18 17:51:46.532	-6.884355	107.5573481	811.0882583555684
2026-04-18 17:51:47.029	-6.8843542	107.5573462	811.318251912618
2026-04-18 17:51:47.530	-6.884354	107.557345	811.4082496520515
2026-04-18 17:51:48.026	-6.8843543	107.5573453	811.3282516984385
2026-04-18 17:51:48.531	-6.8843537	107.557345	811.4182478745574
2026-04-18 17:51:49.026	-6.8843536	107.5573445	811.5282468339021
2026-04-18 17:51:49.526	-6.8843538	107.5573451	811.3982485566868
2026-04-18 17:51:50.025	-6.8843539	107.5573448	811.4082488802909
2026-04-18 17:51:50.531	-6.8843532	107.5573433	811.568243388326
2026-04-18 17:51:51.030	-6.8843531	107.5573434	811.6182428854597
2026-04-18 17:51:51.527	-6.8843516	107.5573406	811.82823148825
2026-04-18 17:51:52.027	-6.8843508	107.5573389	811.9682252244683
2026-04-18 17:51:52.531	-6.8843499	107.5573368	812.1382180096209
2026-04-18 17:51:53.032	-6.8843498	107.5573373	812.0882178652998
2026-04-18 17:51:53.525	-6.8843494	107.5573359	812.0982142403901
2026-04-18 17:51:54.027	-6.8843483	107.5573338	812.2182058404944
2026-04-18 17:51:54.531	-6.884349	107.557334	812.0882101672801
2026-04-18 17:51:55.026	-6.8843487	107.557333	812.2082074933963
2026-04-18 17:51:55.526	-6.8843489	107.5573331	812.2682087680373
2026-04-18 17:51:56.026	-6.8843491	107.5573325	812.2482094152094
2026-04-18 17:51:56.532	-6.8843482	107.5573306	812.568202379553
2026-04-18 17:51:57.026	-6.8843485	107.5573313	812.4482047845343
2026-04-18 17:51:57.526	-6.8843478	107.5573296	812.6181991131457
2026-04-18 17:51:58.029	-6.8843479	107.5573287	812.668198898883
2026-04-18 17:51:58.531	-6.8843468	107.5573249	813.0781889749654
2026-04-18 17:51:59.028	-6.8843465	107.5573238	813.2481862113805
2026-04-18 17:51:59.525	-6.8843448	107.5573205	813.5581731805496
2026-04-18 17:52:00.027	-6.8843444	107.5573204	813.5781707208874
2026-04-18 17:52:00.531	-6.8843433	107.5573178	813.8381618725301
2026-04-18 17:52:01.027	-6.8843424	107.5573157	814.0681546573793
2026-04-18 17:52:01.525	-6.8843415	107.5573133	814.3881471732482
2026-04-18 17:52:02.026	-6.8843407	107.5573112	814.6381405505382
2026-04-18 17:52:02.530	-6.8843406	107.55731	814.7281388822151
2026-04-18 17:52:03.026	-6.88434	107.5573084	814.8681338927385
2026-04-18 17:52:03.527	-6.8843401	107.5573077	814.8481338576756
2026-04-18 17:52:04.027	-6.8843406	107.5573084	814.7181374477805
2026-04-18 17:52:04.532	-6.8843406	107.5573089	814.5981378960429
2026-04-18 17:52:05.027	-6.8843389	107.5573068	814.9081259407056
2026-04-18 17:52:05.525	-6.884339	107.5573078	814.6881274297464
2026-04-18 17:52:06.028	-6.8843383	107.5573076	814.6781231028838
2026-04-18 17:52:06.532	-6.8843381	107.557308	814.5181222764791
2026-04-18 17:52:07.026	-6.884338	107.5573084	814.3381220425816
2026-04-18 17:52:07.526	-6.8843364	107.5573068	814.4481111279875
2026-04-18 17:52:08.026	-6.8843361	107.557307	814.3981095297659
2026-04-18 17:52:08.531	-6.8843362	107.5573076	814.3981106601954
2026-04-18 17:52:09.027	-6.8843356	107.5573074	814.40810692583
2026-04-18 17:52:09.522	-6.8843361	107.5573089	814.1381112331715
2026-04-18 17:52:10.028	-6.8843368	107.5573103	814.0081166358652
2026-04-18 17:52:10.535	-6.8843366	107.5573097	813.9981149129362
2026-04-18 17:52:11.031	-6.8843365	107.5573096	813.988114230775
2026-04-18 17:52:11.529	-6.8843363	107.5573098	813.9481132250598
2026-04-18 17:52:12.029	-6.8843365	107.5573105	813.8181150376403
2026-04-18 17:52:12.531	-6.8843371	107.5573116	813.7281195788581
2026-04-18 17:52:13.026	-6.8843367	107.5573107	813.7781164019618
2026-04-18 17:52:13.525	-6.884337	107.5573106	813.7681180898381
2026-04-18 17:52:14.026	-6.8843372	107.557311	813.6881196334613
2026-04-18 17:52:14.531	-6.8843373	107.5573109	813.5781201363191
2026-04-18 17:52:15.027	-6.8843377	107.5573115	813.4981230442603
2026-04-18 17:52:15.525	-6.884338	107.5573114	813.5281247321352
2026-04-18 17:52:16.026	-6.8843381	107.5573118	813.4681256832467
2026-04-18 17:52:16.532	-6.8843381	107.5573108	813.5181247867371
2026-04-18 17:52:17.026	-6.8843383	107.557311	813.5481261510561
2026-04-18 17:52:17.524	-6.8843386	107.5573109	813.5681278389295
2026-04-18 17:52:18.026	-6.8843386	107.5573105	813.5881274803243
2026-04-18 17:52:18.531	-6.8843391	107.5573104	813.4781303532124
2026-04-18 17:52:19.026	-6.8843397	107.557311	813.3981344461656
2026-04-18 17:52:19.524	-6.8843396	107.55731	813.448132957144
2026-04-18 17:52:20.026	-6.8843397	107.5573102	813.4581337289547
2026-04-18 17:52:20.532	-6.8843401	107.5573112	813.3181369954967
2026-04-18 17:52:21.033	-6.8843403	107.5573107	813.388137732255
2026-04-18 17:52:21.527	-6.8843406	107.5573109	813.3281396890782
2026-04-18 17:52:22.026	-6.8843412	107.5573115	813.2281437820238
2026-04-18 17:52:22.534	-6.8843413	107.5573115	813.1781443745302
2026-04-18 17:52:23.026	-6.8843416	107.5573116	813.1281462416997
2026-04-18 17:52:23.527	-6.8843411	107.5573102	813.2781420240517
2026-04-18 17:52:24.025	-6.8843412	107.5573104	813.2481427958612
2026-04-18 17:52:24.530	-6.8843412	107.5573107	813.2481430648153
2026-04-18 17:52:25.030	-6.8843417	107.5573115	813.1481467445551
2026-04-18 17:52:25.526	-6.8843421	107.5573124	812.9881499214339
2026-04-18 17:52:26.026	-6.8843426	107.5573139	812.8381542287101
2026-04-18 17:52:26.532	-6.8843429	107.5573138	812.8181559165769
2026-04-18 17:52:27.028	-6.8843432	107.5573142	812.7481580526899
2026-04-18 17:52:27.525	-6.8843436	107.5573149	812.718161050253
2026-04-18 17:52:28.033	-6.8843437	107.5573154	812.7281620910013
2026-04-18 17:52:28.531	-6.8843444	107.5573158	812.7081665971268
2026-04-18 17:52:29.028	-6.8843438	107.5573141	812.85816151807
2026-04-18 17:52:29.817	-6.8843444	107.5573144	812.7581653420448
2026-04-18 17:52:30.028	-6.8843447	107.5573132	812.7681660437639
2026-04-18 17:52:30.532	-6.8843445	107.5573127	812.8181644105057
2026-04-18 17:52:31.028	-6.8843443	107.557312	812.9081625979449
2026-04-18 17:52:31.528	-6.8843443	107.5573122	812.7981627772457
2026-04-18 17:52:32.024	-6.8843439	107.5573114	812.8781596900225
2026-04-18 17:52:32.523	-6.8843439	107.5573114	812.8781596900225
2026-04-18 17:52:33.032	-6.8843444	107.5573121	812.8081632800997
2026-04-18 17:52:33.528	-6.8843432	107.5573087	813.1781531218935
2026-04-18 17:52:34.030	-6.8843433	107.5573081	813.2681531764829
2026-04-18 17:52:34.533	-6.884343	107.5573071	813.4981505024364
2026-04-18 17:52:35.042	-6.8843434	107.5573083	813.4281539482934
2026-04-18 17:52:35.524	-6.884343	107.5573069	813.6481503231296
2026-04-18 17:52:36.025	-6.8843432	107.5573075	813.6181520460599
2026-04-18 17:52:36.531	-6.8843408	107.5573053	813.9281358535343
2026-04-18 17:52:37.027	-6.8843403	107.5573043	814.1681319944527
2026-04-18 17:52:37.530	-6.8843406	107.5573048	814.0681342202479
2026-04-18 17:52:38.026	-6.8843399	107.557304	814.1581293554588
2026-04-18 17:52:38.531	-6.8843401	107.5573055	814.0281318852947
2026-04-18 17:52:39.025	-6.8843405	107.5573058	813.8981345242854
2026-04-18 17:52:39.525	-6.8843403	107.5573066	813.7081340565028
2026-04-18 17:52:40.028	-6.8843404	107.5573068	813.628134828317
2026-04-18 17:52:40.531	-6.8843408	107.5573079	813.49813818453
2026-04-18 17:52:41.026	-6.8843408	107.5573083	813.4481385431413
2026-04-18 17:52:41.529	-6.8843409	107.5573096	813.228140301128
2026-04-18 17:52:42.026	-6.8843407	107.5573097	813.1981392057667
2026-04-18 17:52:42.532	-6.8843408	107.5573106	812.9481406051378
2026-04-18 17:52:43.029	-6.8843403	107.5573109	812.9681379115575
2026-04-18 17:52:43.532	-6.8843398	107.5573112	812.9381352179752
2026-04-18 17:52:44.028	-6.8843404	107.5573125	812.748139938476
2026-04-18 17:52:44.530	-6.8843402	107.5573115	812.8881378569565
2026-04-18 17:52:45.028	-6.8843403	107.5573103	812.9981373736493
2026-04-18 17:52:45.526	-6.8843401	107.557307	813.398133230103
2026-04-18 17:52:46.029	-6.8843397	107.557306	813.4681299635364
2026-04-18 17:52:46.532	-6.8843397	107.5573062	813.2981301428443
2026-04-18 17:52:47.026	-6.8843399	107.5573066	813.1381316864741
2026-04-18 17:52:47.525	-6.8843391	107.5573066	813.008126946414
2026-04-18 17:52:48.026	-6.8843394	107.5573075	812.8681295308179
2026-04-18 17:52:48.535	-6.8843397	107.5573088	812.6481324738268
2026-04-18 17:52:49.033	-6.8843406	107.5573104	812.4081392408216
2026-04-18 17:52:49.525	-6.8843407	107.5573113	812.1881406401892
2026-04-18 17:52:50.026	-6.8843408	107.5573125	811.9981423085031
2026-04-18 17:52:50.532	-6.8843404	107.557313	811.8681403867265
2026-04-18 17:52:51.025	-6.8843398	107.5573126	811.8181364730837
2026-04-18 17:52:51.529	-6.8843391	107.5573124	811.7581321462304
2026-04-18 17:52:52.031	-6.8843382	107.5573114	811.8881259171519
2026-04-18 17:52:52.530	-6.8843376	107.5573102	811.9881212862856
2026-04-18 17:52:53.029	-6.8843376	107.5573103	811.9181213759373
2026-04-18 17:52:53.531	-6.8843374	107.5573111	811.7681209081303
2026-04-18 17:52:54.025	-6.8843375	107.5573118	811.6781221281952
2026-04-18 17:52:54.529	-6.8843368	107.557312	811.6581181599335
2026-04-18 17:52:55.026	-6.884337	107.5573128	811.5581200621544
2026-04-18 17:52:55.523	-6.8843363	107.5573123	811.4981154663379
2026-04-18 17:52:56.024	-6.8843359	107.5573126	811.4081133652503
2026-04-18 17:52:56.524	-6.8843352	107.5573125	811.3681091280297
2026-04-18 17:52:57.023	-6.8843354	107.5573125	811.3381103130502
2026-04-18 17:52:57.522	-6.8843352	107.5573125	811.3181091280297
2026-04-18 17:52:58.026	-6.8843348	107.5573124	811.2581066683379
2026-04-18 17:52:58.531	-6.8843348	107.5573129	811.1181071165888
2026-04-18 17:52:59.033	-6.8843344	107.5573121	811.168104029344
2026-04-18 17:52:59.530	-6.8843343	107.5573123	811.0581036161342
2026-04-18 17:53:00.027	-6.8843335	107.5573107	811.1480974416313
2026-04-18 17:53:00.534	-6.884333	107.5573104	811.1380942101193
2026-04-18 17:53:01.024	-6.8843328	107.557309	811.2080917699687
2026-04-18 17:53:01.589	-6.8843325	107.5573079	811.2480890062536
2026-04-18 17:53:02.031	-6.8843323	107.5573076	811.2380875522703
2026-04-18 17:53:02.531	-6.8843314	107.5573057	811.2780805162377
2026-04-18 17:53:03.026	-6.8843314	107.5573057	811.2380805162376
2026-04-18 17:53:03.531	-6.8843306	107.5573042	811.288074431313
2026-04-18 17:53:04.032	-6.8843306	107.557304	811.2580742520025
2026-04-18 17:53:04.532	-6.8843304	107.5573037	811.2180727980098
2026-04-18 17:53:05.027	-6.8843301	107.5573032	811.1980705721913
2026-04-18 17:53:05.531	-6.8843305	107.5573037	811.1380733905231
2026-04-18 17:53:06.029	-6.8843304	107.5573035	811.1280726186988
2026-04-18 17:53:06.536	-6.8843294	107.557301	811.2980644521543
2026-04-18 17:53:07.022	-6.8843293	107.5573001	811.3480630527246
2026-04-18 17:53:07.522	-6.8843294	107.5572993	811.3880629279764
2026-04-18 17:53:08.027	-6.8843291	107.5572978	811.4580598055574
2026-04-18 17:53:08.533	-6.8843297	107.5572979	811.3980634503007
2026-04-18 17:53:09.025	-6.8843293	107.5572967	811.4480600043346
2026-04-18 17:53:09.525	-6.8843288	107.5572951	811.4580556072032
2026-04-18 17:53:10.027	-6.8843288	107.5572949	811.4180554278821
2026-04-18 17:53:10.537	-6.8843282	107.5572928	811.5780499899091
2026-04-18 17:53:11.028	-6.8843285	107.557293	811.568051946777
2026-04-18 17:53:11.527	-6.8843284	107.5572924	811.5980508162911
2026-04-18 17:53:12.035	-6.884328	107.5572911	811.6880472806204
2026-04-18 17:53:12.534	-6.8843278	107.5572895	811.8280446609781
2026-04-18 17:53:13.028	-6.884328	107.5572889	811.8780453080249
2026-04-18 17:53:13.531	-6.884328	107.5572883	811.8280447700395
2026-04-18 17:53:14.034	-6.8843279	107.5572874	811.8580433705423
2026-04-18 17:53:14.531	-6.8843283	107.557287	811.8480453819421
2026-04-18 17:53:15.027	-6.8843285	107.5572868	811.8480463876413
2026-04-18 17:53:15.530	-6.8843286	107.5572865	811.8480467111598
2026-04-18 17:53:16.028	-6.8843287	107.5572867	811.8080474830053
2026-04-18 17:53:16.531	-6.8843289	107.5572862	811.818048219707
2026-04-18 17:53:17.027	-6.884329	107.5572861	811.8080487225558
2026-04-18 17:53:17.526	-6.8843288	107.5572859	811.8280473581954
2026-04-18 17:53:18.026	-6.8843288	107.5572859	811.8080473581954
2026-04-18 17:53:18.531	-6.884329	107.5572868	811.5680493502142
2026-04-18 17:53:19.025	-6.8843294	107.5572881	811.398052885915
2026-04-18 17:53:19.525	-6.8843297	107.5572897	811.168056098082
2026-04-18 17:53:20.025	-6.8843297	107.5572903	811.0780566360625
2026-04-18 17:53:20.534	-6.8843293	107.5572896	811.0580536383621
2026-04-18 17:53:21.024	-6.8843289	107.5572886	811.1280503716653
2026-04-18 17:53:21.522	-6.8843272	107.5572855	811.4480375192906
2026-04-18 17:53:22.025	-6.8843263	107.5572838	811.6380306623163
2026-04-18 17:53:22.526	-6.8843248	107.5572808	811.9880190845287
2026-04-18 17:53:23.029	-6.8843238	107.5572783	812.2580109176156
2026-04-18 17:53:23.521	-6.8843232	107.5572763	812.5180055690907
2026-04-18 17:53:24.027	-6.8843224	107.5572745	812.6679992148478
2026-04-18 17:53:24.530	-6.884322	107.5572736	812.8079960377175
2026-04-18 17:53:25.026	-6.8843211	107.5572723	812.9179895392898
2026-04-18 17:53:25.528	-6.8843204	107.5572715	813.067984674259
2026-04-18 17:53:26.027	-6.88432	107.5572703	813.2079812280833
2026-04-18 17:53:26.533	-6.8843191	107.5572682	813.4379740122113
2026-04-18 17:53:27.026	-6.8843186	107.5572669	813.5479698838109
2026-04-18 17:53:27.529	-6.8843177	107.5572649	813.7279627575668
2026-04-18 17:53:28.031	-6.8843172	107.5572645	813.727959436244
2026-04-18 17:53:28.533	-6.8843171	107.5572638	813.7679582159722
2026-04-18 17:53:29.027	-6.884317	107.5572632	813.8579570853764
2026-04-18 17:53:29.528	-6.8843167	107.5572622	813.9479544110154
2026-04-18 17:53:30.026	-6.8843157	107.5572608	814.0779472302661
2026-04-18 17:53:30.534	-6.8843149	107.55726	814.207941772633
2026-04-18 17:53:31.029	-6.884315	107.5572601	814.2279424548376
2026-04-18 17:53:31.529	-6.8843153	107.5572601	814.2079442324082
2026-04-18 17:53:32.027	-6.8843153	107.5572599	814.2879440530463
2026-04-18 17:53:32.534	-6.884315	107.5572584	814.4779409302539
2026-04-18 17:53:33.025	-6.8843147	107.5572572	814.6179380764959
2026-04-18 17:53:33.525	-6.8843142	107.5572569	814.6779348448281
2026-04-18 17:53:34.026	-6.8843143	107.5572565	814.7479350786206
2026-04-18 17:53:34.532	-6.8843135	107.5572544	814.9379284550699
2026-04-18 17:53:35.027	-6.8843129	107.5572529	815.0079235546511
2026-04-18 17:53:35.526	-6.8843134	107.5572532	814.9579267863305
2026-04-18 17:53:36.031	-6.8843129	107.5572518	815.1079225681116
2026-04-18 17:53:36.537	-6.8843128	107.5572502	815.3479205406072
2026-04-18 17:53:37.026	-6.8843127	107.5572495	815.467919320274
2026-04-18 17:53:37.526	-6.8843122	107.5572479	815.6079149226466
2026-04-18 17:53:38.028	-6.884312	107.5572468	815.7279127510238
2026-04-18 17:53:38.537	-6.8843118	107.5572459	815.9179107587722
2026-04-18 17:53:39.028	-6.8843116	107.5572448	816.0679085871361
2026-04-18 17:53:39.537	-6.8843117	107.5572449	816.1379092693517
2026-04-18 17:53:40.021	-6.8843117	107.5572449	816.2779092693518
2026-04-18 17:53:40.533	-6.8843119	107.5572448	816.3979103647135
2026-04-18 17:53:41.032	-6.8843122	107.5572451	816.3979124113596
2026-04-18 17:53:41.530	-6.884312	107.5572441	816.5179103294091
2026-04-18 17:53:42.023	-6.8843119	107.5572442	816.5479098265736
2026-04-18 17:53:42.535	-6.8843121	107.5572434	816.6379102941016
2026-04-18 17:53:43.032	-6.8843124	107.5572434	816.6779120716781
2026-04-18 17:53:43.535	-6.8843122	107.5572415	816.8679091824947
2026-04-18 17:53:44.026	-6.8843125	107.5572417	816.8879111394543
2026-04-18 17:53:44.534	-6.8843128	107.5572423	816.8879134551787
2026-04-18 17:53:45.022	-6.8843128	107.5572424	816.8679135448699
2026-04-18 17:53:45.537	-6.884313	107.5572423	816.8879146402288
2026-04-18 17:53:46.027	-6.8843132	107.5572424	816.88791591497
2026-04-18 17:53:46.541	-6.8843136	107.5572432	816.8179190025968
2026-04-18 17:53:47.032	-6.8843137	107.5572433	816.837919684812
2026-04-18 17:53:47.523	-6.8843131	107.5572421	816.9479150533713
2026-04-18 17:53:48.026	-6.8843127	107.5572408	817.097911517278
2026-04-18 17:53:48.535	-6.8843126	107.5572408	817.1579109247529
2026-04-18 17:53:49.023	-6.8843121	107.5572399	817.277907154894
2026-04-18 17:53:49.534	-6.8843122	107.557239	817.3879069401831
2026-04-18 17:53:50.027	-6.8843121	107.5572389	817.4479062579644
2026-04-18 17:53:50.535	-6.8843121	107.5572393	817.547906616737
2026-04-18 17:53:51.026	-6.8843116	107.5572382	817.6579026674814
2026-04-18 17:53:51.527	-6.8843112	107.5572381	817.6579002076835
2026-04-18 17:53:52.028	-6.8843111	107.5572378	817.7478993460758
2026-04-18 17:53:52.532	-6.884312	107.5572387	817.7479054860521
2026-04-18 17:53:53.021	-6.8843117	107.5572377	817.9079028115383
2026-04-18 17:53:53.521	-6.8843122	107.5572378	817.9679058638608
2026-04-18 17:53:54.023	-6.8843124	107.5572384	817.9079075870741
2026-04-18 17:53:54.524	-6.8843123	107.5572382	817.9479068151613
2026-04-18 17:53:55.027	-6.8843125	107.5572384	817.9879081795993
2026-04-18 17:53:55.522	-6.8843136	107.5572406	817.807916670618
2026-04-18 17:53:56.024	-6.8843143	107.557242	817.6679220739746
2026-04-18 17:53:56.532	-6.8843152	107.5572433	817.6379285726731
2026-04-18 17:53:57.024	-6.8843159	107.557244	817.52793334817
2026-04-18 17:53:57.529	-6.8843182	107.5572481	817.307950653436
2026-04-18 17:53:58.026	-6.8843219	107.5572555	816.8079792134325
2026-04-18 17:53:58.522	-6.8843272	107.5572659	816.2680199436285
2026-04-18 17:53:59.026	-6.8843316	107.5572754	815.66805453335
2026-04-18 17:53:59.528	-6.8843375	107.5572878	814.8781006103569
2026-04-18 17:54:00.026	-6.884341	107.5572951	814.4781278934926
2026-04-18 17:54:00.538	-6.8843465	107.557306	813.8681702538914
2026-04-18 17:54:01.026	-6.8843511	107.5573147	813.3782053086373
2026-04-18 17:54:01.528	-6.8843561	107.5573254	812.7782445256535
2026-04-18 17:54:02.029	-6.8843601	107.5573331	812.2982751277798
2026-04-18 17:54:02.535	-6.8843657	107.5573445	811.5883185257134
2026-04-18 17:54:03.027	-6.8843678	107.557349	811.4083350013544
2026-04-18 17:54:03.527	-6.8843696	107.5573535	811.1783496993846
2026-04-18 17:54:04.027	-6.8843693	107.5573534	811.1683478322946
2026-04-18 17:54:04.534	-6.884369	107.5573535	811.0883461444563
2026-04-18 17:54:05.026	-6.884368	107.5573517	811.1983386062896
2026-04-18 17:54:05.528	-6.8843674	107.5573495	811.2783330795412
2026-04-18 17:54:06.026	-6.884367	107.5573487	811.2683299925533
2026-04-18 17:54:06.536	-6.8843668	107.5573474	811.2783276423919
2026-04-18 17:54:07.026	-6.8843665	107.5573468	811.2383253271428
2026-04-18 17:54:07.529	-6.8843654	107.5573457	811.1983178238153
2026-04-18 17:54:08.026	-6.8843646	107.5573445	811.2183120083149
2026-04-18 17:54:08.571	-6.8843637	107.5573415	811.3683039869217
2026-04-18 17:54:09.027	-6.8843629	107.5573407	811.4282985299182
2026-04-18 17:54:09.533	-6.8843614	107.5573383	811.6182874913014
2026-04-18 17:54:10.026	-6.8843604	107.5573359	811.7582794151066
2026-04-18 17:54:10.535	-6.884358	107.5573305	812.148260354778
2026-04-18 17:54:11.029	-6.8843568	107.5573281	812.3682510934588
2026-04-18 17:54:11.532	-6.8843552	107.557325	812.5782388346091
2026-04-18 17:54:12.026	-6.8843548	107.5573241	812.6182356578311
2026-04-18 17:54:12.534	-6.8843543	107.5573228	812.7082315299732
2026-04-18 17:54:13.033	-6.8843535	107.5573215	812.7682256246088
2026-04-18 17:54:13.522	-6.8843527	107.5573196	812.8182191813551
2026-04-18 17:54:14.027	-6.8843518	107.5573182	812.9182125938116
2026-04-18 17:54:14.533	-6.8843508	107.5573161	813.0682047862159
2026-04-18 17:54:15.026	-6.8843508	107.5573157	813.0582044276232
2026-04-18 17:54:15.531	-6.8843501	107.5573132	813.1981980388939
2026-04-18 17:54:16.025	-6.8843492	107.5573109	813.3781906444248
2026-04-18 17:54:16.537	-6.8843488	107.5573104	813.3481878261629
2026-04-18 17:54:17.025	-6.8843476	107.5573087	813.4781791920573
2026-04-18 17:54:17.529	-6.8843472	107.5573083	813.4381764634375
2026-04-18 17:54:18.026	-6.8843467	107.5573073	813.4781726043943
2026-04-18 17:54:18.577	-6.8843455	107.5573048	813.5481632530058
2026-04-18 17:54:19.026	-6.8843447	107.5573034	813.6381572578026
2026-04-18 17:54:19.532	-6.8843439	107.5573022	813.6881514418965
2026-04-18 17:54:20.028	-6.8843436	107.5573008	813.7481484091891
2026-04-18 17:54:20.535	-6.8843433	107.5572996	813.8481455557854
2026-04-18 17:54:21.022	-6.8843431	107.5572995	813.8181442811173
2026-04-18 17:54:21.531	-6.8843429	107.5573008	813.638144261653
2026-04-18 17:54:22.028	-6.8843428	107.5573006	813.6881434898335
2026-04-18 17:54:22.533	-6.8843425	107.5572992	813.8781404571108
2026-04-18 17:54:23.028	-6.8843429	107.5572993	813.8481429167908
2026-04-18 17:54:23.520	-6.8843426	107.5572995	813.7981413185902
2026-04-18 17:54:24.021	-6.8843426	107.5572997	813.7681414979056
2026-04-18 17:54:24.534	-6.8843416	107.5572969	814.0281330624085
2026-04-18 17:54:25.021	-6.8843404	107.557294	814.3281233521839
2026-04-18 17:54:25.527	-6.8843393	107.557291	814.5881141447458
2026-04-18 17:54:26.026	-6.8843392	107.5572907	814.5381132832495
2026-04-18 17:54:26.535	-6.8843388	107.5572902	814.6081104649021
2026-04-18 17:54:27.032	-6.8843389	107.5572901	814.548110967747
2026-04-18 17:54:27.530	-6.8843389	107.5572895	814.6081104297662
2026-04-18 17:54:28.026	-6.8843389	107.5572893	814.5581102504389
2026-04-18 17:54:28.655	-6.8843393	107.5572898	814.3981130687885
2026-04-18 17:54:29.028	-6.8843391	107.5572893	814.4181114354548
2026-04-18 17:54:29.525	-6.884339	107.5572898	814.3781112912648
2026-04-18 17:54:30.026	-6.8843386	107.5572903	814.348109369549
2026-04-18 17:54:30.535	-6.8843379	107.557289	814.4381040563637
2026-04-18 17:54:31.029	-6.8843369	107.5572871	814.6080964276481
2026-04-18 17:54:31.529	-6.8843369	107.5572869	814.538096248318
2026-04-18 17:54:32.028	-6.884337	107.5572871	814.5680970201574
2026-04-18 17:54:32.533	-6.8843352	107.5572856	814.7880850099976
2026-04-18 17:54:33.031	-6.8843348	107.5572861	814.7480830882843
2026-04-18 17:54:33.530	-6.8843344	107.5572856	814.828080269912
2026-04-18 17:54:34.026	-6.8843341	107.5572857	814.7780785820448
2026-04-18 17:54:34.533	-6.8843332	107.5572837	815.0480714561124
2026-04-18 17:54:35.027	-6.8843322	107.5572818	815.2980638273073
2026-04-18 17:54:35.539	-6.8843316	107.5572816	815.2880600928952
2026-04-18 17:54:36.027	-6.8843312	107.5572826	815.2380586195235
2026-04-18 17:54:36.533	-6.884331	107.5572823	815.298057165494
2026-04-18 17:54:37.025	-6.8843319	107.5572835	815.1380635741201
2026-04-18 17:54:37.529	-6.8843322	107.557284	815.0080657999927
2026-04-18 17:54:38.027	-6.8843321	107.557284	814.9780652074803
2026-04-18 17:54:38.532	-6.8843304	107.5572816	815.2380529827371
2026-04-18 17:54:39.028	-6.8843304	107.5572825	815.1780537897495
2026-04-18 17:54:39.535	-6.8843297	107.557283	815.1980500904912
2026-04-18 17:54:40.026	-6.8843294	107.5572839	815.2080491199539
2026-04-18 17:54:40.533	-6.8843296	107.5572843	815.1580506636495
2026-04-18 17:54:41.025	-6.88433	107.557285	814.9880536613708
2026-04-18 17:54:41.534	-6.8843289	107.5572827	815.1780450813744
2026-04-18 17:54:42.025	-6.8843284	107.5572819	815.2280414014579
2026-04-18 17:54:42.536	-6.8843275	107.5572813	815.2680355308119
2026-04-18 17:54:43.025	-6.8843277	107.5572823	815.1880376125245
2026-04-18 17:54:43.530	-6.8843274	107.5572823	815.2280358349783
2026-04-18 17:54:44.026	-6.8843269	107.5572819	815.228032513728
2026-04-18 17:54:44.535	-6.884327	107.5572819	815.2480331062437
2026-04-18 17:54:45.026	-6.8843269	107.5572804	815.4680311686993
2026-04-18 17:54:45.531	-6.8843284	107.557283	815.1880423878038
2026-04-18 17:54:46.026	-6.884329	107.5572853	814.9480480052284
2026-04-18 17:54:46.538	-6.8843301	107.5572876	814.7280565851892
2026-04-18 17:54:47.034	-6.8843302	107.5572876	814.7580571777028
2026-04-18 17:54:47.534	-6.8843296	107.5572867	814.9080528156343
2026-04-18 17:54:48.029	-6.8843298	107.5572881	814.8080552559711
2026-04-18 17:54:48.536	-6.8843302	107.5572886	814.748058074348
2026-04-18 17:54:49.027	-6.8843297	107.5572876	814.8580542151338
2026-04-18 17:54:49.527	-6.8843305	107.5572889	814.808060120881
2026-04-18 17:54:50.030	-6.8843307	107.5572899	814.7380622025453
2026-04-18 17:54:50.533	-6.8843306	107.5572895	814.8180612513777
2026-04-18 17:54:51.027	-6.884331	107.5572904	814.7680644284015
2026-04-18 17:54:51.528	-6.8843309	107.5572896	814.8380631185812
2026-04-18 17:54:52.027	-6.8843311	107.5572899	814.848064572598
2026-04-18 17:54:52.537	-6.8843308	107.5572915	814.8480642296665
2026-04-18 17:54:53.025	-6.8843314	107.557294	814.6280700262898
2026-04-18 17:54:53.531	-6.8843303	107.5572933	814.7180628810158
2026-04-18 17:54:54.027	-6.8843308	107.5572942	814.6780666505338
2026-04-18 17:54:54.535	-6.8843316	107.5572944	814.6480715699593
2026-04-18 17:54:55.026	-6.8843316	107.5572944	814.6580715699592
2026-04-18 17:54:55.529	-6.8843315	107.5572954	814.648071874052
2026-04-18 17:54:56.026	-6.8843313	107.5572955	814.5980707786865
2026-04-18 17:54:56.536	-6.884331	107.5572946	814.7380681942034
2026-04-18 17:54:57.034	-6.8843316	107.5572952	814.678072287244
2026-04-18 17:54:57.533	-6.8843311	107.5572943	814.778068517734
2026-04-18 17:54:58.028	-6.8843318	107.5572958	814.6880740102305
2026-04-18 17:54:58.534	-6.8843314	107.5572959	814.7480717298397
2026-04-18 17:54:59.027	-6.884331	107.5572951	814.8080686425063
2026-04-18 17:54:59.529	-6.8843309	107.5572949	814.8280678706723
2026-04-18 17:55:00.026	-6.8843308	107.5572942	814.8880666505337
2026-04-18 17:55:00.533	-6.8843309	107.5572941	814.898067153386
2026-04-18 17:55:01.027	-6.8843314	107.557295	814.8080709228977
2026-04-18 17:55:01.529	-6.8843312	107.5572939	814.8580687516029
2026-04-18 17:55:02.027	-6.8843313	107.5572941	814.818069523438
2026-04-18 17:55:02.535	-6.8843318	107.5572947	814.7280730239667
2026-04-18 17:55:03.027	-6.8843325	107.5572956	814.6080779784967
2026-04-18 17:55:03.528	-6.8843328	107.5572966	814.5280806526312
2026-04-18 17:55:04.031	-6.8843333	107.5572977	814.4180846014415
2026-04-18 17:55:04.533	-6.8843329	107.5572974	814.4480819624176
2026-04-18 17:55:05.025	-6.8843333	107.557298	814.4180848704179
2026-04-18 17:55:05.530	-6.8843324	107.557296	814.5980777446246
2026-04-18 17:55:06.024	-6.8843318	107.5572953	814.6480735619297
2026-04-18 17:55:06.526	-6.884333	107.5572973	814.4580824652703
2026-04-18 17:55:07.021	-6.8843331	107.5572979	814.4280835957359
2026-04-18 17:55:07.523	-6.8843326	107.5572977	814.4380804538588
2026-04-18 17:55:08.025	-6.8843327	107.5572978	814.3580811360297
2026-04-18 17:55:08.526	-6.8843322	107.5572964	814.3580769182392
2026-04-18 17:55:09.029	-6.8843322	107.5572963	814.3280768285796
2026-04-18 17:55:09.533	-6.8843325	107.5572948	814.2380772612137
2026-04-18 17:55:10.026	-6.8843319	107.5572943	814.2180732578361
2026-04-18 17:55:10.535	-6.8843313	107.557295	814.1280703303847
2026-04-18 17:55:11.029	-6.8843318	107.5572954	813.94807365159
2026-04-18 17:55:11.531	-6.8843321	107.5572948	814.0080748911647
2026-04-18 17:55:12.024	-6.8843336	107.5572967	813.8480854823838
2026-04-18 17:55:12.537	-6.8843336	107.5572967	813.7680854823839
2026-04-18 17:55:13.033	-6.8843333	107.5572965	813.7880835255304
2026-04-18 17:55:13.528	-6.8843336	107.5572962	813.7480850340856
2026-04-18 17:55:14.025	-6.8843342	107.5572973	813.8280895754069
2026-04-18 17:55:14.533	-6.8843329	107.5572977	813.9480822313946
2026-04-18 17:55:15.025	-6.8843338	107.5572991	813.7780888192175
2026-04-18 17:55:15.530	-6.8843331	107.5573011	813.7480864647874
2026-04-18 17:55:16.032	-6.8843319	107.557301	813.7280792649857
2026-04-18 17:55:16.535	-6.8843295	107.5572982	813.9780625342489
2026-04-18 17:55:17.026	-6.8843296	107.5572985	813.8580633957387
2026-04-18 17:55:17.529	-6.8843288	107.5572972	813.90805749006
2026-04-18 17:55:18.027	-6.8843293	107.5572973	813.7880605422906
2026-04-18 17:55:18.537	-6.8843303	107.5572971	813.7280662881104
2026-04-18 17:55:19.030	-6.8843307	107.5572968	813.6280683891858
2026-04-18 17:55:19.533	-6.884331	107.5572956	813.7180690908078
2026-04-18 17:55:20.025	-6.8843304	107.5572951	813.7480650874267
2026-04-18 17:55:20.535	-6.8843319	107.5572978	813.438076395932
2026-04-18 17:55:21.027	-6.8843328	107.5572992	813.28808298376
2026-04-18 17:55:21.527	-6.8843337	107.5572996	813.138088674996
2026-04-18 17:55:22.032	-6.8843346	107.5573003	812.9880946351983
2026-04-18 17:55:22.534	-6.8843357	107.557301	812.8181017804127
2026-04-18 17:55:23.025	-6.8843359	107.5573006	812.8081026068041
2026-04-18 17:55:23.533	-6.8843352	107.5573005	812.878098369576
2026-04-18 17:55:24.025	-6.8843323	107.5572959	813.5880770624525
2026-04-18 17:55:24.534	-6.8843327	107.5572959	813.6080794325009
2026-04-18 17:55:25.027	-6.8843321	107.557295	813.7080750704858
2026-04-18 17:55:25.521	-6.8843316	107.5572916	813.9180690594329
2026-04-18 17:55:26.022	-6.8843319	107.557292	813.8980711956201
2026-04-18 17:55:26.538	-6.8843304	107.5572921	814.0880623975874
2026-04-18 17:55:27.021	-6.88433	107.5572924	814.1480602965192
2026-04-18 17:55:27.524	-6.8843313	107.5572949	813.8880702407242
2026-04-18 17:55:28.025	-6.8843304	107.5572944	813.9680644598022
2026-04-18 17:55:28.537	-6.8843311	107.5572969	813.7180708488978
2026-04-18 17:55:29.031	-6.8843309	107.5572974	813.658070112168
2026-04-18 17:55:29.531	-6.8843315	107.5572982	813.4680743845165
2026-04-18 17:55:30.031	-6.8843317	107.5572993	813.3180765557833
2026-04-18 17:55:30.523	-6.884332	107.557302	813.0380807540653
2026-04-18 17:55:31.025	-6.8843211	107.5572805	814.6979968923431
2026-04-18 17:55:31.533	-6.8843151	107.5572691	815.2979511184068
2026-04-18 17:55:32.036	-6.8843147	107.5572693	815.3279489276636
2026-04-18 17:55:32.536	-6.8843142	107.5572699	815.3579465030963
2026-04-18 17:55:33.026	-6.8843066	107.5572543	816.6378874810349
2026-04-18 17:55:33.531	-6.8843014	107.5572455	817.2178487769886
2026-04-18 17:55:34.027	-6.8843012	107.5572466	817.1778485785044
2026-04-18 17:55:34.535	-6.8842996	107.5572468	817.2178392773527
2026-04-18 17:55:35.028	-6.8842932	107.5572332	818.2977891568593
2026-04-18 17:55:35.530	-6.8842843	107.5572144	819.5877195567246
2026-04-18 17:55:36.033	-6.8842848	107.5572152	819.4077232371015
2026-04-18 17:55:36.537	-6.8842855	107.5572171	819.2377290893295
2026-04-18 17:55:37.022	-6.8842796	107.5572048	820.2176830948943
2026-04-18 17:55:37.521	-6.8842723	107.5571901	821.1976266503228
2026-04-18 17:55:38.020	-6.8842739	107.5571926	820.9076383741676
2026-04-18 17:55:38.524	-6.8842762	107.5571973	820.5676562196063
2026-04-18 17:55:39.021	-6.8842711	107.5571864	821.5276162199502
2026-04-18 17:55:39.526	-6.8842639	107.5571696	822.7775584815494
2026-04-18 17:55:40.024	-6.8842642	107.5571708	822.6775613360223
2026-04-18 17:55:40.523	-6.8842657	107.5571738	822.4375729163361
2026-04-18 17:55:41.035	-6.8842673	107.5571779	822.09758607616
2026-04-18 17:55:41.535	-6.8842696	107.5571841	821.6376052679897
2026-04-18 17:55:42.022	-6.8842711	107.5571878	821.3276174760812
2026-04-18 17:55:42.538	-6.884273	107.5571922	820.9576326823286
2026-04-18 17:55:43.026	-6.8842747	107.557196	820.67764616503
2026-04-18 17:55:43.519	-6.8842761	107.5572009	820.347658856856
2026-04-18 17:55:44.021	-6.884278	107.5572051	819.9376738832782
2026-04-18 17:55:44.538	-6.8842796	107.5572102	819.5176879393274
2026-04-18 17:55:45.027	-6.8842807	107.5572122	819.3576962515283
2026-04-18 17:55:45.533	-6.8842823	107.5572159	819.0877090514479
2026-04-18 17:55:46.026	-6.8842839	107.5572201	818.7577222997929
2026-04-18 17:55:46.523	-6.8842864	107.5572249	818.3377414191114
2026-04-18 17:55:47.021	-6.8842873	107.5572267	818.2577483666072
2026-04-18 17:55:47.521	-6.8842889	107.5572304	817.9677611661438
2026-04-18 17:55:48.025	-6.8842897	107.5572323	817.8777676107243
2026-04-18 17:55:48.534	-6.8842915	107.5572364	817.5977819539722
2026-04-18 17:55:49.027	-6.884292	107.5572378	817.5277861723878
2026-04-18 17:55:49.537	-6.884293	107.5572419	817.2277957751758
2026-04-18 17:55:50.026	-6.8842938	107.5572443	817.0478026680589
2026-04-18 17:55:50.535	-6.8842954	107.5572489	816.6778162743368
2026-04-18 17:55:51.027	-6.8842969	107.5572522	816.3678281220307
2026-04-18 17:55:51.532	-6.8842989	107.5572568	816.0678440981999
2026-04-18 17:55:52.026	-6.8842998	107.5572588	815.9178512246499
2026-04-18 17:55:52.538	-6.8843013	107.557263	815.5778638792257
2026-04-18 17:55:53.025	-6.8843026	107.5572661	815.3378743621716
2026-04-18 17:55:53.533	-6.8843045	107.55727	815.0178891176367
2026-04-18 17:55:54.026	-6.8843052	107.5572721	814.8778951485137
2026-04-18 17:55:54.535	-6.8843069	107.5572768	814.4679094361242
2026-04-18 17:55:55.034	-6.8843076	107.5572791	814.2279156462466
2026-04-18 17:55:55.537	-6.8843092	107.5572829	813.887928534104
2026-04-18 17:55:56.032	-6.8843106	107.5572855	813.607939160818
2026-04-18 17:55:56.534	-6.8843115	107.5572885	813.3679471835102
2026-04-18 17:55:57.021	-6.8843124	107.5572906	813.1479543991783
2026-04-18 17:55:57.531	-6.8843133	107.5572922	812.9879611665046
2026-04-18 17:55:58.035	-6.8843138	107.5572943	812.9079660120206
2026-04-18 17:55:58.537	-6.884315	107.5572972	812.6979757224506
2026-04-18 17:55:59.028	-6.884315	107.5572984	812.6579767983583
2026-04-18 17:55:59.533	-6.884316	107.5573002	812.5479843374343
2026-04-18 17:56:00.023	-6.8843165	107.5573017	812.407988644904
2026-04-18 17:56:00.523	-6.8843165	107.557302	812.4079889138739
2026-04-18 17:56:01.028	-6.8843166	107.5573032	812.3979905822703
2026-04-18 17:56:01.532	-6.8843183	107.5573065	812.14800361375
2026-04-18 17:56:02.032	-6.8843185	107.5573082	812.0280063229001
2026-04-18 17:56:02.539	-6.8843191	107.5573096	811.8780111331598
2026-04-18 17:56:03.030	-6.8843191	107.5573107	811.8180121193294
2026-04-18 17:56:03.531	-6.8843197	107.5573128	811.6580175571196
2026-04-18 17:56:04.029	-6.8843196	107.5573135	811.5980175921494
2026-04-18 17:56:04.536	-6.8843188	107.5573139	811.628013210584
2026-04-18 17:56:05.026	-6.8843183	107.5573143	811.6280106065772
2026-04-18 17:56:05.529	-6.8843183	107.5573145	811.6680107858759
2026-04-18 17:56:06.028	-6.8843187	107.5573151	811.6380136938541
2026-04-18 17:56:06.539	-6.8843188	107.5573152	811.6780143760238
2026-04-18 17:56:07.027	-6.8843193	107.5573158	811.5980178765188
2026-04-18 17:56:07.652	-6.8843189	107.5573162	811.58801586503
2026-04-18 17:56:08.035	-6.8843193	107.557317	811.5480189522965
2026-04-18 17:56:08.536	-6.8843192	107.5573183	811.5680195251924
2026-04-18 17:56:09.029	-6.8843204	107.5573212	811.278029235173
2026-04-18 17:56:09.530	-6.8843203	107.5573219	811.338029270169
2026-04-18 17:56:10.030	-6.8843208	107.5573224	811.238032680991
2026-04-18 17:56:10.534	-6.8843205	107.5573235	811.2280318895199
2026-04-18 17:56:11.027	-6.8843208	107.5573243	811.2180343842286
2026-04-18 17:56:11.532	-6.884321	107.5573252	811.1180363760568
2026-04-18 17:56:12.028	-6.8843212	107.5573256	811.0680379196668
2026-04-18 17:56:12.538	-6.8843213	107.5573251	811.1280380639713
2026-04-18 17:56:13.030	-6.8843214	107.557325	811.1580385668474
2026-04-18 17:56:13.536	-6.8843213	107.5573243	811.188037346825
2026-04-18 17:56:14.029	-6.884321	107.5573225	811.3180339556744
2026-04-18 17:56:14.538	-6.8843221	107.557322	811.1880400251594
2026-04-18 17:56:15.027	-6.8843224	107.5573219	811.1780417130699
2026-04-18 17:56:15.533	-6.8843211	107.5573201	811.2880323967071
2026-04-18 17:56:16.033	-6.8843214	107.55732	811.2380340846184
2026-04-18 17:56:16.535	-6.8843211	107.5573202	811.268032486353
2026-04-18 17:56:17.036	-6.8843203	107.5573179	811.4480256843253
2026-04-18 17:56:17.755	-6.8843192	107.5573155	811.6680170150527
2026-04-18 17:56:18.035	-6.8843171	107.5573164	811.9580053789434
2026-04-18 17:56:18.540	-6.8843174	107.5573158	811.8680066186188
2026-04-18 17:56:19.026	-6.8843182	107.5573177	811.8180130621009
2026-04-18 17:56:19.535	-6.8843179	107.557317	811.858010657004
2026-04-18 17:56:20.033	-6.8843178	107.5573165	811.768009616243
2026-04-18 17:56:20.534	-6.8843182	107.557315	811.5280106416003
2026-04-18 17:56:21.034	-6.8843186	107.5573137	811.328011846243
2026-04-18 17:56:21.534	-6.8843151	107.5573061	811.6179842944239
2026-04-18 17:56:22.031	-6.8843161	107.5573065	811.587990578269
2026-04-18 17:56:22.536	-6.884316	107.5573068	811.6279902547078
2026-04-18 17:56:23.025	-6.8843155	107.5573069	811.9479873817476
2026-04-18 17:56:23.529	-6.8843162	107.5573037	812.197988660459
2026-04-18 17:56:24.031	-6.8843168	107.557305	812.1079933811102
2026-04-18 17:56:24.535	-6.8843187	107.5573079	811.8080072389829
2026-04-18 17:56:25.027	-6.8843189	107.5573075	811.8980080654118
2026-04-18 17:56:25.531	-6.8843192	107.5573074	811.9180097533205
2026-04-18 17:56:26.026	-6.8843197	107.5573092	811.6380143296736
2026-04-18 17:56:26.537	-6.8843198	107.557312	811.568017432436
2026-04-18 17:56:27.027	-6.8843192	107.5573116	811.7480135187106
2026-04-18 17:56:27.547	-6.8843198	107.5573117	811.6880171634837
2026-04-18 17:56:28.025	-6.8843207	107.5573122	811.568022944416
2026-04-18 17:56:28.537	-6.8843211	107.557311	811.6180242386828
2026-04-18 17:56:29.030	-6.8843215	107.5573103	811.7280259811994
2026-04-18 17:56:29.529	-6.884321	107.5573087	811.9380215841691
2026-04-18 17:56:30.037	-6.8843216	107.5573079	811.9880244220616
2026-04-18 17:56:30.538	-6.8843216	107.5573066	812.0480232565669
2026-04-18 17:56:31.029	-6.8843214	107.5573059	812.0980214439505
2026-04-18 17:56:31.529	-6.8843221	107.5573054	812.1180251433113
2026-04-18 17:56:32.030	-6.8843225	107.5573046	812.1480267961477
2026-04-18 17:56:32.535	-6.8843232	107.5573036	812.2280300472228
2026-04-18 17:56:33.032	-6.884324	107.5573033	812.1880345183981
2026-04-18 17:56:33.527	-6.8843248	107.5573031	812.1180390792247
2026-04-18 17:56:34.026	-6.8843251	107.5573028	812.1380405878076
2026-04-18 17:56:34.537	-6.8843258	107.5573024	812.1380443767993
2026-04-18 17:56:35.029	-6.8843265	107.5573023	812.088048434756
2026-04-18 17:56:35.529	-6.8843282	107.5573033	811.8680594040771
2026-04-18 17:56:36.028	-6.8843294	107.5573036	811.7680667832171
2026-04-18 17:56:36.536	-6.8843306	107.5573037	811.5880739830365
2026-04-18 17:56:37.025	-6.8843313	107.5573034	811.5580778616612
2026-04-18 17:56:37.530	-6.884333	107.5573037	811.4080882033365
2026-04-18 17:56:38.034	-6.8843339	107.557304	811.3580938049054
2026-04-18 17:56:38.537	-6.8843341	107.557303	811.3880940933722
2026-04-18 17:56:39.025	-6.8843343	107.5573028	811.3480950990825
2026-04-18 17:56:39.531	-6.8843337	107.5573009	811.4580898405425
2026-04-18 17:56:40.028	-6.8843336	107.5572995	811.4780879928268
2026-04-18 17:56:40.538	-6.8843339	107.557298	811.5480884254862
2026-04-18 17:56:41.031	-6.8843338	107.5572967	811.6180866674065
2026-04-18 17:56:41.532	-6.8843343	107.5572952	811.6880882850633
2026-04-18 17:56:42.030	-6.8843348	107.5572946	811.668090709654
2026-04-18 17:56:42.536	-6.8843348	107.5572926	811.7880889164284
2026-04-18 17:56:43.027	-6.8843346	107.5572914	811.8580866554603
2026-04-18 17:56:43.530	-6.8843347	107.5572905	811.8780864410056
2026-04-18 17:56:44.024	-6.8843352	107.5572909	811.8780897622104
2026-04-18 17:56:44.536	-6.8843355	107.5572912	811.8280918087296
2026-04-18 17:56:45.026	-6.8843363	107.5572921	811.7480973557709
2026-04-18 17:56:45.519	-6.8843369	107.557292	811.6881008211658
2026-04-18 17:56:46.022	-6.8843384	107.5572942	811.4881116813522
2026-04-18 17:56:46.523	-6.8843402	107.5572965	811.268124408677
2026-04-18 17:56:47.032	-6.8843408	107.5572972	811.1881285913341
2026-04-18 17:56:47.593	-6.8843416	107.5572976	811.0081336900222
2026-04-18 17:56:48.024	-6.8843423	107.557298	810.9181381961996
2026-04-18 17:56:48.538	-6.8843433	107.5572979	810.7881440315956
2026-04-18 17:56:49.032	-6.8843439	107.5572979	810.7181475866253
2026-04-18 17:56:49.530	-6.884345	107.5572984	810.6381545524666
2026-04-18 17:56:50.021	-6.8843464	107.5572995	810.4381638337561
2026-04-18 17:56:50.539	-6.8843473	107.5573011	810.2781706007986
2026-04-18 17:56:51.024	-6.8843487	107.5573024	810.1181800613618
2026-04-18 17:56:51.529	-6.8843496	107.5573027	810.0281856628421
2026-04-18 17:56:52.021	-6.8843503	107.5573042	809.8781911551796
2026-04-18 17:56:52.542	-6.8843511	107.5573046	809.768196253802
2026-04-18 17:56:53.025	-6.8843516	107.5573049	809.7281994852657
2026-04-18 17:56:53.528	-6.8843515	107.5573042	809.6481982651824
2026-04-18 17:56:54.028	-6.884352	107.5573042	809.6082012276806
2026-04-18 17:56:54.541	-6.8843536	107.5573058	809.4982121421369
2026-04-18 17:56:55.024	-6.8843557	107.5573077	809.2682262880071
2026-04-18 17:56:55.530	-6.8843574	107.5573098	809.1482382431473
2026-04-18 17:56:56.025	-6.8843587	107.5573118	808.958247738612
2026-04-18 17:56:56.537	-6.8843605	107.5573136	808.7482600172143
2026-04-18 17:56:57.031	-6.8843617	107.5573148	808.5382682029269
2026-04-18 17:56:57.531	-6.884363	107.5573162	808.3782771604099
2026-04-18 17:56:58.031	-6.8843639	107.5573169	808.2782831203727
2026-04-18 17:56:58.542	-6.8843653	107.5573181	808.0482924910173
2026-04-18 17:56:59.028	-6.884366	107.5573186	807.938297086685
2026-04-18 17:56:59.529	-6.8843667	107.5573193	807.7583018616405
2026-04-18 17:57:00.036	-6.8843672	107.5573195	807.6683050033816
2026-04-18 17:57:00.537	-6.8843681	107.5573196	807.5883104254316
2026-04-18 17:57:01.027	-6.8843685	107.55732	807.5583131539706
2026-04-18 17:57:01.531	-6.8843692	107.5573203	807.4883175703274
2026-04-18 17:57:02.029	-6.8843697	107.5573205	807.4183207120592
2026-04-18 17:57:02.544	-6.8843704	107.5573211	807.328325397345
2026-04-18 17:57:03.027	-6.8843705	107.5573212	807.3083260794775
2026-04-18 17:57:03.527	-6.8843711	107.5573215	807.238329903336
2026-04-18 17:57:04.026	-6.8843713	107.5573214	807.2083309986652
2026-04-18 17:57:04.538	-6.8843717	107.5573217	807.168333637547
2026-04-18 17:57:05.026	-6.8843722	107.5573218	807.0983366896244
2026-04-18 17:57:05.528	-6.8843728	107.5573218	807.0683402445417
2026-04-18 17:57:06.026	-6.8843733	107.557322	806.95834338626
2026-04-18 17:57:06.539	-6.884374	107.5573219	806.8983474440139
2026-04-18 17:57:07.029	-6.8843746	107.5573222	806.8083512678575
2026-04-18 17:57:07.528	-6.8843753	107.5573225	806.6883556841827
2026-04-18 17:57:08.024	-6.8843758	107.5573228	806.6583589155363
2026-04-18 17:57:08.541	-6.8843762	107.5573233	806.5383617336914
2026-04-18 17:57:09.026	-6.8843764	107.5573233	806.5283629186589
2026-04-18 17:57:09.539	-6.8843766	107.5573234	806.5083641932698
2026-04-18 17:57:10.026	-6.8843768	107.5573232	806.4983651989493
2026-04-18 17:57:10.541	-6.8843771	107.5573234	806.4283671556868
2026-04-18 17:57:11.032	-6.8843775	107.5573235	806.3683696152628
2026-04-18 17:57:11.530	-6.8843781	107.5573235	806.3183731701596
2026-04-18 17:57:12.027	-6.8843784	107.5573235	806.248374947607
2026-04-18 17:57:12.533	-6.8843788	107.5573235	806.1983773175361
2026-04-18 17:57:13.024	-6.8843789	107.5573234	806.2283778203746
2026-04-18 17:57:13.529	-6.884379	107.5573233	806.298378323213
2026-04-18 17:57:14.025	-6.8843794	107.5573235	806.2383808724278
2026-04-18 17:57:14.535	-6.8843799	107.5573238	806.1383841037663
2026-04-18 17:57:15.027	-6.8843795	107.5573238	806.25838173384
2026-04-18 17:57:15.527	-6.8843791	107.5573241	806.3583796328427
2026-04-18 17:57:16.026	-6.8843789	107.557324	806.4183783582355
2026-04-18 17:57:16.533	-6.8843787	107.5573241	806.3883772629143
2026-04-18 17:57:17.026	-6.8843788	107.5573244	806.4283781243261
2026-04-18 17:57:17.835	-6.8843788	107.5573249	806.5083785725406
2026-04-18 17:57:18.038	-6.8843786	107.5573251	806.5183775668617
2026-04-18 17:57:18.540	-6.8843784	107.5573251	806.608376381897
2026-04-18 17:57:19.028	-6.8843783	107.5573251	806.6983757894146
2026-04-18 17:57:19.529	-6.8843781	107.5573241	806.7983737080201
2026-04-18 17:57:20.025	-6.8843778	107.557324	806.8783718409287
2026-04-18 17:57:20.533	-6.8843775	107.5573242	806.9683702427666
2026-04-18 17:57:21.024	-6.8843774	107.5573244	806.9983698295698
2026-04-18 17:57:21.531	-6.8843773	107.5573245	807.0383693267298
2026-04-18 17:57:22.025	-6.8843773	107.5573248	807.0483695956586
2026-04-18 17:57:22.540	-6.8843771	107.5573255	807.0283690381907
2026-04-18 17:57:23.023	-6.8843769	107.5573256	807.0283679428666
2026-04-18 17:57:23.527	-6.8843765	107.5573259	807.0683658418595
2026-04-18 17:57:24.030	-6.8843765	107.5573264	807.0383662900698
2026-04-18 17:57:24.533	-6.8843767	107.5573271	807.0383681025288
2026-04-18 17:57:25.027	-6.8843766	107.5573275	807.068367868611
2026-04-18 17:57:25.528	-6.8843769	107.5573277	807.0583698253437
2026-04-18 17:57:26.025	-6.8843767	107.5573278	807.1083687300179
2026-04-18 17:57:26.546	-6.8843766	107.557328	807.0983683168165
2026-04-18 17:57:27.026	-6.8843764	107.5573282	807.1183673111311
2026-04-18 17:57:27.525	-6.8843764	107.557328	807.1283671318492
2026-04-18 17:57:28.027	-6.8843765	107.5573281	807.0983678139739
2026-04-18 17:57:28.534	-6.8843766	107.5573283	807.0883685857392
2026-04-18 17:57:29.024	-6.8843768	107.5573283	807.0583697707061
2026-04-18 17:57:29.539	-6.8843766	107.5573282	807.1383684960983
2026-04-18 17:57:30.024	-6.8843763	107.5573283	807.2283668082883
2026-04-18 17:57:30.538	-6.8843766	107.5573283	807.2483685857392
2026-04-18 17:57:31.024	-6.8843767	107.5573285	807.2283693575041
2026-04-18 17:57:31.528	-6.8843767	107.557328	807.2483689093
2026-04-18 17:57:32.026	-6.8843768	107.557328	807.2783695017835
2026-04-18 17:57:32.537	-6.8843769	107.5573279	807.3483700046257
2026-04-18 17:57:33.027	-6.8843771	107.5573277	807.38837101031
2026-04-18 17:57:33.528	-6.8843773	107.5573275	807.408372015994
2026-04-18 17:57:34.027	-6.8843776	107.557327	807.3683733452359
2026-04-18 17:57:34.538	-6.884378	107.5573265	807.4183752669585
2026-04-18 17:57:35.025	-6.8843782	107.5573263	807.4183762726398
2026-04-18 17:57:35.526	-6.8843788	107.557326	807.3783795586075
2026-04-18 17:57:36.024	-6.8843788	107.5573261	807.3883796482496
2026-04-18 17:57:36.531	-6.8843795	107.5573263	807.338383974907
2026-04-18 17:57:37.026	-6.8843797	107.5573263	807.3483851598702
2026-04-18 17:57:37.529	-6.8843803	107.5573262	807.3083886251163
2026-04-18 17:57:38.025	-6.8843811	107.5573268	807.1783939028145
2026-04-18 17:57:38.540	-6.884382	107.5573265	807.0983989662125
2026-04-18 17:57:39.024	-6.8843825	107.5573264	807.0584018389702
2026-04-18 17:57:39.527	-6.884383	107.5573263	807.0084047117261
2026-04-18 17:57:40.028	-6.8843832	107.5573263	806.9684058966849
2026-04-18 17:57:40.540	-6.8843834	107.5573264	806.9484071712852
2026-04-18 17:57:41.027	-6.8843835	107.5573265	806.9384078534063
2026-04-18 17:57:41.530	-6.8843838	107.5573267	806.9084098101267
2026-04-18 17:57:42.025	-6.8843839	107.557327	806.8384106715304
2026-04-18 17:57:42.533	-6.8843841	107.5573273	806.7484121254122
2026-04-18 17:57:43.029	-6.8843842	107.5573272	806.7484126282494
2026-04-18 17:57:43.528	-6.8843843	107.5573271	806.7484131310866
2026-04-18 17:57:44.033	-6.8843846	107.5573273	806.698415087805
2026-04-18 17:57:44.526	-6.8843852	107.5573274	806.6184187323154
2026-04-18 17:57:45.020	-6.8843854	107.5573275	806.5484200069126
2026-04-18 17:57:45.520	-6.8843858	107.5573269	806.5484218389752
2026-04-18 17:57:46.021	-6.8843859	107.5573263	806.5684218936024
2026-04-18 17:57:46.532	-6.8843863	107.5573255	806.558423546375
2026-04-18 17:57:47.027	-6.8843863	107.5573253	806.5584233670902
2026-04-18 17:57:47.526	-6.8843862	107.5573246	806.608422147114
2026-04-18 17:57:48.024	-6.8843861	107.5573249	806.598421823565
2026-04-18 17:57:48.534	-6.8843863	107.5573249	806.5684230085197
2026-04-18 17:57:49.025	-6.8843862	107.5573249	806.5784224160424
2026-04-18 17:57:49.530	-6.8843864	107.5573242	806.5784229734966
2026-04-18 17:57:50.025	-6.8843865	107.557324	806.5284233866876
2026-04-18 17:57:50.534	-6.8843868	107.5573241	806.4284252537619
2026-04-18 17:57:51.027	-6.884387	107.5573239	806.4284262594293
2026-04-18 17:57:51.527	-6.8843872	107.5573235	806.3984270858093
2026-04-18 17:57:52.021	-6.8843871	107.5573232	806.3984262244018
2026-04-18 17:57:52.522	-6.8843871	107.557323	806.4384260451142
2026-04-18 17:57:53.021	-6.8843873	107.5573227	806.4784269611359
2026-04-18 17:57:53.519	-6.8843874	107.5573227	806.4984275536126
2026-04-18 17:57:54.021	-6.8843877	107.5573222	806.4984288828215
2026-04-18 17:57:54.521	-6.8843878	107.5573215	806.5084288477865
2026-04-18 17:57:55.024	-6.884388	107.5573209	806.55842949487
2026-04-18 17:57:55.524	-6.8843882	107.5573207	806.4984305005322
2026-04-18 17:57:56.023	-6.8843882	107.5573206	806.518430410887
2026-04-18 17:57:56.524	-6.8843883	107.5573208	806.4384311826534
2026-04-18 17:57:57.024	-6.8843883	107.5573206	806.4084310033631
2026-04-18 17:57:57.522	-6.8843881	107.55732	806.4684292805385
2026-04-18 17:57:58.022	-6.8843878	107.5573196	806.5384271445271
2026-04-18 17:57:58.537	-6.8843879	107.5573191	806.6284272887737
2026-04-18 17:57:59.028	-6.884388	107.5573188	806.6984276123115
2026-04-18 17:57:59.529	-6.8843879	107.5573185	806.8384267508962
2026-04-18 17:58:00.025	-6.8843878	107.5573177	806.9184254412467
2026-04-18 17:58:00.534	-6.8843878	107.5573171	806.9584249033642
2026-04-18 17:58:01.028	-6.8843876	107.5573163	807.0184230012314
2026-04-18 17:58:01.528	-6.8843877	107.5573152	807.1184226075795
2026-04-18 17:58:02.043	-6.8843877	107.5573147	807.1584221593372
2026-04-18 17:58:02.539	-6.8843877	107.557314	807.2584215317952
2026-04-18 17:58:03.024	-6.8843877	107.5573136	807.3184211731987
2026-04-18 17:58:03.534	-6.8843876	107.5573129	807.4084199531758
2026-04-18 17:58:04.024	-6.8843875	107.5573127	807.4284191813996
2026-04-18 17:58:04.534	-6.8843873	107.5573126	807.5184179067965
2026-04-18 17:58:05.029	-6.8843872	107.5573122	807.5884169557197
2026-04-18 17:58:05.532	-6.8843869	107.5573121	807.6484150886389
2026-04-18 17:58:06.027	-6.8843866	107.5573116	807.7384128629559
2026-04-18 17:58:06.540	-6.8843864	107.5573113	807.7884114090498
2026-04-18 17:58:07.024	-6.8843863	107.5573113	807.8384108165724
2026-04-18 17:58:07.529	-6.8843863	107.5573116	807.8084110855241
2026-04-18 17:58:08.027	-6.884386	107.5573117	807.838409397742
2026-04-18 17:58:08.536	-6.8843858	107.5573121	807.8184085713877
2026-04-18 17:58:09.029	-6.8843856	107.5573125	807.7884077450324
2026-04-18 17:58:09.533	-6.8843849	107.5573125	807.8784035976859
2026-04-18 17:58:10.025	-6.8843849	107.5573126	807.8984036873359
2026-04-18 17:58:10.532	-6.8843846	107.5573121	807.9284014616504
2026-04-18 17:58:11.027	-6.8843848	107.5573122	807.8784027362574
2026-04-18 17:58:11.530	-6.8843845	107.5573124	807.8684011381222
2026-04-18 17:58:12.024	-6.8843844	107.5573125	807.8384006352936
2026-04-18 17:58:12.533	-6.8843844	107.5573124	807.8184005456436
2026-04-18 17:58:13.031	-6.8843842	107.5573125	807.8183994503362
2026-04-18 17:58:13.529	-6.884384	107.5573129	807.798398623978
2026-04-18 17:58:14.024	-6.8843838	107.5573129	807.81839743902
2026-04-18 17:58:14.533	-6.8843837	107.5573131	807.7783970258404
2026-04-18 17:58:15.027	-6.8843834	107.5573128	807.7983949794537
2026-04-18 17:58:15.527	-6.884383	107.5573131	807.7883928784853
2026-04-18 17:58:16.024	-6.8843828	107.5573125	807.8283911556274
2026-04-18 17:58:16.537	-6.8843823	107.5573126	807.7883882828784
2026-04-18 17:58:17.027	-6.8843818	107.5573128	807.7683854997774
2026-04-18 17:58:17.529	-6.8843813	107.5573124	807.8083821787754
2026-04-18 17:58:18.025	-6.8843808	107.5573123	807.8083791267215
2026-04-18 17:58:18.533	-6.88438	107.5573119	807.8583740282711
2026-04-18 17:58:19.024	-6.8843797	107.5573118	807.8483721611761
2026-04-18 17:58:19.532	-6.8843791	107.5573121	807.818368875236
2026-04-18 17:58:20.024	-6.884379	107.5573121	807.7983682827539
2026-04-18 17:58:20.536	-6.8843789	107.5573123	807.7983678695721
2026-04-18 17:58:21.025	-6.8843785	107.5573124	807.8283655892931
2026-04-18 17:58:21.531	-6.884378	107.557313	807.8083631647794
2026-04-18 17:58:22.027	-6.8843779	107.5573132	807.778362751596
2026-04-18 17:58:22.532	-6.8843775	107.5573132	807.7183603816642
2026-04-18 17:58:23.027	-6.8843774	107.5573134	807.6383599684801
2026-04-18 17:58:23.529	-6.8843771	107.5573142	807.4783589082244
2026-04-18 17:58:24.025	-6.8843769	107.5573148	807.4283582611507
2026-04-18 17:58:24.534	-6.8843765	107.5573149	807.3683559808651
2026-04-18 17:58:25.028	-6.8843765	107.5573154	807.2783564291074
2026-04-18 17:58:25.532	-6.8843761	107.5573159	807.248354507413
2026-04-18 17:58:26.027	-6.8843759	107.5573164	807.2183537706844
2026-04-18 17:58:26.535	-6.8843761	107.5573173	807.0683557624797
2026-04-18 17:58:27.026	-6.884376	107.5573176	807.078355438937
2026-04-18 17:58:27.519	-6.8843758	107.5573178	807.0683544332629
2026-04-18 17:58:28.029	-6.8843757	107.5573179	807.0683539304257
2026-04-18 17:58:28.530	-6.8843756	107.5573183	807.0683536965284
2026-04-18 17:58:29.025	-6.8843755	107.5573185	807.0683532833373
2026-04-18 17:58:29.534	-6.8843753	107.5573189	806.9983524569541
2026-04-18 17:58:30.026	-6.8843749	107.5573188	807.0083499973696
2026-04-18 17:58:30.535	-6.8843746	107.5573189	806.9683483095616
2026-04-18 17:58:31.025	-6.8843744	107.5573187	807.038346945299
2026-04-18 17:58:31.529	-6.8843738	107.5573187	807.0783433903878
2026-04-18 17:58:32.026	-6.8843734	107.5573185	807.0983408411528
2026-04-18 17:58:32.536	-6.8843731	107.5573183	807.1483388844024
2026-04-18 17:58:33.028	-6.8843729	107.5573181	807.1783375201371
2026-04-18 17:58:33.534	-6.8843726	107.557318	807.1783356530321
2026-04-18 17:58:34.024	-6.8843724	107.5573184	807.1683348266465
2026-04-18 17:58:34.533	-6.8843721	107.557319	807.148333587066
2026-04-18 17:58:35.026	-6.8843717	107.5573191	807.1583313067657
2026-04-18 17:58:35.533	-6.8843715	107.557319	807.1983300321458
2026-04-18 17:58:36.025	-6.8843713	107.557319	807.1983288471719
2026-04-18 17:58:36.541	-6.8843711	107.5573191	807.238327751844
2026-04-18 17:58:37.026	-6.884371	107.5573189	807.2983269800644
2026-04-18 17:58:37.526	-6.8843711	107.5573197	807.2783282897202
2026-04-18 17:58:38.027	-6.8843711	107.5573198	807.268328379366
2026-04-18 17:58:38.536	-6.8843713	107.5573201	807.2383298332771
2026-04-18 17:58:39.025	-6.8843712	107.5573202	807.2483293304357
2026-04-18 17:58:39.527	-6.8843709	107.5573206	807.198327911556
2026-04-18 17:58:40.028	-6.8843709	107.5573207	807.2083280012014
2026-04-18 17:58:40.542	-6.8843706	107.5573206	807.238326134094
2026-04-18 17:58:41.025	-6.8843706	107.5573208	807.2383263133845
2026-04-18 17:58:41.530	-6.8843706	107.5573212	807.188326671965
2026-04-18 17:58:42.026	-6.8843705	107.5573215	807.1483263484123
2026-04-18 17:58:42.535	-6.8843703	107.5573219	807.1083255220158
2026-04-18 17:58:43.024	-6.8843701	107.5573224	807.0783247852627
2026-04-18 17:58:43.527	-6.8843701	107.5573225	807.0683248749069
2026-04-18 17:58:44.026	-6.88437	107.5573222	807.0883240134862
2026-04-18 17:58:44.533	-6.8843699	107.5573225	807.0583236899313
2026-04-18 17:58:45.025	-6.8843699	107.557322	807.0983232417094
2026-04-18 17:58:45.527	-6.8843698	107.557322	807.1283226492214
2026-04-18 17:58:46.026	-6.8843699	107.5573218	807.1383230624202
2026-04-18 17:58:46.534	-6.8843701	107.5573221	807.0783245163295
2026-04-18 17:58:47.023	-6.88437	107.5573222	807.0483240134862
2026-04-18 17:58:47.528	-6.88437	107.5573225	806.998324282419
2026-04-18 17:58:48.024	-6.8843699	107.5573227	806.9883238692196
2026-04-18 17:58:48.533	-6.8843697	107.5573229	806.9583228635319
2026-04-18 17:58:49.025	-6.8843697	107.5573226	806.9883225945996
2026-04-18 17:58:49.526	-6.8843696	107.5573221	807.01832155389
2026-04-18 17:58:50.030	-6.8843694	107.5573221	807.0383203689138
2026-04-18 17:58:50.534	-6.8843692	107.5573221	807.0483191839372
2026-04-18 17:58:51.028	-6.8843691	107.5573222	807.0583186810933
2026-04-18 17:58:51.526	-6.8843692	107.5573225	807.0683195425146
2026-04-18 17:58:52.025	-6.884369	107.5573223	807.0883181782492
2026-04-18 17:58:52.538	-6.8843688	107.5573221	807.1083168139833
2026-04-18 17:58:53.024	-6.8843685	107.5573215	807.1683144986495
2026-04-18 17:58:53.532	-6.8843679	107.5573211	807.1883105851358
2026-04-18 17:58:54.027	-6.8843677	107.5573208	807.2083091312219
2026-04-18 17:58:54.532	-6.8843673	107.5573204	807.2583064026827
2026-04-18 17:58:55.027	-6.8843673	107.5573201	807.258306133746
2026-04-18 17:58:55.526	-6.8843673	107.5573197	807.2683057751631
2026-04-18 17:58:56.024	-6.8843671	107.5573192	807.3183041419537
2026-04-18 17:58:56.534	-6.884367	107.557319	807.4083033701716
2026-04-18 17:58:57.025	-6.8843669	107.5573185	807.4783023294495
2026-04-18 17:58:57.529	-6.8843666	107.5573182	807.5683002830398
2026-04-18 17:58:58.024	-6.8843663	107.5573181	807.6182984159226
2026-04-18 17:58:58.534	-6.8843659	107.5573176	807.6682955977265
2026-04-18 17:58:59.026	-6.8843658	107.5573174	807.7082948259416
2026-04-18 17:58:59.527	-6.8843657	107.5573173	807.7582941438037
2026-04-18 17:59:00.028	-6.8843656	107.5573173	807.748293551313
2026-04-18 17:59:00.537	-6.8843655	107.5573173	807.7582929588223
2026-04-18 17:59:01.027	-6.8843654	107.5573175	807.718292545626
2026-04-18 17:59:01.526	-6.8843653	107.5573178	807.7282922220764
2026-04-18 17:59:02.025	-6.8843651	107.5573179	807.7182911267415
2026-04-18 17:59:02.534	-6.8843652	107.5573177	807.6982915399385
2026-04-18 17:59:03.026	-6.8843652	107.5573174	807.6982912709972
2026-04-18 17:59:03.529	-6.884365	107.5573171	807.7082898170731
2026-04-18 17:59:04.029	-6.8843651	107.557317	807.6882903199167
2026-04-18 17:59:04.538	-6.884365	107.5573169	807.7182896377783
2026-04-18 17:59:05.024	-6.8843649	107.5573163	807.798288507401
2026-04-18 17:59:05.526	-6.8843647	107.557316	807.8182870534747
2026-04-18 17:59:06.032	-6.8843646	107.557316	807.8182864609834
2026-04-18 17:59:06.535	-6.8843645	107.5573159	807.848285778844
2026-04-18 17:59:07.024	-6.8843646	107.557316	807.8382864609833
2026-04-18 17:59:07.527	-6.8843645	107.5573159	807.878285778844
2026-04-18 17:59:08.024	-6.8843646	107.557316	807.8582864609833
2026-04-18 17:59:08.539	-6.8843647	107.5573162	807.8582872327706
2026-04-18 17:59:09.027	-6.8843646	107.5573164	807.8482868195752
2026-04-18 17:59:09.529	-6.8843646	107.5573164	807.8182868195752
2026-04-18 17:59:10.024	-6.8843645	107.5573165	807.8582863167316
2026-04-18 17:59:10.531	-6.8843644	107.5573163	807.8182855449445
2026-04-18 17:59:11.023	-6.8843643	107.5573164	807.8082850421009
2026-04-18 17:59:11.529	-6.8843643	107.5573167	807.738285311044
2026-04-18 17:59:12.030	-6.8843639	107.5573167	807.7282829410775
2026-04-18 17:59:12.538	-6.8843637	107.5573172	807.6482822043313
2026-04-18 17:59:13.025	-6.8843637	107.5573176	807.6282825629202
2026-04-18 17:59:13.529	-6.8843632	107.5573182	807.6682801383417
2026-04-18 17:59:14.024	-6.884363	107.5573183	807.6582790430039
2026-04-18 17:59:14.534	-6.8843626	107.5573186	807.6382769419738
2026-04-18 17:59:15.024	-6.8843624	107.5573188	807.6282759362815
2026-04-18 17:59:15.530	-6.884362	107.5573194	807.6382741041876
2026-04-18 17:59:16.024	-6.8843617	107.5573195	807.6082724163546
2026-04-18 17:59:16.536	-6.8843614	107.5573201	807.5982711767499
2026-04-18 17:59:17.024	-6.8843611	107.5573206	807.6082698474972
2026-04-18 17:59:17.527	-6.8843606	107.557321	807.6482672436099
2026-04-18 17:59:18.026	-6.8843602	107.5573212	807.6782650529242
2026-04-18 17:59:18.535	-6.8843594	107.5573214	807.7682604922592
2026-04-18 17:59:19.033	-6.884359	107.5573218	807.7682584808595
2026-04-18 17:59:19.562	-6.8843585	107.5573221	807.8582557873181
2026-04-18 17:59:20.029	-6.8843582	107.5573221	807.9182540098321
2026-04-18 17:59:20.534	-6.8843581	107.557322	807.9782533276921
2026-04-18 17:59:21.025	-6.8843577	107.5573222	808.0482511369988
2026-04-18 17:59:21.527	-6.8843572	107.5573225	808.1082484434527
2026-04-18 17:59:22.029	-6.8843566	107.5573224	808.168244798831
2026-04-18 17:59:22.534	-6.8843562	107.5573226	808.2382426081333
2026-04-18 17:59:23.026	-6.884356	107.5573228	808.2982416024283
2026-04-18 17:59:23.528	-6.8843557	107.5573231	808.3582400938697
2026-04-18 17:59:24.027	-6.8843559	107.5573236	808.3482417270827
2026-04-18 17:59:24.537	-6.8843556	107.5573239	808.4382402185227
2026-04-18 17:59:25.024	-6.8843553	107.5573241	808.4282386203182
2026-04-18 17:59:25.527	-6.8843549	107.5573242	808.508236339972
2026-04-18 17:59:26.027	-6.8843545	107.5573242	808.5682339699815
2026-04-18 17:59:26.538	-6.8843548	107.5573245	808.5282360164043
2026-04-18 17:59:27.023	-6.8843546	107.5573239	808.6082342935489
2026-04-18 17:59:27.527	-6.8843544	107.5573236	808.6882328396225
2026-04-18 17:59:28.028	-6.8843541	107.5573237	808.6882311517725
2026-04-18 17:59:28.536	-6.8843542	107.557324	808.6582320132011
2026-04-18 17:59:29.027	-6.884354	107.557324	808.6882308282051
2026-04-18 17:59:29.528	-6.8843535	107.5573237	808.7382275967831
2026-04-18 17:59:30.026	-6.8843532	107.5573235	808.7782256400002
2026-04-18 17:59:30.535	-6.8843531	107.5573239	808.7982254060762
2026-04-18 17:59:31.025	-6.884353	107.5573241	808.7982249928644
2026-04-18 17:59:31.531	-6.8843524	107.5573238	808.9082211689404
2026-04-18 17:59:32.026	-6.8843524	107.557324	808.8582213482274
2026-04-18 17:59:32.536	-6.8843519	107.557324	808.858218385731
2026-04-18 17:59:33.029	-6.8843516	107.557324	808.8682166082324
2026-04-18 17:59:33.529	-6.8843511	107.5573234	808.9482131078715
2026-04-18 17:59:34.027	-6.8843508	107.5573235	808.9282114200151
2026-04-18 17:59:34.527	-6.8843506	107.5573233	808.9182100557271
2026-04-18 17:59:35.025	-6.8843507	107.5573232	808.8882105585833
2026-04-18 17:59:35.527	-6.88435	107.5573231	808.9682063214362
2026-04-18 17:59:36.025	-6.88435	107.557323	808.9782062317922
2026-04-18 17:59:36.532	-6.8843497	107.5573229	809.0182043646458
2026-04-18 17:59:37.030	-6.8843499	107.5573233	808.9682059082235
2026-04-18 17:59:37.530	-6.8843496	107.5573227	809.0682035928565
2026-04-18 17:59:38.025	-6.8843497	107.5573226	809.0782040957132
2026-04-18 17:59:38.535	-6.8843498	107.557322	809.088204150347
2026-04-18 17:59:39.023	-6.8843496	107.5573217	809.098202696411
2026-04-18 17:59:39.528	-6.8843498	107.5573223	809.0182044192808
2026-04-18 17:59:40.022	-6.8843501	107.5573225	808.9482063760718
2026-04-18 17:59:40.535	-6.8843501	107.5573221	808.9682060174938
2026-04-18 17:59:41.025	-6.8843501	107.5573219	808.9982058382044
2026-04-18 17:59:41.529	-6.8843499	107.557322	809.0382047428478
2026-04-18 17:59:42.025	-6.88435	107.5573221	809.0282054249932
2026-04-18 17:59:42.536	-6.8843499	107.5573217	809.0082044739136
2026-04-18 17:59:43.027	-6.88435	107.5573219	808.9882052457039
2026-04-18 17:59:43.530	-6.8843503	107.557322	808.8982071128503
2026-04-18 17:59:44.026	-6.8843504	107.557322	808.7982077053507
2026-04-18 17:59:44.534	-6.8843506	107.5573217	808.7682086214172
2026-04-18 17:59:45.024	-6.8843506	107.5573218	808.7282087110619
2026-04-18 17:59:45.529	-6.8843509	107.5573218	808.6382104885624
2026-04-18 17:59:46.025	-6.8843509	107.5573221	808.5982107574966
2026-04-18 17:59:46.538	-6.8843509	107.5573222	808.5382108471412
2026-04-18 17:59:47.030	-6.884351	107.557322	808.5782112603521
2026-04-18 17:59:47.526	-6.8843509	107.557322	808.528210667852
2026-04-18 17:59:48.028	-6.8843511	107.5573221	808.5082119424966
2026-04-18 17:59:48.538	-6.8843513	107.5573223	808.4582133067855
2026-04-18 17:59:49.027	-6.8843512	107.5573221	808.5282125349967
2026-04-18 17:59:49.526	-6.8843515	107.5573223	808.4382144917851
2026-04-18 17:59:50.027	-6.8843517	107.5573225	808.3882158560731
2026-04-18 17:59:50.535	-6.8843517	107.5573225	808.4082158560732
2026-04-18 17:59:51.024	-6.8843516	107.5573222	808.4382149946402
2026-04-18 17:59:51.527	-6.8843516	107.5573223	808.4382150842847
2026-04-18 17:59:52.024	-6.8843518	107.5573226	808.4082165382171
2026-04-18 17:59:52.535	-6.8843521	107.5573231	808.4082187639361
2026-04-18 17:59:53.028	-6.8843523	107.5573232	808.3882200385785
2026-04-18 17:59:53.525	-6.8843524	107.5573232	808.3682206310776
2026-04-18 17:59:54.029	-6.8843525	107.5573227	808.3782207753563
2026-04-18 17:59:54.529	-6.8843529	107.5573227	808.328223145352
2026-04-18 17:59:55.020	-6.8843531	107.5573231	808.278224688926
2026-04-18 17:59:55.524	-6.8843535	107.5573227	808.2382267003437
2026-04-18 17:59:56.034	-6.8843535	107.5573227	808.2082267003437
2026-04-18 17:59:56.535	-6.8843535	107.5573226	808.2482266106995
2026-04-18 17:59:57.026	-6.8843537	107.5573227	808.2682278853405
2026-04-18 17:59:57.529	-6.884354	107.5573227	808.258229662835
2026-04-18 17:59:58.027	-6.884354	107.5573221	808.3182291249686
2026-04-18 17:59:58.532	-6.884354	107.5573219	808.3182289456794
2026-04-18 17:59:59.027	-6.8843541	107.5573218	808.3182294485327
2026-04-18 17:59:59.532	-6.8843541	107.5573213	808.3382290003082
2026-04-18 18:00:00.028	-6.8843542	107.5573212	808.3882295031611
2026-04-18 18:00:00.535	-6.8843544	107.5573213	808.348230777802
2026-04-18 18:00:01.026	-6.8843544	107.5573211	808.4082305985119
2026-04-18 18:00:01.527	-6.8843546	107.557321	808.4082316938623
2026-04-18 18:00:02.034	-6.8843548	107.5573214	808.348233237438
2026-04-18 18:00:02.537	-6.8843551	107.5573216	808.2682351942203
2026-04-18 18:00:03.025	-6.8843553	107.557322	808.2282367377938
2026-04-18 18:00:03.528	-6.8843554	107.5573223	808.2282375992247
2026-04-18 18:00:04.024	-6.8843555	107.5573222	808.2582381020774
2026-04-18 18:00:04.532	-6.8843554	107.557322	808.2582373302911
2026-04-18 18:00:05.024	-6.8843555	107.5573221	808.2282380124328
2026-04-18 18:00:05.530	-6.8843558	107.5573225	808.1382401485017
2026-04-18 18:00:06.025	-6.8843557	107.5573222	808.1882392870716
2026-04-18 18:00:06.535	-6.8843558	107.5573221	808.1982397899241
2026-04-18 18:00:07.021	-6.8843559	107.5573223	808.1882405617099
2026-04-18 18:00:07.521	-6.884356	107.5573222	808.1882410645624
2026-04-18 18:00:08.023	-6.8843558	107.5573221	808.238239789924
2026-04-18 18:00:08.538	-6.8843562	107.5573219	808.188241980622
2026-04-18 18:00:09.025	-6.8843563	107.5573218	808.208242483474
2026-04-18 18:00:09.521	-6.8843564	107.5573215	808.258242807036
2026-04-18 18:00:10.028	-6.8843564	107.5573213	808.2582426277461
2026-04-18 18:00:10.534	-6.8843566	107.5573212	808.2382437230941
2026-04-18 18:00:11.025	-6.8843569	107.5573214	808.1682456798733
2026-04-18 18:00:11.521	-6.8843573	107.5573215	808.0782481395025
2026-04-18 18:00:12.024	-6.8843573	107.5573214	808.1082480498576
2026-04-18 18:00:12.523	-6.8843575	107.5573218	808.0882495934288
