[System]
Platform=SEANO USV
Start_Time=2026-04-18 17:49:52
Timezone=WIB

[Sensor]
Name=SBES

[Columns]
Timestamp(WIB)	Depth	WaterTemp	QualityFlag

[Data]
2026-04-18 17:49:55.371	12.566	28.033	1.0
2026-04-18 17:49:56.374	12.702	28.027	1.0
2026-04-18 17:49:57.373	12.836	28.047	1.0
2026-04-18 17:49:58.373	12.968	28.051	1.0
2026-04-18 17:49:59.373	13.103	28.052	1.0
2026-04-18 17:50:00.373	13.22	28.065	1.0
2026-04-18 17:50:01.371	13.3	28.086	1.0
2026-04-18 17:50:02.369	13.287	28.098	1.0
2026-04-18 17:50:03.375	13.367	28.087	1.0
2026-04-18 17:50:04.373	13.493	28.111	1.0
2026-04-18 17:50:05.373	13.45	28.132	1.0
2026-04-18 17:50:06.374	13.473	28.143	1.0
2026-04-18 17:50:07.373	13.475	28.134	1.0
2026-04-18 17:50:08.373	13.447	28.133	1.0
2026-04-18 17:50:09.369	13.417	28.134	1.0
2026-04-18 17:50:10.373	13.399	28.157	1.0
2026-04-18 17:50:11.373	13.346	28.175	1.0
2026-04-18 17:50:12.373	13.329	28.184	1.0
2026-04-18 17:50:13.374	13.216	28.194	1.0
2026-04-18 17:50:14.373	13.128	28.185	1.0
2026-04-18 17:50:15.373	13.024	28.209	1.0
2026-04-18 17:50:16.373	12.938	28.194	1.0
2026-04-18 17:50:17.373	12.809	28.231	1.0
2026-04-18 17:50:18.373	12.62	28.211	1.0
2026-04-18 17:50:19.372	12.461	28.227	1.0
2026-04-18 17:50:20.373	12.392	28.214	1.0
2026-04-18 17:50:21.373	12.21	28.243	1.0
2026-04-18 17:50:22.373	12.086	28.259	1.0
2026-04-18 17:50:23.374	11.946	28.262	1.0
2026-04-18 17:50:24.373	11.805	28.256	1.0
2026-04-18 17:50:25.373	11.656	28.262	1.0
2026-04-18 17:50:26.374	11.452	28.241	1.0
2026-04-18 17:50:27.373	11.293	28.261	1.0
2026-04-18 17:50:28.373	11.228	28.255	1.0
2026-04-18 17:50:29.373	11.075	28.286	1.0
2026-04-18 17:50:30.373	11.011	28.275	1.0
2026-04-18 17:50:31.373	10.877	28.271	1.0
2026-04-18 17:50:32.373	10.728	28.297	1.0
2026-04-18 17:50:33.373	10.685	28.279	1.0
2026-04-18 17:50:34.372	10.635	28.284	1.0
2026-04-18 17:50:35.373	10.561	28.275	1.0
2026-04-18 17:50:36.374	10.5	28.298	1.0
2026-04-18 17:50:37.373	10.515	28.285	1.0
2026-04-18 17:50:38.373	10.475	28.281	1.0
2026-04-18 17:50:39.374	10.47	28.286	1.0
2026-04-18 17:50:40.373	10.522	28.289	1.0
2026-04-18 17:50:41.373	10.574	28.314	1.0
2026-04-18 17:50:42.373	10.61	28.299	1.0
2026-04-18 17:50:43.374	10.697	28.311	1.0
2026-04-18 17:50:44.373	10.758	28.3	1.0
2026-04-18 17:50:45.373	10.827	28.29	1.0
2026-04-18 17:50:46.373	10.982	28.285	1.0
2026-04-18 17:50:47.372	11.07	28.281	1.0
2026-04-18 17:50:48.373	11.186	28.286	1.0
2026-04-18 17:50:49.373	11.341	28.305	1.0
2026-04-18 17:50:50.373	11.451	28.313	1.0
2026-04-18 17:50:51.373	11.614	28.274	1.0
2026-04-18 17:50:52.374	11.677	28.27	1.0
2026-04-18 17:50:53.373	11.894	28.292	1.0
2026-04-18 17:50:54.373	12.051	28.303	1.0
2026-04-18 17:50:55.373	12.143	28.277	1.0
2026-04-18 17:50:56.373	12.37	28.263	1.0
2026-04-18 17:50:57.373	12.48	28.269	1.0
2026-04-18 17:50:58.373	12.647	28.29	1.0
2026-04-18 17:50:59.373	12.749	28.25	1.0
2026-04-18 17:51:00.373	12.826	28.245	1.0
2026-04-18 17:51:01.375	12.985	28.27	1.0
2026-04-18 17:51:02.373	13.125	28.268	1.0
2026-04-18 17:51:03.373	13.174	28.238	1.0
2026-04-18 17:51:04.373	13.299	28.253	1.0
2026-04-18 17:51:05.373	13.361	28.252	1.0
2026-04-18 17:51:06.373	13.364	28.241	1.0
2026-04-18 17:51:07.374	13.415	28.23	1.0
2026-04-18 17:51:08.373	13.446	28.231	1.0
2026-04-18 17:51:09.373	13.541	28.212	1.0
2026-04-18 17:51:10.373	13.528	28.19	1.0
2026-04-18 17:51:11.373	13.506	28.204	1.0
2026-04-18 17:51:12.373	13.431	28.181	1.0
2026-04-18 17:51:13.373	13.397	28.177	1.0
2026-04-18 17:51:14.373	13.305	28.174	1.0
2026-04-18 17:51:15.373	13.323	28.161	1.0
2026-04-18 17:51:16.373	13.205	28.176	1.0
2026-04-18 17:51:17.373	13.142	28.166	1.0
2026-04-18 17:51:18.373	12.991	28.137	1.0
2026-04-18 17:51:19.373	12.85	28.134	1.0
2026-04-18 17:51:20.373	12.781	28.143	1.0
2026-04-18 17:51:21.373	12.576	28.11	1.0
2026-04-18 17:51:22.373	12.476	28.115	1.0
2026-04-18 17:51:23.373	12.339	28.107	1.0
2026-04-18 17:51:24.373	12.137	28.084	1.0
2026-04-18 17:51:25.373	12.058	28.083	1.0
2026-04-18 17:51:26.373	11.855	28.105	1.0
2026-04-18 17:51:27.373	11.782	28.096	1.0
2026-04-18 17:51:28.373	11.634	28.082	1.0
2026-04-18 17:51:29.373	11.485	28.067	1.0
2026-04-18 17:51:30.373	11.273	28.07	1.0
2026-04-18 17:51:31.373	11.211	28.056	1.0
2026-04-18 17:51:32.373	11.111	28.041	1.0
2026-04-18 17:51:33.373	10.919	28.005	1.0
2026-04-18 17:51:34.373	10.878	28.035	1.0
2026-04-18 17:51:35.373	10.73	28.0	1.0
2026-04-18 17:51:36.373	10.713	27.997	1.0
2026-04-18 17:51:37.373	10.639	27.993	1.0
2026-04-18 17:51:38.373	10.59	27.997	1.0
2026-04-18 17:51:39.373	10.483	27.961	1.0
2026-04-18 17:51:40.373	10.543	27.975	1.0
2026-04-18 17:51:41.373	10.495	27.941	1.0
2026-04-18 17:51:42.373	10.532	27.957	1.0
2026-04-18 17:51:43.373	10.519	27.916	1.0
2026-04-18 17:51:44.373	10.552	27.937	1.0
2026-04-18 17:51:45.373	10.578	27.901	1.0
2026-04-18 17:51:46.373	10.648	27.904	1.0
2026-04-18 17:51:47.373	10.776	27.888	1.0
2026-04-18 17:51:48.373	10.88	27.899	1.0
2026-04-18 17:51:49.373	11.006	27.871	1.0
2026-04-18 17:51:50.373	11.028	27.876	1.0
2026-04-18 17:51:51.373	11.207	27.873	1.0
2026-04-18 17:51:52.373	11.343	27.854	1.0
2026-04-18 17:51:53.373	11.45	27.834	1.0
2026-04-18 17:51:54.373	11.621	27.833	1.0
2026-04-18 17:51:55.373	11.792	27.852	1.0
2026-04-18 17:51:56.373	11.932	27.83	1.0
2026-04-18 17:51:57.373	12.003	27.824	1.0
2026-04-18 17:51:58.373	12.213	27.814	1.0
2026-04-18 17:51:59.373	12.319	27.819	1.0
2026-04-18 17:52:00.373	12.487	27.81	1.0
2026-04-18 17:52:01.373	12.588	27.796	1.0
2026-04-18 17:52:02.373	12.777	27.802	1.0
2026-04-18 17:52:03.373	12.851	27.785	1.0
2026-04-18 17:52:04.373	12.971	27.767	1.0
2026-04-18 17:52:05.373	13.149	27.779	1.0
2026-04-18 17:52:06.373	13.226	27.758	1.0
2026-04-18 17:52:07.373	13.243	27.74	1.0
2026-04-18 17:52:08.373	13.397	27.757	1.0
2026-04-18 17:52:09.373	13.434	27.741	1.0
2026-04-18 17:52:10.375	13.441	27.726	1.0
2026-04-18 17:52:11.374	13.501	27.724	1.0
2026-04-18 17:52:12.373	13.516	27.742	1.0
2026-04-18 17:52:13.374	13.54	27.75	1.0
2026-04-18 17:52:14.375	13.45	27.708	1.0
2026-04-18 17:52:15.373	13.423	27.706	1.0
2026-04-18 17:52:16.373	13.401	27.702	1.0
2026-04-18 17:52:17.373	13.357	27.725	1.0
2026-04-18 17:52:18.374	13.221	27.712	1.0
2026-04-18 17:52:19.373	13.186	27.706	1.0
2026-04-18 17:52:20.373	13.071	27.702	1.0
2026-04-18 17:52:21.373	12.938	27.719	1.0
2026-04-18 17:52:22.373	12.854	27.688	1.0
2026-04-18 17:52:23.373	12.683	27.693	1.0
2026-04-18 17:52:24.373	12.631	27.707	1.0
2026-04-18 17:52:25.373	12.481	27.694	1.0
2026-04-18 17:52:26.373	12.279	27.698	1.0
2026-04-18 17:52:27.373	12.205	27.682	1.0
2026-04-18 17:52:28.373	11.97	27.685	1.0
2026-04-18 17:52:29.373	11.816	27.681	1.0
2026-04-18 17:52:30.373	11.732	27.712	1.0
2026-04-18 17:52:31.373	11.521	27.7	1.0
2026-04-18 17:52:32.369	11.432	27.712	1.0
2026-04-18 17:52:33.374	11.279	27.684	1.0
2026-04-18 17:52:34.369	11.201	27.689	1.0
2026-04-18 17:52:35.373	11.092	27.696	1.0
2026-04-18 17:52:36.374	10.93	27.728	1.0
2026-04-18 17:52:37.373	10.88	27.729	1.0
2026-04-18 17:52:38.373	10.754	27.715	1.0
2026-04-18 17:52:39.373	10.707	27.728	1.0
2026-04-18 17:52:40.373	10.598	27.72	1.0
2026-04-18 17:52:41.373	10.509	27.72	1.0
2026-04-18 17:52:42.373	10.542	27.727	1.0
2026-04-18 17:52:43.373	10.504	27.746	1.0
2026-04-18 17:52:44.373	10.48	27.746	1.0
2026-04-18 17:52:45.373	10.49	27.73	1.0
2026-04-18 17:52:46.373	10.532	27.727	1.0
2026-04-18 17:52:47.373	10.536	27.758	1.0
2026-04-18 17:52:48.373	10.621	27.766	1.0
2026-04-18 17:52:49.373	10.688	27.775	1.0
2026-04-18 17:52:50.373	10.793	27.761	1.0
2026-04-18 17:52:51.373	10.902	27.782	1.0
2026-04-18 17:52:52.373	10.959	27.776	1.0
2026-04-18 17:52:53.373	11.081	27.773	1.0
2026-04-18 17:52:54.373	11.183	27.778	1.0
2026-04-18 17:52:55.374	11.311	27.775	1.0
2026-04-18 17:52:56.370	11.507	27.815	1.0
2026-04-18 17:52:57.371	11.593	27.82	1.0
2026-04-18 17:52:58.373	11.766	27.81	1.0
2026-04-18 17:52:59.373	11.976	27.811	1.0
2026-04-18 17:53:00.373	12.094	27.846	1.0
2026-04-18 17:53:01.374	12.207	27.848	1.0
2026-04-18 17:53:02.374	12.399	27.848	1.0
2026-04-18 17:53:03.374	12.548	27.855	1.0
2026-04-18 17:53:04.373	12.646	27.847	1.0
2026-04-18 17:53:05.374	12.82	27.883	1.0
2026-04-18 17:53:06.373	12.909	27.873	1.0
2026-04-18 17:53:07.370	13.013	27.875	1.0
2026-04-18 17:53:08.373	13.085	27.882	1.0
2026-04-18 17:53:09.373	13.229	27.9	1.0
2026-04-18 17:53:10.373	13.269	27.925	1.0
2026-04-18 17:53:11.373	13.358	27.9	1.0
2026-04-18 17:53:12.374	13.459	27.917	1.0
2026-04-18 17:53:13.373	13.418	27.951	1.0
2026-04-18 17:53:14.373	13.516	27.936	1.0
2026-04-18 17:53:15.375	13.51	27.932	1.0
2026-04-18 17:53:16.373	13.457	27.952	1.0
2026-04-18 17:53:17.374	13.482	27.95	1.0
2026-04-18 17:53:18.373	13.417	27.98	1.0
2026-04-18 17:53:19.373	13.378	27.978	1.0
2026-04-18 17:53:20.373	13.326	28.008	1.0
2026-04-18 17:53:21.371	13.234	27.997	1.0
2026-04-18 17:53:22.371	13.126	28.019	1.0
2026-04-18 17:53:23.371	13.076	28.028	1.0
2026-04-18 17:53:24.371	13.002	28.032	1.0
2026-04-18 17:53:25.374	12.805	28.049	1.0
2026-04-18 17:53:26.373	12.716	28.053	1.0
2026-04-18 17:53:27.373	12.58	28.045	1.0
2026-04-18 17:53:28.374	12.438	28.056	1.0
2026-04-18 17:53:29.374	12.319	28.074	1.0
2026-04-18 17:53:30.374	12.091	28.094	1.0
2026-04-18 17:53:31.373	12.029	28.103	1.0
2026-04-18 17:53:32.373	11.884	28.092	1.0
2026-04-18 17:53:33.378	11.706	28.098	1.0
2026-04-18 17:53:34.373	11.512	28.104	1.0
2026-04-18 17:53:35.374	11.392	28.138	1.0
2026-04-18 17:53:36.371	11.314	28.138	1.0
2026-04-18 17:53:37.374	11.151	28.123	1.0
2026-04-18 17:53:38.374	11.06	28.144	1.0
2026-04-18 17:53:39.374	10.939	28.175	1.0
2026-04-18 17:53:40.374	10.816	28.168	1.0
2026-04-18 17:53:41.374	10.728	28.169	1.0
2026-04-18 17:53:42.374	10.647	28.164	1.0
2026-04-18 17:53:43.374	10.583	28.186	1.0
2026-04-18 17:53:44.374	10.547	28.177	1.0
2026-04-18 17:53:45.374	10.54	28.191	1.0
2026-04-18 17:53:46.371	10.454	28.207	1.0
2026-04-18 17:53:47.377	10.481	28.211	1.0
2026-04-18 17:53:48.373	10.562	28.208	1.0
2026-04-18 17:53:49.374	10.564	28.233	1.0
2026-04-18 17:53:50.373	10.539	28.245	1.0
2026-04-18 17:53:51.374	10.664	28.218	1.0
2026-04-18 17:53:52.370	10.747	28.26	1.0
2026-04-18 17:53:53.369	10.798	28.243	1.0
2026-04-18 17:53:54.369	10.883	28.264	1.0
2026-04-18 17:53:55.369	11.011	28.275	1.0
2026-04-18 17:53:56.369	11.138	28.251	1.0
2026-04-18 17:53:57.375	11.229	28.254	1.0
2026-04-18 17:53:58.370	11.342	28.281	1.0
2026-04-18 17:53:59.374	11.529	28.264	1.0
2026-04-18 17:54:00.374	11.622	28.293	1.0
2026-04-18 17:54:01.369	11.761	28.298	1.0
2026-04-18 17:54:02.374	11.968	28.288	1.0
2026-04-18 17:54:03.374	12.071	28.289	1.0
2026-04-18 17:54:04.374	12.228	28.302	1.0
2026-04-18 17:54:05.373	12.38	28.285	1.0
2026-04-18 17:54:06.374	12.526	28.3	1.0
2026-04-18 17:54:07.373	12.726	28.292	1.0
2026-04-18 17:54:08.373	12.806	28.314	1.0
2026-04-18 17:54:09.374	12.958	28.293	1.0
2026-04-18 17:54:10.374	13.021	28.288	1.0
2026-04-18 17:54:11.373	13.122	28.301	1.0
2026-04-18 17:54:12.374	13.253	28.287	1.0
2026-04-18 17:54:13.374	13.338	28.313	1.0
2026-04-18 17:54:14.374	13.373	28.286	1.0
2026-04-18 17:54:15.374	13.478	28.314	1.0
2026-04-18 17:54:16.374	13.462	28.312	1.0
2026-04-18 17:54:17.373	13.482	28.287	1.0
2026-04-18 17:54:18.373	13.465	28.294	1.0
2026-04-18 17:54:19.374	13.457	28.304	1.0
2026-04-18 17:54:20.374	13.506	28.309	1.0
2026-04-18 17:54:21.374	13.449	28.295	1.0
2026-04-18 17:54:22.374	13.42	28.278	1.0
2026-04-18 17:54:23.370	13.32	28.3	1.0
2026-04-18 17:54:24.370	13.215	28.299	1.0
2026-04-18 17:54:25.373	13.195	28.28	1.0
2026-04-18 17:54:26.373	13.008	28.272	1.0
2026-04-18 17:54:27.373	12.909	28.277	1.0
2026-04-18 17:54:28.373	12.853	28.264	1.0
2026-04-18 17:54:29.373	12.71	28.281	1.0
2026-04-18 17:54:30.374	12.571	28.242	1.0
2026-04-18 17:54:31.373	12.392	28.256	1.0
2026-04-18 17:54:32.373	12.234	28.251	1.0
2026-04-18 17:54:33.373	12.153	28.248	1.0
2026-04-18 17:54:34.373	12.0	28.243	1.0
2026-04-18 17:54:35.372	11.855	28.22	1.0
2026-04-18 17:54:36.374	11.633	28.237	1.0
2026-04-18 17:54:37.373	11.507	28.219	1.0
2026-04-18 17:54:38.373	11.35	28.231	1.0
2026-04-18 17:54:39.373	11.263	28.218	1.0
2026-04-18 17:54:40.373	11.131	28.212	1.0
2026-04-18 17:54:41.373	11.046	28.211	1.0
2026-04-18 17:54:42.372	10.943	28.206	1.0
2026-04-18 17:54:43.373	10.843	28.182	1.0
2026-04-18 17:54:44.373	10.747	28.178	1.0
2026-04-18 17:54:45.373	10.643	28.179	1.0
2026-04-18 17:54:46.373	10.606	28.181	1.0
2026-04-18 17:54:47.372	10.567	28.136	1.0
2026-04-18 17:54:48.373	10.476	28.155	1.0
2026-04-18 17:54:49.373	10.498	28.123	1.0
2026-04-18 17:54:50.372	10.484	28.138	1.0
2026-04-18 17:54:51.373	10.51	28.14	1.0
2026-04-18 17:54:52.373	10.587	28.132	1.0
2026-04-18 17:54:53.373	10.628	28.091	1.0
2026-04-18 17:54:54.373	10.657	28.11	1.0
2026-04-18 17:54:55.373	10.767	28.11	1.0
2026-04-18 17:54:56.373	10.779	28.085	1.0
2026-04-18 17:54:57.374	10.906	28.068	1.0
2026-04-18 17:54:58.374	10.996	28.067	1.0
2026-04-18 17:54:59.374	11.117	28.066	1.0
2026-04-18 17:55:00.373	11.24	28.051	1.0
2026-04-18 17:55:01.373	11.396	28.051	1.0
2026-04-18 17:55:02.374	11.532	28.02	1.0
2026-04-18 17:55:03.374	11.703	28.034	1.0
2026-04-18 17:55:04.374	11.875	28.027	1.0
2026-04-18 17:55:05.373	11.998	27.985	1.0
2026-04-18 17:55:06.369	12.079	27.998	1.0
2026-04-18 17:55:07.370	12.257	27.983	1.0
2026-04-18 17:55:08.374	12.447	27.993	1.0
2026-04-18 17:55:09.374	12.563	27.95	1.0
2026-04-18 17:55:10.374	12.732	27.976	1.0
2026-04-18 17:55:11.374	12.793	27.943	1.0
2026-04-18 17:55:12.374	12.935	27.954	1.0
2026-04-18 17:55:13.373	13.09	27.922	1.0
2026-04-18 17:55:14.373	13.179	27.916	1.0
2026-04-18 17:55:15.374	13.299	27.927	1.0
2026-04-18 17:55:16.373	13.369	27.918	1.0
2026-04-18 17:55:17.374	13.347	27.882	1.0
2026-04-18 17:55:18.373	13.452	27.885	1.0
2026-04-18 17:55:19.373	13.518	27.887	1.0
2026-04-18 17:55:20.373	13.453	27.859	1.0
2026-04-18 17:55:21.373	13.473	27.882	1.0
2026-04-18 17:55:22.374	13.454	27.862	1.0
2026-04-18 17:55:23.373	13.479	27.867	1.0
2026-04-18 17:55:24.373	13.422	27.822	1.0
2026-04-18 17:55:25.369	13.326	27.816	1.0
2026-04-18 17:55:26.374	13.294	27.841	1.0
2026-04-18 17:55:27.370	13.232	27.809	1.0
2026-04-18 17:55:28.374	13.149	27.802	1.0
2026-04-18 17:55:29.374	13.071	27.794	1.0
2026-04-18 17:55:30.375	12.958	27.814	1.0
2026-04-18 17:55:31.371	12.788	27.772	1.0
2026-04-18 17:55:32.374	12.699	27.802	1.0
2026-04-18 17:55:33.374	12.492	27.797	1.0
2026-04-18 17:55:34.374	12.424	27.785	1.0
2026-04-18 17:55:35.373	12.2	27.766	1.0
2026-04-18 17:55:36.373	12.121	27.774	1.0
2026-04-18 17:55:37.369	11.968	27.749	1.0
2026-04-18 17:55:38.374	11.77	27.749	1.0
2026-04-18 17:55:39.370	11.627	27.735	1.0
2026-04-18 17:55:40.370	11.46	27.754	1.0
2026-04-18 17:55:41.374	11.311	27.746	1.0
2026-04-18 17:55:42.371	11.196	27.728	1.0
2026-04-18 17:55:43.375	11.064	27.719	1.0
2026-04-18 17:55:44.404	11.03	27.707	1.0
2026-04-18 17:55:45.373	10.841	27.735	1.0
2026-04-18 17:55:46.370	10.825	27.728	1.0
2026-04-18 17:55:47.370	10.731	27.701	1.0
2026-04-18 17:55:48.374	10.622	27.702	1.0
2026-04-18 17:55:49.379	10.57	27.73	1.0
2026-04-18 17:55:50.374	10.578	27.696	1.0
2026-04-18 17:55:51.374	10.501	27.724	1.0
2026-04-18 17:55:52.374	10.545	27.696	1.0
2026-04-18 17:55:53.374	10.514	27.684	1.0
2026-04-18 17:55:54.373	10.541	27.702	1.0
2026-04-18 17:55:55.373	10.532	27.695	1.0
2026-04-18 17:55:56.374	10.645	27.687	1.0
2026-04-18 17:55:57.374	10.672	27.698	1.0
2026-04-18 17:55:58.374	10.717	27.701	1.0
2026-04-18 17:55:59.373	10.795	27.699	1.0
2026-04-18 17:56:00.370	10.913	27.69	1.0
2026-04-18 17:56:01.373	11.082	27.694	1.0
2026-04-18 17:56:02.374	11.155	27.71	1.0
2026-04-18 17:56:03.373	11.309	27.701	1.0
2026-04-18 17:56:04.373	11.442	27.699	1.0
2026-04-18 17:56:05.373	11.599	27.715	1.0
2026-04-18 17:56:06.374	11.661	27.69	1.0
2026-04-18 17:56:07.374	11.802	27.711	1.0
2026-04-18 17:56:08.373	11.996	27.73	1.0
2026-04-18 17:56:09.373	12.179	27.713	1.0
2026-04-18 17:56:10.373	12.32	27.733	1.0
2026-04-18 17:56:11.374	12.45	27.714	1.0
2026-04-18 17:56:12.373	12.541	27.716	1.0
2026-04-18 17:56:13.374	12.767	27.739	1.0
2026-04-18 17:56:14.373	12.858	27.749	1.0
2026-04-18 17:56:15.373	13.017	27.729	1.0
2026-04-18 17:56:16.373	13.04	27.738	1.0
2026-04-18 17:56:17.373	13.206	27.739	1.0
2026-04-18 17:56:18.373	13.287	27.752	1.0
2026-04-18 17:56:19.373	13.342	27.742	1.0
2026-04-18 17:56:20.373	13.398	27.767	1.0
2026-04-18 17:56:21.373	13.492	27.779	1.0
2026-04-18 17:56:22.373	13.464	27.758	1.0
2026-04-18 17:56:23.373	13.495	27.8	1.0
2026-04-18 17:56:24.373	13.498	27.788	1.0
2026-04-18 17:56:25.373	13.494	27.809	1.0
2026-04-18 17:56:26.373	13.46	27.814	1.0
2026-04-18 17:56:27.373	13.439	27.809	1.0
2026-04-18 17:56:28.373	13.341	27.8	1.0
2026-04-18 17:56:29.373	13.336	27.827	1.0
2026-04-18 17:56:30.373	13.217	27.833	1.0
2026-04-18 17:56:31.374	13.126	27.847	1.0
2026-04-18 17:56:32.373	12.996	27.827	1.0
2026-04-18 17:56:33.373	12.923	27.837	1.0
2026-04-18 17:56:34.373	12.73	27.875	1.0
2026-04-18 17:56:35.373	12.687	27.89	1.0
2026-04-18 17:56:36.374	12.505	27.889	1.0
2026-04-18 17:56:37.373	12.314	27.873	1.0
2026-04-18 17:56:38.374	12.253	27.878	1.0
2026-04-18 17:56:39.373	12.017	27.909	1.0
2026-04-18 17:56:40.374	11.876	27.917	1.0
2026-04-18 17:56:41.373	11.717	27.935	1.0
2026-04-18 17:56:42.373	11.629	27.92	1.0
2026-04-18 17:56:43.374	11.508	27.923	1.0
2026-04-18 17:56:44.373	11.344	27.934	1.0
2026-04-18 17:56:45.369	11.16	27.953	1.0
2026-04-18 17:56:46.369	11.093	27.956	1.0
2026-04-18 17:56:47.373	10.927	27.96	1.0
2026-04-18 17:56:48.374	10.903	27.998	1.0
2026-04-18 17:56:49.373	10.749	27.975	1.0
2026-04-18 17:56:50.374	10.67	28.014	1.0
2026-04-18 17:56:51.374	10.64	28.014	1.0
2026-04-18 17:56:52.374	10.556	28.006	1.0
2026-04-18 17:56:53.374	10.546	28.044	1.0
2026-04-18 17:56:54.375	10.497	28.033	1.0
2026-04-18 17:56:55.373	10.486	28.027	1.0
2026-04-18 17:56:56.374	10.523	28.068	1.0
2026-04-18 17:56:57.374	10.518	28.048	1.0
2026-04-18 17:56:58.374	10.513	28.065	1.0
2026-04-18 17:56:59.373	10.596	28.079	1.0
2026-04-18 17:57:00.374	10.629	28.09	1.0
2026-04-18 17:57:01.374	10.768	28.079	1.0
2026-04-18 17:57:02.374	10.792	28.104	1.0
2026-04-18 17:57:03.374	10.979	28.132	1.0
2026-04-18 17:57:04.374	11.066	28.127	1.0
2026-04-18 17:57:05.374	11.166	28.134	1.0
2026-04-18 17:57:06.374	11.333	28.141	1.0
2026-04-18 17:57:07.373	11.401	28.137	1.0
2026-04-18 17:57:08.374	11.614	28.153	1.0
2026-04-18 17:57:09.373	11.684	28.173	1.0
2026-04-18 17:57:10.373	11.901	28.161	1.0
2026-04-18 17:57:11.373	11.995	28.189	1.0
2026-04-18 17:57:12.373	12.173	28.175	1.0
2026-04-18 17:57:13.374	12.368	28.208	1.0
2026-04-18 17:57:14.373	12.504	28.21	1.0
2026-04-18 17:57:15.374	12.603	28.219	1.0
2026-04-18 17:57:16.374	12.765	28.212	1.0
2026-04-18 17:57:17.373	12.858	28.208	1.0
2026-04-18 17:57:18.374	12.964	28.209	1.0
2026-04-18 17:57:19.374	13.112	28.245	1.0
2026-04-18 17:57:20.374	13.212	28.229	1.0
2026-04-18 17:57:21.373	13.296	28.249	1.0
2026-04-18 17:57:22.373	13.351	28.237	1.0
2026-04-18 17:57:23.373	13.396	28.237	1.0
2026-04-18 17:57:24.373	13.444	28.276	1.0
2026-04-18 17:57:25.374	13.472	28.257	1.0
2026-04-18 17:57:26.373	13.514	28.28	1.0
2026-04-18 17:57:27.373	13.501	28.256	1.0
2026-04-18 17:57:28.373	13.435	28.283	1.0
2026-04-18 17:57:29.374	13.5	28.27	1.0
2026-04-18 17:57:30.373	13.389	28.269	1.0
2026-04-18 17:57:31.373	13.402	28.279	1.0
2026-04-18 17:57:32.374	13.243	28.293	1.0
2026-04-18 17:57:33.373	13.224	28.288	1.0
2026-04-18 17:57:34.373	13.145	28.3	1.0
2026-04-18 17:57:35.374	12.96	28.307	1.0
2026-04-18 17:57:36.374	12.908	28.296	1.0
2026-04-18 17:57:37.374	12.705	28.284	1.0
2026-04-18 17:57:38.374	12.663	28.297	1.0
2026-04-18 17:57:39.374	12.505	28.282	1.0
2026-04-18 17:57:40.374	12.316	28.313	1.0
2026-04-18 17:57:41.373	12.169	28.295	1.0
2026-04-18 17:57:42.373	12.079	28.281	1.0
2026-04-18 17:57:43.374	11.857	28.284	1.0
2026-04-18 17:57:44.370	11.758	28.285	1.0
2026-04-18 17:57:45.370	11.616	28.298	1.0
2026-04-18 17:57:46.374	11.492	28.303	1.0
2026-04-18 17:57:47.373	11.299	28.296	1.0
2026-04-18 17:57:48.373	11.194	28.305	1.0
2026-04-18 17:57:49.373	11.051	28.285	1.0
2026-04-18 17:57:50.373	10.996	28.275	1.0
2026-04-18 17:57:51.373	10.851	28.299	1.0
2026-04-18 17:57:52.369	10.782	28.276	1.0
2026-04-18 17:57:53.369	10.71	28.272	1.0
2026-04-18 17:57:54.369	10.664	28.283	1.0
2026-04-18 17:57:55.369	10.566	28.275	1.0
2026-04-18 17:57:56.370	10.523	28.293	1.0
2026-04-18 17:57:57.371	10.497	28.267	1.0
2026-04-18 17:57:58.374	10.493	28.247	1.0
2026-04-18 17:57:59.374	10.526	28.264	1.0
2026-04-18 17:58:00.374	10.502	28.241	1.0
2026-04-18 17:58:01.374	10.552	28.244	1.0
2026-04-18 17:58:02.370	10.574	28.255	1.0
2026-04-18 17:58:03.373	10.696	28.245	1.0
2026-04-18 17:58:04.373	10.771	28.242	1.0
2026-04-18 17:58:05.373	10.885	28.223	1.0
2026-04-18 17:58:06.373	10.996	28.223	1.0
2026-04-18 17:58:07.373	11.109	28.23	1.0
2026-04-18 17:58:08.373	11.191	28.197	1.0
2026-04-18 17:58:09.374	11.353	28.227	1.0
2026-04-18 17:58:10.373	11.422	28.205	1.0
2026-04-18 17:58:11.373	11.578	28.211	1.0
2026-04-18 17:58:12.373	11.759	28.196	1.0
2026-04-18 17:58:13.374	11.865	28.165	1.0
2026-04-18 17:58:14.373	12.023	28.159	1.0
2026-04-18 17:58:15.373	12.157	28.149	1.0
2026-04-18 17:58:16.373	12.387	28.151	1.0
2026-04-18 17:58:17.373	12.477	28.164	1.0
2026-04-18 17:58:18.373	12.587	28.127	1.0
2026-04-18 17:58:19.373	12.744	28.152	1.0
2026-04-18 17:58:20.373	12.915	28.116	1.0
2026-04-18 17:58:21.373	13.041	28.124	1.0
2026-04-18 17:58:22.373	13.081	28.119	1.0
2026-04-18 17:58:23.375	13.216	28.092	1.0
2026-04-18 17:58:24.373	13.335	28.085	1.0
2026-04-18 17:58:25.373	13.396	28.093	1.0
2026-04-18 17:58:26.373	13.435	28.066	1.0
2026-04-18 17:58:27.370	13.503	28.054	1.0
2026-04-18 17:58:28.374	13.475	28.06	1.0
2026-04-18 17:58:29.369	13.495	28.041	1.0
2026-04-18 17:58:30.374	13.494	28.046	1.0
2026-04-18 17:58:31.373	13.524	28.018	1.0
2026-04-18 17:58:32.374	13.482	28.004	1.0
2026-04-18 17:58:33.373	13.358	28.009	1.0
2026-04-18 17:58:34.373	13.3	28.024	1.0
2026-04-18 17:58:35.373	13.263	28.005	1.0
2026-04-18 17:58:36.373	13.172	27.985	1.0
2026-04-18 17:58:37.374	13.042	27.993	1.0
2026-04-18 17:58:38.373	12.957	27.951	1.0
2026-04-18 17:58:39.373	12.847	27.971	1.0
2026-04-18 17:58:40.374	12.741	27.942	1.0
2026-04-18 17:58:41.374	12.557	27.949	1.0
2026-04-18 17:58:42.374	12.451	27.932	1.0
2026-04-18 17:58:43.374	12.288	27.924	1.0
2026-04-18 17:58:44.373	12.181	27.898	1.0
2026-04-18 17:58:45.374	12.026	27.903	1.0
2026-04-18 17:58:46.373	11.91	27.916	1.0
2026-04-18 17:58:47.373	11.68	27.911	1.0
2026-04-18 17:58:48.373	11.546	27.899	1.0
2026-04-18 17:58:49.373	11.404	27.889	1.0
2026-04-18 17:58:50.373	11.274	27.867	1.0
2026-04-18 17:58:51.373	11.121	27.871	1.0
2026-04-18 17:58:52.373	11.013	27.865	1.0
2026-04-18 17:58:53.373	10.933	27.841	1.0
2026-04-18 17:58:54.373	10.822	27.843	1.0
2026-04-18 17:58:55.373	10.778	27.842	1.0
2026-04-18 17:58:56.373	10.666	27.83	1.0
2026-04-18 17:58:57.373	10.605	27.829	1.0
2026-04-18 17:58:58.374	10.584	27.823	1.0
2026-04-18 17:58:59.373	10.543	27.807	1.0
2026-04-18 17:59:00.373	10.488	27.78	1.0
2026-04-18 17:59:01.373	10.472	27.802	1.0
2026-04-18 17:59:02.373	10.498	27.781	1.0
2026-04-18 17:59:03.373	10.505	27.767	1.0
2026-04-18 17:59:04.373	10.539	27.788	1.0
2026-04-18 17:59:05.373	10.663	27.753	1.0
2026-04-18 17:59:06.373	10.718	27.768	1.0
2026-04-18 17:59:07.373	10.753	27.748	1.0
2026-04-18 17:59:08.374	10.859	27.757	1.0
2026-04-18 17:59:09.373	11.009	27.761	1.0
2026-04-18 17:59:10.373	11.054	27.746	1.0
2026-04-18 17:59:11.373	11.211	27.748	1.0
2026-04-18 17:59:12.373	11.367	27.747	1.0
2026-04-18 17:59:13.374	11.507	27.743	1.0
2026-04-18 17:59:14.373	11.623	27.713	1.0
2026-04-18 17:59:15.373	11.77	27.717	1.0
2026-04-18 17:59:16.374	11.955	27.697	1.0
2026-04-18 17:59:17.373	12.069	27.7	1.0
2026-04-18 17:59:18.373	12.257	27.72	1.0
2026-04-18 17:59:19.373	12.414	27.693	1.0
2026-04-18 17:59:20.373	12.528	27.699	1.0
2026-04-18 17:59:21.373	12.639	27.711	1.0
2026-04-18 17:59:22.373	12.742	27.694	1.0
2026-04-18 17:59:23.373	12.888	27.684	1.0
2026-04-18 17:59:24.373	12.985	27.704	1.0
2026-04-18 17:59:25.373	13.098	27.681	1.0
2026-04-18 17:59:26.374	13.245	27.7	1.0
2026-04-18 17:59:27.374	13.306	27.694	1.0
2026-04-18 17:59:28.373	13.367	27.71	1.0
2026-04-18 17:59:29.373	13.448	27.686	1.0
2026-04-18 17:59:30.373	13.43	27.721	1.0
2026-04-18 17:59:31.369	13.479	27.717	1.0
2026-04-18 17:59:32.373	13.493	27.701	1.0
2026-04-18 17:59:33.373	13.488	27.711	1.0
2026-04-18 17:59:34.369	13.495	27.697	1.0
2026-04-18 17:59:35.373	13.455	27.729	1.0
2026-04-18 17:59:36.374	13.374	27.728	1.0
2026-04-18 17:59:37.373	13.367	27.7	1.0
2026-04-18 17:59:38.373	13.3	27.714	1.0
2026-04-18 17:59:39.374	13.162	27.704	1.0
2026-04-18 17:59:40.373	13.022	27.74	1.0
2026-04-18 17:59:41.373	12.971	27.708	1.0
2026-04-18 17:59:42.373	12.801	27.736	1.0
2026-04-18 17:59:43.374	12.727	27.72	1.0
2026-04-18 17:59:44.373	12.546	27.736	1.0
2026-04-18 17:59:45.374	12.466	27.73	1.0
2026-04-18 17:59:46.374	12.256	27.742	1.0
2026-04-18 17:59:47.373	12.126	27.734	1.0
2026-04-18 17:59:48.374	12.026	27.751	1.0
2026-04-18 17:59:49.373	11.879	27.764	1.0
2026-04-18 17:59:50.373	11.643	27.773	1.0
2026-04-18 17:59:51.373	11.51	27.791	1.0
2026-04-18 17:59:52.373	11.412	27.775	1.0
2026-04-18 17:59:53.373	11.264	27.779	1.0
2026-04-18 17:59:54.373	11.157	27.782	1.0
2026-04-18 17:59:55.369	11.051	27.803	1.0
2026-04-18 17:59:56.374	10.928	27.804	1.0
2026-04-18 17:59:57.374	10.781	27.803	1.0
2026-04-18 17:59:58.373	10.735	27.814	1.0
2026-04-18 17:59:59.373	10.704	27.819	1.0
2026-04-18 18:00:00.373	10.637	27.855	1.0
2026-04-18 18:00:01.373	10.513	27.856	1.0
2026-04-18 18:00:02.374	10.501	27.837	1.0
2026-04-18 18:00:03.373	10.504	27.853	1.0
2026-04-18 18:00:04.373	10.532	27.867	1.0
2026-04-18 18:00:05.369	10.539	27.862	1.0
2026-04-18 18:00:06.374	10.51	27.874	1.0
2026-04-18 18:00:07.370	10.583	27.898	1.0
2026-04-18 18:00:08.370	10.598	27.886	1.0
2026-04-18 18:00:09.374	10.676	27.907	1.0
2026-04-18 18:00:10.374	10.798	27.907	1.0
2026-04-18 18:00:11.374	10.895	27.921	1.0
2026-04-18 18:00:12.370	11.037	27.919	1.0
2026-04-18 18:00:13.370	11.095	27.944	1.0
2026-04-18 18:00:14.369	11.271	27.936	1.0
2026-04-18 18:00:15.369	11.415	27.954	1.0
2026-04-18 18:00:16.370	11.536	27.984	1.0
2026-04-18 18:00:17.370	11.647	27.984	1.0
2026-04-18 18:00:18.371	11.806	27.981	1.0
2026-04-18 18:00:19.369	11.909	27.997	1.0
2026-04-18 18:00:20.373	12.1	28.013	1.0
2026-04-18 18:00:21.373	12.288	28.012	1.0
2026-04-18 18:00:22.374	12.393	28.039	1.0
2026-04-18 18:00:23.374	12.541	28.02	1.0
2026-04-18 18:00:24.373	12.648	28.03	1.0
2026-04-18 18:00:25.373	12.78	28.054	1.0
2026-04-18 18:00:26.374	12.913	28.044	1.0
2026-04-18 18:00:27.374	13.042	28.078	1.0
2026-04-18 18:00:28.374	13.099	28.074	1.0
2026-04-18 18:00:29.374	13.251	28.081	1.0
2026-04-18 18:00:30.373	13.279	28.1	1.0
2026-04-18 18:00:31.373	13.392	28.115	1.0
2026-04-18 18:00:32.375	13.394	28.115	1.0
2026-04-18 18:00:33.373	13.427	28.113	1.0
2026-04-18 18:00:34.374	13.529	28.134	1.0
2026-04-18 18:00:35.374	13.546	28.144	1.0
2026-04-18 18:00:36.374	13.499	28.145	1.0
2026-04-18 18:00:37.374	13.497	28.149	1.0
2026-04-18 18:00:38.374	13.451	28.152	1.0
2026-04-18 18:00:39.374	13.411	28.186	1.0
2026-04-18 18:00:40.374	13.301	28.172	1.0
2026-04-18 18:00:41.374	13.232	28.198	1.0
2026-04-18 18:00:42.373	13.145	28.203	1.0
2026-04-18 18:00:43.375	13.033	28.193	1.0
2026-04-18 18:00:44.369	12.91	28.2	1.0
2026-04-18 18:00:45.374	12.828	28.207	1.0
2026-04-18 18:00:46.370	12.729	28.213	1.0
2026-04-18 18:00:47.374	12.524	28.209	1.0
2026-04-18 18:00:48.369	12.454	28.24	1.0
2026-04-18 18:00:49.370	12.23	28.223	1.0
2026-04-18 18:00:50.374	12.094	28.22	1.0
2026-04-18 18:00:51.369	11.987	28.247	1.0
2026-04-18 18:00:52.369	11.826	28.262	1.0
2026-04-18 18:00:53.377	11.671	28.255	1.0
2026-04-18 18:00:54.373	11.492	28.244	1.0
2026-04-18 18:00:55.373	11.399	28.246	1.0
2026-04-18 18:00:56.374	11.227	28.273	1.0
2026-04-18 18:00:57.374	11.084	28.266	1.0
2026-04-18 18:00:58.374	11.036	28.275	1.0
2026-04-18 18:00:59.374	10.85	28.289	1.0
2026-04-18 18:01:00.373	10.752	28.299	1.0
2026-04-18 18:01:01.373	10.681	28.287	1.0
2026-04-18 18:01:02.371	10.61	28.281	1.0
2026-04-18 18:01:03.369	10.59	28.298	1.0
2026-04-18 18:01:04.369	10.572	28.276	1.0
2026-04-18 18:01:05.370	10.514	28.283	1.0
2026-04-18 18:01:06.371	10.469	28.308	1.0
2026-04-18 18:01:07.374	10.527	28.314	1.0
2026-04-18 18:01:08.373	10.546	28.314	1.0
2026-04-18 18:01:09.374	10.568	28.282	1.0
2026-04-18 18:01:10.374	10.566	28.282	1.0
2026-04-18 18:01:11.374	10.669	28.303	1.0
2026-04-18 18:01:12.374	10.749	28.286	1.0
2026-04-18 18:01:13.374	10.851	28.297	1.0
2026-04-18 18:01:14.373	10.879	28.298	1.0
2026-04-18 18:01:15.374	11.021	28.283	1.0
2026-04-18 18:01:16.374	11.165	28.281	1.0
2026-04-18 18:01:17.374	11.299	28.291	1.0
2026-04-18 18:01:18.373	11.348	28.281	1.0
2026-04-18 18:01:19.373	11.555	28.274	1.0
2026-04-18 18:01:20.373	11.66	28.284	1.0
2026-04-18 18:01:21.374	11.831	28.285	1.0
2026-04-18 18:01:22.374	11.959	28.282	1.0
2026-04-18 18:01:23.373	12.171	28.28	1.0
2026-04-18 18:01:24.373	12.313	28.273	1.0
2026-04-18 18:01:25.374	12.442	28.273	1.0
2026-04-18 18:01:26.373	12.528	28.292	1.0
2026-04-18 18:01:27.374	12.69	28.266	1.0
2026-04-18 18:01:28.373	12.842	28.262	1.0
2026-04-18 18:01:29.374	12.93	28.258	1.0
2026-04-18 18:01:30.374	13.054	28.262	1.0
2026-04-18 18:01:31.374	13.124	28.26	1.0
2026-04-18 18:01:32.374	13.29	28.246	1.0
2026-04-18 18:01:33.374	13.283	28.235	1.0
2026-04-18 18:01:34.374	13.357	28.247	1.0
2026-04-18 18:01:35.374	13.464	28.217	1.0
2026-04-18 18:01:36.374	13.509	28.208	1.0
2026-04-18 18:01:37.374	13.463	28.231	1.0
2026-04-18 18:01:38.374	13.491	28.201	1.0
2026-04-18 18:01:39.374	13.441	28.208	1.0
2026-04-18 18:01:40.373	13.42	28.182	1.0
2026-04-18 18:01:41.373	13.41	28.207	1.0
2026-04-18 18:01:42.374	13.337	28.168	1.0
2026-04-18 18:01:43.374	13.265	28.164	1.0
2026-04-18 18:01:44.374	13.234	28.151	1.0
2026-04-18 18:01:45.374	13.093	28.146	1.0
2026-04-18 18:01:46.373	13.031	28.161	1.0
2026-04-18 18:01:47.374	12.94	28.139	1.0
2026-04-18 18:01:48.373	12.762	28.156	1.0
2026-04-18 18:01:49.373	12.658	28.126	1.0
2026-04-18 18:01:50.373	12.486	28.138	1.0
2026-04-18 18:01:51.373	12.343	28.123	1.0
2026-04-18 18:01:52.373	12.261	28.092	1.0
2026-04-18 18:01:53.373	12.058	28.09	1.0
2026-04-18 18:01:54.374	11.931	28.097	1.0
2026-04-18 18:01:55.374	11.78	28.087	1.0
2026-04-18 18:01:56.374	11.679	28.074	1.0
2026-04-18 18:01:57.374	11.52	28.059	1.0
2026-04-18 18:01:58.369	11.381	28.054	1.0
2026-04-18 18:01:59.374	11.225	28.039	1.0
2026-04-18 18:02:00.374	11.062	28.049	1.0
2026-04-18 18:02:01.373	10.988	28.035	1.0
2026-04-18 18:02:02.374	10.849	28.03	1.0
2026-04-18 18:02:03.373	10.81	28.011	1.0
2026-04-18 18:02:04.374	10.68	27.998	1.0
2026-04-18 18:02:05.374	10.662	28.003	1.0
2026-04-18 18:02:06.374	10.629	27.963	1.0
2026-04-18 18:02:07.374	10.559	27.978	1.0
2026-04-18 18:02:08.374	10.535	27.962	1.0
2026-04-18 18:02:09.373	10.472	27.955	1.0
2026-04-18 18:02:10.373	10.467	27.947	1.0
2026-04-18 18:02:11.374	10.481	27.937	1.0
2026-04-18 18:02:12.374	10.54	27.949	1.0
2026-04-18 18:02:13.374	10.647	27.916	1.0
2026-04-18 18:02:14.375	10.639	27.914	1.0
2026-04-18 18:02:15.374	10.706	27.914	1.0
2026-04-18 18:02:16.374	10.85	27.904	1.0
2026-04-18 18:02:17.374	10.941	27.899	1.0
2026-04-18 18:02:18.374	10.996	27.868	1.0
2026-04-18 18:02:19.374	11.147	27.889	1.0
2026-04-18 18:02:20.374	11.276	27.873	1.0
2026-04-18 18:02:21.374	11.389	27.851	1.0
2026-04-18 18:02:22.374	11.58	27.837	1.0
2026-04-18 18:02:23.373	11.725	27.847	1.0
2026-04-18 18:02:24.374	11.805	27.828	1.0
2026-04-18 18:02:25.373	11.965	27.808	1.0
2026-04-18 18:02:26.373	12.159	27.809	1.0
2026-04-18 18:02:27.374	12.349	27.822	1.0
2026-04-18 18:02:28.373	12.465	27.795	1.0
2026-04-18 18:02:29.374	12.595	27.802	1.0
2026-04-18 18:02:30.374	12.706	27.783	1.0
2026-04-18 18:02:31.374	12.869	27.771	1.0
2026-04-18 18:02:32.374	12.939	27.788	1.0
2026-04-18 18:02:33.374	13.039	27.752	1.0
2026-04-18 18:02:34.373	13.203	27.748	1.0
2026-04-18 18:02:35.374	13.295	27.756	1.0
2026-04-18 18:02:36.373	13.295	27.756	1.0
2026-04-18 18:02:37.374	13.367	27.732	1.0
2026-04-18 18:02:38.374	13.487	27.757	1.0
2026-04-18 18:02:39.374	13.524	27.729	1.0
2026-04-18 18:02:40.373	13.484	27.726	1.0
2026-04-18 18:02:41.374	13.523	27.716	1.0
2026-04-18 18:02:42.374	13.51	27.733	1.0
2026-04-18 18:02:43.373	13.442	27.71	1.0
2026-04-18 18:02:44.374	13.436	27.722	1.0
2026-04-18 18:02:45.374	13.381	27.724	1.0
2026-04-18 18:02:46.374	13.314	27.727	1.0
2026-04-18 18:02:47.374	13.17	27.696	1.0
2026-04-18 18:02:48.374	13.148	27.717	1.0
2026-04-18 18:02:49.374	13.016	27.689	1.0
2026-04-18 18:02:50.373	12.923	27.722	1.0
2026-04-18 18:02:51.373	12.755	27.696	1.0
2026-04-18 18:02:52.374	12.67	27.711	1.0
2026-04-18 18:02:53.373	12.522	27.686	1.0
2026-04-18 18:02:54.374	12.377	27.7	1.0
2026-04-18 18:02:55.369	12.187	27.708	1.0
2026-04-18 18:02:56.373	12.078	27.705	1.0
2026-04-18 18:02:57.374	11.942	27.712	1.0
2026-04-18 18:02:58.373	11.738	27.682	1.0
2026-04-18 18:02:59.374	11.596	27.687	1.0
2026-04-18 18:03:00.374	11.506	27.71	1.0
2026-04-18 18:03:01.374	11.291	27.717	1.0
2026-04-18 18:03:02.373	11.189	27.702	1.0
2026-04-18 18:03:03.374	11.038	27.698	1.0
2026-04-18 18:03:04.373	10.985	27.722	1.0
2026-04-18 18:03:05.374	10.82	27.728	1.0
2026-04-18 18:03:06.374	10.735	27.697	1.0
2026-04-18 18:03:07.373	10.703	27.713	1.0
2026-04-18 18:03:08.374	10.634	27.729	1.0
2026-04-18 18:03:09.373	10.619	27.726	1.0
2026-04-18 18:03:10.369	10.497	27.713	1.0
2026-04-18 18:03:11.370	10.535	27.737	1.0
2026-04-18 18:03:12.374	10.501	27.738	1.0
2026-04-18 18:03:13.374	10.482	27.722	1.0
2026-04-18 18:03:14.373	10.522	27.749	1.0
2026-04-18 18:03:15.373	10.537	27.732	1.0
2026-04-18 18:03:16.374	10.621	27.753	1.0
2026-04-18 18:03:17.374	10.657	27.758	1.0
2026-04-18 18:03:18.374	10.799	27.748	1.0
2026-04-18 18:03:19.374	10.835	27.783	1.0
2026-04-18 18:03:20.373	10.93	27.757	1.0
2026-04-18 18:03:21.373	11.07	27.796	1.0
2026-04-18 18:03:22.373	11.205	27.766	1.0
2026-04-18 18:03:23.374	11.339	27.787	1.0
2026-04-18 18:03:24.373	11.475	27.815	1.0
2026-04-18 18:03:25.373	11.593	27.792	1.0
2026-04-18 18:03:26.373	11.772	27.794	1.0
2026-04-18 18:03:27.373	11.846	27.802	1.0
2026-04-18 18:03:28.374	12.043	27.812	1.0
2026-04-18 18:03:29.374	12.149	27.834	1.0
2026-04-18 18:03:30.373	12.286	27.827	1.0
2026-04-18 18:03:31.373	12.499	27.853	1.0
2026-04-18 18:03:32.373	12.582	27.863	1.0
2026-04-18 18:03:33.373	12.728	27.873	1.0
2026-04-18 18:03:34.370	12.9	27.867	1.0
2026-04-18 18:03:35.373	13.007	27.883	1.0
2026-04-18 18:03:36.369	13.079	27.895	1.0
2026-04-18 18:03:37.370	13.231	27.904	1.0
2026-04-18 18:03:38.374	13.284	27.917	1.0
2026-04-18 18:03:39.374	13.325	27.927	1.0
2026-04-18 18:03:40.374	13.411	27.906	1.0
2026-04-18 18:03:41.374	13.439	27.939	1.0
2026-04-18 18:03:42.374	13.493	27.94	1.0
2026-04-18 18:03:43.374	13.466	27.957	1.0
2026-04-18 18:03:44.374	13.483	27.943	1.0
2026-04-18 18:03:45.374	13.442	27.951	1.0
2026-04-18 18:03:46.374	13.473	27.983	1.0
2026-04-18 18:03:47.374	13.377	27.972	1.0
2026-04-18 18:03:48.374	13.397	27.995	1.0
2026-04-18 18:03:49.374	13.296	27.986	1.0
2026-04-18 18:03:50.373	13.196	28.024	1.0
2026-04-18 18:03:51.374	13.123	28.033	1.0
2026-04-18 18:03:52.374	13.003	28.025	1.0
2026-04-18 18:03:53.373	12.827	28.055	1.0
2026-04-18 18:03:54.374	12.702	28.028	1.0
2026-04-18 18:03:55.373	12.643	28.072	1.0
2026-04-18 18:03:56.374	12.506	28.055	1.0
2026-04-18 18:03:57.374	12.32	28.057	1.0
2026-04-18 18:03:58.373	12.205	28.086	1.0
2026-04-18 18:03:59.373	12.056	28.103	1.0
2026-04-18 18:04:00.373	11.924	28.117	1.0
2026-04-18 18:04:01.369	11.777	28.105	1.0
2026-04-18 18:04:02.369	11.573	28.114	1.0
2026-04-18 18:04:03.374	11.451	28.109	1.0
2026-04-18 18:04:04.373	11.302	28.137	1.0
2026-04-18 18:04:05.374	11.19	28.122	1.0
2026-04-18 18:04:06.374	11.026	28.167	1.0
2026-04-18 18:04:07.373	10.927	28.171	1.0
2026-04-18 18:04:08.374	10.862	28.145	1.0
2026-04-18 18:04:09.373	10.746	28.19	1.0
2026-04-18 18:04:10.374	10.655	28.159	1.0
2026-04-18 18:04:11.374	10.572	28.169	1.0
2026-04-18 18:04:12.374	10.553	28.178	1.0
2026-04-18 18:04:13.373	10.524	28.193	1.0
2026-04-18 18:04:14.373	10.521	28.208	1.0
2026-04-18 18:04:15.374	10.524	28.228	1.0
2026-04-18 18:04:16.374	10.533	28.228	1.0
2026-04-18 18:04:17.373	10.5	28.207	1.0
2026-04-18 18:04:18.373	10.522	28.247	1.0
2026-04-18 18:04:19.373	10.631	28.227	1.0
2026-04-18 18:04:20.373	10.679	28.257	1.0
2026-04-18 18:04:21.374	10.727	28.229	1.0
2026-04-18 18:04:22.373	10.904	28.27	1.0
2026-04-18 18:04:23.374	10.915	28.254	1.0
2026-04-18 18:04:24.373	11.034	28.28	1.0
2026-04-18 18:04:25.374	11.243	28.265	1.0
2026-04-18 18:04:26.374	11.297	28.283	1.0
2026-04-18 18:04:27.373	11.459	28.263	1.0
2026-04-18 18:04:28.373	11.559	28.27	1.0
2026-04-18 18:04:29.373	11.713	28.281	1.0
2026-04-18 18:04:30.373	11.873	28.273	1.0
2026-04-18 18:04:31.374	12.006	28.274	1.0
2026-04-18 18:04:32.374	12.187	28.292	1.0
2026-04-18 18:04:33.373	12.393	28.277	1.0
2026-04-18 18:04:34.373	12.469	28.278	1.0
2026-04-18 18:04:35.373	12.658	28.284	1.0
2026-04-18 18:04:36.374	12.802	28.284	1.0
2026-04-18 18:04:37.374	12.847	28.314	1.0
2026-04-18 18:04:38.373	13.009	28.305	1.0
2026-04-18 18:04:39.371	13.081	28.318	1.0
2026-04-18 18:04:40.374	13.178	28.287	1.0
2026-04-18 18:04:41.374	13.248	28.314	1.0
2026-04-18 18:04:42.374	13.403	28.283	1.0
2026-04-18 18:04:43.373	13.427	28.281	1.0
2026-04-18 18:04:44.373	13.453	28.287	1.0
2026-04-18 18:04:45.374	13.533	28.317	1.0
2026-04-18 18:04:46.373	13.542	28.277	1.0
2026-04-18 18:04:47.373	13.482	28.294	1.0
2026-04-18 18:04:48.374	13.482	28.291	1.0
2026-04-18 18:04:49.374	13.417	28.296	1.0
2026-04-18 18:04:50.373	13.431	28.285	1.0
2026-04-18 18:04:51.374	13.323	28.3	1.0
2026-04-18 18:04:52.374	13.218	28.304	1.0
2026-04-18 18:04:53.373	13.205	28.288	1.0
2026-04-18 18:04:54.374	13.07	28.274	1.0
2026-04-18 18:04:55.374	13.006	28.281	1.0
2026-04-18 18:04:56.374	12.873	28.261	1.0
2026-04-18 18:04:57.374	12.692	28.281	1.0
2026-04-18 18:04:58.373	12.561	28.279	1.0
2026-04-18 18:04:59.374	12.477	28.256	1.0
2026-04-18 18:05:00.373	12.271	28.267	1.0
2026-04-18 18:05:01.374	12.126	28.264	1.0
2026-04-18 18:05:02.374	12.033	28.226	1.0
2026-04-18 18:05:03.374	11.886	28.233	1.0
2026-04-18 18:05:04.374	11.705	28.237	1.0
2026-04-18 18:05:05.374	11.561	28.229	1.0
2026-04-18 18:05:06.374	11.411	28.202	1.0
2026-04-18 18:05:07.374	11.299	28.219	1.0
2026-04-18 18:05:08.374	11.152	28.212	1.0
2026-04-18 18:05:09.374	11.083	28.219	1.0
2026-04-18 18:05:10.374	10.968	28.184	1.0
2026-04-18 18:05:11.374	10.849	28.194	1.0
2026-04-18 18:05:12.374	10.776	28.187	1.0
2026-04-18 18:05:13.373	10.678	28.171	1.0
2026-04-18 18:05:14.373	10.594	28.159	1.0
2026-04-18 18:05:15.374	10.516	28.153	1.0
2026-04-18 18:05:16.375	10.54	28.161	1.0
2026-04-18 18:05:17.373	10.52	28.146	1.0
2026-04-18 18:05:18.370	10.528	28.154	1.0
2026-04-18 18:05:19.369	10.554	28.128	1.0
2026-04-18 18:05:20.371	10.515	28.133	1.0
2026-04-18 18:05:21.374	10.55	28.106	1.0
2026-04-18 18:05:22.374	10.66	28.108	1.0
2026-04-18 18:05:23.374	10.707	28.08	1.0
2026-04-18 18:05:24.374	10.752	28.08	1.0
2026-04-18 18:05:25.373	10.922	28.076	1.0
2026-04-18 18:05:26.369	10.979	28.065	1.0
2026-04-18 18:05:27.369	11.075	28.056	1.0
2026-04-18 18:05:28.369	11.208	28.055	1.0
2026-04-18 18:05:29.369	11.365	28.031	1.0
2026-04-18 18:05:30.371	11.447	28.023	1.0
2026-04-18 18:05:31.378	11.659	28.011	1.0
2026-04-18 18:05:32.373	11.772	28.016	1.0
2026-04-18 18:05:33.371	11.962	28.006	1.0
2026-04-18 18:05:34.374	12.067	27.998	1.0
2026-04-18 18:05:35.369	12.18	28.004	1.0
2026-04-18 18:05:36.374	12.417	27.972	1.0
2026-04-18 18:05:37.374	12.482	27.962	1.0
2026-04-18 18:05:38.369	12.611	27.946	1.0
2026-04-18 18:05:39.370	12.773	27.945	1.0
2026-04-18 18:05:40.375	12.896	27.939	1.0
2026-04-18 18:05:41.374	13.068	27.94	1.0
2026-04-18 18:05:42.374	13.157	27.931	1.0
2026-04-18 18:05:43.374	13.18	27.917	1.0
2026-04-18 18:05:44.369	13.254	27.897	1.0
2026-04-18 18:05:45.374	13.351	27.908	1.0
2026-04-18 18:05:46.374	13.42	27.903	1.0
2026-04-18 18:05:47.373	13.482	27.865	1.0
2026-04-18 18:05:48.374	13.509	27.879	1.0
2026-04-18 18:05:49.370	13.465	27.864	1.0
2026-04-18 18:05:50.374	13.497	27.85	1.0
2026-04-18 18:05:51.374	13.466	27.839	1.0
2026-04-18 18:05:52.375	13.45	27.857	1.0
2026-04-18 18:05:53.374	13.354	27.837	1.0
2026-04-18 18:05:54.369	13.33	27.822	1.0
2026-04-18 18:05:55.374	13.282	27.8	1.0
2026-04-18 18:05:56.374	13.197	27.814	1.0
2026-04-18 18:05:57.374	13.028	27.791	1.0
2026-04-18 18:05:58.374	12.974	27.786	1.0
2026-04-18 18:05:59.369	12.786	27.774	1.0
2026-04-18 18:06:00.373	12.658	27.78	1.0
2026-04-18 18:06:01.375	12.578	27.772	1.0
2026-04-18 18:06:02.373	12.464	27.771	1.0
2026-04-18 18:06:03.374	12.298	27.752	1.0
2026-04-18 18:06:04.370	12.162	27.771	1.0
2026-04-18 18:06:05.373	11.987	27.767	1.0
2026-04-18 18:06:06.374	11.822	27.759	1.0
2026-04-18 18:06:07.374	11.638	27.732	1.0
2026-04-18 18:06:08.374	11.578	27.736	1.0
2026-04-18 18:06:09.369	11.356	27.728	1.0
2026-04-18 18:06:10.375	11.3	27.737	1.0
2026-04-18 18:06:11.374	11.181	27.728	1.0
2026-04-18 18:06:12.373	11.051	27.705	1.0
2026-04-18 18:06:13.374	10.899	27.716	1.0
2026-04-18 18:06:14.369	10.766	27.729	1.0
2026-04-18 18:06:15.374	10.763	27.71	1.0
2026-04-18 18:06:16.374	10.616	27.7	1.0
2026-04-18 18:06:17.373	10.597	27.707	1.0
2026-04-18 18:06:18.373	10.582	27.692	1.0
2026-04-18 18:06:19.369	10.562	27.688	1.0
2026-04-18 18:06:20.374	10.507	27.691	1.0
2026-04-18 18:06:21.373	10.501	27.689	1.0
2026-04-18 18:06:22.374	10.561	27.717	1.0
2026-04-18 18:06:23.374	10.523	27.704	1.0
2026-04-18 18:06:24.369	10.56	27.688	1.0
2026-04-18 18:06:25.374	10.645	27.709	1.0
2026-04-18 18:06:26.373	10.675	27.693	1.0
2026-04-18 18:06:27.373	10.787	27.708	1.0
2026-04-18 18:06:28.374	10.852	27.702	1.0
2026-04-18 18:06:29.369	11.03	27.696	1.0
2026-04-18 18:06:30.373	11.112	27.691	1.0
2026-04-18 18:06:31.374	11.285	27.713	1.0
2026-04-18 18:06:32.374	11.419	27.706	1.0
2026-04-18 18:06:33.374	11.472	27.713	1.0
2026-04-18 18:06:34.371	11.631	27.694	1.0
2026-04-18 18:06:35.373	11.812	27.727	1.0
2026-04-18 18:06:36.373	11.978	27.697	1.0
2026-04-18 18:06:37.375	12.062	27.724	1.0
2026-04-18 18:06:38.373	12.257	27.712	1.0
2026-04-18 18:06:39.370	12.365	27.73	1.0
2026-04-18 18:06:40.374	12.516	27.74	1.0
2026-04-18 18:06:41.373	12.717	27.74	1.0
2026-04-18 18:06:42.373	12.838	27.731	1.0
2026-04-18 18:06:43.374	12.945	27.724	1.0
2026-04-18 18:06:44.370	13.012	27.763	1.0
2026-04-18 18:06:45.373	13.117	27.736	1.0
2026-04-18 18:06:46.374	13.287	27.745	1.0
2026-04-18 18:06:47.373	13.329	27.742	1.0
2026-04-18 18:06:48.374	13.429	27.762	1.0
2026-04-18 18:06:49.375	13.436	27.78	1.0
2026-04-18 18:06:50.373	13.427	27.783	1.0
2026-04-18 18:06:51.374	13.479	27.786	1.0
2026-04-18 18:06:52.374	13.497	27.783	1.0
2026-04-18 18:06:53.373	13.447	27.801	1.0
2026-04-18 18:06:54.369	13.44	27.813	1.0
2026-04-18 18:06:55.374	13.413	27.81	1.0
2026-04-18 18:06:56.373	13.365	27.797	1.0
2026-04-18 18:06:57.373	13.366	27.813	1.0
2026-04-18 18:06:58.374	13.234	27.844	1.0
2026-04-18 18:06:59.370	13.18	27.822	1.0
2026-04-18 18:07:00.373	13.026	27.854	1.0
2026-04-18 18:07:01.374	12.901	27.867	1.0
2026-04-18 18:07:02.373	12.77	27.842	1.0
2026-04-18 18:07:03.373	12.729	27.884	1.0
2026-04-18 18:07:04.371	12.547	27.887	1.0
2026-04-18 18:07:05.373	12.447	27.879	1.0
2026-04-18 18:07:06.374	12.258	27.879	1.0
2026-04-18 18:07:07.375	12.09	27.914	1.0
2026-04-18 18:07:08.373	11.989	27.925	1.0
2026-04-18 18:07:09.370	11.819	27.918	1.0
2026-04-18 18:07:10.374	11.701	27.941	1.0
2026-04-18 18:07:11.373	11.539	27.93	1.0
2026-04-18 18:07:12.371	11.37	27.963	1.0
2026-04-18 18:07:13.374	11.283	27.946	1.0
2026-04-18 18:07:14.370	11.115	27.967	1.0
2026-04-18 18:07:15.374	11.044	27.966	1.0
2026-04-18 18:07:16.375	10.944	27.974	1.0
2026-04-18 18:07:17.371	10.795	27.987	1.0
2026-04-18 18:07:18.373	10.711	27.989	1.0
2026-04-18 18:07:19.370	10.604	28.001	1.0
2026-04-18 18:07:20.374	10.636	28.03	1.0
2026-04-18 18:07:21.373	10.529	28.023	1.0
2026-04-18 18:07:22.374	10.539	28.044	1.0
2026-04-18 18:07:23.374	10.483	28.048	1.0
2026-04-18 18:07:24.374	10.463	28.052	1.0
2026-04-18 18:07:25.374	10.515	28.043	1.0
2026-04-18 18:07:26.373	10.582	28.083	1.0
2026-04-18 18:07:27.373	10.596	28.087	1.0
2026-04-18 18:07:28.374	10.683	28.077	1.0
2026-04-18 18:07:29.370	10.773	28.082	1.0
2026-04-18 18:07:30.373	10.847	28.099	1.0
2026-04-18 18:07:31.374	10.954	28.115	1.0
2026-04-18 18:07:32.373	11.015	28.122	1.0
2026-04-18 18:07:33.374	11.177	28.116	1.0
2026-04-18 18:07:34.370	11.288	28.155	1.0
2026-04-18 18:07:35.373	11.348	28.138	1.0
2026-04-18 18:07:36.374	11.493	28.152	1.0
2026-04-18 18:07:37.374	11.724	28.16	1.0
2026-04-18 18:07:38.373	11.805	28.175	1.0
2026-04-18 18:07:39.370	11.947	28.191	1.0
2026-04-18 18:07:40.375	12.132	28.175	1.0
2026-04-18 18:07:41.374	12.23	28.2	1.0
2026-04-18 18:07:42.373	12.434	28.206	1.0
2026-04-18 18:07:43.374	12.533	28.191	1.0
2026-04-18 18:07:44.370	12.679	28.199	1.0
2026-04-18 18:07:45.374	12.875	28.219	1.0
2026-04-18 18:07:46.374	12.914	28.237	1.0
2026-04-18 18:07:47.373	13.089	28.217	1.0
2026-04-18 18:07:48.374	13.132	28.215	1.0
2026-04-18 18:07:49.370	13.236	28.252	1.0
2026-04-18 18:07:50.373	13.357	28.25	1.0
2026-04-18 18:07:51.373	13.341	28.25	1.0
2026-04-18 18:07:52.374	13.466	28.261	1.0
2026-04-18 18:07:53.373	13.437	28.245	1.0
2026-04-18 18:07:54.373	13.455	28.253	1.0
2026-04-18 18:07:55.374	13.496	28.286	1.0
2026-04-18 18:07:56.373	13.486	28.283	1.0
2026-04-18 18:07:57.373	13.465	28.284	1.0
2026-04-18 18:07:58.376	13.396	28.293	1.0
2026-04-18 18:07:59.374	13.329	28.302	1.0
2026-04-18 18:08:00.373	13.264	28.297	1.0
2026-04-18 18:08:01.373	13.201	28.299	1.0
2026-04-18 18:08:02.373	13.128	28.29	1.0
2026-04-18 18:08:03.373	12.991	28.28	1.0
2026-04-18 18:08:04.373	12.925	28.29	1.0
2026-04-18 18:08:05.373	12.75	28.278	1.0
2026-04-18 18:08:06.374	12.638	28.31	1.0
2026-04-18 18:08:07.373	12.543	28.284	1.0
2026-04-18 18:08:08.373	12.371	28.297	1.0
2026-04-18 18:08:09.373	12.194	28.319	1.0
2026-04-18 18:08:10.374	12.085	28.285	1.0
2026-04-18 18:08:11.373	11.964	28.31	1.0
2026-04-18 18:08:12.373	11.824	28.293	1.0
2026-04-18 18:08:13.374	11.676	28.29	1.0
2026-04-18 18:08:14.373	11.488	28.296	1.0
2026-04-18 18:08:15.374	11.327	28.295	1.0
2026-04-18 18:08:16.374	11.185	28.302	1.0
2026-04-18 18:08:17.373	11.116	28.283	1.0
2026-04-18 18:08:18.373	10.956	28.29	1.0
2026-04-18 18:08:19.374	10.887	28.31	1.0
2026-04-18 18:08:20.373	10.822	28.283	1.0
2026-04-18 18:08:21.373	10.701	28.287	1.0
2026-04-18 18:08:22.373	10.632	28.274	1.0
2026-04-18 18:08:23.373	10.57	28.277	1.0
2026-04-18 18:08:24.373	10.504	28.29	1.0
2026-04-18 18:08:25.373	10.471	28.263	1.0
2026-04-18 18:08:26.373	10.453	28.258	1.0
2026-04-18 18:08:27.373	10.526	28.271	1.0
2026-04-18 18:08:28.373	10.516	28.247	1.0
2026-04-18 18:08:29.373	10.551	28.246	1.0
2026-04-18 18:08:30.373	10.596	28.241	1.0
