[System]
Platform=SEANO USV
Start_Time=2026-04-18 17:49:52
Timezone=WIB

[Sensor]
Name=System Metrics

[Columns]
Timestamp(WIB)	WriteSpeed(Bps)	CPU(%)	RAM(%)	JetsonTemp(C)	GPS_Hz	IMU_Hz	CTD_Hz	ADCP_Hz	BATTERY_Hz	SBES_Hz

[Data]
2026-04-18 17:49:53.512	0.00	86.60	71.00	54.03	0.00	0.00	0.00	0.00	0.00	0.00
2026-04-18 17:49:54.661	0.00	51.40	70.80	53.66	0.00	0.00	0.00	0.00	0.00	0.00
2026-04-18 17:49:55.512	1661.28	43.30	70.90	53.09	1.17	3.52	1.17	1.17	1.17	1.17
2026-04-18 17:49:56.519	1796.54	24.70	70.90	53.09	1.99	3.97	0.99	0.99	1.99	0.99
2026-04-18 17:49:57.513	1822.21	23.10	70.90	52.72	2.01	4.02	1.01	1.01	2.01	1.01
2026-04-18 17:49:58.519	1802.07	25.20	70.90	52.72	1.99	3.98	0.99	0.99	1.99	0.99
2026-04-18 17:49:59.514	1813.31	24.20	70.90	52.91	2.01	4.02	1.01	1.01	2.01	1.01
2026-04-18 17:50:00.518	1801.64	25.80	70.90	52.53	1.99	3.98	1.00	1.00	1.99	1.00
2026-04-18 17:50:01.512	1809.01	38.30	70.30	53.44	2.01	4.02	1.01	1.01	2.01	1.01
2026-04-18 17:50:02.514	1801.36	60.70	70.40	53.72	2.00	3.99	1.00	1.00	2.00	1.00
2026-04-18 17:50:03.514	1808.07	23.70	70.50	52.75	2.00	4.00	1.00	1.00	2.00	1.00
2026-04-18 17:50:04.519	1798.88	21.50	70.40	52.69	1.99	3.98	0.99	0.99	1.99	0.99
2026-04-18 17:50:05.513	1819.62	21.70	70.40	52.81	2.01	4.02	1.01	1.01	2.01	1.01
2026-04-18 17:50:06.519	1796.30	23.90	70.50	52.62	1.99	3.98	0.99	0.99	1.99	0.99
2026-04-18 17:50:07.513	1826.55	24.50	70.50	52.59	2.01	4.02	1.01	1.01	2.01	1.01
2026-04-18 17:50:08.519	1801.92	21.60	70.50	52.81	1.99	3.98	0.99	0.99	1.99	0.99
2026-04-18 17:50:09.512	1829.83	42.80	70.70	53.62	2.01	4.03	1.01	1.01	2.01	1.01
2026-04-18 17:50:10.518	1807.03	35.10	70.80	52.81	1.99	3.98	0.99	0.99	1.99	0.99
2026-04-18 17:50:11.513	1826.81	21.20	70.80	52.72	2.01	4.02	1.00	1.00	2.01	1.00
2026-04-18 17:50:12.518	1801.09	21.20	70.80	52.84	1.99	3.98	1.00	1.00	1.99	1.00
2026-04-18 17:50:13.514	1812.70	23.40	70.80	52.59	2.01	4.02	1.00	1.00	2.01	1.00
2026-04-18 17:50:14.518	1809.19	20.10	70.80	52.44	1.99	3.98	1.00	1.00	1.99	1.00
2026-04-18 17:50:15.513	1831.14	21.50	70.80	52.62	2.01	4.02	1.01	1.01	2.01	1.01
2026-04-18 17:50:16.519	1813.95	22.30	70.80	52.53	1.99	3.98	0.99	0.99	1.99	0.99
2026-04-18 17:50:17.513	1834.03	21.30	70.80	52.44	2.01	4.02	1.01	1.01	2.01	1.01
2026-04-18 17:50:18.519	1814.50	23.70	70.80	52.59	1.99	3.98	0.99	0.99	1.99	0.99
2026-04-18 17:50:19.513	1837.64	20.10	70.80	52.47	2.01	4.02	1.01	1.01	2.01	1.01
2026-04-18 17:50:20.518	1824.31	20.20	70.80	52.69	1.99	3.98	1.00	1.00	1.99	1.00
2026-04-18 17:50:21.514	1843.40	22.90	70.80	52.59	2.01	4.02	1.00	1.00	2.01	1.00
2026-04-18 17:50:22.519	1822.06	22.70	70.80	52.31	1.99	3.98	0.99	0.99	1.99	0.99
2026-04-18 17:50:23.514	1854.17	23.90	70.90	52.53	2.01	4.02	1.01	1.01	2.01	1.01
2026-04-18 17:50:24.518	1821.37	21.40	70.90	52.31	1.99	3.98	1.00	1.00	1.99	1.00
2026-04-18 17:50:25.513	1843.90	21.70	70.90	52.31	2.01	4.02	1.01	1.01	2.01	1.01
2026-04-18 17:50:26.518	1812.49	25.80	70.90	52.41	1.99	3.98	0.99	0.99	1.99	0.99
2026-04-18 17:50:27.513	1847.50	23.40	70.90	52.34	2.01	4.02	1.01	1.01	2.01	1.01
2026-04-18 17:50:28.519	1843.37	23.50	70.90	52.31	1.99	3.98	0.99	0.99	1.99	0.99
2026-04-18 17:50:29.513	1850.33	23.20	71.00	52.59	2.01	4.02	1.01	1.01	2.01	1.01
2026-04-18 17:50:30.518	1833.08	22.40	71.00	52.22	1.99	3.98	1.00	1.00	1.99	1.00
2026-04-18 17:50:31.514	1849.85	24.30	70.90	52.16	2.01	4.02	1.00	1.00	2.01	1.00
2026-04-18 17:50:32.518	1843.60	24.80	70.90	52.53	1.99	3.98	1.00	1.00	1.99	1.00
2026-04-18 17:50:33.513	1859.35	23.40	70.90	52.22	2.01	4.02	1.01	1.01	2.01	1.01
2026-04-18 17:50:34.518	1836.77	21.30	70.90	52.25	1.99	3.98	0.99	0.99	1.99	0.99
2026-04-18 17:50:35.513	1850.50	20.70	70.90	52.41	2.01	4.02	1.01	1.01	2.01	1.01
2026-04-18 17:50:36.521	1817.36	22.40	70.90	52.34	1.98	3.97	0.99	0.99	1.98	0.99
2026-04-18 17:50:37.513	1838.35	25.80	70.90	52.09	2.02	4.03	1.01	1.01	2.02	1.01
2026-04-18 17:50:38.518	1823.14	21.40	70.90	52.34	1.99	3.98	1.00	1.00	1.99	1.00
2026-04-18 17:50:39.513	1844.88	22.30	70.90	52.00	2.01	4.02	1.00	1.00	2.01	1.00
2026-04-18 17:50:40.518	1848.91	21.50	71.00	52.00	1.99	3.98	1.00	1.00	1.99	1.00
2026-04-18 17:50:41.513	1861.25	24.00	71.00	52.16	2.01	4.02	1.00	1.00	2.01	1.00
2026-04-18 17:50:42.518	1834.98	20.10	71.00	51.94	1.99	3.98	1.00	1.00	1.99	1.00
2026-04-18 17:50:43.513	1830.41	36.10	70.60	52.22	2.01	4.02	1.00	1.00	2.01	1.00
2026-04-18 17:50:44.519	1824.09	33.10	70.50	52.31	1.99	3.98	0.99	0.99	1.99	0.99
2026-04-18 17:50:45.513	1848.87	21.40	70.50	52.41	2.01	4.02	1.01	1.01	2.01	1.01
2026-04-18 17:50:46.518	1800.12	21.20	70.50	52.09	1.99	3.98	0.99	0.99	1.99	0.99
2026-04-18 17:50:47.513	1858.22	19.20	70.50	52.22	2.01	4.02	1.01	1.01	2.01	1.01
2026-04-18 17:50:48.519	1827.31	21.60	70.50	52.22	1.99	3.98	0.99	0.99	1.99	0.99
2026-04-18 17:50:49.513	1842.12	20.30	70.50	51.94	2.01	4.02	1.01	1.01	2.01	1.01
2026-04-18 17:50:50.518	1825.18	20.20	70.60	52.06	1.99	3.98	1.00	1.00	1.99	1.00
2026-04-18 17:50:51.513	1843.19	20.20	70.60	52.28	2.01	4.02	1.01	1.01	2.01	1.01
2026-04-18 17:50:52.518	1820.47	22.40	70.60	52.06	1.99	3.98	0.99	0.99	1.99	0.99
2026-04-18 17:50:53.513	1841.31	19.30	70.60	52.06	2.01	4.02	1.01	1.01	2.01	1.01
2026-04-18 17:50:54.518	1817.23	20.40	70.60	52.25	1.99	3.98	1.00	1.00	1.99	1.00
2026-04-18 17:50:55.513	1844.85	21.50	70.60	51.94	2.01	4.02	1.00	1.00	2.01	1.00
2026-04-18 17:50:56.520	1810.09	23.60	70.50	52.03	1.99	3.97	0.99	0.99	1.99	0.99
2026-04-18 17:50:57.513	1841.82	23.90	70.50	52.19	2.01	4.03	1.01	1.01	2.01	1.01
2026-04-18 17:50:58.519	1812.49	22.30	70.50	51.94	1.99	3.98	0.99	0.99	1.99	0.99
2026-04-18 17:50:59.513	1835.94	20.40	70.50	51.97	2.01	4.02	1.01	1.01	2.01	1.01
2026-04-18 17:51:00.519	1817.16	26.70	70.60	52.16	1.99	3.98	0.99	0.99	1.99	0.99
2026-04-18 17:51:01.513	1836.81	26.40	70.60	51.94	2.01	4.02	1.01	1.01	2.01	1.01
2026-04-18 17:51:02.519	1823.97	22.00	70.60	51.97	1.99	3.98	0.99	0.99	1.99	0.99
2026-04-18 17:51:03.513	1826.08	23.40	70.60	52.03	2.01	4.02	1.01	1.01	2.01	1.01
2026-04-18 17:51:04.518	1809.05	22.60	70.60	51.97	1.99	3.98	1.00	1.00	1.99	1.00
2026-04-18 17:51:05.513	1827.84	21.50	70.60	51.88	2.01	4.02	1.01	1.01	2.01	1.01
2026-04-18 17:51:06.518	1814.02	21.60	70.60	51.88	1.99	3.98	0.99	0.99	1.99	0.99
2026-04-18 17:51:07.514	1824.59	24.70	70.60	52.22	2.01	4.02	1.00	1.00	2.01	1.00
2026-04-18 17:51:08.519	1809.11	21.70	70.60	52.06	1.99	3.98	1.00	1.00	1.99	1.00
2026-04-18 17:51:09.513	1840.55	21.10	70.60	51.84	2.01	4.02	1.01	1.01	2.01	1.01
2026-04-18 17:51:10.518	1806.75	24.70	70.60	51.94	1.99	3.98	0.99	0.99	1.99	0.99
2026-04-18 17:51:11.513	1818.56	21.80	70.60	51.94	2.01	4.02	1.00	1.00	2.01	1.00
2026-04-18 17:51:12.518	1806.64	21.60	70.60	51.81	1.99	3.98	0.99	0.99	1.99	0.99
2026-04-18 17:51:13.513	1827.94	21.20	70.60	51.94	2.01	4.02	1.01	1.01	2.01	1.01
2026-04-18 17:51:14.518	1805.07	21.30	70.60	51.94	1.99	3.98	1.00	1.00	1.99	1.00
2026-04-18 17:51:15.513	1831.55	20.00	70.60	51.78	2.01	4.02	1.01	1.01	2.01	1.01
2026-04-18 17:51:16.518	1801.99	21.00	70.60	51.94	1.99	3.98	0.99	0.99	1.99	0.99
2026-04-18 17:51:17.513	1839.86	20.50	70.60	51.88	2.01	4.02	1.01	1.01	2.01	1.01
2026-04-18 17:51:18.518	1818.40	20.70	70.60	52.00	1.99	3.98	0.99	0.99	1.99	0.99
2026-04-18 17:51:19.513	1835.63	21.40	70.60	51.78	2.01	4.02	1.01	1.01	2.01	1.01
2026-04-18 17:51:20.519	1815.76	20.60	70.60	51.91	1.99	3.98	0.99	0.99	1.99	0.99
2026-04-18 17:51:21.513	1842.53	20.70	70.60	51.97	2.01	4.02	1.01	1.01	2.01	1.01
2026-04-18 17:51:22.518	1786.70	21.30	70.60	51.81	1.99	3.98	0.99	0.99	1.99	0.99
2026-04-18 17:51:23.513	1827.32	20.30	70.60	51.81	2.01	4.02	1.01	1.01	2.01	1.01
2026-04-18 17:51:24.518	1808.99	18.80	70.60	51.88	1.99	3.98	1.00	1.00	1.99	1.00
2026-04-18 17:51:25.513	1825.18	20.40	70.60	51.66	2.01	4.02	1.01	1.01	2.01	1.01
2026-04-18 17:51:26.518	1824.36	20.50	70.60	51.78	1.99	3.98	0.99	0.99	1.99	0.99
2026-04-18 17:51:27.513	1831.78	18.60	70.60	52.09	2.01	4.02	1.01	1.01	2.01	1.01
2026-04-18 17:51:28.518	1814.07	21.10	70.60	51.59	1.99	3.98	0.99	0.99	1.99	0.99
2026-04-18 17:51:29.513	1846.13	20.10	70.60	51.78	2.01	4.02	1.01	1.01	2.01	1.01
2026-04-18 17:51:30.518	1816.29	20.60	70.60	51.88	1.99	3.98	0.99	0.99	1.99	0.99
2026-04-18 17:51:31.513	1845.90	20.30	70.60	51.59	2.01	4.02	1.01	1.01	2.01	1.01
2026-04-18 17:51:32.518	1826.73	18.90	70.60	51.81	1.99	3.98	0.99	0.99	1.99	0.99
2026-04-18 17:51:33.513	1835.13	19.90	70.60	51.88	2.01	4.02	1.00	1.00	2.01	1.00
2026-04-18 17:51:34.518	1803.45	21.00	70.60	51.66	1.99	3.98	1.00	1.00	1.99	1.00
2026-04-18 17:51:35.513	1818.85	19.30	70.60	51.62	2.01	4.02	1.00	1.00	2.01	1.00
2026-04-18 17:51:36.519	1813.57	19.60	70.60	51.75	1.99	3.98	0.99	0.99	1.99	0.99
2026-04-18 17:51:37.513	1804.08	20.90	70.60	51.62	2.01	4.02	1.01	1.01	2.01	1.01
2026-04-18 17:51:38.518	1818.66	21.10	70.60	51.81	1.99	3.98	0.99	0.99	1.99	0.99
2026-04-18 17:51:39.513	1837.84	19.70	70.60	51.81	2.01	4.02	1.01	1.01	2.01	1.01
2026-04-18 17:51:40.518	1814.05	20.90	70.60	51.91	1.99	3.98	0.99	0.99	1.99	0.99
2026-04-18 17:51:41.513	1833.92	20.40	70.60	51.50	2.01	4.02	1.01	1.01	2.01	1.01
2026-04-18 17:51:42.519	1819.50	21.10	70.60	51.72	1.99	3.98	0.99	0.99	1.99	0.99
2026-04-18 17:51:43.513	1821.90	22.60	70.60	51.78	2.01	4.02	1.01	1.01	2.01	1.01
2026-04-18 17:51:44.518	1817.21	21.30	70.60	51.72	1.99	3.98	1.00	1.00	1.99	1.00
2026-04-18 17:51:45.513	1839.78	20.80	70.60	51.56	2.01	4.02	1.01	1.01	2.01	1.01
2026-04-18 17:51:46.518	1827.60	22.60	70.60	51.75	1.99	3.98	0.99	0.99	1.99	0.99
2026-04-18 17:51:47.513	1838.49	20.40	70.60	51.78	2.01	4.02	1.01	1.01	2.01	1.01
2026-04-18 17:51:48.518	1782.38	22.40	70.60	51.56	1.99	3.98	0.99	0.99	1.99	0.99
2026-04-18 17:51:49.513	1843.67	21.80	70.60	51.88	2.01	4.02	1.01	1.01	2.01	1.01
2026-04-18 17:51:50.518	1818.92	20.60	70.60	51.78	1.99	3.98	1.00	1.00	1.99	1.00
2026-04-18 17:51:51.513	1830.66	20.80	70.60	51.69	2.01	4.02	1.00	1.00	2.01	1.00
2026-04-18 17:51:52.518	1822.53	21.20	70.60	51.66	1.99	3.98	0.99	0.99	1.99	0.99
2026-04-18 17:51:53.513	1843.87	22.00	70.60	51.62	2.01	4.02	1.01	1.01	2.01	1.01
2026-04-18 17:51:54.518	1826.95	22.60	70.60	51.69	1.99	3.98	1.00	1.00	1.99	1.00
2026-04-18 17:51:55.513	1836.96	22.80	70.60	51.56	2.01	4.02	1.00	1.00	2.01	1.00
2026-04-18 17:51:56.518	1827.08	21.50	70.60	51.59	1.99	3.98	1.00	1.00	1.99	1.00
2026-04-18 17:51:57.513	1839.32	21.80	70.60	51.53	2.01	4.02	1.01	1.01	2.01	1.01
2026-04-18 17:51:58.518	1812.35	22.80	70.60	51.44	1.99	3.98	0.99	0.99	1.99	0.99
2026-04-18 17:51:59.513	1841.54	21.40	70.60	51.66	2.01	4.02	1.01	1.01	2.01	1.01
2026-04-18 17:52:00.518	1819.35	23.10	70.60	51.75	1.99	3.98	1.00	1.00	1.99	1.00
2026-04-18 17:52:01.513	1838.96	22.00	70.60	51.56	2.01	4.02	1.00	1.00	2.01	1.00
2026-04-18 17:52:02.518	1796.60	22.00	70.60	51.69	1.99	3.98	0.99	0.99	1.99	0.99
2026-04-18 17:52:03.513	1829.11	22.60	70.60	51.84	2.01	4.02	1.01	1.01	2.01	1.01
2026-04-18 17:52:04.518	1822.32	22.20	70.60	51.44	1.99	3.98	0.99	0.99	1.99	0.99
2026-04-18 17:52:05.513	1842.12	21.90	70.60	51.44	2.01	4.02	1.01	1.01	2.01	1.01
2026-04-18 17:52:06.518	1788.96	21.30	70.60	51.69	1.99	3.98	0.99	0.99	1.99	0.99
2026-04-18 17:52:07.513	1843.49	22.50	70.60	51.41	2.01	4.02	1.01	1.01	2.01	1.01
2026-04-18 17:52:08.518	1822.24	23.50	70.60	51.50	1.99	3.98	0.99	0.99	1.99	0.99
2026-04-18 17:52:09.512	1847.23	23.10	70.70	52.34	2.01	4.02	1.01	1.01	2.01	1.01
2026-04-18 17:52:10.518	1832.76	26.60	70.60	51.50	1.99	3.98	0.99	0.99	1.99	0.99
2026-04-18 17:52:11.514	1840.81	23.40	70.60	51.56	2.01	4.02	1.00	1.00	2.01	1.00
2026-04-18 17:52:12.519	1810.20	24.10	70.60	51.66	1.99	3.98	0.99	0.99	1.99	0.99
2026-04-18 17:52:13.513	1848.73	21.80	70.60	51.34	2.01	4.02	1.01	1.01	2.01	1.01
2026-04-18 17:52:14.518	1777.55	22.10	70.60	51.53	1.99	3.98	1.00	1.00	1.99	1.00
2026-04-18 17:52:15.513	1841.10	21.30	70.60	51.62	2.01	4.02	1.00	1.00	2.01	1.00
2026-04-18 17:52:16.518	1831.26	22.50	70.60	51.72	1.99	3.98	1.00	1.00	1.99	1.00
2026-04-18 17:52:17.512	1845.68	21.00	70.60	51.34	2.01	4.02	1.01	1.01	2.01	1.01
2026-04-18 17:52:18.518	1839.72	22.60	70.60	51.59	1.99	3.98	0.99	0.99	1.99	0.99
2026-04-18 17:52:19.513	1849.24	22.20	70.60	51.69	2.01	4.02	1.01	1.01	2.01	1.01
2026-04-18 17:52:20.518	1826.09	22.80	70.60	51.56	1.99	3.98	0.99	0.99	1.99	0.99
2026-04-18 17:52:21.513	1852.27	22.00	70.60	51.50	2.01	4.02	1.01	1.01	2.01	1.01
2026-04-18 17:52:22.518	1829.96	22.80	70.60	51.72	1.99	3.98	0.99	0.99	1.99	0.99
2026-04-18 17:52:23.513	1847.75	22.30	70.60	51.44	2.01	4.02	1.01	1.01	2.01	1.01
2026-04-18 17:52:24.518	1828.92	22.00	70.60	51.56	1.99	3.98	1.00	1.00	1.99	1.00
2026-04-18 17:52:25.513	1853.29	21.80	70.60	51.69	2.01	4.02	1.01	1.01	2.01	1.01
2026-04-18 17:52:26.518	1816.64	20.60	70.60	51.41	1.99	3.98	0.99	0.99	1.99	0.99
2026-04-18 17:52:27.513	1831.49	21.70	70.60	51.44	2.01	4.02	1.01	1.01	2.01	1.01
2026-04-18 17:52:28.518	1802.63	21.60	70.60	51.78	1.99	3.98	0.99	0.99	1.99	0.99
2026-04-18 17:52:29.513	1837.83	21.70	70.60	51.38	2.01	4.02	1.01	1.01	2.01	1.01
2026-04-18 17:52:30.518	1816.80	21.70	70.60	51.44	1.99	3.98	0.99	0.99	1.99	0.99
2026-04-18 17:52:31.513	1838.79	20.80	70.60	51.66	2.01	4.02	1.00	1.00	2.01	1.00
2026-04-18 17:52:32.514	1799.75	27.30	70.70	51.91	2.00	3.99	1.00	1.00	2.00	1.00
2026-04-18 17:52:33.513	1824.32	35.50	70.80	51.53	2.00	4.01	1.00	1.00	2.00	1.00
2026-04-18 17:52:34.515	1827.83	76.00	70.90	52.06	2.00	3.99	1.00	1.00	2.00	1.00
2026-04-18 17:52:35.513	2368.82	42.30	70.90	51.62	2.01	8.02	1.00	1.00	2.01	1.00
2026-04-18 17:52:36.518	2341.34	25.00	70.90	51.56	1.99	7.96	0.99	0.99	1.99	0.99
2026-04-18 17:52:37.513	2382.70	24.80	70.90	51.66	2.01	8.04	1.01	1.01	2.01	1.01
2026-04-18 17:52:38.518	2340.08	26.20	70.90	51.84	1.99	7.96	0.99	0.99	1.99	0.99
2026-04-18 17:52:39.513	2376.03	24.20	70.90	51.56	2.01	8.04	1.01	1.01	2.01	1.01
2026-04-18 17:52:40.518	2343.99	23.10	70.90	51.72	1.99	7.96	0.99	0.99	1.99	0.99
2026-04-18 17:52:41.513	2361.66	24.20	70.90	51.94	2.01	8.04	1.00	1.00	2.01	1.00
2026-04-18 17:52:42.518	2355.71	24.30	70.90	51.62	1.99	7.96	0.99	0.99	1.99	0.99
2026-04-18 17:52:43.513	2371.07	25.40	70.90	51.59	2.01	8.04	1.00	1.00	2.01	1.00
2026-04-18 17:52:44.518	2336.86	23.40	70.90	51.72	1.99	7.96	1.00	1.00	1.99	1.00
2026-04-18 17:52:45.513	2383.23	23.80	70.90	51.72	2.01	8.04	1.01	1.01	2.01	1.01
2026-04-18 17:52:46.518	2328.39	24.20	70.90	51.62	1.99	7.95	0.99	0.99	1.99	0.99
2026-04-18 17:52:47.513	2375.96	22.10	70.90	51.62	2.01	8.05	1.01	1.01	2.01	1.01
2026-04-18 17:52:48.518	2359.55	24.80	70.90	51.44	1.99	7.96	0.99	0.99	1.99	0.99
2026-04-18 17:52:49.513	2372.42	24.40	70.90	51.44	2.01	8.04	1.01	1.01	2.01	1.01
2026-04-18 17:52:50.519	2347.42	24.10	70.90	51.59	1.99	7.95	0.99	0.99	1.99	0.99
2026-04-18 17:52:51.513	2364.32	28.70	70.90	51.66	2.01	8.05	1.01	1.01	2.01	1.01
2026-04-18 17:52:52.518	2329.71	25.30	70.90	51.75	1.99	7.96	0.99	0.99	1.99	0.99
2026-04-18 17:52:53.514	2352.68	27.40	70.90	51.72	2.01	8.04	1.00	1.00	2.01	1.00
2026-04-18 17:52:54.518	2345.89	26.30	70.90	51.56	1.99	7.97	1.00	1.00	1.99	1.00
2026-04-18 17:52:55.512	2377.58	33.30	70.90	52.22	2.01	8.05	1.01	1.01	2.01	1.01
2026-04-18 17:52:56.514	2335.83	59.60	71.10	52.56	2.00	7.99	1.00	1.00	2.00	1.00
2026-04-18 17:52:57.512	2340.21	47.10	71.20	52.31	2.00	8.01	1.00	1.00	2.00	1.00
2026-04-18 17:52:58.518	2308.11	34.70	71.20	51.97	1.99	7.95	0.99	0.99	1.99	0.99
2026-04-18 17:52:59.513	2358.30	24.50	71.20	51.66	2.01	8.04	1.01	1.01	2.01	1.01
2026-04-18 17:53:00.520	2330.31	24.20	71.20	51.84	1.99	7.95	0.99	0.99	1.99	0.99
2026-04-18 17:53:01.516	2227.49	27.60	71.20	51.94	2.01	7.03	1.00	1.00	2.01	1.00
2026-04-18 17:53:02.518	1782.56	31.40	70.90	51.53	1.99	3.99	1.00	1.00	1.99	1.00
2026-04-18 17:53:03.513	1839.27	26.10	70.90	51.62	2.01	4.02	1.01	1.01	2.01	1.01
2026-04-18 17:53:04.519	1804.54	21.30	70.90	51.75	1.99	3.98	0.99	0.99	1.99	0.99
2026-04-18 17:53:05.513	1819.39	26.50	70.90	51.59	2.01	4.02	1.01	1.01	2.01	1.01
2026-04-18 17:53:06.519	1816.71	22.90	70.90	51.75	1.99	3.98	0.99	0.99	1.99	0.99
2026-04-18 17:53:07.512	1827.72	28.40	71.00	52.19	2.01	4.03	1.01	1.01	2.01	1.01
2026-04-18 17:53:08.519	1810.52	22.50	70.80	51.53	1.99	3.97	0.99	0.99	1.99	0.99
2026-04-18 17:53:09.513	1824.87	21.50	70.80	51.69	2.01	4.02	1.01	1.01	2.01	1.01
2026-04-18 17:53:10.518	1813.68	22.80	70.80	51.75	1.99	3.98	0.99	0.99	1.99	0.99
2026-04-18 17:53:11.513	1811.08	22.50	70.90	51.53	2.01	4.02	1.01	1.01	2.01	1.01
2026-04-18 17:53:12.519	1818.90	26.00	70.90	51.69	1.99	3.98	0.99	0.99	1.99	0.99
2026-04-18 17:53:13.513	1835.37	24.00	70.90	51.62	2.01	4.02	1.01	1.01	2.01	1.01
2026-04-18 17:53:14.518	1810.95	21.10	70.90	51.75	1.99	3.98	1.00	1.00	1.99	1.00
2026-04-18 17:53:15.514	1828.01	27.20	70.90	51.75	2.01	4.02	1.00	1.00	2.01	1.00
2026-04-18 17:53:16.518	1796.27	34.70	53.20	51.72	1.99	3.98	1.00	1.00	1.99	1.00
2026-04-18 17:53:17.513	1839.19	20.20	52.90	51.84	2.01	4.02	1.01	1.01	2.01	1.01
2026-04-18 17:53:18.518	1820.75	20.00	52.90	51.62	1.99	3.98	0.99	0.99	1.99	0.99
2026-04-18 17:53:19.513	1843.88	21.50	52.90	51.69	2.01	4.02	1.01	1.01	2.01	1.01
2026-04-18 17:53:20.519	1818.98	23.60	52.90	51.97	1.99	3.98	0.99	0.99	1.99	0.99
2026-04-18 17:53:21.514	1853.57	58.40	53.90	52.25	2.01	4.02	1.01	1.01	2.01	1.01
2026-04-18 17:53:22.514	1839.95	35.60	54.10	52.28	2.00	4.00	1.00	1.00	2.00	1.00
2026-04-18 17:53:23.512	1832.93	38.20	54.20	52.38	2.00	4.01	1.00	1.00	2.00	1.00
2026-04-18 17:53:24.516	1807.35	36.30	54.50	51.97	1.99	3.99	1.00	1.00	1.99	1.00
2026-04-18 17:53:25.514	1799.95	33.80	54.60	51.94	2.00	4.01	1.00	1.00	2.00	1.00
2026-04-18 17:53:26.519	1830.37	23.70	54.60	51.97	1.99	3.98	0.99	0.99	1.99	0.99
2026-04-18 17:53:27.513	1856.19	22.40	54.60	51.69	2.01	4.02	1.01	1.01	2.01	1.01
2026-04-18 17:53:28.519	1822.22	26.10	54.70	51.78	1.99	3.98	0.99	0.99	1.99	0.99
2026-04-18 17:53:29.513	1857.84	25.20	54.70	51.81	2.01	4.02	1.01	1.01	2.01	1.01
2026-04-18 17:53:30.519	1834.32	24.20	54.70	51.66	1.99	3.98	0.99	0.99	1.99	0.99
2026-04-18 17:53:31.513	1843.71	24.30	54.70	51.72	2.01	4.02	1.01	1.01	2.01	1.01
2026-04-18 17:53:32.519	1836.02	26.40	54.70	51.91	1.99	3.98	0.99	0.99	1.99	0.99
2026-04-18 17:53:33.513	1856.48	22.70	54.70	51.59	2.01	4.02	1.01	1.01	2.01	1.01
2026-04-18 17:53:34.519	1836.28	23.80	54.70	51.75	1.99	3.98	0.99	0.99	1.99	0.99
2026-04-18 17:53:35.513	1855.59	24.20	54.70	51.75	2.01	4.02	1.01	1.01	2.01	1.01
2026-04-18 17:53:36.519	1841.56	26.50	54.70	51.91	1.99	3.98	0.99	0.99	1.99	0.99
2026-04-18 17:53:37.513	1854.47	27.10	54.70	51.62	2.01	4.02	1.01	1.01	2.01	1.01
2026-04-18 17:53:38.519	1820.49	24.70	54.70	51.81	1.99	3.98	0.99	0.99	1.99	0.99
2026-04-18 17:53:39.515	1839.22	28.00	54.70	51.88	2.01	4.02	1.00	1.00	2.01	1.00
2026-04-18 17:53:40.519	1835.18	46.40	54.80	51.94	1.99	3.98	1.00	1.00	1.99	1.00
2026-04-18 17:53:41.513	1819.02	25.00	54.80	51.88	2.01	4.02	1.01	1.01	2.01	1.01
2026-04-18 17:53:42.520	1811.99	31.70	54.80	52.16	1.99	3.97	0.99	0.99	1.99	0.99
2026-04-18 17:53:43.514	1833.62	27.00	54.80	51.75	2.01	4.03	1.01	1.01	2.01	1.01
2026-04-18 17:53:44.519	1818.08	23.40	54.80	51.78	1.99	3.98	0.99	0.99	1.99	0.99
2026-04-18 17:53:45.519	1805.10	35.20	54.60	51.88	2.00	4.00	1.00	1.00	2.00	1.00
2026-04-18 17:53:46.521	1815.77	38.90	53.80	51.81	2.00	3.99	1.00	1.00	2.00	1.00
2026-04-18 17:53:47.512	1845.51	26.70	53.80	51.84	2.02	4.03	1.01	1.01	2.02	1.01
2026-04-18 17:53:48.519	1809.97	27.30	53.80	51.81	1.99	3.97	0.99	0.99	1.99	0.99
2026-04-18 17:53:49.514	1837.88	29.20	53.80	51.75	2.01	4.02	1.01	1.01	2.01	1.01
2026-04-18 17:53:50.519	1820.99	24.00	53.80	51.78	1.99	3.98	1.00	1.00	1.99	1.00
2026-04-18 17:53:51.514	1809.43	24.00	53.80	51.94	2.01	4.02	1.01	1.01	2.01	1.01
2026-04-18 17:53:52.519	1814.01	40.10	54.00	51.97	1.99	3.98	0.99	0.99	1.99	0.99
2026-04-18 17:53:53.512	1832.42	40.60	56.50	52.19	2.01	4.03	1.01	1.01	2.01	1.01
2026-04-18 17:53:54.514	1811.85	44.60	57.80	52.66	2.00	3.99	1.00	1.00	2.00	1.00
2026-04-18 17:53:55.512	1822.13	46.40	59.00	52.59	2.00	4.01	1.00	1.00	2.00	1.00
2026-04-18 17:53:56.514	1803.96	45.50	59.70	52.38	2.00	3.99	1.00	1.00	2.00	1.00
2026-04-18 17:53:57.514	1819.72	35.50	59.90	52.06	2.00	4.00	1.00	1.00	2.00	1.00
2026-04-18 17:53:58.514	1808.37	32.50	59.90	52.19	2.00	4.00	1.00	1.00	2.00	1.00
2026-04-18 17:53:59.514	1817.37	29.10	59.90	52.03	2.00	4.00	1.00	1.00	2.00	1.00
2026-04-18 17:54:00.520	1802.98	27.60	59.90	51.91	1.99	3.98	0.99	0.99	1.99	0.99
2026-04-18 17:54:01.514	1821.08	31.40	59.90	52.03	2.01	4.02	1.01	1.01	2.01	1.01
2026-04-18 17:54:02.519	1800.24	28.40	59.90	51.94	1.99	3.98	0.99	0.99	1.99	0.99
2026-04-18 17:54:03.513	1822.29	23.60	59.90	51.81	2.01	4.02	1.01	1.01	2.01	1.01
2026-04-18 17:54:04.519	1800.25	24.70	59.90	51.84	1.99	3.98	0.99	0.99	1.99	0.99
2026-04-18 17:54:05.514	1817.59	25.30	59.90	52.06	2.01	4.02	1.01	1.01	2.01	1.01
2026-04-18 17:54:06.519	1781.89	26.30	59.90	51.78	1.99	3.98	0.99	0.99	1.99	0.99
2026-04-18 17:54:07.513	1826.97	24.00	59.90	51.91	2.01	4.02	1.01	1.01	2.01	1.01
2026-04-18 17:54:08.519	1815.52	25.50	59.90	51.88	1.99	3.98	0.99	0.99	1.99	0.99
2026-04-18 17:54:09.513	1824.44	25.20	59.90	51.94	2.01	4.02	1.01	1.01	2.01	1.01
2026-04-18 17:54:10.521	1806.26	27.50	59.90	51.94	1.98	3.97	0.99	0.99	1.98	0.99
2026-04-18 17:54:11.513	1835.97	24.20	59.90	51.97	2.02	4.03	1.01	1.01	2.02	1.01
2026-04-18 17:54:12.519	1805.62	28.40	59.90	52.03	1.99	3.98	0.99	0.99	1.99	0.99
2026-04-18 17:54:13.512	1828.80	27.10	59.90	52.38	2.01	4.03	1.01	1.01	2.01	1.01
2026-04-18 17:54:14.519	1815.29	26.50	60.00	51.91	1.99	3.97	0.99	0.99	1.99	0.99
2026-04-18 17:54:15.514	1842.15	28.40	60.00	51.97	2.01	4.02	1.01	1.01	2.01	1.01
2026-04-18 17:54:16.519	1824.44	28.70	60.00	52.00	1.99	3.98	0.99	0.99	1.99	0.99
2026-04-18 17:54:17.514	1833.40	23.80	60.00	51.94	2.01	4.02	1.01	1.01	2.01	1.01
2026-04-18 17:54:18.519	1817.93	25.00	60.00	52.09	1.99	3.98	0.99	0.99	1.99	0.99
2026-04-18 17:54:19.513	1846.76	29.00	60.00	51.88	2.01	4.02	1.01	1.01	2.01	1.01
2026-04-18 17:54:20.521	1812.22	40.40	59.10	52.00	1.98	3.97	0.99	0.99	1.98	0.99
2026-04-18 17:54:21.514	1849.61	36.60	59.00	52.22	2.01	4.03	1.01	1.01	2.01	1.01
2026-04-18 17:54:22.520	1824.92	27.30	59.00	51.78	1.99	3.98	0.99	0.99	1.99	0.99
2026-04-18 17:54:23.512	1839.88	27.90	59.20	52.62	2.02	4.03	1.01	1.01	2.02	1.01
2026-04-18 17:54:24.520	2205.72	61.30	59.30	52.47	1.98	6.94	0.99	0.99	1.98	0.99
2026-04-18 17:54:25.514	2368.04	44.00	59.30	52.03	2.01	8.05	1.01	1.01	2.01	1.01
2026-04-18 17:54:26.519	2354.87	30.60	59.30	51.94	1.99	7.96	0.99	0.99	1.99	0.99
2026-04-18 17:54:27.513	2384.05	28.40	59.30	52.22	2.01	8.05	1.01	1.01	2.01	1.01
2026-04-18 17:54:28.519	2365.95	33.40	59.30	51.91	1.99	7.95	0.99	0.99	1.99	0.99
2026-04-18 17:54:29.513	2398.13	30.30	59.30	51.94	2.01	8.05	1.01	1.01	2.01	1.01
2026-04-18 17:54:30.519	2365.75	31.00	59.30	51.97	1.99	7.96	0.99	0.99	1.99	0.99
2026-04-18 17:54:31.514	2384.05	31.20	59.30	51.94	2.01	8.04	1.01	1.01	2.01	1.01
2026-04-18 17:54:32.519	2363.02	30.80	59.30	51.94	1.99	7.96	0.99	0.99	1.99	0.99
2026-04-18 17:54:33.514	2383.19	31.60	59.30	51.94	2.01	8.04	1.01	1.01	2.01	1.01
2026-04-18 17:54:34.519	2348.81	31.70	59.30	52.09	1.99	7.96	0.99	0.99	1.99	0.99
2026-04-18 17:54:35.520	2367.41	29.60	59.30	52.12	2.00	7.99	1.00	1.00	2.00	1.00
2026-04-18 17:54:36.517	2380.74	29.70	59.30	52.03	2.01	8.02	1.00	1.00	2.01	1.00
2026-04-18 17:54:37.514	2378.95	29.90	59.30	51.94	2.01	8.03	1.00	1.00	2.01	1.00
2026-04-18 17:54:38.519	2348.31	31.30	59.30	52.06	1.99	7.95	0.99	0.99	1.99	0.99
2026-04-18 17:54:39.514	2400.05	31.50	59.30	52.03	2.01	8.05	1.01	1.01	2.01	1.01
2026-04-18 17:54:40.520	2358.10	32.10	59.30	52.16	1.99	7.95	0.99	0.99	1.99	0.99
2026-04-18 17:54:41.514	2402.02	30.50	59.30	51.94	2.01	8.05	1.01	1.01	2.01	1.01
2026-04-18 17:54:42.519	2362.94	29.00	59.30	51.94	1.99	7.96	0.99	0.99	1.99	0.99
2026-04-18 17:54:43.513	2379.63	27.80	59.30	52.09	2.01	8.05	1.01	1.01	2.01	1.01
2026-04-18 17:54:44.519	2353.40	31.00	59.30	51.84	1.99	7.96	0.99	0.99	1.99	0.99
2026-04-18 17:54:45.514	2392.63	28.20	59.30	51.94	2.01	8.04	1.01	1.01	2.01	1.01
2026-04-18 17:54:46.520	2369.58	30.10	59.30	52.09	1.99	7.94	0.99	0.99	1.99	0.99
2026-04-18 17:54:47.513	2383.72	26.90	59.30	51.97	2.01	8.06	1.01	1.01	2.01	1.01
2026-04-18 17:54:48.521	2345.30	30.00	59.30	51.91	1.98	7.94	0.99	0.99	1.98	0.99
2026-04-18 17:54:49.513	2378.06	28.00	59.30	51.81	2.02	8.06	1.01	1.01	2.02	1.01
2026-04-18 17:54:50.519	2352.49	28.80	59.30	51.81	1.99	7.95	0.99	0.99	1.99	0.99
2026-04-18 17:54:51.514	2368.55	27.00	59.30	51.84	2.01	8.04	1.01	1.01	2.01	1.01
2026-04-18 17:54:52.520	2353.46	28.70	59.30	52.00	1.99	7.95	0.99	0.99	1.99	0.99
2026-04-18 17:54:53.513	2336.24	27.30	59.30	51.91	2.01	8.06	1.01	1.01	2.01	1.01
2026-04-18 17:54:54.519	2332.17	25.80	59.30	51.97	1.99	7.95	0.99	0.99	1.99	0.99
2026-04-18 17:54:55.515	2362.57	28.10	59.30	51.84	2.01	8.04	1.00	1.00	2.01	1.00
2026-04-18 17:54:56.519	2333.06	27.30	59.30	51.84	1.99	7.96	1.00	1.00	1.99	1.00
2026-04-18 17:54:57.514	2091.06	34.00	59.00	52.09	2.01	6.03	1.01	1.01	2.01	1.01
2026-04-18 17:54:58.519	1814.48	24.50	59.00	51.75	1.99	3.98	0.99	0.99	1.99	0.99
2026-04-18 17:54:59.513	1832.62	21.20	59.00	51.97	2.01	4.02	1.01	1.01	2.01	1.01
2026-04-18 17:55:00.520	1801.86	24.20	59.00	52.06	1.99	3.97	0.99	0.99	1.99	0.99
2026-04-18 17:55:01.514	1819.77	22.70	59.00	51.81	2.01	4.03	1.01	1.01	2.01	1.01
2026-04-18 17:55:02.520	1810.74	23.90	59.00	51.78	1.99	3.98	0.99	0.99	1.99	0.99
2026-04-18 17:55:03.514	1824.52	22.80	59.00	51.94	2.01	4.02	1.01	1.01	2.01	1.01
2026-04-18 17:55:04.519	1794.43	26.70	59.00	51.75	1.99	3.98	0.99	0.99	1.99	0.99
2026-04-18 17:55:05.516	1808.76	24.40	59.00	52.16	2.01	4.02	1.00	1.00	2.01	1.00
2026-04-18 17:55:06.516	1815.32	28.40	59.10	51.91	2.00	4.00	1.00	1.00	2.00	1.00
2026-04-18 17:55:07.512	1803.26	32.00	59.30	52.47	2.01	4.02	1.00	1.00	2.01	1.00
2026-04-18 17:55:08.516	1763.12	31.50	59.40	52.47	1.99	3.98	1.00	1.00	1.99	1.00
2026-04-18 17:55:09.514	1810.68	26.00	59.00	52.00	2.00	4.01	1.00	1.00	2.00	1.00
2026-04-18 17:55:10.523	1794.87	26.40	59.00	51.75	1.98	3.97	0.99	0.99	1.98	0.99
2026-04-18 17:55:11.514	1831.88	22.90	59.00	51.84	2.02	4.03	1.01	1.01	2.02	1.01
2026-04-18 17:55:12.522	1805.47	25.50	59.00	51.94	1.98	3.97	0.99	0.99	1.98	0.99
2026-04-18 17:55:13.514	1826.53	25.90	59.00	51.94	2.02	4.03	1.01	1.01	2.02	1.01
2026-04-18 17:55:14.520	1801.86	23.30	59.00	51.72	1.99	3.98	0.99	0.99	1.99	0.99
2026-04-18 17:55:15.516	1805.65	24.00	59.00	51.94	2.01	4.02	1.00	1.00	2.01	1.00
2026-04-18 17:55:16.521	1805.84	27.50	59.00	52.09	1.99	3.98	0.99	0.99	1.99	0.99
2026-04-18 17:55:17.514	1789.78	27.80	59.10	51.88	2.02	4.03	1.01	1.01	2.02	1.01
2026-04-18 17:55:18.520	1810.08	24.80	59.10	51.78	1.99	3.97	0.99	0.99	1.99	0.99
2026-04-18 17:55:19.514	1834.11	25.10	59.10	52.09	2.01	4.03	1.01	1.01	2.01	1.01
2026-04-18 17:55:20.522	1793.85	26.30	59.10	51.78	1.98	3.97	0.99	0.99	1.98	0.99
2026-04-18 17:55:21.513	1812.72	26.10	59.10	51.91	2.02	4.03	1.01	1.01	2.02	1.01
2026-04-18 17:55:22.520	1802.25	26.40	59.10	52.06	1.99	3.97	0.99	0.99	1.99	0.99
2026-04-18 17:55:23.513	1832.28	23.10	59.10	51.91	2.01	4.03	1.01	1.01	2.01	1.01
2026-04-18 17:55:24.520	1805.94	24.50	59.10	51.91	1.99	3.97	0.99	0.99	1.99	0.99
2026-04-18 17:55:25.512	1829.97	32.70	59.30	52.03	2.02	4.03	1.01	1.01	2.02	1.01
2026-04-18 17:55:26.524	1791.32	33.00	59.30	51.88	1.98	3.95	0.99	0.99	1.98	0.99
2026-04-18 17:55:27.512	1835.13	33.60	59.20	52.16	2.02	4.05	1.01	1.01	2.02	1.01
2026-04-18 17:55:28.522	1806.05	28.90	59.20	52.09	1.98	3.96	0.99	0.99	1.98	0.99
2026-04-18 17:55:29.514	1840.02	31.20	59.20	51.88	2.02	4.04	1.01	1.01	2.02	1.01
2026-04-18 17:55:30.515	1825.00	33.40	59.20	52.72	2.00	3.99	1.00	1.00	2.00	1.00
2026-04-18 17:55:31.513	1807.10	32.90	59.00	52.19	2.00	4.01	1.00	1.00	2.00	1.00
2026-04-18 17:55:32.520	1820.13	32.60	59.00	52.12	1.99	3.97	0.99	0.99	1.99	0.99
2026-04-18 17:55:33.514	1851.00	27.30	59.00	51.91	2.01	4.02	1.01	1.01	2.01	1.01
2026-04-18 17:55:34.520	1815.04	34.40	59.00	52.09	1.99	3.98	0.99	0.99	1.99	0.99
2026-04-18 17:55:35.513	1846.27	30.70	59.00	52.00	2.01	4.03	1.01	1.01	2.01	1.01
2026-04-18 17:55:36.522	1822.14	28.30	59.00	51.88	1.98	3.97	0.99	0.99	1.98	0.99
2026-04-18 17:55:37.512	1856.68	35.40	59.30	52.41	2.02	4.04	1.01	1.01	2.02	1.01
2026-04-18 17:55:38.517	1821.65	36.20	59.60	52.44	1.99	3.98	1.00	1.00	1.99	1.00
2026-04-18 17:55:39.512	1848.12	35.80	59.80	52.69	2.01	4.02	1.00	1.00	2.01	1.00
2026-04-18 17:55:40.515	1806.68	35.30	59.70	52.53	1.99	3.99	1.00	1.00	1.99	1.00
2026-04-18 17:55:41.514	1839.05	40.60	59.10	52.41	2.00	4.01	1.00	1.00	2.00	1.00
2026-04-18 17:55:42.522	1808.14	48.00	59.10	52.09	1.98	3.97	0.99	0.99	1.98	0.99
2026-04-18 17:55:43.512	1855.02	29.10	59.20	52.44	2.02	4.04	1.01	1.01	2.02	1.01
2026-04-18 17:55:44.521	1819.77	30.90	59.20	52.53	1.98	3.96	0.99	0.99	1.98	0.99
2026-04-18 17:55:45.514	1860.84	31.80	59.20	52.12	2.01	4.03	1.01	1.01	2.01	1.01
2026-04-18 17:55:46.514	1826.87	28.80	59.30	52.81	2.00	4.00	1.00	1.00	2.00	1.00
2026-04-18 17:55:47.512	1826.79	45.90	59.80	52.91	2.00	4.01	1.00	1.00	2.00	1.00
2026-04-18 17:55:48.520	1833.81	62.10	59.90	52.34	1.98	3.97	0.99	0.99	1.98	0.99
2026-04-18 17:55:49.515	1857.54	44.30	59.90	52.44	2.01	4.02	1.01	1.01	2.01	1.01
2026-04-18 17:55:50.521	1828.65	37.10	59.90	52.09	1.99	3.98	0.99	0.99	1.99	0.99
2026-04-18 17:55:51.513	1862.29	28.60	59.90	52.12	2.02	4.03	1.01	1.01	2.02	1.01
2026-04-18 17:55:52.522	1830.51	28.40	59.90	52.16	1.98	3.97	0.99	0.99	1.98	0.99
2026-04-18 17:55:53.513	1865.84	25.90	59.90	52.00	2.02	4.03	1.01	1.01	2.02	1.01
2026-04-18 17:55:54.521	1833.16	27.30	59.90	52.19	1.98	3.97	0.99	0.99	1.98	0.99
2026-04-18 17:55:55.514	1833.80	26.00	59.90	52.12	2.02	4.03	1.01	1.01	2.02	1.01
2026-04-18 17:55:56.521	1826.62	29.60	59.90	52.00	1.99	3.97	0.99	0.99	1.99	0.99
2026-04-18 17:55:57.513	1850.09	28.40	59.90	52.19	2.02	4.03	1.01	1.01	2.02	1.01
2026-04-18 17:55:58.522	1821.28	27.90	59.90	52.22	1.98	3.97	0.99	0.99	1.98	0.99
2026-04-18 17:55:59.514	1846.63	25.60	59.90	52.16	2.02	4.03	1.01	1.01	2.02	1.01
2026-04-18 17:56:00.514	1800.37	34.50	60.30	52.56	2.00	4.00	1.00	1.00	2.00	1.00
2026-04-18 17:56:01.514	1827.78	28.30	60.00	52.28	2.00	4.00	1.00	1.00	2.00	1.00
2026-04-18 17:56:02.525	1806.80	28.00	60.00	52.16	1.98	3.95	0.99	0.99	1.98	0.99
2026-04-18 17:56:03.513	1856.27	25.00	60.00	52.03	2.02	4.05	1.01	1.01	2.02	1.01
2026-04-18 17:56:04.520	1816.94	27.00	60.00	52.22	1.99	3.98	0.99	0.99	1.99	0.99
2026-04-18 17:56:05.513	1843.10	25.70	60.00	51.94	2.01	4.02	1.01	1.01	2.01	1.01
2026-04-18 17:56:06.519	1829.46	28.10	60.00	52.31	1.99	3.98	0.99	0.99	1.99	0.99
2026-04-18 17:56:07.514	1836.22	28.00	60.00	52.12	2.01	4.02	1.01	1.01	2.01	1.01
2026-04-18 17:56:08.521	1818.86	29.10	60.00	52.22	1.99	3.97	0.99	0.99	1.99	0.99
2026-04-18 17:56:09.513	1844.07	25.80	60.00	51.91	2.02	4.03	1.01	1.01	2.02	1.01
2026-04-18 17:56:10.519	1811.62	27.90	60.00	52.06	1.99	3.98	0.99	0.99	1.99	0.99
2026-04-18 17:56:11.513	1842.12	28.60	60.00	52.00	2.01	4.02	1.01	1.01	2.01	1.01
2026-04-18 17:56:12.521	1783.14	28.10	60.00	52.06	1.99	3.97	0.99	0.99	1.99	0.99
2026-04-18 17:56:13.513	1867.35	25.80	60.00	52.09	2.01	4.03	1.01	1.01	2.01	1.01
2026-04-18 17:56:14.518	1809.20	25.90	60.00	52.22	1.99	3.98	1.00	1.00	1.99	1.00
2026-04-18 17:56:15.513	1836.98	27.10	60.00	51.94	2.01	4.02	1.00	1.00	2.01	1.00
2026-04-18 17:56:16.519	1845.36	27.70	60.00	52.19	1.99	3.98	0.99	0.99	1.99	0.99
2026-04-18 17:56:17.513	1809.23	25.60	60.00	52.34	2.01	4.02	1.01	1.01	2.01	1.01
2026-04-18 17:56:18.518	1792.13	25.80	60.00	52.00	1.99	3.98	0.99	0.99	1.99	0.99
2026-04-18 17:56:19.513	1829.37	26.60	60.00	51.97	2.01	4.02	1.01	1.01	2.01	1.01
2026-04-18 17:56:20.519	1815.89	28.00	60.00	52.22	1.99	3.98	0.99	0.99	1.99	0.99
2026-04-18 17:56:21.513	1832.38	26.30	60.00	51.94	2.01	4.02	1.01	1.01	2.01	1.01
2026-04-18 17:56:22.519	1791.14	26.80	60.00	52.03	1.99	3.98	0.99	0.99	1.99	0.99
2026-04-18 17:56:23.513	1806.84	25.50	60.00	52.19	2.01	4.02	1.01	1.01	2.01	1.01
2026-04-18 17:56:24.519	1798.54	26.70	60.00	52.03	1.99	3.98	0.99	0.99	1.99	0.99
2026-04-18 17:56:25.513	1861.57	27.80	60.00	51.94	2.01	4.02	1.01	1.01	2.01	1.01
2026-04-18 17:56:26.519	1840.34	26.40	60.00	51.94	1.99	3.98	0.99	0.99	1.99	0.99
2026-04-18 17:56:27.513	1813.88	26.50	60.00	52.00	2.01	4.02	1.01	1.01	2.01	1.01
2026-04-18 17:56:28.519	1807.43	26.90	60.00	51.94	1.99	3.98	0.99	0.99	1.99	0.99
2026-04-18 17:56:29.513	1826.71	24.80	60.00	51.94	2.01	4.02	1.01	1.01	2.01	1.01
2026-04-18 17:56:30.519	1813.65	27.40	60.00	52.06	1.99	3.98	0.99	0.99	1.99	0.99
2026-04-18 17:56:31.513	1830.18	27.60	60.00	52.06	2.01	4.02	1.01	1.01	2.01	1.01
2026-04-18 17:56:32.520	1817.68	27.00	60.00	52.03	1.99	3.97	0.99	0.99	1.99	0.99
2026-04-18 17:56:33.513	1836.52	25.20	60.00	52.03	2.01	4.03	1.01	1.01	2.01	1.01
2026-04-18 17:56:34.519	1820.14	25.90	60.00	51.97	1.99	3.98	0.99	0.99	1.99	0.99
2026-04-18 17:56:35.513	1848.08	26.80	60.00	51.91	2.01	4.02	1.01	1.01	2.01	1.01
2026-04-18 17:56:36.519	1859.41	29.70	60.00	52.34	1.99	3.98	0.99	0.99	1.99	0.99
2026-04-18 17:56:37.513	1834.23	26.00	60.00	52.09	2.01	4.02	1.01	1.01	2.01	1.01
2026-04-18 17:56:38.519	1811.86	28.80	60.00	51.91	1.99	3.98	0.99	0.99	1.99	0.99
2026-04-18 17:56:39.513	1840.78	27.20	60.00	52.09	2.01	4.02	1.01	1.01	2.01	1.01
2026-04-18 17:56:40.520	1820.73	28.50	60.00	52.19	1.99	3.97	0.99	0.99	1.99	0.99
2026-04-18 17:56:41.513	1846.88	26.20	60.00	51.84	2.01	4.03	1.01	1.01	2.01	1.01
2026-04-18 17:56:42.520	1816.00	28.20	60.00	52.22	1.99	3.97	0.99	0.99	1.99	0.99
2026-04-18 17:56:43.513	1850.40	27.70	60.00	52.06	2.01	4.03	1.01	1.01	2.01	1.01
2026-04-18 17:56:44.519	1871.44	27.90	60.00	52.09	1.99	3.98	0.99	0.99	1.99	0.99
2026-04-18 17:56:45.512	1903.18	29.70	60.10	52.66	2.01	4.03	1.01	1.01	2.01	1.01
2026-04-18 17:56:46.515	1904.77	31.30	60.40	52.16	1.99	3.99	1.00	1.00	1.99	1.00
2026-04-18 17:56:47.514	1836.25	29.90	60.40	52.16	2.00	4.00	1.00	1.00	2.00	1.00
2026-04-18 17:56:48.519	1820.26	26.90	60.40	51.97	1.99	3.98	0.99	0.99	1.99	0.99
2026-04-18 17:56:49.513	1890.55	24.30	60.40	52.00	2.01	4.02	1.01	1.01	2.01	1.01
2026-04-18 17:56:50.521	1848.30	28.70	60.50	52.06	1.99	3.97	0.99	0.99	1.99	0.99
2026-04-18 17:56:51.514	1847.43	28.90	60.50	51.97	2.01	4.03	1.01	1.01	2.01	1.01
2026-04-18 17:56:52.519	1857.02	30.90	60.50	52.09	1.99	3.98	0.99	0.99	1.99	0.99
2026-04-18 17:56:53.513	1883.44	27.10	60.60	52.06	2.01	4.02	1.01	1.01	2.01	1.01
2026-04-18 17:56:54.518	1833.09	26.20	60.60	52.06	1.99	3.98	1.00	1.00	1.99	1.00
2026-04-18 17:56:55.514	1930.99	25.90	60.60	51.94	2.01	4.02	1.00	1.00	2.01	1.00
2026-04-18 17:56:56.519	1860.98	28.10	60.60	52.12	1.99	3.98	0.99	0.99	1.99	0.99
2026-04-18 17:56:57.514	1875.15	31.20	60.60	51.94	2.01	4.02	1.01	1.01	2.01	1.01
2026-04-18 17:56:58.520	1911.44	30.50	60.60	52.06	1.99	3.97	0.99	0.99	1.99	0.99
2026-04-18 17:56:59.513	1925.02	27.10	60.60	52.19	2.01	4.03	1.01	1.01	2.01	1.01
2026-04-18 17:57:00.520	1859.34	27.60	60.60	51.81	1.99	3.97	0.99	0.99	1.99	0.99
2026-04-18 17:57:01.513	1888.69	28.50	60.60	51.84	2.01	4.03	1.01	1.01	2.01	1.01
2026-04-18 17:57:02.519	1833.27	29.70	60.60	52.06	1.99	3.98	0.99	0.99	1.99	0.99
2026-04-18 17:57:03.513	1883.10	28.80	60.60	51.75	2.01	4.02	1.01	1.01	2.01	1.01
2026-04-18 17:57:04.519	1846.11	29.00	60.60	51.97	1.99	3.98	0.99	0.99	1.99	0.99
2026-04-18 17:57:05.513	1930.29	28.70	60.60	51.94	2.01	4.02	1.01	1.01	2.01	1.01
2026-04-18 17:57:06.520	1871.60	29.80	60.60	52.06	1.99	3.97	0.99	0.99	1.99	0.99
2026-04-18 17:57:07.513	1924.95	31.00	60.60	51.88	2.01	4.03	1.01	1.01	2.01	1.01
2026-04-18 17:57:08.519	1829.12	27.00	60.60	51.97	1.99	3.98	0.99	0.99	1.99	0.99
2026-04-18 17:57:09.513	1895.30	28.60	60.60	52.03	2.01	4.02	1.01	1.01	2.01	1.01
2026-04-18 17:57:10.519	1869.04	29.60	60.60	51.91	1.99	3.98	0.99	0.99	1.99	0.99
2026-04-18 17:57:11.513	1941.89	27.80	60.60	51.94	2.01	4.02	1.01	1.01	2.01	1.01
2026-04-18 17:57:12.519	1867.20	28.50	60.60	52.25	1.99	3.98	0.99	0.99	1.99	0.99
2026-04-18 17:57:13.513	1892.19	26.80	60.60	51.94	2.01	4.02	1.01	1.01	2.01	1.01
2026-04-18 17:57:14.518	1894.86	27.70	60.60	51.81	1.99	3.98	1.00	1.00	1.99	1.00
2026-04-18 17:57:15.513	1923.30	27.40	60.60	52.09	2.01	4.02	1.00	1.00	2.01	1.00
2026-04-18 17:57:16.519	1897.21	26.90	60.60	51.94	1.99	3.98	0.99	0.99	1.99	0.99
2026-04-18 17:57:17.513	1881.61	28.10	60.60	52.00	2.01	4.02	1.01	1.01	2.01	1.01
2026-04-18 17:57:18.519	1901.02	28.00	60.60	51.94	1.99	3.98	0.99	0.99	1.99	0.99
2026-04-18 17:57:19.514	1887.63	26.90	60.60	51.91	2.01	4.02	1.01	1.01	2.01	1.01
2026-04-18 17:57:20.520	1894.62	28.30	60.60	52.09	1.99	3.98	0.99	0.99	1.99	0.99
2026-04-18 17:57:21.514	1921.48	28.40	60.70	52.03	2.01	4.02	1.01	1.01	2.01	1.01
2026-04-18 17:57:22.519	1911.47	28.60	60.70	51.91	1.99	3.98	0.99	0.99	1.99	0.99
2026-04-18 17:57:23.513	1852.68	28.50	60.70	52.12	2.01	4.02	1.01	1.01	2.01	1.01
2026-04-18 17:57:24.519	1901.06	28.50	60.70	51.88	1.99	3.98	0.99	0.99	1.99	0.99
2026-04-18 17:57:25.514	1882.38	28.60	60.60	51.91	2.01	4.02	1.01	1.01	2.01	1.01
2026-04-18 17:57:26.518	1911.07	28.00	60.70	51.88	1.99	3.98	1.00	1.00	1.99	1.00
2026-04-18 17:57:27.513	1889.95	29.40	60.70	51.94	2.01	4.02	1.01	1.01	2.01	1.01
2026-04-18 17:57:28.519	1920.30	28.80	60.70	51.94	1.99	3.98	0.99	0.99	1.99	0.99
2026-04-18 17:57:29.514	1924.80	27.80	60.70	52.09	2.01	4.02	1.01	1.01	2.01	1.01
2026-04-18 17:57:30.519	1911.11	27.90	60.70	52.03	1.99	3.98	0.99	0.99	1.99	0.99
2026-04-18 17:57:31.513	1939.68	27.30	60.70	52.00	2.01	4.02	1.01	1.01	2.01	1.01
2026-04-18 17:57:32.519	1864.94	28.90	60.70	52.03	1.99	3.98	0.99	0.99	1.99	0.99
2026-04-18 17:57:33.513	1927.02	28.50	60.70	51.91	2.01	4.02	1.01	1.01	2.01	1.01
2026-04-18 17:57:34.519	1879.69	29.40	60.60	51.88	1.99	3.98	0.99	0.99	1.99	0.99
2026-04-18 17:57:35.513	1930.46	29.30	60.60	51.94	2.01	4.02	1.01	1.01	2.01	1.01
2026-04-18 17:57:36.519	1871.99	30.50	60.60	51.84	1.99	3.98	0.99	0.99	1.99	0.99
2026-04-18 17:57:37.513	1924.48	30.70	60.60	51.81	2.01	4.02	1.01	1.01	2.01	1.01
2026-04-18 17:57:38.520	1867.75	30.40	60.60	51.94	1.99	3.97	0.99	0.99	1.99	0.99
2026-04-18 17:57:39.513	1852.40	28.30	60.60	52.19	2.01	4.03	1.01	1.01	2.01	1.01
2026-04-18 17:57:40.519	1902.62	29.80	60.60	51.94	1.99	3.98	0.99	0.99	1.99	0.99
2026-04-18 17:57:41.513	1931.94	28.00	60.60	51.94	2.01	4.02	1.01	1.01	2.01	1.01
2026-04-18 17:57:42.518	1856.24	27.10	60.60	51.97	1.99	3.98	0.99	0.99	1.99	0.99
2026-04-18 17:57:43.513	1927.30	28.30	60.60	51.88	2.01	4.02	1.00	1.00	2.01	1.00
2026-04-18 17:57:44.514	1880.18	32.80	60.70	52.16	2.00	4.00	1.00	1.00	2.00	1.00
2026-04-18 17:57:45.512	1928.59	33.70	60.80	52.56	2.00	4.01	1.00	1.00	2.00	1.00
2026-04-18 17:57:46.516	1899.35	39.50	60.00	52.41	1.99	3.99	1.00	1.00	1.99	1.00
2026-04-18 17:57:47.513	1914.61	27.30	60.00	52.09	2.00	4.01	1.00	1.00	2.00	1.00
2026-04-18 17:57:48.519	1896.43	27.30	60.00	52.25	1.99	3.98	0.99	0.99	1.99	0.99
2026-04-18 17:57:49.513	1933.34	26.50	60.00	51.91	2.01	4.02	1.01	1.01	2.01	1.01
2026-04-18 17:57:50.519	1908.88	26.50	60.00	52.03	1.99	3.98	0.99	0.99	1.99	0.99
2026-04-18 17:57:51.513	1925.46	28.50	60.00	52.16	2.01	4.02	1.01	1.01	2.01	1.01
2026-04-18 17:57:52.514	1879.33	76.70	61.00	53.38	2.00	4.00	1.00	1.00	2.00	1.00
2026-04-18 17:57:53.512	1922.90	69.60	61.90	53.25	2.00	4.01	1.00	1.00	2.00	1.00
2026-04-18 17:57:54.514	1909.16	66.40	62.60	53.53	2.00	3.99	1.00	1.00	2.00	1.00
2026-04-18 17:57:55.512	1914.90	78.40	63.30	53.66	2.00	4.01	1.00	1.00	2.00	1.00
2026-04-18 17:57:56.514	1867.50	55.70	63.60	53.00	2.00	3.99	1.00	1.00	2.00	1.00
2026-04-18 17:57:57.513	1893.67	40.30	61.60	52.50	2.00	4.01	1.00	1.00	2.00	1.00
2026-04-18 17:57:58.518	1857.40	22.50	61.60	52.34	1.99	3.98	0.99	0.99	1.99	0.99
2026-04-18 17:57:59.513	1923.63	26.90	61.60	52.12	2.01	4.02	1.01	1.01	2.01	1.01
2026-04-18 17:58:00.519	1870.98	27.00	61.60	52.28	1.99	3.98	0.99	0.99	1.99	0.99
2026-04-18 17:58:01.513	1933.02	27.20	61.60	52.28	2.01	4.02	1.01	1.01	2.01	1.01
2026-04-18 17:58:02.520	1908.49	37.10	60.80	52.34	1.99	3.98	0.99	0.99	1.99	0.99
2026-04-18 17:58:03.514	1925.51	25.90	60.80	52.31	2.01	4.02	1.01	1.01	2.01	1.01
2026-04-18 17:58:04.519	1865.67	25.50	60.80	52.31	1.99	3.98	0.99	0.99	1.99	0.99
2026-04-18 17:58:05.513	1914.74	23.90	60.80	52.03	2.01	4.02	1.01	1.01	2.01	1.01
2026-04-18 17:58:06.519	1903.34	24.40	60.80	52.19	1.99	3.98	0.99	0.99	1.99	0.99
2026-04-18 17:58:07.513	1922.99	26.30	60.80	52.16	2.01	4.02	1.01	1.01	2.01	1.01
2026-04-18 17:58:08.527	1868.75	22.90	60.80	52.09	1.97	3.95	0.99	0.99	1.97	0.99
2026-04-18 17:58:09.513	1899.79	25.20	60.80	52.19	2.03	4.06	1.01	1.01	2.03	1.01
2026-04-18 17:58:10.519	1899.43	27.40	60.80	52.25	1.99	3.98	0.99	0.99	1.99	0.99
2026-04-18 17:58:11.513	1908.75	24.80	60.80	52.00	2.01	4.02	1.01	1.01	2.01	1.01
2026-04-18 17:58:12.519	1891.33	23.70	60.80	52.00	1.99	3.98	0.99	0.99	1.99	0.99
2026-04-18 17:58:13.513	1873.33	26.50	60.80	52.19	2.01	4.02	1.01	1.01	2.01	1.01
2026-04-18 17:58:14.518	1845.80	26.30	60.80	52.09	1.99	3.98	0.99	0.99	1.99	0.99
2026-04-18 17:58:15.513	1920.13	24.10	60.80	51.94	2.01	4.02	1.01	1.01	2.01	1.01
2026-04-18 17:58:16.519	1851.07	25.30	60.80	52.12	1.99	3.98	0.99	0.99	1.99	0.99
2026-04-18 17:58:17.513	1917.18	24.00	60.80	52.06	2.01	4.02	1.01	1.01	2.01	1.01
2026-04-18 17:58:18.518	1898.04	25.30	60.80	52.16	1.99	3.98	0.99	0.99	1.99	0.99
2026-04-18 17:58:19.513	1905.88	24.70	60.80	52.28	2.01	4.02	1.01	1.01	2.01	1.01
2026-04-18 17:58:20.519	1881.50	24.60	60.80	52.12	1.99	3.98	0.99	0.99	1.99	0.99
2026-04-18 17:58:21.513	1868.76	25.40	60.80	52.28	2.01	4.02	1.01	1.01	2.01	1.01
2026-04-18 17:58:22.519	1887.63	26.00	60.80	51.91	1.99	3.98	0.99	0.99	1.99	0.99
2026-04-18 17:58:23.513	1916.93	23.90	60.80	52.00	2.01	4.02	1.01	1.01	2.01	1.01
2026-04-18 17:58:24.519	1896.75	24.90	60.80	52.31	1.99	3.98	0.99	0.99	1.99	0.99
2026-04-18 17:58:25.513	1922.59	25.90	60.80	51.94	2.01	4.02	1.01	1.01	2.01	1.01
2026-04-18 17:58:26.519	1892.22	25.20	60.80	52.19	1.99	3.98	0.99	0.99	1.99	0.99
2026-04-18 17:58:27.512	1908.02	37.90	59.60	52.91	2.01	4.03	1.01	1.01	2.01	1.01
2026-04-18 17:58:28.517	1905.82	42.70	59.40	52.41	1.99	3.98	0.99	0.99	1.99	0.99
2026-04-18 17:58:29.514	1891.34	42.50	58.80	52.34	2.01	4.02	1.00	1.00	2.01	1.00
2026-04-18 17:58:30.519	1864.66	25.30	58.80	52.12	1.99	3.98	1.00	1.00	1.99	1.00
2026-04-18 17:58:31.513	1914.13	24.60	58.80	51.94	2.01	4.02	1.01	1.01	2.01	1.01
2026-04-18 17:58:32.520	1901.86	22.90	58.80	52.09	1.99	3.97	0.99	0.99	1.99	0.99
2026-04-18 17:58:33.513	1926.53	20.90	58.80	52.09	2.01	4.03	1.01	1.01	2.01	1.01
2026-04-18 17:58:34.519	1897.18	23.90	58.80	52.34	1.99	3.98	0.99	0.99	1.99	0.99
2026-04-18 17:58:35.513	1917.26	21.90	58.80	51.94	2.01	4.02	1.01	1.01	2.01	1.01
2026-04-18 17:58:36.519	1894.40	23.10	58.80	52.06	1.99	3.98	0.99	0.99	1.99	0.99
2026-04-18 17:58:37.513	1897.37	24.80	58.80	52.28	2.01	4.02	1.01	1.01	2.01	1.01
2026-04-18 17:58:38.520	1902.71	24.20	58.80	52.09	1.99	3.97	0.99	0.99	1.99	0.99
2026-04-18 17:58:39.513	1907.86	24.00	58.80	52.06	2.01	4.03	1.01	1.01	2.01	1.01
2026-04-18 17:58:40.519	1911.60	24.90	58.80	52.12	1.99	3.97	0.99	0.99	1.99	0.99
2026-04-18 17:58:41.513	1887.60	24.70	58.80	52.03	2.01	4.02	1.01	1.01	2.01	1.01
2026-04-18 17:58:42.519	1868.71	23.70	58.80	51.94	1.99	3.98	0.99	0.99	1.99	0.99
2026-04-18 17:58:43.513	1927.63	23.90	58.80	52.22	2.01	4.02	1.01	1.01	2.01	1.01
2026-04-18 17:58:44.519	1912.85	26.10	58.80	51.94	1.99	3.98	0.99	0.99	1.99	0.99
2026-04-18 17:58:45.513	1937.29	23.20	58.80	51.94	2.01	4.02	1.01	1.01	2.01	1.01
2026-04-18 17:58:46.519	1911.18	24.60	58.80	52.22	1.99	3.98	0.99	0.99	1.99	0.99
2026-04-18 17:58:47.513	1941.15	24.90	58.80	51.97	2.01	4.02	1.01	1.01	2.01	1.01
2026-04-18 17:58:48.518	1903.89	24.80	58.80	52.00	1.99	3.98	0.99	0.99	1.99	0.99
2026-04-18 17:58:49.513	1944.05	25.00	58.80	52.06	2.01	4.02	1.01	1.01	2.01	1.01
2026-04-18 17:58:50.519	1923.39	24.70	58.80	51.88	1.99	3.98	0.99	0.99	1.99	0.99
2026-04-18 17:58:51.513	1940.96	24.90	58.80	51.78	2.01	4.02	1.01	1.01	2.01	1.01
2026-04-18 17:58:52.519	1903.25	24.40	58.80	52.22	1.99	3.98	0.99	0.99	1.99	0.99
2026-04-18 17:58:53.513	1935.19	24.50	58.80	51.88	2.01	4.02	1.01	1.01	2.01	1.01
2026-04-18 17:58:54.519	1879.56	24.20	58.80	51.97	1.99	3.98	0.99	0.99	1.99	0.99
2026-04-18 17:58:55.513	1898.47	23.10	58.80	51.94	2.01	4.02	1.01	1.01	2.01	1.01
2026-04-18 17:58:56.518	1909.84	25.20	58.80	51.84	1.99	3.98	0.99	0.99	1.99	0.99
2026-04-18 17:58:57.513	1919.64	24.20	58.80	51.72	2.01	4.02	1.01	1.01	2.01	1.01
2026-04-18 17:58:58.520	1911.86	24.40	58.80	51.97	1.99	3.97	0.99	0.99	1.99	0.99
2026-04-18 17:58:59.513	1941.11	22.20	58.80	52.09	2.01	4.03	1.01	1.01	2.01	1.01
2026-04-18 17:59:00.518	1908.03	24.20	58.80	51.88	1.99	3.98	0.99	0.99	1.99	0.99
2026-04-18 17:59:01.513	1931.74	25.50	58.80	51.97	2.01	4.02	1.01	1.01	2.01	1.01
2026-04-18 17:59:02.521	1897.38	24.60	58.80	51.97	1.98	3.97	0.99	0.99	1.98	0.99
2026-04-18 17:59:03.513	1922.74	24.00	58.80	51.81	2.02	4.03	1.01	1.01	2.02	1.01
2026-04-18 17:59:04.520	1899.49	26.30	58.80	51.94	1.99	3.97	0.99	0.99	1.99	0.99
2026-04-18 17:59:05.513	1926.69	24.10	58.80	52.22	2.01	4.03	1.01	1.01	2.01	1.01
2026-04-18 17:59:06.519	1885.68	25.00	58.80	51.97	1.99	3.98	0.99	0.99	1.99	0.99
2026-04-18 17:59:07.513	1916.45	25.80	58.80	51.72	2.01	4.02	1.01	1.01	2.01	1.01
2026-04-18 17:59:08.519	1870.84	25.50	58.80	52.12	1.99	3.98	0.99	0.99	1.99	0.99
2026-04-18 17:59:09.513	1923.23	24.20	58.80	51.97	2.01	4.02	1.01	1.01	2.01	1.01
2026-04-18 17:59:10.518	1896.54	27.50	58.80	51.97	1.99	3.98	1.00	1.00	1.99	1.00
2026-04-18 17:59:11.513	1879.76	24.40	58.80	51.88	2.01	4.02	1.01	1.01	2.01	1.01
2026-04-18 17:59:12.518	1898.68	24.60	58.80	51.84	1.99	3.98	1.00	1.00	1.99	1.00
2026-04-18 17:59:13.513	1919.26	25.90	58.80	51.69	2.01	4.02	1.00	1.00	2.01	1.00
2026-04-18 17:59:14.518	1888.43	24.80	58.80	51.88	1.99	3.98	0.99	0.99	1.99	0.99
2026-04-18 17:59:15.513	1917.50	25.00	58.80	51.94	2.01	4.02	1.00	1.00	2.01	1.00
2026-04-18 17:59:16.520	1847.94	27.20	58.80	51.88	1.99	3.97	0.99	0.99	1.99	0.99
2026-04-18 17:59:17.513	1874.83	24.40	58.80	51.78	2.01	4.03	1.01	1.01	2.01	1.01
2026-04-18 17:59:18.518	1885.78	24.60	58.80	51.91	1.99	3.98	0.99	0.99	1.99	0.99
2026-04-18 17:59:19.513	1859.78	25.60	58.80	52.03	2.01	4.02	1.01	1.01	2.01	1.01
2026-04-18 17:59:20.520	1897.26	23.70	58.80	51.84	1.99	3.97	0.99	0.99	1.99	0.99
2026-04-18 17:59:21.513	1921.30	24.50	58.80	51.72	2.01	4.03	1.01	1.01	2.01	1.01
2026-04-18 17:59:22.518	1891.76	23.90	58.80	51.94	1.99	3.98	0.99	0.99	1.99	0.99
2026-04-18 17:59:23.513	1873.60	23.50	58.90	51.69	2.01	4.02	1.01	1.01	2.01	1.01
2026-04-18 17:59:24.520	1898.16	26.00	58.90	51.94	1.99	3.97	0.99	0.99	1.99	0.99
2026-04-18 17:59:25.513	1912.04	25.20	58.90	51.94	2.01	4.03	1.01	1.01	2.01	1.01
2026-04-18 17:59:26.519	1862.85	24.50	58.90	51.88	1.99	3.98	0.99	0.99	1.99	0.99
2026-04-18 17:59:27.513	1879.42	24.60	58.90	51.72	2.01	4.02	1.01	1.01	2.01	1.01
2026-04-18 17:59:28.519	1860.43	25.70	58.90	51.88	1.99	3.98	0.99	0.99	1.99	0.99
2026-04-18 17:59:29.513	1915.98	24.70	58.90	51.62	2.01	4.03	1.01	1.01	2.01	1.01
2026-04-18 17:59:30.519	1902.84	24.50	58.90	51.88	1.99	3.98	0.99	0.99	1.99	0.99
2026-04-18 17:59:31.514	1934.24	29.10	58.80	52.00	2.01	4.02	1.01	1.01	2.01	1.01
2026-04-18 17:59:32.520	1908.07	25.10	58.80	51.69	1.99	3.98	0.99	0.99	1.99	0.99
2026-04-18 17:59:33.513	1928.57	24.70	58.80	51.69	2.01	4.03	1.01	1.01	2.01	1.01
2026-04-18 17:59:34.515	1916.69	29.20	58.80	51.72	2.00	3.99	1.00	1.00	2.00	1.00
2026-04-18 17:59:35.513	1923.78	24.70	58.80	52.00	2.00	4.01	1.00	1.00	2.00	1.00
2026-04-18 17:59:36.519	1849.89	23.50	58.80	51.72	1.99	3.98	0.99	0.99	1.99	0.99
2026-04-18 17:59:37.513	1847.93	24.30	58.80	51.81	2.01	4.02	1.01	1.01	2.01	1.01
2026-04-18 17:59:38.520	1911.44	26.30	58.80	51.81	1.99	3.97	0.99	0.99	1.99	0.99
2026-04-18 17:59:39.513	1928.41	24.80	58.80	51.75	2.01	4.03	1.01	1.01	2.01	1.01
2026-04-18 17:59:40.519	1914.08	24.80	58.80	51.88	1.99	3.98	0.99	0.99	1.99	0.99
2026-04-18 17:59:41.513	1938.74	24.50	58.80	52.06	2.01	4.02	1.01	1.01	2.01	1.01
2026-04-18 17:59:42.518	1917.60	24.20	58.80	51.72	1.99	3.98	0.99	0.99	1.99	0.99
2026-04-18 17:59:43.513	1930.26	26.50	58.80	51.78	2.01	4.02	1.01	1.01	2.01	1.01
2026-04-18 17:59:44.519	1919.76	24.80	58.80	51.97	1.99	3.97	0.99	0.99	1.99	0.99
2026-04-18 17:59:45.513	1946.73	24.20	58.80	51.66	2.01	4.03	1.01	1.01	2.01	1.01
2026-04-18 17:59:46.520	1910.43	26.20	58.80	51.72	1.99	3.97	0.99	0.99	1.99	0.99
2026-04-18 17:59:47.513	1943.64	22.60	58.80	51.78	2.01	4.03	1.01	1.01	2.01	1.01
2026-04-18 17:59:48.519	1918.99	25.80	58.80	51.75	1.99	3.98	0.99	0.99	1.99	0.99
2026-04-18 17:59:49.513	1942.94	25.90	58.80	51.75	2.01	4.02	1.01	1.01	2.01	1.01
2026-04-18 17:59:50.520	1923.58	24.80	58.80	51.91	1.99	3.97	0.99	0.99	1.99	0.99
2026-04-18 17:59:51.513	1946.67	24.20	58.80	51.66	2.01	4.03	1.01	1.01	2.01	1.01
2026-04-18 17:59:52.519	1927.23	26.00	58.80	52.00	1.99	3.98	0.99	0.99	1.99	0.99
2026-04-18 17:59:53.512	1943.95	23.60	58.80	51.62	2.01	4.02	1.01	1.01	2.01	1.01
2026-04-18 17:59:54.520	1922.52	26.20	58.80	52.03	1.99	3.97	0.99	0.99	1.99	0.99
2026-04-18 17:59:55.512	1950.19	31.10	59.00	52.16	2.01	4.03	1.01	1.01	2.01	1.01
2026-04-18 17:59:56.519	1918.32	27.40	58.90	51.94	1.99	3.97	0.99	0.99	1.99	0.99
2026-04-18 17:59:57.513	1946.08	25.60	58.90	51.97	2.01	4.02	1.01	1.01	2.01	1.01
2026-04-18 17:59:58.518	1912.52	24.50	58.90	51.94	1.99	3.98	1.00	1.00	1.99	1.00
2026-04-18 17:59:59.513	1935.93	24.30	58.90	51.81	2.01	4.02	1.01	1.01	2.01	1.01
2026-04-18 18:00:00.518	1925.77	24.50	58.90	51.84	1.99	3.98	0.99	0.99	1.99	0.99
2026-04-18 18:00:01.513	1919.42	25.10	58.90	51.81	2.01	4.02	1.00	1.00	2.01	1.00
2026-04-18 18:00:02.520	1917.12	28.30	58.90	51.78	1.99	3.97	0.99	0.99	1.99	0.99
2026-04-18 18:00:03.513	1941.73	25.80	58.90	51.88	2.01	4.03	1.01	1.01	2.01	1.01
2026-04-18 18:00:04.519	1909.28	25.60	58.90	51.94	1.99	3.98	0.99	0.99	1.99	0.99
2026-04-18 18:00:05.513	1930.00	28.30	58.90	51.56	2.01	4.02	1.01	1.01	2.01	1.01
2026-04-18 18:00:06.520	1904.29	25.40	58.90	51.75	1.99	3.98	0.99	0.99	1.99	0.99
2026-04-18 18:00:07.512	1936.35	35.20	58.90	52.44	2.01	4.03	1.01	1.01	2.01	1.01
2026-04-18 18:00:08.519	1896.94	30.50	58.90	51.91	1.99	3.97	0.99	0.99	1.99	0.99
2026-04-18 18:00:09.513	1926.45	23.30	58.90	51.84	2.01	4.03	1.01	1.01	2.01	1.01
2026-04-18 18:00:10.520	1888.77	25.90	58.90	51.94	1.99	3.97	0.99	0.99	1.99	0.99
2026-04-18 18:00:11.512	1926.49	24.60	59.00	52.00	2.02	4.03	1.01	1.01	2.02	1.01
2026-04-18 18:00:12.514	1867.24	42.50	59.40	52.84	2.00	3.99	1.00	1.00	2.00	1.00
2026-04-18 18:00:13.512	903.37	44.90	60.20	52.47	1.00	0.00	1.00	1.00	0.00	1.00
2026-04-18 18:00:14.513	760.89	43.10	59.80	52.31	0.00	0.00	1.00	1.00	0.00	1.00
2026-04-18 18:00:15.512	765.13	22.20	59.90	52.19	0.00	0.00	1.00	1.00	0.00	1.00
2026-04-18 18:00:16.514	764.87	23.40	59.90	52.22	0.00	0.00	1.00	1.00	0.00	1.00
2026-04-18 18:00:17.512	771.05	23.70	59.90	52.31	0.00	0.00	1.00	1.00	0.00	1.00
2026-04-18 18:00:18.515	752.06	19.60	59.90	52.12	0.00	0.00	1.00	1.00	0.00	1.00
2026-04-18 18:00:19.512	747.91	25.20	60.00	52.25	0.00	0.00	1.00	1.00	0.00	1.00
2026-04-18 18:00:20.515	759.89	19.70	57.70	52.06	0.00	0.00	1.00	1.00	0.00	1.00
2026-04-18 18:00:21.514	756.91	14.90	57.60	51.84	0.00	0.00	1.00	1.00	0.00	1.00
2026-04-18 18:00:22.519	750.23	17.50	57.60	51.72	0.00	0.00	1.00	1.00	0.00	1.00
2026-04-18 18:00:23.513	764.10	18.40	57.60	51.97	0.00	0.00	1.01	1.01	0.00	1.01
2026-04-18 18:00:24.519	748.07	16.40	57.70	51.72	0.00	0.00	0.99	0.99	0.00	0.99
2026-04-18 18:00:25.513	766.72	14.50	57.70	51.78	0.00	0.00	1.01	1.01	0.00	1.01
2026-04-18 18:00:26.519	755.35	16.00	57.70	51.97	0.00	0.00	0.99	0.99	0.00	0.99
2026-04-18 18:00:27.513	768.19	18.60	57.70	51.69	0.00	0.00	1.01	1.01	0.00	1.01
2026-04-18 18:00:28.519	755.80	15.30	57.70	51.72	0.00	0.00	0.99	0.99	0.00	0.99
2026-04-18 18:00:29.513	768.44	14.00	57.70	51.84	0.00	0.00	1.01	1.01	0.00	1.01
2026-04-18 18:00:30.519	745.61	14.70	57.60	51.94	0.00	0.00	0.99	0.99	0.00	0.99
2026-04-18 18:00:31.513	770.30	15.50	57.60	51.62	0.00	0.00	1.01	1.01	0.00	1.01
2026-04-18 18:00:32.518	758.17	19.80	57.70	51.88	0.00	0.00	0.99	0.99	0.00	0.99
2026-04-18 18:00:33.513	769.93	15.80	57.70	51.88	0.00	0.00	1.01	1.01	0.00	1.01
2026-04-18 18:00:34.515	762.83	14.40	57.70	51.78	0.00	0.00	1.00	1.00	0.00	1.00
2026-04-18 18:00:35.514	756.96	18.90	57.70	51.69	0.00	0.00	1.00	1.00	0.00	1.00
2026-04-18 18:00:36.515	756.85	16.60	57.70	51.66	0.00	0.00	1.00	1.00	0.00	1.00
2026-04-18 18:00:37.513	765.31	17.90	57.70	51.59	0.00	0.00	1.00	1.00	0.00	1.00
2026-04-18 18:00:38.515	770.57	14.80	57.70	51.50	0.00	0.00	1.00	1.00	0.00	1.00
2026-04-18 18:00:39.513	765.46	15.30	57.70	51.78	0.00	0.00	1.00	1.00	0.00	1.00
2026-04-18 18:00:40.516	772.20	16.70	57.70	51.72	0.00	0.00	1.00	1.00	0.00	1.00
2026-04-18 18:00:41.513	769.68	19.20	57.70	51.72	0.00	0.00	1.00	1.00	0.00	1.00
2026-04-18 18:00:42.515	762.81	14.90	57.70	51.59	0.00	0.00	1.00	1.00	0.00	1.00
2026-04-18 18:00:43.513	783.32	14.90	57.70	51.66	0.00	0.00	1.00	1.00	0.00	1.00
2026-04-18 18:00:44.516	764.21	27.50	57.60	51.94	0.00	0.00	1.00	1.00	0.00	1.00
2026-04-18 18:00:45.514	779.61	18.40	57.60	51.81	0.00	0.00	1.00	1.00	0.00	1.00
2026-04-18 18:00:46.515	780.56	19.70	57.70	51.72	0.00	0.00	1.00	1.00	0.00	1.00
2026-04-18 18:00:47.514	785.48	15.20	57.70	51.69	0.00	0.00	1.00	1.00	0.00	1.00
2026-04-18 18:00:48.513	772.77	20.00	57.80	52.28	0.00	0.00	1.00	1.00	0.00	1.00
2026-04-18 18:00:49.512	784.07	43.30	58.20	52.06	0.00	0.00	1.00	1.00	0.00	1.00
2026-04-18 18:00:50.516	775.55	25.80	58.30	52.03	0.00	0.00	1.00	1.00	0.00	1.00
2026-04-18 18:00:51.512	792.67	28.00	58.70	52.31	0.00	0.00	1.00	1.00	0.00	1.00
2026-04-18 18:00:52.513	787.44	23.70	58.90	52.19	0.00	0.00	1.00	1.00	0.00	1.00
2026-04-18 18:00:53.513	793.77	15.90	58.40	51.94	0.00	0.00	1.00	1.00	0.00	1.00
2026-04-18 18:00:54.515	794.35	15.40	58.40	51.66	0.00	0.00	1.00	1.00	0.00	1.00
2026-04-18 18:00:55.514	795.43	16.90	58.40	51.94	0.00	0.00	1.00	1.00	0.00	1.00
2026-04-18 18:00:56.516	802.36	18.40	58.40	52.03	0.00	0.00	1.00	1.00	0.00	1.00
2026-04-18 18:00:57.513	793.76	15.20	58.40	51.53	0.00	0.00	1.00	1.00	0.00	1.00
2026-04-18 18:00:58.515	800.41	15.90	58.40	51.69	0.00	0.00	1.00	1.00	0.00	1.00
2026-04-18 18:00:59.513	793.63	15.10	58.40	51.72	0.00	0.00	1.00	1.00	0.00	1.00
2026-04-18 18:01:00.515	794.39	16.50	58.40	51.50	0.00	0.00	1.00	1.00	0.00	1.00
2026-04-18 18:01:01.514	803.37	18.40	58.40	51.78	0.00	0.00	1.00	1.00	0.00	1.00
2026-04-18 18:01:02.513	794.83	21.30	58.50	52.12	0.00	0.00	1.00	1.00	0.00	1.00
2026-04-18 18:01:03.512	798.34	24.60	59.10	52.28	0.00	0.00	1.00	1.00	0.00	1.00
2026-04-18 18:01:04.513	797.55	26.90	59.20	52.72	0.00	0.00	1.00	1.00	0.00	1.00
2026-04-18 18:01:05.513	798.01	23.90	59.40	51.94	0.00	0.00	1.00	1.00	0.00	1.00
2026-04-18 18:01:06.515	803.74	14.70	59.40	51.91	0.00	0.00	1.00	1.00	0.00	1.00
2026-04-18 18:01:07.514	805.53	19.10	59.50	51.78	0.00	0.00	1.00	1.00	0.00	1.00
2026-04-18 18:01:08.515	798.64	21.10	59.40	51.75	0.00	0.00	1.00	1.00	0.00	1.00
2026-04-18 18:01:09.513	795.61	19.40	59.40	51.81	0.00	0.00	1.00	1.00	0.00	1.00
2026-04-18 18:01:10.515	786.51	18.10	59.40	51.78	0.00	0.00	1.00	1.00	0.00	1.00
2026-04-18 18:01:11.513	799.36	18.00	59.40	51.72	0.00	0.00	1.00	1.00	0.00	1.00
2026-04-18 18:01:12.515	780.58	17.50	59.40	51.59	0.00	0.00	1.00	1.00	0.00	1.00
2026-04-18 18:01:13.513	787.51	17.70	59.40	51.53	0.00	0.00	1.00	1.00	0.00	1.00
2026-04-18 18:01:14.515	792.59	16.90	59.40	51.44	0.00	0.00	1.00	1.00	0.00	1.00
2026-04-18 18:01:15.513	787.54	16.40	59.40	51.88	0.00	0.00	1.00	1.00	0.00	1.00
2026-04-18 18:01:16.515	784.52	18.10	59.40	51.66	0.00	0.00	1.00	1.00	0.00	1.00
2026-04-18 18:01:17.513	791.50	18.50	59.40	51.59	0.00	0.00	1.00	1.00	0.00	1.00
2026-04-18 18:01:18.515	784.49	18.00	59.40	51.62	0.00	0.00	1.00	1.00	0.00	1.00
2026-04-18 18:01:19.513	775.28	18.80	59.40	51.50	0.00	0.00	1.00	1.00	0.00	1.00
2026-04-18 18:01:20.515	782.58	16.00	59.40	51.84	0.00	0.00	1.00	1.00	0.00	1.00
2026-04-18 18:01:21.513	787.43	17.20	59.40	51.69	0.00	0.00	1.00	1.00	0.00	1.00
2026-04-18 18:01:22.515	780.65	16.90	59.40	51.69	0.00	0.00	1.00	1.00	0.00	1.00
2026-04-18 18:01:23.513	767.38	16.80	59.40	51.62	0.00	0.00	1.00	1.00	0.00	1.00
2026-04-18 18:01:24.515	778.47	16.00	59.50	51.62	0.00	0.00	1.00	1.00	0.00	1.00
2026-04-18 18:01:25.514	779.40	19.60	59.50	51.50	0.00	0.00	1.00	1.00	0.00	1.00
2026-04-18 18:01:26.515	780.74	19.10	59.50	51.94	0.00	0.00	1.00	1.00	0.00	1.00
2026-04-18 18:01:27.513	771.47	16.90	59.50	51.69	0.00	0.00	1.00	1.00	0.00	1.00
2026-04-18 18:01:28.515	770.43	16.70	59.50	51.59	0.00	0.00	1.00	1.00	0.00	1.00
2026-04-18 18:01:29.513	771.47	17.50	59.50	51.50	0.00	0.00	1.00	1.00	0.00	1.00
2026-04-18 18:01:30.515	772.53	16.70	59.50	51.56	0.00	0.00	1.00	1.00	0.00	1.00
2026-04-18 18:01:31.513	767.46	19.10	59.50	51.81	0.00	0.00	1.00	1.00	0.00	1.00
2026-04-18 18:01:32.515	768.73	16.80	59.50	51.72	0.00	0.00	1.00	1.00	0.00	1.00
2026-04-18 18:01:33.513	775.20	16.10	59.50	51.50	0.00	0.00	1.00	1.00	0.00	1.00
2026-04-18 18:01:34.515	760.79	16.70	59.50	51.53	0.00	0.00	1.00	1.00	0.00	1.00
2026-04-18 18:01:35.513	775.32	17.90	59.70	51.53	0.00	0.00	1.00	1.00	0.00	1.00
2026-04-18 18:01:36.515	774.69	15.70	59.70	51.41	0.00	0.00	1.00	1.00	0.00	1.00
2026-04-18 18:01:37.513	765.49	16.60	59.70	51.66	0.00	0.00	1.00	1.00	0.00	1.00
2026-04-18 18:01:38.515	748.43	17.50	59.70	51.59	0.00	0.00	1.00	1.00	0.00	1.00
2026-04-18 18:01:39.513	773.45	16.40	59.70	51.44	0.00	0.00	1.00	1.00	0.00	1.00
2026-04-18 18:01:40.515	762.42	18.80	59.70	51.50	0.00	0.00	1.00	1.00	0.00	1.00
2026-04-18 18:01:41.514	755.41	16.10	59.70	51.56	0.00	0.00	1.00	1.00	0.00	1.00
2026-04-18 18:01:42.515	764.63	16.80	59.70	51.66	0.00	0.00	1.00	1.00	0.00	1.00
2026-04-18 18:01:43.514	757.35	19.90	59.70	51.62	0.00	0.00	1.00	1.00	0.00	1.00
2026-04-18 18:01:44.515	772.74	17.90	59.70	51.59	0.00	0.00	1.00	1.00	0.00	1.00
2026-04-18 18:01:45.514	783.29	17.40	59.80	51.44	0.00	0.00	1.00	1.00	0.00	1.00
2026-04-18 18:01:46.515	776.59	18.30	59.80	51.59	0.00	0.00	1.00	1.00	0.00	1.00
2026-04-18 18:01:47.514	769.31	16.40	59.80	51.66	0.00	0.00	1.00	1.00	0.00	1.00
2026-04-18 18:01:48.516	762.54	15.30	59.80	51.78	0.00	0.00	1.00	1.00	0.00	1.00
2026-04-18 18:01:49.513	781.66	16.40	59.80	51.44	0.00	0.00	1.00	1.00	0.00	1.00
2026-04-18 18:01:50.515	778.66	14.80	59.80	51.38	0.00	0.00	1.00	1.00	0.00	1.00
2026-04-18 18:01:51.513	769.38	16.60	59.80	51.91	0.00	0.00	1.00	1.00	0.00	1.00
2026-04-18 18:01:52.515	772.39	17.60	59.80	51.62	0.00	0.00	1.00	1.00	0.00	1.00
2026-04-18 18:01:53.513	775.58	15.20	59.80	51.56	0.00	0.00	1.00	1.00	0.00	1.00
2026-04-18 18:01:54.516	772.27	15.70	59.80	51.44	0.00	0.00	1.00	1.00	0.00	1.00
2026-04-18 18:01:55.513	777.81	15.90	60.00	51.53	0.00	0.00	1.00	1.00	0.00	1.00
2026-04-18 18:01:56.513	779.90	19.60	60.00	51.66	0.00	0.00	1.00	1.00	0.00	1.00
2026-04-18 18:01:57.512	783.11	17.10	60.00	52.16	0.00	0.00	1.00	1.00	0.00	1.00
2026-04-18 18:01:58.513	779.60	32.90	60.50	52.38	0.00	0.00	1.00	1.00	0.00	1.00
2026-04-18 18:01:59.513	775.35	25.30	60.00	51.59	0.00	0.00	1.00	1.00	0.00	1.00
2026-04-18 18:02:00.515	784.55	18.30	60.00	51.50	0.00	0.00	1.00	1.00	0.00	1.00
2026-04-18 18:02:01.513	781.40	21.10	60.00	51.41	0.00	0.00	1.00	1.00	0.00	1.00
2026-04-18 18:02:02.515	764.63	20.20	60.00	51.69	0.00	0.00	1.00	1.00	0.00	1.00
2026-04-18 18:02:03.514	777.27	18.70	60.00	51.62	0.00	0.00	1.00	1.00	0.00	1.00
2026-04-18 18:02:04.515	766.66	19.00	60.00	51.50	0.00	0.00	1.00	1.00	0.00	1.00
2026-04-18 18:02:05.514	773.42	16.80	60.20	51.44	0.00	0.00	1.00	1.00	0.00	1.00
2026-04-18 18:02:06.515	776.53	17.60	60.20	51.44	0.00	0.00	1.00	1.00	0.00	1.00
2026-04-18 18:02:07.514	771.45	18.70	60.20	51.69	0.00	0.00	1.00	1.00	0.00	1.00
2026-04-18 18:02:08.515	778.52	19.60	60.20	51.59	0.00	0.00	1.00	1.00	0.00	1.00
2026-04-18 18:02:09.513	783.60	16.90	60.20	51.41	0.00	0.00	1.00	1.00	0.00	1.00
2026-04-18 18:02:10.515	778.56	19.70	60.20	51.41	0.00	0.00	1.00	1.00	0.00	1.00
2026-04-18 18:02:11.513	787.48	19.70	60.20	51.31	0.00	0.00	1.00	1.00	0.00	1.00
2026-04-18 18:02:12.515	778.43	18.80	60.20	51.31	0.00	0.00	1.00	1.00	0.00	1.00
2026-04-18 18:02:13.513	781.53	17.80	60.20	51.72	0.00	0.00	1.00	1.00	0.00	1.00
2026-04-18 18:02:14.515	788.57	16.40	60.20	51.47	0.00	0.00	1.00	1.00	0.00	1.00
2026-04-18 18:02:15.513	787.47	15.10	60.20	51.44	0.00	0.00	1.00	1.00	0.00	1.00
2026-04-18 18:02:16.515	778.62	17.40	60.20	51.47	0.00	0.00	1.00	1.00	0.00	1.00
2026-04-18 18:02:17.513	789.37	17.00	60.20	51.44	0.00	0.00	1.00	1.00	0.00	1.00
2026-04-18 18:02:18.515	784.67	19.00	60.20	51.59	0.00	0.00	1.00	1.00	0.00	1.00
2026-04-18 18:02:19.513	791.33	16.00	60.20	51.50	0.00	0.00	1.00	1.00	0.00	1.00
2026-04-18 18:02:20.515	780.44	17.40	60.20	51.34	0.00	0.00	1.00	1.00	0.00	1.00
2026-04-18 18:02:21.513	781.55	15.60	60.20	51.31	0.00	0.00	1.00	1.00	0.00	1.00
2026-04-18 18:02:22.515	776.64	17.30	60.20	51.34	0.00	0.00	1.00	1.00	0.00	1.00
2026-04-18 18:02:23.514	773.28	15.30	60.20	51.22	0.00	0.00	1.00	1.00	0.00	1.00
2026-04-18 18:02:24.515	788.57	15.70	60.20	51.59	0.00	0.00	1.00	1.00	0.00	1.00
2026-04-18 18:02:25.513	787.49	16.30	60.20	51.41	0.00	0.00	1.00	1.00	0.00	1.00
2026-04-18 18:02:26.515	770.62	15.20	60.20	51.47	0.00	0.00	1.00	1.00	0.00	1.00
2026-04-18 18:02:27.513	785.38	15.80	60.20	51.38	0.00	0.00	1.00	1.00	0.00	1.00
2026-04-18 18:02:28.515	788.63	16.20	60.20	51.28	0.00	0.00	1.00	1.00	0.00	1.00
2026-04-18 18:02:29.513	783.52	16.80	60.20	51.56	0.00	0.00	1.00	1.00	0.00	1.00
2026-04-18 18:02:30.515	784.50	15.80	60.20	51.53	0.00	0.00	1.00	1.00	0.00	1.00
2026-04-18 18:02:31.514	779.29	17.70	60.20	51.34	0.00	0.00	1.00	1.00	0.00	1.00
2026-04-18 18:02:32.515	774.84	14.90	60.20	51.16	0.00	0.00	1.00	1.00	0.00	1.00
2026-04-18 18:02:33.514	775.12	17.20	60.20	51.53	0.00	0.00	1.00	1.00	0.00	1.00
2026-04-18 18:02:34.513	778.48	19.30	60.20	51.44	0.00	0.00	1.00	1.00	0.00	1.00
2026-04-18 18:02:35.514	783.58	16.60	60.20	51.41	0.00	0.00	1.00	1.00	0.00	1.00
2026-04-18 18:02:36.515	764.55	16.90	60.20	51.34	0.00	0.00	1.00	1.00	0.00	1.00
2026-04-18 18:02:37.513	779.54	16.50	60.20	51.25	0.00	0.00	1.00	1.00	0.00	1.00
2026-04-18 18:02:38.515	782.56	16.40	60.20	51.44	0.00	0.00	1.00	1.00	0.00	1.00
2026-04-18 18:02:39.512	784.25	17.50	60.20	51.56	0.00	0.00	1.00	1.00	0.00	1.00
2026-04-18 18:02:40.518	773.77	17.10	60.20	51.50	0.00	0.00	0.99	0.99	0.00	0.99
2026-04-18 18:02:41.513	777.71	16.80	60.20	51.16	0.00	0.00	1.00	1.00	0.00	1.00
2026-04-18 18:02:42.515	784.57	17.50	60.20	51.25	0.00	0.00	1.00	1.00	0.00	1.00
2026-04-18 18:02:43.513	769.83	17.10	60.20	51.50	0.00	0.00	1.00	1.00	0.00	1.00
2026-04-18 18:02:44.515	778.08	23.00	60.30	51.44	0.00	0.00	1.00	1.00	0.00	1.00
2026-04-18 18:02:45.513	787.60	17.80	60.30	51.22	0.00	0.00	1.00	1.00	0.00	1.00
2026-04-18 18:02:46.515	782.21	18.80	60.30	51.44	0.00	0.00	1.00	1.00	0.00	1.00
2026-04-18 18:02:47.513	787.66	16.60	60.30	51.22	0.00	0.00	1.00	1.00	0.00	1.00
2026-04-18 18:02:48.515	788.38	18.20	60.20	51.16	0.00	0.00	1.00	1.00	0.00	1.00
2026-04-18 18:02:49.513	783.60	16.30	60.20	51.41	0.00	0.00	1.00	1.00	0.00	1.00
2026-04-18 18:02:50.515	790.27	17.90	60.20	51.25	0.00	0.00	1.00	1.00	0.00	1.00
2026-04-18 18:02:51.513	789.72	17.30	60.20	51.25	0.00	0.00	1.00	1.00	0.00	1.00
2026-04-18 18:02:52.515	780.55	16.00	60.20	51.22	0.00	0.00	1.00	1.00	0.00	1.00
2026-04-18 18:02:53.513	779.23	18.50	60.20	51.22	0.00	0.00	1.00	1.00	0.00	1.00
2026-04-18 18:02:54.513	772.22	17.60	60.20	51.66	0.00	0.00	1.00	1.00	0.00	1.00
2026-04-18 18:02:55.512	782.82	45.30	60.80	52.38	0.00	0.00	1.00	1.00	0.00	1.00
2026-04-18 18:02:56.515	759.51	26.40	60.90	51.38	0.00	0.00	1.00	1.00	0.00	1.00
2026-04-18 18:02:57.513	765.65	24.40	60.90	51.31	0.00	0.00	1.00	1.00	0.00	1.00
2026-04-18 18:02:58.515	770.51	18.70	60.90	51.25	0.00	0.00	1.00	1.00	0.00	1.00
2026-04-18 18:02:59.513	785.48	20.40	60.90	51.19	0.00	0.00	1.00	1.00	0.00	1.00
2026-04-18 18:03:00.515	768.64	16.60	60.90	51.38	0.00	0.00	1.00	1.00	0.00	1.00
2026-04-18 18:03:01.514	777.23	17.90	60.90	51.41	0.00	0.00	1.00	1.00	0.00	1.00
2026-04-18 18:03:02.515	784.60	17.00	60.90	51.25	0.00	0.00	1.00	1.00	0.00	1.00
2026-04-18 18:03:03.513	781.53	15.60	60.90	51.22	0.00	0.00	1.00	1.00	0.00	1.00
2026-04-18 18:03:04.515	782.31	18.00	60.90	51.09	0.00	0.00	1.00	1.00	0.00	1.00
2026-04-18 18:03:05.513	775.56	16.50	60.90	51.34	0.00	0.00	1.00	1.00	0.00	1.00
2026-04-18 18:03:06.515	784.54	15.60	60.90	51.38	0.00	0.00	1.00	1.00	0.00	1.00
2026-04-18 18:03:07.513	785.54	16.10	60.90	51.34	0.00	0.00	1.00	1.00	0.00	1.00
2026-04-18 18:03:08.515	774.69	15.70	60.90	51.16	0.00	0.00	1.00	1.00	0.00	1.00
2026-04-18 18:03:09.512	782.04	15.80	60.90	51.78	0.00	0.00	1.00	1.00	0.00	1.00
2026-04-18 18:03:10.513	783.24	31.60	61.40	51.59	0.00	0.00	1.00	1.00	0.00	1.00
2026-04-18 18:03:11.514	785.92	35.20	61.40	51.66	0.00	0.00	1.00	1.00	0.00	1.00
2026-04-18 18:03:12.515	784.52	20.30	61.40	51.44	0.00	0.00	1.00	1.00	0.00	1.00
2026-04-18 18:03:13.514	783.49	21.00	61.40	51.19	0.00	0.00	1.00	1.00	0.00	1.00
2026-04-18 18:03:14.515	776.60	17.70	61.40	51.19	0.00	0.00	1.00	1.00	0.00	1.00
2026-04-18 18:03:15.513	783.46	17.10	61.40	51.19	0.00	0.00	1.00	1.00	0.00	1.00
2026-04-18 18:03:16.515	764.64	19.00	61.40	51.44	0.00	0.00	1.00	1.00	0.00	1.00
2026-04-18 18:03:17.514	779.19	21.30	61.40	51.47	0.00	0.00	1.00	1.00	0.00	1.00
2026-04-18 18:03:18.515	766.97	19.00	60.90	51.19	0.00	0.00	1.00	1.00	0.00	1.00
2026-04-18 18:03:19.513	775.28	17.60	60.90	51.22	0.00	0.00	1.00	1.00	0.00	1.00
2026-04-18 18:03:20.513	772.19	18.90	60.90	51.44	0.00	0.00	1.00	1.00	0.00	1.00
2026-04-18 18:03:21.513	773.85	18.40	61.00	51.22	0.00	0.00	1.00	1.00	0.00	1.00
2026-04-18 18:03:22.515	746.49	19.60	61.00	51.38	0.00	0.00	1.00	1.00	0.00	1.00
2026-04-18 18:03:23.513	775.52	17.10	61.00	51.16	0.00	0.00	1.00	1.00	0.00	1.00
2026-04-18 18:03:24.515	760.45	16.40	61.00	51.12	0.00	0.00	1.00	1.00	0.00	1.00
2026-04-18 18:03:25.513	763.53	18.00	61.00	51.41	0.00	0.00	1.00	1.00	0.00	1.00
2026-04-18 18:03:26.515	766.55	18.90	61.00	51.19	0.00	0.00	1.00	1.00	0.00	1.00
2026-04-18 18:03:27.514	773.35	17.50	61.00	51.22	0.00	0.00	1.00	1.00	0.00	1.00
2026-04-18 18:03:28.515	770.67	19.60	61.00	51.25	0.00	0.00	1.00	1.00	0.00	1.00
2026-04-18 18:03:29.513	763.46	18.70	61.00	51.16	0.00	0.00	1.00	1.00	0.00	1.00
2026-04-18 18:03:30.515	750.63	17.20	61.00	51.22	0.00	0.00	1.00	1.00	0.00	1.00
2026-04-18 18:03:31.513	767.36	19.00	61.00	51.38	0.00	0.00	1.00	1.00	0.00	1.00
2026-04-18 18:03:32.515	766.61	17.80	61.00	51.00	0.00	0.00	1.00	1.00	0.00	1.00
2026-04-18 18:03:33.514	765.35	18.20	61.00	51.12	0.00	0.00	1.00	1.00	0.00	1.00
2026-04-18 18:03:34.515	764.50	22.20	61.00	51.22	0.00	0.00	1.00	1.00	0.00	1.00
2026-04-18 18:03:35.513	767.66	17.70	60.50	50.97	0.00	0.00	1.00	1.00	0.00	1.00
2026-04-18 18:03:36.513	764.58	29.30	60.80	51.84	0.00	0.00	1.00	1.00	0.00	1.00
2026-04-18 18:03:37.514	773.20	21.50	60.60	51.41	0.00	0.00	1.00	1.00	0.00	1.00
2026-04-18 18:03:38.515	768.77	20.10	60.60	51.34	0.00	0.00	1.00	1.00	0.00	1.00
2026-04-18 18:03:39.513	769.51	16.50	60.60	51.16	0.00	0.00	1.00	1.00	0.00	1.00
2026-04-18 18:03:40.515	772.29	17.80	60.60	51.12	0.00	0.00	1.00	1.00	0.00	1.00
2026-04-18 18:03:41.513	773.59	16.80	60.60	51.25	0.00	0.00	1.00	1.00	0.00	1.00
2026-04-18 18:03:42.515	772.71	14.40	60.60	51.31	0.00	0.00	1.00	1.00	0.00	1.00
2026-04-18 18:03:43.513	781.31	18.20	60.60	51.19	0.00	0.00	1.00	1.00	0.00	1.00
2026-04-18 18:03:44.515	780.64	15.10	60.60	51.06	0.00	0.00	1.00	1.00	0.00	1.00
2026-04-18 18:03:45.513	783.35	17.00	60.60	50.97	0.00	0.00	1.00	1.00	0.00	1.00
2026-04-18 18:03:46.515	780.45	17.40	60.60	50.94	0.00	0.00	1.00	1.00	0.00	1.00
2026-04-18 18:03:47.513	791.53	19.10	60.60	51.34	0.00	0.00	1.00	1.00	0.00	1.00
2026-04-18 18:03:48.515	784.54	18.60	60.60	51.16	0.00	0.00	1.00	1.00	0.00	1.00
2026-04-18 18:03:49.513	779.45	17.30	60.60	51.06	0.00	0.00	1.00	1.00	0.00	1.00
2026-04-18 18:03:50.515	786.54	16.50	60.60	51.16	0.00	0.00	1.00	1.00	0.00	1.00
2026-04-18 18:03:51.513	795.67	16.80	60.60	51.12	0.00	0.00	1.00	1.00	0.00	1.00
2026-04-18 18:03:52.515	778.38	23.50	60.70	51.41	0.00	0.00	1.00	1.00	0.00	1.00
2026-04-18 18:03:53.513	799.44	16.50	60.70	51.34	0.00	0.00	1.00	1.00	0.00	1.00
2026-04-18 18:03:54.515	794.69	17.10	60.70	51.16	0.00	0.00	1.00	1.00	0.00	1.00
2026-04-18 18:03:55.513	789.39	16.10	60.70	51.03	0.00	0.00	1.00	1.00	0.00	1.00
2026-04-18 18:03:56.515	794.62	18.80	60.70	51.12	0.00	0.00	1.00	1.00	0.00	1.00
2026-04-18 18:03:57.513	787.28	17.10	60.70	50.94	0.00	0.00	1.00	1.00	0.00	1.00
2026-04-18 18:03:58.515	788.57	18.00	60.80	51.25	0.00	0.00	1.00	1.00	0.00	1.00
2026-04-18 18:03:59.513	785.52	16.90	60.80	51.12	0.00	0.00	1.00	1.00	0.00	1.00
2026-04-18 18:04:00.515	788.59	16.30	60.80	51.06	0.00	0.00	1.00	1.00	0.00	1.00
2026-04-18 18:04:01.512	794.44	27.90	61.00	51.97	0.00	0.00	1.00	1.00	0.00	1.00
2026-04-18 18:04:02.513	795.57	34.40	61.30	51.91	0.00	0.00	1.00	1.00	0.00	1.00
2026-04-18 18:04:03.513	797.54	21.20	61.10	51.38	0.00	0.00	1.00	1.00	0.00	1.00
2026-04-18 18:04:04.515	792.31	15.60	61.10	51.16	0.00	0.00	1.00	1.00	0.00	1.00
2026-04-18 18:04:05.513	799.57	16.30	61.10	51.12	0.00	0.00	1.00	1.00	0.00	1.00
2026-04-18 18:04:06.515	784.73	19.00	61.20	51.16	0.00	0.00	1.00	1.00	0.00	1.00
2026-04-18 18:04:07.513	785.17	19.30	61.20	51.06	0.00	0.00	1.00	1.00	0.00	1.00
2026-04-18 18:04:08.515	788.58	18.90	61.20	51.00	0.00	0.00	1.00	1.00	0.00	1.00
2026-04-18 18:04:09.513	791.46	18.50	61.20	51.38	0.00	0.00	1.00	1.00	0.00	1.00
2026-04-18 18:04:10.515	786.66	19.20	61.20	51.12	0.00	0.00	1.00	1.00	0.00	1.00
2026-04-18 18:04:11.513	791.45	19.00	61.20	50.97	0.00	0.00	1.00	1.00	0.00	1.00
2026-04-18 18:04:12.515	784.40	17.80	61.20	50.97	0.00	0.00	1.00	1.00	0.00	1.00
2026-04-18 18:04:13.513	787.45	17.90	61.20	51.12	0.00	0.00	1.00	1.00	0.00	1.00
2026-04-18 18:04:14.515	784.49	18.40	61.20	51.25	0.00	0.00	1.00	1.00	0.00	1.00
2026-04-18 18:04:15.513	777.65	16.90	61.20	51.00	0.00	0.00	1.00	1.00	0.00	1.00
2026-04-18 18:04:16.515	786.50	20.30	61.20	51.16	0.00	0.00	1.00	1.00	0.00	1.00
2026-04-18 18:04:17.513	783.39	20.50	61.20	51.28	0.00	0.00	1.00	1.00	0.00	1.00
2026-04-18 18:04:18.515	784.47	15.40	61.20	51.06	0.00	0.00	1.00	1.00	0.00	1.00
2026-04-18 18:04:19.513	781.49	16.60	61.20	51.12	0.00	0.00	1.00	1.00	0.00	1.00
2026-04-18 18:04:20.515	772.60	16.30	61.20	51.19	0.00	0.00	1.00	1.00	0.00	1.00
2026-04-18 18:04:21.513	779.52	18.00	61.20	51.00	0.00	0.00	1.00	1.00	0.00	1.00
2026-04-18 18:04:22.515	768.44	18.40	61.20	51.09	0.00	0.00	1.00	1.00	0.00	1.00
2026-04-18 18:04:23.513	769.56	16.10	61.20	51.28	0.00	0.00	1.00	1.00	0.00	1.00
2026-04-18 18:04:24.515	770.45	15.60	61.20	51.06	0.00	0.00	1.00	1.00	0.00	1.00
2026-04-18 18:04:25.513	769.55	14.50	61.20	50.94	0.00	0.00	1.00	1.00	0.00	1.00
2026-04-18 18:04:26.515	766.65	16.60	61.20	51.03	0.00	0.00	1.00	1.00	0.00	1.00
2026-04-18 18:04:27.513	771.40	15.30	61.20	50.94	0.00	0.00	1.00	1.00	0.00	1.00
2026-04-18 18:04:28.515	768.48	18.00	61.20	50.97	0.00	0.00	1.00	1.00	0.00	1.00
2026-04-18 18:04:29.513	771.41	17.40	61.20	51.12	0.00	0.00	1.00	1.00	0.00	1.00
2026-04-18 18:04:30.515	770.52	17.00	61.20	50.97	0.00	0.00	1.00	1.00	0.00	1.00
2026-04-18 18:04:31.514	769.39	18.60	61.30	51.00	0.00	0.00	1.00	1.00	0.00	1.00
2026-04-18 18:04:32.515	758.64	18.30	61.30	50.91	0.00	0.00	1.00	1.00	0.00	1.00
2026-04-18 18:04:33.513	769.46	16.00	61.30	51.09	0.00	0.00	1.00	1.00	0.00	1.00
2026-04-18 18:04:34.515	766.61	17.20	61.30	51.16	0.00	0.00	1.00	1.00	0.00	1.00
2026-04-18 18:04:35.513	761.40	17.30	61.30	51.03	0.00	0.00	1.00	1.00	0.00	1.00
2026-04-18 18:04:36.515	766.71	17.50	61.30	50.91	0.00	0.00	1.00	1.00	0.00	1.00
2026-04-18 18:04:37.513	771.36	19.20	61.30	51.03	0.00	0.00	1.00	1.00	0.00	1.00
2026-04-18 18:04:38.515	766.69	18.20	61.30	50.88	0.00	0.00	1.00	1.00	0.00	1.00
2026-04-18 18:04:39.513	765.45	16.00	61.30	51.06	0.00	0.00	1.00	1.00	0.00	1.00
2026-04-18 18:04:40.516	772.20	19.60	61.30	51.12	0.00	0.00	1.00	1.00	0.00	1.00
2026-04-18 18:04:41.513	759.74	18.80	61.30	50.94	0.00	0.00	1.00	1.00	0.00	1.00
2026-04-18 18:04:42.515	776.51	17.50	61.30	50.94	0.00	0.00	1.00	1.00	0.00	1.00
2026-04-18 18:04:43.513	779.40	18.00	61.30	50.88	0.00	0.00	1.00	1.00	0.00	1.00
2026-04-18 18:04:44.515	776.59	17.40	61.30	51.12	0.00	0.00	1.00	1.00	0.00	1.00
2026-04-18 18:04:45.514	773.28	17.20	61.30	51.19	0.00	0.00	1.00	1.00	0.00	1.00
2026-04-18 18:04:46.515	776.60	19.10	61.30	51.00	0.00	0.00	1.00	1.00	0.00	1.00
2026-04-18 18:04:47.513	783.56	17.80	61.30	50.88	0.00	0.00	1.00	1.00	0.00	1.00
2026-04-18 18:04:48.515	776.50	17.60	61.30	50.91	0.00	0.00	1.00	1.00	0.00	1.00
2026-04-18 18:04:49.513	787.41	16.60	61.30	50.84	0.00	0.00	1.00	1.00	0.00	1.00
2026-04-18 18:04:50.515	788.53	17.60	61.30	51.00	0.00	0.00	1.00	1.00	0.00	1.00
2026-04-18 18:04:51.513	787.56	17.90	61.30	51.06	0.00	0.00	1.00	1.00	0.00	1.00
2026-04-18 18:04:52.515	788.38	17.40	61.30	50.94	0.00	0.00	1.00	1.00	0.00	1.00
2026-04-18 18:04:53.513	787.61	17.20	61.30	50.88	0.00	0.00	1.00	1.00	0.00	1.00
2026-04-18 18:04:54.515	778.57	16.10	61.30	50.91	0.00	0.00	1.00	1.00	0.00	1.00
2026-04-18 18:04:55.514	791.31	18.50	61.30	51.19	0.00	0.00	1.00	1.00	0.00	1.00
2026-04-18 18:04:56.515	786.72	17.70	61.30	51.06	0.00	0.00	1.00	1.00	0.00	1.00
2026-04-18 18:04:57.513	801.57	16.00	61.30	50.81	0.00	0.00	1.00	1.00	0.00	1.00
2026-04-18 18:04:58.515	796.46	16.60	61.30	50.88	0.00	0.00	1.00	1.00	0.00	1.00
2026-04-18 18:04:59.514	789.23	18.60	61.30	50.94	0.00	0.00	1.00	1.00	0.00	1.00
2026-04-18 18:05:00.515	790.61	19.80	61.30	50.75	0.00	0.00	1.00	1.00	0.00	1.00
2026-04-18 18:05:01.513	793.48	18.90	61.30	50.97	0.00	0.00	1.00	1.00	0.00	1.00
2026-04-18 18:05:02.515	798.46	19.60	61.30	51.00	0.00	0.00	1.00	1.00	0.00	1.00
2026-04-18 18:05:03.513	797.64	16.40	61.30	50.72	0.00	0.00	1.00	1.00	0.00	1.00
2026-04-18 18:05:04.515	796.38	18.50	61.30	50.72	0.00	0.00	1.00	1.00	0.00	1.00
2026-04-18 18:05:05.514	799.25	21.40	61.30	51.16	0.00	0.00	1.00	1.00	0.00	1.00
2026-04-18 18:05:06.516	788.61	24.20	61.30	51.12	0.00	0.00	1.00	1.00	0.00	1.00
2026-04-18 18:05:07.513	805.67	19.60	61.30	50.84	0.00	0.00	1.00	1.00	0.00	1.00
2026-04-18 18:05:08.515	796.44	22.10	61.30	51.16	0.00	0.00	1.00	1.00	0.00	1.00
2026-04-18 18:05:09.513	787.54	16.80	61.30	50.78	0.00	0.00	1.00	1.00	0.00	1.00
2026-04-18 18:05:10.516	798.39	28.20	60.60	50.94	0.00	0.00	1.00	1.00	0.00	1.00
2026-04-18 18:05:11.513	793.70	15.90	60.60	50.91	0.00	0.00	1.00	1.00	0.00	1.00
2026-04-18 18:05:12.515	798.48	24.00	60.60	50.94	0.00	0.00	1.00	1.00	0.00	1.00
2026-04-18 18:05:13.513	793.49	14.90	60.60	50.88	0.00	0.00	1.00	1.00	0.00	1.00
2026-04-18 18:05:14.515	796.65	18.50	60.60	50.84	0.00	0.00	1.00	1.00	0.00	1.00
2026-04-18 18:05:15.514	793.24	16.90	60.60	51.12	0.00	0.00	1.00	1.00	0.00	1.00
2026-04-18 18:05:16.515	782.60	18.10	60.60	51.03	0.00	0.00	1.00	1.00	0.00	1.00
2026-04-18 18:05:17.514	791.32	17.70	60.60	50.97	0.00	0.00	1.00	1.00	0.00	1.00
2026-04-18 18:05:18.513	790.80	33.60	60.60	51.78	0.00	0.00	1.00	1.00	0.00	1.00
2026-04-18 18:05:19.512	798.42	56.20	60.80	52.22	0.00	0.00	1.00	1.00	0.00	1.00
2026-04-18 18:05:20.513	782.93	51.60	61.00	51.47	0.00	0.00	1.00	1.00	0.00	1.00
2026-04-18 18:05:21.513	786.73	16.50	61.00	51.19	0.00	0.00	1.00	1.00	0.00	1.00
2026-04-18 18:05:22.515	771.96	20.90	61.00	51.06	0.00	0.00	1.00	1.00	0.00	1.00
2026-04-18 18:05:23.513	775.49	15.10	61.00	50.97	0.00	0.00	1.00	1.00	0.00	1.00
2026-04-18 18:05:24.515	764.37	19.40	61.00	50.81	0.00	0.00	1.00	1.00	0.00	1.00
2026-04-18 18:05:25.514	779.44	15.80	61.00	50.91	0.00	0.00	1.00	1.00	0.00	1.00
2026-04-18 18:05:26.513	772.45	27.00	61.50	51.50	0.00	0.00	1.00	1.00	0.00	1.00
2026-04-18 18:05:27.512	764.68	29.30	61.70	51.59	0.00	0.00	1.00	1.00	0.00	1.00
2026-04-18 18:05:28.512	767.64	26.80	61.60	51.59	0.00	0.00	1.00	1.00	0.00	1.00
2026-04-18 18:05:29.514	761.21	28.40	61.50	51.41	0.00	0.00	1.00	1.00	0.00	1.00
2026-04-18 18:05:30.513	766.76	36.70	61.20	52.00	0.00	0.00	1.00	1.00	0.00	1.00
2026-04-18 18:05:31.513	749.34	21.80	61.20	51.41	0.00	0.00	1.00	1.00	0.00	1.00
2026-04-18 18:05:32.515	764.49	15.40	61.20	51.22	0.00	0.00	1.00	1.00	0.00	1.00
2026-04-18 18:05:33.513	753.56	17.60	61.20	51.12	0.00	0.00	1.00	1.00	0.00	1.00
2026-04-18 18:05:34.513	756.60	19.70	61.30	51.41	0.00	0.00	1.00	1.00	0.00	1.00
2026-04-18 18:05:35.514	751.12	25.30	61.30	51.38	0.00	0.00	1.00	1.00	0.00	1.00
2026-04-18 18:05:36.517	753.88	20.30	61.30	51.03	0.00	0.00	1.00	1.00	0.00	1.00
2026-04-18 18:05:37.513	768.74	13.50	61.30	51.38	0.00	0.00	1.00	1.00	0.00	1.00
2026-04-18 18:05:38.513	766.33	29.10	61.60	51.97	0.00	0.00	1.00	1.00	0.00	1.00
2026-04-18 18:05:39.514	771.12	34.00	62.00	51.34	0.00	0.00	1.00	1.00	0.00	1.00
2026-04-18 18:05:40.517	749.56	35.80	62.00	51.66	0.00	0.00	1.00	1.00	0.00	1.00
2026-04-18 18:05:41.513	764.73	36.90	62.00	51.16	0.00	0.00	1.00	1.00	0.00	1.00
2026-04-18 18:05:42.515	754.45	15.90	62.00	51.28	0.00	0.00	1.00	1.00	0.00	1.00
2026-04-18 18:05:43.513	761.62	16.40	62.00	51.25	0.00	0.00	1.00	1.00	0.00	1.00
2026-04-18 18:05:44.515	758.45	17.40	62.00	51.19	0.00	0.00	1.00	1.00	0.00	1.00
2026-04-18 18:05:45.514	765.38	19.60	62.00	51.06	0.00	0.00	1.00	1.00	0.00	1.00
2026-04-18 18:05:46.515	760.65	18.40	62.00	51.03	0.00	0.00	1.00	1.00	0.00	1.00
2026-04-18 18:05:47.513	761.45	18.20	62.00	50.97	0.00	0.00	1.00	1.00	0.00	1.00
2026-04-18 18:05:48.515	756.75	18.20	62.00	51.31	0.00	0.00	1.00	1.00	0.00	1.00
2026-04-18 18:05:49.513	767.39	18.30	62.00	51.12	0.00	0.00	1.00	1.00	0.00	1.00
2026-04-18 18:05:50.515	758.48	18.30	62.00	51.00	0.00	0.00	1.00	1.00	0.00	1.00
2026-04-18 18:05:51.513	773.47	18.00	62.00	51.38	0.00	0.00	1.00	1.00	0.00	1.00
2026-04-18 18:05:52.515	768.55	18.80	62.00	51.00	0.00	0.00	1.00	1.00	0.00	1.00
2026-04-18 18:05:53.514	767.28	17.90	62.00	51.19	0.00	0.00	1.00	1.00	0.00	1.00
2026-04-18 18:05:54.516	770.49	21.00	62.10	51.28	0.00	0.00	1.00	1.00	0.00	1.00
2026-04-18 18:05:55.514	773.59	19.30	62.10	50.97	0.00	0.00	1.00	1.00	0.00	1.00
2026-04-18 18:05:56.515	772.63	18.10	62.10	50.94	0.00	0.00	1.00	1.00	0.00	1.00
2026-04-18 18:05:57.513	775.46	17.00	62.10	51.09	0.00	0.00	1.00	1.00	0.00	1.00
2026-04-18 18:05:58.515	776.69	17.20	62.10	51.00	0.00	0.00	1.00	1.00	0.00	1.00
2026-04-18 18:05:59.514	771.18	19.50	62.10	51.19	0.00	0.00	1.00	1.00	0.00	1.00
2026-04-18 18:06:00.515	780.54	20.60	62.10	51.12	0.00	0.00	1.00	1.00	0.00	1.00
2026-04-18 18:06:01.513	788.24	23.00	62.10	51.06	0.00	0.00	1.00	1.00	0.00	1.00
2026-04-18 18:06:02.515	782.15	17.10	61.60	51.28	0.00	0.00	1.00	1.00	0.00	1.00
2026-04-18 18:06:03.513	783.31	14.30	61.60	51.09	0.00	0.00	1.00	1.00	0.00	1.00
2026-04-18 18:06:04.515	792.36	20.40	61.60	51.22	0.00	0.00	1.00	1.00	0.00	1.00
2026-04-18 18:06:05.514	793.46	18.00	61.60	50.94	0.00	0.00	1.00	1.00	0.00	1.00
2026-04-18 18:06:06.515	794.70	17.20	61.60	50.91	0.00	0.00	1.00	1.00	0.00	1.00
2026-04-18 18:06:07.514	799.29	21.70	61.60	51.19	0.00	0.00	1.00	1.00	0.00	1.00
2026-04-18 18:06:08.515	788.89	17.80	61.60	51.16	0.00	0.00	1.00	1.00	0.00	1.00
2026-04-18 18:06:09.514	795.06	20.20	61.60	51.03	0.00	0.00	1.00	1.00	0.00	1.00
2026-04-18 18:06:10.515	794.61	23.70	61.60	51.09	0.00	0.00	1.00	1.00	0.00	1.00
2026-04-18 18:06:11.513	797.54	17.00	61.60	51.00	0.00	0.00	1.00	1.00	0.00	1.00
2026-04-18 18:06:12.515	786.53	15.40	61.60	50.81	0.00	0.00	1.00	1.00	0.00	1.00
2026-04-18 18:06:13.513	801.59	15.50	61.60	51.16	0.00	0.00	1.00	1.00	0.00	1.00
2026-04-18 18:06:14.515	780.28	18.80	61.60	51.09	0.00	0.00	1.00	1.00	0.00	1.00
2026-04-18 18:06:15.514	785.56	17.30	61.60	50.88	0.00	0.00	1.00	1.00	0.00	1.00
2026-04-18 18:06:16.515	796.94	17.50	61.60	50.81	0.00	0.00	1.00	1.00	0.00	1.00
2026-04-18 18:06:17.513	801.22	17.10	61.60	50.81	0.00	0.00	1.00	1.00	0.00	1.00
2026-04-18 18:06:18.515	794.60	15.60	61.60	51.12	0.00	0.00	1.00	1.00	0.00	1.00
2026-04-18 18:06:19.514	789.18	19.30	61.60	51.06	0.00	0.00	1.00	1.00	0.00	1.00
2026-04-18 18:06:20.513	798.26	16.70	61.60	50.91	0.00	0.00	1.00	1.00	0.00	1.00
2026-04-18 18:06:21.513	800.06	15.30	61.70	50.91	0.00	0.00	1.00	1.00	0.00	1.00
2026-04-18 18:06:22.515	790.50	16.30	61.70	50.75	0.00	0.00	1.00	1.00	0.00	1.00
2026-04-18 18:06:23.513	793.24	17.30	61.70	50.72	0.00	0.00	1.00	1.00	0.00	1.00
2026-04-18 18:06:24.516	794.36	20.30	61.70	51.28	0.00	0.00	1.00	1.00	0.00	1.00
2026-04-18 18:06:25.514	787.62	17.50	61.70	51.03	0.00	0.00	1.00	1.00	0.00	1.00
2026-04-18 18:06:26.515	774.73	16.80	61.70	50.94	0.00	0.00	1.00	1.00	0.00	1.00
2026-04-18 18:06:27.513	789.55	16.10	61.70	50.81	0.00	0.00	1.00	1.00	0.00	1.00
2026-04-18 18:06:28.515	776.50	17.40	61.70	50.81	0.00	0.00	1.00	1.00	0.00	1.00
2026-04-18 18:06:29.514	787.23	17.50	61.70	51.16	0.00	0.00	1.00	1.00	0.00	1.00
2026-04-18 18:06:30.515	792.59	17.70	61.70	51.03	0.00	0.00	1.00	1.00	0.00	1.00
2026-04-18 18:06:31.514	785.44	18.10	61.70	50.94	0.00	0.00	1.00	1.00	0.00	1.00
2026-04-18 18:06:32.515	782.58	18.80	61.70	50.84	0.00	0.00	1.00	1.00	0.00	1.00
2026-04-18 18:06:33.513	785.59	16.60	61.70	50.91	0.00	0.00	1.00	1.00	0.00	1.00
2026-04-18 18:06:34.515	786.34	19.10	61.70	50.88	0.00	0.00	1.00	1.00	0.00	1.00
2026-04-18 18:06:35.513	785.52	17.90	61.70	51.09	0.00	0.00	1.00	1.00	0.00	1.00
2026-04-18 18:06:36.515	782.77	16.90	61.70	50.88	0.00	0.00	1.00	1.00	0.00	1.00
2026-04-18 18:06:37.513	779.39	17.10	61.70	50.81	0.00	0.00	1.00	1.00	0.00	1.00
2026-04-18 18:06:38.515	772.55	18.60	61.70	50.81	0.00	0.00	1.00	1.00	0.00	1.00
2026-04-18 18:06:39.514	769.19	18.20	61.70	50.94	0.00	0.00	1.00	1.00	0.00	1.00
2026-04-18 18:06:40.516	776.45	19.80	61.70	51.16	0.00	0.00	1.00	1.00	0.00	1.00
2026-04-18 18:06:41.513	767.59	18.20	61.70	50.94	0.00	0.00	1.00	1.00	0.00	1.00
2026-04-18 18:06:42.515	772.71	17.60	61.70	50.94	0.00	0.00	1.00	1.00	0.00	1.00
2026-04-18 18:06:43.513	775.45	16.50	61.70	50.66	0.00	0.00	1.00	1.00	0.00	1.00
2026-04-18 18:06:44.515	780.39	17.40	61.70	50.78	0.00	0.00	1.00	1.00	0.00	1.00
2026-04-18 18:06:45.513	773.51	17.30	61.70	50.88	0.00	0.00	1.00	1.00	0.00	1.00
2026-04-18 18:06:46.515	778.55	19.80	61.70	51.22	0.00	0.00	1.00	1.00	0.00	1.00
2026-04-18 18:06:47.513	771.46	16.90	61.70	50.75	0.00	0.00	1.00	1.00	0.00	1.00
2026-04-18 18:06:48.515	764.58	16.00	61.70	50.81	0.00	0.00	1.00	1.00	0.00	1.00
2026-04-18 18:06:49.514	759.24	19.20	61.70	51.09	0.00	0.00	1.00	1.00	0.00	1.00
2026-04-18 18:06:50.513	762.23	18.00	61.70	51.00	0.00	0.00	1.00	1.00	0.00	1.00
2026-04-18 18:06:51.513	766.59	15.20	61.70	50.81	0.00	0.00	1.00	1.00	0.00	1.00
2026-04-18 18:06:52.515	760.09	15.90	61.70	50.84	0.00	0.00	1.00	1.00	0.00	1.00
2026-04-18 18:06:53.513	767.44	15.00	61.70	50.72	0.00	0.00	1.00	1.00	0.00	1.00
2026-04-18 18:06:54.515	760.30	16.40	61.70	50.69	0.00	0.00	1.00	1.00	0.00	1.00
2026-04-18 18:06:55.513	768.19	17.60	61.70	51.06	0.00	0.00	1.00	1.00	0.00	1.00
2026-04-18 18:06:56.515	770.06	16.30	61.70	50.88	0.00	0.00	1.00	1.00	0.00	1.00
2026-04-18 18:06:57.513	761.28	14.70	61.70	50.75	0.00	0.00	1.00	1.00	0.00	1.00
2026-04-18 18:06:58.515	772.67	17.40	61.70	50.75	0.00	0.00	1.00	1.00	0.00	1.00
2026-04-18 18:06:59.513	775.25	15.80	61.70	50.62	0.00	0.00	1.00	1.00	0.00	1.00
2026-04-18 18:07:00.515	774.61	16.60	61.70	51.09	0.00	0.00	1.00	1.00	0.00	1.00
2026-04-18 18:07:01.513	779.45	15.70	61.70	50.84	0.00	0.00	1.00	1.00	0.00	1.00
2026-04-18 18:07:02.515	770.68	15.70	61.70	50.69	0.00	0.00	1.00	1.00	0.00	1.00
2026-04-18 18:07:03.513	779.47	16.30	61.70	50.62	0.00	0.00	1.00	1.00	0.00	1.00
2026-04-18 18:07:04.515	776.45	20.70	61.70	50.75	0.00	0.00	1.00	1.00	0.00	1.00
2026-04-18 18:07:05.513	779.42	18.40	61.70	50.97	0.00	0.00	1.00	1.00	0.00	1.00
2026-04-18 18:07:06.515	772.58	17.50	61.70	50.91	0.00	0.00	1.00	1.00	0.00	1.00
2026-04-18 18:07:07.513	769.50	18.00	61.70	50.78	0.00	0.00	1.00	1.00	0.00	1.00
2026-04-18 18:07:08.515	780.53	16.30	61.70	50.66	0.00	0.00	1.00	1.00	0.00	1.00
2026-04-18 18:07:09.513	775.38	18.00	61.70	50.69	0.00	0.00	1.00	1.00	0.00	1.00
2026-04-18 18:07:10.515	776.68	17.60	61.70	50.56	0.00	0.00	1.00	1.00	0.00	1.00
2026-04-18 18:07:11.513	777.43	15.80	61.70	50.97	0.00	0.00	1.00	1.00	0.00	1.00
2026-04-18 18:07:12.513	774.57	33.10	61.70	51.72	0.00	0.00	1.00	1.00	0.00	1.00
2026-04-18 18:07:13.513	777.48	15.10	61.70	50.78	0.00	0.00	1.00	1.00	0.00	1.00
2026-04-18 18:07:14.515	774.51	18.30	61.70	50.75	0.00	0.00	1.00	1.00	0.00	1.00
2026-04-18 18:07:15.513	787.39	17.20	61.70	50.69	0.00	0.00	1.00	1.00	0.00	1.00
2026-04-18 18:07:16.515	770.50	18.30	61.70	50.94	0.00	0.00	1.00	1.00	0.00	1.00
2026-04-18 18:07:17.513	781.71	16.90	61.70	50.91	0.00	0.00	1.00	1.00	0.00	1.00
2026-04-18 18:07:18.515	774.52	16.40	61.70	50.69	0.00	0.00	1.00	1.00	0.00	1.00
2026-04-18 18:07:19.514	785.21	17.60	61.70	50.81	0.00	0.00	1.00	1.00	0.00	1.00
2026-04-18 18:07:20.515	774.56	16.90	61.70	50.56	0.00	0.00	1.00	1.00	0.00	1.00
2026-04-18 18:07:21.514	777.42	16.40	61.70	50.72	0.00	0.00	1.00	1.00	0.00	1.00
2026-04-18 18:07:22.514	781.87	18.40	61.70	50.97	0.00	0.00	1.00	1.00	0.00	1.00
2026-04-18 18:07:23.513	780.36	15.50	61.70	50.81	0.00	0.00	1.00	1.00	0.00	1.00
2026-04-18 18:07:24.515	778.38	19.10	61.70	50.84	0.00	0.00	1.00	1.00	0.00	1.00
2026-04-18 18:07:25.513	787.46	18.10	61.70	50.66	0.00	0.00	1.00	1.00	0.00	1.00
2026-04-18 18:07:26.515	772.76	17.60	61.70	50.66	0.00	0.00	1.00	1.00	0.00	1.00
2026-04-18 18:07:27.512	792.37	17.40	61.70	51.06	0.00	0.00	1.00	1.00	0.00	1.00
2026-04-18 18:07:28.515	775.75	16.10	61.70	50.81	0.00	0.00	1.00	1.00	0.00	1.00
2026-04-18 18:07:29.514	783.12	17.70	61.70	50.72	0.00	0.00	1.00	1.00	0.00	1.00
2026-04-18 18:07:30.515	778.62	17.80	61.70	50.69	0.00	0.00	1.00	1.00	0.00	1.00
2026-04-18 18:07:31.513	777.59	16.60	61.70	50.84	0.00	0.00	1.00	1.00	0.00	1.00
2026-04-18 18:07:32.513	784.52	18.80	61.70	50.88	0.00	0.00	1.00	1.00	0.00	1.00
2026-04-18 18:07:33.513	783.46	15.20	61.70	50.84	0.00	0.00	1.00	1.00	0.00	1.00
2026-04-18 18:07:34.515	774.35	19.30	61.70	50.81	0.00	0.00	1.00	1.00	0.00	1.00
2026-04-18 18:07:35.513	793.58	17.50	61.70	50.50	0.00	0.00	1.00	1.00	0.00	1.00
2026-04-18 18:07:36.515	788.68	18.00	61.70	50.59	0.00	0.00	1.00	1.00	0.00	1.00
2026-04-18 18:07:37.512	788.39	17.00	61.70	51.03	0.00	0.00	1.00	1.00	0.00	1.00
2026-04-18 18:07:38.515	773.70	16.80	61.70	50.91	0.00	0.00	1.00	1.00	0.00	1.00
2026-04-18 18:07:39.514	775.17	18.50	61.70	50.72	0.00	0.00	1.00	1.00	0.00	1.00
2026-04-18 18:07:40.515	776.52	30.20	61.70	50.88	0.00	0.00	1.00	1.00	0.00	1.00
2026-04-18 18:07:41.513	773.79	15.70	61.70	50.91	0.00	0.00	1.00	1.00	0.00	1.00
2026-04-18 18:07:42.515	776.58	16.10	61.70	50.88	0.00	0.00	1.00	1.00	0.00	1.00
2026-04-18 18:07:43.529	775.29	24.90	61.10	50.88	0.00	0.00	0.99	0.99	0.00	0.99
2026-04-18 18:07:44.515	794.59	18.90	60.90	50.78	0.00	0.00	1.01	1.01	0.00	1.01
2026-04-18 18:07:45.514	781.53	15.90	60.90	50.62	0.00	0.00	1.00	1.00	0.00	1.00
2026-04-18 18:07:46.515	778.75	14.60	60.90	50.47	0.00	0.00	1.00	1.00	0.00	1.00
2026-04-18 18:07:47.513	789.29	13.60	60.90	50.91	0.00	0.00	1.00	1.00	0.00	1.00
2026-04-18 18:07:48.515	778.73	15.00	60.90	50.78	0.00	0.00	1.00	1.00	0.00	1.00
2026-04-18 18:07:49.512	774.10	15.30	60.90	50.97	0.00	0.00	1.00	1.00	0.00	1.00
2026-04-18 18:07:50.515	775.78	15.70	60.90	50.78	0.00	0.00	1.00	1.00	0.00	1.00
2026-04-18 18:07:51.513	781.55	13.90	60.90	50.59	0.00	0.00	1.00	1.00	0.00	1.00
2026-04-18 18:07:52.515	780.80	12.60	60.90	50.88	0.00	0.00	1.00	1.00	0.00	1.00
2026-04-18 18:07:53.513	789.23	13.10	60.90	50.78	0.00	0.00	1.00	1.00	0.00	1.00
2026-04-18 18:07:54.515	778.69	12.90	60.90	50.66	0.00	0.00	1.00	1.00	0.00	1.00
2026-04-18 18:07:55.513	779.24	14.50	60.90	50.59	0.00	0.00	1.00	1.00	0.00	1.00
2026-04-18 18:07:56.515	778.78	13.70	60.90	50.59	0.00	0.00	1.00	1.00	0.00	1.00
2026-04-18 18:07:57.513	793.41	12.20	60.90	50.47	0.00	0.00	1.00	1.00	0.00	1.00
2026-04-18 18:07:58.513	782.45	20.80	60.90	51.16	0.00	0.00	1.00	1.00	0.00	1.00
2026-04-18 18:07:59.513	767.35	13.00	60.90	50.81	0.00	0.00	1.00	1.00	0.00	1.00
2026-04-18 18:08:00.515	784.67	12.90	60.90	50.62	0.00	0.00	1.00	1.00	0.00	1.00
2026-04-18 18:08:01.513	793.43	12.90	60.90	50.47	0.00	0.00	1.00	1.00	0.00	1.00
2026-04-18 18:08:02.515	786.70	11.10	60.90	50.59	0.00	0.00	1.00	1.00	0.00	1.00
2026-04-18 18:08:03.513	785.25	12.50	60.90	50.81	0.00	0.00	1.00	1.00	0.00	1.00
2026-04-18 18:08:04.515	788.45	15.50	60.90	50.91	0.00	0.00	1.00	1.00	0.00	1.00
2026-04-18 18:08:05.513	781.49	12.40	60.90	50.69	0.00	0.00	1.00	1.00	0.00	1.00
2026-04-18 18:08:06.515	768.67	12.60	60.90	50.62	0.00	0.00	1.00	1.00	0.00	1.00
2026-04-18 18:08:07.513	779.40	13.50	60.90	50.69	0.00	0.00	1.00	1.00	0.00	1.00
2026-04-18 18:08:08.515	782.60	11.90	60.90	50.53	0.00	0.00	1.00	1.00	0.00	1.00
2026-04-18 18:08:09.513	785.59	10.90	60.90	50.84	0.00	0.00	1.00	1.00	0.00	1.00
2026-04-18 18:08:10.515	778.52	13.70	60.90	50.75	0.00	0.00	1.00	1.00	0.00	1.00
2026-04-18 18:08:11.513	767.51	11.00	60.90	50.59	0.00	0.00	1.00	1.00	0.00	1.00
2026-04-18 18:08:12.515	776.53	11.20	60.90	50.50	0.00	0.00	1.00	1.00	0.00	1.00
2026-04-18 18:08:13.513	777.45	11.30	60.90	50.69	0.00	0.00	1.00	1.00	0.00	1.00
2026-04-18 18:08:14.515	772.59	11.40	60.90	50.69	0.00	0.00	1.00	1.00	0.00	1.00
2026-04-18 18:08:15.514	777.06	17.70	60.90	50.62	0.00	0.00	1.00	1.00	0.00	1.00
2026-04-18 18:08:16.515	784.79	12.30	60.90	50.62	0.00	0.00	1.00	1.00	0.00	1.00
2026-04-18 18:08:17.513	781.57	13.20	60.90	50.72	0.00	0.00	1.00	1.00	0.00	1.00
2026-04-18 18:08:18.515	778.65	9.90	60.90	50.59	0.00	0.00	1.00	1.00	0.00	1.00
2026-04-18 18:08:19.513	767.15	11.80	60.90	50.66	0.00	0.00	1.00	1.00	0.00	1.00
2026-04-18 18:08:20.515	776.59	10.60	60.90	50.81	0.00	0.00	1.00	1.00	0.00	1.00
2026-04-18 18:08:21.513	785.56	10.40	60.90	50.47	0.00	0.00	1.00	1.00	0.00	1.00
2026-04-18 18:08:22.515	778.77	9.70	60.90	50.50	0.00	0.00	1.00	1.00	0.00	1.00
2026-04-18 18:08:23.513	781.40	8.00	60.90	50.75	0.00	0.00	1.00	1.00	0.00	1.00
2026-04-18 18:08:24.515	776.50	11.30	61.00	50.56	0.00	0.00	1.00	1.00	0.00	1.00
2026-04-18 18:08:25.513	787.32	9.20	61.00	50.56	0.00	0.00	1.00	1.00	0.00	1.00
2026-04-18 18:08:26.515	776.80	8.70	61.00	50.47	0.00	0.00	1.00	1.00	0.00	1.00
2026-04-18 18:08:27.513	781.42	8.50	61.00	50.44	0.00	0.00	1.00	1.00	0.00	1.00
2026-04-18 18:08:28.515	778.65	9.70	61.00	50.72	0.00	0.00	1.00	1.00	0.00	1.00
2026-04-18 18:08:29.513	773.33	9.20	61.00	50.53	0.00	0.00	1.00	1.00	0.00	1.00
2026-04-18 18:08:30.515	778.49	8.70	61.00	50.47	0.00	0.00	1.00	1.00	0.00	1.00
