[System]
Platform=SEANO USV
Start_Time=2026-03-27 07:44:28
Timezone=WIB

[Sensor]
Name=Battery

[Columns]
Timestamp(WIB)	Voltage	Current	Percentage

[Data]
2026-03-27 07:44:30.621	15.037598609924316	-2.329287052154541	99.71013069152832
2026-03-27 07:44:31.621	15.002429008483887	-0.866330623626709	99.55567121505737
2026-03-27 07:44:32.621	14.964710235595703	-1.9802930355072021	99.37729835510254
2026-03-27 07:44:33.621	14.95079231262207	-0.6510729789733887	99.29801821708679
2026-03-27 07:44:34.621	14.98474407196045	-0.8746827840805054	99.10199642181396
2026-03-27 07:44:35.621	14.965497970581055	-1.996974229812622	98.96823763847351
2026-03-27 07:44:36.621	14.988847732543945	-2.2031807899475098	98.83917570114136
2026-03-27 07:44:37.621	14.966217041015625	-1.708414912223816	98.64087104797363
2026-03-27 07:44:38.621	15.003377914428711	-2.364612340927124	98.50548505783081
2026-03-27 07:44:39.621	14.910272598266602	-2.669862747192383	98.36230278015137
2026-03-27 07:44:40.621	14.91171646118164	-1.57562255859375	98.25001955032349
2026-03-27 07:44:41.621	14.93130111694336	-1.9865995645523071	98.1394112110138
2026-03-27 07:44:42.621	14.891304016113281	-0.5078476071357727	98.0098009109497
2026-03-27 07:44:43.621	14.960000038146973	-1.1222341060638428	97.89170622825623
2026-03-27 07:44:44.621	14.911327362060547	-2.1531946659088135	97.73815274238586
2026-03-27 07:44:45.621	14.882433891296387	-1.693150520324707	97.68367409706116
2026-03-27 07:44:46.621	14.922372817993164	-1.0588955879211426	97.5182831287384
2026-03-27 07:44:47.621	14.884223937988281	-0.717565655708313	97.46318459510803
2026-03-27 07:44:48.622	14.947999000549316	-2.9514501094818115	97.40037322044373
2026-03-27 07:44:49.621	14.909217834472656	-1.4112319946289062	97.24411964416504
2026-03-27 07:44:50.621	14.920049667358398	-1.1254146099090576	97.17645645141602
2026-03-27 07:44:51.621	14.912978172302246	-0.8647674918174744	97.1195936203003
2026-03-27 07:44:52.621	14.901107788085938	-2.7368433475494385	96.98755145072937
2026-03-27 07:44:53.621	14.892483711242676	-2.35671329498291	96.8751847743988
2026-03-27 07:44:54.621	14.861333847045898	-0.6794119477272034	96.80681824684143
2026-03-27 07:44:55.621	14.857769966125488	-2.8652701377868652	96.71525359153748
2026-03-27 07:44:56.621	14.932443618774414	-1.6895736455917358	96.58268690109253
2026-03-27 07:44:57.621	14.899711608886719	-2.390720844268799	96.5133786201477
2026-03-27 07:44:58.621	14.860340118408203	-0.5324846506118774	96.42942547798157
2026-03-27 07:44:59.621	14.930874824523926	-2.628619432449341	96.36901617050171
2026-03-27 07:45:00.621	14.864263534545898	-2.6498637199401855	96.20763063430786
2026-03-27 07:45:01.621	14.919790267944336	-0.6332151889801025	96.0253655910492
2026-03-27 07:45:02.621	14.830862045288086	-1.448590636253357	95.86936831474304
2026-03-27 07:45:03.622	14.842262268066406	-1.7475212812423706	95.67322731018066
2026-03-27 07:45:04.621	14.819477081298828	-1.8729041814804077	95.4774022102356
2026-03-27 07:45:05.621	14.887667655944824	-2.5548527240753174	95.32763361930847
2026-03-27 07:45:06.621	14.831618309020996	-1.7540209293365479	95.2501118183136
2026-03-27 07:45:07.620	14.864982604980469	-2.408653974533081	95.18572688102722
2026-03-27 07:45:08.621	14.821701049804688	-1.1619064807891846	95.07091641426086
2026-03-27 07:45:09.621	14.845381736755371	-1.0796951055526733	95.00799179077148
2026-03-27 07:45:10.621	14.850635528564453	-2.3737528324127197	94.94966268539429
2026-03-27 07:45:11.621	14.860770225524902	-2.964075803756714	94.75632905960083
2026-03-27 07:45:12.621	14.798351287841797	-1.33511221408844	94.56425309181213
2026-03-27 07:45:13.621	14.884360313415527	-1.9758756160736084	94.50117349624634
2026-03-27 07:45:14.621	14.821611404418945	-1.596116065979004	94.37904357910156
2026-03-27 07:45:15.620	14.782621383666992	-1.0911136865615845	94.2295789718628
2026-03-27 07:45:16.621	14.796971321105957	-1.294340968132019	94.0668523311615
2026-03-27 07:45:17.621	14.776612281799316	-2.7138607501983643	93.97230744361877
2026-03-27 07:45:18.621	14.824110984802246	-1.0429577827453613	93.8478946685791
2026-03-27 07:45:19.621	14.805418968200684	-1.1535546779632568	93.66255402565002
2026-03-27 07:45:20.621	14.802492141723633	-0.8397689461708069	93.47303509712219
2026-03-27 07:45:21.621	14.767115592956543	-2.406296968460083	93.42212677001953
2026-03-27 07:45:22.621	14.84898567199707	-1.5902719497680664	93.3120846748352
2026-03-27 07:45:23.624	14.798395156860352	-2.723544120788574	93.24135184288025
2026-03-27 07:45:24.625	14.763580322265625	-1.011191725730896	93.14999580383301
2026-03-27 07:45:25.621	14.778583526611328	-1.8293066024780273	93.0758535861969
2026-03-27 07:45:26.621	14.810543060302734	-2.1567625999450684	93.01742911338806
2026-03-27 07:45:27.621	14.801749229431152	-2.3913204669952393	92.9394781589508
2026-03-27 07:45:28.621	14.803337097167969	-1.6892763376235962	92.75723695755005
2026-03-27 07:45:29.621	14.773412704467773	-2.8909554481506348	92.64577031135559
2026-03-27 07:45:30.621	14.799406051635742	-2.738112449645996	92.54684448242188
2026-03-27 07:45:31.621	14.813514709472656	-0.5917232036590576	92.42132902145386
2026-03-27 07:45:32.625	14.74841594696045	-1.5377777814865112	92.31743216514587
2026-03-27 07:45:33.621	14.79638671875	-2.3529157638549805	92.1793282032013
2026-03-27 07:45:34.621	14.809405326843262	-1.332923173904419	92.05827116966248
2026-03-27 07:45:35.621	14.718318939208984	-1.5353182554244995	91.9199287891388
2026-03-27 07:45:36.621	14.776273727416992	-2.737598180770874	91.75187349319458
2026-03-27 07:45:37.621	14.790599822998047	-2.6059699058532715	91.67859554290771
2026-03-27 07:45:38.621	14.771722793579102	-1.002868413925171	91.56339764595032
2026-03-27 07:45:39.621	14.749957084655762	-1.5972929000854492	91.50476455688477
2026-03-27 07:45:40.622	14.753813743591309	-2.003351926803589	91.44096374511719
2026-03-27 07:45:41.621	14.746503829956055	-1.2137831449508667	91.31019711494446
2026-03-27 07:45:42.621	14.711195945739746	-0.6859349608421326	91.18571281433105
2026-03-27 07:45:43.622	14.745261192321777	-1.4459391832351685	91.01883172988892
2026-03-27 07:45:44.621	14.719107627868652	-0.8882648348808289	90.92782735824585
2026-03-27 07:45:45.621	14.751923561096191	-1.8426886796951294	90.79112410545349
2026-03-27 07:45:46.621	14.709339141845703	-0.7536943554878235	90.65830707550049
2026-03-27 07:45:47.621	14.749401092529297	-2.9725193977355957	90.4975950717926
2026-03-27 07:45:48.621	14.687010765075684	-1.7056763172149658	90.38849472999573
2026-03-27 07:45:49.621	14.6787109375	-0.7263790965080261	90.24461507797241
2026-03-27 07:45:51.694	14.705850601196289	-1.4318881034851074	90.07675647735596
2026-03-27 07:45:51.702	14.742549896240234	-0.5624200701713562	89.94447588920593
2026-03-27 07:45:52.621	14.648370742797852	-1.4436441659927368	89.81465697288513
2026-03-27 07:45:53.621	14.691961288452148	-2.758375883102417	89.71773386001587
2026-03-27 07:45:54.621	14.720198631286621	-0.6824851036071777	89.64737057685852
2026-03-27 07:45:55.621	14.70704174041748	-2.925995349884033	89.55240845680237
2026-03-27 07:45:56.622	14.684549331665039	-1.5550328493118286	89.46259617805481
2026-03-27 07:45:57.621	14.689273834228516	-1.3244694471359253	89.29171562194824
2026-03-27 07:45:58.621	14.724161148071289	-1.3411808013916016	89.14424180984497
2026-03-27 07:45:59.621	14.691864967346191	-2.3309593200683594	88.97555470466614
2026-03-27 07:46:00.621	14.651986122131348	-2.7066385746002197	88.84503841400146
2026-03-27 07:46:01.621	14.621087074279785	-2.43927264213562	88.66183161735535
2026-03-27 07:46:02.621	14.705818176269531	-2.1790266036987305	88.59558701515198
2026-03-27 07:46:03.621	14.673578262329102	-1.7706607580184937	88.52436542510986
2026-03-27 07:46:04.621	14.693920135498047	-1.5957434177398682	88.4026050567627
2026-03-27 07:46:05.621	14.654657363891602	-1.7498633861541748	88.21864724159241
2026-03-27 07:46:06.621	14.603123664855957	-2.592400550842285	88.1188154220581
2026-03-27 07:46:07.623	14.670287132263184	-1.2080705165863037	88.01977634429932
2026-03-27 07:46:08.621	14.60912799835205	-2.5271379947662354	87.87785768508911
2026-03-27 07:46:09.626	14.607168197631836	-2.6049230098724365	87.76051998138428
2026-03-27 07:46:10.621	14.635380744934082	-0.5802374482154846	87.69444823265076
2026-03-27 07:46:11.621	14.645630836486816	-2.305021047592163	87.53594756126404
2026-03-27 07:46:12.621	14.590561866760254	-0.9077927470207214	87.47880458831787
2026-03-27 07:46:13.621	14.65549373626709	-2.7948782444000244	87.40140795707703
2026-03-27 07:46:14.627	14.630724906921387	-1.504958152770996	87.32447028160095
2026-03-27 07:46:15.625	14.636024475097656	-2.0618834495544434	87.17490434646606
2026-03-27 07:46:16.623	14.622427940368652	-1.4150500297546387	87.07932233810425
2026-03-27 07:46:17.621	14.649909019470215	-1.6790437698364258	86.88235282897949
2026-03-27 07:46:18.621	14.588434219360352	-1.958121418952942	86.73972487449646
2026-03-27 07:46:19.620	14.62006664276123	-1.5344830751419067	86.65971755981445
2026-03-27 07:46:20.621	14.612018585205078	-2.307234287261963	86.49576306343079
2026-03-27 07:46:21.621	14.545886039733887	-2.789492130279541	86.3128125667572
2026-03-27 07:46:22.621	14.631855964660645	-1.4115233421325684	86.22406125068665
2026-03-27 07:46:23.621	14.550409317016602	-1.8537943363189697	86.09479665756226
2026-03-27 07:46:24.626	14.535943031311035	-1.9854191541671753	85.9364926815033
2026-03-27 07:46:25.624	14.550727844238281	-1.7381303310394287	85.79005002975464
2026-03-27 07:46:26.622	14.571833610534668	-1.8809471130371094	85.66628694534302
2026-03-27 07:46:27.621	14.611369132995605	-2.669917106628418	85.6071412563324
2026-03-27 07:46:28.621	14.54344367980957	-2.980607748031616	85.54198145866394
2026-03-27 07:46:29.621	14.575825691223145	-1.3723684549331665	85.37682294845581
2026-03-27 07:46:30.621	14.526981353759766	-1.5483254194259644	85.25406122207642
2026-03-27 07:46:31.621	14.590177536010742	-2.383984327316284	85.1883053779602
2026-03-27 07:46:32.621	14.576412200927734	-0.8688331246376038	85.04793047904968
2026-03-27 07:46:33.626	14.529226303100586	-2.043532609939575	84.89696979522705
2026-03-27 07:46:34.624	14.532450675964355	-1.5191762447357178	84.82815623283386
2026-03-27 07:46:35.621	14.542006492614746	-0.6213893294334412	84.75876450538635
2026-03-27 07:46:36.621	14.557469367980957	-2.7177271842956543	84.70786809921265
2026-03-27 07:46:37.620	14.581514358520508	-2.054060220718384	84.6394956111908
2026-03-27 07:46:38.621	14.52867603302002	-1.5705567598342896	84.50185656547546
2026-03-27 07:46:39.621	14.525153160095215	-1.9901220798492432	84.33379530906677
2026-03-27 07:46:40.621	14.521488189697266	-2.6414308547973633	84.2032253742218
2026-03-27 07:46:41.621	14.497968673706055	-2.217039108276367	84.12267565727234
2026-03-27 07:46:42.624	14.550443649291992	-2.946305990219116	84.05311703681946
2026-03-27 07:46:43.623	14.530035018920898	-0.7372100353240967	83.87386798858643
2026-03-27 07:46:44.621	14.469457626342773	-1.7923723459243774	83.75937342643738
2026-03-27 07:46:45.621	14.484213829040527	-1.1579034328460693	83.65965485572815
2026-03-27 07:46:46.620	14.553171157836914	-2.682361602783203	83.60745310783386
2026-03-27 07:46:47.621	14.513816833496094	-2.051886796951294	83.51314663887024
2026-03-27 07:46:48.621	14.469221115112305	-2.6068084239959717	83.38840007781982
2026-03-27 07:46:49.621	14.484582901000977	-2.2570395469665527	83.29624533653259
2026-03-27 07:46:50.623	14.539336204528809	-1.836722731590271	83.13487768173218
2026-03-27 07:46:51.624	14.512857437133789	-2.1113710403442383	83.01421403884888
2026-03-27 07:46:52.624	14.51954174041748	-2.1832704544067383	82.85297155380249
2026-03-27 07:46:53.621	14.465944290161133	-1.2847191095352173	82.66526460647583
2026-03-27 07:46:54.621	14.448789596557617	-2.162393569946289	82.52123594284058
2026-03-27 07:46:55.621	14.487892150878906	-0.9321496486663818	82.33325481414795
2026-03-27 07:46:56.621	14.470318794250488	-1.7878293991088867	82.23825693130493
2026-03-27 07:46:57.621	14.458049774169922	-0.992205023765564	82.1199357509613
2026-03-27 07:46:58.621	14.433043479919434	-2.522860050201416	82.02382922172546
2026-03-27 07:46:59.621	14.465410232543945	-1.327261209487915	81.8992555141449
2026-03-27 07:47:00.625	14.440820693969727	-1.9615707397460938	81.71747922897339
2026-03-27 07:47:01.623	14.455309867858887	-2.3098816871643066	81.61898851394653
2026-03-27 07:47:02.621	14.440500259399414	-1.9171857833862305	81.51123523712158
2026-03-27 07:47:03.621	14.492107391357422	-1.83604097366333	81.44635558128357
2026-03-27 07:47:04.621	14.418534278869629	-1.6181464195251465	81.32794499397278
2026-03-27 07:47:05.621	14.424704551696777	-2.2047650814056396	81.2658965587616
2026-03-27 07:47:06.621	14.458574295043945	-0.9623664617538452	81.212317943573
2026-03-27 07:47:07.621	14.467368125915527	-2.234868049621582	81.08625411987305
2026-03-27 07:47:08.621	14.419921875	-2.1799566745758057	80.89563250541687
2026-03-27 07:47:09.625	14.39624309539795	-2.568275213241577	80.721515417099
2026-03-27 07:47:10.623	14.433584213256836	-1.300482153892517	80.55824637413025
2026-03-27 07:47:11.621	14.387632369995117	-2.0655088424682617	80.42318820953369
2026-03-27 07:47:12.621	14.43662166595459	-2.022153615951538	80.28812408447266
2026-03-27 07:47:13.621	14.423198699951172	-1.801328182220459	80.18362522125244
2026-03-27 07:47:14.621	14.399118423461914	-1.094188928604126	79.99814748764038
2026-03-27 07:47:15.621	14.425681114196777	-1.1486650705337524	79.89658713340759
2026-03-27 07:47:16.621	14.407456398010254	-2.8720693588256836	79.79981899261475
2026-03-27 07:47:17.621	14.345536231994629	-1.6792618036270142	79.63388562202454
2026-03-27 07:47:18.624	14.363799095153809	-2.407604217529297	79.51662540435791
2026-03-27 07:47:19.624	14.341777801513672	-2.691526412963867	79.37878966331482
2026-03-27 07:47:20.621	14.405634880065918	-1.4533119201660156	79.20680642127991
2026-03-27 07:47:21.621	14.338251113891602	-1.9747655391693115	79.1466236114502
2026-03-27 07:47:22.622	14.358367919921875	-1.6881831884384155	79.08164858818054
2026-03-27 07:47:23.621	14.407020568847656	-2.916875123977661	78.90163660049438
2026-03-27 07:47:24.621	14.394495964050293	-1.6354681253433228	78.8235604763031
2026-03-27 07:47:25.621	14.394548416137695	-2.9767374992370605	78.76017093658447
2026-03-27 07:47:26.623	14.407907485961914	-1.8602828979492188	78.6032497882843
2026-03-27 07:47:27.625	14.3311128616333	-2.0722389221191406	78.41387987136841
2026-03-27 07:47:28.624	14.30831241607666	-0.8453092575073242	78.26052904129028
2026-03-27 07:47:29.621	14.37594985961914	-1.2737659215927124	78.1058132648468
2026-03-27 07:47:30.621	14.299982070922852	-1.846767783164978	77.94663906097412
2026-03-27 07:47:31.621	14.364474296569824	-1.7606990337371826	77.77314782142639
2026-03-27 07:47:32.621	14.298900604248047	-1.038739562034607	77.57657766342163
2026-03-27 07:47:33.621	14.351161003112793	-2.73411226272583	77.49138474464417
2026-03-27 07:47:34.621	14.361577987670898	-1.7480411529541016	77.41990685462952
2026-03-27 07:47:35.625	14.302924156188965	-2.8456833362579346	77.22567915916443
2026-03-27 07:47:36.625	14.294347763061523	-2.542642116546631	77.1183967590332
2026-03-27 07:47:37.624	14.27029037475586	-1.0122604370117188	76.99634432792664
2026-03-27 07:47:38.621	14.295689582824707	-1.2780848741531372	76.8365204334259
2026-03-27 07:47:39.621	14.287322044372559	-1.9278537034988403	76.70128345489502
2026-03-27 07:47:40.621	14.284520149230957	-1.3128620386123657	76.55569314956665
2026-03-27 07:47:41.621	14.288444519042969	-2.3038597106933594	76.42200589179993
2026-03-27 07:47:42.621	14.33032512664795	-2.112968683242798	76.24133825302124
2026-03-27 07:47:43.621	14.302730560302734	-0.881493091583252	76.15570425987244
2026-03-27 07:47:44.621	14.27961254119873	-1.0795772075653076	76.00014209747314
2026-03-27 07:47:45.625	14.280763626098633	-0.6525206565856934	75.86125135421753
2026-03-27 07:47:46.624	14.247367858886719	-1.2890897989273071	75.72877407073975
2026-03-27 07:47:47.621	14.310295104980469	-2.1699726581573486	75.63008069992065
2026-03-27 07:47:48.621	14.221335411071777	-2.3590359687805176	75.45700073242188
2026-03-27 07:47:49.621	14.228795051574707	-1.1602933406829834	75.37047266960144
2026-03-27 07:47:50.621	14.279305458068848	-0.8446030616760254	75.22502541542053
2026-03-27 07:47:51.621	14.229106903076172	-2.1766347885131836	75.08546113967896
2026-03-27 07:47:52.621	14.262184143066406	-1.8105276823043823	75.02198815345764
2026-03-27 07:47:53.622	14.224030494689941	-2.563082456588745	74.92870092391968
2026-03-27 07:47:54.625	14.289523124694824	-1.8910261392593384	74.84445571899414
2026-03-27 07:47:55.623	14.20195198059082	-2.8295814990997314	74.71172213554382
2026-03-27 07:47:56.621	14.270977020263672	-0.5317137837409973	74.51879382133484
2026-03-27 07:47:57.621	14.207563400268555	-1.6449145078659058	74.4134247303009
2026-03-27 07:47:58.621	14.24891185760498	-1.4046287536621094	74.24483895301819
2026-03-27 07:47:59.621	14.229849815368652	-1.203008770942688	74.18234348297119
2026-03-27 07:48:00.621	14.25076961517334	-1.6702836751937866	74.08235669136047
2026-03-27 07:48:01.621	14.233403205871582	-0.5528977513313293	73.94590377807617
2026-03-27 07:48:02.621	14.24191951751709	-2.575096845626831	73.8152027130127
2026-03-27 07:48:03.625	14.21035099029541	-1.1178370714187622	73.72321486473083
2026-03-27 07:48:04.623	14.171582221984863	-1.4406884908676147	73.5605001449585
2026-03-27 07:48:05.621	14.250082969665527	-0.6115857362747192	73.43233823776245
2026-03-27 07:48:06.621	14.194267272949219	-1.0695750713348389	73.24737906455994
2026-03-27 07:48:07.621	14.213225364685059	-1.4667959213256836	73.14613461494446
2026-03-27 07:48:08.621	14.163445472717285	-1.7076683044433594	73.0815052986145
2026-03-27 07:48:09.621	14.20873737335205	-2.0603864192962646	73.00531268119812
2026-03-27 07:48:10.621	14.23084545135498	-1.4265542030334473	72.92100787162781
2026-03-27 07:48:11.621	14.17750358581543	-1.5037500858306885	72.74121046066284
2026-03-27 07:48:12.625	14.194595336914062	-1.9046765565872192	72.56324887275696
2026-03-27 07:48:13.624	14.147699356079102	-0.639890730381012	72.49329090118408
2026-03-27 07:48:14.621	14.205641746520996	-0.5195477604866028	72.41968512535095
2026-03-27 07:48:15.621	14.203433990478516	-1.883510947227478	72.24698066711426
2026-03-27 07:48:16.621	14.189861297607422	-0.8770542144775391	72.12345600128174
2026-03-27 07:48:17.621	14.146495819091797	-1.591477870941162	72.03434705734253
2026-03-27 07:48:18.621	14.125639915466309	-2.595780849456787	71.8708872795105
2026-03-27 07:48:19.621	14.183013916015625	-0.6666396260261536	71.69050574302673
2026-03-27 07:48:20.621	14.108773231506348	-2.069535493850708	71.50176167488098
2026-03-27 07:48:21.625	14.174858093261719	-1.127092719078064	71.3566780090332
2026-03-27 07:48:22.624	14.143439292907715	-1.014034390449524	71.26351594924927
2026-03-27 07:48:23.621	14.131082534790039	-1.6918928623199463	71.09871506690979
2026-03-27 07:48:24.621	14.124055862426758	-0.7174328565597534	70.986807346344
2026-03-27 07:48:25.621	14.088866233825684	-1.9355647563934326	70.8494484424591
2026-03-27 07:48:26.621	14.07950496673584	-2.74826979637146	70.6502616405487
2026-03-27 07:48:27.621	14.070695877075195	-2.334874153137207	70.45294046401978
2026-03-27 07:48:28.621	14.141181945800781	-1.8932409286499023	70.34133672714233
2026-03-27 07:48:29.621	14.092405319213867	-1.486891508102417	70.26178240776062
2026-03-27 07:48:30.625	14.099157333374023	-2.140937328338623	70.15891671180725
2026-03-27 07:48:31.624	14.130449295043945	-2.8301444053649902	70.0928270816803
2026-03-27 07:48:32.621	14.108306884765625	-1.5180883407592773	69.90110874176025
2026-03-27 07:48:33.621	14.129812240600586	-2.8742244243621826	69.76275444030762
2026-03-27 07:48:34.620	14.086812019348145	-0.8572018146514893	69.57724094390869
2026-03-27 07:48:35.621	14.0731782913208	-2.233286142349243	69.38583254814148
2026-03-27 07:48:36.621	14.040731430053711	-2.036208391189575	69.21530365943909
2026-03-27 07:48:37.621	14.092211723327637	-2.816649913787842	69.1540777683258
2026-03-27 07:48:38.624	14.10498046875	-1.932417392730713	69.08483505249023
2026-03-27 07:48:39.625	14.073041915893555	-2.381588935852051	68.9827561378479
2026-03-27 07:48:40.623	14.114378929138184	-2.8256282806396484	68.86727213859558
2026-03-27 07:48:41.621	14.09123706817627	-1.0279959440231323	68.71249079704285
2026-03-27 07:48:42.621	14.021698951721191	-2.7690181732177734	68.52862238883972
2026-03-27 07:48:43.621	14.099974632263184	-2.128549337387085	68.42071413993835
2026-03-27 07:48:44.621	14.026443481445312	-0.681614100933075	68.28559041023254
2026-03-27 07:48:45.621	14.002057075500488	-0.6590404510498047	68.13244223594666
2026-03-27 07:48:46.621	14.01270866394043	-2.812316656112671	67.9885745048523
2026-03-27 07:48:47.626	14.040422439575195	-0.9660484790802002	67.85837411880493
2026-03-27 07:48:48.621	13.997756958007812	-2.3942208290100098	67.75071620941162
2026-03-27 07:48:49.624	14.047587394714355	-1.8629024028778076	67.57926344871521
2026-03-27 07:48:50.621	13.99184513092041	-1.3175196647644043	67.52700805664062
2026-03-27 07:48:51.621	14.029197692871094	-2.2880699634552	67.40018725395203
2026-03-27 07:48:52.620	14.058982849121094	-0.9784351587295532	67.2702431678772
2026-03-27 07:48:53.621	14.006755828857422	-1.052771806716919	67.15608239173889
2026-03-27 07:48:54.621	13.98355484008789	-1.4994356632232666	67.04832315444946
2026-03-27 07:48:55.621	13.969647407531738	-2.9121432304382324	66.85975193977356
2026-03-27 07:48:56.624	14.026926040649414	-0.6312113404273987	66.7292594909668
2026-03-27 07:48:57.625	13.951580047607422	-2.8526759147644043	66.57710075378418
2026-03-27 07:48:58.624	13.985708236694336	-2.651524066925049	66.48687720298767
2026-03-27 07:48:59.621	14.019508361816406	-2.26121187210083	66.38364791870117
2026-03-27 07:49:00.621	13.95407485961914	-1.017788290977478	66.24565124511719
2026-03-27 07:49:01.621	13.984809875488281	-2.860111951828003	66.1032497882843
2026-03-27 07:49:02.621	13.941376686096191	-2.917902708053589	65.9075379371643
2026-03-27 07:49:03.621	14.002042770385742	-1.0992939472198486	65.76817035675049
2026-03-27 07:49:04.621	13.961289405822754	-2.55273699760437	65.66921472549438
2026-03-27 07:49:05.625	13.927471160888672	-1.3886622190475464	65.59767723083496
2026-03-27 07:49:06.625	13.988945007324219	-2.1375815868377686	65.40735363960266
2026-03-27 07:49:07.623	13.918925285339355	-1.0101994276046753	65.24303555488586
2026-03-27 07:49:08.621	13.990706443786621	-2.0258922576904297	65.08457064628601
2026-03-27 07:49:09.621	13.898356437683105	-1.249962568283081	64.89865183830261
2026-03-27 07:49:10.621	13.901317596435547	-0.841103732585907	64.82211947441101
2026-03-27 07:49:11.621	13.952946662902832	-1.5224709510803223	64.75213170051575
2026-03-27 07:49:12.621	13.90709114074707	-1.521587610244751	64.69303965568542
2026-03-27 07:49:13.621	13.917970657348633	-2.4578189849853516	64.61851000785828
2026-03-27 07:49:14.623	13.932171821594238	-1.3144737482070923	64.52267169952393
2026-03-27 07:49:15.626	13.895923614501953	-2.624940872192383	64.45837616920471
2026-03-27 07:49:16.623	13.930753707885742	-1.1766961812973022	64.39886689186096
2026-03-27 07:49:17.621	13.944211959838867	-1.0867897272109985	64.27714228630066
2026-03-27 07:49:18.621	13.881363868713379	-2.7144267559051514	64.09376263618469
2026-03-27 07:49:19.621	13.910196304321289	-2.319941520690918	64.0070915222168
2026-03-27 07:49:20.621	13.952125549316406	-1.7313896417617798	63.81741166114807
2026-03-27 07:49:21.621	13.941060066223145	-1.7107975482940674	63.758301734924316
2026-03-27 07:49:22.621	13.902451515197754	-1.7084622383117676	63.58315348625183
2026-03-27 07:49:23.623	13.95385456085205	-2.354104518890381	63.52763772010803
2026-03-27 07:49:24.625	13.93829345703125	-1.9927148818969727	63.379889726638794
2026-03-27 07:49:25.623	13.860821723937988	-2.2927396297454834	63.200509548187256
2026-03-27 07:49:26.621	13.896941184997559	-2.0547783374786377	63.08479309082031
2026-03-27 07:49:27.621	13.900663375854492	-1.6890895366668701	62.986886501312256
2026-03-27 07:49:28.620	13.853791236877441	-1.2969154119491577	62.89636492729187
2026-03-27 07:49:29.621	13.849705696105957	-2.7140305042266846	62.72246241569519
2026-03-27 07:49:30.621	13.876294136047363	-2.891761541366577	62.524157762527466
2026-03-27 07:49:31.621	13.840933799743652	-2.0140914916992188	62.35908269882202
2026-03-27 07:49:32.623	13.899209976196289	-2.5617737770080566	62.227410078048706
2026-03-27 07:49:33.625	13.860642433166504	-2.3844590187072754	62.056177854537964
2026-03-27 07:49:34.624	13.857856750488281	-1.0997313261032104	61.953914165496826
2026-03-27 07:49:35.621	13.889766693115234	-1.9988045692443848	61.86642646789551
2026-03-27 07:49:36.621	13.835419654846191	-1.5071653127670288	61.741042137145996
2026-03-27 07:49:37.621	13.814038276672363	-1.3193635940551758	61.67147159576416
2026-03-27 07:49:38.621	13.885176658630371	-1.4662766456604004	61.47676706314087
2026-03-27 07:49:39.621	13.805459022521973	-1.9003736972808838	61.319029331207275
2026-03-27 07:49:40.621	13.816033363342285	-0.7025322318077087	61.22960448265076
2026-03-27 07:49:41.624	13.810812950134277	-0.9683474898338318	61.15052103996277
2026-03-27 07:49:42.625	13.801229476928711	-2.2668933868408203	61.06918454170227
2026-03-27 07:49:43.623	13.86464786529541	-2.1930854320526123	60.95038056373596
2026-03-27 07:49:44.621	13.775994300842285	-2.398641586303711	60.86103916168213
2026-03-27 07:49:45.621	13.83785343170166	-1.6217416524887085	60.77625751495361
2026-03-27 07:49:46.621	13.778511047363281	-0.5787417888641357	60.688525438308716
2026-03-27 07:49:47.621	13.85611343383789	-2.6381113529205322	60.55927276611328
2026-03-27 07:49:48.621	13.790411949157715	-2.297327995300293	60.4509711265564
2026-03-27 07:49:49.621	13.801389694213867	-2.7820451259613037	60.29108762741089
2026-03-27 07:49:50.622	13.853158950805664	-1.1955713033676147	60.20124554634094
2026-03-27 07:49:51.624	13.816746711730957	-2.991255760192871	60.07055640220642
2026-03-27 07:49:52.623	13.759163856506348	-0.8070717453956604	60.00621318817139
2026-03-27 07:49:53.621	13.818761825561523	-0.5301625728607178	59.86875295639038
2026-03-27 07:49:54.621	13.787449836730957	-2.442154884338379	59.81723666191101
2026-03-27 07:49:55.621	13.784092903137207	-2.4200599193573	59.71019268035889
2026-03-27 07:49:56.621	13.772940635681152	-1.5969210863113403	59.56166386604309
2026-03-27 07:49:57.621	13.828417778015137	-2.844811201095581	59.454309940338135
2026-03-27 07:49:58.621	13.745551109313965	-2.5987470149993896	59.28617715835571
2026-03-27 07:49:59.625	13.736895561218262	-0.6920050978660583	59.10246968269348
2026-03-27 07:50:00.625	13.74703311920166	-1.8546618223190308	58.92553925514221
2026-03-27 07:50:01.624	13.74174690246582	-0.9854157567024231	58.832889795303345
2026-03-27 07:50:02.621	13.775041580200195	-1.9854910373687744	58.66524577140808
2026-03-27 07:50:03.621	13.705971717834473	-1.691686987876892	58.52353572845459
2026-03-27 07:50:04.621	13.79590892791748	-1.6938694715499878	58.44751000404358
2026-03-27 07:50:05.621	13.710196495056152	-0.6267444491386414	58.276087045669556
2026-03-27 07:50:06.621	13.747265815734863	-1.9928169250488281	58.2161545753479
2026-03-27 07:50:07.621	13.72506046295166	-1.0303970575332642	58.02019238471985
2026-03-27 07:50:08.626	13.753745079040527	-0.8837714195251465	57.86681771278381
2026-03-27 07:50:09.625	13.745898246765137	-1.5854426622390747	57.806241512298584
2026-03-27 07:50:10.624	13.704863548278809	-1.9787991046905518	57.70646333694458
2026-03-27 07:50:11.621	13.74909496307373	-2.300240993499756	57.56452679634094
2026-03-27 07:50:12.621	13.7179594039917	-1.9982082843780518	57.50855207443237
2026-03-27 07:50:13.621	13.753762245178223	-2.300478458404541	57.338929176330566
2026-03-27 07:50:14.621	13.755718231201172	-2.311821699142456	57.277244329452515
2026-03-27 07:50:15.621	13.714681625366211	-0.9648922085762024	57.09123611450195
2026-03-27 07:50:16.621	13.674668312072754	-2.586426258087158	56.981104612350464
2026-03-27 07:50:17.622	13.711094856262207	-2.1334688663482666	56.84170722961426
2026-03-27 07:50:18.626	13.745264053344727	-1.2360103130340576	56.753021478652954
2026-03-27 07:50:19.624	13.724432945251465	-1.5710396766662598	56.636857986450195
2026-03-27 07:50:20.621	13.700325965881348	-0.8271214365959167	56.53546452522278
2026-03-27 07:50:21.621	13.680503845214844	-1.5028446912765503	56.37819766998291
2026-03-27 07:50:22.621	13.680481910705566	-1.7220110893249512	56.27560019493103
2026-03-27 07:50:23.621	13.716902732849121	-0.8201821446418762	56.08133673667908
2026-03-27 07:50:24.621	13.677690505981445	-2.1528913974761963	55.97867965698242
2026-03-27 07:50:25.621	13.669410705566406	-0.7300795912742615	55.814963579177856
2026-03-27 07:50:26.621	13.694369316101074	-1.4434759616851807	55.63393235206604
2026-03-27 07:50:27.625	13.68732738494873	-2.2026407718658447	55.49960732460022
2026-03-27 07:50:28.624	13.665864944458008	-1.883129358291626	55.325764417648315
2026-03-27 07:50:29.621	13.638726234436035	-2.420874834060669	55.26188611984253
2026-03-27 07:50:30.621	13.669050216674805	-2.2195098400115967	55.13581037521362
2026-03-27 07:50:31.620	13.60342025756836	-2.231144428253174	54.9483060836792
2026-03-27 07:50:32.621	13.648777961730957	-2.633960008621216	54.8061728477478
2026-03-27 07:50:33.621	13.675877571105957	-2.2694008350372314	54.60723042488098
2026-03-27 07:50:34.621	13.657991409301758	-2.601975679397583	54.4869601726532
2026-03-27 07:50:35.623	13.647141456604004	-0.8551298379898071	54.36652898788452
2026-03-27 07:50:36.625	13.622941017150879	-1.6845650672912598	54.2060911655426
2026-03-27 07:50:37.624	13.584134101867676	-2.252392530441284	54.06198501586914
2026-03-27 07:50:38.621	13.598191261291504	-1.5034958124160767	54.006171226501465
2026-03-27 07:50:39.621	13.599283218383789	-2.212754487991333	53.91712188720703
2026-03-27 07:50:40.621	13.637434959411621	-1.2211977243423462	53.73116731643677
2026-03-27 07:50:41.621	13.610401153564453	-2.2954390048980713	53.64654064178467
2026-03-27 07:50:42.621	13.5708589553833	-2.943547487258911	53.528398275375366
2026-03-27 07:50:43.621	13.649035453796387	-1.693153738975525	53.47323417663574
2026-03-27 07:50:44.621	13.560371398925781	-1.989219069480896	53.37691903114319
2026-03-27 07:50:45.625	13.598904609680176	-1.3213392496109009	53.272706270217896
2026-03-27 07:50:46.624	13.6072359085083	-1.5510971546173096	53.120386600494385
2026-03-27 07:50:47.621	13.575607299804688	-2.6680409908294678	52.954310178756714
2026-03-27 07:50:48.621	13.566969871520996	-1.8641396760940552	52.849847078323364
2026-03-27 07:50:49.621	13.536935806274414	-2.0357720851898193	52.738696336746216
2026-03-27 07:50:50.621	13.53718090057373	-1.4351154565811157	52.68097519874573
2026-03-27 07:50:51.621	13.580700874328613	-0.6545364856719971	52.519965171813965
2026-03-27 07:50:52.621	13.536388397216797	-1.764067530632019	52.4649441242218
2026-03-27 07:50:53.621	13.608348846435547	-2.266228199005127	52.387917041778564
2026-03-27 07:50:54.621	13.558069229125977	-2.376483201980591	52.19181776046753
2026-03-27 07:50:55.624	13.566384315490723	-0.5820478200912476	52.07592248916626
2026-03-27 07:50:56.621	13.594198226928711	-2.787407875061035	51.97228193283081
2026-03-27 07:50:57.621	13.593965530395508	-2.365384101867676	51.913267374038696
2026-03-27 07:50:58.620	13.519648551940918	-2.275506019592285	51.71632766723633
2026-03-27 07:50:59.621	13.515695571899414	-1.0948262214660645	51.59033536911011
2026-03-27 07:51:00.624	13.525915145874023	-1.7607356309890747	51.456862688064575
2026-03-27 07:51:01.621	13.59010124206543	-0.7030478119850159	51.394808292388916
2026-03-27 07:51:02.621	13.547666549682617	-2.3975729942321777	51.207804679870605
2026-03-27 07:51:03.625	13.556670188903809	-1.863985538482666	51.06125473976135
2026-03-27 07:51:04.624	13.513360977172852	-2.163849115371704	50.896239280700684
2026-03-27 07:51:05.621	13.499608039855957	-2.4955790042877197	50.79129338264465
2026-03-27 07:51:06.621	13.552173614501953	-2.838367223739624	50.67613124847412
2026-03-27 07:51:07.621	13.544779777526855	-1.2859288454055786	50.622206926345825
2026-03-27 07:51:08.621	13.562363624572754	-2.7539162635803223	50.48595070838928
2026-03-27 07:51:09.621	13.495891571044922	-1.7607449293136597	50.37983059883118
2026-03-27 07:51:10.621	13.548556327819824	-1.106643557548523	50.22571682929993
2026-03-27 07:51:11.621	13.551034927368164	-1.829144835472107	50.15798807144165
2026-03-27 07:51:12.626	13.537359237670898	-2.7499887943267822	49.995145201683044
2026-03-27 07:51:13.624	13.47088623046875	-0.7595066428184509	49.94176924228668
2026-03-27 07:51:14.621	13.450782775878906	-2.4704439640045166	49.85172152519226
2026-03-27 07:51:15.621	13.460470199584961	-1.2400915622711182	49.70657825469971
2026-03-27 07:51:16.621	13.460895538330078	-0.5339620113372803	49.628013372421265
2026-03-27 07:51:17.621	13.471519470214844	-1.158690094947815	49.57304000854492
2026-03-27 07:51:18.621	13.445221900939941	-1.2734265327453613	49.44300353527069
2026-03-27 07:51:19.621	13.45895767211914	-2.0686497688293457	49.32202398777008
2026-03-27 07:51:20.621	13.438687324523926	-1.7126991748809814	49.191564321517944
2026-03-27 07:51:21.625	13.516839981079102	-2.4657938480377197	49.00495409965515
2026-03-27 07:51:22.624	13.48690414428711	-2.273733377456665	48.89897108078003
2026-03-27 07:51:23.621	13.434721946716309	-2.3526344299316406	48.79942238330841
2026-03-27 07:51:24.621	13.49537467956543	-2.700390577316284	48.67769181728363
2026-03-27 07:51:25.621	13.482097625732422	-2.5127148628234863	48.58902990818024
2026-03-27 07:51:26.621	13.49242877960205	-0.6200621128082275	48.461851477622986
2026-03-27 07:51:27.621	13.490118980407715	-2.3439319133758545	48.26978147029877
2026-03-27 07:51:28.621	13.457147598266602	-0.7501232028007507	48.14215302467346
2026-03-27 07:51:29.623	13.44789981842041	-0.7172765731811523	47.94918894767761
2026-03-27 07:51:30.625	13.429830551147461	-2.540127992630005	47.85932004451752
2026-03-27 07:51:31.624	13.441969871520996	-0.8333742618560791	47.78755009174347
2026-03-27 07:51:32.621	13.415193557739258	-1.9288902282714844	47.66537249088287
2026-03-27 07:51:33.621	13.391410827636719	-1.346585988998413	47.578367590904236
2026-03-27 07:51:34.621	13.391380310058594	-1.4396497011184692	47.42833375930786
2026-03-27 07:51:35.621	13.386224746704102	-1.9516046047210693	47.26837873458862
2026-03-27 07:51:36.621	13.406426429748535	-1.9947937726974487	47.146931290626526
2026-03-27 07:51:37.621	13.379532814025879	-0.5589426159858704	47.078219056129456
2026-03-27 07:51:38.621	13.41218090057373	-0.9432899951934814	47.006675601005554
2026-03-27 07:51:39.626	13.444124221801758	-2.877819538116455	46.88796401023865
2026-03-27 07:51:40.623	13.393706321716309	-2.8725435733795166	46.832650899887085
2026-03-27 07:51:41.621	13.448623657226562	-2.23829984664917	46.65067493915558
2026-03-27 07:51:42.621	13.365331649780273	-2.6060328483581543	46.51733338832855
2026-03-27 07:51:43.621	13.340846061706543	-1.5192248821258545	46.336665749549866
2026-03-27 07:51:44.621	13.382832527160645	-1.7687432765960693	46.2498664855957
2026-03-27 07:51:45.621	13.39283561706543	-1.6653709411621094	46.136847138404846
2026-03-27 07:51:46.621	13.33742618560791	-1.9128546714782715	46.01029455661774
2026-03-27 07:51:47.621	13.344657897949219	-2.134805202484131	45.8105593919754
2026-03-27 07:51:48.626	13.32459545135498	-2.3005282878875732	45.638489723205566
2026-03-27 07:51:49.624	13.318488121032715	-2.5755276679992676	45.552581548690796
2026-03-27 07:51:50.621	13.37629508972168	-2.773968458175659	45.36463916301727
2026-03-27 07:51:51.621	13.401676177978516	-2.0286459922790527	45.289433002471924
2026-03-27 07:51:52.621	13.38122272491455	-0.9199205636978149	45.23508846759796
2026-03-27 07:51:53.621	13.341315269470215	-1.3698489665985107	45.06337344646454
2026-03-27 07:51:54.621	13.343817710876465	-2.9672539234161377	44.936004281044006
2026-03-27 07:51:55.621	13.364893913269043	-2.8283660411834717	44.73804235458374
2026-03-27 07:51:56.625	13.29322624206543	-0.752571165561676	44.576624035835266
2026-03-27 07:51:57.625	13.322257041931152	-0.7982028126716614	44.48031783103943
2026-03-27 07:51:58.624	13.340160369873047	-0.7206258177757263	44.42278742790222
2026-03-27 07:51:59.621	13.357993125915527	-0.9185669422149658	44.259288907051086
2026-03-27 07:52:00.621	13.307405471801758	-2.7247474193573	44.11267340183258
2026-03-27 07:52:01.621	13.340020179748535	-2.569805145263672	43.988245725631714
2026-03-27 07:52:02.621	13.364256858825684	-2.6171886920928955	43.90802979469299
2026-03-27 07:52:03.621	13.29871654510498	-1.6877177953720093	43.733832240104675
2026-03-27 07:52:04.621	13.324773788452148	-1.058956265449524	43.647634983062744
2026-03-27 07:52:05.621	13.343135833740234	-2.471752405166626	43.563711643218994
2026-03-27 07:52:06.625	13.289772987365723	-1.1816937923431396	43.36490333080292
2026-03-27 07:52:07.623	13.338528633117676	-1.3404546976089478	43.30318570137024
2026-03-27 07:52:08.621	13.26343822479248	-0.9917949438095093	43.201085925102234
2026-03-27 07:52:09.621	13.320693969726562	-1.8271446228027344	43.14766526222229
2026-03-27 07:52:10.621	13.256091117858887	-1.6460256576538086	42.97023415565491
2026-03-27 07:52:11.621	13.284189224243164	-1.1389377117156982	42.81249642372131
2026-03-27 07:52:12.621	13.298811912536621	-0.5595110058784485	42.69512891769409
2026-03-27 07:52:13.621	13.256085395812988	-0.9660171270370483	42.4968421459198
2026-03-27 07:52:14.623	13.310397148132324	-0.508171021938324	42.42571294307709
2026-03-27 07:52:15.625	13.27487850189209	-2.660897970199585	42.33095347881317
2026-03-27 07:52:16.623	13.302085876464844	-2.1587908267974854	42.25866496562958
2026-03-27 07:52:17.621	13.233779907226562	-1.8536057472229004	42.189496755599976
2026-03-27 07:52:18.621	13.267070770263672	-0.8999944925308228	42.09257960319519
2026-03-27 07:52:19.621	13.213945388793945	-1.4155023097991943	41.95455312728882
2026-03-27 07:52:20.621	13.216580390930176	-0.7011237144470215	41.84858500957489
2026-03-27 07:52:21.621	13.207618713378906	-1.5097006559371948	41.73007011413574
2026-03-27 07:52:22.621	13.247140884399414	-2.7247891426086426	41.62995219230652
2026-03-27 07:52:23.623	13.294218063354492	-2.6431078910827637	41.52275025844574
2026-03-27 07:52:24.624	13.232969284057617	-2.18322491645813	41.43351912498474
2026-03-27 07:52:25.623	13.224618911743164	-2.237849712371826	41.27696752548218
2026-03-27 07:52:26.621	13.273030281066895	-1.487160086631775	41.08562171459198
2026-03-27 07:52:27.621	13.217798233032227	-2.1778838634490967	40.91125130653381
2026-03-27 07:52:28.621	13.18116569519043	-0.7954530119895935	40.82329869270325
