[System]
Platform=SEANO USV
Start_Time=2026-03-27 07:44:28
Timezone=WIB

[Sensor]
Name=CTD

[Columns]
Timestamp(WIB)	Depth	Temp	Cond	Salinity	Density	SoundVel

[Data]
2026-03-27 07:44:30.800	2.69	28.148	4.213	32.49	1020.603	1535.015
2026-03-27 07:44:31.800	2.815	28.128	4.205	32.5	1020.642	1535.068
2026-03-27 07:44:32.800	2.955	28.11	4.211	32.471	1020.582	1534.943
2026-03-27 07:44:33.800	3.106	28.101	4.214	32.487	1020.615	1535.043
2026-03-27 07:44:34.800	3.196	28.061	4.225	32.493	1020.622	1535.006
2026-03-27 07:44:35.800	3.299	28.094	4.215	32.465	1020.613	1534.963
2026-03-27 07:44:36.800	3.33	28.068	4.22	32.473	1020.617	1534.901
2026-03-27 07:44:37.800	3.391	28.079	4.222	32.497	1020.626	1535.046
2026-03-27 07:44:38.800	3.379	28.057	4.221	32.459	1020.601	1534.917
2026-03-27 07:44:39.801	3.434	28.065	4.226	32.467	1020.616	1535.007
2026-03-27 07:44:40.800	3.416	28.093	4.237	32.462	1020.594	1535.013
2026-03-27 07:44:41.801	3.42	28.125	4.226	32.449	1020.59	1535.126
2026-03-27 07:44:42.800	3.36	28.138	4.235	32.445	1020.577	1535.14
2026-03-27 07:44:43.801	3.347	28.145	4.234	32.459	1020.576	1535.191
2026-03-27 07:44:44.800	3.33	28.14	4.234	32.428	1020.554	1535.198
2026-03-27 07:44:45.800	3.293	28.116	4.238	32.428	1020.6	1535.082
2026-03-27 07:44:46.800	3.244	28.142	4.233	32.438	1020.592	1535.205
2026-03-27 07:44:47.800	3.199	28.142	4.234	32.42	1020.591	1535.149
2026-03-27 07:44:48.800	3.199	28.176	4.247	32.416	1020.54	1535.211
2026-03-27 07:44:49.800	3.136	28.177	4.238	32.403	1020.543	1535.227
2026-03-27 07:44:50.800	3.099	28.192	4.239	32.415	1020.556	1535.13
2026-03-27 07:44:51.801	3.098	28.2	4.238	32.401	1020.547	1535.194
2026-03-27 07:44:52.800	3.07	28.231	4.246	32.391	1020.516	1535.33
2026-03-27 07:44:53.800	3.064	28.195	4.254	32.359	1020.519	1535.193
2026-03-27 07:44:54.800	3.057	28.235	4.253	32.374	1020.517	1535.317
2026-03-27 07:44:55.800	3.014	28.258	4.247	32.376	1020.503	1535.27
2026-03-27 07:44:56.800	3.047	28.226	4.245	32.357	1020.467	1535.145
2026-03-27 07:44:57.800	2.987	28.231	4.248	32.349	1020.495	1535.2
2026-03-27 07:44:58.800	2.974	28.235	4.239	32.318	1020.476	1535.147
2026-03-27 07:44:59.800	2.9	28.279	4.259	32.319	1020.42	1535.276
2026-03-27 07:45:00.800	2.863	28.308	4.254	32.314	1020.44	1535.368
2026-03-27 07:45:01.800	2.736	28.319	4.257	32.297	1020.392	1535.303
2026-03-27 07:45:02.800	2.653	28.318	4.249	32.297	1020.429	1535.395
2026-03-27 07:45:03.800	2.546	28.333	4.252	32.266	1020.375	1535.321
2026-03-27 07:45:04.800	2.476	28.359	4.251	32.263	1020.387	1535.316
2026-03-27 07:45:05.800	2.305	28.366	4.245	32.257	1020.355	1535.419
2026-03-27 07:45:06.800	2.147	28.387	4.245	32.246	1020.347	1535.389
2026-03-27 07:45:07.800	2.008	28.408	4.243	32.25	1020.291	1535.461
2026-03-27 07:45:08.800	1.865	28.438	4.249	32.246	1020.298	1535.542
2026-03-27 07:45:09.800	1.645	28.49	4.256	32.239	1020.292	1535.509
2026-03-27 07:45:10.800	1.482	28.513	4.249	32.227	1020.242	1535.553
2026-03-27 07:45:11.800	1.302	28.532	4.236	32.204	1020.234	1535.497
2026-03-27 07:45:12.800	1.163	28.588	4.239	32.188	1020.188	1535.651
2026-03-27 07:45:13.800	0.997	28.572	4.237	32.168	1020.168	1535.51
2026-03-27 07:45:14.801	0.868	28.619	4.234	32.182	1020.161	1535.71
2026-03-27 07:45:15.800	0.709	28.626	4.233	32.146	1020.138	1535.646
2026-03-27 07:45:16.800	0.582	28.682	4.238	32.139	1020.101	1535.811
2026-03-27 07:45:17.801	0.529	28.646	4.227	32.163	1020.124	1535.74
2026-03-27 07:45:18.800	0.447	28.669	4.241	32.146	1020.076	1535.816
2026-03-27 07:45:19.800	0.391	28.68	4.239	32.118	1020.046	1535.665
2026-03-27 07:45:20.800	0.331	28.671	4.222	32.138	1020.08	1535.668
2026-03-27 07:45:21.800	0.295	28.683	4.218	32.109	1020.074	1535.717
2026-03-27 07:45:22.800	0.308	28.697	4.218	32.095	1020.032	1535.756
2026-03-27 07:45:23.800	0.351	28.689	4.217	32.099	1020.08	1535.779
2026-03-27 07:45:24.804	0.367	28.678	4.222	32.102	1020.055	1535.661
2026-03-27 07:45:25.800	0.424	28.655	4.219	32.104	1020.061	1535.678
2026-03-27 07:45:26.804	0.537	28.637	4.212	32.097	1020.076	1535.66
2026-03-27 07:45:27.805	0.595	28.641	4.22	32.086	1020.082	1535.553
2026-03-27 07:45:28.800	0.655	28.636	4.209	32.08	1020.074	1535.495
2026-03-27 07:45:29.800	0.747	28.603	4.213	32.069	1020.047	1535.555
2026-03-27 07:45:30.800	0.878	28.608	4.194	32.049	1020.057	1535.497
2026-03-27 07:45:31.800	0.953	28.576	4.191	32.052	1020.091	1535.347
2026-03-27 07:45:32.800	1.041	28.545	4.196	32.05	1020.067	1535.384
2026-03-27 07:45:33.801	1.1	28.549	4.195	32.037	1020.081	1535.416
2026-03-27 07:45:34.800	1.153	28.539	4.185	32.04	1020.083	1535.339
2026-03-27 07:45:35.804	1.215	28.543	4.18	32.045	1020.061	1535.447
2026-03-27 07:45:36.800	1.299	28.5	4.176	32.008	1020.083	1535.282
2026-03-27 07:45:37.800	1.341	28.512	4.173	32.027	1020.115	1535.389
2026-03-27 07:45:38.800	1.435	28.52	4.176	32.028	1020.076	1535.355
2026-03-27 07:45:39.800	1.443	28.495	4.171	32.009	1020.101	1535.303
2026-03-27 07:45:40.801	1.543	28.456	4.18	32.001	1020.108	1535.241
2026-03-27 07:45:41.800	1.588	28.475	4.173	32.024	1020.1	1535.193
2026-03-27 07:45:42.802	1.617	28.417	4.161	31.997	1020.1	1535.138
2026-03-27 07:45:43.800	1.653	28.439	4.163	32.007	1020.115	1535.124
2026-03-27 07:45:44.801	1.752	28.408	4.165	31.984	1020.09	1535.024
2026-03-27 07:45:45.800	1.841	28.39	4.159	32.004	1020.106	1534.98
2026-03-27 07:45:46.800	1.91	28.368	4.164	31.97	1020.13	1534.898
2026-03-27 07:45:47.800	1.975	28.378	4.154	31.994	1020.105	1534.916
2026-03-27 07:45:48.800	2.136	28.329	4.151	31.988	1020.126	1534.836
2026-03-27 07:45:49.800	2.238	28.329	4.155	31.983	1020.131	1534.851
2026-03-27 07:45:51.692	2.325	28.295	4.145	31.978	1020.158	1534.75
2026-03-27 07:45:51.800	2.507	28.286	4.15	31.945	1020.159	1534.787
2026-03-27 07:45:52.800	2.601	28.248	4.137	31.949	1020.16	1534.69
2026-03-27 07:45:53.800	2.788	28.209	4.143	31.964	1020.158	1534.627
2026-03-27 07:45:54.800	2.936	28.16	4.145	31.941	1020.202	1534.541
2026-03-27 07:45:55.800	3.055	28.141	4.139	31.937	1020.204	1534.419
2026-03-27 07:45:56.800	3.191	28.115	4.143	31.949	1020.178	1534.517
2026-03-27 07:45:57.800	3.336	28.095	4.139	31.925	1020.219	1534.311
2026-03-27 07:45:58.800	3.466	28.048	4.133	31.932	1020.195	1534.325
2026-03-27 07:45:59.800	3.548	28.065	4.138	31.94	1020.208	1534.326
2026-03-27 07:46:00.806	3.658	28.054	4.129	31.913	1020.196	1534.398
2026-03-27 07:46:01.800	3.728	27.986	4.125	31.92	1020.214	1534.162
2026-03-27 07:46:02.800	3.793	27.99	4.137	31.908	1020.212	1534.084
2026-03-27 07:46:03.801	3.787	28.017	4.136	31.892	1020.213	1534.123
2026-03-27 07:46:04.800	3.824	27.948	4.14	31.917	1020.247	1534.071
2026-03-27 07:46:05.800	3.754	27.975	4.134	31.879	1020.202	1534.049
2026-03-27 07:46:06.800	3.727	27.992	4.131	31.9	1020.234	1534.056
2026-03-27 07:46:07.800	3.694	27.945	4.143	31.864	1020.187	1533.996
2026-03-27 07:46:08.800	3.597	27.975	4.145	31.861	1020.179	1534.096
2026-03-27 07:46:09.804	3.517	27.967	4.137	31.845	1020.179	1534.007
2026-03-27 07:46:10.800	3.389	27.968	4.13	31.846	1020.145	1534.002
2026-03-27 07:46:11.800	3.279	27.999	4.138	31.839	1020.139	1533.996
2026-03-27 07:46:12.800	3.108	28.045	4.14	31.829	1020.112	1534.06
2026-03-27 07:46:13.800	3.026	28.049	4.139	31.844	1020.149	1534.166
2026-03-27 07:46:14.800	2.884	28.03	4.138	31.826	1020.116	1533.935
2026-03-27 07:46:15.801	2.733	28.072	4.153	31.804	1020.065	1534.017
2026-03-27 07:46:16.803	2.617	28.07	4.14	31.81	1020.081	1534.116
2026-03-27 07:46:17.800	2.461	28.099	4.159	31.81	1020.081	1534.07
2026-03-27 07:46:18.801	2.37	28.063	4.153	31.787	1020.07	1534.036
2026-03-27 07:46:19.800	2.239	28.081	4.157	31.774	1020.012	1533.888
2026-03-27 07:46:20.800	2.187	28.088	4.163	31.776	1020.012	1534.064
2026-03-27 07:46:21.800	2.083	28.107	4.157	31.751	1019.975	1533.889
2026-03-27 07:46:22.800	1.979	28.117	4.161	31.756	1020.002	1533.916
2026-03-27 07:46:23.800	1.941	28.134	4.168	31.751	1020.012	1534.11
2026-03-27 07:46:24.801	1.857	28.13	4.159	31.74	1020.001	1533.889
2026-03-27 07:46:25.803	1.831	28.118	4.162	31.722	1019.975	1533.94
2026-03-27 07:46:26.800	1.739	28.15	4.167	31.698	1019.947	1533.955
2026-03-27 07:46:27.805	1.683	28.127	4.166	31.716	1019.934	1533.829
2026-03-27 07:46:28.800	1.626	28.151	4.165	31.702	1019.916	1533.865
2026-03-27 07:46:29.800	1.607	28.121	4.171	31.68	1019.911	1533.912
2026-03-27 07:46:30.800	1.518	28.157	4.179	31.668	1019.901	1533.91
2026-03-27 07:46:31.800	1.458	28.128	4.183	31.65	1019.878	1533.868
2026-03-27 07:46:32.800	1.379	28.156	4.185	31.665	1019.868	1533.903
2026-03-27 07:46:33.800	1.283	28.139	4.192	31.644	1019.867	1533.853
2026-03-27 07:46:34.801	1.208	28.156	4.182	31.648	1019.87	1533.779
2026-03-27 07:46:35.800	1.136	28.149	4.191	31.642	1019.826	1533.699
2026-03-27 07:46:36.804	1.023	28.155	4.191	31.608	1019.814	1533.705
2026-03-27 07:46:37.800	0.874	28.187	4.196	31.614	1019.796	1533.887
2026-03-27 07:46:38.803	0.803	28.17	4.196	31.614	1019.798	1533.779
2026-03-27 07:46:39.800	0.677	28.238	4.211	31.595	1019.761	1533.877
2026-03-27 07:46:40.800	0.623	28.216	4.201	31.569	1019.73	1533.891
2026-03-27 07:46:41.800	0.498	28.224	4.203	31.57	1019.739	1533.83
2026-03-27 07:46:42.801	0.455	28.215	4.202	31.587	1019.791	1533.838
2026-03-27 07:46:43.803	0.335	28.238	4.204	31.562	1019.739	1533.718
2026-03-27 07:46:44.800	0.299	28.217	4.205	31.56	1019.714	1533.769
2026-03-27 07:46:45.804	0.251	28.239	4.204	31.534	1019.684	1533.715
2026-03-27 07:46:46.800	0.267	28.245	4.219	31.558	1019.727	1533.859
2026-03-27 07:46:47.800	0.285	28.25	4.215	31.551	1019.7	1533.836
2026-03-27 07:46:48.800	0.272	28.253	4.215	31.527	1019.71	1533.879
2026-03-27 07:46:49.800	0.366	28.219	4.227	31.526	1019.693	1533.781
2026-03-27 07:46:50.800	0.409	28.231	4.216	31.523	1019.688	1533.675
2026-03-27 07:46:51.800	0.522	28.2	4.215	31.512	1019.717	1533.747
2026-03-27 07:46:52.803	0.624	28.155	4.233	31.542	1019.73	1533.543
2026-03-27 07:46:53.800	0.737	28.14	4.23	31.542	1019.781	1533.502
2026-03-27 07:46:54.800	0.915	28.132	4.22	31.537	1019.773	1533.579
2026-03-27 07:46:55.800	1.046	28.092	4.233	31.533	1019.781	1533.42
2026-03-27 07:46:56.800	1.196	28.082	4.23	31.529	1019.76	1533.416
2026-03-27 07:46:57.800	1.365	28.061	4.221	31.527	1019.82	1533.402
2026-03-27 07:46:58.800	1.569	28.009	4.229	31.522	1019.794	1533.331
2026-03-27 07:46:59.800	1.737	28.002	4.222	31.536	1019.845	1533.338
2026-03-27 07:47:00.800	1.849	27.971	4.222	31.523	1019.863	1533.267
2026-03-27 07:47:01.803	2.049	27.95	4.232	31.543	1019.864	1533.194
2026-03-27 07:47:02.800	2.139	27.952	4.225	31.525	1019.862	1533.19
2026-03-27 07:47:03.804	2.27	27.93	4.231	31.52	1019.887	1533.248
2026-03-27 07:47:04.800	2.418	27.871	4.223	31.554	1019.919	1533.186
2026-03-27 07:47:05.801	2.526	27.844	4.222	31.532	1019.923	1532.962
2026-03-27 07:47:06.800	2.607	27.883	4.227	31.543	1019.906	1533.14
2026-03-27 07:47:07.800	2.659	27.845	4.22	31.539	1019.93	1533.146
2026-03-27 07:47:08.800	2.74	27.849	4.219	31.552	1019.92	1533.188
2026-03-27 07:47:09.800	2.766	27.865	4.22	31.564	1019.94	1533.291
2026-03-27 07:47:10.801	2.797	27.846	4.217	31.558	1019.917	1533.155
2026-03-27 07:47:11.800	2.837	27.829	4.224	31.6	1019.972	1533.132
2026-03-27 07:47:12.804	2.917	27.84	4.22	31.596	1019.957	1533.227
2026-03-27 07:47:13.801	2.92	27.834	4.226	31.621	1020.022	1533.159
2026-03-27 07:47:14.800	2.963	27.794	4.218	31.6	1019.962	1533.148
2026-03-27 07:47:15.800	2.985	27.8	4.212	31.62	1020.002	1533.12
2026-03-27 07:47:16.800	2.997	27.834	4.211	31.627	1019.99	1533.22
2026-03-27 07:47:17.800	3.076	27.824	4.215	31.644	1020.024	1533.204
2026-03-27 07:47:18.800	3.07	27.805	4.205	31.658	1020.066	1533.228
2026-03-27 07:47:19.804	3.135	27.792	4.202	31.677	1020.064	1533.223
2026-03-27 07:47:20.800	3.18	27.811	4.198	31.668	1020.043	1533.16
2026-03-27 07:47:21.800	3.241	27.805	4.2	31.707	1020.069	1533.268
2026-03-27 07:47:22.800	3.307	27.776	4.193	31.718	1020.102	1533.264
2026-03-27 07:47:23.800	3.361	27.787	4.191	31.7	1020.079	1533.227
2026-03-27 07:47:24.800	3.394	27.795	4.192	31.732	1020.139	1533.215
2026-03-27 07:47:25.800	3.425	27.794	4.2	31.755	1020.128	1533.356
2026-03-27 07:47:26.800	3.45	27.805	4.191	31.754	1020.16	1533.473
2026-03-27 07:47:27.800	3.475	27.774	4.195	31.781	1020.154	1533.379
2026-03-27 07:47:28.803	3.538	27.811	4.199	31.778	1020.164	1533.405
2026-03-27 07:47:29.800	3.486	27.784	4.182	31.803	1020.197	1533.288
2026-03-27 07:47:30.804	3.498	27.813	4.177	31.832	1020.171	1533.545
2026-03-27 07:47:31.800	3.471	27.839	4.176	31.833	1020.181	1533.618
2026-03-27 07:47:32.801	3.39	27.809	4.191	31.845	1020.187	1533.575
2026-03-27 07:47:33.800	3.296	27.831	4.179	31.845	1020.182	1533.621
2026-03-27 07:47:34.800	3.213	27.897	4.188	31.887	1020.196	1533.83
2026-03-27 07:47:35.800	3.111	27.913	4.172	31.877	1020.167	1533.749
2026-03-27 07:47:36.800	2.983	27.892	4.181	31.916	1020.193	1533.787
2026-03-27 07:47:37.800	2.817	27.967	4.183	31.942	1020.183	1533.953
2026-03-27 07:47:38.800	2.658	27.971	4.173	31.921	1020.172	1533.9
2026-03-27 07:47:39.804	2.497	28.006	4.178	31.954	1020.192	1533.966
2026-03-27 07:47:40.800	2.295	28.057	4.173	31.963	1020.183	1534.053
2026-03-27 07:47:41.800	2.147	28.054	4.175	31.984	1020.17	1534.046
2026-03-27 07:47:42.800	1.924	28.119	4.162	32.011	1020.203	1534.231
2026-03-27 07:47:43.800	1.748	28.131	4.175	32.009	1020.201	1534.269
2026-03-27 07:47:44.800	1.588	28.187	4.163	32.011	1020.151	1534.431
2026-03-27 07:47:45.800	1.433	28.222	4.169	32.026	1020.165	1534.574
2026-03-27 07:47:46.803	1.304	28.222	4.156	32.066	1020.158	1534.493
2026-03-27 07:47:47.800	1.146	28.236	4.174	32.075	1020.151	1534.616
2026-03-27 07:47:48.804	1.049	28.296	4.173	32.08	1020.182	1534.72
2026-03-27 07:47:49.800	0.963	28.317	4.165	32.078	1020.126	1534.739
2026-03-27 07:47:50.800	0.892	28.298	4.167	32.107	1020.151	1534.684
2026-03-27 07:47:51.800	0.816	28.367	4.154	32.115	1020.154	1534.917
2026-03-27 07:47:52.800	0.741	28.355	4.166	32.126	1020.186	1534.946
2026-03-27 07:47:53.800	0.722	28.377	4.154	32.138	1020.146	1535.046
2026-03-27 07:47:54.800	0.726	28.367	4.149	32.149	1020.171	1534.949
2026-03-27 07:47:55.804	0.724	28.369	4.156	32.142	1020.181	1534.898
2026-03-27 07:47:56.800	0.703	28.409	4.15	32.171	1020.196	1535.135
2026-03-27 07:47:57.800	0.707	28.39	4.162	32.167	1020.181	1534.947
2026-03-27 07:47:58.800	0.727	28.413	4.161	32.171	1020.209	1535.005
2026-03-27 07:47:59.800	0.754	28.414	4.145	32.189	1020.214	1535.181
2026-03-27 07:48:00.800	0.784	28.445	4.159	32.2	1020.195	1535.207
2026-03-27 07:48:01.800	0.753	28.437	4.158	32.19	1020.179	1535.092
2026-03-27 07:48:02.800	0.788	28.445	4.159	32.201	1020.189	1535.249
2026-03-27 07:48:03.800	0.812	28.437	4.147	32.216	1020.242	1535.193
2026-03-27 07:48:04.803	0.838	28.451	4.148	32.227	1020.207	1535.255
2026-03-27 07:48:05.800	0.8	28.454	4.147	32.226	1020.201	1535.347
2026-03-27 07:48:06.804	0.835	28.439	4.16	32.259	1020.238	1535.308
2026-03-27 07:48:07.800	0.814	28.448	4.152	32.229	1020.224	1535.236
2026-03-27 07:48:08.800	0.807	28.443	4.158	32.264	1020.23	1535.29
2026-03-27 07:48:09.800	0.811	28.45	4.155	32.245	1020.233	1535.261
2026-03-27 07:48:10.801	0.838	28.486	4.153	32.274	1020.268	1535.419
2026-03-27 07:48:11.800	0.824	28.511	4.155	32.246	1020.232	1535.519
2026-03-27 07:48:12.800	0.871	28.461	4.165	32.281	1020.251	1535.368
2026-03-27 07:48:13.801	0.899	28.465	4.159	32.288	1020.261	1535.436
2026-03-27 07:48:14.800	0.921	28.517	4.156	32.288	1020.278	1535.547
2026-03-27 07:48:15.804	0.972	28.518	4.155	32.293	1020.297	1535.54
2026-03-27 07:48:16.800	1.08	28.473	4.154	32.298	1020.29	1535.49
2026-03-27 07:48:17.803	1.182	28.479	4.162	32.275	1020.286	1535.385
2026-03-27 07:48:18.800	1.247	28.449	4.169	32.275	1020.295	1535.439
2026-03-27 07:48:19.800	1.406	28.475	4.173	32.301	1020.305	1535.589
2026-03-27 07:48:20.800	1.508	28.471	4.168	32.301	1020.328	1535.612
2026-03-27 07:48:21.800	1.662	28.429	4.174	32.298	1020.359	1535.499
2026-03-27 07:48:22.803	1.858	28.422	4.17	32.296	1020.348	1535.452
2026-03-27 07:48:23.800	1.995	28.361	4.159	32.291	1020.353	1535.26
2026-03-27 07:48:24.801	2.186	28.38	4.18	32.291	1020.386	1535.436
2026-03-27 07:48:25.803	2.407	28.312	4.172	32.303	1020.396	1535.221
2026-03-27 07:48:26.801	2.562	28.304	4.182	32.302	1020.424	1535.211
2026-03-27 07:48:27.800	2.743	28.283	4.181	32.273	1020.411	1535.172
2026-03-27 07:48:28.800	2.871	28.295	4.17	32.295	1020.434	1535.26
2026-03-27 07:48:29.800	3.04	28.256	4.182	32.302	1020.442	1535.176
2026-03-27 07:48:30.800	3.171	28.269	4.185	32.279	1020.411	1535.235
2026-03-27 07:48:31.803	3.313	28.196	4.182	32.304	1020.443	1535.056
2026-03-27 07:48:32.800	3.378	28.242	4.177	32.293	1020.483	1535.319
2026-03-27 07:48:33.804	3.507	28.22	4.18	32.295	1020.446	1535.265
2026-03-27 07:48:34.800	3.527	28.221	4.18	32.303	1020.449	1535.183
2026-03-27 07:48:35.800	3.606	28.178	4.183	32.29	1020.505	1535.104
2026-03-27 07:48:36.800	3.627	28.178	4.197	32.306	1020.469	1535.156
2026-03-27 07:48:37.800	3.622	28.173	4.189	32.294	1020.503	1535.063
2026-03-27 07:48:38.800	3.61	28.184	4.197	32.312	1020.523	1535.131
2026-03-27 07:48:39.801	3.529	28.238	4.207	32.304	1020.468	1535.193
2026-03-27 07:48:40.800	3.539	28.186	4.194	32.273	1020.46	1535.0
2026-03-27 07:48:41.800	3.474	28.222	4.205	32.282	1020.464	1535.085
2026-03-27 07:48:42.804	3.374	28.268	4.215	32.288	1020.433	1535.291
2026-03-27 07:48:43.801	3.302	28.229	4.208	32.313	1020.453	1535.255
2026-03-27 07:48:44.800	3.24	28.291	4.217	32.309	1020.458	1535.339
2026-03-27 07:48:45.800	3.183	28.26	4.22	32.307	1020.423	1535.258
2026-03-27 07:48:46.800	3.126	28.251	4.229	32.305	1020.446	1535.288
2026-03-27 07:48:47.800	3.054	28.269	4.229	32.282	1020.396	1535.226
2026-03-27 07:48:48.801	2.998	28.305	4.216	32.311	1020.414	1535.44
2026-03-27 07:48:49.803	2.948	28.311	4.236	32.294	1020.44	1535.283
2026-03-27 07:48:50.800	2.891	28.302	4.236	32.301	1020.444	1535.261
2026-03-27 07:48:51.804	2.847	28.294	4.23	32.316	1020.433	1535.39
2026-03-27 07:48:52.800	2.783	28.312	4.24	32.297	1020.431	1535.304
2026-03-27 07:48:53.800	2.73	28.344	4.245	32.29	1020.391	1535.387
2026-03-27 07:48:54.800	2.691	28.369	4.243	32.317	1020.408	1535.594
2026-03-27 07:48:55.800	2.638	28.351	4.247	32.328	1020.395	1535.415
2026-03-27 07:48:56.800	2.596	28.363	4.252	32.304	1020.393	1535.394
2026-03-27 07:48:57.800	2.59	28.372	4.235	32.332	1020.43	1535.568
2026-03-27 07:48:58.803	2.52	28.359	4.241	32.328	1020.438	1535.531
2026-03-27 07:48:59.800	2.408	28.366	4.241	32.319	1020.396	1535.357
2026-03-27 07:49:00.801	2.348	28.397	4.249	32.336	1020.419	1535.565
2026-03-27 07:49:01.801	2.289	28.378	4.254	32.338	1020.416	1535.494
2026-03-27 07:49:02.800	2.175	28.428	4.247	32.337	1020.383	1535.596
2026-03-27 07:49:03.800	2.056	28.427	4.258	32.318	1020.343	1535.45
2026-03-27 07:49:04.800	1.92	28.458	4.251	32.337	1020.385	1535.549
2026-03-27 07:49:05.800	1.756	28.472	4.251	32.336	1020.328	1535.596
2026-03-27 07:49:06.800	1.665	28.46	4.258	32.326	1020.332	1535.549
2026-03-27 07:49:07.803	1.489	28.489	4.248	32.334	1020.352	1535.707
2026-03-27 07:49:08.801	1.339	28.479	4.254	32.315	1020.333	1535.506
2026-03-27 07:49:09.804	1.169	28.541	4.262	32.342	1020.327	1535.828
2026-03-27 07:49:10.804	1.019	28.539	4.255	32.326	1020.318	1535.673
2026-03-27 07:49:11.801	0.868	28.556	4.26	32.325	1020.281	1535.722
2026-03-27 07:49:12.800	0.742	28.554	4.255	32.354	1020.289	1535.67
2026-03-27 07:49:13.801	0.599	28.58	4.258	32.348	1020.284	1535.761
2026-03-27 07:49:14.800	0.497	28.578	4.259	32.335	1020.243	1535.626
2026-03-27 07:49:15.800	0.382	28.615	4.255	32.348	1020.235	1535.884
2026-03-27 07:49:16.801	0.287	28.643	4.255	32.363	1020.249	1535.83
2026-03-27 07:49:17.800	0.274	28.632	4.249	32.359	1020.278	1535.933
2026-03-27 07:49:18.804	0.258	28.597	4.254	32.354	1020.263	1535.683
2026-03-27 07:49:19.800	0.231	28.632	4.245	32.348	1020.266	1535.795
2026-03-27 07:49:20.800	0.221	28.582	4.247	32.329	1020.237	1535.584
2026-03-27 07:49:21.800	0.289	28.598	4.249	32.357	1020.253	1535.779
2026-03-27 07:49:22.800	0.349	28.602	4.247	32.356	1020.247	1535.835
2026-03-27 07:49:23.800	0.402	28.56	4.255	32.328	1020.258	1535.656
2026-03-27 07:49:24.801	0.502	28.559	4.25	32.323	1020.255	1535.567
2026-03-27 07:49:25.803	0.587	28.52	4.234	32.319	1020.299	1535.569
2026-03-27 07:49:26.800	0.721	28.513	4.242	32.338	1020.271	1535.582
2026-03-27 07:49:27.800	0.781	28.484	4.228	32.311	1020.307	1535.551
2026-03-27 07:49:28.801	0.906	28.436	4.23	32.338	1020.315	1535.369
2026-03-27 07:49:29.800	1.057	28.414	4.238	32.34	1020.315	1535.291
2026-03-27 07:49:30.800	1.151	28.418	4.224	32.301	1020.3	1535.252
2026-03-27 07:49:31.800	1.296	28.383	4.222	32.33	1020.359	1535.226
2026-03-27 07:49:32.801	1.378	28.328	4.228	32.32	1020.355	1535.206
2026-03-27 07:49:33.800	1.488	28.341	4.21	32.285	1020.318	1535.077
2026-03-27 07:49:34.803	1.577	28.295	4.207	32.304	1020.356	1535.051
2026-03-27 07:49:35.800	1.664	28.311	4.218	32.299	1020.332	1535.216
2026-03-27 07:49:36.800	1.735	28.251	4.218	32.286	1020.349	1534.998
2026-03-27 07:49:37.804	1.809	28.252	4.2	32.256	1020.352	1534.858
2026-03-27 07:49:38.800	1.854	28.253	4.212	32.245	1020.366	1534.893
2026-03-27 07:49:39.800	1.928	28.21	4.203	32.26	1020.338	1534.771
2026-03-27 07:49:40.800	1.988	28.222	4.189	32.258	1020.359	1534.842
2026-03-27 07:49:41.800	2.075	28.163	4.194	32.236	1020.345	1534.806
2026-03-27 07:49:42.801	2.122	28.144	4.193	32.242	1020.345	1534.703
2026-03-27 07:49:43.801	2.164	28.153	4.194	32.224	1020.337	1534.768
2026-03-27 07:49:44.800	2.215	28.168	4.185	32.191	1020.35	1534.619
2026-03-27 07:49:45.804	2.315	28.14	4.18	32.211	1020.382	1534.718
2026-03-27 07:49:46.800	2.398	28.125	4.185	32.193	1020.323	1534.575
2026-03-27 07:49:47.800	2.456	28.081	4.182	32.188	1020.332	1534.559
2026-03-27 07:49:48.800	2.574	28.08	4.173	32.162	1020.332	1534.58
2026-03-27 07:49:49.800	2.694	28.056	4.172	32.129	1020.307	1534.33
2026-03-27 07:49:50.800	2.79	28.006	4.169	32.116	1020.33	1534.18
2026-03-27 07:49:51.800	2.92	27.987	4.153	32.101	1020.367	1534.191
2026-03-27 07:49:52.802	3.063	27.965	4.154	32.112	1020.365	1534.154
2026-03-27 07:49:53.800	3.145	27.923	4.161	32.077	1020.335	1534.082
2026-03-27 07:49:54.804	3.273	27.929	4.159	32.094	1020.342	1534.153
2026-03-27 07:49:55.803	3.369	27.886	4.148	32.054	1020.317	1533.961
2026-03-27 07:49:56.800	3.488	27.855	4.155	32.057	1020.332	1533.85
2026-03-27 07:49:57.800	3.59	27.845	4.134	32.024	1020.346	1533.861
2026-03-27 07:49:58.800	3.649	27.855	4.142	32.001	1020.334	1533.767
2026-03-27 07:49:59.800	3.7	27.781	4.141	32.004	1020.339	1533.736
2026-03-27 07:50:00.801	3.782	27.788	4.132	31.99	1020.361	1533.651
2026-03-27 07:50:01.804	3.798	27.776	4.131	31.967	1020.328	1533.639
2026-03-27 07:50:02.800	3.783	27.782	4.124	31.961	1020.339	1533.625
2026-03-27 07:50:03.801	3.739	27.783	4.13	31.955	1020.314	1533.67
2026-03-27 07:50:04.801	3.675	27.803	4.136	31.921	1020.282	1533.623
2026-03-27 07:50:05.800	3.616	27.817	4.125	31.899	1020.233	1533.598
2026-03-27 07:50:06.801	3.547	27.797	4.13	31.885	1020.269	1533.463
2026-03-27 07:50:07.800	3.458	27.825	4.134	31.865	1020.189	1533.488
2026-03-27 07:50:08.800	3.291	27.823	4.127	31.85	1020.194	1533.584
2026-03-27 07:50:09.800	3.172	27.829	4.137	31.855	1020.213	1533.436
2026-03-27 07:50:10.803	3.046	27.858	4.129	31.823	1020.184	1533.525
2026-03-27 07:50:11.800	2.861	27.851	4.132	31.81	1020.119	1533.375
2026-03-27 07:50:12.804	2.725	27.914	4.122	31.792	1020.1	1533.63
2026-03-27 07:50:13.803	2.594	27.924	4.127	31.79	1020.109	1533.552
2026-03-27 07:50:14.800	2.389	27.901	4.127	31.766	1020.054	1533.402
2026-03-27 07:50:15.800	2.281	27.932	4.138	31.767	1020.039	1533.5
2026-03-27 07:50:16.800	2.133	27.942	4.131	31.755	1020.035	1533.575
2026-03-27 07:50:17.800	2.004	27.971	4.14	31.726	1020.001	1533.478
2026-03-27 07:50:18.800	1.842	27.996	4.134	31.73	1019.965	1533.523
2026-03-27 07:50:19.800	1.738	27.981	4.132	31.694	1019.963	1533.562
2026-03-27 07:50:20.800	1.66	28.028	4.124	31.698	1019.96	1533.703
2026-03-27 07:50:21.804	1.592	28.031	4.132	31.664	1019.899	1533.473
2026-03-27 07:50:22.800	1.514	28.029	4.138	31.68	1019.96	1533.659
2026-03-27 07:50:23.800	1.479	28.046	4.145	31.668	1019.886	1533.507
2026-03-27 07:50:24.800	1.396	28.037	4.148	31.652	1019.873	1533.516
2026-03-27 07:50:25.800	1.372	28.075	4.14	31.628	1019.893	1533.69
2026-03-27 07:50:26.800	1.301	28.08	4.147	31.626	1019.888	1533.56
2026-03-27 07:50:27.800	1.256	28.053	4.142	31.617	1019.872	1533.584
2026-03-27 07:50:28.803	1.207	28.055	4.136	31.618	1019.87	1533.53
2026-03-27 07:50:29.800	1.204	28.048	4.15	31.595	1019.84	1533.55
2026-03-27 07:50:30.800	1.111	28.1	4.147	31.598	1019.841	1533.622
2026-03-27 07:50:31.800	1.101	28.063	4.147	31.607	1019.846	1533.493
2026-03-27 07:50:32.800	1.057	28.078	4.151	31.571	1019.795	1533.577
2026-03-27 07:50:33.800	0.953	28.124	4.149	31.567	1019.768	1533.664
2026-03-27 07:50:34.800	0.905	28.111	4.158	31.56	1019.792	1533.473
2026-03-27 07:50:35.800	0.833	28.119	4.154	31.564	1019.803	1533.502
2026-03-27 07:50:36.800	0.766	28.132	4.154	31.548	1019.77	1533.558
2026-03-27 07:50:37.804	0.668	28.156	4.176	31.57	1019.752	1533.707
2026-03-27 07:50:38.800	0.634	28.165	4.164	31.551	1019.748	1533.548
2026-03-27 07:50:39.804	0.569	28.199	4.18	31.548	1019.719	1533.69
2026-03-27 07:50:40.801	0.491	28.171	4.167	31.538	1019.707	1533.668
2026-03-27 07:50:41.800	0.475	28.203	4.17	31.56	1019.727	1533.651
2026-03-27 07:50:42.800	0.415	28.208	4.174	31.556	1019.715	1533.638
2026-03-27 07:50:43.800	0.378	28.198	4.185	31.548	1019.756	1533.711
2026-03-27 07:50:44.800	0.369	28.217	4.176	31.53	1019.691	1533.8
2026-03-27 07:50:45.800	0.382	28.215	4.193	31.551	1019.702	1533.767
2026-03-27 07:50:46.801	0.425	28.205	4.192	31.543	1019.726	1533.683
2026-03-27 07:50:47.800	0.49	28.174	4.187	31.544	1019.737	1533.689
2026-03-27 07:50:48.804	0.576	28.187	4.203	31.568	1019.751	1533.798
2026-03-27 07:50:49.800	0.694	28.166	4.188	31.567	1019.745	1533.661
2026-03-27 07:50:50.800	0.802	28.153	4.202	31.564	1019.801	1533.698
2026-03-27 07:50:51.800	0.928	28.146	4.196	31.544	1019.759	1533.577
2026-03-27 07:50:52.800	1.048	28.153	4.199	31.56	1019.798	1533.616
2026-03-27 07:50:53.800	1.212	28.128	4.201	31.569	1019.806	1533.74
2026-03-27 07:50:54.800	1.389	28.07	4.208	31.561	1019.795	1533.55
2026-03-27 07:50:55.803	1.558	28.063	4.213	31.568	1019.834	1533.608
2026-03-27 07:50:56.800	1.773	28.026	4.211	31.595	1019.894	1533.606
2026-03-27 07:50:57.804	1.907	28.004	4.201	31.571	1019.87	1533.407
2026-03-27 07:50:58.800	2.068	28.036	4.206	31.594	1019.911	1533.498
2026-03-27 07:50:59.800	2.282	27.96	4.213	31.602	1019.922	1533.496
2026-03-27 07:51:00.800	2.416	27.958	4.208	31.596	1019.928	1533.342
2026-03-27 07:51:01.800	2.541	27.968	4.218	31.623	1019.921	1533.589
2026-03-27 07:51:02.800	2.662	27.922	4.21	31.607	1019.981	1533.32
2026-03-27 07:51:03.800	2.8	27.955	4.21	31.614	1019.964	1533.464
2026-03-27 07:51:04.803	2.903	27.944	4.229	31.634	1020.009	1533.618
2026-03-27 07:51:05.800	2.992	27.929	4.23	31.655	1020.031	1533.431
2026-03-27 07:51:06.804	3.039	27.927	4.229	31.668	1020.015	1533.465
2026-03-27 07:51:07.800	3.122	27.922	4.215	31.663	1020.01	1533.482
2026-03-27 07:51:08.800	3.152	27.912	4.227	31.678	1020.011	1533.441
2026-03-27 07:51:09.800	3.167	27.899	4.222	31.662	1020.019	1533.476
2026-03-27 07:51:10.800	3.201	27.93	4.219	31.673	1020.037	1533.579
2026-03-27 07:51:11.800	3.205	27.93	4.227	31.67	1020.018	1533.586
2026-03-27 07:51:12.800	3.187	27.954	4.226	31.686	1020.051	1533.674
2026-03-27 07:51:13.803	3.178	27.949	4.236	31.72	1020.07	1533.694
2026-03-27 07:51:14.800	3.168	27.937	4.222	31.699	1020.021	1533.657
2026-03-27 07:51:15.804	3.21	27.967	4.226	31.716	1020.065	1533.723
2026-03-27 07:51:16.800	3.177	27.973	4.228	31.719	1020.069	1533.696
2026-03-27 07:51:17.802	3.164	27.959	4.224	31.731	1020.05	1533.815
2026-03-27 07:51:18.800	3.187	27.992	4.238	31.74	1020.062	1533.774
2026-03-27 07:51:19.800	3.196	27.955	4.227	31.743	1020.095	1533.814
2026-03-27 07:51:20.800	3.209	27.983	4.233	31.775	1020.105	1533.872
2026-03-27 07:51:21.800	3.24	27.972	4.23	31.766	1020.107	1533.881
2026-03-27 07:51:22.800	3.28	28.014	4.223	31.771	1020.069	1534.052
2026-03-27 07:51:23.800	3.276	28.008	4.216	31.772	1020.12	1533.863
2026-03-27 07:51:24.804	3.268	27.984	4.233	31.791	1020.132	1533.991
2026-03-27 07:51:25.800	3.328	27.981	4.217	31.801	1020.106	1533.937
2026-03-27 07:51:26.800	3.276	28.01	4.23	31.806	1020.142	1533.944
2026-03-27 07:51:27.800	3.289	28.043	4.218	31.796	1020.13	1534.121
2026-03-27 07:51:28.800	3.259	28.022	4.225	31.825	1020.12	1533.967
2026-03-27 07:51:29.800	3.185	28.033	4.216	31.827	1020.143	1533.998
2026-03-27 07:51:30.800	3.157	28.062	4.222	31.82	1020.119	1534.056
2026-03-27 07:51:31.803	3.106	28.099	4.228	31.831	1020.103	1534.207
2026-03-27 07:51:32.800	2.959	28.109	4.208	31.83	1020.129	1534.233
2026-03-27 07:51:33.800	2.853	28.147	4.222	31.821	1020.066	1534.404
2026-03-27 07:51:34.800	2.75	28.151	4.215	31.855	1020.096	1534.378
2026-03-27 07:51:35.800	2.58	28.161	4.207	31.841	1020.084	1534.315
2026-03-27 07:51:36.800	2.473	28.188	4.204	31.859	1020.107	1534.502
2026-03-27 07:51:37.800	2.271	28.23	4.205	31.86	1020.072	1534.462
2026-03-27 07:51:38.800	2.104	28.284	4.204	31.858	1020.022	1534.567
2026-03-27 07:51:39.800	1.945	28.315	4.199	31.858	1020.016	1534.582
2026-03-27 07:51:40.802	1.736	28.375	4.216	31.847	1020.012	1534.741
2026-03-27 07:51:41.800	1.557	28.408	4.198	31.858	1019.971	1534.853
2026-03-27 07:51:42.804	1.409	28.391	4.205	31.872	1019.976	1534.78
2026-03-27 07:51:43.800	1.244	28.417	4.201	31.876	1019.976	1534.866
2026-03-27 07:51:44.800	1.066	28.461	4.207	31.88	1019.986	1534.884
2026-03-27 07:51:45.800	0.927	28.477	4.197	31.893	1019.964	1534.985
2026-03-27 07:51:46.800	0.833	28.496	4.203	31.895	1019.94	1535.073
2026-03-27 07:51:47.800	0.718	28.571	4.204	31.892	1019.96	1535.149
2026-03-27 07:51:48.800	0.647	28.59	4.197	31.903	1019.92	1535.301
2026-03-27 07:51:49.801	0.573	28.557	4.198	31.882	1019.901	1535.024
2026-03-27 07:51:50.800	0.488	28.601	4.186	31.912	1019.96	1535.235
2026-03-27 07:51:51.804	0.474	28.615	4.182	31.923	1019.928	1535.254
2026-03-27 07:51:52.801	0.464	28.595	4.189	31.908	1019.904	1535.295
2026-03-27 07:51:53.800	0.478	28.595	4.18	31.93	1019.968	1535.209
2026-03-27 07:51:54.800	0.506	28.591	4.188	31.93	1019.959	1535.301
2026-03-27 07:51:55.800	0.519	28.601	4.172	31.937	1019.965	1535.397
2026-03-27 07:51:56.800	0.575	28.591	4.182	31.931	1019.93	1535.357
2026-03-27 07:51:57.800	0.656	28.622	4.181	31.914	1019.93	1535.261
2026-03-27 07:51:58.803	0.69	28.632	4.167	31.943	1019.936	1535.383
2026-03-27 07:51:59.800	0.733	28.623	4.174	31.919	1019.943	1535.361
2026-03-27 07:52:00.804	0.804	28.575	4.178	31.941	1019.972	1535.354
2026-03-27 07:52:01.800	0.854	28.585	4.174	31.956	1020.003	1535.371
2026-03-27 07:52:02.800	0.92	28.575	4.156	31.944	1019.995	1535.214
2026-03-27 07:52:03.800	0.909	28.613	4.165	31.972	1020.029	1535.525
2026-03-27 07:52:04.800	0.981	28.576	4.159	31.959	1019.991	1535.287
2026-03-27 07:52:05.800	1.017	28.582	4.154	31.957	1020.021	1535.282
2026-03-27 07:52:06.800	1.049	28.592	4.166	31.959	1019.989	1535.335
2026-03-27 07:52:07.803	1.078	28.569	4.155	31.991	1020.008	1535.412
2026-03-27 07:52:08.800	1.108	28.556	4.158	31.978	1020.021	1535.388
2026-03-27 07:52:09.800	1.107	28.584	4.164	31.997	1020.031	1535.342
2026-03-27 07:52:10.801	1.17	28.554	4.148	32.004	1020.067	1535.402
2026-03-27 07:52:11.800	1.219	28.547	4.163	32.009	1020.069	1535.387
2026-03-27 07:52:12.800	1.246	28.571	4.16	32.006	1020.044	1535.389
2026-03-27 07:52:13.800	1.293	28.557	4.152	32.026	1020.053	1535.4
2026-03-27 07:52:14.800	1.395	28.514	4.151	32.045	1020.125	1535.429
2026-03-27 07:52:15.800	1.44	28.526	4.145	32.056	1020.118	1535.371
2026-03-27 07:52:16.803	1.589	28.505	4.152	32.066	1020.151	1535.424
2026-03-27 07:52:17.800	1.644	28.529	4.162	32.075	1020.162	1535.386
2026-03-27 07:52:18.800	1.785	28.476	4.145	32.06	1020.165	1535.295
2026-03-27 07:52:19.801	1.909	28.477	4.143	32.062	1020.147	1535.349
2026-03-27 07:52:20.800	2.06	28.467	4.148	32.089	1020.17	1535.349
2026-03-27 07:52:21.800	2.253	28.403	4.155	32.104	1020.195	1535.336
2026-03-27 07:52:22.800	2.371	28.393	4.143	32.088	1020.219	1535.233
2026-03-27 07:52:23.800	2.534	28.382	4.144	32.126	1020.257	1535.269
2026-03-27 07:52:24.800	2.735	28.318	4.143	32.137	1020.269	1535.211
2026-03-27 07:52:25.803	2.875	28.329	4.158	32.124	1020.278	1535.102
2026-03-27 07:52:26.800	3.077	28.305	4.146	32.142	1020.326	1535.169
2026-03-27 07:52:27.804	3.199	28.281	4.148	32.153	1020.352	1535.117
2026-03-27 07:52:28.800	3.32	28.222	4.146	32.167	1020.352	1535.08
