[System]
Platform=SEANO USV
Start_Time=2026-03-27 07:44:28
Timezone=WIB

[Sensor]
Name=System Metrics

[Columns]
Timestamp(WIB)	WriteSpeed(Bps)	CPU(%)	RAM(%)	GPS_Hz	IMU_Hz	CTD_Hz	ADCP_Hz	BATTERY_Hz	SBES_Hz

[Data]
2026-03-27 07:44:29.185	0.00	77.80	40.50	0.00	0.00	0.00	0.00	0.00	0.00
2026-03-27 07:44:30.333	0.00	77.00	40.80	0.00	0.00	0.00	0.00	0.00	0.00
2026-03-27 07:44:31.185	2068.43	40.70	40.60	2.35	4.70	1.17	1.17	1.17	1.17
2026-03-27 07:44:32.187	1756.55	44.50	40.70	2.00	3.99	1.00	1.00	1.00	1.00
2026-03-27 07:44:33.185	1763.54	41.50	40.60	2.00	4.01	1.00	1.00	1.00	1.00
2026-03-27 07:44:34.187	1766.36	43.20	40.60	2.00	3.99	1.00	1.00	1.00	1.00
2026-03-27 07:44:35.185	1777.48	41.20	40.60	2.00	4.01	1.00	1.00	1.00	1.00
2026-03-27 07:44:36.187	1768.62	40.70	40.70	2.00	3.99	1.00	1.00	1.00	1.00
2026-03-27 07:44:37.185	1759.51	45.40	40.80	2.00	4.01	1.00	1.00	1.00	1.00
2026-03-27 07:44:38.187	1764.49	41.40	40.70	2.00	3.99	1.00	1.00	1.00	1.00
2026-03-27 07:44:39.185	1771.54	43.10	40.80	2.00	4.01	1.00	1.00	1.00	1.00
2026-03-27 07:44:40.187	1750.49	41.20	40.50	2.00	3.99	1.00	1.00	1.00	1.00
2026-03-27 07:44:41.186	1766.35	44.70	40.50	2.00	4.01	1.00	1.00	1.00	1.00
2026-03-27 07:44:42.187	1761.91	39.30	40.40	2.00	4.00	1.00	1.00	1.00	1.00
2026-03-27 07:44:43.185	1769.27	44.40	40.40	2.00	4.01	1.00	1.00	1.00	1.00
2026-03-27 07:44:44.188	1766.84	41.80	40.40	1.99	3.99	1.00	1.00	1.00	1.00
2026-03-27 07:44:45.185	1773.18	44.20	40.50	2.01	4.01	1.00	1.00	1.00	1.00
2026-03-27 07:44:46.187	1764.35	44.20	40.60	2.00	3.99	1.00	1.00	1.00	1.00
2026-03-27 07:44:47.185	1759.61	43.00	40.40	2.00	4.01	1.00	1.00	1.00	1.00
2026-03-27 07:44:48.187	1766.47	42.70	40.60	2.00	3.99	1.00	1.00	1.00	1.00
2026-03-27 07:44:49.185	1777.49	42.10	40.50	2.00	4.01	1.00	1.00	1.00	1.00
2026-03-27 07:44:50.187	1786.28	47.10	40.50	2.00	3.99	1.00	1.00	1.00	1.00
2026-03-27 07:44:51.185	1783.77	42.80	40.40	2.00	4.01	1.00	1.00	1.00	1.00
2026-03-27 07:44:52.188	1741.25	46.50	40.40	1.99	3.99	1.00	1.00	1.00	1.00
2026-03-27 07:44:53.185	1766.74	42.10	40.40	2.01	4.01	1.00	1.00	1.00	1.00
2026-03-27 07:44:54.187	1756.61	42.10	40.40	2.00	3.99	1.00	1.00	1.00	1.00
2026-03-27 07:44:55.185	1799.63	44.40	40.60	2.00	4.01	1.00	1.00	1.00	1.00
2026-03-27 07:44:56.187	1722.69	41.00	40.40	2.00	3.99	1.00	1.00	1.00	1.00
2026-03-27 07:44:57.185	1769.36	44.80	40.60	2.00	4.01	1.00	1.00	1.00	1.00
2026-03-27 07:44:58.187	1764.39	41.10	40.40	2.00	3.99	1.00	1.00	1.00	1.00
2026-03-27 07:44:59.185	1769.58	45.70	40.40	2.00	4.01	1.00	1.00	1.00	1.00
2026-03-27 07:45:00.187	1818.62	42.70	40.30	2.00	3.99	1.00	1.00	1.00	1.00
2026-03-27 07:45:01.185	1741.18	47.30	40.40	2.00	4.01	1.00	1.00	1.00	1.00
2026-03-27 07:45:02.188	1771.25	42.30	40.40	1.99	3.99	1.00	1.00	1.00	1.00
2026-03-27 07:45:03.185	1800.93	41.90	40.40	2.01	4.01	1.00	1.00	1.00	1.00
2026-03-27 07:45:04.187	1780.11	43.20	40.70	2.00	3.99	1.00	1.00	1.00	1.00
2026-03-27 07:45:05.185	1818.08	40.00	40.60	2.00	4.01	1.00	1.00	1.00	1.00
2026-03-27 07:45:06.187	1762.04	45.10	40.90	2.00	3.99	1.00	1.00	1.00	1.00
2026-03-27 07:45:07.185	1763.76	41.70	40.80	2.00	4.01	1.00	1.00	1.00	1.00
2026-03-27 07:45:08.187	1799.04	43.70	40.80	2.00	3.99	1.00	1.00	1.00	1.00
2026-03-27 07:45:09.185	1841.10	40.50	40.70	2.00	4.01	1.00	1.00	1.00	1.00
2026-03-27 07:45:10.187	1802.52	45.80	40.70	2.00	3.99	1.00	1.00	1.00	1.00
2026-03-27 07:45:11.185	1813.57	42.30	40.70	2.00	4.01	1.00	1.00	1.00	1.00
2026-03-27 07:45:12.187	1769.90	41.00	40.80	2.00	3.99	1.00	1.00	1.00	1.00
2026-03-27 07:45:13.185	1779.93	44.50	41.00	2.00	4.01	1.00	1.00	1.00	1.00
2026-03-27 07:45:14.187	1794.56	40.10	40.80	2.00	3.99	1.00	1.00	1.00	1.00
2026-03-27 07:45:15.185	1739.05	45.50	41.00	2.00	4.01	1.00	1.00	1.00	1.00
2026-03-27 07:45:16.187	1772.90	39.40	40.80	2.00	3.99	1.00	1.00	1.00	1.00
2026-03-27 07:45:17.185	1775.33	47.50	40.90	2.00	4.01	1.00	1.00	1.00	1.00
2026-03-27 07:45:18.187	1745.00	38.60	40.80	2.00	3.99	1.00	1.00	1.00	1.00
2026-03-27 07:45:19.185	1807.33	43.80	40.80	2.00	4.01	1.00	1.00	1.00	1.00
2026-03-27 07:45:20.187	1730.68	44.80	40.90	2.00	3.99	1.00	1.00	1.00	1.00
2026-03-27 07:45:21.185	1801.46	29.20	41.10	2.00	4.01	1.00	1.00	1.00	1.00
2026-03-27 07:45:22.188	1769.09	33.60	41.20	1.99	3.99	1.00	1.00	1.00	1.00
2026-03-27 07:45:23.185	1743.24	27.70	40.90	2.01	4.01	1.00	1.00	1.00	1.00
2026-03-27 07:45:24.188	1721.19	28.40	41.20	1.99	3.99	1.00	1.00	1.00	1.00
2026-03-27 07:45:25.185	1744.28	27.90	41.00	2.00	4.01	1.00	1.00	1.00	1.00
2026-03-27 07:45:26.187	1728.70	28.50	41.10	2.00	3.99	1.00	1.00	1.00	1.00
2026-03-27 07:45:27.185	1789.38	24.70	41.00	2.00	4.01	1.00	1.00	1.00	1.00
2026-03-27 07:45:28.187	1718.57	29.60	41.00	2.00	3.99	1.00	1.00	1.00	1.00
2026-03-27 07:45:29.186	1754.98	26.10	41.00	2.00	4.01	1.00	1.00	1.00	1.00
2026-03-27 07:45:30.187	1723.24	26.20	41.00	2.00	3.99	1.00	1.00	1.00	1.00
2026-03-27 07:45:31.185	1733.08	27.00	41.20	2.00	4.01	1.00	1.00	1.00	1.00
2026-03-27 07:45:32.187	1725.18	23.30	41.00	2.00	3.99	1.00	1.00	1.00	1.00
2026-03-27 07:45:33.185	1731.09	29.00	41.20	2.00	4.01	1.00	1.00	1.00	1.00
2026-03-27 07:45:34.187	1722.73	27.50	41.10	2.00	3.99	1.00	1.00	1.00	1.00
2026-03-27 07:45:35.185	1767.36	29.30	41.10	2.00	4.01	1.00	1.00	1.00	1.00
2026-03-27 07:45:36.188	1747.50	22.90	41.00	1.99	3.99	1.00	1.00	1.00	1.00
2026-03-27 07:45:37.185	1724.63	27.10	41.00	2.01	4.01	1.00	1.00	1.00	1.00
2026-03-27 07:45:38.190	1752.18	28.10	41.00	1.99	3.98	1.00	1.00	1.00	1.00
2026-03-27 07:45:39.185	1731.49	38.90	41.00	2.01	4.02	1.00	1.00	1.00	1.00
2026-03-27 07:45:40.187	1740.50	43.70	41.10	2.00	3.99	1.00	1.00	1.00	1.00
2026-03-27 07:45:41.185	1719.63	58.00	41.40	2.00	4.01	1.00	1.00	1.00	1.00
2026-03-27 07:45:42.188	1697.77	39.70	41.90	2.00	3.99	1.00	1.00	1.00	1.00
2026-03-27 07:45:43.185	1730.27	45.30	42.20	2.00	4.01	1.00	1.00	1.00	1.00
2026-03-27 07:45:44.188	1701.91	45.60	42.30	2.00	3.99	1.00	1.00	1.00	1.00
2026-03-27 07:45:45.185	1704.13	36.70	42.00	2.00	4.01	1.00	1.00	1.00	1.00
2026-03-27 07:45:46.187	1761.90	43.50	42.10	2.00	3.99	1.00	1.00	1.00	1.00
2026-03-27 07:45:47.185	1729.71	48.00	41.30	2.00	4.01	1.00	1.00	1.00	1.00
2026-03-27 07:45:48.187	1714.84	43.80	41.40	2.00	3.99	1.00	1.00	1.00	1.00
2026-03-27 07:45:49.185	1719.41	43.80	41.60	2.00	4.01	1.00	1.00	1.00	1.00
2026-03-27 07:45:51.686	304.65	33.60	41.40	0.40	0.80	0.40	0.00	0.40	0.40
2026-03-27 07:45:52.188	8064.82	41.10	41.40	9.98	13.97	3.99	5.99	3.99	3.99
2026-03-27 07:45:53.185	1714.10	44.60	41.50	2.00	4.01	1.00	1.00	1.00	1.00
2026-03-27 07:45:54.187	1722.03	40.80	41.40	2.00	3.99	1.00	1.00	1.00	1.00
2026-03-27 07:45:55.185	1730.05	43.20	41.30	2.00	4.01	1.00	1.00	1.00	1.00
2026-03-27 07:45:56.187	1722.55	41.70	41.30	2.00	3.99	1.00	1.00	1.00	1.00
2026-03-27 07:45:57.185	1767.57	42.90	41.30	2.00	4.01	1.00	1.00	1.00	1.00
2026-03-27 07:45:58.187	1716.63	44.10	41.50	2.00	3.99	1.00	1.00	1.00	1.00
2026-03-27 07:45:59.185	1729.37	40.60	41.40	2.00	4.01	1.00	1.00	1.00	1.00
2026-03-27 07:46:00.187	1722.44	43.70	41.40	2.00	3.99	1.00	1.00	1.00	1.00
2026-03-27 07:46:01.185	1735.58	43.80	41.30	2.00	4.01	1.00	1.00	1.00	1.00
2026-03-27 07:46:02.187	1710.55	42.80	41.50	2.00	3.99	1.00	1.00	1.00	1.00
2026-03-27 07:46:03.185	1719.46	41.00	41.40	2.00	4.01	1.00	1.00	1.00	1.00
2026-03-27 07:46:04.187	1710.72	44.40	41.40	2.00	3.99	1.00	1.00	1.00	1.00
2026-03-27 07:46:05.187	1730.89	38.10	41.40	2.00	4.00	1.00	1.00	1.00	1.00
2026-03-27 07:46:06.187	1709.08	28.10	41.50	2.00	4.00	1.00	1.00	1.00	1.00
2026-03-27 07:46:07.185	1735.21	31.40	41.60	2.00	4.01	1.00	1.00	1.00	1.00
2026-03-27 07:46:08.187	1721.00	26.70	41.50	2.00	3.99	1.00	1.00	1.00	1.00
2026-03-27 07:46:09.185	1729.21	31.30	41.70	2.00	4.01	1.00	1.00	1.00	1.00
2026-03-27 07:46:10.188	1722.97	30.80	41.50	1.99	3.99	1.00	1.00	1.00	1.00
2026-03-27 07:46:11.185	1730.86	32.00	41.60	2.01	4.01	1.00	1.00	1.00	1.00
2026-03-27 07:46:12.190	1713.81	25.90	41.40	1.99	3.98	1.00	1.00	1.00	1.00
2026-03-27 07:46:13.187	1721.96	27.20	41.50	2.01	4.01	1.00	1.00	1.00	1.00
2026-03-27 07:46:14.187	1717.10	27.10	41.70	2.00	4.00	1.00	1.00	1.00	1.00
2026-03-27 07:46:15.185	1713.49	26.90	41.50	2.00	4.01	1.00	1.00	1.00	1.00
2026-03-27 07:46:16.188	1717.40	30.70	41.70	1.99	3.99	1.00	1.00	1.00	1.00
2026-03-27 07:46:17.185	1728.45	26.90	41.50	2.01	4.01	1.00	1.00	1.00	1.00
2026-03-27 07:46:18.189	1722.02	31.70	41.60	1.99	3.99	1.00	1.00	1.00	1.00
2026-03-27 07:46:19.185	1713.99	33.80	41.50	2.01	4.01	1.00	1.00	1.00	1.00
2026-03-27 07:46:20.187	1714.54	30.00	41.50	2.00	3.99	1.00	1.00	1.00	1.00
2026-03-27 07:46:21.186	1725.91	24.60	41.50	2.00	4.00	1.00	1.00	1.00	1.00
2026-03-27 07:46:22.187	1718.15	26.50	41.50	2.00	4.00	1.00	1.00	1.00	1.00
2026-03-27 07:46:23.185	1731.30	27.30	41.70	2.00	4.01	1.00	1.00	1.00	1.00
2026-03-27 07:46:24.187	1727.27	24.80	41.50	2.00	3.99	1.00	1.00	1.00	1.00
2026-03-27 07:46:25.185	1720.97	27.80	41.60	2.00	4.01	1.00	1.00	1.00	1.00
2026-03-27 07:46:26.187	1724.52	23.50	41.40	2.00	3.99	1.00	1.00	1.00	1.00
2026-03-27 07:46:27.185	1731.39	27.60	41.50	2.00	4.01	1.00	1.00	1.00	1.00
2026-03-27 07:46:28.187	1722.18	23.30	41.40	2.00	3.99	1.00	1.00	1.00	1.00
2026-03-27 07:46:29.185	1721.72	27.10	41.50	2.00	4.01	1.00	1.00	1.00	1.00
2026-03-27 07:46:30.191	1710.80	25.00	41.40	1.99	3.98	0.99	0.99	0.99	0.99
2026-03-27 07:46:31.185	1739.43	24.40	41.50	2.01	4.02	1.01	1.01	1.01	1.01
2026-03-27 07:46:32.187	1724.34	26.20	41.60	2.00	3.99	1.00	1.00	1.00	1.00
2026-03-27 07:46:33.185	1726.08	23.40	41.50	2.00	4.01	1.00	1.00	1.00	1.00
2026-03-27 07:46:34.187	1720.27	27.50	41.60	2.00	3.99	1.00	1.00	1.00	1.00
2026-03-27 07:46:35.185	1765.13	25.80	41.50	2.00	4.01	1.00	1.00	1.00	1.00
2026-03-27 07:46:36.188	1731.79	28.50	41.50	2.00	3.99	1.00	1.00	1.00	1.00
2026-03-27 07:46:37.185	1728.47	23.50	41.50	2.01	4.01	1.00	1.00	1.00	1.00
2026-03-27 07:46:38.187	1740.28	26.30	41.50	2.00	3.99	1.00	1.00	1.00	1.00
2026-03-27 07:46:39.186	1762.97	25.00	41.40	2.00	4.01	1.00	1.00	1.00	1.00
2026-03-27 07:46:40.187	1735.11	28.90	41.40	2.00	3.99	1.00	1.00	1.00	1.00
2026-03-27 07:46:41.185	1721.55	27.20	41.60	2.00	4.01	1.00	1.00	1.00	1.00
2026-03-27 07:46:42.187	1717.40	22.70	41.40	2.00	3.99	1.00	1.00	1.00	1.00
2026-03-27 07:46:43.185	1758.79	27.10	41.60	2.00	4.01	1.00	1.00	1.00	1.00
2026-03-27 07:46:44.188	1783.11	23.20	41.40	1.99	3.99	1.00	1.00	1.00	1.00
2026-03-27 07:46:45.185	1718.67	26.90	41.50	2.01	4.01	1.00	1.00	1.00	1.00
2026-03-27 07:46:46.187	1758.62	23.60	41.40	2.00	3.99	1.00	1.00	1.00	1.00
2026-03-27 07:46:47.185	1747.17	27.00	41.50	2.00	4.01	1.00	1.00	1.00	1.00
2026-03-27 07:46:48.191	1730.35	24.70	41.50	1.99	3.98	0.99	0.99	0.99	0.99
2026-03-27 07:46:49.185	1743.94	27.00	41.50	2.01	4.02	1.01	1.01	1.01	1.01
2026-03-27 07:46:50.188	1721.01	29.40	41.60	1.99	3.99	1.00	1.00	1.00	1.00
2026-03-27 07:46:51.185	1779.52	23.70	41.40	2.01	4.01	1.00	1.00	1.00	1.00
2026-03-27 07:46:52.187	1761.91	28.60	41.60	2.00	3.99	1.00	1.00	1.00	1.00
2026-03-27 07:46:53.185	1739.65	23.90	41.50	2.00	4.01	1.00	1.00	1.00	1.00
2026-03-27 07:46:54.187	1760.47	26.90	41.60	2.00	3.99	1.00	1.00	1.00	1.00
2026-03-27 07:46:55.185	1807.67	25.00	41.50	2.00	4.01	1.00	1.00	1.00	1.00
2026-03-27 07:46:56.187	1730.52	27.70	41.50	2.00	3.99	1.00	1.00	1.00	1.00
2026-03-27 07:46:57.185	1771.33	25.20	41.40	2.00	4.01	1.00	1.00	1.00	1.00
2026-03-27 07:46:58.187	1738.70	25.50	41.50	2.00	3.99	1.00	1.00	1.00	1.00
2026-03-27 07:46:59.185	1759.43	26.20	41.70	2.00	4.01	1.00	1.00	1.00	1.00
2026-03-27 07:47:00.187	1751.05	21.30	41.50	2.00	3.99	1.00	1.00	1.00	1.00
2026-03-27 07:47:01.185	1741.12	26.20	41.60	2.00	4.01	1.00	1.00	1.00	1.00
2026-03-27 07:47:02.187	1782.21	21.80	41.50	2.00	3.99	1.00	1.00	1.00	1.00
2026-03-27 07:47:03.185	1741.80	25.00	41.60	2.00	4.01	1.00	1.00	1.00	1.00
2026-03-27 07:47:04.187	1714.50	21.60	41.50	2.00	3.99	1.00	1.00	1.00	1.00
2026-03-27 07:47:05.185	1735.56	28.20	41.50	2.00	4.01	1.00	1.00	1.00	1.00
2026-03-27 07:47:06.191	1725.06	24.50	41.40	1.99	3.97	0.99	0.99	0.99	0.99
2026-03-27 07:47:07.185	1744.91	25.50	41.50	2.01	4.03	1.01	1.01	1.01	1.01
2026-03-27 07:47:08.188	1711.77	24.70	41.70	2.00	3.99	1.00	1.00	1.00	1.00
2026-03-27 07:47:09.185	1720.47	22.60	41.50	2.01	4.01	1.00	1.00	1.00	1.00
2026-03-27 07:47:10.187	1718.04	27.80	41.60	2.00	3.99	1.00	1.00	1.00	1.00
2026-03-27 07:47:11.185	1735.70	24.80	41.40	2.00	4.01	1.00	1.00	1.00	1.00
2026-03-27 07:47:12.188	1727.48	28.00	41.60	1.99	3.99	1.00	1.00	1.00	1.00
2026-03-27 07:47:13.185	1736.60	23.00	41.50	2.01	4.01	1.00	1.00	1.00	1.00
2026-03-27 07:47:14.187	1730.68	26.40	41.50	2.00	3.99	1.00	1.00	1.00	1.00
2026-03-27 07:47:15.186	1756.39	24.60	41.50	2.00	4.01	1.00	1.00	1.00	1.00
2026-03-27 07:47:16.188	1732.38	25.00	41.50	2.00	3.99	1.00	1.00	1.00	1.00
2026-03-27 07:47:17.185	1758.50	26.60	41.60	2.01	4.01	1.00	1.00	1.00	1.00
2026-03-27 07:47:18.187	1729.34	23.00	41.50	2.00	3.99	1.00	1.00	1.00	1.00
2026-03-27 07:47:19.185	1736.73	27.60	41.60	2.00	4.01	1.00	1.00	1.00	1.00
2026-03-27 07:47:20.187	1730.68	23.80	41.30	2.00	3.99	1.00	1.00	1.00	1.00
2026-03-27 07:47:21.185	1739.46	28.60	41.50	2.00	4.01	1.00	1.00	1.00	1.00
2026-03-27 07:47:22.187	1722.72	25.60	41.40	2.00	3.99	1.00	1.00	1.00	1.00
2026-03-27 07:47:23.185	1737.33	27.40	41.50	2.00	4.01	1.00	1.00	1.00	1.00
2026-03-27 07:47:24.190	1750.22	25.00	41.50	1.99	3.98	1.00	1.00	1.00	1.00
2026-03-27 07:47:25.185	1741.84	25.10	41.50	2.01	4.02	1.00	1.00	1.00	1.00
2026-03-27 07:47:26.188	1740.53	28.70	41.60	1.99	3.99	1.00	1.00	1.00	1.00
2026-03-27 07:47:27.185	1749.64	24.70	41.40	2.01	4.01	1.00	1.00	1.00	1.00
2026-03-27 07:47:28.187	1738.19	27.30	41.60	2.00	3.99	1.00	1.00	1.00	1.00
2026-03-27 07:47:29.185	1729.46	23.70	41.50	2.00	4.01	1.00	1.00	1.00	1.00
2026-03-27 07:47:30.187	1718.68	26.80	41.50	2.00	3.99	1.00	1.00	1.00	1.00
2026-03-27 07:47:31.185	1765.46	22.50	41.40	2.00	4.01	1.00	1.00	1.00	1.00
2026-03-27 07:47:32.187	1728.22	25.30	41.40	2.00	3.99	1.00	1.00	1.00	1.00
2026-03-27 07:47:33.186	1728.44	24.70	41.40	2.00	4.01	1.00	1.00	1.00	1.00
2026-03-27 07:47:34.187	1711.75	26.20	41.50	2.00	3.99	1.00	1.00	1.00	1.00
2026-03-27 07:47:35.185	1717.42	27.50	41.60	2.00	4.01	1.00	1.00	1.00	1.00
2026-03-27 07:47:36.187	1717.09	23.00	41.50	2.00	3.99	1.00	1.00	1.00	1.00
2026-03-27 07:47:37.185	1773.08	30.10	41.60	2.00	4.01	1.00	1.00	1.00	1.00
2026-03-27 07:47:38.187	1768.02	25.00	41.40	2.00	3.99	1.00	1.00	1.00	1.00
2026-03-27 07:47:39.185	1748.07	27.30	41.60	2.00	4.01	1.00	1.00	1.00	1.00
2026-03-27 07:47:40.187	1740.63	23.80	41.50	2.00	3.99	1.00	1.00	1.00	1.00
2026-03-27 07:47:41.185	1753.42	27.50	41.50	2.00	4.01	1.00	1.00	1.00	1.00
2026-03-27 07:47:42.190	1743.80	26.00	41.50	1.99	3.98	1.00	1.00	1.00	1.00
2026-03-27 07:47:43.185	1768.29	26.90	41.50	2.01	4.02	1.00	1.00	1.00	1.00
2026-03-27 07:47:44.188	1770.95	27.00	41.60	1.99	3.99	1.00	1.00	1.00	1.00
2026-03-27 07:47:45.185	1779.23	23.30	41.40	2.01	4.01	1.00	1.00	1.00	1.00
2026-03-27 07:47:46.187	1720.58	28.70	41.60	2.00	3.99	1.00	1.00	1.00	1.00
2026-03-27 07:47:47.185	1735.25	25.40	41.50	2.00	4.01	1.00	1.00	1.00	1.00
2026-03-27 07:47:48.187	1750.45	28.30	41.60	2.00	3.99	1.00	1.00	1.00	1.00
2026-03-27 07:47:49.185	1749.61	25.30	41.40	2.00	4.01	1.00	1.00	1.00	1.00
2026-03-27 07:47:50.187	1790.39	28.20	41.50	2.00	3.99	1.00	1.00	1.00	1.00
2026-03-27 07:47:51.185	1791.15	25.50	41.40	2.00	4.01	1.00	1.00	1.00	1.00
2026-03-27 07:47:52.187	1766.64	27.20	41.50	2.00	3.99	1.00	1.00	1.00	1.00
2026-03-27 07:47:53.185	1801.44	30.10	41.60	2.00	4.01	1.00	1.00	1.00	1.00
2026-03-27 07:47:54.187	1727.86	25.70	41.40	2.00	4.00	1.00	1.00	1.00	1.00
2026-03-27 07:47:55.185	1760.64	28.50	41.60	2.00	4.01	1.00	1.00	1.00	1.00
2026-03-27 07:47:56.188	1725.31	24.80	41.40	1.99	3.99	1.00	1.00	1.00	1.00
2026-03-27 07:47:57.185	1752.74	27.90	41.60	2.01	4.01	1.00	1.00	1.00	1.00
2026-03-27 07:47:58.187	1730.45	25.20	41.50	2.00	3.99	1.00	1.00	1.00	1.00
2026-03-27 07:47:59.185	1775.57	29.10	41.50	2.00	4.01	1.00	1.00	1.00	1.00
2026-03-27 07:48:00.191	1766.39	25.70	41.50	1.99	3.98	0.99	0.99	0.99	0.99
2026-03-27 07:48:01.185	1807.92	26.40	41.50	2.01	4.02	1.01	1.01	1.01	1.01
2026-03-27 07:48:02.187	1716.22	27.80	41.70	2.00	3.99	1.00	1.00	1.00	1.00
2026-03-27 07:48:03.185	1730.19	23.90	41.40	2.00	4.01	1.00	1.00	1.00	1.00
2026-03-27 07:48:04.187	1732.22	28.20	41.60	2.00	3.99	1.00	1.00	1.00	1.00
2026-03-27 07:48:05.185	1739.31	23.80	41.50	2.00	4.01	1.00	1.00	1.00	1.00
2026-03-27 07:48:06.187	1734.73	28.20	41.60	2.00	3.99	1.00	1.00	1.00	1.00
2026-03-27 07:48:07.185	1757.42	25.80	41.50	2.00	4.01	1.00	1.00	1.00	1.00
2026-03-27 07:48:08.187	1762.48	28.90	41.50	2.00	3.99	1.00	1.00	1.00	1.00
2026-03-27 07:48:09.186	1743.69	26.70	41.50	2.00	4.00	1.00	1.00	1.00	1.00
2026-03-27 07:48:10.187	1768.31	26.60	41.50	2.00	4.00	1.00	1.00	1.00	1.00
2026-03-27 07:48:11.185	1765.11	28.90	41.70	2.00	4.01	1.00	1.00	1.00	1.00
2026-03-27 07:48:12.187	1727.10	24.50	41.50	2.00	3.99	1.00	1.00	1.00	1.00
2026-03-27 07:48:13.185	1745.30	29.50	41.60	2.00	4.01	1.00	1.00	1.00	1.00
2026-03-27 07:48:14.187	1744.25	25.00	41.50	2.00	3.99	1.00	1.00	1.00	1.00
2026-03-27 07:48:15.185	1757.82	27.70	41.60	2.00	4.01	1.00	1.00	1.00	1.00
2026-03-27 07:48:16.187	1728.55	23.80	41.50	2.00	3.99	1.00	1.00	1.00	1.00
2026-03-27 07:48:17.185	1741.41	28.30	41.50	2.00	4.01	1.00	1.00	1.00	1.00
2026-03-27 07:48:18.190	1744.18	24.60	41.40	1.99	3.98	1.00	1.00	1.00	1.00
2026-03-27 07:48:19.185	1765.73	26.50	41.40	2.01	4.02	1.00	1.00	1.00	1.00
2026-03-27 07:48:20.187	1734.26	28.80	41.60	2.00	3.99	1.00	1.00	1.00	1.00
2026-03-27 07:48:21.185	1744.41	24.50	41.40	2.01	4.01	1.00	1.00	1.00	1.00
2026-03-27 07:48:22.188	1728.82	27.40	41.60	1.99	3.99	1.00	1.00	1.00	1.00
2026-03-27 07:48:23.185	1742.75	26.20	41.40	2.01	4.01	1.00	1.00	1.00	1.00
2026-03-27 07:48:24.187	1726.40	30.30	41.60	2.00	3.99	1.00	1.00	1.00	1.00
2026-03-27 07:48:25.185	1727.62	26.60	41.50	2.00	4.01	1.00	1.00	1.00	1.00
2026-03-27 07:48:26.187	1730.54	29.30	41.50	2.00	3.99	1.00	1.00	1.00	1.00
2026-03-27 07:48:27.185	1723.27	26.00	41.40	2.00	4.01	1.00	1.00	1.00	1.00
2026-03-27 07:48:28.188	1730.03	27.10	41.50	2.00	3.99	1.00	1.00	1.00	1.00
2026-03-27 07:48:29.185	1762.15	30.80	41.60	2.00	4.01	1.00	1.00	1.00	1.00
2026-03-27 07:48:30.188	1725.80	26.90	41.50	2.00	3.99	1.00	1.00	1.00	1.00
2026-03-27 07:48:31.185	1744.14	28.40	41.60	2.00	4.01	1.00	1.00	1.00	1.00
2026-03-27 07:48:32.187	1718.56	24.40	41.40	2.00	3.99	1.00	1.00	1.00	1.00
2026-03-27 07:48:33.185	1775.82	26.70	41.60	2.00	4.01	1.00	1.00	1.00	1.00
2026-03-27 07:48:34.187	1726.68	24.10	41.50	2.00	3.99	1.00	1.00	1.00	1.00
2026-03-27 07:48:35.185	1759.29	26.20	41.50	2.00	4.01	1.00	1.00	1.00	1.00
2026-03-27 07:48:36.191	1708.75	23.80	41.50	1.99	3.98	0.99	0.99	0.99	0.99
2026-03-27 07:48:37.185	1737.32	25.70	41.50	2.01	4.02	1.01	1.01	1.01	1.01
2026-03-27 07:48:38.187	1716.43	25.40	41.70	2.00	3.99	1.00	1.00	1.00	1.00
2026-03-27 07:48:39.185	1712.20	24.20	41.50	2.00	4.01	1.00	1.00	1.00	1.00
2026-03-27 07:48:40.187	1723.96	30.40	41.70	2.00	3.99	1.00	1.00	1.00	1.00
2026-03-27 07:48:41.185	1763.54	25.40	41.50	2.00	4.01	1.00	1.00	1.00	1.00
2026-03-27 07:48:42.187	1800.59	27.70	41.60	2.00	3.99	1.00	1.00	1.00	1.00
2026-03-27 07:48:43.185	1765.15	25.20	41.40	2.00	4.01	1.00	1.00	1.00	1.00
2026-03-27 07:48:44.187	1762.89	28.30	41.50	2.00	3.99	1.00	1.00	1.00	1.00
2026-03-27 07:48:45.185	1735.57	26.90	41.50	2.00	4.01	1.00	1.00	1.00	1.00
2026-03-27 07:48:46.187	1776.17	27.50	41.50	2.00	3.99	1.00	1.00	1.00	1.00
2026-03-27 07:48:47.185	1771.25	27.60	41.70	2.00	4.01	1.00	1.00	1.00	1.00
2026-03-27 07:48:48.187	1725.14	23.20	41.60	2.00	3.99	1.00	1.00	1.00	1.00
2026-03-27 07:48:49.185	1717.12	27.30	41.70	2.00	4.01	1.00	1.00	1.00	1.00
2026-03-27 07:48:50.187	1720.51	23.90	41.60	2.00	3.99	1.00	1.00	1.00	1.00
2026-03-27 07:48:51.185	1741.54	27.40	41.60	2.00	4.01	1.00	1.00	1.00	1.00
2026-03-27 07:48:52.187	1712.74	23.40	41.50	2.00	3.99	1.00	1.00	1.00	1.00
2026-03-27 07:48:53.185	1713.25	28.00	41.50	2.00	4.01	1.00	1.00	1.00	1.00
2026-03-27 07:48:54.190	1705.44	24.40	41.50	1.99	3.98	1.00	1.00	1.00	1.00
2026-03-27 07:48:55.185	1732.67	26.80	41.50	2.01	4.02	1.01	1.01	1.01	1.01
2026-03-27 07:48:56.188	1729.31	28.60	41.70	1.99	3.99	1.00	1.00	1.00	1.00
2026-03-27 07:48:57.185	1749.02	24.50	41.50	2.01	4.01	1.00	1.00	1.00	1.00
2026-03-27 07:48:58.188	1713.53	27.30	41.60	1.99	3.99	1.00	1.00	1.00	1.00
2026-03-27 07:48:59.185	1744.05	24.20	41.40	2.00	4.01	1.00	1.00	1.00	1.00
2026-03-27 07:49:00.188	1721.66	26.10	41.60	1.99	3.99	1.00	1.00	1.00	1.00
2026-03-27 07:49:01.185	1730.60	25.90	41.50	2.01	4.01	1.00	1.00	1.00	1.00
2026-03-27 07:49:02.187	1758.03	27.80	41.60	2.00	3.99	1.00	1.00	1.00	1.00
2026-03-27 07:49:03.185	1722.23	24.70	41.50	2.00	4.01	1.00	1.00	1.00	1.00
2026-03-27 07:49:04.187	1785.80	25.70	41.50	2.00	3.99	1.00	1.00	1.00	1.00
2026-03-27 07:49:05.185	1727.63	28.00	41.70	2.00	4.01	1.00	1.00	1.00	1.00
2026-03-27 07:49:06.187	1727.17	24.80	41.50	2.00	3.99	1.00	1.00	1.00	1.00
2026-03-27 07:49:07.185	1764.74	28.30	41.60	2.00	4.01	1.00	1.00	1.00	1.00
2026-03-27 07:49:08.187	1772.62	23.10	41.40	2.00	3.99	1.00	1.00	1.00	1.00
2026-03-27 07:49:09.185	1725.54	27.70	41.60	2.00	4.01	1.00	1.00	1.00	1.00
2026-03-27 07:49:10.187	1740.68	24.00	41.50	2.00	3.99	1.00	1.00	1.00	1.00
2026-03-27 07:49:11.185	1737.36	29.50	41.50	2.00	4.01	1.00	1.00	1.00	1.00
2026-03-27 07:49:12.191	1740.17	26.60	41.50	1.99	3.98	0.99	0.99	0.99	0.99
2026-03-27 07:49:13.185	1795.98	26.80	41.50	2.01	4.02	1.01	1.01	1.01	1.01
2026-03-27 07:49:14.187	1742.22	27.30	41.70	2.00	3.99	1.00	1.00	1.00	1.00
2026-03-27 07:49:15.185	1768.29	23.90	41.50	2.00	4.01	1.00	1.00	1.00	1.00
2026-03-27 07:49:16.188	1725.01	29.50	41.60	1.99	3.99	1.00	1.00	1.00	1.00
2026-03-27 07:49:17.185	1756.68	24.80	41.50	2.01	4.01	1.00	1.00	1.00	1.00
2026-03-27 07:49:18.187	1742.56	27.10	41.60	2.00	3.99	1.00	1.00	1.00	1.00
2026-03-27 07:49:19.185	1741.48	24.20	41.50	2.00	4.01	1.00	1.00	1.00	1.00
2026-03-27 07:49:20.187	1740.56	27.20	41.60	2.00	3.99	1.00	1.00	1.00	1.00
2026-03-27 07:49:21.186	1774.65	24.50	41.60	2.00	4.01	1.00	1.00	1.00	1.00
2026-03-27 07:49:22.188	1738.48	27.20	41.60	2.00	3.99	1.00	1.00	1.00	1.00
2026-03-27 07:49:23.185	1758.57	27.00	41.70	2.01	4.01	1.00	1.00	1.00	1.00
2026-03-27 07:49:24.187	1740.05	25.70	41.60	2.00	3.99	1.00	1.00	1.00	1.00
2026-03-27 07:49:25.185	1749.82	28.00	41.70	2.00	4.01	1.00	1.00	1.00	1.00
2026-03-27 07:49:26.187	1738.47	24.80	41.50	2.00	3.99	1.00	1.00	1.00	1.00
2026-03-27 07:49:27.185	1751.54	29.20	41.60	2.00	4.01	1.00	1.00	1.00	1.00
2026-03-27 07:49:28.187	1742.59	25.60	41.50	2.00	3.99	1.00	1.00	1.00	1.00
2026-03-27 07:49:29.185	1793.59	26.70	41.60	2.00	4.01	1.00	1.00	1.00	1.00
2026-03-27 07:49:30.190	1735.07	22.80	41.50	1.99	3.98	0.99	0.99	0.99	0.99
2026-03-27 07:49:31.185	1760.97	25.30	41.50	2.01	4.02	1.01	1.01	1.01	1.01
2026-03-27 07:49:32.187	1762.03	27.70	41.70	2.00	3.99	1.00	1.00	1.00	1.00
2026-03-27 07:49:33.185	1728.29	24.70	41.60	2.00	4.01	1.00	1.00	1.00	1.00
2026-03-27 07:49:34.187	1708.30	27.20	41.70	2.00	3.99	1.00	1.00	1.00	1.00
2026-03-27 07:49:35.186	1719.35	25.00	41.40	2.00	4.00	1.00	1.00	1.00	1.00
2026-03-27 07:49:36.187	1718.13	27.70	41.60	2.00	4.00	1.00	1.00	1.00	1.00
2026-03-27 07:49:37.185	1741.69	23.10	41.50	2.00	4.01	1.00	1.00	1.00	1.00
2026-03-27 07:49:38.188	1709.50	26.80	41.40	1.99	3.99	1.00	1.00	1.00	1.00
2026-03-27 07:49:39.185	1738.25	25.70	41.40	2.00	4.01	1.00	1.00	1.00	1.00
2026-03-27 07:49:40.187	1728.83	26.00	41.50	2.00	3.99	1.00	1.00	1.00	1.00
2026-03-27 07:49:41.185	1699.55	26.80	41.70	2.00	4.01	1.00	1.00	1.00	1.00
2026-03-27 07:49:42.187	1727.27	23.60	41.50	2.00	3.99	1.00	1.00	1.00	1.00
2026-03-27 07:49:43.185	1702.75	28.60	41.70	2.00	4.01	1.00	1.00	1.00	1.00
2026-03-27 07:49:44.187	1728.55	24.30	41.40	2.00	3.99	1.00	1.00	1.00	1.00
2026-03-27 07:49:45.185	1709.19	28.50	41.60	2.00	4.01	1.00	1.00	1.00	1.00
2026-03-27 07:49:46.187	1758.88	25.00	41.50	2.00	3.99	1.00	1.00	1.00	1.00
2026-03-27 07:49:47.185	1737.36	28.20	41.60	2.00	4.01	1.00	1.00	1.00	1.00
2026-03-27 07:49:48.190	1725.36	25.70	41.60	1.99	3.98	1.00	1.00	1.00	1.00
2026-03-27 07:49:49.185	1756.74	27.70	41.50	2.01	4.02	1.01	1.01	1.01	1.01
2026-03-27 07:49:50.188	1741.04	27.60	41.70	1.99	3.99	1.00	1.00	1.00	1.00
2026-03-27 07:49:51.185	1763.67	23.40	41.60	2.01	4.01	1.00	1.00	1.00	1.00
2026-03-27 07:49:52.187	1706.02	27.40	41.70	2.00	3.99	1.00	1.00	1.00	1.00
2026-03-27 07:49:53.185	1779.50	24.00	41.50	2.00	4.01	1.00	1.00	1.00	1.00
2026-03-27 07:49:54.187	1762.55	27.20	41.60	2.00	3.99	1.00	1.00	1.00	1.00
2026-03-27 07:49:55.185	1771.30	23.80	41.50	2.00	4.01	1.00	1.00	1.00	1.00
2026-03-27 07:49:56.188	1699.57	26.60	41.60	1.99	3.99	1.00	1.00	1.00	1.00
2026-03-27 07:49:57.185	1714.52	26.00	41.50	2.01	4.01	1.00	1.00	1.00	1.00
2026-03-27 07:49:58.187	1712.72	26.80	41.50	2.00	3.99	1.00	1.00	1.00	1.00
2026-03-27 07:49:59.185	1707.23	28.80	41.70	2.00	4.01	1.00	1.00	1.00	1.00
2026-03-27 07:50:00.187	1744.87	25.20	41.50	2.00	3.99	1.00	1.00	1.00	1.00
2026-03-27 07:50:01.185	1717.04	28.00	41.70	2.00	4.01	1.00	1.00	1.00	1.00
2026-03-27 07:50:02.187	1706.64	23.60	41.50	2.00	3.99	1.00	1.00	1.00	1.00
2026-03-27 07:50:03.185	1729.42	27.40	41.60	2.00	4.01	1.00	1.00	1.00	1.00
2026-03-27 07:50:04.187	1706.54	26.90	41.50	2.00	3.99	1.00	1.00	1.00	1.00
2026-03-27 07:50:05.185	1735.67	29.10	41.60	2.00	4.01	1.00	1.00	1.00	1.00
2026-03-27 07:50:06.191	1739.75	23.80	41.60	1.99	3.98	0.99	0.99	0.99	0.99
2026-03-27 07:50:07.185	1740.17	25.70	41.60	2.01	4.02	1.01	1.01	1.01	1.01
2026-03-27 07:50:08.187	1718.37	28.00	41.70	2.00	3.99	1.00	1.00	1.00	1.00
2026-03-27 07:50:09.185	1732.30	24.50	41.50	2.00	4.01	1.00	1.00	1.00	1.00
2026-03-27 07:50:10.188	1754.81	28.10	41.60	1.99	3.99	1.00	1.00	1.00	1.00
2026-03-27 07:50:11.185	1740.59	25.10	41.50	2.01	4.01	1.00	1.00	1.00	1.00
2026-03-27 07:50:12.188	1717.87	27.50	41.70	2.00	3.99	1.00	1.00	1.00	1.00
2026-03-27 07:50:13.185	1734.25	24.00	41.60	2.00	4.01	1.00	1.00	1.00	1.00
2026-03-27 07:50:14.188	1729.44	27.80	41.60	1.99	3.99	1.00	1.00	1.00	1.00
2026-03-27 07:50:15.185	1772.40	26.90	41.50	2.00	4.01	1.00	1.00	1.00	1.00
2026-03-27 07:50:16.187	1750.60	26.70	41.50	2.00	3.99	1.00	1.00	1.00	1.00
2026-03-27 07:50:17.185	1763.38	28.50	41.70	2.00	4.01	1.00	1.00	1.00	1.00
2026-03-27 07:50:18.188	1722.03	24.40	41.50	2.00	3.99	1.00	1.00	1.00	1.00
2026-03-27 07:50:19.185	1754.30	29.10	41.50	2.00	4.01	1.00	1.00	1.00	1.00
2026-03-27 07:50:20.187	1732.52	26.90	41.40	2.00	3.99	1.00	1.00	1.00	1.00
2026-03-27 07:50:21.185	1783.33	28.80	41.60	2.00	4.01	1.00	1.00	1.00	1.00
2026-03-27 07:50:22.188	1727.32	24.20	41.50	1.99	3.99	1.00	1.00	1.00	1.00
2026-03-27 07:50:23.185	1753.03	27.70	41.60	2.01	4.01	1.00	1.00	1.00	1.00
2026-03-27 07:50:24.190	1767.47	24.50	41.50	1.99	3.98	1.00	1.00	1.00	1.00
2026-03-27 07:50:25.185	1758.23	26.00	41.40	2.01	4.02	1.00	1.00	1.00	1.00
2026-03-27 07:50:26.187	1728.47	27.20	41.60	2.00	3.99	1.00	1.00	1.00	1.00
2026-03-27 07:50:27.185	1750.35	23.00	41.50	2.00	4.01	1.00	1.00	1.00	1.00
2026-03-27 07:50:28.187	1724.16	26.00	41.70	2.00	3.99	1.00	1.00	1.00	1.00
2026-03-27 07:50:29.185	1749.31	24.30	41.60	2.00	4.01	1.00	1.00	1.00	1.00
2026-03-27 07:50:30.187	1728.52	28.60	41.70	2.00	3.99	1.00	1.00	1.00	1.00
2026-03-27 07:50:31.185	1745.58	23.40	41.60	2.00	4.01	1.00	1.00	1.00	1.00
2026-03-27 07:50:32.188	1729.11	27.30	41.60	1.99	3.99	1.00	1.00	1.00	1.00
2026-03-27 07:50:33.185	1744.52	24.90	41.50	2.01	4.01	1.00	1.00	1.00	1.00
2026-03-27 07:50:34.187	1740.99	25.10	41.60	2.00	3.99	1.00	1.00	1.00	1.00
2026-03-27 07:50:35.185	1761.12	28.30	41.70	2.00	4.01	1.00	1.00	1.00	1.00
2026-03-27 07:50:36.188	1732.11	24.20	41.40	2.00	3.99	1.00	1.00	1.00	1.00
2026-03-27 07:50:37.185	1724.23	27.60	41.60	2.00	4.01	1.00	1.00	1.00	1.00
2026-03-27 07:50:38.187	1722.53	24.00	41.60	2.00	3.99	1.00	1.00	1.00	1.00
2026-03-27 07:50:39.185	1759.35	27.70	41.60	2.00	4.01	1.00	1.00	1.00	1.00
2026-03-27 07:50:40.187	1720.68	23.50	41.50	2.00	3.99	1.00	1.00	1.00	1.00
2026-03-27 07:50:41.185	1741.55	27.50	41.50	2.00	4.01	1.00	1.00	1.00	1.00
2026-03-27 07:50:42.190	1707.34	23.80	41.50	1.99	3.98	0.99	0.99	0.99	0.99
2026-03-27 07:50:43.185	1734.77	26.70	41.50	2.01	4.02	1.01	1.01	1.01	1.01
2026-03-27 07:50:44.187	1736.32	25.10	41.70	2.00	3.99	1.00	1.00	1.00	1.00
2026-03-27 07:50:45.185	1719.88	24.60	41.60	2.00	4.01	1.00	1.00	1.00	1.00
2026-03-27 07:50:46.187	1730.51	28.60	41.70	2.00	3.99	1.00	1.00	1.00	1.00
2026-03-27 07:50:47.185	1741.30	25.30	41.60	2.00	4.01	1.00	1.00	1.00	1.00
2026-03-27 07:50:48.187	1710.60	27.10	41.60	2.00	3.99	1.00	1.00	1.00	1.00
2026-03-27 07:50:49.185	1733.43	23.70	41.50	2.00	4.01	1.00	1.00	1.00	1.00
2026-03-27 07:50:50.187	1736.49	25.90	41.60	2.00	3.99	1.00	1.00	1.00	1.00
2026-03-27 07:50:51.185	1721.50	25.40	41.60	2.00	4.01	1.00	1.00	1.00	1.00
2026-03-27 07:50:52.187	1731.97	26.70	41.50	2.00	3.99	1.00	1.00	1.00	1.00
2026-03-27 07:50:53.185	1719.65	27.20	41.70	2.00	4.01	1.00	1.00	1.00	1.00
2026-03-27 07:50:54.187	1726.51	22.70	41.60	2.00	3.99	1.00	1.00	1.00	1.00
2026-03-27 07:50:55.185	1735.66	27.90	41.60	2.00	4.01	1.00	1.00	1.00	1.00
2026-03-27 07:50:56.187	1716.65	23.80	41.50	2.00	3.99	1.00	1.00	1.00	1.00
2026-03-27 07:50:57.185	1715.52	27.30	41.70	2.00	4.01	1.00	1.00	1.00	1.00
2026-03-27 07:50:58.187	1726.70	23.90	41.60	2.00	3.99	1.00	1.00	1.00	1.00
2026-03-27 07:50:59.185	1723.13	27.10	41.60	2.00	4.01	1.00	1.00	1.00	1.00
2026-03-27 07:51:00.191	1712.64	26.00	41.50	1.99	3.98	0.99	0.99	0.99	0.99
2026-03-27 07:51:01.185	1773.75	28.70	41.60	2.01	4.02	1.01	1.01	1.01	1.01
2026-03-27 07:51:02.188	1753.76	26.50	41.70	2.00	3.99	1.00	1.00	1.00	1.00
2026-03-27 07:51:03.185	1733.00	25.20	41.60	2.01	4.01	1.00	1.00	1.00	1.00
2026-03-27 07:51:04.188	1742.49	27.10	41.60	1.99	3.99	1.00	1.00	1.00	1.00
2026-03-27 07:51:05.185	1744.56	24.50	41.50	2.01	4.01	1.00	1.00	1.00	1.00
2026-03-27 07:51:06.187	1712.93	28.40	41.70	2.00	3.99	1.00	1.00	1.00	1.00
2026-03-27 07:51:07.185	1729.36	25.30	41.60	2.00	4.01	1.00	1.00	1.00	1.00
2026-03-27 07:51:08.187	1712.33	25.80	41.60	2.00	3.99	1.00	1.00	1.00	1.00
2026-03-27 07:51:09.185	1721.40	24.30	41.60	2.00	4.01	1.00	1.00	1.00	1.00
2026-03-27 07:51:10.187	1724.88	26.50	41.60	2.00	3.99	1.00	1.00	1.00	1.00
2026-03-27 07:51:11.185	1725.07	28.50	41.70	2.00	4.01	1.00	1.00	1.00	1.00
2026-03-27 07:51:12.188	1713.91	23.10	41.60	2.00	3.99	1.00	1.00	1.00	1.00
2026-03-27 07:51:13.185	1740.51	27.00	41.70	2.01	4.01	1.00	1.00	1.00	1.00
2026-03-27 07:51:14.187	1718.15	24.50	41.50	2.00	3.99	1.00	1.00	1.00	1.00
2026-03-27 07:51:15.185	1743.89	27.80	41.60	2.00	4.01	1.00	1.00	1.00	1.00
2026-03-27 07:51:16.187	1730.58	25.70	41.50	2.00	3.99	1.00	1.00	1.00	1.00
2026-03-27 07:51:17.185	1735.41	29.40	41.50	2.00	4.01	1.00	1.00	1.00	1.00
2026-03-27 07:51:18.190	1732.97	26.00	41.40	1.99	3.98	0.99	0.99	0.99	0.99
2026-03-27 07:51:19.185	1755.18	25.80	41.50	2.01	4.02	1.01	1.01	1.01	1.01
2026-03-27 07:51:20.188	1732.58	27.00	41.60	1.99	3.99	1.00	1.00	1.00	1.00
2026-03-27 07:51:21.185	1743.96	23.70	41.50	2.01	4.01	1.00	1.00	1.00	1.00
2026-03-27 07:51:22.187	1711.97	29.40	41.60	2.00	3.99	1.00	1.00	1.00	1.00
2026-03-27 07:51:23.185	1725.53	24.30	41.50	2.00	4.01	1.00	1.00	1.00	1.00
2026-03-27 07:51:24.188	1734.37	26.10	41.60	1.99	3.99	1.00	1.00	1.00	1.00
2026-03-27 07:51:25.185	1731.43	23.40	41.50	2.01	4.01	1.00	1.00	1.00	1.00
2026-03-27 07:51:26.188	1719.72	26.90	41.50	2.00	3.99	1.00	1.00	1.00	1.00
2026-03-27 07:51:27.186	1737.49	23.50	41.50	2.00	4.01	1.00	1.00	1.00	1.00
2026-03-27 07:51:28.187	1727.52	26.10	41.50	2.00	3.99	1.00	1.00	1.00	1.00
2026-03-27 07:51:29.185	1735.42	25.90	41.70	2.00	4.01	1.00	1.00	1.00	1.00
2026-03-27 07:51:30.187	1709.26	23.60	41.60	2.00	3.99	1.00	1.00	1.00	1.00
2026-03-27 07:51:31.185	1742.66	27.80	41.70	2.00	4.01	1.00	1.00	1.00	1.00
2026-03-27 07:51:32.189	1746.76	24.40	41.50	1.99	3.98	1.00	1.00	1.00	1.00
2026-03-27 07:51:33.185	1745.56	26.50	41.70	2.01	4.02	1.00	1.00	1.00	1.00
2026-03-27 07:51:34.187	1732.53	24.20	41.60	2.00	3.99	1.00	1.00	1.00	1.00
2026-03-27 07:51:35.185	1729.35	27.10	41.60	2.00	4.01	1.00	1.00	1.00	1.00
2026-03-27 07:51:36.190	1731.46	24.70	41.60	1.99	3.98	1.00	1.00	1.00	1.00
2026-03-27 07:51:37.185	1790.90	25.80	41.60	2.01	4.02	1.00	1.00	1.00	1.00
2026-03-27 07:51:38.188	1711.79	28.50	41.80	2.00	3.99	1.00	1.00	1.00	1.00
2026-03-27 07:51:39.185	1750.46	23.80	41.60	2.01	4.01	1.00	1.00	1.00	1.00
2026-03-27 07:51:40.187	1728.39	27.50	41.60	2.00	3.99	1.00	1.00	1.00	1.00
2026-03-27 07:51:41.185	1733.08	23.20	41.50	2.00	4.01	1.00	1.00	1.00	1.00
2026-03-27 07:51:42.187	1732.53	26.50	41.60	2.00	3.99	1.00	1.00	1.00	1.00
2026-03-27 07:51:43.185	1721.82	23.50	41.60	2.00	4.01	1.00	1.00	1.00	1.00
2026-03-27 07:51:44.188	1733.27	26.40	41.60	1.99	3.99	1.00	1.00	1.00	1.00
2026-03-27 07:51:45.186	1730.38	25.00	41.50	2.00	4.01	1.00	1.00	1.00	1.00
2026-03-27 07:51:46.187	1720.82	25.70	41.60	2.00	4.00	1.00	1.00	1.00	1.00
2026-03-27 07:51:47.185	1731.21	26.80	41.80	2.00	4.01	1.00	1.00	1.00	1.00
2026-03-27 07:51:48.187	1723.44	23.40	41.60	2.00	3.99	1.00	1.00	1.00	1.00
2026-03-27 07:51:49.185	1724.93	29.10	41.70	2.00	4.01	1.00	1.00	1.00	1.00
2026-03-27 07:51:50.188	1739.53	25.30	41.50	1.99	3.99	1.00	1.00	1.00	1.00
2026-03-27 07:51:51.185	1735.09	26.00	41.70	2.01	4.01	1.00	1.00	1.00	1.00
2026-03-27 07:51:52.188	1714.93	22.40	41.60	1.99	3.99	1.00	1.00	1.00	1.00
2026-03-27 07:51:53.185	1740.46	26.80	41.60	2.01	4.01	1.00	1.00	1.00	1.00
2026-03-27 07:51:54.190	1728.99	25.20	41.60	1.99	3.98	0.99	0.99	0.99	0.99
2026-03-27 07:51:55.185	1739.07	27.10	41.60	2.01	4.02	1.01	1.01	1.01	1.01
2026-03-27 07:51:56.187	1740.35	26.50	41.80	2.00	3.99	1.00	1.00	1.00	1.00
2026-03-27 07:51:57.185	1736.11	23.10	41.60	2.00	4.01	1.00	1.00	1.00	1.00
2026-03-27 07:51:58.187	1737.66	27.30	41.70	2.00	3.99	1.00	1.00	1.00	1.00
2026-03-27 07:51:59.185	1731.84	24.10	41.60	2.00	4.01	1.00	1.00	1.00	1.00
2026-03-27 07:52:00.187	1724.66	27.00	41.70	2.00	3.99	1.00	1.00	1.00	1.00
2026-03-27 07:52:01.185	1735.38	22.90	41.60	2.00	4.01	1.00	1.00	1.00	1.00
2026-03-27 07:52:02.187	1740.57	26.70	41.60	2.00	3.99	1.00	1.00	1.00	1.00
2026-03-27 07:52:03.186	1741.77	26.00	41.50	2.00	4.00	1.00	1.00	1.00	1.00
2026-03-27 07:52:04.187	1719.87	27.00	41.50	2.00	4.00	1.00	1.00	1.00	1.00
2026-03-27 07:52:05.185	1741.71	27.70	41.70	2.00	4.01	1.00	1.00	1.00	1.00
2026-03-27 07:52:06.187	1745.03	23.50	41.60	2.00	3.99	1.00	1.00	1.00	1.00
2026-03-27 07:52:07.185	1749.09	27.20	41.70	2.00	4.01	1.00	1.00	1.00	1.00
2026-03-27 07:52:08.187	1730.22	23.10	41.60	2.00	3.99	1.00	1.00	1.00	1.00
2026-03-27 07:52:09.185	1739.82	28.60	41.70	2.00	4.01	1.00	1.00	1.00	1.00
2026-03-27 07:52:10.187	1746.54	23.80	41.60	2.00	3.99	1.00	1.00	1.00	1.00
2026-03-27 07:52:11.185	1759.45	27.70	41.60	2.00	4.01	1.00	1.00	1.00	1.00
2026-03-27 07:52:12.191	1736.32	24.50	41.60	1.99	3.98	0.99	0.99	0.99	0.99
2026-03-27 07:52:13.185	1741.68	26.00	41.60	2.01	4.02	1.01	1.01	1.01	1.01
2026-03-27 07:52:14.188	1718.54	27.60	41.70	1.99	3.99	1.00	1.00	1.00	1.00
2026-03-27 07:52:15.185	1740.02	24.70	41.60	2.01	4.01	1.00	1.00	1.00	1.00
2026-03-27 07:52:16.188	1738.77	28.70	41.70	1.99	3.99	1.00	1.00	1.00	1.00
2026-03-27 07:52:17.185	1742.74	24.50	41.60	2.01	4.01	1.00	1.00	1.00	1.00
2026-03-27 07:52:18.187	1724.48	27.40	41.60	2.00	3.99	1.00	1.00	1.00	1.00
2026-03-27 07:52:19.185	1735.40	26.90	41.50	2.00	4.01	1.00	1.00	1.00	1.00
2026-03-27 07:52:20.187	1736.30	29.50	41.60	2.00	3.99	1.00	1.00	1.00	1.00
2026-03-27 07:52:21.185	1747.51	25.80	41.50	2.00	4.01	1.00	1.00	1.00	1.00
2026-03-27 07:52:22.187	1726.89	26.90	41.50	2.00	3.99	1.00	1.00	1.00	1.00
2026-03-27 07:52:23.186	1736.45	27.90	41.70	2.00	4.01	1.00	1.00	1.00	1.00
2026-03-27 07:52:24.188	1720.80	26.20	41.60	2.00	3.99	1.00	1.00	1.00	1.00
2026-03-27 07:52:25.185	1732.25	28.30	41.70	2.00	4.01	1.00	1.00	1.00	1.00
2026-03-27 07:52:26.187	1732.41	23.10	41.50	2.00	3.99	1.00	1.00	1.00	1.00
2026-03-27 07:52:27.185	1749.67	25.10	41.70	2.00	4.01	1.00	1.00	1.00	1.00
2026-03-27 07:52:28.187	1734.53	21.80	41.60	2.00	3.99	1.00	1.00	1.00	1.00
