[System]
Platform=SEANO USV
Start_Time=2026-05-02 12:14:04
Timezone=WIB

[Sensor]
Name=System Metrics

[Columns]
Timestamp(WIB)	WriteSpeed(Bps)	CPU(%)	RAM(%)	JetsonTemp(C)	GPS_Hz	IMU_Hz	CTD_Hz	ADCP_Hz	BATTERY_Hz	SBES_Hz

[Data]
2026-05-02 12:14:05.721	0.00	74.10	67.50	54.12	0.00	0.00	0.00	0.00	0.00	0.00
2026-05-02 12:14:06.913	0.00	26.50	67.50	54.06	0.00	0.00	0.00	0.00	0.00	0.00
2026-05-02 12:14:07.721	2431.18	26.20	67.50	53.62	3.71	3.71	1.24	1.24	3.71	1.24
2026-05-02 12:14:08.726	2358.84	39.60	67.30	53.69	3.98	3.98	1.00	1.00	3.98	1.00
2026-05-02 12:14:09.721	2376.15	24.60	67.30	53.75	4.02	4.02	1.01	1.01	4.02	1.01
2026-05-02 12:14:10.726	2360.13	25.50	67.30	53.88	3.98	3.98	0.99	0.99	3.98	0.99
2026-05-02 12:14:11.721	2377.86	22.00	67.30	53.62	4.02	4.02	1.01	1.01	4.02	1.01
2026-05-02 12:14:12.726	2350.59	22.90	67.30	53.69	3.98	3.98	1.00	1.00	3.98	1.00
2026-05-02 12:14:13.721	2373.49	25.30	67.30	53.84	4.02	4.02	1.00	1.00	4.02	1.00
2026-05-02 12:14:14.726	2349.93	28.30	67.30	53.59	3.98	3.98	0.99	0.99	3.98	0.99
2026-05-02 12:14:15.721	2378.22	23.60	67.30	53.66	4.02	4.02	1.01	1.01	4.02	1.01
2026-05-02 12:14:16.726	2338.88	21.70	67.30	53.84	3.98	3.98	1.00	1.00	3.98	1.00
2026-05-02 12:14:17.721	2381.14	19.90	67.30	53.53	4.02	4.02	1.00	1.00	4.02	1.00
2026-05-02 12:14:18.726	2361.95	21.80	67.30	53.75	3.98	3.98	0.99	0.99	3.98	0.99
2026-05-02 12:14:19.721	2390.02	23.30	67.30	53.75	4.02	4.02	1.01	1.01	4.02	1.01
2026-05-02 12:14:20.726	2360.38	23.80	67.30	53.62	3.98	3.98	1.00	1.00	3.98	1.00
2026-05-02 12:14:21.721	2411.80	22.80	67.30	53.56	4.02	4.02	1.00	1.00	4.02	1.00
2026-05-02 12:14:22.726	2352.59	22.50	67.30	53.72	3.98	3.98	1.00	1.00	3.98	1.00
2026-05-02 12:14:23.721	2387.47	22.30	67.30	53.56	4.02	4.02	1.00	1.00	4.02	1.00
2026-05-02 12:14:24.726	2356.01	24.80	67.30	53.75	3.98	3.98	0.99	0.99	3.98	0.99
2026-05-02 12:14:25.721	2390.80	24.30	67.30	53.88	4.02	4.02	1.01	1.01	4.02	1.01
2026-05-02 12:14:26.726	2356.29	23.70	67.30	53.50	3.98	3.98	1.00	1.00	3.98	1.00
2026-05-02 12:14:27.721	2405.89	22.80	67.30	53.59	4.02	4.02	1.00	1.00	4.02	1.00
2026-05-02 12:14:28.726	2358.28	23.10	67.30	53.66	3.98	3.98	1.00	1.00	3.98	1.00
2026-05-02 12:14:29.721	2405.73	24.60	67.30	53.91	4.02	4.02	1.00	1.00	4.02	1.00
2026-05-02 12:14:30.726	2364.42	25.00	67.30	53.66	3.98	3.98	1.00	1.00	3.98	1.00
2026-05-02 12:14:31.721	2431.92	24.00	67.30	53.62	4.02	4.02	1.00	1.00	4.02	1.00
2026-05-02 12:14:32.726	2379.53	22.80	67.30	53.88	3.98	3.98	0.99	0.99	3.98	0.99
2026-05-02 12:14:33.721	2396.48	21.80	67.30	53.50	4.02	4.02	1.01	1.01	4.02	1.01
2026-05-02 12:14:34.726	2386.55	24.40	67.30	53.50	3.98	3.98	1.00	1.00	3.98	1.00
2026-05-02 12:14:35.721	2399.72	23.10	67.30	53.97	4.02	4.02	1.00	1.00	4.02	1.00
2026-05-02 12:14:36.726	2395.84	23.10	67.30	53.72	3.98	3.98	0.99	0.99	3.98	0.99
2026-05-02 12:14:37.721	2403.88	22.70	67.30	53.66	4.02	4.02	1.00	1.00	4.02	1.00
2026-05-02 12:14:38.726	2400.46	22.60	67.30	53.66	3.98	3.98	1.00	1.00	3.98	1.00
2026-05-02 12:14:39.721	2435.70	22.80	67.30	53.66	4.02	4.02	1.00	1.00	4.02	1.00
2026-05-02 12:14:40.726	2437.98	23.70	67.30	53.56	3.98	3.98	1.00	1.00	3.98	1.00
2026-05-02 12:14:41.721	2434.46	20.30	67.30	53.78	4.02	4.02	1.01	1.01	4.02	1.01
2026-05-02 12:14:42.726	2412.41	22.80	67.30	53.66	3.98	3.98	1.00	1.00	3.98	1.00
2026-05-02 12:14:43.721	2397.17	22.60	67.30	53.59	4.02	4.02	1.00	1.00	4.02	1.00
2026-05-02 12:14:44.726	2420.12	23.30	67.30	53.66	3.98	3.98	1.00	1.00	3.98	1.00
2026-05-02 12:14:45.721	2403.02	22.60	67.30	53.50	4.02	4.02	1.00	1.00	4.02	1.00
2026-05-02 12:14:46.726	2380.13	23.30	67.30	53.66	3.98	3.98	1.00	1.00	3.98	1.00
2026-05-02 12:14:47.721	2395.05	22.10	67.30	53.84	4.02	4.02	1.01	1.01	4.02	1.01
2026-05-02 12:14:48.726	2406.09	23.90	67.30	53.66	3.98	3.98	1.00	1.00	3.98	1.00
2026-05-02 12:14:49.721	2413.86	23.10	67.30	53.88	4.02	4.02	1.00	1.00	4.02	1.00
2026-05-02 12:14:50.726	2394.14	24.00	67.30	53.56	3.98	3.98	1.00	1.00	3.98	1.00
2026-05-02 12:14:51.721	2413.87	22.90	67.30	53.97	4.02	4.02	1.00	1.00	4.02	1.00
2026-05-02 12:14:52.726	2381.85	22.70	67.30	53.88	3.98	3.98	0.99	0.99	3.98	0.99
2026-05-02 12:14:53.721	2431.99	22.30	67.30	53.72	4.02	4.02	1.00	1.00	4.02	1.00
2026-05-02 12:14:54.726	2395.88	25.60	67.30	53.66	3.98	3.98	0.99	0.99	3.98	0.99
2026-05-02 12:14:55.721	2418.23	24.20	67.30	53.78	4.02	4.02	1.01	1.01	4.02	1.01
2026-05-02 12:14:56.727	2384.95	21.90	67.30	53.50	3.98	3.98	0.99	0.99	3.98	0.99
2026-05-02 12:14:57.721	2443.55	22.40	67.30	53.69	4.02	4.02	1.01	1.01	4.02	1.01
2026-05-02 12:14:58.727	2384.77	23.00	67.30	53.91	3.98	3.98	0.99	0.99	3.98	0.99
2026-05-02 12:14:59.721	2408.78	24.50	67.30	53.59	4.02	4.02	1.01	1.01	4.02	1.01
2026-05-02 12:15:00.726	2391.89	24.90	67.30	53.75	3.98	3.98	0.99	0.99	3.98	0.99
2026-05-02 12:15:01.721	2416.40	23.50	67.30	53.72	4.02	4.02	1.01	1.01	4.02	1.01
2026-05-02 12:15:02.726	2402.63	21.50	67.30	53.88	3.98	3.98	1.00	1.00	3.98	1.00
2026-05-02 12:15:03.721	2404.15	23.70	67.30	53.62	4.02	4.02	1.01	1.01	4.02	1.01
2026-05-02 12:15:04.726	2373.46	24.80	67.30	53.66	3.98	3.98	0.99	0.99	3.98	0.99
2026-05-02 12:15:05.721	2384.27	23.70	67.30	53.88	4.02	4.02	1.01	1.01	4.02	1.01
2026-05-02 12:15:06.727	2380.57	24.40	67.30	53.59	3.98	3.98	0.99	0.99	3.98	0.99
2026-05-02 12:15:07.721	2403.49	22.60	67.30	53.81	4.02	4.02	1.01	1.01	4.02	1.01
2026-05-02 12:15:08.726	2400.47	22.70	67.30	53.84	3.98	3.98	1.00	1.00	3.98	1.00
2026-05-02 12:15:09.721	2405.71	24.60	67.30	53.56	4.02	4.02	1.00	1.00	4.02	1.00
2026-05-02 12:15:10.726	2379.29	25.60	67.30	53.81	3.98	3.98	0.99	0.99	3.98	0.99
2026-05-02 12:15:11.721	2386.71	25.40	67.30	53.88	4.02	4.02	1.01	1.01	4.02	1.01
2026-05-02 12:15:12.727	2367.05	22.30	67.30	53.69	3.98	3.98	0.99	0.99	3.98	0.99
2026-05-02 12:15:13.721	2395.32	25.40	67.30	53.78	4.02	4.02	1.01	1.01	4.02	1.01
2026-05-02 12:15:14.726	2369.94	25.50	67.30	53.88	3.98	3.98	0.99	0.99	3.98	0.99
2026-05-02 12:15:15.721	2374.18	24.80	67.30	53.69	4.02	4.02	1.01	1.01	4.02	1.01
2026-05-02 12:15:16.727	2368.68	28.00	67.30	53.78	3.98	3.98	0.99	0.99	3.98	0.99
2026-05-02 12:15:17.721	2385.40	23.50	67.30	53.84	4.02	4.02	1.01	1.01	4.02	1.01
2026-05-02 12:15:18.727	2358.71	24.50	67.30	53.69	3.98	3.98	0.99	0.99	3.98	0.99
2026-05-02 12:15:19.721	2377.32	26.60	67.30	53.66	4.02	4.02	1.01	1.01	4.02	1.01
2026-05-02 12:15:20.726	2373.63	25.30	67.30	53.81	3.98	3.98	0.99	0.99	3.98	0.99
2026-05-02 12:15:21.721	2382.36	24.30	67.30	53.56	4.02	4.02	1.01	1.01	4.02	1.01
2026-05-02 12:15:22.727	2366.54	26.20	67.30	53.78	3.98	3.98	0.99	0.99	3.98	0.99
2026-05-02 12:15:23.721	2403.65	23.20	67.30	53.81	4.02	4.02	1.01	1.01	4.02	1.01
2026-05-02 12:15:24.726	2380.05	25.00	67.30	54.03	3.98	3.98	1.00	1.00	3.98	1.00
2026-05-02 12:15:25.721	2404.21	27.80	67.30	53.62	4.02	4.02	1.01	1.01	4.02	1.01
2026-05-02 12:15:26.726	2387.70	23.10	67.30	53.78	3.98	3.98	0.99	0.99	3.98	0.99
2026-05-02 12:15:27.721	2389.79	21.50	67.30	53.97	4.02	4.02	1.00	1.00	4.02	1.00
2026-05-02 12:15:28.726	2396.83	21.80	67.30	53.88	3.98	3.98	1.00	1.00	3.98	1.00
2026-05-02 12:15:29.721	2381.70	27.20	67.30	53.81	4.02	4.02	1.00	1.00	4.02	1.00
2026-05-02 12:15:30.726	2391.52	24.90	67.30	53.88	3.98	3.98	0.99	0.99	3.98	0.99
2026-05-02 12:15:31.721	2414.46	22.40	67.30	53.66	4.02	4.02	1.01	1.01	4.02	1.01
2026-05-02 12:15:32.726	2404.01	21.70	67.30	53.59	3.98	3.98	1.00	1.00	3.98	1.00
2026-05-02 12:15:33.721	2389.26	22.30	67.30	53.91	4.02	4.02	1.00	1.00	4.02	1.00
2026-05-02 12:15:34.726	2370.42	25.00	67.30	53.88	3.98	3.98	1.00	1.00	3.98	1.00
2026-05-02 12:15:35.721	2388.17	23.00	67.30	53.84	4.02	4.02	1.01	1.01	4.02	1.01
2026-05-02 12:15:36.726	2407.44	23.50	67.30	53.72	3.98	3.98	0.99	0.99	3.98	0.99
2026-05-02 12:15:37.721	2420.68	22.00	67.30	53.69	4.02	4.02	1.01	1.01	4.02	1.01
2026-05-02 12:15:38.726	2372.22	21.70	67.30	53.88	3.98	3.98	1.00	1.00	3.98	1.00
2026-05-02 12:15:39.721	2398.08	24.50	67.30	53.75	4.02	4.02	1.01	1.01	4.02	1.01
2026-05-02 12:15:40.726	2395.91	24.30	67.30	53.81	3.98	3.98	0.99	0.99	3.98	0.99
2026-05-02 12:15:41.721	2425.65	22.50	67.30	53.66	4.02	4.02	1.00	1.00	4.02	1.00
2026-05-02 12:15:42.726	2378.71	21.50	67.30	53.53	3.98	3.98	1.00	1.00	3.98	1.00
2026-05-02 12:15:43.721	2391.94	20.70	67.30	53.75	4.02	4.02	1.01	1.01	4.02	1.01
2026-05-02 12:15:44.726	2383.35	23.70	67.30	53.91	3.98	3.98	0.99	0.99	3.98	0.99
2026-05-02 12:15:45.721	2393.55	22.90	67.30	53.88	4.02	4.02	1.00	1.00	4.02	1.00
2026-05-02 12:15:46.726	2401.03	23.70	67.30	53.78	3.98	3.98	1.00	1.00	3.98	1.00
2026-05-02 12:15:47.721	2418.07	20.60	67.30	53.94	4.02	4.02	1.01	1.01	4.02	1.01
2026-05-02 12:15:48.726	2396.18	22.70	67.30	53.66	3.98	3.98	1.00	1.00	3.98	1.00
2026-05-02 12:15:49.721	2395.48	23.60	67.30	53.94	4.02	4.02	1.00	1.00	4.02	1.00
2026-05-02 12:15:50.726	2386.31	21.90	67.30	53.88	3.98	3.98	1.00	1.00	3.98	1.00
2026-05-02 12:15:51.721	2390.16	23.00	67.30	53.69	4.02	4.02	1.01	1.01	4.02	1.01
2026-05-02 12:15:52.726	2365.59	21.20	67.30	53.72	3.98	3.98	0.99	0.99	3.98	0.99
2026-05-02 12:15:53.721	2388.54	20.10	67.30	53.91	4.02	4.02	1.01	1.01	4.02	1.01
2026-05-02 12:15:54.726	2368.04	22.90	67.30	53.66	3.98	3.98	0.99	0.99	3.98	0.99
2026-05-02 12:15:55.721	2415.02	24.90	67.30	53.88	4.02	4.02	1.00	1.00	4.02	1.00
2026-05-02 12:15:56.726	2369.44	21.60	67.30	53.84	3.98	3.98	1.00	1.00	3.98	1.00
2026-05-02 12:15:57.721	2399.63	23.20	67.30	53.66	4.02	4.02	1.00	1.00	4.02	1.00
2026-05-02 12:15:58.726	2378.72	22.70	67.30	53.66	3.98	3.98	1.00	1.00	3.98	1.00
2026-05-02 12:15:59.721	2409.01	33.20	67.40	54.34	4.02	4.02	1.00	1.00	4.02	1.00
2026-05-02 12:16:00.727	2389.16	26.80	67.40	54.06	3.98	3.98	0.99	0.99	3.98	0.99
2026-05-02 12:16:01.721	2405.32	22.10	67.40	53.72	4.02	4.02	1.01	1.01	4.02	1.01
2026-05-02 12:16:02.726	2369.24	21.80	67.40	53.94	3.98	3.98	0.99	0.99	3.98	0.99
2026-05-02 12:16:03.721	2394.00	21.50	67.40	53.94	4.02	4.02	1.01	1.01	4.02	1.01
2026-05-02 12:16:04.726	2368.79	22.60	67.40	53.72	3.98	3.98	1.00	1.00	3.98	1.00
2026-05-02 12:16:05.722	2409.61	29.10	67.40	53.88	4.02	4.02	1.00	1.00	4.02	1.00
2026-05-02 12:16:06.726	2388.83	35.30	67.40	54.16	3.98	3.98	1.00	1.00	3.98	1.00
2026-05-02 12:16:07.721	2400.19	21.70	67.40	53.81	4.02	4.02	1.01	1.01	4.02	1.01
2026-05-02 12:16:08.726	2365.67	21.20	67.40	53.88	3.98	3.98	0.99	0.99	3.98	0.99
2026-05-02 12:16:09.721	2392.09	21.00	67.40	53.97	4.02	4.02	1.01	1.01	4.02	1.01
2026-05-02 12:16:10.727	2359.14	22.20	67.40	53.72	3.98	3.98	0.99	0.99	3.98	0.99
2026-05-02 12:16:11.721	2399.20	20.30	67.40	53.78	4.02	4.02	1.01	1.01	4.02	1.01
2026-05-02 12:16:12.726	2389.30	21.30	67.40	54.00	3.98	3.98	0.99	0.99	3.98	0.99
2026-05-02 12:16:13.721	2401.01	20.20	67.40	53.72	4.02	4.02	1.01	1.01	4.02	1.01
2026-05-02 12:16:14.726	2374.20	21.10	67.40	53.91	3.98	3.98	1.00	1.00	3.98	1.00
2026-05-02 12:16:15.721	2387.27	25.60	67.40	53.91	4.02	4.02	1.00	1.00	4.02	1.00
2026-05-02 12:16:16.727	2374.66	24.30	67.40	53.81	3.98	3.98	0.99	0.99	3.98	0.99
2026-05-02 12:16:17.721	2416.04	20.70	67.40	53.84	4.02	4.02	1.01	1.01	4.02	1.01
2026-05-02 12:16:18.726	2365.37	19.80	67.40	53.97	3.98	3.98	0.99	0.99	3.98	0.99
2026-05-02 12:16:19.721	2408.95	22.40	67.40	53.78	4.02	4.02	1.01	1.01	4.02	1.01
2026-05-02 12:16:20.723	2364.19	34.20	67.50	54.41	3.99	3.99	1.00	1.00	3.99	1.00
2026-05-02 12:16:21.721	2394.54	53.20	68.20	54.66	4.01	4.01	1.00	1.00	4.01	1.00
2026-05-02 12:16:22.726	2390.93	31.80	68.40	54.16	3.98	3.98	1.00	1.00	3.98	1.00
2026-05-02 12:16:23.721	2404.53	22.40	68.40	53.81	4.02	4.02	1.01	1.01	4.02	1.01
2026-05-02 12:16:24.724	2395.27	37.80	68.50	54.22	3.99	3.99	1.00	1.00	3.99	1.00
2026-05-02 12:16:25.721	2409.42	34.90	68.60	54.34	4.01	4.01	1.00	1.00	4.01	1.00
2026-05-02 12:16:26.727	2407.74	56.60	68.90	54.41	3.98	3.98	0.99	0.99	3.98	0.99
2026-05-02 12:16:27.721	2415.32	30.60	68.90	54.16	4.02	4.02	1.01	1.01	4.02	1.01
2026-05-02 12:16:28.724	2387.14	47.50	69.60	54.59	3.99	3.99	1.00	1.00	3.99	1.00
2026-05-02 12:16:29.721	2402.25	45.80	71.80	54.59	4.01	4.01	1.00	1.00	4.01	1.00
2026-05-02 12:16:30.723	2401.01	43.80	72.20	54.66	3.99	3.99	1.00	1.00	3.99	1.00
2026-05-02 12:16:31.721	2403.39	44.30	73.50	54.34	4.01	4.01	1.00	1.00	4.01	1.00
2026-05-02 12:16:32.724	2404.31	44.30	74.20	54.50	3.99	3.99	1.00	1.00	3.99	1.00
2026-05-02 12:16:33.721	2401.87	23.10	74.30	53.94	4.01	4.01	1.00	1.00	4.01	1.00
2026-05-02 12:16:34.726	2384.28	28.60	74.30	54.03	3.98	3.98	1.00	1.00	3.98	1.00
2026-05-02 12:16:35.721	2389.99	27.70	74.20	54.22	4.02	4.02	1.01	1.01	4.02	1.01
2026-05-02 12:16:36.726	2366.24	28.80	74.20	54.25	3.98	3.98	1.00	1.00	3.98	1.00
2026-05-02 12:16:37.721	2404.90	43.40	74.20	54.34	4.02	4.02	1.00	1.00	4.02	1.00
2026-05-02 12:16:38.724	2366.31	56.60	74.70	55.09	3.99	3.99	1.00	1.00	3.99	1.00
2026-05-02 12:16:39.721	2395.98	48.10	75.00	54.75	4.01	4.01	1.00	1.00	4.01	1.00
2026-05-02 12:16:40.724	2358.88	45.60	75.30	54.66	3.99	3.99	1.00	1.00	3.99	1.00
2026-05-02 12:16:41.721	2405.07	37.90	75.60	54.47	4.01	4.01	1.00	1.00	4.01	1.00
2026-05-02 12:16:42.723	2414.12	34.60	75.80	54.72	3.99	3.99	1.00	1.00	3.99	1.00
2026-05-02 12:16:43.721	2381.84	37.70	75.90	54.56	4.01	4.01	1.00	1.00	4.01	1.00
2026-05-02 12:16:44.724	2366.85	36.80	76.00	54.78	3.99	3.99	1.00	1.00	3.99	1.00
2026-05-02 12:16:45.721	2389.14	36.90	76.00	54.88	4.01	4.01	1.00	1.00	4.01	1.00
2026-05-02 12:16:46.728	2381.39	38.10	67.90	54.38	3.98	3.98	0.99	0.99	3.98	0.99
2026-05-02 12:16:47.721	2381.48	29.70	67.80	54.34	4.03	4.03	1.01	1.01	4.03	1.01
2026-05-02 12:16:48.727	2378.55	23.80	67.80	54.38	3.98	3.98	0.99	0.99	3.98	0.99
2026-05-02 12:16:49.721	2395.07	21.90	67.80	54.09	4.02	4.02	1.01	1.01	4.02	1.01
2026-05-02 12:16:50.726	2368.81	23.50	67.80	54.31	3.98	3.98	1.00	1.00	3.98	1.00
2026-05-02 12:16:51.721	2383.89	22.00	67.80	54.31	4.02	4.02	1.01	1.01	4.02	1.01
2026-05-02 12:16:52.727	2388.69	30.40	67.80	54.31	3.98	3.98	0.99	0.99	3.98	0.99
2026-05-02 12:16:53.721	2400.22	48.30	68.30	55.19	4.02	4.02	1.01	1.01	4.02	1.01
2026-05-02 12:16:54.726	2369.32	48.90	68.80	54.41	3.98	3.98	1.00	1.00	3.98	1.00
2026-05-02 12:16:55.722	2397.16	38.00	68.80	54.56	4.02	4.02	1.00	1.00	4.02	1.00
2026-05-02 12:16:56.724	2382.69	33.10	68.80	54.94	3.99	3.99	1.00	1.00	3.99	1.00
2026-05-02 12:16:57.722	2384.61	33.90	69.00	54.50	4.01	4.01	1.00	1.00	4.01	1.00
2026-05-02 12:16:58.726	2381.45	35.70	69.10	54.53	3.98	3.98	1.00	1.00	3.98	1.00
2026-05-02 12:16:59.722	2389.86	24.40	69.20	54.41	4.02	4.02	1.00	1.00	4.02	1.00
2026-05-02 12:17:00.726	2372.04	28.20	69.20	54.28	3.98	3.98	1.00	1.00	3.98	1.00
2026-05-02 12:17:01.721	2398.06	27.60	69.20	54.44	4.02	4.02	1.01	1.01	4.02	1.01
2026-05-02 12:17:02.724	2382.82	44.10	69.50	55.16	3.99	3.99	1.00	1.00	3.99	1.00
2026-05-02 12:17:03.722	2357.93	61.50	70.60	55.16	4.01	4.01	1.00	1.00	4.01	1.00
2026-05-02 12:17:04.724	2342.76	55.40	72.40	55.03	3.99	3.99	1.00	1.00	3.99	1.00
2026-05-02 12:17:05.721	2373.62	54.00	73.30	54.91	4.01	4.01	1.00	1.00	4.01	1.00
2026-05-02 12:17:06.724	2378.76	55.10	74.50	55.00	3.99	3.99	1.00	1.00	3.99	1.00
2026-05-02 12:17:07.721	2387.40	46.80	74.60	55.28	4.01	4.01	1.00	1.00	4.01	1.00
2026-05-02 12:17:08.724	2362.33	66.70	75.20	55.16	3.99	3.99	1.00	1.00	3.99	1.00
2026-05-02 12:17:09.721	2379.55	48.70	75.70	55.00	4.01	4.01	1.00	1.00	4.01	1.00
2026-05-02 12:17:10.724	2363.12	40.40	75.90	55.00	3.99	3.99	1.00	1.00	3.99	1.00
2026-05-02 12:17:11.721	2384.87	51.60	76.20	54.91	4.01	4.01	1.00	1.00	4.01	1.00
2026-05-02 12:17:12.724	2368.76	40.20	76.30	54.81	3.99	3.99	1.00	1.00	3.99	1.00
2026-05-02 12:17:13.721	2389.69	39.10	76.40	54.88	4.01	4.01	1.00	1.00	4.01	1.00
2026-05-02 12:17:14.723	2371.50	41.60	76.40	54.88	3.99	3.99	1.00	1.00	3.99	1.00
2026-05-02 12:17:15.722	2378.03	39.00	76.50	54.78	4.01	4.01	1.00	1.00	4.01	1.00
2026-05-02 12:17:16.723	2388.16	38.30	76.50	54.91	3.99	3.99	1.00	1.00	3.99	1.00
2026-05-02 12:17:17.721	2360.23	38.10	76.60	54.97	4.01	4.01	1.00	1.00	4.01	1.00
2026-05-02 12:17:18.724	2341.90	37.00	76.60	55.31	3.99	3.99	1.00	1.00	3.99	1.00
2026-05-02 12:17:19.722	2370.51	38.10	76.60	54.88	4.01	4.01	1.00	1.00	4.01	1.00
2026-05-02 12:17:20.726	2366.68	25.50	76.60	54.84	3.98	3.98	1.00	1.00	3.98	1.00
2026-05-02 12:17:21.721	2399.47	51.30	76.30	55.12	4.02	4.02	1.00	1.00	4.02	1.00
2026-05-02 12:17:22.726	2374.16	23.20	76.30	54.53	3.98	3.98	1.00	1.00	3.98	1.00
2026-05-02 12:17:23.721	2397.71	28.60	76.30	54.81	4.02	4.02	1.00	1.00	4.02	1.00
2026-05-02 12:17:24.726	2368.83	28.10	76.30	54.72	3.98	3.98	1.00	1.00	3.98	1.00
2026-05-02 12:17:25.721	2377.18	23.60	76.30	54.66	4.02	4.02	1.00	1.00	4.02	1.00
2026-05-02 12:17:26.726	2370.26	30.80	76.30	54.62	3.98	3.98	1.00	1.00	3.98	1.00
2026-05-02 12:17:27.721	2389.79	22.10	76.30	54.66	4.02	4.02	1.00	1.00	4.02	1.00
2026-05-02 12:17:28.728	2378.45	27.90	76.30	54.59	3.97	3.97	0.99	0.99	3.97	0.99
2026-05-02 12:17:29.721	2408.39	27.80	76.20	54.66	4.03	4.03	1.01	1.01	4.03	1.01
2026-05-02 12:17:30.726	2378.19	23.40	76.20	54.72	3.98	3.98	1.00	1.00	3.98	1.00
2026-05-02 12:17:31.721	2417.76	25.00	76.20	54.47	4.02	4.02	1.00	1.00	4.02	1.00
2026-05-02 12:17:32.726	2365.64	23.80	76.20	54.44	3.98	3.98	0.99	0.99	3.98	0.99
2026-05-02 12:17:33.721	2395.01	22.40	76.20	54.50	4.02	4.02	1.01	1.01	4.02	1.01
2026-05-02 12:17:34.726	2380.02	23.20	76.20	54.78	3.98	3.98	0.99	0.99	3.98	0.99
2026-05-02 12:17:35.721	2409.78	23.70	76.20	54.53	4.02	4.02	1.00	1.00	4.02	1.00
2026-05-02 12:17:36.726	2388.23	23.60	76.20	54.59	3.98	3.98	1.00	1.00	3.98	1.00
2026-05-02 12:17:37.721	2415.15	23.80	76.20	54.41	4.02	4.02	1.00	1.00	4.02	1.00
2026-05-02 12:17:38.724	2393.79	28.50	76.20	54.72	3.99	3.99	1.00	1.00	3.99	1.00
2026-05-02 12:17:39.721	2407.30	31.50	76.20	54.66	4.01	4.01	1.00	1.00	4.01	1.00
2026-05-02 12:17:40.726	2389.59	24.50	76.20	54.66	3.98	3.98	0.99	0.99	3.98	0.99
2026-05-02 12:17:41.721	2410.51	22.10	76.20	54.38	4.02	4.02	1.01	1.01	4.02	1.01
2026-05-02 12:17:42.726	2393.71	22.60	76.20	54.66	3.98	3.98	0.99	0.99	3.98	0.99
2026-05-02 12:17:43.721	2406.11	22.90	76.20	54.72	4.02	4.02	1.01	1.01	4.02	1.01
2026-05-02 12:17:44.726	2388.25	22.50	76.20	54.50	3.98	3.98	1.00	1.00	3.98	1.00
2026-05-02 12:17:45.721	2405.68	24.00	76.20	54.44	4.02	4.02	1.00	1.00	4.02	1.00
2026-05-02 12:17:46.726	2398.21	23.30	76.20	54.75	3.98	3.98	1.00	1.00	3.98	1.00
2026-05-02 12:17:47.721	2408.04	21.90	76.20	54.53	4.02	4.02	1.01	1.01	4.02	1.01
2026-05-02 12:17:48.726	2373.34	23.50	76.20	54.53	3.98	3.98	0.99	0.99	3.98	0.99
2026-05-02 12:17:49.721	2411.16	32.80	76.20	54.69	4.02	4.02	1.01	1.01	4.02	1.01
2026-05-02 12:17:50.726	2358.36	23.80	76.20	54.44	3.98	3.98	1.00	1.00	3.98	1.00
2026-05-02 12:17:51.721	2383.75	30.10	76.30	54.50	4.02	4.02	1.00	1.00	4.02	1.00
2026-05-02 12:17:52.727	2382.20	21.90	76.30	54.56	3.98	3.98	0.99	0.99	3.98	0.99
2026-05-02 12:17:53.721	2415.71	23.30	76.30	54.34	4.02	4.02	1.01	1.01	4.02	1.01
2026-05-02 12:17:54.726	2373.34	24.00	76.30	54.59	3.98	3.98	0.99	0.99	3.98	0.99
2026-05-02 12:17:55.721	2412.32	29.80	76.30	54.88	4.02	4.02	1.01	1.01	4.02	1.01
2026-05-02 12:17:56.726	2374.49	30.30	76.50	54.69	3.98	3.98	1.00	1.00	3.98	1.00
2026-05-02 12:17:57.721	2397.39	40.80	76.50	54.66	4.02	4.02	1.00	1.00	4.02	1.00
2026-05-02 12:17:58.728	2376.81	39.30	76.40	54.91	3.97	3.97	0.99	0.99	3.97	0.99
2026-05-02 12:17:59.721	2413.44	37.00	76.50	54.84	4.03	4.03	1.01	1.01	4.03	1.01
2026-05-02 12:18:00.726	2370.99	34.40	76.40	54.53	3.98	3.98	1.00	1.00	3.98	1.00
2026-05-02 12:18:01.722	2392.18	32.20	76.40	54.66	4.02	4.02	1.00	1.00	4.02	1.00
2026-05-02 12:18:02.728	2373.69	36.60	76.40	54.97	3.98	3.98	0.99	0.99	3.98	0.99
2026-05-02 12:18:03.721	2391.26	38.20	76.40	54.59	4.03	4.03	1.01	1.01	4.03	1.01
2026-05-02 12:18:04.724	2364.11	36.30	77.00	54.81	3.99	3.99	1.00	1.00	3.99	1.00
2026-05-02 12:18:05.721	2390.57	64.50	77.90	55.00	4.01	4.01	1.00	1.00	4.01	1.00
2026-05-02 12:18:06.727	2387.01	30.90	77.90	54.59	3.98	3.98	0.99	0.99	3.98	0.99
2026-05-02 12:18:07.721	2384.18	39.30	78.30	55.03	4.02	4.02	1.01	1.01	4.02	1.01
2026-05-02 12:18:08.726	2372.46	26.80	78.30	54.66	3.98	3.98	1.00	1.00	3.98	1.00
2026-05-02 12:18:09.721	2380.83	24.80	78.30	54.78	4.02	4.02	1.01	1.01	4.02	1.01
2026-05-02 12:18:10.725	2364.44	37.90	78.30	54.91	3.98	3.98	1.00	1.00	3.98	1.00
2026-05-02 12:18:11.721	2403.68	24.90	78.40	54.75	4.02	4.02	1.00	1.00	4.02	1.00
2026-05-02 12:18:12.726	2361.33	21.60	78.40	54.59	3.98	3.98	0.99	0.99	3.98	0.99
2026-05-02 12:18:13.721	2368.26	24.70	78.30	54.56	4.02	4.02	1.01	1.01	4.02	1.01
2026-05-02 12:18:14.726	2354.44	28.90	78.30	54.66	3.98	3.98	1.00	1.00	3.98	1.00
2026-05-02 12:18:15.721	2374.14	27.40	78.30	54.44	4.02	4.02	1.01	1.01	4.02	1.01
2026-05-02 12:18:16.726	2363.18	27.80	78.30	54.81	3.98	3.98	0.99	0.99	3.98	0.99
2026-05-02 12:18:17.721	2392.61	26.90	78.30	54.69	4.02	4.02	1.01	1.01	4.02	1.01
2026-05-02 12:18:18.726	2356.86	26.00	78.30	54.56	3.98	3.98	1.00	1.00	3.98	1.00
2026-05-02 12:18:19.721	2387.30	24.80	78.30	54.69	4.02	4.02	1.00	1.00	4.02	1.00
2026-05-02 12:18:20.728	2354.82	33.10	78.30	54.78	3.97	3.97	0.99	0.99	3.97	0.99
2026-05-02 12:18:21.721	2393.39	23.20	78.20	54.84	4.03	4.03	1.01	1.01	4.03	1.01
2026-05-02 12:18:22.726	2364.79	23.90	78.20	54.72	3.98	3.98	1.00	1.00	3.98	1.00
2026-05-02 12:18:23.721	2389.86	21.00	78.20	54.50	4.02	4.02	1.00	1.00	4.02	1.00
2026-05-02 12:18:24.726	2375.13	22.00	78.20	54.47	3.98	3.98	0.99	0.99	3.98	0.99
2026-05-02 12:18:25.721	2384.48	24.40	78.20	54.72	4.02	4.02	1.01	1.01	4.02	1.01
2026-05-02 12:18:26.726	2368.31	24.70	78.20	54.38	3.98	3.98	1.00	1.00	3.98	1.00
2026-05-02 12:18:27.721	2379.71	22.00	78.20	54.69	4.02	4.02	1.00	1.00	4.02	1.00
2026-05-02 12:18:28.727	2361.16	23.30	78.20	54.66	3.98	3.98	0.99	0.99	3.98	0.99
2026-05-02 12:18:29.723	2381.03	36.80	78.30	54.91	4.02	4.02	1.00	1.00	4.02	1.00
2026-05-02 12:18:30.727	2386.96	48.30	78.50	54.66	3.98	3.98	1.00	1.00	3.98	1.00
2026-05-02 12:18:31.721	2401.38	27.10	78.50	54.75	4.02	4.02	1.01	1.01	4.02	1.01
2026-05-02 12:18:32.724	2366.39	34.90	78.60	54.94	3.99	3.99	1.00	1.00	3.99	1.00
2026-05-02 12:18:33.721	2386.55	43.00	80.00	54.81	4.01	4.01	1.00	1.00	4.01	1.00
2026-05-02 12:18:34.726	2380.48	43.90	81.40	55.12	3.98	3.98	1.00	1.00	3.98	1.00
2026-05-02 12:18:35.722	2391.42	48.40	82.80	55.19	4.02	4.02	1.00	1.00	4.02	1.00
2026-05-02 12:18:36.724	2394.22	43.70	83.60	55.06	3.99	3.99	1.00	1.00	3.99	1.00
2026-05-02 12:18:37.721	2405.28	23.50	83.60	54.62	4.01	4.01	1.00	1.00	4.01	1.00
2026-05-02 12:18:38.729	2375.20	28.20	83.00	54.91	3.97	3.97	0.99	0.99	3.97	0.99
2026-05-02 12:18:39.721	2406.54	37.30	83.00	54.59	4.03	4.03	1.01	1.01	4.03	1.01
2026-05-02 12:18:40.726	2364.52	33.90	83.00	54.69	3.98	3.98	1.00	1.00	3.98	1.00
2026-05-02 12:18:41.721	2407.80	36.50	83.10	55.28	4.02	4.02	1.00	1.00	4.02	1.00
2026-05-02 12:18:42.726	2382.11	38.20	83.40	54.66	3.98	3.98	1.00	1.00	3.98	1.00
2026-05-02 12:18:43.721	2414.59	27.90	83.40	55.00	4.02	4.02	1.01	1.01	4.02	1.01
2026-05-02 12:18:44.726	2381.95	26.00	83.40	54.81	3.98	3.98	0.99	0.99	3.98	0.99
2026-05-02 12:18:45.721	2430.07	25.80	83.40	54.56	4.02	4.02	1.00	1.00	4.02	1.00
2026-05-02 12:18:46.726	2401.86	24.90	83.40	54.56	3.98	3.98	0.99	0.99	3.98	0.99
2026-05-02 12:18:47.721	2430.44	40.40	83.70	55.09	4.02	4.02	1.01	1.01	4.02	1.01
2026-05-02 12:18:48.724	2401.00	40.10	83.90	55.19	3.99	3.99	1.00	1.00	3.99	1.00
2026-05-02 12:18:49.721	2429.66	59.60	84.40	55.31	4.01	4.01	1.00	1.00	4.01	1.00
2026-05-02 12:18:50.724	2394.09	67.90	84.70	55.50	3.99	3.99	1.00	1.00	3.99	1.00
2026-05-02 12:18:51.723	2391.23	46.20	84.80	55.09	4.01	4.01	1.00	1.00	4.01	1.00
2026-05-02 12:18:52.724	2399.63	41.70	84.90	55.34	3.99	3.99	1.00	1.00	3.99	1.00
2026-05-02 12:18:53.721	2409.13	38.60	84.80	55.12	4.01	4.01	1.00	1.00	4.01	1.00
2026-05-02 12:18:54.727	2373.95	36.90	84.90	55.19	3.98	3.98	0.99	0.99	3.98	0.99
2026-05-02 12:18:55.722	2399.51	36.70	84.90	54.84	4.02	4.02	1.00	1.00	4.02	1.00
2026-05-02 12:18:56.724	2395.28	27.80	84.90	54.88	3.99	3.99	1.00	1.00	3.99	1.00
2026-05-02 12:18:57.721	2402.75	34.30	84.90	54.94	4.01	4.01	1.00	1.00	4.01	1.00
2026-05-02 12:18:58.726	2384.79	24.50	84.90	54.81	3.98	3.98	0.99	0.99	3.98	0.99
2026-05-02 12:18:59.722	2420.89	26.40	84.90	55.03	4.02	4.02	1.00	1.00	4.02	1.00
2026-05-02 12:19:00.724	2390.99	43.70	84.90	55.22	3.99	3.99	1.00	1.00	3.99	1.00
2026-05-02 12:19:01.721	2409.48	33.40	84.80	54.84	4.01	4.01	1.00	1.00	4.01	1.00
2026-05-02 12:19:02.724	2379.93	36.60	84.90	54.84	3.99	3.99	1.00	1.00	3.99	1.00
2026-05-02 12:19:03.722	2392.79	35.30	84.90	55.28	4.01	4.01	1.00	1.00	4.01	1.00
2026-05-02 12:19:04.724	2375.17	57.10	84.30	55.75	3.99	3.99	1.00	1.00	3.99	1.00
2026-05-02 12:19:05.721	2388.99	55.10	84.20	55.03	4.01	4.01	1.00	1.00	4.01	1.00
2026-05-02 12:19:06.727	2372.78	30.30	84.20	55.19	3.98	3.98	0.99	0.99	3.98	0.99
2026-05-02 12:19:07.721	2391.75	36.50	84.30	55.09	4.02	4.02	1.01	1.01	4.02	1.01
2026-05-02 12:19:08.724	2356.41	45.80	84.60	55.53	3.99	3.99	1.00	1.00	3.99	1.00
2026-05-02 12:19:09.721	2384.22	34.90	84.80	55.00	4.01	4.01	1.00	1.00	4.01	1.00
2026-05-02 12:19:10.724	2377.13	45.20	85.10	55.31	3.99	3.99	1.00	1.00	3.99	1.00
2026-05-02 12:19:11.721	2390.11	37.70	84.80	55.28	4.01	4.01	1.00	1.00	4.01	1.00
2026-05-02 12:19:12.726	2360.34	34.20	82.80	54.97	3.98	3.98	1.00	1.00	3.98	1.00
2026-05-02 12:19:13.721	2383.57	26.10	82.80	54.81	4.02	4.02	1.00	1.00	4.02	1.00
2026-05-02 12:19:14.726	2348.33	29.20	82.80	55.12	3.98	3.98	1.00	1.00	3.98	1.00
2026-05-02 12:19:15.721	2375.11	27.60	82.80	54.97	4.02	4.02	1.01	1.01	4.02	1.01
2026-05-02 12:19:16.727	2350.80	28.40	82.80	54.84	3.98	3.98	0.99	0.99	3.98	0.99
2026-05-02 12:19:17.721	2374.87	27.80	82.80	55.28	4.02	4.02	1.01	1.01	4.02	1.01
2026-05-02 12:19:18.727	2333.73	35.20	82.80	54.84	3.98	3.98	0.99	0.99	3.98	0.99
2026-05-02 12:19:19.722	2357.14	29.30	82.30	55.12	4.02	4.02	1.01	1.01	4.02	1.01
2026-05-02 12:19:20.724	2353.66	36.90	82.30	55.34	3.99	3.99	1.00	1.00	3.99	1.00
2026-05-02 12:19:21.721	2373.35	26.50	82.30	54.78	4.01	4.01	1.00	1.00	4.01	1.00
2026-05-02 12:19:22.726	2344.82	25.60	82.30	54.84	3.98	3.98	1.00	1.00	3.98	1.00
2026-05-02 12:19:23.721	2369.26	25.30	82.30	55.12	4.02	4.02	1.00	1.00	4.02	1.00
2026-05-02 12:19:24.726	2340.57	26.00	82.30	54.78	3.98	3.98	1.00	1.00	3.98	1.00
2026-05-02 12:19:25.721	2383.68	28.60	82.30	54.84	4.02	4.02	1.00	1.00	4.02	1.00
2026-05-02 12:19:26.727	2361.09	26.20	82.30	54.91	3.98	3.98	0.99	0.99	3.98	0.99
2026-05-02 12:19:27.721	2381.08	25.90	82.30	54.69	4.02	4.02	1.01	1.01	4.02	1.01
2026-05-02 12:19:28.727	2352.97	25.90	82.30	54.84	3.98	3.98	0.99	0.99	3.98	0.99
2026-05-02 12:19:29.721	2382.05	28.20	82.30	54.91	4.02	4.02	1.01	1.01	4.02	1.01
2026-05-02 12:19:30.724	2363.06	43.00	82.40	55.38	3.99	3.99	1.00	1.00	3.99	1.00
2026-05-02 12:19:31.722	2375.16	26.70	82.40	55.03	4.01	4.01	1.00	1.00	4.01	1.00
2026-05-02 12:19:32.726	2357.54	25.20	82.40	54.88	3.98	3.98	1.00	1.00	3.98	1.00
2026-05-02 12:19:33.721	2385.83	25.80	82.40	54.94	4.02	4.02	1.00	1.00	4.02	1.00
2026-05-02 12:19:34.726	2352.65	26.30	82.40	54.78	3.98	3.98	1.00	1.00	3.98	1.00
2026-05-02 12:19:35.721	2387.90	23.60	82.40	54.84	4.02	4.02	1.01	1.01	4.02	1.01
2026-05-02 12:19:36.726	2361.02	25.00	82.40	54.97	3.98	3.98	0.99	0.99	3.98	0.99
2026-05-02 12:19:37.721	2399.09	24.70	82.40	54.69	4.02	4.02	1.01	1.01	4.02	1.01
2026-05-02 12:19:38.726	2357.55	25.40	82.40	54.88	3.98	3.98	0.99	0.99	3.98	0.99
2026-05-02 12:19:39.721	2386.71	26.70	82.40	55.03	4.02	4.02	1.01	1.01	4.02	1.01
2026-05-02 12:19:40.727	2366.39	31.10	82.40	54.81	3.98	3.98	0.99	0.99	3.98	0.99
2026-05-02 12:19:41.721	2381.58	27.80	82.40	54.84	4.02	4.02	1.01	1.01	4.02	1.01
2026-05-02 12:19:42.726	2365.25	44.20	81.60	55.06	3.98	3.98	0.99	0.99	3.98	0.99
2026-05-02 12:19:43.721	2409.12	43.40	81.50	54.84	4.02	4.02	1.01	1.01	4.02	1.01
2026-05-02 12:19:44.725	2367.41	23.50	81.50	55.12	3.99	3.99	1.00	1.00	3.99	1.00
2026-05-02 12:19:45.721	2402.42	25.10	81.50	55.00	4.01	4.01	1.00	1.00	4.01	1.00
2026-05-02 12:19:46.727	2374.99	25.00	81.50	54.84	3.98	3.98	0.99	0.99	3.98	0.99
2026-05-02 12:19:47.721	2393.04	24.30	81.50	54.78	4.02	4.02	1.01	1.01	4.02	1.01
2026-05-02 12:19:48.726	2382.36	24.50	81.50	54.88	3.98	3.98	1.00	1.00	3.98	1.00
2026-05-02 12:19:49.721	2397.90	25.30	81.50	54.78	4.02	4.02	1.00	1.00	4.02	1.00
2026-05-02 12:19:50.727	2372.07	25.80	81.50	54.88	3.98	3.98	0.99	0.99	3.98	0.99
2026-05-02 12:19:51.721	2410.28	34.50	81.50	55.03	4.02	4.02	1.01	1.01	4.02	1.01
2026-05-02 12:19:52.726	2378.14	24.50	81.50	55.12	3.98	3.98	1.00	1.00	3.98	1.00
2026-05-02 12:19:53.721	2411.98	22.90	81.50	54.75	4.02	4.02	1.00	1.00	4.02	1.00
2026-05-02 12:19:54.727	2393.85	31.30	81.50	54.94	3.98	3.98	0.99	0.99	3.98	0.99
2026-05-02 12:19:55.721	2423.79	24.30	81.50	54.97	4.02	4.02	1.01	1.01	4.02	1.01
2026-05-02 12:19:56.726	2370.45	21.90	81.50	54.94	3.98	3.98	1.00	1.00	3.98	1.00
2026-05-02 12:19:57.721	2398.29	22.10	81.50	54.78	4.02	4.02	1.01	1.01	4.02	1.01
2026-05-02 12:19:58.728	2384.65	23.50	81.50	55.25	3.97	3.97	0.99	0.99	3.97	0.99
2026-05-02 12:19:59.721	2437.41	25.30	81.50	54.78	4.03	4.03	1.01	1.01	4.03	1.01
2026-05-02 12:20:00.726	2378.19	27.80	81.50	54.81	3.98	3.98	1.00	1.00	3.98	1.00
2026-05-02 12:20:01.721	2409.71	35.30	81.50	55.19	4.02	4.02	1.00	1.00	4.02	1.00
2026-05-02 12:20:02.726	2393.77	24.10	81.50	54.84	3.98	3.98	0.99	0.99	3.98	0.99
2026-05-02 12:20:03.721	2400.53	23.00	81.50	54.84	4.02	4.02	1.01	1.01	4.02	1.01
2026-05-02 12:20:04.726	2403.17	29.10	81.50	54.84	3.98	3.98	0.99	0.99	3.98	0.99
2026-05-02 12:20:05.721	2404.43	30.90	81.60	54.81	4.02	4.02	1.01	1.01	4.02	1.01
2026-05-02 12:20:06.726	2379.84	38.40	81.60	55.03	3.98	3.98	0.99	0.99	3.98	0.99
2026-05-02 12:20:07.721	2402.39	28.60	81.60	55.06	4.02	4.02	1.01	1.01	4.02	1.01
2026-05-02 12:20:08.726	2398.45	25.80	81.60	54.97	3.98	3.98	1.00	1.00	3.98	1.00
2026-05-02 12:20:09.721	2414.23	27.10	81.60	54.91	4.02	4.02	1.01	1.01	4.02	1.01
2026-05-02 12:20:10.726	2385.90	28.80	81.60	54.84	3.98	3.98	0.99	0.99	3.98	0.99
2026-05-02 12:20:11.721	2406.85	29.50	81.60	54.88	4.02	4.02	1.00	1.00	4.02	1.00
2026-05-02 12:20:12.726	2380.16	29.90	81.60	55.00	3.98	3.98	1.00	1.00	3.98	1.00
2026-05-02 12:20:13.721	2402.77	25.20	81.60	54.81	4.02	4.02	1.01	1.01	4.02	1.01
2026-05-02 12:20:14.728	2374.88	26.70	81.60	55.12	3.97	3.97	0.99	0.99	3.97	0.99
2026-05-02 12:20:15.721	2433.73	25.00	81.60	55.03	4.03	4.03	1.01	1.01	4.03	1.01
2026-05-02 12:20:16.726	2417.36	24.40	81.60	54.75	3.98	3.98	0.99	0.99	3.98	0.99
2026-05-02 12:20:17.721	2424.86	24.70	81.60	54.84	4.02	4.02	1.01	1.01	4.02	1.01
2026-05-02 12:20:18.726	2381.89	36.50	81.60	55.03	3.98	3.98	0.99	0.99	3.98	0.99
2026-05-02 12:20:19.721	2399.85	27.80	81.60	54.91	4.02	4.02	1.00	1.00	4.02	1.00
2026-05-02 12:20:20.726	2373.88	26.60	81.60	54.75	3.98	3.98	0.99	0.99	3.98	0.99
2026-05-02 12:20:21.721	2390.32	24.40	81.60	54.94	4.02	4.02	1.01	1.01	4.02	1.01
2026-05-02 12:20:22.726	2391.89	29.40	81.60	54.78	3.98	3.98	0.99	0.99	3.98	0.99
2026-05-02 12:20:23.722	2382.99	25.20	81.60	54.88	4.02	4.02	1.00	1.00	4.02	1.00
2026-05-02 12:20:24.726	2377.23	25.90	81.60	55.00	3.98	3.98	1.00	1.00	3.98	1.00
2026-05-02 12:20:25.722	2390.55	28.10	81.60	54.91	4.02	4.02	1.00	1.00	4.02	1.00
2026-05-02 12:20:26.726	2375.17	26.80	81.60	54.81	3.98	3.98	1.00	1.00	3.98	1.00
2026-05-02 12:20:27.721	2384.62	25.10	81.60	54.91	4.02	4.02	1.01	1.01	4.02	1.01
2026-05-02 12:20:28.726	2359.07	26.40	81.60	54.88	3.98	3.98	0.99	0.99	3.98	0.99
2026-05-02 12:20:29.722	2387.39	29.70	81.60	54.94	4.02	4.02	1.00	1.00	4.02	1.00
2026-05-02 12:20:30.727	2358.36	33.70	81.60	54.88	3.98	3.98	1.00	1.00	3.98	1.00
2026-05-02 12:20:31.721	2388.93	24.70	81.60	54.97	4.02	4.02	1.01	1.01	4.02	1.01
2026-05-02 12:20:32.725	2359.94	32.20	81.60	55.25	3.98	3.98	1.00	1.00	3.98	1.00
2026-05-02 12:20:33.721	2379.90	28.10	81.60	54.88	4.02	4.02	1.00	1.00	4.02	1.00
2026-05-02 12:20:34.727	2361.28	25.70	81.60	55.19	3.98	3.98	0.99	0.99	3.98	0.99
2026-05-02 12:20:35.721	2383.66	26.30	81.60	54.78	4.02	4.02	1.01	1.01	4.02	1.01
2026-05-02 12:20:36.728	2360.03	31.50	81.60	55.09	3.97	3.97	0.99	0.99	3.97	0.99
2026-05-02 12:20:37.721	2371.17	28.80	81.60	55.00	4.03	4.03	1.01	1.01	4.03	1.01
2026-05-02 12:20:38.726	2363.75	30.30	81.60	54.88	3.98	3.98	0.99	0.99	3.98	0.99
2026-05-02 12:20:39.721	2382.66	43.70	81.60	55.34	4.02	4.02	1.01	1.01	4.02	1.01
2026-05-02 12:20:40.724	2372.20	35.80	81.60	55.06	3.99	3.99	1.00	1.00	3.99	1.00
2026-05-02 12:20:41.721	2376.06	31.20	81.60	55.12	4.01	4.01	1.00	1.00	4.01	1.00
2026-05-02 12:20:42.726	2375.24	34.00	81.60	54.94	3.98	3.98	0.99	0.99	3.98	0.99
2026-05-02 12:20:43.721	2384.52	49.80	81.80	55.34	4.02	4.02	1.01	1.01	4.02	1.01
