[System]
Platform=SEANO USV
Start_Time=2026-03-26 15:51:43
Timezone=WIB

[Sensor]
Name=CTD

[Columns]
Timestamp(WIB)	Depth	Temp	Cond	Salinity	Density	SoundVel

[Data]
2026-03-26 15:51:46.784	3.008	28.065	4.21	32.467	1020.596	1534.813
2026-03-26 15:51:47.784	3.072	28.089	4.217	32.495	1020.616	1535.01
2026-03-26 15:51:48.782	3.203	28.107	4.215	32.464	1020.591	1535.086
2026-03-26 15:51:49.782	3.258	28.105	4.221	32.496	1020.618	1535.042
2026-03-26 15:51:50.784	3.343	28.044	4.215	32.467	1020.657	1534.935
2026-03-26 15:51:51.785	3.386	28.056	4.225	32.49	1020.675	1534.984
2026-03-26 15:51:52.783	3.419	28.097	4.233	32.454	1020.588	1534.974
2026-03-26 15:51:53.783	3.407	28.062	4.229	32.49	1020.628	1534.956
2026-03-26 15:51:54.785	3.388	28.112	4.238	32.471	1020.603	1535.023
2026-03-26 15:51:55.783	3.367	28.134	4.23	32.46	1020.613	1535.172
2026-03-26 15:51:56.783	3.352	28.121	4.232	32.453	1020.585	1535.116
2026-03-26 15:51:57.785	3.313	28.099	4.233	32.447	1020.598	1535.01
2026-03-26 15:51:58.783	3.313	28.108	4.24	32.456	1020.618	1535.133
2026-03-26 15:51:59.782	3.257	28.136	4.236	32.452	1020.614	1535.13
2026-03-26 15:52:00.786	3.233	28.149	4.242	32.424	1020.599	1535.158
2026-03-26 15:52:01.785	3.232	28.171	4.234	32.419	1020.571	1535.073
2026-03-26 15:52:02.783	3.179	28.161	4.249	32.425	1020.57	1535.16
2026-03-26 15:52:03.785	3.161	28.192	4.239	32.404	1020.513	1535.275
2026-03-26 15:52:04.788	3.142	28.222	4.253	32.407	1020.528	1535.274
2026-03-26 15:52:05.789	3.132	28.193	4.256	32.39	1020.499	1535.149
2026-03-26 15:52:06.785	3.082	28.196	4.237	32.366	1020.525	1535.236
2026-03-26 15:52:07.786	3.08	28.248	4.252	32.357	1020.473	1535.202
2026-03-26 15:52:08.785	3.084	28.204	4.248	32.354	1020.467	1535.185
2026-03-26 15:52:09.784	3.04	28.247	4.258	32.347	1020.507	1535.28
2026-03-26 15:52:10.783	2.99	28.258	4.243	32.354	1020.49	1535.194
2026-03-26 15:52:11.785	2.983	28.27	4.253	32.334	1020.483	1535.296
2026-03-26 15:52:12.783	2.938	28.251	4.241	32.318	1020.449	1535.155
2026-03-26 15:52:13.784	2.911	28.274	4.252	32.313	1020.433	1535.279
2026-03-26 15:52:14.783	2.823	28.29	4.254	32.29	1020.408	1535.21
2026-03-26 15:52:15.783	2.765	28.311	4.246	32.289	1020.384	1535.301
2026-03-26 15:52:16.783	2.702	28.319	4.249	32.272	1020.365	1535.282
2026-03-26 15:52:17.783	2.589	28.351	4.248	32.286	1020.379	1535.457
2026-03-26 15:52:18.788	2.478	28.338	4.248	32.255	1020.349	1535.217
2026-03-26 15:52:19.782	2.331	28.373	4.242	32.271	1020.349	1535.307
2026-03-26 15:52:20.783	2.152	28.413	4.251	32.242	1020.288	1535.467
2026-03-26 15:52:21.784	2.004	28.414	4.243	32.227	1020.285	1535.407
2026-03-26 15:52:22.783	1.831	28.478	4.247	32.247	1020.311	1535.557
2026-03-26 15:52:23.786	1.668	28.464	4.245	32.22	1020.242	1535.467
2026-03-26 15:52:24.783	1.53	28.501	4.241	32.191	1020.245	1535.587
2026-03-26 15:52:25.783	1.358	28.524	4.254	32.195	1020.22	1535.624
2026-03-26 15:52:26.785	1.16	28.592	4.239	32.192	1020.178	1535.728
2026-03-26 15:52:27.784	0.99	28.627	4.239	32.172	1020.141	1535.705
2026-03-26 15:52:28.783	0.828	28.61	4.243	32.174	1020.144	1535.715
2026-03-26 15:52:29.783	0.747	28.653	4.243	32.171	1020.167	1535.708
2026-03-26 15:52:30.783	0.577	28.678	4.235	32.137	1020.107	1535.814
2026-03-26 15:52:31.783	0.516	28.651	4.227	32.135	1020.101	1535.677
2026-03-26 15:52:32.790	0.416	28.66	4.238	32.158	1020.126	1535.614
2026-03-26 15:52:33.784	0.339	28.684	4.232	32.117	1020.049	1535.668
2026-03-26 15:52:34.782	0.314	28.73	4.228	32.11	1020.057	1535.881
2026-03-26 15:52:35.784	0.309	28.699	4.233	32.098	1020.044	1535.706
2026-03-26 15:52:36.783	0.325	28.727	4.234	32.09	1020.054	1535.759
2026-03-26 15:52:37.783	0.332	28.681	4.23	32.104	1020.079	1535.664
2026-03-26 15:52:38.782	0.389	28.7	4.217	32.082	1020.039	1535.796
2026-03-26 15:52:39.783	0.461	28.671	4.225	32.102	1020.051	1535.666
2026-03-26 15:52:40.783	0.544	28.644	4.216	32.071	1020.024	1535.677
2026-03-26 15:52:41.783	0.619	28.666	4.21	32.081	1020.079	1535.627
2026-03-26 15:52:42.783	0.672	28.631	4.21	32.055	1020.024	1535.52
2026-03-26 15:52:43.782	0.759	28.64	4.204	32.052	1020.029	1535.631
2026-03-26 15:52:44.783	0.828	28.594	4.201	32.056	1020.084	1535.562
2026-03-26 15:52:45.782	0.929	28.607	4.193	32.037	1020.049	1535.458
2026-03-26 15:52:46.783	1.017	28.6	4.193	32.062	1020.097	1535.569
2026-03-26 15:52:47.784	1.098	28.586	4.197	32.041	1020.061	1535.422
2026-03-26 15:52:48.783	1.162	28.577	4.196	32.031	1020.041	1535.421
2026-03-26 15:52:49.782	1.273	28.516	4.188	32.028	1020.089	1535.338
2026-03-26 15:52:50.786	1.319	28.5	4.176	32.023	1020.103	1535.191
2026-03-26 15:52:51.783	1.347	28.51	4.181	32.022	1020.075	1535.339
2026-03-26 15:52:52.784	1.432	28.519	4.189	32.022	1020.074	1535.259
2026-03-26 15:52:53.783	1.476	28.479	4.171	32.028	1020.073	1535.181
2026-03-26 15:52:54.783	1.513	28.453	4.177	32.014	1020.082	1535.065
2026-03-26 15:52:55.786	1.543	28.457	4.174	32.012	1020.07	1535.219
2026-03-26 15:52:56.783	1.619	28.469	4.169	31.985	1020.1	1535.19
2026-03-26 15:52:57.787	1.672	28.433	4.174	32.016	1020.138	1535.185
2026-03-26 15:52:58.782	1.757	28.395	4.158	31.997	1020.128	1535.107
2026-03-26 15:52:59.782	1.794	28.434	4.171	31.98	1020.072	1535.2
2026-03-26 15:53:00.782	1.937	28.393	4.154	31.996	1020.098	1534.991
2026-03-26 15:53:01.783	2.026	28.375	4.149	31.988	1020.131	1534.944
2026-03-26 15:53:02.783	2.106	28.365	4.151	31.997	1020.154	1534.991
2026-03-26 15:53:03.786	2.2	28.314	4.15	31.983	1020.145	1534.786
2026-03-26 15:53:04.783	2.377	28.272	4.147	31.956	1020.159	1534.668
2026-03-26 15:53:05.786	2.506	28.251	4.153	31.984	1020.173	1534.737
2026-03-26 15:53:06.784	2.649	28.256	4.152	31.95	1020.144	1534.773
2026-03-26 15:53:07.784	2.787	28.227	4.139	31.968	1020.179	1534.72
2026-03-26 15:53:08.783	2.949	28.202	4.151	31.956	1020.201	1534.633
2026-03-26 15:53:09.784	3.078	28.162	4.132	31.93	1020.186	1534.475
2026-03-26 15:53:10.783	3.235	28.135	4.142	31.949	1020.211	1534.417
2026-03-26 15:53:11.784	3.351	28.073	4.134	31.924	1020.231	1534.365
2026-03-26 15:53:12.784	3.455	28.075	4.131	31.931	1020.209	1534.388
2026-03-26 15:53:13.783	3.533	28.045	4.134	31.945	1020.23	1534.347
2026-03-26 15:53:14.783	3.668	28.033	4.131	31.915	1020.196	1534.161
2026-03-26 15:53:15.782	3.714	28.037	4.128	31.919	1020.238	1534.287
2026-03-26 15:53:16.782	3.751	28.022	4.141	31.918	1020.213	1534.309
2026-03-26 15:53:17.782	3.803	27.995	4.143	31.916	1020.258	1534.094
2026-03-26 15:53:18.783	3.787	27.975	4.138	31.906	1020.238	1534.154
2026-03-26 15:53:19.783	3.805	28.0	4.132	31.89	1020.243	1534.168
2026-03-26 15:53:20.782	3.743	27.989	4.128	31.876	1020.231	1534.05
2026-03-26 15:53:21.784	3.652	27.953	4.136	31.875	1020.19	1533.897
2026-03-26 15:53:22.782	3.609	27.988	4.137	31.886	1020.201	1534.133
2026-03-26 15:53:23.783	3.488	27.971	4.135	31.874	1020.202	1534.022
2026-03-26 15:53:24.784	3.402	27.976	4.136	31.846	1020.183	1534.058
2026-03-26 15:53:25.783	3.283	28.023	4.137	31.833	1020.16	1534.068
2026-03-26 15:53:26.783	3.113	27.997	4.146	31.835	1020.123	1533.862
2026-03-26 15:53:27.784	3.0	28.043	4.146	31.822	1020.126	1534.083
2026-03-26 15:53:28.783	2.897	28.046	4.153	31.829	1020.123	1534.116
2026-03-26 15:53:29.783	2.742	28.038	4.143	31.819	1020.088	1534.067
2026-03-26 15:53:30.783	2.619	28.044	4.139	31.79	1020.082	1534.025
2026-03-26 15:53:31.784	2.476	28.058	4.142	31.809	1020.043	1534.001
2026-03-26 15:53:32.783	2.368	28.1	4.153	31.774	1020.057	1533.939
2026-03-26 15:53:33.786	2.287	28.114	4.161	31.763	1020.0	1534.129
2026-03-26 15:53:34.784	2.156	28.099	4.155	31.773	1020.027	1533.967
2026-03-26 15:53:35.788	2.111	28.089	4.156	31.766	1019.995	1533.895
2026-03-26 15:53:36.785	1.992	28.133	4.16	31.741	1019.964	1534.115
2026-03-26 15:53:37.782	1.932	28.102	4.161	31.742	1019.974	1533.828
2026-03-26 15:53:38.782	1.88	28.133	4.16	31.749	1020.002	1534.091
2026-03-26 15:53:39.783	1.841	28.148	4.172	31.72	1019.924	1533.92
2026-03-26 15:53:40.782	1.737	28.121	4.171	31.707	1019.917	1533.975
2026-03-26 15:53:41.784	1.693	28.154	4.182	31.689	1019.907	1533.913
2026-03-26 15:53:42.784	1.663	28.145	4.168	31.676	1019.924	1534.013
2026-03-26 15:53:43.785	1.614	28.098	4.17	31.694	1019.935	1533.799
2026-03-26 15:53:44.783	1.547	28.142	4.18	31.682	1019.908	1533.845
2026-03-26 15:53:45.783	1.481	28.152	4.18	31.664	1019.881	1533.796
2026-03-26 15:53:46.784	1.377	28.132	4.192	31.669	1019.909	1533.914
2026-03-26 15:53:47.785	1.297	28.171	4.184	31.65	1019.886	1533.793
2026-03-26 15:53:48.786	1.216	28.185	4.198	31.646	1019.861	1533.903
2026-03-26 15:53:49.782	1.122	28.195	4.196	31.619	1019.851	1533.881
2026-03-26 15:53:50.783	1.004	28.19	4.186	31.618	1019.824	1533.835
2026-03-26 15:53:51.782	0.932	28.156	4.193	31.613	1019.806	1533.832
2026-03-26 15:53:52.783	0.801	28.2	4.195	31.613	1019.776	1533.855
2026-03-26 15:53:53.783	0.673	28.227	4.202	31.606	1019.788	1533.789
2026-03-26 15:53:54.783	0.582	28.243	4.196	31.579	1019.76	1533.933
2026-03-26 15:53:55.782	0.525	28.213	4.203	31.559	1019.769	1533.783
2026-03-26 15:53:56.799	0.411	28.232	4.204	31.564	1019.723	1533.752
2026-03-26 15:53:57.792	0.329	28.261	4.211	31.558	1019.733	1533.824
2026-03-26 15:53:58.786	0.299	28.243	4.216	31.544	1019.725	1533.704
2026-03-26 15:53:59.783	0.247	28.227	4.21	31.537	1019.7	1533.784
2026-03-26 15:54:00.783	0.255	28.265	4.22	31.548	1019.708	1533.942
2026-03-26 15:54:01.783	0.244	28.265	4.216	31.56	1019.694	1533.932
2026-03-26 15:54:02.784	0.317	28.203	4.225	31.54	1019.734	1533.594
2026-03-26 15:54:03.782	0.369	28.205	4.228	31.52	1019.7	1533.715
2026-03-26 15:54:04.783	0.44	28.226	4.214	31.542	1019.711	1533.739
2026-03-26 15:54:05.783	0.51	28.17	4.225	31.526	1019.754	1533.549
2026-03-26 15:54:06.783	0.657	28.154	4.213	31.528	1019.758	1533.626
2026-03-26 15:54:07.782	0.747	28.156	4.223	31.536	1019.733	1533.56
2026-03-26 15:54:08.784	0.919	28.131	4.226	31.522	1019.776	1533.491
2026-03-26 15:54:09.786	1.043	28.083	4.222	31.531	1019.794	1533.363
2026-03-26 15:54:10.783	1.23	28.09	4.227	31.531	1019.79	1533.411
2026-03-26 15:54:11.784	1.383	28.066	4.235	31.515	1019.816	1533.412
2026-03-26 15:54:12.783	1.561	28.047	4.223	31.512	1019.819	1533.387
2026-03-26 15:54:13.783	1.723	28.015	4.234	31.533	1019.85	1533.296
2026-03-26 15:54:14.785	1.889	27.97	4.217	31.537	1019.857	1533.375
2026-03-26 15:54:15.783	2.047	27.97	4.221	31.538	1019.835	1533.335
2026-03-26 15:54:16.783	2.156	27.945	4.214	31.522	1019.831	1533.265
2026-03-26 15:54:17.782	2.281	27.893	4.229	31.518	1019.879	1533.102
2026-03-26 15:54:18.784	2.384	27.88	4.213	31.553	1019.903	1533.063
2026-03-26 15:54:19.783	2.532	27.851	4.216	31.548	1019.89	1533.186
2026-03-26 15:54:20.783	2.603	27.837	4.213	31.551	1019.901	1533.16
2026-03-26 15:54:21.784	2.689	27.844	4.225	31.552	1019.951	1533.09
2026-03-26 15:54:22.783	2.71	27.838	4.214	31.563	1019.927	1533.205
2026-03-26 15:54:23.783	2.775	27.848	4.224	31.558	1019.955	1533.206
2026-03-26 15:54:24.784	2.831	27.801	4.215	31.576	1019.966	1533.039
2026-03-26 15:54:25.782	2.879	27.815	4.225	31.572	1019.979	1533.185
2026-03-26 15:54:26.784	2.905	27.807	4.21	31.598	1020.009	1533.092
2026-03-26 15:54:27.783	2.93	27.837	4.207	31.615	1019.998	1533.164
2026-03-26 15:54:28.783	2.952	27.824	4.212	31.593	1019.958	1533.145
2026-03-26 15:54:29.783	2.957	27.802	4.209	31.639	1020.025	1533.078
2026-03-26 15:54:30.783	3.019	27.831	4.207	31.614	1020.018	1533.189
2026-03-26 15:54:31.782	3.047	27.832	4.202	31.657	1020.036	1533.346
2026-03-26 15:54:32.783	3.091	27.83	4.214	31.666	1020.015	1533.364
2026-03-26 15:54:33.785	3.112	27.787	4.198	31.66	1020.019	1533.253
2026-03-26 15:54:34.782	3.204	27.82	4.203	31.686	1020.043	1533.25
2026-03-26 15:54:35.783	3.268	27.773	4.213	31.705	1020.112	1533.217
2026-03-26 15:54:36.783	3.314	27.789	4.211	31.701	1020.091	1533.308
2026-03-26 15:54:37.784	3.349	27.811	4.193	31.726	1020.104	1533.325
2026-03-26 15:54:38.784	3.382	27.764	4.193	31.718	1020.126	1533.119
2026-03-26 15:54:39.784	3.467	27.791	4.194	31.746	1020.124	1533.297
2026-03-26 15:54:40.783	3.486	27.759	4.19	31.749	1020.13	1533.255
2026-03-26 15:54:41.785	3.485	27.787	4.196	31.789	1020.184	1533.393
2026-03-26 15:54:42.788	3.489	27.808	4.198	31.801	1020.173	1533.385
2026-03-26 15:54:43.784	3.54	27.772	4.191	31.795	1020.206	1533.323
2026-03-26 15:54:44.785	3.505	27.791	4.182	31.819	1020.179	1533.452
2026-03-26 15:54:45.788	3.46	27.814	4.187	31.853	1020.211	1533.477
2026-03-26 15:54:46.783	3.415	27.8	4.175	31.862	1020.217	1533.407
2026-03-26 15:54:47.783	3.31	27.845	4.181	31.85	1020.195	1533.679
2026-03-26 15:54:48.783	3.208	27.865	4.174	31.861	1020.167	1533.542
2026-03-26 15:54:49.784	3.102	27.91	4.17	31.893	1020.175	1533.867
2026-03-26 15:54:50.783	2.956	27.943	4.182	31.925	1020.195	1533.906
2026-03-26 15:54:51.783	2.851	27.917	4.171	31.919	1020.227	1533.713
2026-03-26 15:54:52.783	2.658	27.993	4.18	31.932	1020.205	1534.077
2026-03-26 15:54:53.787	2.5	28.012	4.178	31.97	1020.198	1534.09
2026-03-26 15:54:54.787	2.307	28.037	4.177	31.98	1020.229	1534.115
2026-03-26 15:54:55.786	2.142	28.097	4.175	31.992	1020.177	1534.277
2026-03-26 15:54:56.786	1.949	28.109	4.176	31.991	1020.196	1534.314
2026-03-26 15:54:57.787	1.744	28.13	4.176	31.994	1020.189	1534.265
2026-03-26 15:54:58.782	1.594	28.15	4.16	32.015	1020.15	1534.349
2026-03-26 15:54:59.783	1.461	28.192	4.165	32.044	1020.179	1534.404
2026-03-26 15:55:00.783	1.294	28.218	4.172	32.054	1020.185	1534.5
2026-03-26 15:55:01.782	1.166	28.277	4.155	32.051	1020.151	1534.692
2026-03-26 15:55:02.786	1.022	28.298	4.155	32.095	1020.194	1534.791
2026-03-26 15:55:03.784	0.926	28.294	4.159	32.103	1020.15	1534.711
2026-03-26 15:55:04.788	0.879	28.333	4.156	32.098	1020.167	1534.892
2026-03-26 15:55:05.783	0.832	28.339	4.166	32.118	1020.145	1534.76
2026-03-26 15:55:06.784	0.767	28.337	4.151	32.13	1020.176	1534.856
2026-03-26 15:55:07.783	0.699	28.375	4.149	32.139	1020.15	1535.02
2026-03-26 15:55:08.783	0.679	28.41	4.155	32.156	1020.178	1535.111
2026-03-26 15:55:09.782	0.706	28.407	4.15	32.151	1020.187	1535.121
2026-03-26 15:55:10.782	0.694	28.404	4.155	32.172	1020.219	1535.043
2026-03-26 15:55:11.784	0.689	28.403	4.148	32.157	1020.198	1535.132
2026-03-26 15:55:12.783	0.747	28.42	4.156	32.174	1020.176	1535.049
2026-03-26 15:55:13.783	0.737	28.387	4.157	32.197	1020.192	1534.99
2026-03-26 15:55:14.783	0.742	28.407	4.152	32.201	1020.228	1535.037
2026-03-26 15:55:15.782	0.76	28.406	4.144	32.227	1020.225	1535.22
2026-03-26 15:55:16.787	0.807	28.438	4.158	32.215	1020.195	1535.181
2026-03-26 15:55:17.782	0.798	28.459	4.16	32.241	1020.24	1535.367
2026-03-26 15:55:18.785	0.814	28.423	4.159	32.231	1020.216	1535.218
2026-03-26 15:55:19.782	0.841	28.421	4.157	32.25	1020.253	1535.196
2026-03-26 15:55:20.784	0.797	28.465	4.154	32.228	1020.23	1535.349
2026-03-26 15:55:21.782	0.786	28.49	4.157	32.243	1020.214	1535.437
2026-03-26 15:55:22.783	0.816	28.489	4.145	32.247	1020.216	1535.331
2026-03-26 15:55:23.785	0.838	28.444	4.149	32.273	1020.249	1535.399
2026-03-26 15:55:24.783	0.8	28.482	4.163	32.274	1020.235	1535.453
2026-03-26 15:55:25.783	0.841	28.478	4.166	32.262	1020.229	1535.496
2026-03-26 15:55:26.783	0.854	28.466	4.147	32.25	1020.23	1535.355
2026-03-26 15:55:27.783	0.861	28.489	4.16	32.258	1020.252	1535.529
2026-03-26 15:55:28.783	0.945	28.465	4.162	32.284	1020.28	1535.428
2026-03-26 15:55:29.783	0.998	28.515	4.167	32.276	1020.25	1535.587
2026-03-26 15:55:30.786	1.066	28.5	4.153	32.277	1020.269	1535.449
2026-03-26 15:55:31.783	1.178	28.456	4.165	32.3	1020.321	1535.431
2026-03-26 15:55:32.787	1.262	28.445	4.172	32.276	1020.288	1535.422
2026-03-26 15:55:33.784	1.387	28.477	4.169	32.297	1020.316	1535.616
2026-03-26 15:55:34.785	1.517	28.457	4.174	32.293	1020.318	1535.531
2026-03-26 15:55:35.783	1.686	28.425	4.174	32.287	1020.302	1535.367
2026-03-26 15:55:36.783	1.867	28.369	4.16	32.293	1020.344	1535.224
2026-03-26 15:55:37.784	2.011	28.399	4.165	32.306	1020.339	1535.392
2026-03-26 15:55:38.782	2.172	28.357	4.174	32.307	1020.393	1535.284
2026-03-26 15:55:39.783	2.4	28.354	4.179	32.308	1020.391	1535.396
2026-03-26 15:55:40.783	2.569	28.339	4.177	32.275	1020.367	1535.327
2026-03-26 15:55:41.783	2.711	28.293	4.18	32.282	1020.42	1535.17
2026-03-26 15:55:42.786	2.866	28.289	4.178	32.301	1020.398	1535.348
2026-03-26 15:55:43.785	3.042	28.274	4.177	32.3	1020.428	1535.369
2026-03-26 15:55:44.783	3.176	28.234	4.188	32.28	1020.413	1535.124
2026-03-26 15:55:45.784	3.285	28.215	4.188	32.29	1020.442	1535.058
2026-03-26 15:55:46.783	3.412	28.221	4.192	32.302	1020.445	1535.23
2026-03-26 15:55:47.783	3.508	28.203	4.18	32.308	1020.49	1535.168
2026-03-26 15:55:48.783	3.574	28.164	4.186	32.308	1020.464	1535.058
2026-03-26 15:55:49.783	3.577	28.18	4.193	32.295	1020.498	1535.1
2026-03-26 15:55:50.782	3.627	28.192	4.191	32.273	1020.445	1535.023
2026-03-26 15:55:51.782	3.612	28.181	4.197	32.293	1020.473	1535.118
2026-03-26 15:55:52.783	3.57	28.222	4.195	32.294	1020.468	1535.239
2026-03-26 15:55:53.783	3.542	28.2	4.191	32.276	1020.484	1535.172
2026-03-26 15:55:54.782	3.515	28.243	4.204	32.303	1020.477	1535.305
2026-03-26 15:55:55.784	3.458	28.237	4.206	32.287	1020.425	1535.223
2026-03-26 15:55:56.785	3.408	28.212	4.209	32.298	1020.485	1535.161
2026-03-26 15:55:57.783	3.318	28.234	4.22	32.294	1020.456	1535.2
2026-03-26 15:55:58.783	3.274	28.283	4.213	32.301	1020.474	1535.3
2026-03-26 15:55:59.784	3.213	28.287	4.212	32.303	1020.467	1535.268
2026-03-26 15:56:00.783	3.128	28.31	4.212	32.305	1020.425	1535.41
2026-03-26 15:56:01.788	3.038	28.311	4.215	32.288	1020.404	1535.277
2026-03-26 15:56:02.784	3.013	28.305	4.219	32.299	1020.445	1535.41
2026-03-26 15:56:03.783	2.942	28.325	4.225	32.304	1020.441	1535.424
2026-03-26 15:56:04.784	2.878	28.315	4.231	32.313	1020.425	1535.276
2026-03-26 15:56:05.787	2.818	28.346	4.233	32.284	1020.389	1535.486
2026-03-26 15:56:06.783	2.818	28.299	4.227	32.288	1020.392	1535.225
2026-03-26 15:56:07.783	2.77	28.326	4.231	32.285	1020.376	1535.419
2026-03-26 15:56:08.783	2.718	28.316	4.241	32.294	1020.383	1535.236
2026-03-26 15:56:09.784	2.676	28.354	4.233	32.32	1020.425	1535.44
2026-03-26 15:56:10.783	2.631	28.329	4.243	32.329	1020.401	1535.474
2026-03-26 15:56:11.783	2.582	28.339	4.244	32.308	1020.404	1535.454
2026-03-26 15:56:12.785	2.516	28.383	4.253	32.314	1020.385	1535.546
2026-03-26 15:56:13.783	2.422	28.345	4.254	32.305	1020.423	1535.419
2026-03-26 15:56:14.787	2.373	28.407	4.256	32.325	1020.372	1535.485
2026-03-26 15:56:15.788	2.289	28.363	4.254	32.312	1020.369	1535.454
2026-03-26 15:56:16.788	2.16	28.43	4.251	32.313	1020.371	1535.527
2026-03-26 15:56:17.783	2.047	28.444	4.258	32.316	1020.345	1535.575
2026-03-26 15:56:18.783	1.901	28.422	4.254	32.329	1020.357	1535.448
2026-03-26 15:56:19.783	1.775	28.425	4.246	32.321	1020.348	1535.573
2026-03-26 15:56:20.783	1.636	28.457	4.248	32.316	1020.308	1535.537
2026-03-26 15:56:21.785	1.505	28.463	4.263	32.325	1020.335	1535.488
2026-03-26 15:56:22.784	1.341	28.477	4.249	32.353	1020.318	1535.649
2026-03-26 15:56:23.785	1.158	28.551	4.263	32.332	1020.328	1535.841
2026-03-26 15:56:24.783	1.009	28.56	4.26	32.35	1020.289	1535.738
2026-03-26 15:56:25.785	0.839	28.581	4.268	32.322	1020.293	1535.858
2026-03-26 15:56:26.784	0.725	28.603	4.26	32.336	1020.261	1535.858
2026-03-26 15:56:27.783	0.582	28.57	4.252	32.348	1020.278	1535.645
2026-03-26 15:56:28.790	0.491	28.59	4.264	32.359	1020.255	1535.681
2026-03-26 15:56:29.783	0.402	28.629	4.251	32.323	1020.22	1535.88
2026-03-26 15:56:30.786	0.343	28.593	4.265	32.34	1020.259	1535.745
2026-03-26 15:56:31.784	0.264	28.642	4.264	32.331	1020.269	1535.795
2026-03-26 15:56:32.786	0.249	28.597	4.25	32.355	1020.248	1535.741
2026-03-26 15:56:33.783	0.227	28.599	4.251	32.341	1020.265	1535.667
2026-03-26 15:56:34.783	0.233	28.628	4.259	32.358	1020.271	1535.744
2026-03-26 15:56:35.786	0.265	28.608	4.247	32.358	1020.255	1535.823
2026-03-26 15:56:36.784	0.295	28.581	4.24	32.322	1020.232	1535.654
2026-03-26 15:56:37.784	0.407	28.579	4.251	32.353	1020.265	1535.622
2026-03-26 15:56:38.784	0.496	28.551	4.249	32.338	1020.301	1535.608
2026-03-26 15:56:39.783	0.573	28.54	4.251	32.319	1020.29	1535.631
2026-03-26 15:56:40.784	0.673	28.492	4.242	32.313	1020.283	1535.487
2026-03-26 15:56:41.783	0.823	28.445	4.229	32.322	1020.275	1535.335
2026-03-26 15:56:42.783	0.916	28.443	4.239	32.312	1020.278	1535.433
2026-03-26 15:56:43.785	1.03	28.446	4.225	32.315	1020.328	1535.333
2026-03-26 15:56:44.784	1.194	28.39	4.235	32.336	1020.366	1535.229
2026-03-26 15:56:45.786	1.266	28.404	4.218	32.322	1020.345	1535.289
2026-03-26 15:56:46.785	1.369	28.37	4.214	32.298	1020.316	1535.18
2026-03-26 15:56:47.786	1.473	28.345	4.219	32.315	1020.382	1535.131
2026-03-26 15:56:48.782	1.595	28.316	4.207	32.284	1020.353	1535.068
2026-03-26 15:56:49.783	1.675	28.287	4.21	32.29	1020.356	1534.959
2026-03-26 15:56:50.783	1.763	28.272	4.217	32.272	1020.321	1534.978
2026-03-26 15:56:51.783	1.794	28.228	4.196	32.257	1020.343	1534.942
2026-03-26 15:56:52.784	1.857	28.256	4.205	32.284	1020.382	1535.069
2026-03-26 15:56:53.784	1.955	28.217	4.191	32.245	1020.362	1534.838
2026-03-26 15:56:54.785	1.97	28.185	4.196	32.249	1020.364	1534.831
2026-03-26 15:56:55.783	2.056	28.179	4.187	32.248	1020.368	1534.825
2026-03-26 15:56:56.784	2.108	28.163	4.194	32.241	1020.356	1534.662
2026-03-26 15:56:57.787	2.146	28.135	4.188	32.213	1020.348	1534.568
2026-03-26 15:56:58.791	2.226	28.162	4.192	32.222	1020.387	1534.793
2026-03-26 15:56:59.784	2.332	28.116	4.175	32.176	1020.313	1534.624
2026-03-26 15:57:00.783	2.401	28.098	4.177	32.177	1020.369	1534.483
2026-03-26 15:57:01.787	2.499	28.061	4.165	32.157	1020.369	1534.311
2026-03-26 15:57:02.783	2.561	28.061	4.172	32.165	1020.371	1534.403
2026-03-26 15:57:03.783	2.675	28.048	4.178	32.154	1020.378	1534.416
2026-03-26 15:57:04.787	2.8	28.011	4.169	32.127	1020.325	1534.366
2026-03-26 15:57:05.783	2.901	27.969	4.155	32.124	1020.368	1534.182
2026-03-26 15:57:06.788	3.007	27.962	4.161	32.122	1020.364	1534.176
2026-03-26 15:57:07.783	3.141	27.912	4.157	32.099	1020.393	1534.04
2026-03-26 15:57:08.786	3.284	27.923	4.162	32.063	1020.319	1534.003
2026-03-26 15:57:09.783	3.385	27.868	4.14	32.05	1020.348	1533.963
2026-03-26 15:57:10.786	3.485	27.869	4.145	32.068	1020.359	1533.966
2026-03-26 15:57:11.783	3.577	27.837	4.147	32.037	1020.337	1533.791
2026-03-26 15:57:12.783	3.669	27.814	4.137	32.006	1020.315	1533.694
2026-03-26 15:57:13.783	3.697	27.798	4.141	31.995	1020.311	1533.651
2026-03-26 15:57:14.783	3.767	27.81	4.129	32.003	1020.366	1533.667
2026-03-26 15:57:15.783	3.789	27.786	4.128	31.98	1020.328	1533.654
2026-03-26 15:57:16.783	3.8	27.775	4.131	31.949	1020.283	1533.578
2026-03-26 15:57:17.783	3.764	27.784	4.127	31.944	1020.305	1533.595
2026-03-26 15:57:18.783	3.694	27.777	4.134	31.914	1020.273	1533.556
2026-03-26 15:57:19.784	3.629	27.76	4.133	31.924	1020.281	1533.444
2026-03-26 15:57:20.783	3.552	27.795	4.12	31.901	1020.24	1533.602
2026-03-26 15:57:21.786	3.453	27.814	4.134	31.873	1020.201	1533.507
2026-03-26 15:57:22.784	3.343	27.823	4.131	31.861	1020.213	1533.454
2026-03-26 15:57:23.784	3.199	27.856	4.131	31.866	1020.175	1533.573
2026-03-26 15:57:24.783	3.02	27.827	4.124	31.817	1020.142	1533.502
2026-03-26 15:57:25.783	2.906	27.867	4.134	31.836	1020.167	1533.586
2026-03-26 15:57:26.785	2.737	27.873	4.123	31.819	1020.139	1533.55
2026-03-26 15:57:27.783	2.57	27.921	4.138	31.801	1020.126	1533.617
2026-03-26 15:57:28.783	2.387	27.906	4.127	31.791	1020.106	1533.434
2026-03-26 15:57:29.784	2.249	27.976	4.132	31.757	1020.033	1533.72
2026-03-26 15:57:30.783	2.124	27.934	4.122	31.76	1020.068	1533.493
2026-03-26 15:57:31.783	2.009	27.991	4.124	31.723	1020.02	1533.688
2026-03-26 15:57:32.785	1.876	27.966	4.13	31.703	1019.992	1533.524
2026-03-26 15:57:33.783	1.78	27.978	4.123	31.707	1019.994	1533.483
2026-03-26 15:57:34.782	1.687	28.028	4.13	31.7	1019.962	1533.686
2026-03-26 15:57:35.783	1.583	28.0	4.139	31.697	1019.931	1533.46
2026-03-26 15:57:36.783	1.542	28.054	4.141	31.687	1019.954	1533.734
2026-03-26 15:57:37.783	1.445	28.072	4.145	31.665	1019.928	1533.58
2026-03-26 15:57:38.785	1.373	28.061	4.146	31.659	1019.883	1533.55
2026-03-26 15:57:39.783	1.373	28.075	4.135	31.637	1019.87	1533.601
2026-03-26 15:57:40.783	1.321	28.078	4.145	31.623	1019.853	1533.567
2026-03-26 15:57:41.784	1.272	28.085	4.154	31.63	1019.868	1533.524
2026-03-26 15:57:42.783	1.217	28.07	4.155	31.629	1019.878	1533.649
2026-03-26 15:57:43.783	1.175	28.062	4.154	31.598	1019.87	1533.469
2026-03-26 15:57:44.784	1.144	28.108	4.144	31.613	1019.836	1533.667
2026-03-26 15:57:45.783	1.101	28.108	4.146	31.601	1019.845	1533.634
2026-03-26 15:57:46.784	1.036	28.076	4.15	31.592	1019.799	1533.425
2026-03-26 15:57:47.783	0.949	28.137	4.162	31.56	1019.793	1533.675
2026-03-26 15:57:48.783	0.894	28.132	4.166	31.584	1019.781	1533.657
2026-03-26 15:57:49.783	0.828	28.125	4.165	31.584	1019.795	1533.581
2026-03-26 15:57:50.786	0.774	28.14	4.16	31.576	1019.805	1533.635
2026-03-26 15:57:51.783	0.687	28.174	4.159	31.559	1019.742	1533.749
2026-03-26 15:57:52.784	0.623	28.141	4.158	31.534	1019.773	1533.452
2026-03-26 15:57:53.784	0.551	28.178	4.164	31.533	1019.713	1533.691
2026-03-26 15:57:54.783	0.483	28.198	4.167	31.539	1019.709	1533.723
2026-03-26 15:57:55.783	0.46	28.201	4.187	31.567	1019.777	1533.816
2026-03-26 15:57:56.783	0.404	28.225	4.182	31.559	1019.736	1533.824
2026-03-26 15:57:57.784	0.42	28.215	4.177	31.553	1019.747	1533.704
2026-03-26 15:57:58.783	0.418	28.174	4.178	31.542	1019.742	1533.707
2026-03-26 15:57:59.783	0.415	28.196	4.183	31.527	1019.698	1533.684
2026-03-26 15:58:00.783	0.467	28.205	4.192	31.543	1019.72	1533.786
2026-03-26 15:58:01.785	0.517	28.18	4.196	31.552	1019.72	1533.635
2026-03-26 15:58:02.785	0.579	28.168	4.188	31.558	1019.774	1533.716
2026-03-26 15:58:03.782	0.693	28.151	4.196	31.566	1019.775	1533.577
2026-03-26 15:58:04.783	0.762	28.169	4.194	31.548	1019.746	1533.764
2026-03-26 15:58:05.787	0.905	28.137	4.203	31.548	1019.773	1533.581
2026-03-26 15:58:06.783	1.075	28.147	4.197	31.555	1019.776	1533.722
2026-03-26 15:58:07.783	1.227	28.087	4.205	31.575	1019.83	1533.601
2026-03-26 15:58:08.783	1.418	28.117	4.211	31.586	1019.835	1533.644
2026-03-26 15:58:09.783	1.591	28.074	4.215	31.574	1019.857	1533.515
2026-03-26 15:58:10.783	1.761	28.03	4.199	31.572	1019.846	1533.575
2026-03-26 15:58:11.783	1.945	28.031	4.214	31.584	1019.853	1533.578
2026-03-26 15:58:12.787	2.07	28.003	4.218	31.614	1019.885	1533.441
2026-03-26 15:58:13.784	2.287	27.956	4.218	31.6	1019.927	1533.446
2026-03-26 15:58:14.783	2.421	27.941	4.214	31.613	1019.954	1533.325
2026-03-26 15:58:15.784	2.537	27.949	4.221	31.605	1019.952	1533.469
2026-03-26 15:58:16.783	2.693	27.935	4.224	31.602	1019.958	1533.526
2026-03-26 15:58:17.782	2.784	27.929	4.215	31.618	1019.974	1533.528
2026-03-26 15:58:18.783	2.908	27.933	4.218	31.649	1020.005	1533.544
2026-03-26 15:58:19.785	2.982	27.889	4.212	31.644	1020.002	1533.454
2026-03-26 15:58:20.783	3.071	27.932	4.214	31.67	1019.999	1533.535
2026-03-26 15:58:21.784	3.074	27.883	4.215	31.672	1020.021	1533.345
2026-03-26 15:58:22.783	3.125	27.901	4.232	31.66	1020.016	1533.421
2026-03-26 15:58:23.783	3.179	27.902	4.217	31.655	1020.028	1533.509
2026-03-26 15:58:24.783	3.183	27.886	4.225	31.671	1020.064	1533.391
2026-03-26 15:58:25.783	3.171	27.916	4.233	31.675	1020.062	1533.584
2026-03-26 15:58:26.783	3.176	27.915	4.223	31.703	1020.084	1533.617
2026-03-26 15:58:27.783	3.197	27.951	4.232	31.72	1020.069	1533.711
2026-03-26 15:58:28.783	3.186	27.971	4.235	31.702	1020.054	1533.715
2026-03-26 15:58:29.783	3.175	27.93	4.224	31.702	1020.054	1533.557
2026-03-26 15:58:30.782	3.207	27.947	4.237	31.715	1020.085	1533.644
2026-03-26 15:58:31.792	3.195	27.966	4.22	31.72	1020.031	1533.818
2026-03-26 15:58:32.783	3.189	28.0	4.229	31.746	1020.084	1533.878
2026-03-26 15:58:33.783	3.224	27.965	4.225	31.751	1020.073	1533.704
2026-03-26 15:58:34.784	3.246	27.982	4.223	31.75	1020.063	1533.778
2026-03-26 15:58:35.784	3.25	27.985	4.236	31.762	1020.101	1533.883
2026-03-26 15:58:36.786	3.264	27.987	4.221	31.766	1020.119	1533.872
2026-03-26 15:58:37.783	3.302	27.97	4.218	31.783	1020.092	1533.865
2026-03-26 15:58:38.782	3.312	28.021	4.224	31.792	1020.117	1534.079
2026-03-26 15:58:39.784	3.276	28.011	4.227	31.781	1020.098	1533.918
2026-03-26 15:58:40.783	3.318	27.988	4.218	31.776	1020.127	1533.877
2026-03-26 15:58:41.782	3.297	28.011	4.214	31.807	1020.15	1533.903
2026-03-26 15:58:42.784	3.272	28.005	4.225	31.815	1020.1	1533.901
2026-03-26 15:58:43.783	3.227	28.073	4.227	31.814	1020.085	1534.244
2026-03-26 15:58:44.783	3.155	28.094	4.216	31.836	1020.097	1534.166
2026-03-26 15:58:45.782	3.098	28.062	4.226	31.812	1020.123	1534.08
2026-03-26 15:58:46.787	2.979	28.093	4.206	31.823	1020.073	1534.224
2026-03-26 15:58:47.782	2.861	28.135	4.209	31.828	1020.078	1534.334
2026-03-26 15:58:48.783	2.773	28.143	4.218	31.854	1020.084	1534.405
2026-03-26 15:58:49.783	2.583	28.193	4.212	31.84	1020.068	1534.499
2026-03-26 15:58:50.783	2.434	28.197	4.207	31.864	1020.075	1534.34
2026-03-26 15:58:51.784	2.264	28.249	4.216	31.871	1020.093	1534.584
2026-03-26 15:58:52.783	2.1	28.297	4.205	31.844	1020.032	1534.646
2026-03-26 15:58:53.784	1.928	28.301	4.21	31.858	1020.006	1534.535
2026-03-26 15:58:54.782	1.724	28.349	4.217	31.863	1019.998	1534.652
2026-03-26 15:58:55.783	1.541	28.389	4.216	31.867	1020.024	1534.821
2026-03-26 15:58:56.782	1.419	28.434	4.195	31.856	1019.975	1534.886
2026-03-26 15:58:57.783	1.236	28.448	4.213	31.864	1019.937	1534.864
2026-03-26 15:58:58.783	1.088	28.49	4.206	31.894	1019.951	1534.969
2026-03-26 15:58:59.782	0.907	28.489	4.203	31.865	1019.952	1535.036
2026-03-26 15:59:00.783	0.832	28.504	4.201	31.869	1019.923	1535.068
2026-03-26 15:59:01.784	0.717	28.556	4.199	31.895	1019.946	1535.089
2026-03-26 15:59:02.784	0.594	28.584	4.19	31.908	1019.94	1535.149
2026-03-26 15:59:03.783	0.564	28.598	4.186	31.913	1019.914	1535.333
2026-03-26 15:59:04.783	0.487	28.61	4.184	31.883	1019.922	1535.34
2026-03-26 15:59:05.783	0.504	28.624	4.197	31.889	1019.893	1535.224
2026-03-26 15:59:06.784	0.486	28.581	4.194	31.908	1019.956	1535.204
2026-03-26 15:59:07.785	0.465	28.629	4.179	31.907	1019.917	1535.42
2026-03-26 15:59:08.783	0.491	28.607	4.186	31.909	1019.955	1535.253
2026-03-26 15:59:09.783	0.57	28.625	4.182	31.933	1019.929	1535.339
2026-03-26 15:59:10.783	0.598	28.617	4.176	31.934	1019.93	1535.37
2026-03-26 15:59:11.786	0.609	28.628	4.168	31.931	1019.976	1535.472
2026-03-26 15:59:12.783	0.681	28.637	4.164	31.928	1019.97	1535.442
2026-03-26 15:59:13.782	0.747	28.624	4.172	31.924	1019.981	1535.469
2026-03-26 15:59:14.783	0.767	28.62	4.171	31.954	1019.949	1535.482
2026-03-26 15:59:15.785	0.823	28.616	4.171	31.961	1019.959	1535.341
2026-03-26 15:59:16.783	0.882	28.597	4.167	31.969	1019.994	1535.327
2026-03-26 15:59:17.784	0.917	28.565	4.166	31.977	1019.987	1535.351
2026-03-26 15:59:18.783	0.994	28.573	4.165	31.974	1019.987	1535.302
2026-03-26 15:59:19.783	0.998	28.582	4.168	31.966	1019.982	1535.457
2026-03-26 15:59:20.783	1.053	28.555	4.161	31.967	1020.007	1535.295
2026-03-26 15:59:21.783	1.056	28.558	4.155	31.977	1020.052	1535.272
2026-03-26 15:59:22.782	1.097	28.604	4.152	31.979	1020.025	1535.411
2026-03-26 15:59:23.783	1.131	28.564	4.166	32.001	1020.044	1535.285
2026-03-26 15:59:24.783	1.163	28.585	4.165	31.983	1020.014	1535.484
2026-03-26 15:59:25.784	1.181	28.598	4.162	32.01	1020.063	1535.582
2026-03-26 15:59:26.784	1.263	28.553	4.148	32.008	1020.053	1535.441
2026-03-26 15:59:27.783	1.297	28.555	4.151	32.032	1020.078	1535.521
2026-03-26 15:59:28.784	1.36	28.532	4.152	32.05	1020.08	1535.436
2026-03-26 15:59:29.785	1.469	28.548	4.147	32.055	1020.09	1535.488
2026-03-26 15:59:30.784	1.541	28.507	4.146	32.062	1020.108	1535.355
2026-03-26 15:59:31.782	1.646	28.482	4.16	32.048	1020.126	1535.28
2026-03-26 15:59:32.783	1.791	28.468	4.159	32.082	1020.133	1535.316
2026-03-26 15:59:33.784	1.943	28.431	4.148	32.065	1020.164	1535.223
2026-03-26 15:59:34.784	2.082	28.428	4.141	32.103	1020.176	1535.209
2026-03-26 15:59:35.784	2.253	28.439	4.152	32.08	1020.214	1535.413
2026-03-26 15:59:36.787	2.371	28.415	4.151	32.098	1020.221	1535.288
2026-03-26 15:59:37.783	2.561	28.354	4.143	32.109	1020.253	1535.174
2026-03-26 15:59:38.783	2.724	28.321	4.153	32.133	1020.282	1535.185
2026-03-26 15:59:39.787	2.913	28.325	4.148	32.12	1020.249	1535.161
2026-03-26 15:59:40.786	3.035	28.258	4.144	32.14	1020.336	1534.961
2026-03-26 15:59:41.783	3.18	28.244	4.157	32.175	1020.336	1535.041
2026-03-26 15:59:42.785	3.314	28.241	4.151	32.186	1020.375	1535.004
2026-03-26 15:59:43.783	3.476	28.228	4.148	32.202	1020.413	1535.031
2026-03-26 15:59:44.785	3.531	28.18	4.149	32.184	1020.377	1535.021
2026-03-26 15:59:45.783	3.656	28.181	4.159	32.192	1020.418	1535.039
2026-03-26 15:59:46.784	3.673	28.146	4.148	32.221	1020.43	1534.906
2026-03-26 15:59:47.783	3.747	28.17	4.16	32.232	1020.46	1535.082
2026-03-26 15:59:48.782	3.733	28.139	4.154	32.262	1020.499	1534.942
2026-03-26 15:59:49.797	3.739	28.147	4.164	32.243	1020.461	1535.019
2026-03-26 15:59:50.783	3.72	28.18	4.159	32.282	1020.459	1535.078
2026-03-26 15:59:51.785	3.667	28.172	4.178	32.297	1020.501	1535.124
2026-03-26 15:59:52.783	3.596	28.168	4.179	32.279	1020.483	1535.142
2026-03-26 15:59:53.782	3.534	28.159	4.178	32.309	1020.477	1534.961
2026-03-26 15:59:54.784	3.416	28.16	4.166	32.3	1020.475	1534.972
2026-03-26 15:59:55.783	3.312	28.208	4.188	32.336	1020.479	1535.14
2026-03-26 15:59:56.783	3.249	28.198	4.173	32.344	1020.493	1535.156
2026-03-26 15:59:57.783	3.145	28.202	4.188	32.352	1020.501	1535.089
2026-03-26 15:59:58.785	3.052	28.211	4.188	32.373	1020.477	1535.256
2026-03-26 15:59:59.782	2.928	28.239	4.191	32.374	1020.494	1535.212
2026-03-26 16:00:00.783	2.805	28.252	4.186	32.376	1020.465	1535.257
2026-03-26 16:00:01.783	2.757	28.23	4.199	32.38	1020.468	1535.224
2026-03-26 16:00:02.782	2.652	28.244	4.192	32.398	1020.489	1535.203
2026-03-26 16:00:03.786	2.575	28.286	4.199	32.393	1020.456	1535.291
2026-03-26 16:00:04.782	2.525	28.288	4.213	32.42	1020.524	1535.351
2026-03-26 16:00:05.783	2.437	28.288	4.211	32.408	1020.458	1535.405
2026-03-26 16:00:06.783	2.365	28.246	4.205	32.443	1020.503	1535.205
2026-03-26 16:00:07.783	2.292	28.25	4.206	32.45	1020.512	1535.287
2026-03-26 16:00:08.784	2.274	28.281	4.206	32.454	1020.529	1535.311
2026-03-26 16:00:09.783	2.184	28.303	4.21	32.474	1020.507	1535.496
2026-03-26 16:00:10.784	2.155	28.291	4.223	32.462	1020.515	1535.35
2026-03-26 16:00:11.784	2.07	28.307	4.225	32.462	1020.53	1535.418
2026-03-26 16:00:12.783	2.008	28.263	4.224	32.464	1020.539	1535.32
2026-03-26 16:00:13.782	1.934	28.302	4.236	32.48	1020.51	1535.338
2026-03-26 16:00:14.783	1.86	28.279	4.232	32.466	1020.511	1535.278
2026-03-26 16:00:15.783	1.753	28.304	4.238	32.471	1020.479	1535.246
2026-03-26 16:00:16.782	1.652	28.287	4.237	32.506	1020.547	1535.273
2026-03-26 16:00:17.782	1.553	28.344	4.245	32.493	1020.478	1535.342
2026-03-26 16:00:18.784	1.453	28.312	4.248	32.508	1020.486	1535.313
2026-03-26 16:00:19.784	1.284	28.342	4.241	32.478	1020.5	1535.375
2026-03-26 16:00:20.784	1.179	28.364	4.253	32.516	1020.511	1535.358
2026-03-26 16:00:21.783	1.027	28.38	4.252	32.5	1020.48	1535.53
2026-03-26 16:00:22.784	0.905	28.383	4.252	32.509	1020.465	1535.46
2026-03-26 16:00:23.788	0.762	28.363	4.256	32.514	1020.495	1535.298
2026-03-26 16:00:24.782	0.623	28.432	4.26	32.504	1020.454	1535.625
2026-03-26 16:00:25.784	0.53	28.397	4.259	32.511	1020.458	1535.34
2026-03-26 16:00:26.783	0.462	28.431	4.249	32.487	1020.433	1535.429
2026-03-26 16:00:27.783	0.381	28.428	4.253	32.47	1020.375	1535.39
2026-03-26 16:00:28.782	0.272	28.422	4.262	32.471	1020.387	1535.468
2026-03-26 16:00:29.785	0.242	28.433	4.252	32.466	1020.411	1535.318
2026-03-26 16:00:30.783	0.204	28.435	4.258	32.478	1020.424	1535.35
2026-03-26 16:00:31.790	0.182	28.391	4.253	32.453	1020.403	1535.182
2026-03-26 16:00:32.786	0.233	28.414	4.252	32.454	1020.366	1535.348
2026-03-26 16:00:33.783	0.254	28.397	4.261	32.439	1020.398	1535.367
2026-03-26 16:00:34.783	0.335	28.361	4.261	32.464	1020.429	1535.284
2026-03-26 16:00:35.784	0.415	28.34	4.255	32.439	1020.399	1535.139
2026-03-26 16:00:36.783	0.49	28.334	4.258	32.435	1020.399	1535.186
2026-03-26 16:00:37.783	0.636	28.295	4.244	32.439	1020.433	1535.04
2026-03-26 16:00:38.785	0.737	28.267	4.248	32.412	1020.388	1535.006
2026-03-26 16:00:39.785	0.913	28.242	4.242	32.408	1020.394	1534.839
2026-03-26 16:00:40.784	1.017	28.217	4.251	32.387	1020.425	1534.813
2026-03-26 16:00:41.784	1.185	28.189	4.246	32.368	1020.435	1534.842
2026-03-26 16:00:42.782	1.339	28.14	4.247	32.373	1020.44	1534.739
2026-03-26 16:00:43.784	1.462	28.151	4.25	32.346	1020.419	1534.642
2026-03-26 16:00:44.785	1.585	28.111	4.237	32.369	1020.424	1534.604
2026-03-26 16:00:45.783	1.742	28.114	4.243	32.354	1020.455	1534.706
2026-03-26 16:00:46.782	1.857	28.05	4.244	32.328	1020.447	1534.518
2026-03-26 16:00:47.785	1.954	28.016	4.228	32.325	1020.445	1534.414
2026-03-26 16:00:48.783	2.075	28.044	4.241	32.303	1020.454	1534.517
2026-03-26 16:00:49.783	2.145	28.021	4.229	32.3	1020.442	1534.313
2026-03-26 16:00:50.783	2.215	28.004	4.235	32.276	1020.413	1534.368
2026-03-26 16:00:51.786	2.316	27.97	4.213	32.253	1020.415	1534.32
2026-03-26 16:00:52.784	2.375	27.942	4.214	32.244	1020.419	1534.143
2026-03-26 16:00:53.783	2.416	27.965	4.227	32.236	1020.412	1534.207
2026-03-26 16:00:54.783	2.467	27.92	4.219	32.239	1020.433	1534.065
2026-03-26 16:00:55.799	2.522	27.913	4.22	32.212	1020.443	1534.143
2026-03-26 16:00:56.783	2.54	27.918	4.214	32.21	1020.443	1534.114
2026-03-26 16:00:57.783	2.603	27.907	4.211	32.185	1020.404	1533.945
2026-03-26 16:00:58.782	2.698	27.895	4.206	32.15	1020.384	1533.899
2026-03-26 16:00:59.783	2.708	27.901	4.209	32.158	1020.394	1534.011
2026-03-26 16:01:00.783	2.802	27.839	4.192	32.152	1020.382	1533.874
2026-03-26 16:01:01.784	2.869	27.863	4.195	32.123	1020.382	1533.945
2026-03-26 16:01:02.783	2.956	27.839	4.195	32.12	1020.39	1533.85
2026-03-26 16:01:03.782	3.053	27.822	4.181	32.088	1020.396	1533.699
2026-03-26 16:01:04.783	3.113	27.779	4.174	32.068	1020.357	1533.666
2026-03-26 16:01:05.783	3.22	27.776	4.19	32.08	1020.382	1533.561
2026-03-26 16:01:06.783	3.308	27.771	4.185	32.07	1020.371	1533.572
2026-03-26 16:01:07.783	3.391	27.721	4.168	32.06	1020.405	1533.464
2026-03-26 16:01:08.783	3.451	27.746	4.162	32.04	1020.344	1533.479
2026-03-26 16:01:09.783	3.558	27.699	4.163	32.011	1020.387	1533.406
2026-03-26 16:01:10.783	3.571	27.723	4.167	32.02	1020.359	1533.48
2026-03-26 16:01:11.782	3.635	27.718	4.155	32.012	1020.385	1533.434
2026-03-26 16:01:12.785	3.694	27.714	4.168	31.989	1020.345	1533.481
2026-03-26 16:01:13.784	3.665	27.685	4.159	31.968	1020.325	1533.388
2026-03-26 16:01:14.782	3.653	27.731	4.165	31.944	1020.294	1533.52
2026-03-26 16:01:15.783	3.656	27.69	4.15	31.953	1020.338	1533.361
2026-03-26 16:01:16.783	3.591	27.736	4.143	31.946	1020.315	1533.425
2026-03-26 16:01:17.783	3.519	27.696	4.154	31.925	1020.31	1533.343
2026-03-26 16:01:18.783	3.417	27.733	4.152	31.91	1020.245	1533.327
2026-03-26 16:01:19.783	3.345	27.752	4.142	31.931	1020.271	1533.45
2026-03-26 16:01:20.785	3.175	27.748	4.137	31.926	1020.288	1533.313
2026-03-26 16:01:21.784	3.039	27.784	4.138	31.905	1020.211	1533.469
2026-03-26 16:01:22.783	2.909	27.813	4.151	31.908	1020.244	1533.506
2026-03-26 16:01:23.783	2.731	27.872	4.139	31.873	1020.169	1533.648
2026-03-26 16:01:24.782	2.532	27.875	4.14	31.873	1020.15	1533.599
2026-03-26 16:01:25.785	2.374	27.881	4.144	31.848	1020.127	1533.502
2026-03-26 16:01:26.785	2.223	27.932	4.138	31.858	1020.111	1533.725
2026-03-26 16:01:27.787	2.031	27.935	4.146	31.869	1020.131	1533.53
2026-03-26 16:01:28.783	1.888	27.989	4.138	31.843	1020.104	1533.687
2026-03-26 16:01:29.783	1.75	28.001	4.143	31.825	1020.073	1533.695
2026-03-26 16:01:30.783	1.616	28.052	4.131	31.844	1020.073	1533.823
2026-03-26 16:01:31.786	1.463	28.073	4.129	31.822	1020.019	1533.923
2026-03-26 16:01:32.783	1.331	28.054	4.125	31.811	1019.993	1533.711
2026-03-26 16:01:33.784	1.26	28.093	4.138	31.838	1020.046	1533.959
2026-03-26 16:01:34.783	1.18	28.111	4.138	31.826	1020.023	1533.993
2026-03-26 16:01:35.782	1.125	28.147	4.126	31.832	1019.99	1533.991
2026-03-26 16:01:36.784	1.056	28.127	4.128	31.819	1020.018	1533.999
2026-03-26 16:01:37.783	1.004	28.128	4.14	31.791	1019.967	1533.841
2026-03-26 16:01:38.784	0.963	28.179	4.141	31.824	1019.992	1534.005
2026-03-26 16:01:39.783	0.969	28.147	4.132	31.787	1019.951	1533.913
2026-03-26 16:01:40.789	0.943	28.181	4.135	31.795	1019.987	1534.102
2026-03-26 16:01:41.783	0.947	28.161	4.138	31.804	1019.993	1533.933
2026-03-26 16:01:42.784	0.931	28.204	4.137	31.806	1019.967	1534.18
2026-03-26 16:01:43.783	0.923	28.203	4.14	31.781	1019.915	1534.006
2026-03-26 16:01:44.783	0.906	28.211	4.13	31.792	1019.94	1534.161
2026-03-26 16:01:45.783	0.866	28.197	4.148	31.802	1019.98	1534.067
2026-03-26 16:01:46.783	0.836	28.204	4.148	31.785	1019.958	1534.045
2026-03-26 16:01:47.783	0.823	28.218	4.135	31.798	1019.965	1534.061
2026-03-26 16:01:48.783	0.786	28.239	4.138	31.792	1019.93	1534.094
2026-03-26 16:01:49.784	0.749	28.24	4.149	31.768	1019.912	1534.038
2026-03-26 16:01:50.783	0.678	28.277	4.152	31.769	1019.926	1534.176
2026-03-26 16:01:51.784	0.688	28.271	4.151	31.76	1019.927	1534.143
2026-03-26 16:01:52.783	0.623	28.286	4.156	31.759	1019.871	1534.216
2026-03-26 16:01:53.783	0.599	28.324	4.156	31.761	1019.875	1534.404
2026-03-26 16:01:54.783	0.576	28.281	4.163	31.754	1019.892	1534.282
2026-03-26 16:01:55.784	0.605	28.321	4.155	31.757	1019.907	1534.283
2026-03-26 16:01:56.785	0.602	28.333	4.171	31.774	1019.889	1534.34
2026-03-26 16:01:57.785	0.622	28.299	4.165	31.765	1019.876	1534.261
2026-03-26 16:01:58.786	0.678	28.328	4.173	31.77	1019.877	1534.356
2026-03-26 16:01:59.783	0.708	28.317	4.159	31.747	1019.885	1534.387
2026-03-26 16:02:00.789	0.803	28.312	4.177	31.743	1019.889	1534.376
2026-03-26 16:02:01.784	0.874	28.343	4.165	31.743	1019.854	1534.431
2026-03-26 16:02:02.783	0.957	28.309	4.18	31.762	1019.897	1534.33
2026-03-26 16:02:03.786	1.14	28.267	4.18	31.726	1019.867	1534.198
2026-03-26 16:02:04.784	1.227	28.281	4.172	31.739	1019.898	1534.197
2026-03-26 16:02:05.782	1.435	28.269	4.187	31.749	1019.955	1534.359
2026-03-26 16:02:06.784	1.591	28.222	4.184	31.738	1019.956	1534.117
2026-03-26 16:02:07.783	1.77	28.237	4.176	31.726	1019.94	1534.326
2026-03-26 16:02:08.783	1.954	28.215	4.176	31.731	1019.923	1534.149
2026-03-26 16:02:09.783	2.121	28.163	4.183	31.737	1019.994	1534.204
2026-03-26 16:02:10.783	2.305	28.142	4.192	31.734	1019.958	1534.077
2026-03-26 16:02:11.782	2.476	28.119	4.196	31.708	1019.99	1533.938
2026-03-26 16:02:12.783	2.656	28.127	4.192	31.698	1019.971	1534.117
2026-03-26 16:02:13.784	2.825	28.105	4.197	31.696	1019.998	1534.059
2026-03-26 16:02:14.784	2.923	28.128	4.203	31.704	1020.023	1534.198
2026-03-26 16:02:15.783	3.063	28.101	4.2	31.685	1019.994	1534.009
2026-03-26 16:02:16.783	3.152	28.059	4.207	31.682	1020.028	1533.885
2026-03-26 16:02:17.783	3.223	28.099	4.207	31.7	1020.008	1534.164
2026-03-26 16:02:18.783	3.321	28.076	4.194	31.682	1019.997	1533.967
2026-03-26 16:02:19.787	3.339	28.092	4.2	31.681	1020.031	1534.168
2026-03-26 16:02:20.783	3.39	28.089	4.204	31.687	1020.008	1534.157
2026-03-26 16:02:21.783	3.423	28.072	4.203	31.657	1020.026	1533.947
2026-03-26 16:02:22.782	3.402	28.093	4.219	31.653	1019.999	1534.017
2026-03-26 16:02:23.782	3.404	28.123	4.216	31.651	1019.957	1534.221
2026-03-26 16:02:24.783	3.406	28.106	4.213	31.678	1019.981	1534.083
2026-03-26 16:02:25.783	3.374	28.104	4.227	31.652	1020.01	1534.165
2026-03-26 16:02:26.783	3.309	28.14	4.22	31.646	1019.982	1534.241
2026-03-26 16:02:27.783	3.261	28.129	4.221	31.659	1019.991	1534.12
2026-03-26 16:02:28.783	3.248	28.182	4.233	31.625	1019.916	1534.146
2026-03-26 16:02:29.783	3.212	28.161	4.223	31.648	1019.973	1534.272
2026-03-26 16:02:30.784	3.17	28.167	4.232	31.639	1019.966	1534.224
2026-03-26 16:02:31.783	3.185	28.182	4.234	31.648	1019.936	1534.23
2026-03-26 16:02:32.783	3.114	28.182	4.231	31.608	1019.908	1534.223
2026-03-26 16:02:33.784	3.103	28.195	4.227	31.605	1019.904	1534.16
2026-03-26 16:02:34.783	3.071	28.193	4.222	31.622	1019.914	1534.228
2026-03-26 16:02:35.787	3.062	28.203	4.24	31.619	1019.943	1534.292
2026-03-26 16:02:36.785	3.075	28.208	4.233	31.629	1019.921	1534.241
2026-03-26 16:02:37.783	3.027	28.214	4.225	31.596	1019.913	1534.185
2026-03-26 16:02:38.782	3.054	28.219	4.227	31.597	1019.912	1534.201
2026-03-26 16:02:39.785	3.028	28.245	4.228	31.593	1019.867	1534.273
2026-03-26 16:02:40.783	2.965	28.234	4.243	31.595	1019.892	1534.262
2026-03-26 16:02:41.784	2.931	28.273	4.244	31.591	1019.857	1534.35
2026-03-26 16:02:42.783	2.838	28.266	4.234	31.588	1019.878	1534.325
2026-03-26 16:02:43.783	2.801	28.301	4.229	31.585	1019.863	1534.366
2026-03-26 16:02:44.784	2.677	28.339	4.227	31.596	1019.827	1534.447
2026-03-26 16:02:45.783	2.589	28.315	4.229	31.588	1019.863	1534.409
2026-03-26 16:02:46.783	2.472	28.356	4.237	31.6	1019.841	1534.526
2026-03-26 16:02:47.782	2.341	28.382	4.228	31.589	1019.824	1534.586
2026-03-26 16:02:48.783	2.189	28.399	4.24	31.583	1019.828	1534.54
2026-03-26 16:02:49.784	2.034	28.454	4.245	31.606	1019.786	1534.793
2026-03-26 16:02:50.783	1.905	28.475	4.245	31.601	1019.771	1534.807
2026-03-26 16:02:51.787	1.745	28.483	4.226	31.609	1019.773	1534.895
2026-03-26 16:02:52.783	1.539	28.53	4.234	31.603	1019.755	1534.953
2026-03-26 16:02:53.785	1.38	28.509	4.229	31.606	1019.741	1534.854
2026-03-26 16:02:54.782	1.191	28.552	4.234	31.626	1019.766	1534.832
2026-03-26 16:02:55.783	1.055	28.575	4.226	31.637	1019.77	1535.005
2026-03-26 16:02:56.783	0.903	28.64	4.236	31.642	1019.763	1535.058
2026-03-26 16:02:57.783	0.77	28.64	4.24	31.656	1019.724	1535.129
2026-03-26 16:02:58.782	0.631	28.631	4.218	31.646	1019.697	1535.043
2026-03-26 16:02:59.787	0.511	28.69	4.219	31.637	1019.693	1535.186
2026-03-26 16:03:00.786	0.476	28.658	4.223	31.658	1019.739	1535.172
2026-03-26 16:03:01.784	0.388	28.718	4.233	31.668	1019.728	1535.211
2026-03-26 16:03:02.783	0.319	28.696	4.224	31.66	1019.713	1535.269
2026-03-26 16:03:03.782	0.342	28.703	4.224	31.693	1019.746	1535.178
2026-03-26 16:03:04.784	0.296	28.677	4.215	31.701	1019.743	1535.201
2026-03-26 16:03:05.783	0.367	28.672	4.218	31.723	1019.762	1535.206
2026-03-26 16:03:06.785	0.382	28.694	4.205	31.699	1019.763	1535.318
2026-03-26 16:03:07.784	0.444	28.693	4.21	31.741	1019.805	1535.258
2026-03-26 16:03:08.782	0.493	28.675	4.206	31.718	1019.776	1535.242
2026-03-26 16:03:09.782	0.544	28.684	4.2	31.73	1019.755	1535.252
2026-03-26 16:03:10.783	0.67	28.63	4.209	31.774	1019.841	1535.168
2026-03-26 16:03:11.783	0.718	28.629	4.204	31.765	1019.802	1535.209
2026-03-26 16:03:12.783	0.808	28.619	4.201	31.804	1019.845	1535.25
2026-03-26 16:03:13.784	0.903	28.609	4.202	31.785	1019.824	1535.276
2026-03-26 16:03:14.783	0.984	28.609	4.186	31.827	1019.882	1535.293
2026-03-26 16:03:15.787	1.093	28.539	4.198	31.823	1019.932	1535.161
2026-03-26 16:03:16.784	1.138	28.53	4.188	31.859	1019.921	1535.163
2026-03-26 16:03:17.783	1.245	28.518	4.175	31.862	1019.968	1535.073
2026-03-26 16:03:18.782	1.292	28.511	4.181	31.881	1019.962	1535.196
2026-03-26 16:03:19.782	1.333	28.507	4.178	31.887	1019.993	1535.157
2026-03-26 16:03:20.784	1.423	28.474	4.177	31.911	1020.026	1535.039
2026-03-26 16:03:21.783	1.476	28.482	4.177	31.898	1019.982	1535.022
2026-03-26 16:03:22.782	1.491	28.476	4.168	31.92	1020.0	1535.149
2026-03-26 16:03:23.782	1.561	28.435	4.177	31.947	1020.073	1535.005
2026-03-26 16:03:24.783	1.611	28.468	4.174	31.948	1020.037	1535.132
2026-03-26 16:03:25.784	1.66	28.415	4.165	31.972	1020.066	1534.959
2026-03-26 16:03:26.785	1.735	28.421	4.164	31.975	1020.089	1535.03
2026-03-26 16:03:27.782	1.812	28.426	4.166	32.011	1020.108	1535.184
2026-03-26 16:03:28.784	1.855	28.387	4.161	32.011	1020.109	1534.94
2026-03-26 16:03:29.783	2.002	28.374	4.163	32.026	1020.131	1534.99
2026-03-26 16:03:30.784	2.079	28.323	4.145	32.046	1020.206	1534.918
2026-03-26 16:03:31.783	2.199	28.307	4.152	32.071	1020.234	1534.932
2026-03-26 16:03:32.783	2.299	28.291	4.154	32.107	1020.214	1535.025
2026-03-26 16:03:33.784	2.416	28.281	4.144	32.102	1020.265	1534.957
2026-03-26 16:03:34.783	2.605	28.269	4.15	32.109	1020.275	1534.863
2026-03-26 16:03:35.783	2.748	28.2	4.141	32.12	1020.279	1534.89
2026-03-26 16:03:36.783	2.879	28.213	4.152	32.16	1020.305	1534.929
2026-03-26 16:03:37.783	3.05	28.144	4.155	32.178	1020.349	1534.86
2026-03-26 16:03:38.783	3.177	28.124	4.143	32.18	1020.402	1534.722
2026-03-26 16:03:39.783	3.313	28.11	4.145	32.2	1020.396	1534.692
2026-03-26 16:03:40.783	3.421	28.063	4.15	32.205	1020.423	1534.703
2026-03-26 16:03:41.784	3.526	28.066	4.139	32.204	1020.418	1534.694
2026-03-26 16:03:42.784	3.639	28.031	4.136	32.237	1020.48	1534.709
2026-03-26 16:03:43.783	3.697	27.991	4.14	32.238	1020.464	1534.582
2026-03-26 16:03:44.783	3.728	28.021	4.15	32.259	1020.487	1534.736
2026-03-26 16:03:45.784	3.773	27.994	4.133	32.261	1020.495	1534.491
2026-03-26 16:03:46.783	3.796	27.983	4.135	32.294	1020.538	1534.53
2026-03-26 16:03:47.783	3.777	28.003	4.148	32.288	1020.536	1534.678
2026-03-26 16:03:48.783	3.761	27.979	4.144	32.303	1020.542	1534.587
2026-03-26 16:03:49.782	3.67	27.999	4.135	32.332	1020.57	1534.579
2026-03-26 16:03:50.783	3.596	28.012	4.139	32.343	1020.542	1534.716
2026-03-26 16:03:51.784	3.548	27.999	4.148	32.339	1020.531	1534.695
2026-03-26 16:03:52.783	3.429	27.965	4.156	32.348	1020.543	1534.536
2026-03-26 16:03:53.787	3.292	28.015	4.142	32.365	1020.559	1534.712
2026-03-26 16:03:54.784	3.184	27.986	4.146	32.364	1020.542	1534.477
2026-03-26 16:03:55.784	3.02	28.017	4.16	32.357	1020.563	1534.667
2026-03-26 16:03:56.784	2.937	28.008	4.162	32.378	1020.536	1534.563
2026-03-26 16:03:57.784	2.808	28.072	4.165	32.359	1020.535	1534.722
2026-03-26 16:03:58.783	2.672	28.048	4.161	32.385	1020.511	1534.648
2026-03-26 16:03:59.789	2.533	28.059	4.152	32.407	1020.563	1534.614
2026-03-26 16:04:00.784	2.378	28.099	4.165	32.392	1020.486	1534.796
2026-03-26 16:04:01.783	2.31	28.087	4.163	32.378	1020.478	1534.812
2026-03-26 16:04:02.784	2.182	28.104	4.17	32.382	1020.474	1534.688
2026-03-26 16:04:03.783	2.112	28.099	4.162	32.42	1020.536	1534.819
2026-03-26 16:04:04.783	2.031	28.103	4.181	32.418	1020.536	1534.714
2026-03-26 16:04:05.783	1.982	28.112	4.172	32.403	1020.523	1534.715
2026-03-26 16:04:06.783	1.89	28.135	4.173	32.412	1020.484	1534.791
2026-03-26 16:04:07.783	1.811	28.104	4.187	32.393	1020.5	1534.604
2026-03-26 16:04:08.783	1.789	28.117	4.18	32.422	1020.473	1534.777
2026-03-26 16:04:09.783	1.743	28.141	4.183	32.394	1020.483	1534.851
2026-03-26 16:04:10.783	1.687	28.137	4.197	32.412	1020.467	1534.734
2026-03-26 16:04:11.786	1.579	28.111	4.18	32.422	1020.475	1534.763
2026-03-26 16:04:12.783	1.552	28.116	4.196	32.42	1020.517	1534.806
2026-03-26 16:04:13.783	1.472	28.153	4.186	32.415	1020.449	1534.788
2026-03-26 16:04:14.784	1.412	28.151	4.197	32.39	1020.454	1534.684
2026-03-26 16:04:15.783	1.35	28.117	4.202	32.414	1020.463	1534.596
2026-03-26 16:04:16.784	1.252	28.138	4.206	32.395	1020.467	1534.73
2026-03-26 16:04:17.783	1.16	28.177	4.211	32.389	1020.423	1534.76
2026-03-26 16:04:18.783	1.019	28.202	4.21	32.397	1020.439	1534.884
2026-03-26 16:04:19.783	0.933	28.181	4.219	32.399	1020.404	1534.697
2026-03-26 16:04:20.782	0.832	28.209	4.22	32.404	1020.444	1534.771
2026-03-26 16:04:21.783	0.704	28.217	4.211	32.381	1020.397	1534.788
2026-03-26 16:04:22.784	0.623	28.216	4.224	32.39	1020.419	1534.725
2026-03-26 16:04:23.782	0.544	28.234	4.212	32.357	1020.373	1534.749
2026-03-26 16:04:24.783	0.431	28.224	4.229	32.363	1020.352	1534.772
2026-03-26 16:04:25.782	0.368	28.262	4.217	32.352	1020.332	1534.835
2026-03-26 16:04:26.784	0.335	28.228	4.23	32.358	1020.351	1534.756
2026-03-26 16:04:27.783	0.3	28.244	4.231	32.368	1020.386	1534.731
2026-03-26 16:04:28.783	0.278	28.232	4.232	32.346	1020.322	1534.785
2026-03-26 16:04:29.783	0.259	28.259	4.233	32.339	1020.334	1534.824
2026-03-26 16:04:30.783	0.305	28.26	4.235	32.359	1020.355	1534.823
2026-03-26 16:04:31.783	0.34	28.208	4.239	32.35	1020.368	1534.692
2026-03-26 16:04:32.784	0.398	28.219	4.241	32.345	1020.363	1534.671
2026-03-26 16:04:33.784	0.512	28.206	4.228	32.315	1020.326	1534.734
2026-03-26 16:04:34.784	0.575	28.2	4.237	32.302	1020.338	1534.712
2026-03-26 16:04:35.783	0.736	28.138	4.23	32.3	1020.343	1534.44
2026-03-26 16:04:36.785	0.845	28.144	4.242	32.313	1020.36	1534.598
2026-03-26 16:04:37.786	1.005	28.113	4.238	32.309	1020.394	1534.392
2026-03-26 16:04:38.783	1.179	28.089	4.24	32.309	1020.42	1534.497
2026-03-26 16:04:39.784	1.329	28.064	4.242	32.301	1020.408	1534.387
2026-03-26 16:04:40.785	1.519	28.009	4.245	32.29	1020.431	1534.301
2026-03-26 16:04:41.784	1.643	28.004	4.241	32.266	1020.407	1534.191
2026-03-26 16:04:42.783	1.823	27.994	4.237	32.298	1020.463	1534.37
2026-03-26 16:04:43.783	1.965	27.972	4.231	32.264	1020.413	1534.126
2026-03-26 16:04:44.783	2.102	27.921	4.238	32.276	1020.448	1533.987
2026-03-26 16:04:45.783	2.279	27.925	4.228	32.263	1020.456	1534.175
2026-03-26 16:04:46.783	2.391	27.862	4.243	32.248	1020.424	1533.891
2026-03-26 16:04:47.783	2.466	27.885	4.245	32.244	1020.425	1533.927
2026-03-26 16:04:48.783	2.566	27.853	4.242	32.239	1020.452	1533.957
2026-03-26 16:04:49.783	2.669	27.863	4.242	32.245	1020.445	1534.055
2026-03-26 16:04:50.784	2.736	27.861	4.243	32.237	1020.44	1534.024
2026-03-26 16:04:51.783	2.751	27.824	4.242	32.229	1020.461	1533.811
2026-03-26 16:04:52.782	2.84	27.826	4.242	32.236	1020.458	1533.854
2026-03-26 16:04:53.783	2.868	27.812	4.221	32.248	1020.516	1533.811
2026-03-26 16:04:54.783	2.866	27.829	4.223	32.245	1020.454	1533.837
2026-03-26 16:04:55.782	2.924	27.838	4.227	32.24	1020.47	1534.053
2026-03-26 16:04:56.783	2.925	27.85	4.235	32.227	1020.463	1533.984
2026-03-26 16:04:57.783	2.996	27.795	4.217	32.239	1020.506	1533.89
2026-03-26 16:04:58.783	2.985	27.829	4.226	32.243	1020.5	1534.003
2026-03-26 16:04:59.783	3.065	27.807	4.223	32.206	1020.439	1533.884
2026-03-26 16:05:00.783	3.105	27.817	4.229	32.224	1020.495	1533.994
2026-03-26 16:05:01.785	3.145	27.794	4.228	32.202	1020.454	1533.888
2026-03-26 16:05:02.783	3.149	27.807	4.216	32.228	1020.503	1533.947
2026-03-26 16:05:03.783	3.228	27.793	4.221	32.212	1020.462	1533.759
2026-03-26 16:05:04.783	3.299	27.795	4.209	32.23	1020.491	1533.925
2026-03-26 16:05:05.783	3.336	27.78	4.209	32.207	1020.508	1533.839
2026-03-26 16:05:06.784	3.392	27.809	4.205	32.195	1020.453	1533.91
2026-03-26 16:05:07.783	3.404	27.792	4.213	32.207	1020.513	1533.796
2026-03-26 16:05:08.783	3.45	27.768	4.212	32.214	1020.495	1533.747
2026-03-26 16:05:09.783	3.476	27.807	4.198	32.217	1020.477	1533.934
2026-03-26 16:05:10.782	3.534	27.778	4.191	32.185	1020.504	1533.792
2026-03-26 16:05:11.786	3.515	27.791	4.202	32.209	1020.468	1533.841
2026-03-26 16:05:12.784	3.531	27.771	4.19	32.193	1020.516	1533.842
2026-03-26 16:05:13.784	3.476	27.792	4.2	32.197	1020.48	1533.89
2026-03-26 16:05:14.783	3.409	27.85	4.186	32.2	1020.447	1533.943
2026-03-26 16:05:15.783	3.329	27.849	4.197	32.167	1020.419	1533.92
2026-03-26 16:05:16.783	3.241	27.881	4.183	32.195	1020.436	1534.089
2026-03-26 16:05:17.783	3.148	27.898	4.184	32.186	1020.427	1534.191
2026-03-26 16:05:18.785	3.032	27.889	4.19	32.19	1020.438	1534.138
2026-03-26 16:05:19.783	2.865	27.963	4.18	32.173	1020.371	1534.135
2026-03-26 16:05:20.786	2.729	27.97	4.176	32.168	1020.397	1534.234
2026-03-26 16:05:21.782	2.551	28.008	4.177	32.159	1020.354	1534.371
2026-03-26 16:05:22.783	2.339	28.018	4.18	32.159	1020.365	1534.328
2026-03-26 16:05:23.784	2.185	28.074	4.174	32.13	1020.315	1534.372
2026-03-26 16:05:24.783	2.002	28.089	4.164	32.151	1020.334	1534.335
2026-03-26 16:05:25.783	1.845	28.142	4.182	32.153	1020.312	1534.533
2026-03-26 16:05:26.783	1.655	28.183	4.17	32.142	1020.279	1534.516
2026-03-26 16:05:27.783	1.512	28.17	4.175	32.127	1020.247	1534.563
2026-03-26 16:05:28.783	1.318	28.234	4.17	32.101	1020.21	1534.608
2026-03-26 16:05:29.783	1.218	28.256	4.163	32.108	1020.21	1534.584
2026-03-26 16:05:30.783	1.09	28.295	4.168	32.101	1020.19	1534.714
2026-03-26 16:05:31.783	0.993	28.284	4.163	32.118	1020.209	1534.735
2026-03-26 16:05:32.784	0.874	28.313	4.164	32.09	1020.132	1534.697
2026-03-26 16:05:33.782	0.827	28.35	4.153	32.086	1020.128	1534.909
2026-03-26 16:05:34.784	0.777	28.353	4.152	32.085	1020.138	1534.735
2026-03-26 16:05:35.783	0.737	28.397	4.151	32.078	1020.116	1534.999
2026-03-26 16:05:36.784	0.714	28.351	4.154	32.056	1020.111	1534.71
2026-03-26 16:05:37.783	0.712	28.381	4.152	32.047	1020.112	1534.863
2026-03-26 16:05:38.783	0.678	28.37	4.152	32.024	1020.073	1534.857
2026-03-26 16:05:39.782	0.698	28.416	4.158	32.045	1020.112	1534.917
2026-03-26 16:05:40.782	0.729	28.383	4.158	32.031	1020.063	1534.817
2026-03-26 16:05:41.783	0.75	28.401	4.159	31.99	1020.067	1534.903
2026-03-26 16:05:42.786	0.753	28.395	4.147	32.003	1020.049	1534.802
2026-03-26 16:05:43.783	0.79	28.409	4.153	31.994	1020.056	1534.791
2026-03-26 16:05:44.782	0.817	28.448	4.145	31.959	1020.05	1534.877
2026-03-26 16:05:45.783	0.802	28.444	4.141	31.967	1020.037	1534.956
2026-03-26 16:05:46.783	0.806	28.444	4.152	31.967	1020.024	1534.997
2026-03-26 16:05:47.785	0.813	28.429	4.139	31.945	1020.002	1534.885
2026-03-26 16:05:48.784	0.801	28.475	4.152	31.904	1019.982	1534.992
2026-03-26 16:05:49.783	0.804	28.472	4.139	31.927	1020.016	1535.002
2026-03-26 16:05:50.783	0.811	28.473	4.15	31.906	1019.985	1534.902
2026-03-26 16:05:51.783	0.811	28.5	4.142	31.897	1019.954	1534.924
2026-03-26 16:05:52.783	0.814	28.472	4.14	31.859	1019.917	1534.893
2026-03-26 16:05:53.783	0.826	28.513	4.155	31.843	1019.92	1534.985
2026-03-26 16:05:54.785	0.823	28.497	4.158	31.831	1019.899	1534.872
2026-03-26 16:05:55.782	0.867	28.478	4.143	31.838	1019.91	1534.9
2026-03-26 16:05:56.783	0.905	28.48	4.158	31.799	1019.92	1534.819
2026-03-26 16:05:57.783	0.991	28.507	4.161	31.819	1019.896	1534.962
2026-03-26 16:05:58.783	1.056	28.498	4.142	31.776	1019.864	1534.983
2026-03-26 16:05:59.783	1.123	28.46	4.151	31.794	1019.932	1534.818
2026-03-26 16:06:00.783	1.227	28.476	4.162	31.777	1019.866	1534.814
2026-03-26 16:06:01.783	1.374	28.433	4.159	31.741	1019.856	1534.686
2026-03-26 16:06:02.783	1.464	28.419	4.162	31.738	1019.916	1534.777
2026-03-26 16:06:03.783	1.62	28.405	4.158	31.708	1019.892	1534.637
2026-03-26 16:06:04.784	1.809	28.396	4.161	31.725	1019.923	1534.74
2026-03-26 16:06:05.786	1.986	28.411	4.167	31.713	1019.892	1534.683
2026-03-26 16:06:06.786	2.132	28.356	4.154	31.702	1019.892	1534.693
2026-03-26 16:06:07.783	2.323	28.369	4.15	31.69	1019.913	1534.593
2026-03-26 16:06:08.784	2.473	28.311	4.156	31.667	1019.92	1534.489
2026-03-26 16:06:09.784	2.682	28.321	4.155	31.629	1019.891	1534.501
2026-03-26 16:06:10.782	2.82	28.296	4.156	31.646	1019.895	1534.479
2026-03-26 16:06:11.785	3.015	28.25	4.158	31.62	1019.922	1534.296
2026-03-26 16:06:12.784	3.158	28.266	4.169	31.596	1019.909	1534.444
2026-03-26 16:06:13.783	3.293	28.218	4.17	31.612	1019.919	1534.254
2026-03-26 16:06:14.782	3.368	28.201	4.161	31.593	1019.924	1534.316
2026-03-26 16:06:15.783	3.486	28.226	4.177	31.596	1019.938	1534.428
2026-03-26 16:06:16.785	3.514	28.223	4.183	31.568	1019.909	1534.338
2026-03-26 16:06:17.783	3.555	28.19	4.18	31.559	1019.894	1534.183
2026-03-26 16:06:18.784	3.575	28.194	4.186	31.557	1019.916	1534.217
2026-03-26 16:06:19.784	3.631	28.196	4.173	31.544	1019.903	1534.247
2026-03-26 16:06:20.783	3.57	28.214	4.179	31.538	1019.907	1534.301
2026-03-26 16:06:21.784	3.558	28.21	4.178	31.528	1019.894	1534.222
2026-03-26 16:06:22.783	3.542	28.196	4.188	31.543	1019.885	1534.138
2026-03-26 16:06:23.783	3.462	28.24	4.191	31.518	1019.837	1534.335
2026-03-26 16:06:24.783	3.407	28.234	4.199	31.528	1019.84	1534.288
2026-03-26 16:06:25.784	3.359	28.229	4.198	31.524	1019.874	1534.28
2026-03-26 16:06:26.783	3.281	28.244	4.19	31.513	1019.836	1534.344
2026-03-26 16:06:27.783	3.217	28.24	4.203	31.503	1019.841	1534.181
2026-03-26 16:06:28.786	3.155	28.256	4.194	31.509	1019.85	1534.31
2026-03-26 16:06:29.782	3.068	28.271	4.213	31.501	1019.793	1534.345
2026-03-26 16:06:30.783	3.035	28.286	4.208	31.485	1019.796	1534.366
2026-03-26 16:06:31.783	2.952	28.28	4.202	31.487	1019.814	1534.284
2026-03-26 16:06:32.783	2.912	28.298	4.205	31.494	1019.811	1534.26
2026-03-26 16:06:33.783	2.876	28.347	4.225	31.509	1019.781	1534.511
2026-03-26 16:06:34.783	2.787	28.318	4.217	31.489	1019.756	1534.347
2026-03-26 16:06:35.787	2.784	28.306	4.223	31.511	1019.809	1534.344
2026-03-26 16:06:36.784	2.742	28.347	4.217	31.51	1019.788	1534.491
2026-03-26 16:06:37.782	2.682	28.366	4.221	31.499	1019.778	1534.533
2026-03-26 16:06:38.784	2.656	28.364	4.234	31.52	1019.79	1534.516
2026-03-26 16:06:39.785	2.611	28.329	4.216	31.506	1019.778	1534.34
2026-03-26 16:06:40.784	2.547	28.356	4.23	31.54	1019.772	1534.489
2026-03-26 16:06:41.785	2.481	28.368	4.231	31.522	1019.762	1534.531
2026-03-26 16:06:42.784	2.391	28.359	4.23	31.542	1019.822	1534.497
2026-03-26 16:06:43.783	2.288	28.382	4.23	31.549	1019.775	1534.546
2026-03-26 16:06:44.785	2.21	28.387	4.235	31.533	1019.748	1534.533
2026-03-26 16:06:45.783	2.078	28.396	4.228	31.562	1019.806	1534.633
2026-03-26 16:06:46.784	1.941	28.452	4.235	31.578	1019.783	1534.697
2026-03-26 16:06:47.784	1.805	28.422	4.233	31.566	1019.798	1534.507
2026-03-26 16:06:48.782	1.666	28.447	4.232	31.594	1019.77	1534.709
2026-03-26 16:06:49.783	1.543	28.499	4.243	31.572	1019.771	1534.774
2026-03-26 16:06:50.785	1.39	28.471	4.238	31.607	1019.767	1534.635
2026-03-26 16:06:51.784	1.245	28.522	4.236	31.595	1019.749	1534.724
2026-03-26 16:06:52.783	1.04	28.555	4.252	31.603	1019.754	1534.953
2026-03-26 16:06:53.782	0.94	28.541	4.247	31.642	1019.76	1534.85
2026-03-26 16:06:54.783	0.753	28.589	4.237	31.623	1019.727	1534.942
2026-03-26 16:06:55.782	0.618	28.612	4.244	31.649	1019.746	1534.979
2026-03-26 16:06:56.783	0.538	28.597	4.251	31.651	1019.736	1534.928
2026-03-26 16:06:57.783	0.407	28.617	4.241	31.668	1019.707	1535.102
2026-03-26 16:06:58.783	0.314	28.601	4.244	31.69	1019.758	1534.951
2026-03-26 16:06:59.783	0.28	28.631	4.24	31.708	1019.737	1535.142
2026-03-26 16:07:00.783	0.219	28.623	4.241	31.702	1019.742	1535.109
2026-03-26 16:07:01.783	0.252	28.583	4.234	31.698	1019.738	1534.853
2026-03-26 16:07:02.784	0.25	28.607	4.249	31.708	1019.786	1535.058
2026-03-26 16:07:03.783	0.257	28.615	4.241	31.749	1019.82	1535.041
2026-03-26 16:07:04.784	0.323	28.575	4.244	31.739	1019.799	1534.959
2026-03-26 16:07:05.784	0.365	28.551	4.24	31.746	1019.83	1534.822
2026-03-26 16:07:06.783	0.464	28.524	4.227	31.771	1019.837	1534.971
2026-03-26 16:07:07.783	0.523	28.531	4.238	31.779	1019.87	1534.84
2026-03-26 16:07:08.782	0.68	28.516	4.22	31.795	1019.861	1534.982
2026-03-26 16:07:09.785	0.758	28.499	4.223	31.821	1019.888	1534.891
2026-03-26 16:07:10.783	0.91	28.459	4.217	31.816	1019.94	1534.783
2026-03-26 16:07:11.784	1.004	28.432	4.225	31.846	1019.954	1534.87
2026-03-26 16:07:12.782	1.142	28.384	4.209	31.828	1019.975	1534.65
2026-03-26 16:07:13.782	1.238	28.386	4.217	31.84	1019.943	1534.671
2026-03-26 16:07:14.783	1.349	28.344	4.208	31.857	1019.978	1534.667
2026-03-26 16:07:15.783	1.444	28.35	4.22	31.872	1020.026	1534.641
2026-03-26 16:07:16.792	1.566	28.299	4.208	31.874	1020.005	1534.515
2026-03-26 16:07:17.782	1.615	28.292	4.212	31.882	1020.024	1534.562
2026-03-26 16:07:18.783	1.7	28.272	4.21	31.929	1020.054	1534.49
2026-03-26 16:07:19.783	1.786	28.249	4.201	31.901	1020.089	1534.446
2026-03-26 16:07:20.784	1.831	28.249	4.2	31.923	1020.087	1534.434
2026-03-26 16:07:21.783	1.888	28.23	4.195	31.93	1020.12	1534.583
2026-03-26 16:07:22.782	1.989	28.178	4.194	31.97	1020.123	1534.488
2026-03-26 16:07:23.785	2.057	28.19	4.179	31.974	1020.124	1534.55
2026-03-26 16:07:24.783	2.077	28.194	4.19	31.959	1020.109	1534.493
2026-03-26 16:07:25.783	2.124	28.191	4.186	31.961	1020.131	1534.535
2026-03-26 16:07:26.785	2.218	28.16	4.184	31.987	1020.17	1534.34
2026-03-26 16:07:27.783	2.296	28.138	4.186	32.002	1020.198	1534.338
2026-03-26 16:07:28.784	2.365	28.08	4.172	32.003	1020.196	1534.164
2026-03-26 16:07:29.783	2.464	28.063	4.177	32.011	1020.238	1534.281
2026-03-26 16:07:30.783	2.546	28.071	4.179	32.001	1020.239	1534.32
2026-03-26 16:07:31.783	2.654	28.057	4.171	32.034	1020.277	1534.236
2026-03-26 16:07:32.784	2.734	28.022	4.172	32.046	1020.249	1534.284
2026-03-26 16:07:33.785	2.875	27.962	4.16	32.029	1020.283	1534.005
2026-03-26 16:07:34.783	2.993	27.958	4.162	32.047	1020.284	1534.072
2026-03-26 16:07:35.783	3.11	27.912	4.16	32.043	1020.343	1534.012
2026-03-26 16:07:36.782	3.231	27.942	4.153	32.048	1020.342	1534.092
2026-03-26 16:07:37.784	3.356	27.868	4.145	32.076	1020.367	1533.894
2026-03-26 16:07:38.783	3.466	27.857	4.149	32.069	1020.388	1533.9
2026-03-26 16:07:39.783	3.539	27.82	4.152	32.078	1020.387	1533.822
2026-03-26 16:07:40.783	3.616	27.806	4.14	32.093	1020.416	1533.852
2026-03-26 16:07:41.784	3.688	27.797	4.147	32.075	1020.422	1533.719
2026-03-26 16:07:42.784	3.725	27.83	4.142	32.106	1020.42	1533.92
2026-03-26 16:07:43.783	3.763	27.77	4.131	32.097	1020.437	1533.658
2026-03-26 16:07:44.783	3.782	27.809	4.13	32.089	1020.41	1533.893
2026-03-26 16:07:45.783	3.777	27.75	4.125	32.091	1020.42	1533.744
2026-03-26 16:07:46.783	3.707	27.778	4.133	32.111	1020.453	1533.796
2026-03-26 16:07:47.783	3.64	27.814	4.143	32.107	1020.406	1533.886
2026-03-26 16:07:48.782	3.546	27.778	4.124	32.099	1020.436	1533.658
2026-03-26 16:07:49.783	3.456	27.814	4.126	32.103	1020.395	1533.785
2026-03-26 16:07:50.785	3.334	27.816	4.133	32.124	1020.387	1533.834
2026-03-26 16:07:51.784	3.219	27.853	4.127	32.136	1020.417	1533.951
2026-03-26 16:07:52.783	3.088	27.851	4.124	32.132	1020.428	1533.829
2026-03-26 16:07:53.782	2.9	27.879	4.127	32.141	1020.402	1533.919
2026-03-26 16:07:54.783	2.789	27.887	4.14	32.147	1020.414	1534.045
2026-03-26 16:07:55.783	2.641	27.923	4.136	32.137	1020.357	1534.105
2026-03-26 16:07:56.784	2.456	27.946	4.141	32.149	1020.341	1534.101
2026-03-26 16:07:57.783	2.317	27.935	4.14	32.158	1020.349	1534.032
2026-03-26 16:07:58.783	2.136	27.972	4.128	32.133	1020.32	1534.036
2026-03-26 16:07:59.783	2.009	28.005	4.133	32.129	1020.297	1534.153
2026-03-26 16:08:00.786	1.886	28.01	4.146	32.135	1020.336	1534.037
2026-03-26 16:08:01.783	1.79	28.006	4.143	32.162	1020.324	1534.199
2026-03-26 16:08:02.786	1.692	28.011	4.136	32.175	1020.319	1534.14
2026-03-26 16:08:03.783	1.618	28.008	4.142	32.181	1020.316	1534.207
2026-03-26 16:08:04.783	1.528	28.064	4.147	32.157	1020.322	1534.329
2026-03-26 16:08:05.785	1.484	28.052	4.151	32.181	1020.332	1534.158
2026-03-26 16:08:06.785	1.44	28.033	4.156	32.173	1020.308	1534.222
2026-03-26 16:08:07.783	1.338	28.068	4.159	32.179	1020.311	1534.244
2026-03-26 16:08:08.784	1.294	28.054	4.15	32.205	1020.323	1534.255
2026-03-26 16:08:09.784	1.299	28.049	4.159	32.178	1020.319	1534.095
2026-03-26 16:08:10.782	1.254	28.052	4.166	32.209	1020.302	1534.319
2026-03-26 16:08:11.783	1.175	28.057	4.164	32.202	1020.292	1534.25
2026-03-26 16:08:12.782	1.174	28.077	4.155	32.198	1020.33	1534.174
2026-03-26 16:08:13.784	1.132	28.077	4.171	32.217	1020.318	1534.315
2026-03-26 16:08:14.782	1.037	28.069	4.162	32.235	1020.314	1534.333
2026-03-26 16:08:15.783	0.981	28.076	4.159	32.211	1020.33	1534.182
2026-03-26 16:08:16.783	0.935	28.11	4.174	32.232	1020.284	1534.404
2026-03-26 16:08:17.784	0.887	28.093	4.163	32.254	1020.346	1534.318
2026-03-26 16:08:18.783	0.774	28.133	4.175	32.26	1020.348	1534.397
2026-03-26 16:08:19.784	0.731	28.123	4.176	32.23	1020.292	1534.318
2026-03-26 16:08:20.785	0.663	28.164	4.182	32.254	1020.28	1534.525
2026-03-26 16:08:21.786	0.578	28.17	4.179	32.277	1020.298	1534.582
2026-03-26 16:08:22.783	0.508	28.166	4.18	32.263	1020.283	1534.555
2026-03-26 16:08:23.784	0.459	28.174	4.199	32.26	1020.282	1534.384
2026-03-26 16:08:24.783	0.457	28.189	4.2	32.265	1020.314	1534.591
2026-03-26 16:08:25.783	0.429	28.179	4.187	32.309	1020.336	1534.633
2026-03-26 16:08:26.785	0.391	28.195	4.202	32.287	1020.334	1534.575
2026-03-26 16:08:27.786	0.39	28.194	4.204	32.306	1020.343	1534.616
2026-03-26 16:08:28.782	0.435	28.217	4.199	32.305	1020.296	1534.629
2026-03-26 16:08:29.786	0.474	28.194	4.211	32.322	1020.349	1534.561
2026-03-26 16:08:30.783	0.534	28.191	4.202	32.342	1020.381	1534.634
2026-03-26 16:08:31.784	0.62	28.173	4.22	32.353	1020.349	1534.56
2026-03-26 16:08:32.783	0.743	28.189	4.222	32.337	1020.369	1534.709
2026-03-26 16:08:33.784	0.854	28.142	4.209	32.338	1020.387	1534.543
2026-03-26 16:08:34.783	0.995	28.122	4.223	32.355	1020.411	1534.483
2026-03-26 16:08:35.783	1.147	28.134	4.212	32.354	1020.441	1534.682
2026-03-26 16:08:36.785	1.357	28.1	4.211	32.362	1020.411	1534.508
2026-03-26 16:08:37.783	1.495	28.079	4.223	32.372	1020.482	1534.563
2026-03-26 16:08:38.782	1.675	28.028	4.226	32.396	1020.522	1534.546
2026-03-26 16:08:39.784	1.877	28.043	4.224	32.376	1020.458	1534.544
2026-03-26 16:08:40.784	2.029	27.997	4.217	32.398	1020.527	1534.441
2026-03-26 16:08:41.783	2.21	27.967	4.233	32.394	1020.559	1534.397
2026-03-26 16:08:42.784	2.389	28.0	4.22	32.386	1020.506	1534.42
2026-03-26 16:08:43.783	2.49	27.949	4.23	32.397	1020.572	1534.394
2026-03-26 16:08:44.783	2.681	27.924	4.235	32.43	1020.57	1534.364
2026-03-26 16:08:45.783	2.772	27.951	4.234	32.43	1020.611	1534.393
2026-03-26 16:08:46.784	2.893	27.902	4.239	32.443	1020.644	1534.337
2026-03-26 16:08:47.782	2.932	27.938	4.236	32.416	1020.616	1534.383
2026-03-26 16:08:48.783	3.022	27.928	4.233	32.435	1020.61	1534.492
2026-03-26 16:08:49.783	3.072	27.902	4.235	32.42	1020.591	1534.393
2026-03-26 16:08:50.784	3.143	27.924	4.248	32.44	1020.635	1534.47
2026-03-26 16:08:51.782	3.15	27.924	4.24	32.459	1020.647	1534.543
2026-03-26 16:08:52.782	3.16	27.94	4.249	32.447	1020.639	1534.487
2026-03-26 16:08:53.783	3.181	27.909	4.233	32.462	1020.628	1534.546
2026-03-26 16:08:54.783	3.199	27.894	4.244	32.449	1020.656	1534.426
2026-03-26 16:08:55.783	3.171	27.938	4.235	32.439	1020.605	1534.528
2026-03-26 16:08:56.783	3.201	27.966	4.24	32.447	1020.622	1534.543
2026-03-26 16:08:57.784	3.188	27.976	4.24	32.451	1020.626	1534.681
2026-03-26 16:08:58.783	3.194	27.933	4.243	32.452	1020.662	1534.63
2026-03-26 16:08:59.784	3.215	27.934	4.239	32.446	1020.655	1534.521
2026-03-26 16:09:00.784	3.22	27.939	4.251	32.454	1020.652	1534.48
2026-03-26 16:09:01.782	3.236	27.949	4.24	32.43	1020.593	1534.61
2026-03-26 16:09:02.784	3.213	27.975	4.238	32.454	1020.606	1534.634
2026-03-26 16:09:03.783	3.256	28.004	4.251	32.432	1020.614	1534.62
2026-03-26 16:09:04.784	3.267	27.967	4.233	32.417	1020.602	1534.614
2026-03-26 16:09:05.789	3.248	27.98	4.23	32.42	1020.584	1534.734
2026-03-26 16:09:06.783	3.282	28.003	4.229	32.433	1020.628	1534.686
2026-03-26 16:09:07.784	3.312	27.988	4.227	32.396	1020.612	1534.627
2026-03-26 16:09:08.788	3.281	28.003	4.233	32.426	1020.583	1534.642
2026-03-26 16:09:09.783	3.286	28.046	4.228	32.396	1020.566	1534.839
2026-03-26 16:09:10.783	3.271	28.046	4.225	32.399	1020.582	1534.813
2026-03-26 16:09:11.784	3.226	28.058	4.233	32.371	1020.541	1534.803
2026-03-26 16:09:12.786	3.166	28.079	4.226	32.378	1020.541	1534.783
2026-03-26 16:09:13.782	3.104	28.097	4.236	32.36	1020.504	1534.796
2026-03-26 16:09:14.782	3.004	28.115	4.219	32.344	1020.48	1534.912
2026-03-26 16:09:15.782	2.913	28.117	4.221	32.331	1020.513	1534.905
2026-03-26 16:09:16.783	2.777	28.125	4.221	32.353	1020.506	1534.805
2026-03-26 16:09:17.784	2.656	28.149	4.222	32.324	1020.45	1534.955
2026-03-26 16:09:18.783	2.5	28.213	4.23	32.331	1020.469	1535.036
2026-03-26 16:09:19.783	2.317	28.263	4.219	32.316	1020.412	1535.14
2026-03-26 16:09:20.782	2.174	28.249	4.209	32.276	1020.391	1535.033
2026-03-26 16:09:21.784	1.97	28.331	4.22	32.286	1020.341	1535.195
2026-03-26 16:09:22.783	1.808	28.339	4.225	32.249	1020.313	1535.115
2026-03-26 16:09:23.784	1.597	28.372	4.214	32.248	1020.286	1535.291
2026-03-26 16:09:24.782	1.459	28.384	4.208	32.251	1020.317	1535.14
2026-03-26 16:09:25.783	1.269	28.443	4.213	32.219	1020.251	1535.392
2026-03-26 16:09:26.783	1.113	28.457	4.211	32.221	1020.242	1535.373
2026-03-26 16:09:27.783	0.978	28.51	4.199	32.2	1020.215	1535.444
2026-03-26 16:09:28.782	0.841	28.514	4.203	32.166	1020.155	1535.432
2026-03-26 16:09:29.784	0.765	28.523	4.198	32.159	1020.18	1535.367
2026-03-26 16:09:30.784	0.652	28.545	4.203	32.156	1020.139	1535.435
2026-03-26 16:09:31.783	0.563	28.573	4.197	32.132	1020.118	1535.379
2026-03-26 16:09:32.784	0.522	28.573	4.199	32.104	1020.078	1535.332
2026-03-26 16:09:33.783	0.508	28.587	4.186	32.088	1020.051	1535.344
2026-03-26 16:09:34.786	0.504	28.607	4.185	32.068	1020.048	1535.382
2026-03-26 16:09:35.783	0.49	28.622	4.189	32.078	1020.055	1535.442
2026-03-26 16:09:36.785	0.509	28.623	4.177	32.05	1020.047	1535.514
2026-03-26 16:09:37.783	0.561	28.6	4.19	32.028	1020.019	1535.446
2026-03-26 16:09:38.784	0.581	28.626	4.183	32.02	1020.023	1535.578
2026-03-26 16:09:39.782	0.621	28.632	4.182	32.005	1020.007	1535.533
2026-03-26 16:09:40.784	0.684	28.585	4.18	31.998	1019.99	1535.393
2026-03-26 16:09:41.783	0.699	28.632	4.17	31.985	1020.003	1535.446
2026-03-26 16:09:42.783	0.783	28.571	4.163	31.963	1019.983	1535.339
2026-03-26 16:09:43.783	0.829	28.602	4.166	31.948	1019.982	1535.454
2026-03-26 16:09:44.783	0.872	28.609	4.16	31.922	1019.955	1535.364
2026-03-26 16:09:45.783	0.937	28.598	4.164	31.932	1020.0	1535.348
2026-03-26 16:09:46.783	0.962	28.58	4.166	31.896	1019.96	1535.191
2026-03-26 16:09:47.805	0.996	28.563	4.156	31.873	1019.958	1535.197
2026-03-26 16:09:48.786	1.026	28.567	4.16	31.86	1019.929	1535.161
2026-03-26 16:09:49.784	1.084	28.565	4.156	31.865	1019.914	1535.177
2026-03-26 16:09:50.783	1.065	28.565	4.158	31.843	1019.936	1535.129
2026-03-26 16:09:51.783	1.122	28.573	4.158	31.842	1019.895	1535.158
2026-03-26 16:09:52.783	1.123	28.55	4.145	31.835	1019.899	1535.134
2026-03-26 16:09:53.784	1.205	28.566	4.149	31.827	1019.89	1535.243
2026-03-26 16:09:54.784	1.214	28.583	4.16	31.795	1019.879	1535.285
2026-03-26 16:09:55.840	1.31	28.545	4.147	31.77	1019.863	1534.996
2026-03-26 16:09:56.783	1.349	28.559	4.152	31.77	1019.859	1535.143
2026-03-26 16:09:57.784	1.457	28.501	4.149	31.76	1019.893	1535.027
2026-03-26 16:09:58.789	1.514	28.547	4.154	31.762	1019.895	1535.087
2026-03-26 16:09:59.783	1.658	28.477	4.146	31.736	1019.907	1535.009
2026-03-26 16:10:00.787	1.743	28.482	4.147	31.739	1019.875	1534.899
2026-03-26 16:10:01.783	1.905	28.467	4.147	31.718	1019.904	1534.894
2026-03-26 16:10:02.783	2.025	28.431	4.146	31.71	1019.882	1534.728
2026-03-26 16:10:03.783	2.194	28.438	4.142	31.698	1019.911	1534.871
2026-03-26 16:10:04.783	2.368	28.369	4.142	31.711	1019.893	1534.786
2026-03-26 16:10:05.783	2.49	28.397	4.134	31.714	1019.907	1534.772
2026-03-26 16:10:06.783	2.658	28.34	4.134	31.702	1019.914	1534.67
2026-03-26 16:10:07.782	2.853	28.334	4.151	31.7	1019.959	1534.77
2026-03-26 16:10:08.785	2.974	28.298	4.145	31.697	1019.979	1534.684
2026-03-26 16:10:09.783	3.161	28.266	4.151	31.656	1019.918	1534.468
2026-03-26 16:10:10.786	3.295	28.245	4.149	31.662	1019.95	1534.43
2026-03-26 16:10:11.794	3.397	28.202	4.139	31.662	1019.993	1534.338
2026-03-26 16:10:12.784	3.535	28.175	4.133	31.669	1019.979	1534.323
2026-03-26 16:10:13.785	3.621	28.17	4.137	31.669	1019.968	1534.291
2026-03-26 16:10:14.783	3.693	28.174	4.143	31.647	1019.979	1534.23
2026-03-26 16:10:15.783	3.722	28.182	4.145	31.656	1019.966	1534.353
2026-03-26 16:10:16.784	3.743	28.159	4.15	31.657	1019.979	1534.386
2026-03-26 16:10:17.785	3.717	28.16	4.15	31.658	1019.994	1534.23
2026-03-26 16:10:18.784	3.688	28.176	4.155	31.632	1019.952	1534.314
2026-03-26 16:10:19.783	3.656	28.156	4.16	31.653	1019.982	1534.365
2026-03-26 16:10:20.783	3.6	28.194	4.157	31.647	1019.978	1534.373
2026-03-26 16:10:21.782	3.572	28.178	4.158	31.628	1019.955	1534.245
2026-03-26 16:10:22.785	3.45	28.201	4.168	31.628	1019.941	1534.308
2026-03-26 16:10:23.785	3.361	28.179	4.158	31.643	1019.98	1534.366
2026-03-26 16:10:24.787	3.282	28.177	4.168	31.628	1019.929	1534.327
2026-03-26 16:10:25.783	3.168	28.224	4.165	31.66	1019.946	1534.41
2026-03-26 16:10:26.785	3.07	28.224	4.177	31.635	1019.915	1534.338
2026-03-26 16:10:27.817	2.962	28.249	4.181	31.662	1019.916	1534.415
2026-03-26 16:10:28.791	2.84	28.259	4.181	31.65	1019.937	1534.327
2026-03-26 16:10:29.810	2.752	28.244	4.186	31.651	1019.917	1534.411
2026-03-26 16:10:30.785	2.703	28.262	4.174	31.642	1019.911	1534.419
2026-03-26 16:10:31.784	2.591	28.263	4.189	31.669	1019.938	1534.458
2026-03-26 16:10:32.783	2.492	28.281	4.186	31.644	1019.868	1534.465
2026-03-26 16:10:33.803	2.433	28.273	4.194	31.671	1019.897	1534.387
2026-03-26 16:10:34.793	2.406	28.239	4.196	31.683	1019.903	1534.402
2026-03-26 16:10:35.782	2.34	28.259	4.194	31.681	1019.93	1534.313
2026-03-26 16:10:36.783	2.259	28.295	4.198	31.658	1019.921	1534.513
2026-03-26 16:10:37.787	2.194	28.302	4.199	31.688	1019.935	1534.421
2026-03-26 16:10:38.783	2.174	28.274	4.208	31.669	1019.927	1534.301
2026-03-26 16:10:39.790	2.099	28.27	4.212	31.694	1019.936	1534.326
2026-03-26 16:10:40.789	2.015	28.285	4.217	31.697	1019.939	1534.421
2026-03-26 16:10:41.782	1.957	28.306	4.215	31.68	1019.909	1534.415
2026-03-26 16:10:42.782	1.867	28.31	4.213	31.669	1019.867	1534.332
2026-03-26 16:10:43.783	1.793	28.319	4.213	31.674	1019.892	1534.508
2026-03-26 16:10:44.785	1.676	28.312	4.215	31.683	1019.882	1534.377
2026-03-26 16:10:45.783	1.616	28.309	4.227	31.7	1019.865	1534.425
2026-03-26 16:10:46.792	1.463	28.327	4.214	31.685	1019.863	1534.382
2026-03-26 16:10:47.802	1.319	28.326	4.226	31.7	1019.845	1534.4
2026-03-26 16:10:48.783	1.203	28.348	4.231	31.691	1019.86	1534.417
2026-03-26 16:10:49.783	1.092	28.365	4.237	31.708	1019.833	1534.468
2026-03-26 16:10:50.784	0.94	28.367	4.229	31.709	1019.863	1534.539
2026-03-26 16:10:51.783	0.793	28.366	4.229	31.716	1019.875	1534.341
2026-03-26 16:10:52.783	0.712	28.367	4.23	31.703	1019.845	1534.474
2026-03-26 16:10:53.790	0.585	28.406	4.233	31.701	1019.807	1534.573
2026-03-26 16:10:54.783	0.47	28.441	4.245	31.697	1019.817	1534.59
2026-03-26 16:10:55.784	0.394	28.436	4.235	31.703	1019.788	1534.486
2026-03-26 16:10:56.784	0.308	28.399	4.23	31.718	1019.799	1534.492
2026-03-26 16:10:57.783	0.252	28.409	4.246	31.694	1019.777	1534.47
2026-03-26 16:10:58.788	0.205	28.413	4.249	31.724	1019.837	1534.478
2026-03-26 16:10:59.783	0.23	28.391	4.244	31.695	1019.773	1534.393
2026-03-26 16:11:00.783	0.223	28.392	4.233	31.725	1019.828	1534.458
2026-03-26 16:11:01.787	0.22	28.425	4.243	31.718	1019.788	1534.432
2026-03-26 16:11:02.783	0.31	28.389	4.233	31.705	1019.799	1534.389
2026-03-26 16:11:03.785	0.359	28.392	4.242	31.728	1019.835	1534.482
2026-03-26 16:11:04.784	0.497	28.325	4.231	31.703	1019.818	1534.32
2026-03-26 16:11:05.782	0.58	28.294	4.238	31.713	1019.821	1534.248
2026-03-26 16:11:06.783	0.698	28.311	4.239	31.714	1019.874	1534.179
2026-03-26 16:11:07.783	0.851	28.244	4.235	31.702	1019.856	1534.131
2026-03-26 16:11:08.783	1.002	28.252	4.235	31.722	1019.892	1534.175
2026-03-26 16:11:09.786	1.136	28.21	4.225	31.728	1019.884	1534.092
2026-03-26 16:11:10.787	1.295	28.172	4.237	31.714	1019.932	1533.883
2026-03-26 16:11:11.783	1.439	28.141	4.233	31.701	1019.894	1533.917
2026-03-26 16:11:12.783	1.554	28.137	4.224	31.737	1019.933	1533.892
2026-03-26 16:11:13.783	1.663	28.131	4.223	31.707	1019.952	1533.821
2026-03-26 16:11:14.784	1.798	28.083	4.22	31.718	1019.97	1533.795
2026-03-26 16:11:15.783	1.908	28.024	4.228	31.731	1020.01	1533.696
2026-03-26 16:11:16.784	2.016	28.013	4.211	31.716	1020.006	1533.643
2026-03-26 16:11:17.787	2.124	28.0	4.22	31.719	1019.987	1533.661
2026-03-26 16:11:18.783	2.192	28.005	4.222	31.737	1019.986	1533.614
2026-03-26 16:11:19.790	2.297	27.999	4.219	31.734	1020.017	1533.696
2026-03-26 16:11:20.783	2.311	27.984	4.203	31.725	1019.994	1533.721
2026-03-26 16:11:21.784	2.399	27.952	4.218	31.736	1020.047	1533.502
2026-03-26 16:11:22.783	2.471	27.928	4.208	31.718	1020.048	1533.491
2026-03-26 16:11:23.784	2.525	27.949	4.2	31.736	1020.051	1533.595
2026-03-26 16:11:24.784	2.536	27.901	4.198	31.731	1020.069	1533.381
2026-03-26 16:11:25.785	2.603	27.926	4.196	31.722	1020.054	1533.535
2026-03-26 16:11:26.783	2.669	27.907	4.199	31.75	1020.099	1533.551
2026-03-26 16:11:27.783	2.723	27.882	4.191	31.735	1020.041	1533.44
2026-03-26 16:11:28.784	2.75	27.879	4.195	31.741	1020.056	1533.513
2026-03-26 16:11:29.783	2.824	27.882	4.195	31.747	1020.086	1533.431
2026-03-26 16:11:30.787	2.941	27.81	4.185	31.768	1020.117	1533.403
2026-03-26 16:11:31.783	2.984	27.835	4.178	31.744	1020.101	1533.401
2026-03-26 16:11:32.782	3.064	27.807	4.178	31.755	1020.121	1533.301
2026-03-26 16:11:33.788	3.171	27.794	4.185	31.768	1020.159	1533.389
2026-03-26 16:11:34.782	3.284	27.748	4.163	31.756	1020.13	1533.251
2026-03-26 16:11:35.783	3.356	27.759	4.179	31.797	1020.176	1533.36
2026-03-26 16:11:36.785	3.457	27.735	4.16	31.784	1020.193	1533.229
2026-03-26 16:11:37.783	3.5	27.754	4.167	31.786	1020.187	1533.258
2026-03-26 16:11:38.783	3.591	27.703	4.157	31.792	1020.17	1533.145
2026-03-26 16:11:39.784	3.604	27.717	4.153	31.823	1020.194	1533.284
2026-03-26 16:11:40.785	3.654	27.732	4.157	31.803	1020.227	1533.341
2026-03-26 16:11:41.784	3.665	27.723	4.163	31.831	1020.249	1533.249
2026-03-26 16:11:42.785	3.683	27.697	4.144	31.848	1020.219	1533.193
2026-03-26 16:11:43.782	3.657	27.7	4.155	31.855	1020.266	1533.251
2026-03-26 16:11:44.784	3.631	27.679	4.155	31.864	1020.271	1533.268
2026-03-26 16:11:45.782	3.541	27.711	4.155	31.884	1020.262	1533.197
2026-03-26 16:11:46.783	3.469	27.721	4.155	31.89	1020.23	1533.338
2026-03-26 16:11:47.784	3.333	27.736	4.146	31.887	1020.25	1533.266
2026-03-26 16:11:48.783	3.207	27.771	4.141	31.877	1020.217	1533.305
2026-03-26 16:11:49.783	3.067	27.809	4.15	31.901	1020.22	1533.461
2026-03-26 16:11:50.782	2.948	27.833	4.151	31.905	1020.209	1533.527
2026-03-26 16:11:51.782	2.784	27.82	4.145	31.941	1020.222	1533.489
2026-03-26 16:11:52.782	2.587	27.865	4.141	31.959	1020.213	1533.642
2026-03-26 16:11:53.783	2.434	27.905	4.143	31.977	1020.206	1533.716
2026-03-26 16:11:54.784	2.292	27.923	4.14	31.964	1020.19	1533.799
2026-03-26 16:11:55.783	2.084	27.934	4.129	31.965	1020.221	1533.65
2026-03-26 16:11:56.783	1.921	28.004	4.133	32.002	1020.185	1534.039
2026-03-26 16:11:57.788	1.801	28.017	4.146	32.022	1020.239	1534.006
2026-03-26 16:11:58.782	1.641	28.033	4.13	32.016	1020.217	1534.015
2026-03-26 16:11:59.783	1.512	28.039	4.143	32.034	1020.229	1534.033
2026-03-26 16:12:00.783	1.377	28.078	4.143	32.051	1020.192	1534.157
2026-03-26 16:12:01.783	1.315	28.089	4.139	32.085	1020.218	1534.246
2026-03-26 16:12:02.783	1.192	28.107	4.143	32.076	1020.194	1534.245
2026-03-26 16:12:03.784	1.114	28.127	4.137	32.099	1020.244	1534.315
2026-03-26 16:12:04.786	1.107	28.116	4.151	32.111	1020.241	1534.237
2026-03-26 16:12:05.785	1.031	28.16	4.133	32.133	1020.209	1534.42
2026-03-26 16:12:06.783	0.987	28.127	4.151	32.146	1020.247	1534.398
2026-03-26 16:12:07.783	0.965	28.157	4.143	32.15	1020.269	1534.451
2026-03-26 16:12:08.784	0.961	28.164	4.143	32.174	1020.28	1534.474
2026-03-26 16:12:09.783	0.941	28.18	4.149	32.167	1020.243	1534.469
2026-03-26 16:12:10.783	0.918	28.176	4.149	32.208	1020.279	1534.432
2026-03-26 16:12:11.783	0.922	28.161	4.147	32.234	1020.304	1534.465
2026-03-26 16:12:12.785	0.897	28.186	4.14	32.22	1020.268	1534.524
2026-03-26 16:12:13.783	0.878	28.189	4.146	32.24	1020.29	1534.559
2026-03-26 16:12:14.782	0.817	28.246	4.144	32.242	1020.311	1534.665
2026-03-26 16:12:15.783	0.789	28.219	4.145	32.287	1020.355	1534.781
2026-03-26 16:12:16.784	0.791	28.26	4.165	32.294	1020.296	1534.909
2026-03-26 16:12:17.784	0.772	28.271	4.166	32.297	1020.338	1534.901
2026-03-26 16:12:18.784	0.736	28.249	4.16	32.295	1020.347	1534.771
2026-03-26 16:12:19.782	0.671	28.247	4.157	32.324	1020.336	1534.812
2026-03-26 16:12:20.784	0.626	28.282	4.171	32.322	1020.356	1534.845
2026-03-26 16:12:21.784	0.593	28.293	4.173	32.362	1020.362	1534.983
2026-03-26 16:12:22.783	0.621	28.299	4.17	32.365	1020.378	1534.909
2026-03-26 16:12:23.783	0.567	28.312	4.171	32.363	1020.363	1534.975
2026-03-26 16:12:24.784	0.569	28.349	4.164	32.399	1020.367	1535.175
2026-03-26 16:12:25.782	0.578	28.353	4.184	32.375	1020.377	1535.138
2026-03-26 16:12:26.783	0.622	28.334	4.178	32.42	1020.408	1535.206
2026-03-26 16:12:27.782	0.714	28.298	4.181	32.404	1020.402	1534.995
2026-03-26 16:12:28.783	0.724	28.319	4.18	32.425	1020.393	1535.175
2026-03-26 16:12:29.782	0.837	28.299	4.182	32.437	1020.435	1535.063
2026-03-26 16:12:30.785	0.949	28.326	4.179	32.446	1020.41	1535.176
2026-03-26 16:12:31.783	1.047	28.271	4.19	32.443	1020.476	1534.987
2026-03-26 16:12:32.783	1.185	28.281	4.191	32.432	1020.437	1535.138
2026-03-26 16:12:33.782	1.389	28.258	4.199	32.472	1020.501	1535.168
2026-03-26 16:12:34.783	1.499	28.273	4.202	32.441	1020.447	1535.156
2026-03-26 16:12:35.784	1.681	28.243	4.19	32.454	1020.524	1535.106
2026-03-26 16:12:36.783	1.903	28.236	4.205	32.457	1020.483	1535.056
2026-03-26 16:12:37.783	2.094	28.189	4.204	32.454	1020.526	1535.136
2026-03-26 16:12:38.783	2.24	28.202	4.197	32.466	1020.542	1535.032
2026-03-26 16:12:39.782	2.408	28.179	4.204	32.471	1020.537	1535.005
2026-03-26 16:12:40.783	2.594	28.139	4.216	32.477	1020.586	1535.115
2026-03-26 16:12:41.783	2.722	28.135	4.203	32.479	1020.589	1535.048
2026-03-26 16:12:42.783	2.905	28.1	4.217	32.497	1020.651	1535.015
2026-03-26 16:12:43.783	3.046	28.101	4.204	32.478	1020.603	1535.051
2026-03-26 16:12:44.783	3.131	28.067	4.224	32.474	1020.645	1534.822
2026-03-26 16:12:45.784	3.232	28.101	4.218	32.472	1020.643	1535.046
2026-03-26 16:12:46.783	3.328	28.058	4.226	32.499	1020.658	1534.971
2026-03-26 16:12:47.785	3.337	28.067	4.226	32.473	1020.606	1535.005
2026-03-26 16:12:48.783	3.382	28.076	4.228	32.472	1020.653	1535.011
2026-03-26 16:12:49.783	3.399	28.108	4.235	32.486	1020.651	1535.116
2026-03-26 16:12:50.784	3.396	28.078	4.233	32.468	1020.643	1535.074
2026-03-26 16:12:51.786	3.425	28.063	4.228	32.477	1020.626	1535.036
2026-03-26 16:12:52.783	3.387	28.116	4.23	32.475	1020.63	1535.063
2026-03-26 16:12:53.783	3.373	28.12	4.229	32.437	1020.568	1535.151
2026-03-26 16:12:54.783	3.335	28.122	4.235	32.451	1020.589	1535.012
2026-03-26 16:12:55.789	3.283	28.153	4.228	32.447	1020.566	1535.134
2026-03-26 16:12:56.783	3.284	28.153	4.248	32.43	1020.561	1535.067
2026-03-26 16:12:57.783	3.216	28.141	4.233	32.411	1020.545	1534.974
2026-03-26 16:12:58.785	3.183	28.195	4.238	32.414	1020.573	1535.132
2026-03-26 16:12:59.782	3.166	28.201	4.244	32.418	1020.523	1535.323
2026-03-26 16:13:00.783	3.127	28.18	4.246	32.424	1020.558	1535.232
2026-03-26 16:13:01.784	3.13	28.201	4.251	32.414	1020.541	1535.14
2026-03-26 16:13:02.783	3.112	28.183	4.244	32.402	1020.521	1535.154
2026-03-26 16:13:03.784	3.104	28.214	4.248	32.367	1020.492	1535.273
2026-03-26 16:13:04.784	3.051	28.242	4.245	32.367	1020.507	1535.258
2026-03-26 16:13:05.783	3.034	28.22	4.248	32.384	1020.488	1535.314
2026-03-26 16:13:06.784	3.026	28.215	4.256	32.338	1020.48	1535.174
2026-03-26 16:13:07.784	3.002	28.234	4.24	32.356	1020.462	1535.196
2026-03-26 16:13:08.787	3.001	28.278	4.243	32.319	1020.423	1535.318
2026-03-26 16:13:09.787	2.964	28.238	4.254	32.316	1020.429	1535.103
2026-03-26 16:13:10.784	2.874	28.254	4.249	32.327	1020.48	1535.295
2026-03-26 16:13:11.784	2.821	28.279	4.249	32.287	1020.422	1535.142
2026-03-26 16:13:12.783	2.75	28.294	4.246	32.289	1020.412	1535.362
2026-03-26 16:13:13.782	2.637	28.306	4.241	32.268	1020.372	1535.166
2026-03-26 16:13:14.783	2.511	28.358	4.253	32.295	1020.41	1535.33
2026-03-26 16:13:15.802	2.394	28.37	4.253	32.27	1020.353	1535.393
2026-03-26 16:13:16.784	2.289	28.411	4.256	32.267	1020.327	1535.496
2026-03-26 16:13:17.783	2.095	28.449	4.247	32.23	1020.287	1535.415
2026-03-26 16:13:18.783	1.929	28.474	4.238	32.245	1020.284	1535.576
2026-03-26 16:13:19.784	1.81	28.474	4.25	32.246	1020.27	1535.543
2026-03-26 16:13:20.783	1.614	28.516	4.25	32.206	1020.26	1535.634
2026-03-26 16:13:21.783	1.45	28.503	4.254	32.208	1020.213	1535.53
2026-03-26 16:13:22.782	1.276	28.564	4.234	32.186	1020.218	1535.56
2026-03-26 16:13:23.784	1.097	28.6	4.253	32.205	1020.184	1535.715
2026-03-26 16:13:24.787	0.942	28.599	4.242	32.175	1020.133	1535.672
2026-03-26 16:13:25.784	0.818	28.648	4.248	32.188	1020.144	1535.845
2026-03-26 16:13:26.784	0.697	28.644	4.235	32.178	1020.132	1535.67
2026-03-26 16:13:27.782	0.547	28.694	4.233	32.168	1020.121	1535.894
2026-03-26 16:13:28.785	0.475	28.708	4.236	32.162	1020.109	1535.913
2026-03-26 16:13:29.783	0.43	28.678	4.226	32.139	1020.081	1535.779
2026-03-26 16:13:30.782	0.351	28.678	4.239	32.121	1020.075	1535.788
2026-03-26 16:13:31.783	0.299	28.678	4.226	32.14	1020.098	1535.78
2026-03-26 16:13:32.783	0.295	28.702	4.236	32.128	1020.069	1535.844
2026-03-26 16:13:33.783	0.359	28.706	4.225	32.106	1020.06	1535.789
2026-03-26 16:13:34.788	0.338	28.668	4.219	32.097	1020.056	1535.641
2026-03-26 16:13:35.803	0.411	28.69	4.212	32.092	1020.075	1535.785
2026-03-26 16:13:36.786	0.492	28.688	4.22	32.08	1020.067	1535.663
2026-03-26 16:13:37.783	0.572	28.685	4.214	32.085	1020.063	1535.634
2026-03-26 16:13:38.785	0.615	28.622	4.207	32.082	1020.066	1535.559
2026-03-26 16:13:39.783	0.709	28.626	4.214	32.056	1020.063	1535.474
2026-03-26 16:13:40.785	0.767	28.645	4.201	32.078	1020.05	1535.727
2026-03-26 16:13:41.784	0.876	28.586	4.192	32.067	1020.058	1535.415
2026-03-26 16:13:42.782	0.966	28.593	4.208	32.07	1020.062	1535.576
2026-03-26 16:13:43.782	1.06	28.55	4.196	32.039	1020.065	1535.452
2026-03-26 16:13:44.784	1.123	28.562	4.185	32.036	1020.063	1535.327
2026-03-26 16:13:45.787	1.217	28.522	4.184	32.042	1020.089	1535.235
2026-03-26 16:13:46.785	1.284	28.548	4.188	32.027	1020.081	1535.427
2026-03-26 16:13:47.783	1.33	28.535	4.18	32.006	1020.078	1535.277
2026-03-26 16:13:48.783	1.36	28.506	4.19	32.017	1020.061	1535.372
2026-03-26 16:13:49.784	1.427	28.491	4.181	32.008	1020.059	1535.18
2026-03-26 16:13:50.782	1.47	28.487	4.167	32.003	1020.07	1535.22
2026-03-26 16:13:51.782	1.536	28.491	4.178	31.989	1020.053	1535.302
2026-03-26 16:13:52.784	1.608	28.442	4.16	31.986	1020.099	1535.019
2026-03-26 16:13:53.787	1.637	28.441	4.161	32.0	1020.103	1535.201
2026-03-26 16:13:54.786	1.706	28.452	4.175	31.99	1020.073	1535.064
2026-03-26 16:13:55.784	1.797	28.422	4.155	32.003	1020.115	1535.195
2026-03-26 16:13:56.783	1.841	28.397	4.159	31.985	1020.102	1535.008
2026-03-26 16:13:57.786	1.932	28.399	4.161	31.983	1020.127	1534.974
2026-03-26 16:13:58.783	2.044	28.353	4.152	31.991	1020.146	1534.906
2026-03-26 16:13:59.786	2.172	28.323	4.147	31.993	1020.15	1534.814
2026-03-26 16:14:00.783	2.294	28.291	4.143	31.963	1020.154	1534.851
2026-03-26 16:14:01.783	2.39	28.305	4.154	31.969	1020.144	1534.784
2026-03-26 16:14:02.784	2.569	28.254	4.141	31.97	1020.157	1534.764
2026-03-26 16:14:03.783	2.683	28.222	4.152	31.939	1020.171	1534.671
2026-03-26 16:14:04.784	2.82	28.193	4.142	31.965	1020.167	1534.525
2026-03-26 16:14:05.787	2.997	28.169	4.149	31.954	1020.17	1534.495
2026-03-26 16:14:06.784	3.147	28.137	4.149	31.94	1020.164	1534.543
2026-03-26 16:14:07.783	3.233	28.122	4.137	31.923	1020.184	1534.514
2026-03-26 16:14:08.782	3.367	28.073	4.129	31.95	1020.231	1534.341
2026-03-26 16:14:09.782	3.487	28.091	4.131	31.942	1020.237	1534.481
2026-03-26 16:14:10.782	3.611	28.07	4.131	31.943	1020.201	1534.388
2026-03-26 16:14:11.783	3.65	28.018	4.141	31.9	1020.197	1534.095
2026-03-26 16:14:12.784	3.733	28.013	4.131	31.904	1020.231	1534.169
2026-03-26 16:14:13.785	3.798	27.989	4.14	31.925	1020.214	1534.122
2026-03-26 16:14:14.783	3.803	27.975	4.14	31.898	1020.234	1534.139
2026-03-26 16:14:15.782	3.808	27.951	4.131	31.914	1020.251	1534.057
2026-03-26 16:14:16.783	3.777	27.976	4.135	31.892	1020.194	1534.091
2026-03-26 16:14:17.782	3.69	27.966	4.128	31.897	1020.236	1534.028
2026-03-26 16:14:18.785	3.629	27.967	4.141	31.874	1020.194	1534.036
2026-03-26 16:14:19.784	3.535	27.99	4.137	31.861	1020.181	1534.004
2026-03-26 16:14:20.790	3.442	27.969	4.143	31.864	1020.199	1533.978
