[System]
Platform=SEANO USV
Start_Time=2026-03-26 15:51:43
Timezone=WIB

[Sensor]
Name=SBES

[Columns]
Timestamp(WIB)	Depth	WaterTemp	QualityFlag

[Data]
2026-03-26 15:51:47.092	12.679	28.025	1.0
2026-03-26 15:51:48.094	12.806	28.034	1.0
2026-03-26 15:51:49.090	12.994	28.051	1.0
2026-03-26 15:51:50.089	13.042	28.085	1.0
2026-03-26 15:51:51.097	13.174	28.065	1.0
2026-03-26 15:51:52.089	13.231	28.069	1.0
2026-03-26 15:51:53.089	13.337	28.112	1.0
2026-03-26 15:51:54.091	13.418	28.097	1.0
2026-03-26 15:51:55.090	13.446	28.132	1.0
2026-03-26 15:51:56.090	13.486	28.142	1.0
2026-03-26 15:51:57.093	13.497	28.122	1.0
2026-03-26 15:51:58.090	13.543	28.152	1.0
2026-03-26 15:51:59.090	13.487	28.145	1.0
2026-03-26 15:52:00.090	13.421	28.153	1.0
2026-03-26 15:52:01.091	13.402	28.149	1.0
2026-03-26 15:52:02.098	13.35	28.173	1.0
2026-03-26 15:52:03.090	13.252	28.179	1.0
2026-03-26 15:52:04.090	13.178	28.174	1.0
2026-03-26 15:52:05.105	13.156	28.181	1.0
2026-03-26 15:52:06.091	12.997	28.189	1.0
2026-03-26 15:52:07.095	12.911	28.201	1.0
2026-03-26 15:52:08.092	12.816	28.218	1.0
2026-03-26 15:52:09.094	12.652	28.21	1.0
2026-03-26 15:52:10.089	12.496	28.204	1.0
2026-03-26 15:52:11.090	12.318	28.214	1.0
2026-03-26 15:52:12.090	12.212	28.244	1.0
2026-03-26 15:52:13.094	12.054	28.225	1.0
2026-03-26 15:52:14.090	11.917	28.226	1.0
2026-03-26 15:52:15.089	11.753	28.234	1.0
2026-03-26 15:52:16.091	11.632	28.253	1.0
2026-03-26 15:52:17.093	11.508	28.246	1.0
2026-03-26 15:52:18.090	11.375	28.274	1.0
2026-03-26 15:52:19.091	11.185	28.282	1.0
2026-03-26 15:52:20.091	11.074	28.278	1.0
2026-03-26 15:52:21.090	11.012	28.272	1.0
2026-03-26 15:52:22.090	10.874	28.297	1.0
2026-03-26 15:52:23.089	10.789	28.266	1.0
2026-03-26 15:52:24.090	10.662	28.274	1.0
2026-03-26 15:52:25.090	10.611	28.285	1.0
2026-03-26 15:52:26.090	10.618	28.308	1.0
2026-03-26 15:52:27.091	10.56	28.282	1.0
2026-03-26 15:52:28.100	10.554	28.287	1.0
2026-03-26 15:52:29.094	10.499	28.294	1.0
2026-03-26 15:52:30.090	10.485	28.289	1.0
2026-03-26 15:52:31.091	10.545	28.284	1.0
2026-03-26 15:52:32.090	10.555	28.297	1.0
2026-03-26 15:52:33.091	10.577	28.319	1.0
2026-03-26 15:52:34.091	10.714	28.305	1.0
2026-03-26 15:52:35.090	10.8	28.304	1.0
2026-03-26 15:52:36.090	10.855	28.293	1.0
2026-03-26 15:52:37.093	10.941	28.313	1.0
2026-03-26 15:52:38.090	11.008	28.306	1.0
2026-03-26 15:52:39.091	11.168	28.313	1.0
2026-03-26 15:52:40.090	11.346	28.313	1.0
2026-03-26 15:52:41.090	11.443	28.294	1.0
2026-03-26 15:52:42.090	11.55	28.309	1.0
2026-03-26 15:52:43.090	11.752	28.303	1.0
2026-03-26 15:52:44.090	11.852	28.288	1.0
2026-03-26 15:52:45.091	12.036	28.279	1.0
2026-03-26 15:52:46.090	12.202	28.296	1.0
2026-03-26 15:52:47.089	12.32	28.276	1.0
2026-03-26 15:52:48.089	12.483	28.295	1.0
2026-03-26 15:52:49.090	12.65	28.272	1.0
2026-03-26 15:52:50.091	12.729	28.261	1.0
2026-03-26 15:52:51.093	12.836	28.246	1.0
2026-03-26 15:52:52.090	13.015	28.24	1.0
2026-03-26 15:52:53.090	13.125	28.237	1.0
2026-03-26 15:52:54.092	13.146	28.254	1.0
2026-03-26 15:52:55.090	13.263	28.242	1.0
2026-03-26 15:52:56.090	13.382	28.22	1.0
2026-03-26 15:52:57.091	13.446	28.25	1.0
2026-03-26 15:52:58.091	13.45	28.247	1.0
2026-03-26 15:52:59.089	13.499	28.22	1.0
2026-03-26 15:53:00.090	13.498	28.196	1.0
2026-03-26 15:53:01.090	13.528	28.199	1.0
2026-03-26 15:53:02.090	13.531	28.185	1.0
2026-03-26 15:53:03.101	13.452	28.204	1.0
2026-03-26 15:53:04.090	13.447	28.184	1.0
2026-03-26 15:53:05.089	13.317	28.178	1.0
2026-03-26 15:53:06.090	13.304	28.158	1.0
2026-03-26 15:53:07.090	13.157	28.161	1.0
2026-03-26 15:53:08.091	13.075	28.159	1.0
2026-03-26 15:53:09.090	13.038	28.169	1.0
2026-03-26 15:53:10.090	12.905	28.132	1.0
2026-03-26 15:53:11.091	12.787	28.148	1.0
2026-03-26 15:53:12.093	12.59	28.109	1.0
2026-03-26 15:53:13.090	12.434	28.11	1.0
2026-03-26 15:53:14.090	12.296	28.109	1.0
2026-03-26 15:53:15.090	12.15	28.087	1.0
2026-03-26 15:53:16.091	12.08	28.114	1.0
2026-03-26 15:53:17.090	11.881	28.068	1.0
2026-03-26 15:53:18.094	11.692	28.061	1.0
2026-03-26 15:53:19.091	11.549	28.088	1.0
2026-03-26 15:53:20.094	11.488	28.068	1.0
2026-03-26 15:53:21.092	11.268	28.034	1.0
2026-03-26 15:53:22.089	11.206	28.061	1.0
2026-03-26 15:53:23.090	11.057	28.052	1.0
2026-03-26 15:53:24.094	10.958	28.019	1.0
2026-03-26 15:53:25.089	10.867	28.006	1.0
2026-03-26 15:53:26.092	10.776	27.99	1.0
2026-03-26 15:53:27.090	10.685	28.003	1.0
2026-03-26 15:53:28.092	10.603	28.001	1.0
2026-03-26 15:53:29.094	10.576	27.984	1.0
2026-03-26 15:53:30.091	10.53	27.99	1.0
2026-03-26 15:53:31.093	10.472	27.965	1.0
2026-03-26 15:53:32.090	10.499	27.947	1.0
2026-03-26 15:53:33.093	10.481	27.929	1.0
2026-03-26 15:53:34.090	10.56	27.94	1.0
2026-03-26 15:53:35.090	10.521	27.922	1.0
2026-03-26 15:53:36.090	10.662	27.903	1.0
2026-03-26 15:53:37.089	10.667	27.905	1.0
2026-03-26 15:53:38.090	10.764	27.892	1.0
2026-03-26 15:53:39.090	10.87	27.895	1.0
2026-03-26 15:53:40.089	10.968	27.872	1.0
2026-03-26 15:53:41.089	11.107	27.89	1.0
2026-03-26 15:53:42.089	11.192	27.87	1.0
2026-03-26 15:53:43.091	11.3	27.852	1.0
2026-03-26 15:53:44.090	11.467	27.87	1.0
2026-03-26 15:53:45.090	11.583	27.863	1.0
2026-03-26 15:53:46.090	11.735	27.829	1.0
2026-03-26 15:53:47.092	11.858	27.839	1.0
2026-03-26 15:53:48.091	12.035	27.826	1.0
2026-03-26 15:53:49.091	12.181	27.812	1.0
2026-03-26 15:53:50.091	12.329	27.818	1.0
2026-03-26 15:53:51.090	12.442	27.794	1.0
2026-03-26 15:53:52.090	12.678	27.776	1.0
2026-03-26 15:53:53.091	12.736	27.778	1.0
2026-03-26 15:53:54.090	12.865	27.78	1.0
2026-03-26 15:53:55.096	12.996	27.776	1.0
2026-03-26 15:53:56.090	13.136	27.766	1.0
2026-03-26 15:53:57.090	13.214	27.762	1.0
2026-03-26 15:53:58.091	13.319	27.766	1.0
2026-03-26 15:53:59.090	13.391	27.746	1.0
2026-03-26 15:54:00.090	13.459	27.755	1.0
2026-03-26 15:54:01.089	13.485	27.73	1.0
2026-03-26 15:54:02.090	13.528	27.734	1.0
2026-03-26 15:54:03.092	13.474	27.747	1.0
2026-03-26 15:54:04.090	13.528	27.732	1.0
2026-03-26 15:54:05.091	13.437	27.713	1.0
2026-03-26 15:54:06.090	13.443	27.724	1.0
2026-03-26 15:54:07.094	13.394	27.739	1.0
2026-03-26 15:54:08.090	13.34	27.727	1.0
2026-03-26 15:54:09.090	13.265	27.718	1.0
2026-03-26 15:54:10.090	13.22	27.707	1.0
2026-03-26 15:54:11.091	13.059	27.711	1.0
2026-03-26 15:54:12.092	12.976	27.711	1.0
2026-03-26 15:54:13.092	12.869	27.721	1.0
2026-03-26 15:54:14.090	12.707	27.699	1.0
2026-03-26 15:54:15.091	12.576	27.691	1.0
2026-03-26 15:54:16.091	12.44	27.699	1.0
2026-03-26 15:54:17.089	12.334	27.716	1.0
2026-03-26 15:54:18.090	12.187	27.686	1.0
2026-03-26 15:54:19.090	12.023	27.687	1.0
2026-03-26 15:54:20.092	11.847	27.717	1.0
2026-03-26 15:54:21.089	11.685	27.715	1.0
2026-03-26 15:54:22.092	11.549	27.71	1.0
2026-03-26 15:54:23.091	11.416	27.695	1.0
2026-03-26 15:54:24.089	11.272	27.69	1.0
2026-03-26 15:54:25.089	11.155	27.712	1.0
2026-03-26 15:54:26.089	11.068	27.688	1.0
2026-03-26 15:54:27.089	10.955	27.692	1.0
2026-03-26 15:54:28.090	10.823	27.716	1.0
2026-03-26 15:54:29.090	10.727	27.699	1.0
2026-03-26 15:54:30.090	10.679	27.703	1.0
2026-03-26 15:54:31.096	10.592	27.704	1.0
2026-03-26 15:54:32.093	10.544	27.736	1.0
2026-03-26 15:54:33.093	10.479	27.746	1.0
2026-03-26 15:54:34.090	10.466	27.748	1.0
2026-03-26 15:54:35.091	10.502	27.719	1.0
2026-03-26 15:54:36.091	10.496	27.753	1.0
2026-03-26 15:54:37.090	10.553	27.726	1.0
2026-03-26 15:54:38.090	10.55	27.747	1.0
2026-03-26 15:54:39.090	10.638	27.752	1.0
2026-03-26 15:54:40.092	10.741	27.759	1.0
2026-03-26 15:54:41.090	10.785	27.769	1.0
2026-03-26 15:54:42.091	10.875	27.775	1.0
2026-03-26 15:54:43.090	10.947	27.785	1.0
2026-03-26 15:54:44.091	11.138	27.777	1.0
2026-03-26 15:54:45.090	11.17	27.777	1.0
2026-03-26 15:54:46.091	11.324	27.807	1.0
2026-03-26 15:54:47.090	11.505	27.781	1.0
2026-03-26 15:54:48.090	11.602	27.815	1.0
2026-03-26 15:54:49.091	11.793	27.803	1.0
2026-03-26 15:54:50.089	11.884	27.823	1.0
2026-03-26 15:54:51.090	12.097	27.821	1.0
2026-03-26 15:54:52.091	12.201	27.82	1.0
2026-03-26 15:54:53.094	12.403	27.861	1.0
2026-03-26 15:54:54.094	12.491	27.854	1.0
2026-03-26 15:54:55.094	12.605	27.859	1.0
2026-03-26 15:54:56.093	12.754	27.873	1.0
2026-03-26 15:54:57.093	12.941	27.882	1.0
2026-03-26 15:54:58.094	13.028	27.891	1.0
2026-03-26 15:54:59.090	13.117	27.902	1.0
2026-03-26 15:55:00.091	13.21	27.9	1.0
2026-03-26 15:55:01.090	13.35	27.906	1.0
2026-03-26 15:55:02.090	13.359	27.91	1.0
2026-03-26 15:55:03.089	13.401	27.917	1.0
2026-03-26 15:55:04.089	13.502	27.929	1.0
2026-03-26 15:55:05.089	13.482	27.934	1.0
2026-03-26 15:55:06.089	13.538	27.968	1.0
2026-03-26 15:55:07.090	13.516	27.954	1.0
2026-03-26 15:55:08.090	13.429	27.953	1.0
2026-03-26 15:55:09.096	13.441	27.96	1.0
2026-03-26 15:55:10.090	13.399	27.987	1.0
2026-03-26 15:55:11.090	13.34	28.013	1.0
2026-03-26 15:55:12.089	13.278	28.019	1.0
2026-03-26 15:55:13.093	13.12	28.02	1.0
2026-03-26 15:55:14.090	13.036	28.013	1.0
2026-03-26 15:55:15.089	12.92	28.022	1.0
2026-03-26 15:55:16.092	12.791	28.028	1.0
2026-03-26 15:55:17.091	12.686	28.046	1.0
2026-03-26 15:55:18.091	12.575	28.06	1.0
2026-03-26 15:55:19.089	12.447	28.075	1.0
2026-03-26 15:55:20.090	12.305	28.077	1.0
2026-03-26 15:55:21.090	12.098	28.098	1.0
2026-03-26 15:55:22.091	11.973	28.11	1.0
2026-03-26 15:55:23.090	11.821	28.105	1.0
2026-03-26 15:55:24.092	11.678	28.125	1.0
2026-03-26 15:55:25.098	11.536	28.101	1.0
2026-03-26 15:55:26.091	11.389	28.129	1.0
2026-03-26 15:55:27.092	11.295	28.144	1.0
2026-03-26 15:55:28.089	11.145	28.14	1.0
2026-03-26 15:55:29.091	11.051	28.167	1.0
2026-03-26 15:55:30.108	10.932	28.162	1.0
2026-03-26 15:55:31.090	10.812	28.147	1.0
2026-03-26 15:55:32.090	10.749	28.174	1.0
2026-03-26 15:55:33.092	10.627	28.191	1.0
2026-03-26 15:55:34.092	10.572	28.198	1.0
2026-03-26 15:55:35.090	10.566	28.21	1.0
2026-03-26 15:55:36.090	10.556	28.196	1.0
2026-03-26 15:55:37.108	10.501	28.211	1.0
2026-03-26 15:55:38.090	10.53	28.208	1.0
2026-03-26 15:55:39.091	10.515	28.231	1.0
2026-03-26 15:55:40.090	10.558	28.21	1.0
2026-03-26 15:55:41.090	10.621	28.219	1.0
2026-03-26 15:55:42.090	10.614	28.222	1.0
2026-03-26 15:55:43.090	10.751	28.252	1.0
2026-03-26 15:55:44.096	10.834	28.248	1.0
2026-03-26 15:55:45.092	10.9	28.267	1.0
2026-03-26 15:55:46.089	11.033	28.258	1.0
2026-03-26 15:55:47.093	11.068	28.243	1.0
2026-03-26 15:55:48.093	11.198	28.25	1.0
2026-03-26 15:55:49.090	11.325	28.267	1.0
2026-03-26 15:55:50.091	11.535	28.291	1.0
2026-03-26 15:55:51.094	11.664	28.29	1.0
2026-03-26 15:55:52.091	11.809	28.287	1.0
2026-03-26 15:55:53.092	11.905	28.278	1.0
2026-03-26 15:55:54.092	12.053	28.285	1.0
2026-03-26 15:55:55.094	12.252	28.285	1.0
2026-03-26 15:55:56.091	12.405	28.29	1.0
2026-03-26 15:55:57.092	12.58	28.297	1.0
2026-03-26 15:55:58.090	12.671	28.31	1.0
2026-03-26 15:55:59.093	12.79	28.283	1.0
2026-03-26 15:56:00.091	12.937	28.284	1.0
2026-03-26 15:56:01.091	13.068	28.284	1.0
2026-03-26 15:56:02.096	13.193	28.312	1.0
2026-03-26 15:56:03.092	13.284	28.31	1.0
2026-03-26 15:56:04.091	13.323	28.288	1.0
2026-03-26 15:56:05.095	13.417	28.32	1.0
2026-03-26 15:56:06.098	13.4	28.316	1.0
2026-03-26 15:56:07.090	13.463	28.299	1.0
2026-03-26 15:56:08.091	13.483	28.287	1.0
2026-03-26 15:56:09.091	13.504	28.315	1.0
2026-03-26 15:56:10.091	13.498	28.287	1.0
2026-03-26 15:56:11.090	13.439	28.295	1.0
2026-03-26 15:56:12.092	13.414	28.287	1.0
2026-03-26 15:56:13.089	13.372	28.276	1.0
2026-03-26 15:56:14.091	13.345	28.267	1.0
2026-03-26 15:56:15.090	13.231	28.295	1.0
2026-03-26 15:56:16.091	13.174	28.286	1.0
2026-03-26 15:56:17.092	13.037	28.282	1.0
2026-03-26 15:56:18.106	12.888	28.262	1.0
2026-03-26 15:56:19.090	12.844	28.275	1.0
2026-03-26 15:56:20.089	12.657	28.27	1.0
2026-03-26 15:56:21.091	12.596	28.266	1.0
2026-03-26 15:56:22.090	12.371	28.274	1.0
2026-03-26 15:56:23.090	12.257	28.252	1.0
2026-03-26 15:56:24.089	12.085	28.244	1.0
2026-03-26 15:56:25.090	11.926	28.238	1.0
2026-03-26 15:56:26.091	11.798	28.251	1.0
2026-03-26 15:56:27.093	11.7	28.236	1.0
2026-03-26 15:56:28.091	11.485	28.208	1.0
2026-03-26 15:56:29.093	11.424	28.209	1.0
2026-03-26 15:56:30.090	11.225	28.221	1.0
2026-03-26 15:56:31.091	11.142	28.19	1.0
2026-03-26 15:56:32.090	11.026	28.191	1.0
2026-03-26 15:56:33.090	10.935	28.185	1.0
2026-03-26 15:56:34.089	10.778	28.182	1.0
2026-03-26 15:56:35.091	10.763	28.189	1.0
2026-03-26 15:56:36.091	10.67	28.177	1.0
2026-03-26 15:56:37.092	10.627	28.168	1.0
2026-03-26 15:56:38.090	10.523	28.174	1.0
2026-03-26 15:56:39.090	10.479	28.14	1.0
2026-03-26 15:56:40.091	10.519	28.131	1.0
2026-03-26 15:56:41.091	10.511	28.112	1.0
2026-03-26 15:56:42.091	10.525	28.14	1.0
2026-03-26 15:56:43.092	10.54	28.12	1.0
2026-03-26 15:56:44.090	10.624	28.123	1.0
2026-03-26 15:56:45.089	10.646	28.117	1.0
2026-03-26 15:56:46.091	10.708	28.104	1.0
2026-03-26 15:56:47.091	10.837	28.063	1.0
2026-03-26 15:56:48.090	10.927	28.068	1.0
2026-03-26 15:56:49.091	10.998	28.053	1.0
2026-03-26 15:56:50.090	11.178	28.037	1.0
2026-03-26 15:56:51.091	11.281	28.039	1.0
2026-03-26 15:56:52.091	11.386	28.022	1.0
2026-03-26 15:56:53.091	11.557	28.016	1.0
2026-03-26 15:56:54.091	11.721	28.028	1.0
2026-03-26 15:56:55.091	11.808	28.029	1.0
2026-03-26 15:56:56.091	11.972	27.996	1.0
2026-03-26 15:56:57.090	12.14	27.993	1.0
2026-03-26 15:56:58.093	12.301	27.965	1.0
2026-03-26 15:56:59.091	12.436	27.96	1.0
2026-03-26 15:57:00.091	12.553	27.963	1.0
2026-03-26 15:57:01.090	12.69	27.956	1.0
2026-03-26 15:57:02.090	12.786	27.935	1.0
2026-03-26 15:57:03.091	12.961	27.952	1.0
2026-03-26 15:57:04.096	13.052	27.948	1.0
2026-03-26 15:57:05.091	13.191	27.936	1.0
2026-03-26 15:57:06.093	13.276	27.905	1.0
2026-03-26 15:57:07.092	13.302	27.892	1.0
2026-03-26 15:57:08.090	13.342	27.904	1.0
2026-03-26 15:57:09.091	13.453	27.887	1.0
2026-03-26 15:57:10.090	13.512	27.865	1.0
2026-03-26 15:57:11.091	13.45	27.869	1.0
2026-03-26 15:57:12.093	13.522	27.853	1.0
2026-03-26 15:57:13.090	13.467	27.857	1.0
2026-03-26 15:57:14.092	13.429	27.861	1.0
2026-03-26 15:57:15.091	13.438	27.848	1.0
2026-03-26 15:57:16.090	13.381	27.817	1.0
2026-03-26 15:57:17.090	13.342	27.844	1.0
2026-03-26 15:57:18.091	13.213	27.822	1.0
2026-03-26 15:57:19.095	13.119	27.821	1.0
2026-03-26 15:57:20.090	13.007	27.822	1.0
2026-03-26 15:57:21.089	12.91	27.801	1.0
2026-03-26 15:57:22.090	12.837	27.779	1.0
2026-03-26 15:57:23.091	12.696	27.79	1.0
2026-03-26 15:57:24.091	12.55	27.788	1.0
2026-03-26 15:57:25.091	12.383	27.755	1.0
2026-03-26 15:57:26.090	12.209	27.765	1.0
2026-03-26 15:57:27.090	12.125	27.75	1.0
2026-03-26 15:57:28.097	11.97	27.774	1.0
2026-03-26 15:57:29.090	11.782	27.761	1.0
2026-03-26 15:57:30.090	11.674	27.763	1.0
2026-03-26 15:57:31.092	11.473	27.726	1.0
2026-03-26 15:57:32.092	11.335	27.739	1.0
2026-03-26 15:57:33.090	11.258	27.739	1.0
2026-03-26 15:57:34.095	11.083	27.734	1.0
2026-03-26 15:57:35.089	11.007	27.724	1.0
2026-03-26 15:57:36.092	10.895	27.72	1.0
2026-03-26 15:57:37.091	10.783	27.705	1.0
2026-03-26 15:57:38.092	10.708	27.7	1.0
2026-03-26 15:57:39.092	10.63	27.707	1.0
2026-03-26 15:57:40.091	10.531	27.713	1.0
2026-03-26 15:57:41.090	10.544	27.704	1.0
2026-03-26 15:57:42.091	10.481	27.721	1.0
2026-03-26 15:57:43.090	10.536	27.713	1.0
2026-03-26 15:57:44.091	10.459	27.684	1.0
2026-03-26 15:57:45.090	10.529	27.69	1.0
2026-03-26 15:57:46.099	10.545	27.704	1.0
2026-03-26 15:57:47.091	10.616	27.706	1.0
2026-03-26 15:57:48.092	10.709	27.719	1.0
2026-03-26 15:57:49.092	10.735	27.708	1.0
2026-03-26 15:57:50.096	10.791	27.691	1.0
2026-03-26 15:57:51.093	10.881	27.695	1.0
2026-03-26 15:57:52.094	11.032	27.718	1.0
2026-03-26 15:57:53.090	11.139	27.722	1.0
2026-03-26 15:57:54.092	11.267	27.686	1.0
2026-03-26 15:57:55.094	11.439	27.723	1.0
2026-03-26 15:57:56.091	11.567	27.707	1.0
2026-03-26 15:57:57.091	11.753	27.698	1.0
2026-03-26 15:57:58.090	11.879	27.692	1.0
2026-03-26 15:57:59.090	12.03	27.71	1.0
2026-03-26 15:58:00.091	12.171	27.699	1.0
2026-03-26 15:58:01.089	12.283	27.705	1.0
2026-03-26 15:58:02.091	12.471	27.735	1.0
2026-03-26 15:58:03.090	12.561	27.735	1.0
2026-03-26 15:58:04.091	12.759	27.719	1.0
2026-03-26 15:58:05.090	12.803	27.725	1.0
2026-03-26 15:58:06.091	12.94	27.737	1.0
2026-03-26 15:58:07.091	13.112	27.754	1.0
2026-03-26 15:58:08.090	13.223	27.752	1.0
2026-03-26 15:58:09.090	13.27	27.741	1.0
2026-03-26 15:58:10.091	13.33	27.774	1.0
2026-03-26 15:58:11.090	13.365	27.753	1.0
2026-03-26 15:58:12.090	13.466	27.767	1.0
2026-03-26 15:58:13.090	13.518	27.787	1.0
2026-03-26 15:58:14.095	13.464	27.776	1.0
2026-03-26 15:58:15.092	13.481	27.804	1.0
2026-03-26 15:58:16.090	13.52	27.794	1.0
2026-03-26 15:58:17.092	13.433	27.791	1.0
2026-03-26 15:58:18.095	13.461	27.82	1.0
2026-03-26 15:58:19.090	13.375	27.807	1.0
2026-03-26 15:58:20.092	13.261	27.819	1.0
2026-03-26 15:58:21.090	13.235	27.838	1.0
2026-03-26 15:58:22.090	13.131	27.853	1.0
2026-03-26 15:58:23.090	13.012	27.854	1.0
2026-03-26 15:58:24.090	12.944	27.862	1.0
2026-03-26 15:58:25.091	12.788	27.851	1.0
2026-03-26 15:58:26.092	12.671	27.886	1.0
2026-03-26 15:58:27.091	12.521	27.875	1.0
2026-03-26 15:58:28.091	12.351	27.894	1.0
2026-03-26 15:58:29.090	12.165	27.881	1.0
2026-03-26 15:58:30.091	12.017	27.895	1.0
2026-03-26 15:58:31.091	11.949	27.895	1.0
2026-03-26 15:58:32.091	11.784	27.905	1.0
2026-03-26 15:58:33.090	11.616	27.937	1.0
2026-03-26 15:58:34.090	11.49	27.955	1.0
2026-03-26 15:58:35.090	11.335	27.932	1.0
2026-03-26 15:58:36.091	11.186	27.937	1.0
2026-03-26 15:58:37.092	11.043	27.962	1.0
2026-03-26 15:58:38.091	10.99	27.961	1.0
2026-03-26 15:58:39.090	10.88	27.967	1.0
2026-03-26 15:58:40.091	10.769	28.009	1.0
2026-03-26 15:58:41.091	10.721	27.991	1.0
2026-03-26 15:58:42.090	10.591	28.012	1.0
2026-03-26 15:58:43.093	10.58	28.002	1.0
2026-03-26 15:58:44.090	10.567	28.01	1.0
2026-03-26 15:58:45.089	10.535	28.02	1.0
2026-03-26 15:58:46.090	10.545	28.05	1.0
2026-03-26 15:58:47.090	10.531	28.036	1.0
2026-03-26 15:58:48.091	10.526	28.068	1.0
2026-03-26 15:58:49.090	10.579	28.091	1.0
2026-03-26 15:58:50.093	10.598	28.075	1.0
2026-03-26 15:58:51.089	10.694	28.108	1.0
2026-03-26 15:58:52.091	10.783	28.095	1.0
2026-03-26 15:58:53.090	10.81	28.102	1.0
2026-03-26 15:58:54.090	10.992	28.121	1.0
2026-03-26 15:58:55.091	11.089	28.135	1.0
2026-03-26 15:58:56.091	11.16	28.151	1.0
2026-03-26 15:58:57.090	11.348	28.133	1.0
2026-03-26 15:58:58.093	11.397	28.16	1.0
2026-03-26 15:58:59.092	11.588	28.151	1.0
2026-03-26 15:59:00.091	11.731	28.168	1.0
2026-03-26 15:59:01.091	11.871	28.156	1.0
2026-03-26 15:59:02.092	11.996	28.195	1.0
2026-03-26 15:59:03.090	12.222	28.168	1.0
2026-03-26 15:59:04.093	12.282	28.21	1.0
2026-03-26 15:59:05.090	12.45	28.208	1.0
2026-03-26 15:59:06.090	12.571	28.212	1.0
2026-03-26 15:59:07.094	12.701	28.221	1.0
2026-03-26 15:59:08.091	12.849	28.204	1.0
2026-03-26 15:59:09.090	13.007	28.221	1.0
2026-03-26 15:59:10.093	13.108	28.212	1.0
2026-03-26 15:59:11.090	13.202	28.237	1.0
2026-03-26 15:59:12.090	13.28	28.224	1.0
2026-03-26 15:59:13.089	13.333	28.257	1.0
2026-03-26 15:59:14.089	13.367	28.247	1.0
2026-03-26 15:59:15.090	13.413	28.274	1.0
2026-03-26 15:59:16.090	13.432	28.253	1.0
2026-03-26 15:59:17.090	13.456	28.255	1.0
2026-03-26 15:59:18.090	13.473	28.261	1.0
2026-03-26 15:59:19.090	13.465	28.265	1.0
2026-03-26 15:59:20.090	13.469	28.26	1.0
2026-03-26 15:59:21.090	13.372	28.268	1.0
2026-03-26 15:59:22.091	13.321	28.266	1.0
2026-03-26 15:59:23.090	13.264	28.306	1.0
2026-03-26 15:59:24.093	13.165	28.285	1.0
2026-03-26 15:59:25.090	13.057	28.287	1.0
2026-03-26 15:59:26.091	12.975	28.286	1.0
2026-03-26 15:59:27.091	12.862	28.281	1.0
2026-03-26 15:59:28.099	12.74	28.285	1.0
2026-03-26 15:59:29.093	12.609	28.278	1.0
2026-03-26 15:59:30.090	12.508	28.287	1.0
2026-03-26 15:59:31.091	12.302	28.289	1.0
2026-03-26 15:59:32.089	12.209	28.292	1.0
2026-03-26 15:59:33.091	11.992	28.291	1.0
2026-03-26 15:59:34.089	11.856	28.3	1.0
2026-03-26 15:59:35.091	11.722	28.283	1.0
2026-03-26 15:59:36.090	11.619	28.293	1.0
2026-03-26 15:59:37.090	11.497	28.291	1.0
2026-03-26 15:59:38.089	11.297	28.288	1.0
2026-03-26 15:59:39.091	11.164	28.293	1.0
2026-03-26 15:59:40.091	11.06	28.293	1.0
2026-03-26 15:59:41.091	10.982	28.282	1.0
2026-03-26 15:59:42.092	10.828	28.301	1.0
2026-03-26 15:59:43.090	10.756	28.271	1.0
2026-03-26 15:59:44.090	10.657	28.266	1.0
2026-03-26 15:59:45.091	10.644	28.265	1.0
2026-03-26 15:59:46.090	10.59	28.288	1.0
2026-03-26 15:59:47.091	10.53	28.263	1.0
2026-03-26 15:59:48.091	10.54	28.269	1.0
2026-03-26 15:59:49.090	10.547	28.285	1.0
2026-03-26 15:59:50.095	10.47	28.262	1.0
2026-03-26 15:59:51.090	10.523	28.241	1.0
2026-03-26 15:59:52.092	10.547	28.264	1.0
2026-03-26 15:59:53.092	10.652	28.257	1.0
2026-03-26 15:59:54.091	10.67	28.251	1.0
2026-03-26 15:59:55.101	10.761	28.248	1.0
2026-03-26 15:59:56.091	10.819	28.226	1.0
2026-03-26 15:59:57.091	10.995	28.222	1.0
2026-03-26 15:59:58.091	11.111	28.235	1.0
2026-03-26 15:59:59.091	11.24	28.227	1.0
2026-03-26 16:00:00.091	11.362	28.192	1.0
2026-03-26 16:00:01.091	11.422	28.213	1.0
2026-03-26 16:00:02.090	11.568	28.193	1.0
2026-03-26 16:00:03.091	11.74	28.197	1.0
2026-03-26 16:00:04.091	11.908	28.199	1.0
2026-03-26 16:00:05.091	12.02	28.187	1.0
2026-03-26 16:00:06.090	12.154	28.172	1.0
2026-03-26 16:00:07.091	12.339	28.157	1.0
2026-03-26 16:00:08.092	12.487	28.144	1.0
2026-03-26 16:00:09.090	12.673	28.139	1.0
2026-03-26 16:00:10.090	12.799	28.136	1.0
2026-03-26 16:00:11.090	12.865	28.121	1.0
2026-03-26 16:00:12.090	13.047	28.1	1.0
2026-03-26 16:00:13.092	13.07	28.115	1.0
2026-03-26 16:00:14.090	13.162	28.107	1.0
2026-03-26 16:00:15.090	13.246	28.103	1.0
2026-03-26 16:00:16.090	13.375	28.097	1.0
2026-03-26 16:00:17.093	13.441	28.096	1.0
2026-03-26 16:00:18.090	13.446	28.048	1.0
2026-03-26 16:00:19.090	13.53	28.064	1.0
2026-03-26 16:00:20.090	13.497	28.034	1.0
2026-03-26 16:00:21.090	13.518	28.032	1.0
2026-03-26 16:00:22.091	13.464	28.051	1.0
2026-03-26 16:00:23.090	13.411	28.039	1.0
2026-03-26 16:00:24.090	13.445	28.025	1.0
2026-03-26 16:00:25.090	13.331	28.022	1.0
2026-03-26 16:00:26.095	13.29	27.988	1.0
2026-03-26 16:00:27.091	13.151	27.977	1.0
2026-03-26 16:00:28.090	13.109	27.995	1.0
2026-03-26 16:00:29.090	12.995	27.952	1.0
2026-03-26 16:00:30.091	12.85	27.966	1.0
2026-03-26 16:00:31.098	12.723	27.942	1.0
2026-03-26 16:00:32.090	12.58	27.96	1.0
2026-03-26 16:00:33.093	12.429	27.937	1.0
2026-03-26 16:00:34.090	12.342	27.912	1.0
2026-03-26 16:00:35.090	12.115	27.929	1.0
2026-03-26 16:00:36.091	12.022	27.917	1.0
2026-03-26 16:00:37.091	11.88	27.911	1.0
2026-03-26 16:00:38.091	11.745	27.91	1.0
2026-03-26 16:00:39.090	11.615	27.884	1.0
2026-03-26 16:00:40.089	11.389	27.861	1.0
2026-03-26 16:00:41.091	11.3	27.849	1.0
2026-03-26 16:00:42.089	11.191	27.852	1.0
2026-03-26 16:00:43.090	11.056	27.858	1.0
2026-03-26 16:00:44.090	10.951	27.846	1.0
2026-03-26 16:00:45.090	10.862	27.854	1.0
2026-03-26 16:00:46.090	10.716	27.84	1.0
2026-03-26 16:00:47.090	10.672	27.826	1.0
2026-03-26 16:00:48.090	10.592	27.794	1.0
2026-03-26 16:00:49.092	10.603	27.815	1.0
2026-03-26 16:00:50.091	10.532	27.811	1.0
2026-03-26 16:00:51.090	10.478	27.805	1.0
2026-03-26 16:00:52.096	10.48	27.795	1.0
2026-03-26 16:00:53.093	10.545	27.765	1.0
2026-03-26 16:00:54.090	10.529	27.755	1.0
2026-03-26 16:00:55.090	10.531	27.774	1.0
2026-03-26 16:00:56.095	10.649	27.746	1.0
2026-03-26 16:00:57.095	10.65	27.758	1.0
2026-03-26 16:00:58.092	10.737	27.761	1.0
2026-03-26 16:00:59.093	10.913	27.755	1.0
2026-03-26 16:01:00.090	11.008	27.76	1.0
2026-03-26 16:01:01.093	11.078	27.729	1.0
2026-03-26 16:01:02.095	11.236	27.726	1.0
2026-03-26 16:01:03.091	11.329	27.737	1.0
2026-03-26 16:01:04.090	11.455	27.737	1.0
2026-03-26 16:01:05.095	11.602	27.706	1.0
2026-03-26 16:01:06.092	11.827	27.737	1.0
2026-03-26 16:01:07.090	11.91	27.712	1.0
2026-03-26 16:01:08.091	12.058	27.7	1.0
2026-03-26 16:01:09.094	12.242	27.725	1.0
2026-03-26 16:01:10.092	12.399	27.69	1.0
2026-03-26 16:01:11.091	12.518	27.725	1.0
2026-03-26 16:01:12.090	12.69	27.69	1.0
2026-03-26 16:01:13.093	12.818	27.696	1.0
2026-03-26 16:01:14.093	12.866	27.713	1.0
2026-03-26 16:01:15.090	12.992	27.7	1.0
2026-03-26 16:01:16.091	13.106	27.717	1.0
2026-03-26 16:01:17.091	13.24	27.717	1.0
2026-03-26 16:01:18.090	13.326	27.72	1.0
2026-03-26 16:01:19.089	13.322	27.719	1.0
2026-03-26 16:01:20.090	13.38	27.701	1.0
2026-03-26 16:01:21.090	13.488	27.696	1.0
2026-03-26 16:01:22.091	13.476	27.695	1.0
2026-03-26 16:01:23.092	13.489	27.719	1.0
2026-03-26 16:01:24.090	13.459	27.719	1.0
2026-03-26 16:01:25.090	13.47	27.689	1.0
2026-03-26 16:01:26.093	13.455	27.719	1.0
2026-03-26 16:01:27.091	13.346	27.711	1.0
2026-03-26 16:01:28.091	13.325	27.726	1.0
2026-03-26 16:01:29.090	13.267	27.728	1.0
2026-03-26 16:01:30.091	13.141	27.704	1.0
2026-03-26 16:01:31.091	13.03	27.712	1.0
2026-03-26 16:01:32.091	12.988	27.711	1.0
2026-03-26 16:01:33.093	12.793	27.746	1.0
2026-03-26 16:01:34.091	12.673	27.749	1.0
2026-03-26 16:01:35.090	12.588	27.733	1.0
2026-03-26 16:01:36.092	12.428	27.74	1.0
2026-03-26 16:01:37.090	12.324	27.758	1.0
2026-03-26 16:01:38.092	12.134	27.742	1.0
2026-03-26 16:01:39.092	11.953	27.757	1.0
2026-03-26 16:01:40.093	11.83	27.772	1.0
2026-03-26 16:01:41.090	11.702	27.782	1.0
2026-03-26 16:01:42.094	11.541	27.788	1.0
2026-03-26 16:01:43.089	11.44	27.769	1.0
2026-03-26 16:01:44.092	11.225	27.793	1.0
2026-03-26 16:01:45.090	11.122	27.783	1.0
2026-03-26 16:01:46.091	11.013	27.793	1.0
2026-03-26 16:01:47.091	10.879	27.798	1.0
2026-03-26 16:01:48.092	10.781	27.815	1.0
2026-03-26 16:01:49.091	10.77	27.806	1.0
2026-03-26 16:01:50.091	10.67	27.824	1.0
2026-03-26 16:01:51.090	10.57	27.829	1.0
2026-03-26 16:01:52.090	10.561	27.824	1.0
2026-03-26 16:01:53.092	10.511	27.867	1.0
2026-03-26 16:01:54.090	10.548	27.853	1.0
2026-03-26 16:01:55.090	10.549	27.848	1.0
2026-03-26 16:01:56.090	10.527	27.869	1.0
2026-03-26 16:01:57.091	10.512	27.878	1.0
2026-03-26 16:01:58.091	10.617	27.881	1.0
2026-03-26 16:01:59.092	10.674	27.901	1.0
2026-03-26 16:02:00.092	10.752	27.927	1.0
2026-03-26 16:02:01.092	10.768	27.912	1.0
2026-03-26 16:02:02.093	10.876	27.925	1.0
2026-03-26 16:02:03.092	11.004	27.923	1.0
2026-03-26 16:02:04.094	11.149	27.946	1.0
2026-03-26 16:02:05.095	11.284	27.934	1.0
2026-03-26 16:02:06.095	11.347	27.964	1.0
2026-03-26 16:02:07.091	11.556	27.963	1.0
2026-03-26 16:02:08.091	11.705	27.983	1.0
2026-03-26 16:02:09.093	11.795	28.008	1.0
2026-03-26 16:02:10.092	11.966	27.984	1.0
2026-03-26 16:02:11.091	12.123	28.02	1.0
2026-03-26 16:02:12.092	12.233	28.024	1.0
2026-03-26 16:02:13.090	12.381	28.032	1.0
2026-03-26 16:02:14.090	12.586	28.05	1.0
2026-03-26 16:02:15.090	12.656	28.043	1.0
2026-03-26 16:02:16.090	12.785	28.062	1.0
2026-03-26 16:02:17.095	12.937	28.045	1.0
2026-03-26 16:02:18.091	13.073	28.064	1.0
2026-03-26 16:02:19.090	13.101	28.09	1.0
2026-03-26 16:02:20.090	13.277	28.074	1.0
2026-03-26 16:02:21.091	13.318	28.076	1.0
2026-03-26 16:02:22.091	13.357	28.102	1.0
2026-03-26 16:02:23.090	13.418	28.099	1.0
2026-03-26 16:02:24.090	13.516	28.103	1.0
2026-03-26 16:02:25.090	13.489	28.108	1.0
2026-03-26 16:02:26.090	13.471	28.143	1.0
2026-03-26 16:02:27.094	13.539	28.151	1.0
2026-03-26 16:02:28.090	13.435	28.147	1.0
2026-03-26 16:02:29.091	13.396	28.153	1.0
2026-03-26 16:02:30.093	13.387	28.185	1.0
2026-03-26 16:02:31.090	13.275	28.187	1.0
2026-03-26 16:02:32.091	13.232	28.18	1.0
2026-03-26 16:02:33.090	13.14	28.205	1.0
2026-03-26 16:02:34.089	13.082	28.177	1.0
2026-03-26 16:02:35.090	12.913	28.217	1.0
2026-03-26 16:02:36.090	12.764	28.21	1.0
2026-03-26 16:02:37.091	12.639	28.195	1.0
2026-03-26 16:02:38.091	12.577	28.239	1.0
2026-03-26 16:02:39.090	12.446	28.245	1.0
2026-03-26 16:02:40.090	12.216	28.245	1.0
2026-03-26 16:02:41.090	12.142	28.258	1.0
2026-03-26 16:02:42.092	11.976	28.263	1.0
2026-03-26 16:02:43.090	11.772	28.259	1.0
2026-03-26 16:02:44.093	11.688	28.262	1.0
2026-03-26 16:02:45.091	11.551	28.261	1.0
2026-03-26 16:02:46.091	11.361	28.262	1.0
2026-03-26 16:02:47.090	11.213	28.277	1.0
2026-03-26 16:02:48.090	11.146	28.277	1.0
2026-03-26 16:02:49.093	11.009	28.276	1.0
2026-03-26 16:02:50.090	10.862	28.263	1.0
2026-03-26 16:02:51.091	10.767	28.274	1.0
2026-03-26 16:02:52.091	10.728	28.289	1.0
2026-03-26 16:02:53.093	10.615	28.281	1.0
2026-03-26 16:02:54.094	10.573	28.279	1.0
2026-03-26 16:02:55.090	10.513	28.281	1.0
2026-03-26 16:02:56.091	10.471	28.309	1.0
2026-03-26 16:02:57.090	10.542	28.289	1.0
2026-03-26 16:02:58.090	10.479	28.284	1.0
2026-03-26 16:02:59.093	10.53	28.316	1.0
2026-03-26 16:03:00.091	10.561	28.292	1.0
2026-03-26 16:03:01.091	10.586	28.309	1.0
2026-03-26 16:03:02.095	10.672	28.315	1.0
2026-03-26 16:03:03.090	10.763	28.311	1.0
2026-03-26 16:03:04.092	10.77	28.303	1.0
2026-03-26 16:03:05.090	10.916	28.319	1.0
2026-03-26 16:03:06.090	10.983	28.285	1.0
2026-03-26 16:03:07.091	11.092	28.304	1.0
2026-03-26 16:03:08.090	11.216	28.288	1.0
2026-03-26 16:03:09.091	11.445	28.303	1.0
2026-03-26 16:03:10.090	11.559	28.294	1.0
2026-03-26 16:03:11.091	11.729	28.3	1.0
2026-03-26 16:03:12.092	11.829	28.296	1.0
2026-03-26 16:03:13.090	11.973	28.305	1.0
2026-03-26 16:03:14.092	12.123	28.285	1.0
2026-03-26 16:03:15.091	12.297	28.291	1.0
2026-03-26 16:03:16.091	12.429	28.278	1.0
2026-03-26 16:03:17.090	12.561	28.285	1.0
2026-03-26 16:03:18.089	12.733	28.281	1.0
2026-03-26 16:03:19.090	12.871	28.285	1.0
2026-03-26 16:03:20.090	12.925	28.254	1.0
2026-03-26 16:03:21.090	13.066	28.26	1.0
2026-03-26 16:03:22.089	13.135	28.235	1.0
2026-03-26 16:03:23.091	13.262	28.257	1.0
2026-03-26 16:03:24.090	13.352	28.234	1.0
2026-03-26 16:03:25.090	13.349	28.219	1.0
2026-03-26 16:03:26.091	13.446	28.242	1.0
2026-03-26 16:03:27.090	13.484	28.241	1.0
2026-03-26 16:03:28.091	13.522	28.198	1.0
2026-03-26 16:03:29.090	13.483	28.199	1.0
2026-03-26 16:03:30.092	13.52	28.187	1.0
2026-03-26 16:03:31.091	13.431	28.199	1.0
2026-03-26 16:03:32.090	13.399	28.195	1.0
2026-03-26 16:03:33.090	13.362	28.166	1.0
2026-03-26 16:03:34.090	13.288	28.164	1.0
2026-03-26 16:03:35.091	13.233	28.172	1.0
2026-03-26 16:03:36.090	13.156	28.157	1.0
2026-03-26 16:03:37.089	13.055	28.17	1.0
2026-03-26 16:03:38.091	12.882	28.157	1.0
2026-03-26 16:03:39.090	12.744	28.141	1.0
2026-03-26 16:03:40.092	12.699	28.146	1.0
2026-03-26 16:03:41.090	12.522	28.116	1.0
2026-03-26 16:03:42.090	12.39	28.122	1.0
2026-03-26 16:03:43.091	12.231	28.123	1.0
2026-03-26 16:03:44.090	12.091	28.082	1.0
2026-03-26 16:03:45.093	11.89	28.094	1.0
2026-03-26 16:03:46.092	11.797	28.096	1.0
2026-03-26 16:03:47.093	11.615	28.063	1.0
2026-03-26 16:03:48.093	11.51	28.078	1.0
2026-03-26 16:03:49.090	11.317	28.051	1.0
2026-03-26 16:03:50.090	11.192	28.063	1.0
2026-03-26 16:03:51.091	11.137	28.048	1.0
2026-03-26 16:03:52.090	10.977	28.028	1.0
2026-03-26 16:03:53.091	10.903	28.01	1.0
2026-03-26 16:03:54.091	10.834	28.005	1.0
2026-03-26 16:03:55.089	10.682	28.02	1.0
2026-03-26 16:03:56.090	10.623	27.973	1.0
2026-03-26 16:03:57.093	10.552	27.99	1.0
2026-03-26 16:03:58.090	10.497	27.992	1.0
2026-03-26 16:03:59.090	10.486	27.969	1.0
2026-03-26 16:04:00.091	10.514	27.947	1.0
2026-03-26 16:04:01.090	10.484	27.935	1.0
2026-03-26 16:04:02.090	10.49	27.937	1.0
2026-03-26 16:04:03.093	10.558	27.915	1.0
2026-03-26 16:04:04.090	10.601	27.932	1.0
2026-03-26 16:04:05.090	10.652	27.9	1.0
2026-03-26 16:04:06.092	10.746	27.9	1.0
2026-03-26 16:04:07.091	10.787	27.893	1.0
2026-03-26 16:04:08.092	10.917	27.882	1.0
2026-03-26 16:04:09.091	10.992	27.884	1.0
2026-03-26 16:04:10.092	11.141	27.886	1.0
2026-03-26 16:04:11.091	11.32	27.866	1.0
2026-03-26 16:04:12.090	11.451	27.843	1.0
2026-03-26 16:04:13.091	11.571	27.854	1.0
2026-03-26 16:04:14.090	11.685	27.831	1.0
2026-03-26 16:04:15.093	11.85	27.823	1.0
2026-03-26 16:04:16.090	12.03	27.832	1.0
2026-03-26 16:04:17.091	12.18	27.821	1.0
2026-03-26 16:04:18.090	12.331	27.819	1.0
2026-03-26 16:04:19.090	12.454	27.821	1.0
2026-03-26 16:04:20.090	12.596	27.802	1.0
2026-03-26 16:04:21.090	12.702	27.773	1.0
2026-03-26 16:04:22.089	12.811	27.776	1.0
2026-03-26 16:04:23.089	12.959	27.781	1.0
2026-03-26 16:04:24.089	13.119	27.788	1.0
2026-03-26 16:04:25.090	13.184	27.77	1.0
2026-03-26 16:04:26.090	13.271	27.751	1.0
2026-03-26 16:04:27.091	13.346	27.748	1.0
2026-03-26 16:04:28.090	13.366	27.75	1.0
2026-03-26 16:04:29.093	13.463	27.738	1.0
2026-03-26 16:04:30.090	13.494	27.749	1.0
2026-03-26 16:04:31.090	13.466	27.755	1.0
2026-03-26 16:04:32.092	13.515	27.714	1.0
2026-03-26 16:04:33.091	13.469	27.727	1.0
2026-03-26 16:04:34.091	13.496	27.718	1.0
2026-03-26 16:04:35.090	13.45	27.74	1.0
2026-03-26 16:04:36.091	13.412	27.725	1.0
2026-03-26 16:04:37.091	13.325	27.716	1.0
2026-03-26 16:04:38.091	13.258	27.724	1.0
2026-03-26 16:04:39.090	13.072	27.707	1.0
2026-03-26 16:04:40.090	12.979	27.709	1.0
2026-03-26 16:04:41.092	12.934	27.689	1.0
2026-03-26 16:04:42.090	12.792	27.702	1.0
2026-03-26 16:04:43.091	12.59	27.721	1.0
2026-03-26 16:04:44.091	12.531	27.706	1.0
2026-03-26 16:04:45.090	12.375	27.721	1.0
2026-03-26 16:04:46.091	12.255	27.686	1.0
2026-03-26 16:04:47.092	12.068	27.697	1.0
2026-03-26 16:04:48.091	11.922	27.699	1.0
2026-03-26 16:04:49.091	11.758	27.718	1.0
2026-03-26 16:04:50.092	11.626	27.718	1.0
2026-03-26 16:04:51.091	11.459	27.718	1.0
2026-03-26 16:04:52.091	11.324	27.688	1.0
2026-03-26 16:04:53.091	11.218	27.694	1.0
2026-03-26 16:04:54.091	11.038	27.723	1.0
2026-03-26 16:04:55.091	10.923	27.696	1.0
2026-03-26 16:04:56.091	10.899	27.706	1.0
2026-03-26 16:04:57.090	10.757	27.723	1.0
2026-03-26 16:04:58.090	10.674	27.707	1.0
2026-03-26 16:04:59.090	10.643	27.736	1.0
2026-03-26 16:05:00.090	10.529	27.733	1.0
2026-03-26 16:05:01.089	10.567	27.737	1.0
2026-03-26 16:05:02.090	10.464	27.715	1.0
2026-03-26 16:05:03.090	10.45	27.746	1.0
2026-03-26 16:05:04.090	10.536	27.736	1.0
2026-03-26 16:05:05.090	10.516	27.753	1.0
2026-03-26 16:05:06.090	10.602	27.757	1.0
2026-03-26 16:05:07.091	10.562	27.756	1.0
2026-03-26 16:05:08.092	10.656	27.766	1.0
2026-03-26 16:05:09.090	10.78	27.744	1.0
2026-03-26 16:05:10.090	10.831	27.756	1.0
2026-03-26 16:05:11.091	10.939	27.772	1.0
2026-03-26 16:05:12.091	11.044	27.77	1.0
2026-03-26 16:05:13.092	11.189	27.765	1.0
2026-03-26 16:05:14.090	11.342	27.807	1.0
2026-03-26 16:05:15.092	11.448	27.79	1.0
2026-03-26 16:05:16.090	11.573	27.82	1.0
2026-03-26 16:05:17.090	11.706	27.802	1.0
2026-03-26 16:05:18.090	11.907	27.808	1.0
2026-03-26 16:05:19.092	11.995	27.844	1.0
2026-03-26 16:05:20.091	12.166	27.851	1.0
2026-03-26 16:05:21.090	12.29	27.859	1.0
2026-03-26 16:05:22.090	12.441	27.841	1.0
2026-03-26 16:05:23.089	12.563	27.864	1.0
2026-03-26 16:05:24.091	12.748	27.862	1.0
2026-03-26 16:05:25.090	12.857	27.861	1.0
2026-03-26 16:05:26.091	12.946	27.866	1.0
2026-03-26 16:05:27.090	13.065	27.873	1.0
2026-03-26 16:05:28.091	13.207	27.889	1.0
2026-03-26 16:05:29.090	13.326	27.895	1.0
2026-03-26 16:05:30.090	13.354	27.917	1.0
2026-03-26 16:05:31.090	13.44	27.924	1.0
2026-03-26 16:05:32.090	13.427	27.946	1.0
2026-03-26 16:05:33.090	13.504	27.942	1.0
2026-03-26 16:05:34.091	13.535	27.936	1.0
2026-03-26 16:05:35.092	13.504	27.975	1.0
2026-03-26 16:05:36.090	13.519	27.962	1.0
2026-03-26 16:05:37.092	13.425	27.982	1.0
2026-03-26 16:05:38.089	13.375	28.002	1.0
2026-03-26 16:05:39.091	13.346	27.992	1.0
2026-03-26 16:05:40.091	13.258	27.992	1.0
2026-03-26 16:05:41.090	13.165	28.03	1.0
2026-03-26 16:05:42.091	13.077	28.021	1.0
2026-03-26 16:05:43.089	12.962	28.024	1.0
2026-03-26 16:05:44.092	12.914	28.047	1.0
2026-03-26 16:05:45.090	12.781	28.049	1.0
2026-03-26 16:05:46.090	12.618	28.067	1.0
2026-03-26 16:05:47.090	12.481	28.081	1.0
2026-03-26 16:05:48.090	12.38	28.069	1.0
2026-03-26 16:05:49.091	12.202	28.077	1.0
2026-03-26 16:05:50.089	12.032	28.11	1.0
2026-03-26 16:05:51.089	11.852	28.111	1.0
2026-03-26 16:05:52.090	11.755	28.122	1.0
2026-03-26 16:05:53.093	11.581	28.102	1.0
2026-03-26 16:05:54.091	11.431	28.113	1.0
2026-03-26 16:05:55.090	11.29	28.122	1.0
2026-03-26 16:05:56.093	11.168	28.128	1.0
2026-03-26 16:05:57.091	11.048	28.143	1.0
2026-03-26 16:05:58.090	10.937	28.169	1.0
2026-03-26 16:05:59.094	10.863	28.18	1.0
2026-03-26 16:06:00.089	10.728	28.189	1.0
2026-03-26 16:06:01.091	10.631	28.175	1.0
2026-03-26 16:06:02.095	10.567	28.184	1.0
2026-03-26 16:06:03.090	10.609	28.193	1.0
2026-03-26 16:06:04.091	10.577	28.195	1.0
2026-03-26 16:06:05.090	10.543	28.195	1.0
2026-03-26 16:06:06.090	10.53	28.228	1.0
2026-03-26 16:06:07.094	10.552	28.215	1.0
2026-03-26 16:06:08.090	10.497	28.245	1.0
2026-03-26 16:06:09.092	10.545	28.236	1.0
2026-03-26 16:06:10.091	10.579	28.241	1.0
2026-03-26 16:06:11.094	10.686	28.255	1.0
2026-03-26 16:06:12.094	10.791	28.262	1.0
2026-03-26 16:06:13.089	10.855	28.263	1.0
2026-03-26 16:06:14.090	10.927	28.275	1.0
2026-03-26 16:06:15.093	11.058	28.281	1.0
2026-03-26 16:06:16.091	11.167	28.249	1.0
2026-03-26 16:06:17.091	11.334	28.264	1.0
2026-03-26 16:06:18.091	11.418	28.29	1.0
2026-03-26 16:06:19.089	11.591	28.289	1.0
2026-03-26 16:06:20.090	11.781	28.292	1.0
2026-03-26 16:06:21.091	11.934	28.297	1.0
2026-03-26 16:06:22.093	12.017	28.278	1.0
2026-03-26 16:06:23.090	12.242	28.274	1.0
2026-03-26 16:06:24.090	12.355	28.309	1.0
2026-03-26 16:06:25.092	12.466	28.288	1.0
2026-03-26 16:06:26.090	12.634	28.309	1.0
2026-03-26 16:06:27.090	12.74	28.308	1.0
2026-03-26 16:06:28.090	12.911	28.288	1.0
2026-03-26 16:06:29.092	13.023	28.296	1.0
2026-03-26 16:06:30.090	13.134	28.294	1.0
2026-03-26 16:06:31.089	13.208	28.295	1.0
2026-03-26 16:06:32.091	13.335	28.305	1.0
2026-03-26 16:06:33.090	13.318	28.306	1.0
2026-03-26 16:06:34.090	13.395	28.318	1.0
2026-03-26 16:06:35.090	13.431	28.316	1.0
2026-03-26 16:06:36.092	13.465	28.286	1.0
2026-03-26 16:06:37.090	13.51	28.288	1.0
2026-03-26 16:06:38.091	13.544	28.276	1.0
2026-03-26 16:06:39.090	13.517	28.31	1.0
2026-03-26 16:06:40.090	13.406	28.283	1.0
2026-03-26 16:06:41.090	13.423	28.296	1.0
2026-03-26 16:06:42.090	13.293	28.272	1.0
2026-03-26 16:06:43.090	13.278	28.273	1.0
2026-03-26 16:06:44.091	13.228	28.269	1.0
2026-03-26 16:06:45.090	13.058	28.269	1.0
2026-03-26 16:06:46.091	12.959	28.283	1.0
2026-03-26 16:06:47.090	12.821	28.288	1.0
2026-03-26 16:06:48.091	12.752	28.274	1.0
2026-03-26 16:06:49.090	12.594	28.252	1.0
2026-03-26 16:06:50.091	12.499	28.261	1.0
2026-03-26 16:06:51.089	12.305	28.246	1.0
2026-03-26 16:06:52.092	12.201	28.264	1.0
2026-03-26 16:06:53.089	12.041	28.241	1.0
2026-03-26 16:06:54.090	11.89	28.247	1.0
2026-03-26 16:06:55.091	11.702	28.245	1.0
2026-03-26 16:06:56.091	11.559	28.244	1.0
2026-03-26 16:06:57.090	11.384	28.212	1.0
2026-03-26 16:06:58.090	11.307	28.232	1.0
2026-03-26 16:06:59.091	11.162	28.21	1.0
2026-03-26 16:07:00.091	11.004	28.181	1.0
2026-03-26 16:07:01.091	10.921	28.175	1.0
2026-03-26 16:07:02.092	10.8	28.204	1.0
2026-03-26 16:07:03.090	10.742	28.17	1.0
2026-03-26 16:07:04.089	10.642	28.156	1.0
2026-03-26 16:07:05.090	10.588	28.178	1.0
2026-03-26 16:07:06.095	10.547	28.169	1.0
2026-03-26 16:07:07.092	10.53	28.137	1.0
2026-03-26 16:07:08.091	10.478	28.153	1.0
2026-03-26 16:07:09.090	10.529	28.127	1.0
2026-03-26 16:07:10.090	10.478	28.123	1.0
2026-03-26 16:07:11.090	10.536	28.126	1.0
2026-03-26 16:07:12.090	10.618	28.12	1.0
2026-03-26 16:07:13.090	10.64	28.092	1.0
2026-03-26 16:07:14.090	10.732	28.096	1.0
2026-03-26 16:07:15.093	10.824	28.069	1.0
2026-03-26 16:07:16.092	10.857	28.077	1.0
2026-03-26 16:07:17.091	10.983	28.083	1.0
2026-03-26 16:07:18.092	11.12	28.07	1.0
2026-03-26 16:07:19.090	11.266	28.063	1.0
2026-03-26 16:07:20.090	11.337	28.037	1.0
2026-03-26 16:07:21.091	11.464	28.018	1.0
2026-03-26 16:07:22.090	11.648	28.035	1.0
2026-03-26 16:07:23.094	11.758	28.013	1.0
2026-03-26 16:07:24.092	11.945	28.002	1.0
2026-03-26 16:07:25.093	12.033	28.014	1.0
2026-03-26 16:07:26.090	12.194	27.976	1.0
2026-03-26 16:07:27.091	12.338	27.971	1.0
2026-03-26 16:07:28.090	12.48	27.985	1.0
2026-03-26 16:07:29.091	12.66	27.975	1.0
2026-03-26 16:07:30.090	12.806	27.95	1.0
2026-03-26 16:07:31.093	12.957	27.93	1.0
2026-03-26 16:07:32.091	13.043	27.949	1.0
2026-03-26 16:07:33.091	13.08	27.942	1.0
2026-03-26 16:07:34.095	13.227	27.914	1.0
2026-03-26 16:07:35.090	13.285	27.916	1.0
2026-03-26 16:07:36.091	13.351	27.906	1.0
2026-03-26 16:07:37.092	13.444	27.887	1.0
2026-03-26 16:07:38.093	13.498	27.885	1.0
2026-03-26 16:07:39.091	13.517	27.868	1.0
2026-03-26 16:07:40.090	13.463	27.869	1.0
2026-03-26 16:07:41.092	13.542	27.862	1.0
2026-03-26 16:07:42.094	13.521	27.845	1.0
2026-03-26 16:07:43.092	13.46	27.83	1.0
2026-03-26 16:07:44.091	13.343	27.851	1.0
2026-03-26 16:07:45.090	13.308	27.834	1.0
2026-03-26 16:07:46.090	13.218	27.837	1.0
2026-03-26 16:07:47.090	13.164	27.793	1.0
2026-03-26 16:07:48.090	13.1	27.81	1.0
2026-03-26 16:07:49.089	12.955	27.801	1.0
2026-03-26 16:07:50.090	12.786	27.787	1.0
2026-03-26 16:07:51.091	12.727	27.779	1.0
2026-03-26 16:07:52.089	12.607	27.773	1.0
2026-03-26 16:07:53.090	12.378	27.787	1.0
2026-03-26 16:07:54.089	12.297	27.756	1.0
2026-03-26 16:07:55.090	12.116	27.775	1.0
2026-03-26 16:07:56.090	12.003	27.746	1.0
2026-03-26 16:07:57.090	11.879	27.754	1.0
2026-03-26 16:07:58.090	11.66	27.75	1.0
2026-03-26 16:07:59.090	11.551	27.757	1.0
2026-03-26 16:08:00.090	11.387	27.745	1.0
2026-03-26 16:08:01.090	11.31	27.727	1.0
2026-03-26 16:08:02.090	11.149	27.715	1.0
2026-03-26 16:08:03.091	11.057	27.706	1.0
2026-03-26 16:08:04.091	10.928	27.706	1.0
2026-03-26 16:08:05.094	10.844	27.7	1.0
2026-03-26 16:08:06.090	10.767	27.716	1.0
2026-03-26 16:08:07.090	10.682	27.699	1.0
2026-03-26 16:08:08.090	10.591	27.713	1.0
2026-03-26 16:08:09.090	10.542	27.72	1.0
2026-03-26 16:08:10.089	10.497	27.722	1.0
2026-03-26 16:08:11.092	10.525	27.691	1.0
2026-03-26 16:08:12.091	10.511	27.723	1.0
2026-03-26 16:08:13.090	10.49	27.706	1.0
2026-03-26 16:08:14.091	10.57	27.71	1.0
2026-03-26 16:08:15.091	10.546	27.687	1.0
2026-03-26 16:08:16.090	10.602	27.684	1.0
2026-03-26 16:08:17.090	10.751	27.701	1.0
2026-03-26 16:08:18.094	10.818	27.712	1.0
2026-03-26 16:08:19.091	10.876	27.703	1.0
2026-03-26 16:08:20.089	11.046	27.698	1.0
2026-03-26 16:08:21.092	11.082	27.685	1.0
2026-03-26 16:08:22.089	11.208	27.69	1.0
2026-03-26 16:08:23.090	11.337	27.709	1.0
2026-03-26 16:08:24.091	11.558	27.727	1.0
2026-03-26 16:08:25.091	11.705	27.71	1.0
2026-03-26 16:08:26.091	11.851	27.718	1.0
2026-03-26 16:08:27.090	11.938	27.701	1.0
2026-03-26 16:08:28.090	12.151	27.718	1.0
2026-03-26 16:08:29.091	12.298	27.717	1.0
2026-03-26 16:08:30.090	12.392	27.733	1.0
2026-03-26 16:08:31.093	12.53	27.727	1.0
2026-03-26 16:08:32.092	12.688	27.715	1.0
2026-03-26 16:08:33.090	12.799	27.73	1.0
2026-03-26 16:08:34.090	12.882	27.741	1.0
2026-03-26 16:08:35.090	13.073	27.763	1.0
2026-03-26 16:08:36.091	13.124	27.736	1.0
2026-03-26 16:08:37.094	13.244	27.766	1.0
2026-03-26 16:08:38.092	13.336	27.757	1.0
2026-03-26 16:08:39.090	13.371	27.757	1.0
2026-03-26 16:08:40.092	13.459	27.759	1.0
2026-03-26 16:08:41.093	13.486	27.795	1.0
2026-03-26 16:08:42.090	13.448	27.772	1.0
2026-03-26 16:08:43.091	13.467	27.77	1.0
2026-03-26 16:08:44.091	13.507	27.807	1.0
2026-03-26 16:08:45.091	13.451	27.797	1.0
2026-03-26 16:08:46.091	13.455	27.809	1.0
2026-03-26 16:08:47.092	13.412	27.83	1.0
2026-03-26 16:08:48.095	13.316	27.805	1.0
2026-03-26 16:08:49.090	13.257	27.825	1.0
2026-03-26 16:08:50.092	13.152	27.829	1.0
2026-03-26 16:08:51.093	13.002	27.863	1.0
2026-03-26 16:08:52.091	12.967	27.868	1.0
2026-03-26 16:08:53.093	12.816	27.842	1.0
2026-03-26 16:08:54.090	12.699	27.876	1.0
2026-03-26 16:08:55.091	12.538	27.878	1.0
2026-03-26 16:08:56.089	12.449	27.902	1.0
2026-03-26 16:08:57.091	12.292	27.882	1.0
2026-03-26 16:08:58.091	12.071	27.892	1.0
2026-03-26 16:08:59.089	11.985	27.928	1.0
2026-03-26 16:09:00.090	11.851	27.918	1.0
2026-03-26 16:09:01.093	11.665	27.932	1.0
2026-03-26 16:09:02.090	11.479	27.94	1.0
2026-03-26 16:09:03.090	11.367	27.936	1.0
2026-03-26 16:09:04.093	11.295	27.972	1.0
2026-03-26 16:09:05.090	11.157	27.961	1.0
2026-03-26 16:09:06.094	10.978	27.976	1.0
2026-03-26 16:09:07.090	10.912	27.983	1.0
2026-03-26 16:09:08.094	10.771	28.005	1.0
2026-03-26 16:09:09.090	10.681	27.999	1.0
2026-03-26 16:09:10.091	10.629	27.987	1.0
2026-03-26 16:09:11.090	10.574	28.013	1.0
2026-03-26 16:09:12.090	10.551	28.01	1.0
2026-03-26 16:09:13.091	10.495	28.045	1.0
2026-03-26 16:09:14.089	10.503	28.052	1.0
2026-03-26 16:09:15.090	10.462	28.042	1.0
2026-03-26 16:09:16.089	10.564	28.049	1.0
2026-03-26 16:09:17.090	10.505	28.084	1.0
2026-03-26 16:09:18.093	10.596	28.059	1.0
2026-03-26 16:09:19.091	10.646	28.1	1.0
2026-03-26 16:09:20.090	10.751	28.088	1.0
2026-03-26 16:09:21.092	10.765	28.1	1.0
2026-03-26 16:09:22.092	10.898	28.117	1.0
2026-03-26 16:09:23.089	11.059	28.101	1.0
2026-03-26 16:09:24.090	11.164	28.122	1.0
2026-03-26 16:09:25.091	11.304	28.132	1.0
2026-03-26 16:09:26.090	11.376	28.163	1.0
2026-03-26 16:09:27.092	11.535	28.154	1.0
2026-03-26 16:09:28.093	11.709	28.146	1.0
2026-03-26 16:09:29.090	11.83	28.169	1.0
2026-03-26 16:09:30.089	11.952	28.192	1.0
2026-03-26 16:09:31.090	12.146	28.189	1.0
2026-03-26 16:09:32.091	12.309	28.194	1.0
2026-03-26 16:09:33.090	12.432	28.216	1.0
2026-03-26 16:09:34.090	12.612	28.211	1.0
2026-03-26 16:09:35.090	12.746	28.219	1.0
2026-03-26 16:09:36.090	12.817	28.214	1.0
2026-03-26 16:09:37.091	12.998	28.239	1.0
2026-03-26 16:09:38.089	13.11	28.223	1.0
2026-03-26 16:09:39.090	13.139	28.227	1.0
2026-03-26 16:09:40.090	13.227	28.25	1.0
2026-03-26 16:09:41.092	13.304	28.236	1.0
2026-03-26 16:09:42.090	13.422	28.256	1.0
2026-03-26 16:09:43.090	13.418	28.243	1.0
2026-03-26 16:09:44.093	13.463	28.268	1.0
2026-03-26 16:09:45.090	13.46	28.277	1.0
2026-03-26 16:09:46.090	13.453	28.249	1.0
2026-03-26 16:09:47.091	13.528	28.284	1.0
2026-03-26 16:09:48.107	13.515	28.289	1.0
2026-03-26 16:09:49.094	13.443	28.267	1.0
2026-03-26 16:09:50.094	13.357	28.272	1.0
2026-03-26 16:09:51.093	13.264	28.303	1.0
2026-03-26 16:09:52.090	13.242	28.299	1.0
2026-03-26 16:09:53.103	13.154	28.275	1.0
2026-03-26 16:09:54.090	13.05	28.296	1.0
2026-03-26 16:09:55.091	12.932	28.288	1.0
2026-03-26 16:09:56.089	12.77	28.282	1.0
2026-03-26 16:09:57.090	12.665	28.297	1.0
2026-03-26 16:09:58.090	12.528	28.313	1.0
2026-03-26 16:09:59.090	12.427	28.298	1.0
2026-03-26 16:10:00.091	12.276	28.303	1.0
2026-03-26 16:10:01.090	12.055	28.299	1.0
2026-03-26 16:10:02.093	11.944	28.282	1.0
2026-03-26 16:10:03.092	11.829	28.293	1.0
2026-03-26 16:10:04.090	11.608	28.292	1.0
2026-03-26 16:10:05.092	11.543	28.309	1.0
2026-03-26 16:10:06.092	11.34	28.317	1.0
2026-03-26 16:10:07.092	11.204	28.28	1.0
2026-03-26 16:10:08.092	11.049	28.289	1.0
2026-03-26 16:10:09.097	10.937	28.308	1.0
2026-03-26 16:10:10.092	10.926	28.304	1.0
2026-03-26 16:10:11.092	10.83	28.273	1.0
2026-03-26 16:10:12.091	10.669	28.284	1.0
2026-03-26 16:10:13.090	10.641	28.289	1.0
2026-03-26 16:10:14.091	10.537	28.273	1.0
2026-03-26 16:10:15.090	10.549	28.294	1.0
2026-03-26 16:10:16.090	10.537	28.284	1.0
2026-03-26 16:10:17.092	10.484	28.278	1.0
2026-03-26 16:10:18.091	10.497	28.266	1.0
2026-03-26 16:10:19.091	10.492	28.266	1.0
2026-03-26 16:10:20.091	10.513	28.248	1.0
2026-03-26 16:10:21.091	10.653	28.249	1.0
2026-03-26 16:10:22.089	10.683	28.23	1.0
2026-03-26 16:10:23.090	10.734	28.256	1.0
2026-03-26 16:10:24.091	10.816	28.225	1.0
2026-03-26 16:10:25.096	10.966	28.245	1.0
2026-03-26 16:10:26.093	11.012	28.219	1.0
2026-03-26 16:10:27.097	11.17	28.227	1.0
2026-03-26 16:10:28.090	11.294	28.219	1.0
2026-03-26 16:10:29.093	11.373	28.202	1.0
2026-03-26 16:10:30.092	11.57	28.185	1.0
2026-03-26 16:10:31.091	11.692	28.177	1.0
2026-03-26 16:10:32.094	11.866	28.197	1.0
2026-03-26 16:10:33.092	12.03	28.173	1.0
2026-03-26 16:10:34.091	12.197	28.173	1.0
2026-03-26 16:10:35.103	12.317	28.152	1.0
2026-03-26 16:10:36.098	12.446	28.158	1.0
2026-03-26 16:10:37.094	12.637	28.151	1.0
2026-03-26 16:10:38.089	12.697	28.139	1.0
2026-03-26 16:10:39.091	12.864	28.123	1.0
2026-03-26 16:10:40.090	12.998	28.132	1.0
2026-03-26 16:10:41.099	13.091	28.13	1.0
2026-03-26 16:10:42.089	13.215	28.098	1.0
2026-03-26 16:10:43.089	13.283	28.087	1.0
2026-03-26 16:10:44.106	13.308	28.101	1.0
2026-03-26 16:10:45.089	13.359	28.06	1.0
2026-03-26 16:10:46.090	13.455	28.053	1.0
2026-03-26 16:10:47.090	13.463	28.065	1.0
2026-03-26 16:10:48.090	13.545	28.049	1.0
2026-03-26 16:10:49.090	13.528	28.045	1.0
2026-03-26 16:10:50.090	13.462	28.052	1.0
2026-03-26 16:10:51.090	13.472	28.014	1.0
2026-03-26 16:10:52.090	13.407	28.035	1.0
2026-03-26 16:10:53.090	13.319	28.026	1.0
2026-03-26 16:10:54.090	13.311	27.998	1.0
2026-03-26 16:10:55.091	13.223	27.979	1.0
2026-03-26 16:10:56.090	13.068	27.988	1.0
2026-03-26 16:10:57.090	13.032	27.956	1.0
2026-03-26 16:10:58.090	12.924	27.973	1.0
2026-03-26 16:10:59.090	12.818	27.952	1.0
2026-03-26 16:11:00.092	12.607	27.931	1.0
2026-03-26 16:11:01.091	12.516	27.921	1.0
2026-03-26 16:11:02.092	12.334	27.918	1.0
2026-03-26 16:11:03.091	12.221	27.905	1.0
2026-03-26 16:11:04.094	12.015	27.891	1.0
2026-03-26 16:11:05.090	11.878	27.909	1.0
2026-03-26 16:11:06.095	11.748	27.879	1.0
2026-03-26 16:11:07.092	11.594	27.868	1.0
2026-03-26 16:11:08.090	11.504	27.867	1.0
2026-03-26 16:11:09.094	11.295	27.886	1.0
2026-03-26 16:11:10.096	11.238	27.846	1.0
2026-03-26 16:11:11.090	11.083	27.855	1.0
2026-03-26 16:11:12.091	10.918	27.833	1.0
2026-03-26 16:11:13.091	10.834	27.836	1.0
2026-03-26 16:11:14.090	10.793	27.814	1.0
2026-03-26 16:11:15.092	10.711	27.823	1.0
2026-03-26 16:11:16.096	10.599	27.803	1.0
2026-03-26 16:11:17.091	10.536	27.822	1.0
2026-03-26 16:11:18.090	10.536	27.796	1.0
2026-03-26 16:11:19.090	10.5	27.814	1.0
2026-03-26 16:11:20.091	10.544	27.781	1.0
2026-03-26 16:11:21.090	10.467	27.781	1.0
2026-03-26 16:11:22.098	10.52	27.765	1.0
2026-03-26 16:11:23.093	10.517	27.765	1.0
2026-03-26 16:11:24.092	10.654	27.767	1.0
2026-03-26 16:11:25.093	10.69	27.747	1.0
2026-03-26 16:11:26.090	10.786	27.735	1.0
2026-03-26 16:11:27.093	10.826	27.766	1.0
2026-03-26 16:11:28.094	10.908	27.738	1.0
2026-03-26 16:11:29.090	11.039	27.745	1.0
2026-03-26 16:11:30.091	11.171	27.731	1.0
2026-03-26 16:11:31.091	11.262	27.734	1.0
2026-03-26 16:11:32.091	11.44	27.728	1.0
2026-03-26 16:11:33.096	11.576	27.714	1.0
2026-03-26 16:11:34.093	11.74	27.73	1.0
2026-03-26 16:11:35.091	11.856	27.697	1.0
2026-03-26 16:11:36.096	11.985	27.71	1.0
2026-03-26 16:11:37.090	12.14	27.712	1.0
2026-03-26 16:11:38.091	12.313	27.719	1.0
2026-03-26 16:11:39.090	12.51	27.693	1.0
2026-03-26 16:11:40.089	12.62	27.701	1.0
2026-03-26 16:11:41.090	12.771	27.714	1.0
2026-03-26 16:11:42.090	12.909	27.714	1.0
2026-03-26 16:11:43.091	12.977	27.7	1.0
2026-03-26 16:11:44.091	13.132	27.719	1.0
2026-03-26 16:11:45.090	13.194	27.686	1.0
2026-03-26 16:11:46.094	13.27	27.7	1.0
2026-03-26 16:11:47.090	13.36	27.69	1.0
2026-03-26 16:11:48.094	13.361	27.684	1.0
2026-03-26 16:11:49.095	13.48	27.691	1.0
2026-03-26 16:11:50.090	13.445	27.696	1.0
2026-03-26 16:11:51.090	13.46	27.71	1.0
2026-03-26 16:11:52.092	13.506	27.703	1.0
2026-03-26 16:11:53.090	13.442	27.724	1.0
2026-03-26 16:11:54.095	13.44	27.724	1.0
2026-03-26 16:11:55.093	13.385	27.697	1.0
2026-03-26 16:11:56.094	13.341	27.7	1.0
2026-03-26 16:11:57.090	13.264	27.702	1.0
2026-03-26 16:11:58.094	13.204	27.703	1.0
2026-03-26 16:11:59.091	13.083	27.704	1.0
2026-03-26 16:12:00.090	13.025	27.709	1.0
2026-03-26 16:12:01.090	12.842	27.726	1.0
2026-03-26 16:12:02.091	12.79	27.715	1.0
2026-03-26 16:12:03.089	12.619	27.725	1.0
2026-03-26 16:12:04.090	12.471	27.734	1.0
2026-03-26 16:12:05.089	12.342	27.759	1.0
2026-03-26 16:12:06.091	12.229	27.752	1.0
2026-03-26 16:12:07.091	12.062	27.739	1.0
2026-03-26 16:12:08.091	11.932	27.769	1.0
2026-03-26 16:12:09.091	11.735	27.784	1.0
2026-03-26 16:12:10.090	11.633	27.765	1.0
2026-03-26 16:12:11.089	11.406	27.795	1.0
2026-03-26 16:12:12.093	11.314	27.795	1.0
2026-03-26 16:12:13.090	11.212	27.797	1.0
2026-03-26 16:12:14.089	11.034	27.787	1.0
2026-03-26 16:12:15.089	10.985	27.817	1.0
2026-03-26 16:12:16.090	10.874	27.804	1.0
2026-03-26 16:12:17.090	10.754	27.801	1.0
2026-03-26 16:12:18.090	10.685	27.829	1.0
2026-03-26 16:12:19.091	10.614	27.843	1.0
2026-03-26 16:12:20.090	10.595	27.831	1.0
2026-03-26 16:12:21.090	10.529	27.837	1.0
2026-03-26 16:12:22.090	10.472	27.863	1.0
2026-03-26 16:12:23.090	10.455	27.882	1.0
2026-03-26 16:12:24.092	10.503	27.882	1.0
2026-03-26 16:12:25.090	10.504	27.869	1.0
2026-03-26 16:12:26.092	10.567	27.891	1.0
2026-03-26 16:12:27.091	10.648	27.882	1.0
2026-03-26 16:12:28.090	10.715	27.913	1.0
2026-03-26 16:12:29.092	10.757	27.911	1.0
2026-03-26 16:12:30.091	10.84	27.917	1.0
2026-03-26 16:12:31.093	10.939	27.943	1.0
2026-03-26 16:12:32.096	11.118	27.948	1.0
2026-03-26 16:12:33.091	11.162	27.964	1.0
2026-03-26 16:12:34.090	11.338	27.941	1.0
2026-03-26 16:12:35.091	11.505	27.96	1.0
2026-03-26 16:12:36.090	11.604	27.97	1.0
2026-03-26 16:12:37.099	11.727	27.986	1.0
2026-03-26 16:12:38.090	11.902	28.006	1.0
2026-03-26 16:12:39.090	12.092	28.008	1.0
2026-03-26 16:12:40.093	12.233	28.017	1.0
2026-03-26 16:12:41.091	12.306	28.023	1.0
2026-03-26 16:12:42.091	12.456	28.027	1.0
2026-03-26 16:12:43.091	12.627	28.05	1.0
2026-03-26 16:12:44.091	12.765	28.037	1.0
2026-03-26 16:12:45.091	12.896	28.061	1.0
2026-03-26 16:12:46.090	13.016	28.06	1.0
2026-03-26 16:12:47.091	13.111	28.058	1.0
2026-03-26 16:12:48.090	13.249	28.088	1.0
2026-03-26 16:12:49.089	13.253	28.101	1.0
2026-03-26 16:12:50.093	13.403	28.113	1.0
2026-03-26 16:12:51.090	13.433	28.115	1.0
2026-03-26 16:12:52.090	13.435	28.131	1.0
2026-03-26 16:12:53.090	13.458	28.126	1.0
2026-03-26 16:12:54.094	13.505	28.125	1.0
2026-03-26 16:12:55.090	13.461	28.122	1.0
2026-03-26 16:12:56.095	13.459	28.162	1.0
2026-03-26 16:12:57.091	13.489	28.138	1.0
2026-03-26 16:12:58.091	13.438	28.179	1.0
2026-03-26 16:12:59.090	13.325	28.192	1.0
2026-03-26 16:13:00.091	13.22	28.191	1.0
2026-03-26 16:13:01.096	13.134	28.193	1.0
2026-03-26 16:13:02.093	13.066	28.182	1.0
2026-03-26 16:13:03.090	12.924	28.208	1.0
2026-03-26 16:13:04.091	12.857	28.189	1.0
2026-03-26 16:13:05.090	12.764	28.197	1.0
2026-03-26 16:13:06.090	12.61	28.206	1.0
2026-03-26 16:13:07.092	12.483	28.244	1.0
2026-03-26 16:13:08.094	12.338	28.233	1.0
2026-03-26 16:13:09.092	12.115	28.244	1.0
2026-03-26 16:13:10.095	12.013	28.245	1.0
2026-03-26 16:13:11.090	11.816	28.263	1.0
2026-03-26 16:13:12.090	11.756	28.258	1.0
2026-03-26 16:13:13.091	11.529	28.271	1.0
2026-03-26 16:13:14.091	11.423	28.275	1.0
2026-03-26 16:13:15.105	11.24	28.249	1.0
2026-03-26 16:13:16.091	11.146	28.254	1.0
2026-03-26 16:13:17.096	11.012	28.289	1.0
2026-03-26 16:13:18.089	10.974	28.268	1.0
2026-03-26 16:13:19.092	10.791	28.262	1.0
2026-03-26 16:13:20.098	10.777	28.304	1.0
2026-03-26 16:13:21.091	10.619	28.304	1.0
2026-03-26 16:13:22.090	10.622	28.29	1.0
2026-03-26 16:13:23.090	10.572	28.278	1.0
2026-03-26 16:13:24.091	10.518	28.287	1.0
2026-03-26 16:13:25.092	10.48	28.311	1.0
2026-03-26 16:13:26.095	10.475	28.311	1.0
2026-03-26 16:13:27.091	10.52	28.303	1.0
2026-03-26 16:13:28.092	10.513	28.29	1.0
2026-03-26 16:13:29.090	10.58	28.287	1.0
2026-03-26 16:13:30.090	10.592	28.302	1.0
2026-03-26 16:13:31.091	10.672	28.304	1.0
2026-03-26 16:13:32.090	10.829	28.305	1.0
2026-03-26 16:13:33.104	10.875	28.294	1.0
2026-03-26 16:13:34.093	10.989	28.308	1.0
2026-03-26 16:13:35.093	11.144	28.308	1.0
2026-03-26 16:13:36.091	11.247	28.308	1.0
2026-03-26 16:13:37.096	11.363	28.309	1.0
2026-03-26 16:13:38.092	11.481	28.284	1.0
2026-03-26 16:13:39.092	11.678	28.297	1.0
2026-03-26 16:13:40.093	11.773	28.284	1.0
2026-03-26 16:13:41.093	11.896	28.273	1.0
2026-03-26 16:13:42.092	12.08	28.297	1.0
2026-03-26 16:13:43.094	12.275	28.28	1.0
2026-03-26 16:13:44.090	12.336	28.258	1.0
2026-03-26 16:13:45.089	12.528	28.266	1.0
2026-03-26 16:13:46.090	12.636	28.261	1.0
2026-03-26 16:13:47.092	12.761	28.25	1.0
2026-03-26 16:13:48.091	12.866	28.277	1.0
2026-03-26 16:13:49.095	12.977	28.275	1.0
2026-03-26 16:13:50.095	13.107	28.264	1.0
2026-03-26 16:13:51.091	13.221	28.242	1.0
2026-03-26 16:13:52.094	13.32	28.226	1.0
2026-03-26 16:13:53.090	13.416	28.219	1.0
2026-03-26 16:13:54.090	13.416	28.24	1.0
2026-03-26 16:13:55.090	13.471	28.207	1.0
2026-03-26 16:13:56.089	13.537	28.225	1.0
2026-03-26 16:13:57.090	13.513	28.212	1.0
2026-03-26 16:13:58.095	13.486	28.205	1.0
2026-03-26 16:13:59.094	13.486	28.202	1.0
2026-03-26 16:14:00.089	13.472	28.205	1.0
2026-03-26 16:14:01.090	13.393	28.186	1.0
2026-03-26 16:14:02.091	13.351	28.17	1.0
2026-03-26 16:14:03.095	13.212	28.19	1.0
2026-03-26 16:14:04.091	13.122	28.166	1.0
2026-03-26 16:14:05.092	13.08	28.145	1.0
2026-03-26 16:14:06.091	12.931	28.151	1.0
2026-03-26 16:14:07.091	12.786	28.157	1.0
2026-03-26 16:14:08.090	12.669	28.138	1.0
2026-03-26 16:14:09.090	12.612	28.133	1.0
2026-03-26 16:14:10.091	12.393	28.128	1.0
2026-03-26 16:14:11.092	12.302	28.099	1.0
2026-03-26 16:14:12.090	12.137	28.115	1.0
2026-03-26 16:14:13.090	11.989	28.099	1.0
2026-03-26 16:14:14.092	11.818	28.088	1.0
2026-03-26 16:14:15.090	11.667	28.072	1.0
2026-03-26 16:14:16.093	11.524	28.063	1.0
2026-03-26 16:14:17.092	11.403	28.041	1.0
2026-03-26 16:14:18.091	11.251	28.049	1.0
2026-03-26 16:14:19.092	11.114	28.047	1.0
2026-03-26 16:14:20.093	11.031	28.05	1.0
2026-03-26 16:14:21.091	10.929	28.039	1.0
