[System]
Platform=SEANO USV
Start_Time=2026-04-18 19:57:40
Timezone=WIB

[Sensor]
Name=SBES

[Columns]
Timestamp(WIB)	Depth	WaterTemp	QualityFlag

[Data]
2026-04-18 19:57:43.291	12.485	28.009	1.0
2026-04-18 19:57:44.292	12.597	28.054	1.0
2026-04-18 19:57:45.292	12.683	28.027	1.0
2026-04-18 19:57:46.292	12.881	28.044	1.0
2026-04-18 19:57:47.292	13.002	28.06	1.0
2026-04-18 19:57:48.291	13.092	28.08	1.0
2026-04-18 19:57:49.292	13.128	28.08	1.0
2026-04-18 19:57:50.291	13.301	28.071	1.0
2026-04-18 19:57:51.292	13.374	28.085	1.0
2026-04-18 19:57:52.289	13.352	28.094	1.0
2026-04-18 19:57:53.292	13.405	28.126	1.0
2026-04-18 19:57:54.291	13.437	28.115	1.0
2026-04-18 19:57:55.291	13.506	28.148	1.0
2026-04-18 19:57:56.292	13.455	28.128	1.0
2026-04-18 19:57:57.288	13.523	28.161	1.0
2026-04-18 19:57:58.292	13.46	28.15	1.0
2026-04-18 19:57:59.293	13.458	28.158	1.0
2026-04-18 19:58:00.288	13.331	28.186	1.0
2026-04-18 19:58:01.288	13.315	28.179	1.0
2026-04-18 19:58:02.288	13.259	28.196	1.0
2026-04-18 19:58:03.288	13.075	28.206	1.0
2026-04-18 19:58:04.288	13.026	28.216	1.0
2026-04-18 19:58:05.290	12.907	28.189	1.0
2026-04-18 19:58:06.290	12.792	28.191	1.0
2026-04-18 19:58:07.292	12.628	28.222	1.0
2026-04-18 19:58:08.292	12.483	28.23	1.0
2026-04-18 19:58:09.293	12.394	28.234	1.0
2026-04-18 19:58:10.292	12.24	28.217	1.0
2026-04-18 19:58:11.289	12.039	28.258	1.0
2026-04-18 19:58:12.292	11.944	28.254	1.0
2026-04-18 19:58:13.292	11.756	28.25	1.0
2026-04-18 19:58:14.289	11.624	28.251	1.0
2026-04-18 19:58:15.291	11.468	28.257	1.0
2026-04-18 19:58:16.292	11.358	28.282	1.0
2026-04-18 19:58:17.291	11.215	28.268	1.0
2026-04-18 19:58:18.291	11.071	28.279	1.0
2026-04-18 19:58:19.291	11.004	28.268	1.0
2026-04-18 19:58:20.293	10.892	28.279	1.0
2026-04-18 19:58:21.293	10.771	28.3	1.0
2026-04-18 19:58:22.291	10.667	28.28	1.0
2026-04-18 19:58:23.292	10.634	28.272	1.0
2026-04-18 19:58:24.292	10.557	28.273	1.0
2026-04-18 19:58:25.288	10.508	28.283	1.0
2026-04-18 19:58:26.288	10.484	28.279	1.0
2026-04-18 19:58:27.288	10.547	28.293	1.0
2026-04-18 19:58:28.293	10.531	28.316	1.0
2026-04-18 19:58:29.291	10.545	28.3	1.0
2026-04-18 19:58:30.292	10.529	28.308	1.0
2026-04-18 19:58:31.293	10.619	28.296	1.0
2026-04-18 19:58:32.292	10.67	28.309	1.0
2026-04-18 19:58:33.291	10.788	28.282	1.0
2026-04-18 19:58:34.288	10.863	28.286	1.0
2026-04-18 19:58:35.292	10.978	28.308	1.0
2026-04-18 19:58:36.292	11.051	28.285	1.0
2026-04-18 19:58:37.291	11.185	28.303	1.0
2026-04-18 19:58:38.289	11.285	28.29	1.0
2026-04-18 19:58:39.292	11.473	28.29	1.0
2026-04-18 19:58:40.292	11.555	28.299	1.0
2026-04-18 19:58:41.292	11.739	28.31	1.0
2026-04-18 19:58:42.292	11.828	28.281	1.0
2026-04-18 19:58:43.292	12.021	28.276	1.0
2026-04-18 19:58:44.292	12.176	28.288	1.0
2026-04-18 19:58:45.292	12.285	28.284	1.0
2026-04-18 19:58:46.293	12.516	28.264	1.0
2026-04-18 19:58:47.293	12.616	28.288	1.0
2026-04-18 19:58:48.293	12.773	28.268	1.0
2026-04-18 19:58:49.288	12.841	28.264	1.0
2026-04-18 19:58:50.289	13.03	28.251	1.0
2026-04-18 19:58:51.289	13.047	28.243	1.0
2026-04-18 19:58:52.293	13.228	28.262	1.0
2026-04-18 19:58:53.292	13.299	28.236	1.0
2026-04-18 19:58:54.292	13.3	28.235	1.0
2026-04-18 19:58:55.293	13.391	28.225	1.0
2026-04-18 19:58:56.291	13.498	28.211	1.0
2026-04-18 19:58:57.291	13.453	28.203	1.0
2026-04-18 19:58:58.292	13.461	28.202	1.0
2026-04-18 19:58:59.292	13.465	28.198	1.0
2026-04-18 19:59:00.292	13.529	28.212	1.0
2026-04-18 19:59:01.291	13.449	28.196	1.0
2026-04-18 19:59:02.292	13.396	28.174	1.0
2026-04-18 19:59:03.292	13.392	28.171	1.0
2026-04-18 19:59:04.292	13.312	28.182	1.0
2026-04-18 19:59:05.292	13.207	28.168	1.0
2026-04-18 19:59:06.292	13.127	28.173	1.0
2026-04-18 19:59:07.292	13.015	28.155	1.0
2026-04-18 19:59:08.293	12.835	28.143	1.0
2026-04-18 19:59:09.292	12.762	28.139	1.0
2026-04-18 19:59:10.292	12.593	28.135	1.0
2026-04-18 19:59:11.292	12.451	28.139	1.0
2026-04-18 19:59:12.292	12.338	28.118	1.0
2026-04-18 19:59:13.292	12.15	28.117	1.0
2026-04-18 19:59:14.292	12.006	28.088	1.0
2026-04-18 19:59:15.292	11.895	28.104	1.0
2026-04-18 19:59:16.293	11.75	28.086	1.0
2026-04-18 19:59:17.291	11.57	28.076	1.0
2026-04-18 19:59:18.291	11.409	28.062	1.0
2026-04-18 19:59:19.292	11.345	28.057	1.0
2026-04-18 19:59:20.292	11.176	28.044	1.0
2026-04-18 19:59:21.292	11.092	28.029	1.0
2026-04-18 19:59:22.291	10.988	28.019	1.0
2026-04-18 19:59:23.293	10.863	28.028	1.0
2026-04-18 19:59:24.292	10.723	28.006	1.0
2026-04-18 19:59:25.291	10.635	27.99	1.0
2026-04-18 19:59:26.291	10.583	27.98	1.0
2026-04-18 19:59:27.291	10.608	27.985	1.0
2026-04-18 19:59:28.292	10.48	27.975	1.0
2026-04-18 19:59:29.292	10.457	27.965	1.0
2026-04-18 19:59:30.292	10.463	27.971	1.0
2026-04-18 19:59:31.292	10.511	27.926	1.0
2026-04-18 19:59:32.294	10.495	27.948	1.0
2026-04-18 19:59:33.292	10.544	27.921	1.0
2026-04-18 19:59:34.292	10.609	27.905	1.0
2026-04-18 19:59:35.292	10.691	27.922	1.0
2026-04-18 19:59:36.292	10.779	27.882	1.0
2026-04-18 19:59:37.292	10.894	27.906	1.0
2026-04-18 19:59:38.291	10.91	27.901	1.0
2026-04-18 19:59:39.291	11.055	27.867	1.0
2026-04-18 19:59:40.292	11.208	27.876	1.0
2026-04-18 19:59:41.292	11.303	27.872	1.0
2026-04-18 19:59:42.292	11.418	27.86	1.0
2026-04-18 19:59:43.292	11.628	27.84	1.0
2026-04-18 19:59:44.292	11.736	27.834	1.0
2026-04-18 19:59:45.293	11.874	27.828	1.0
2026-04-18 19:59:46.292	12.006	27.816	1.0
2026-04-18 19:59:47.292	12.211	27.802	1.0
2026-04-18 19:59:48.293	12.353	27.821	1.0
2026-04-18 19:59:49.292	12.482	27.795	1.0
2026-04-18 19:59:50.289	12.67	27.789	1.0
2026-04-18 19:59:51.292	12.789	27.777	1.0
2026-04-18 19:59:52.292	12.927	27.763	1.0
2026-04-18 19:59:53.292	13.001	27.782	1.0
2026-04-18 19:59:54.292	13.088	27.752	1.0
2026-04-18 19:59:55.293	13.245	27.757	1.0
2026-04-18 19:59:56.292	13.27	27.745	1.0
2026-04-18 19:59:57.292	13.313	27.741	1.0
2026-04-18 19:59:58.292	13.37	27.761	1.0
2026-04-18 19:59:59.292	13.464	27.724	1.0
2026-04-18 20:00:00.292	13.502	27.732	1.0
2026-04-18 20:00:01.292	13.528	27.715	1.0
2026-04-18 20:00:02.292	13.534	27.714	1.0
2026-04-18 20:00:03.292	13.495	27.724	1.0
2026-04-18 20:00:04.291	13.449	27.722	1.0
2026-04-18 20:00:05.292	13.417	27.73	1.0
2026-04-18 20:00:06.292	13.384	27.732	1.0
2026-04-18 20:00:07.292	13.281	27.695	1.0
2026-04-18 20:00:08.292	13.156	27.692	1.0
2026-04-18 20:00:09.291	13.076	27.703	1.0
2026-04-18 20:00:10.293	12.952	27.697	1.0
2026-04-18 20:00:11.292	12.84	27.697	1.0
2026-04-18 20:00:12.292	12.682	27.723	1.0
2026-04-18 20:00:13.292	12.598	27.703	1.0
2026-04-18 20:00:14.293	12.441	27.698	1.0
2026-04-18 20:00:15.293	12.274	27.684	1.0
2026-04-18 20:00:16.292	12.117	27.683	1.0
2026-04-18 20:00:17.292	12.028	27.711	1.0
2026-04-18 20:00:18.292	11.9	27.699	1.0
2026-04-18 20:00:19.293	11.725	27.683	1.0
2026-04-18 20:00:20.292	11.578	27.708	1.0
2026-04-18 20:00:21.292	11.474	27.714	1.0
2026-04-18 20:00:22.289	11.289	27.706	1.0
2026-04-18 20:00:23.288	11.149	27.716	1.0
2026-04-18 20:00:24.292	11.03	27.714	1.0
2026-04-18 20:00:25.292	10.964	27.707	1.0
2026-04-18 20:00:26.293	10.808	27.712	1.0
2026-04-18 20:00:27.293	10.717	27.695	1.0
2026-04-18 20:00:28.293	10.706	27.723	1.0
2026-04-18 20:00:29.294	10.595	27.714	1.0
2026-04-18 20:00:30.292	10.534	27.705	1.0
2026-04-18 20:00:31.291	10.538	27.707	1.0
2026-04-18 20:00:32.288	10.478	27.736	1.0
2026-04-18 20:00:33.288	10.48	27.714	1.0
2026-04-18 20:00:34.288	10.53	27.75	1.0
2026-04-18 20:00:35.288	10.524	27.742	1.0
2026-04-18 20:00:36.293	10.614	27.733	1.0
2026-04-18 20:00:37.292	10.635	27.745	1.0
2026-04-18 20:00:38.288	10.744	27.756	1.0
2026-04-18 20:00:39.291	10.803	27.776	1.0
2026-04-18 20:00:40.291	10.85	27.749	1.0
2026-04-18 20:00:41.288	11.019	27.759	1.0
2026-04-18 20:00:42.291	11.086	27.769	1.0
2026-04-18 20:00:43.292	11.239	27.779	1.0
2026-04-18 20:00:44.292	11.312	27.796	1.0
2026-04-18 20:00:45.292	11.461	27.783	1.0
2026-04-18 20:00:46.292	11.665	27.795	1.0
2026-04-18 20:00:47.291	11.736	27.811	1.0
2026-04-18 20:00:48.292	11.943	27.818	1.0
2026-04-18 20:00:49.292	12.049	27.839	1.0
2026-04-18 20:00:50.292	12.216	27.819	1.0
2026-04-18 20:00:51.291	12.41	27.848	1.0
2026-04-18 20:00:52.292	12.525	27.852	1.0
2026-04-18 20:00:53.293	12.661	27.842	1.0
2026-04-18 20:00:54.292	12.817	27.849	1.0
2026-04-18 20:00:55.293	12.861	27.892	1.0
2026-04-18 20:00:56.292	12.998	27.879	1.0
2026-04-18 20:00:57.293	13.106	27.899	1.0
2026-04-18 20:00:58.293	13.261	27.902	1.0
2026-04-18 20:00:59.291	13.281	27.92	1.0
2026-04-18 20:01:00.292	13.381	27.931	1.0
2026-04-18 20:01:01.292	13.387	27.93	1.0
2026-04-18 20:01:02.292	13.492	27.953	1.0
2026-04-18 20:01:03.292	13.475	27.923	1.0
2026-04-18 20:01:04.292	13.513	27.938	1.0
2026-04-18 20:01:05.293	13.499	27.971	1.0
2026-04-18 20:01:06.292	13.448	27.954	1.0
2026-04-18 20:01:07.292	13.457	27.965	1.0
2026-04-18 20:01:08.292	13.416	27.971	1.0
2026-04-18 20:01:09.293	13.313	28.006	1.0
2026-04-18 20:01:10.292	13.292	27.988	1.0
2026-04-18 20:01:11.292	13.211	28.029	1.0
2026-04-18 20:01:12.292	13.099	28.022	1.0
2026-04-18 20:01:13.292	12.921	28.027	1.0
2026-04-18 20:01:14.292	12.858	28.042	1.0
2026-04-18 20:01:15.292	12.75	28.064	1.0
2026-04-18 20:01:16.292	12.584	28.04	1.0
2026-04-18 20:01:17.292	12.46	28.056	1.0
2026-04-18 20:01:18.292	12.31	28.088	1.0
2026-04-18 20:01:19.292	12.1	28.097	1.0
2026-04-18 20:01:20.293	11.994	28.081	1.0
2026-04-18 20:01:21.292	11.83	28.098	1.0
2026-04-18 20:01:22.292	11.737	28.125	1.0
2026-04-18 20:01:23.292	11.525	28.13	1.0
2026-04-18 20:01:24.292	11.414	28.115	1.0
2026-04-18 20:01:25.292	11.282	28.132	1.0
2026-04-18 20:01:26.292	11.111	28.147	1.0
2026-04-18 20:01:27.292	10.995	28.16	1.0
2026-04-18 20:01:28.292	10.874	28.169	1.0
2026-04-18 20:01:29.292	10.8	28.172	1.0
2026-04-18 20:01:30.292	10.777	28.176	1.0
2026-04-18 20:01:31.292	10.632	28.197	1.0
2026-04-18 20:01:32.292	10.585	28.183	1.0
2026-04-18 20:01:33.293	10.516	28.212	1.0
2026-04-18 20:01:34.292	10.497	28.214	1.0
2026-04-18 20:01:35.292	10.544	28.189	1.0
2026-04-18 20:01:36.292	10.497	28.197	1.0
2026-04-18 20:01:37.292	10.545	28.213	1.0
2026-04-18 20:01:38.292	10.514	28.219	1.0
2026-04-18 20:01:39.293	10.537	28.242	1.0
2026-04-18 20:01:40.293	10.688	28.257	1.0
2026-04-18 20:01:41.292	10.723	28.243	1.0
2026-04-18 20:01:42.292	10.785	28.238	1.0
2026-04-18 20:01:43.292	10.888	28.236	1.0
2026-04-18 20:01:44.292	11.006	28.243	1.0
2026-04-18 20:01:45.292	11.085	28.283	1.0
2026-04-18 20:01:46.291	11.253	28.27	1.0
2026-04-18 20:01:47.292	11.372	28.282	1.0
2026-04-18 20:01:48.292	11.487	28.258	1.0
2026-04-18 20:01:49.292	11.669	28.289	1.0
2026-04-18 20:01:50.292	11.765	28.271	1.0
2026-04-18 20:01:51.292	11.98	28.293	1.0
2026-04-18 20:01:52.292	12.131	28.304	1.0
2026-04-18 20:01:53.292	12.276	28.297	1.0
2026-04-18 20:01:54.292	12.421	28.298	1.0
2026-04-18 20:01:55.292	12.555	28.301	1.0
2026-04-18 20:01:56.291	12.674	28.297	1.0
2026-04-18 20:01:57.292	12.811	28.313	1.0
2026-04-18 20:01:58.292	12.902	28.285	1.0
2026-04-18 20:01:59.292	13.005	28.279	1.0
2026-04-18 20:02:00.292	13.166	28.296	1.0
2026-04-18 20:02:01.291	13.214	28.29	1.0
2026-04-18 20:02:02.292	13.314	28.296	1.0
2026-04-18 20:02:03.292	13.373	28.288	1.0
2026-04-18 20:02:04.292	13.419	28.296	1.0
2026-04-18 20:02:05.292	13.476	28.309	1.0
2026-04-18 20:02:06.292	13.49	28.295	1.0
2026-04-18 20:02:07.292	13.491	28.3	1.0
2026-04-18 20:02:08.292	13.517	28.288	1.0
2026-04-18 20:02:09.292	13.496	28.286	1.0
2026-04-18 20:02:10.292	13.427	28.31	1.0
2026-04-18 20:02:11.292	13.363	28.284	1.0
2026-04-18 20:02:12.292	13.327	28.272	1.0
2026-04-18 20:02:13.292	13.265	28.285	1.0
2026-04-18 20:02:14.292	13.131	28.27	1.0
2026-04-18 20:02:15.292	13.021	28.289	1.0
2026-04-18 20:02:16.292	12.94	28.274	1.0
2026-04-18 20:02:17.292	12.833	28.264	1.0
2026-04-18 20:02:18.292	12.655	28.274	1.0
2026-04-18 20:02:19.293	12.545	28.242	1.0
2026-04-18 20:02:20.292	12.378	28.262	1.0
2026-04-18 20:02:21.292	12.3	28.247	1.0
2026-04-18 20:02:22.292	12.141	28.252	1.0
2026-04-18 20:02:23.292	11.944	28.226	1.0
2026-04-18 20:02:24.292	11.842	28.254	1.0
2026-04-18 20:02:25.292	11.663	28.237	1.0
2026-04-18 20:02:26.292	11.556	28.24	1.0
2026-04-18 20:02:27.288	11.368	28.235	1.0
2026-04-18 20:02:28.292	11.284	28.197	1.0
2026-04-18 20:02:29.292	11.102	28.216	1.0
2026-04-18 20:02:30.292	10.996	28.214	1.0
2026-04-18 20:02:31.293	10.865	28.193	1.0
2026-04-18 20:02:32.292	10.797	28.193	1.0
2026-04-18 20:02:33.293	10.67	28.193	1.0
2026-04-18 20:02:34.291	10.626	28.172	1.0
2026-04-18 20:02:35.292	10.541	28.149	1.0
2026-04-18 20:02:36.292	10.507	28.143	1.0
2026-04-18 20:02:37.293	10.471	28.147	1.0
2026-04-18 20:02:38.293	10.499	28.122	1.0
2026-04-18 20:02:39.292	10.489	28.147	1.0
2026-04-18 20:02:40.292	10.53	28.125	1.0
2026-04-18 20:02:41.292	10.506	28.125	1.0
2026-04-18 20:02:42.288	10.581	28.095	1.0
2026-04-18 20:02:43.292	10.67	28.11	1.0
2026-04-18 20:02:44.292	10.772	28.106	1.0
2026-04-18 20:02:45.292	10.785	28.082	1.0
2026-04-18 20:02:46.292	10.895	28.074	1.0
2026-04-18 20:02:47.292	11.057	28.063	1.0
2026-04-18 20:02:48.292	11.101	28.057	1.0
2026-04-18 20:02:49.292	11.294	28.035	1.0
2026-04-18 20:02:50.292	11.368	28.017	1.0
2026-04-18 20:02:51.292	11.528	28.023	1.0
2026-04-18 20:02:52.292	11.63	28.016	1.0
2026-04-18 20:02:53.292	11.807	28.008	1.0
2026-04-18 20:02:54.292	12.022	28.018	1.0
2026-04-18 20:02:55.291	12.109	27.981	1.0
2026-04-18 20:02:56.292	12.31	27.976	1.0
2026-04-18 20:02:57.292	12.419	27.974	1.0
2026-04-18 20:02:58.292	12.543	27.975	1.0
2026-04-18 20:02:59.292	12.649	27.944	1.0
2026-04-18 20:03:00.292	12.846	27.948	1.0
2026-04-18 20:03:01.291	12.977	27.932	1.0
2026-04-18 20:03:02.292	13.029	27.942	1.0
2026-04-18 20:03:03.291	13.147	27.93	1.0
2026-04-18 20:03:04.292	13.199	27.932	1.0
2026-04-18 20:03:05.293	13.313	27.896	1.0
2026-04-18 20:03:06.293	13.346	27.9	1.0
2026-04-18 20:03:07.292	13.422	27.873	1.0
2026-04-18 20:03:08.292	13.436	27.88	1.0
2026-04-18 20:03:09.292	13.447	27.856	1.0
2026-04-18 20:03:10.292	13.454	27.867	1.0
2026-04-18 20:03:11.292	13.501	27.853	1.0
2026-04-18 20:03:12.293	13.418	27.834	1.0
2026-04-18 20:03:13.291	13.477	27.856	1.0
2026-04-18 20:03:14.290	13.37	27.825	1.0
2026-04-18 20:03:15.292	13.295	27.828	1.0
2026-04-18 20:03:16.291	13.199	27.804	1.0
2026-04-18 20:03:17.291	13.09	27.817	1.0
2026-04-18 20:03:18.291	13.018	27.801	1.0
2026-04-18 20:03:19.291	12.935	27.794	1.0
2026-04-18 20:03:20.292	12.823	27.783	1.0
2026-04-18 20:03:21.292	12.694	27.767	1.0
2026-04-18 20:03:22.292	12.5	27.761	1.0
2026-04-18 20:03:23.291	12.34	27.774	1.0
2026-04-18 20:03:24.291	12.19	27.762	1.0
2026-04-18 20:03:25.292	12.105	27.769	1.0
2026-04-18 20:03:26.292	11.978	27.759	1.0
2026-04-18 20:03:27.292	11.759	27.766	1.0
2026-04-18 20:03:28.292	11.678	27.738	1.0
2026-04-18 20:03:29.292	11.492	27.721	1.0
2026-04-18 20:03:30.292	11.309	27.717	1.0
2026-04-18 20:03:31.292	11.186	27.715	1.0
2026-04-18 20:03:32.292	11.084	27.727	1.0
2026-04-18 20:03:33.292	10.985	27.709	1.0
2026-04-18 20:03:34.292	10.88	27.715	1.0
2026-04-18 20:03:35.292	10.75	27.718	1.0
2026-04-18 20:03:36.292	10.722	27.696	1.0
2026-04-18 20:03:37.292	10.62	27.708	1.0
2026-04-18 20:03:38.291	10.557	27.716	1.0
2026-04-18 20:03:39.292	10.504	27.723	1.0
2026-04-18 20:03:40.292	10.472	27.707	1.0
2026-04-18 20:03:41.291	10.473	27.708	1.0
2026-04-18 20:03:42.292	10.518	27.717	1.0
2026-04-18 20:03:43.292	10.498	27.708	1.0
2026-04-18 20:03:44.292	10.533	27.693	1.0
2026-04-18 20:03:45.292	10.646	27.683	1.0
2026-04-18 20:03:46.293	10.633	27.683	1.0
2026-04-18 20:03:47.292	10.763	27.697	1.0
2026-04-18 20:03:48.293	10.849	27.7	1.0
2026-04-18 20:03:49.292	10.929	27.708	1.0
2026-04-18 20:03:50.292	11.035	27.687	1.0
2026-04-18 20:03:51.292	11.151	27.706	1.0
2026-04-18 20:03:52.292	11.275	27.716	1.0
2026-04-18 20:03:53.292	11.416	27.71	1.0
2026-04-18 20:03:54.292	11.589	27.692	1.0
2026-04-18 20:03:55.292	11.75	27.723	1.0
2026-04-18 20:03:56.291	11.856	27.722	1.0
2026-04-18 20:03:57.292	12.041	27.708	1.0
2026-04-18 20:03:58.292	12.117	27.704	1.0
2026-04-18 20:03:59.292	12.322	27.726	1.0
2026-04-18 20:04:00.292	12.454	27.705	1.0
2026-04-18 20:04:01.292	12.543	27.721	1.0
2026-04-18 20:04:02.292	12.686	27.714	1.0
2026-04-18 20:04:03.292	12.877	27.719	1.0
2026-04-18 20:04:04.292	12.968	27.741	1.0
2026-04-18 20:04:05.292	13.044	27.749	1.0
2026-04-18 20:04:06.292	13.151	27.761	1.0
2026-04-18 20:04:07.292	13.239	27.744	1.0
2026-04-18 20:04:08.291	13.311	27.772	1.0
2026-04-18 20:04:09.292	13.368	27.771	1.0
2026-04-18 20:04:10.292	13.448	27.78	1.0
2026-04-18 20:04:11.292	13.519	27.781	1.0
2026-04-18 20:04:12.292	13.537	27.794	1.0
2026-04-18 20:04:13.293	13.465	27.779	1.0
2026-04-18 20:04:14.292	13.443	27.804	1.0
2026-04-18 20:04:15.292	13.482	27.785	1.0
2026-04-18 20:04:16.292	13.372	27.806	1.0
2026-04-18 20:04:17.292	13.381	27.83	1.0
2026-04-18 20:04:18.292	13.296	27.844	1.0
2026-04-18 20:04:19.292	13.187	27.832	1.0
2026-04-18 20:04:20.292	13.125	27.832	1.0
2026-04-18 20:04:21.292	13.022	27.846	1.0
2026-04-18 20:04:22.291	12.899	27.872	1.0
2026-04-18 20:04:23.292	12.754	27.881	1.0
2026-04-18 20:04:24.292	12.604	27.865	1.0
2026-04-18 20:04:25.291	12.529	27.886	1.0
2026-04-18 20:04:26.292	12.394	27.877	1.0
2026-04-18 20:04:27.292	12.193	27.895	1.0
2026-04-18 20:04:28.292	12.029	27.895	1.0
2026-04-18 20:04:29.292	11.885	27.928	1.0
2026-04-18 20:04:30.292	11.791	27.936	1.0
2026-04-18 20:04:31.292	11.607	27.916	1.0
2026-04-18 20:04:32.291	11.514	27.958	1.0
2026-04-18 20:04:33.291	11.306	27.929	1.0
2026-04-18 20:04:34.292	11.183	27.96	1.0
2026-04-18 20:04:35.292	11.093	27.984	1.0
2026-04-18 20:04:36.292	10.986	27.97	1.0
2026-04-18 20:04:37.292	10.892	28.002	1.0
2026-04-18 20:04:38.292	10.764	28.01	1.0
2026-04-18 20:04:39.292	10.718	28.003	1.0
2026-04-18 20:04:40.292	10.675	28.026	1.0
2026-04-18 20:04:41.292	10.603	28.037	1.0
2026-04-18 20:04:42.292	10.58	28.04	1.0
2026-04-18 20:04:43.292	10.523	28.018	1.0
2026-04-18 20:04:44.292	10.472	28.064	1.0
2026-04-18 20:04:45.292	10.508	28.043	1.0
2026-04-18 20:04:46.292	10.55	28.068	1.0
2026-04-18 20:04:47.292	10.582	28.091	1.0
2026-04-18 20:04:48.292	10.649	28.079	1.0
2026-04-18 20:04:49.292	10.685	28.072	1.0
2026-04-18 20:04:50.291	10.732	28.104	1.0
2026-04-18 20:04:51.292	10.851	28.126	1.0
2026-04-18 20:04:52.292	10.96	28.121	1.0
2026-04-18 20:04:53.292	11.076	28.107	1.0
2026-04-18 20:04:54.292	11.147	28.119	1.0
2026-04-18 20:04:55.292	11.259	28.141	1.0
2026-04-18 20:04:56.292	11.405	28.141	1.0
2026-04-18 20:04:57.292	11.61	28.156	1.0
2026-04-18 20:04:58.292	11.706	28.166	1.0
2026-04-18 20:04:59.292	11.886	28.156	1.0
2026-04-18 20:05:00.292	12.032	28.183	1.0
2026-04-18 20:05:01.292	12.179	28.201	1.0
2026-04-18 20:05:02.292	12.28	28.19	1.0
2026-04-18 20:05:03.292	12.47	28.206	1.0
2026-04-18 20:05:04.291	12.647	28.215	1.0
2026-04-18 20:05:05.292	12.713	28.203	1.0
2026-04-18 20:05:06.292	12.894	28.208	1.0
2026-04-18 20:05:07.292	12.959	28.242	1.0
2026-04-18 20:05:08.292	13.104	28.23	1.0
2026-04-18 20:05:09.292	13.202	28.248	1.0
2026-04-18 20:05:10.292	13.262	28.225	1.0
2026-04-18 20:05:11.292	13.345	28.254	1.0
2026-04-18 20:05:12.292	13.443	28.252	1.0
2026-04-18 20:05:13.292	13.446	28.267	1.0
2026-04-18 20:05:14.291	13.518	28.278	1.0
2026-04-18 20:05:15.291	13.493	28.264	1.0
2026-04-18 20:05:16.291	13.454	28.286	1.0
2026-04-18 20:05:17.292	13.487	28.256	1.0
2026-04-18 20:05:18.292	13.438	28.282	1.0
2026-04-18 20:05:19.291	13.421	28.276	1.0
2026-04-18 20:05:20.291	13.391	28.28	1.0
2026-04-18 20:05:21.292	13.293	28.275	1.0
2026-04-18 20:05:22.292	13.211	28.283	1.0
2026-04-18 20:05:23.292	13.061	28.31	1.0
2026-04-18 20:05:24.292	13.024	28.273	1.0
2026-04-18 20:05:25.289	12.834	28.313	1.0
2026-04-18 20:05:26.292	12.778	28.298	1.0
2026-04-18 20:05:27.292	12.637	28.279	1.0
2026-04-18 20:05:28.292	12.438	28.318	1.0
2026-04-18 20:05:29.292	12.348	28.301	1.0
2026-04-18 20:05:30.292	12.194	28.317	1.0
2026-04-18 20:05:31.292	11.993	28.312	1.0
2026-04-18 20:05:32.292	11.932	28.309	1.0
2026-04-18 20:05:33.292	11.712	28.303	1.0
2026-04-18 20:05:34.292	11.541	28.319	1.0
2026-04-18 20:05:35.292	11.499	28.295	1.0
2026-04-18 20:05:36.291	11.31	28.298	1.0
2026-04-18 20:05:37.291	11.204	28.298	1.0
2026-04-18 20:05:38.292	11.029	28.305	1.0
2026-04-18 20:05:39.291	10.901	28.304	1.0
2026-04-18 20:05:40.291	10.844	28.281	1.0
2026-04-18 20:05:41.292	10.761	28.284	1.0
2026-04-18 20:05:42.292	10.676	28.279	1.0
2026-04-18 20:05:43.292	10.633	28.263	1.0
2026-04-18 20:05:44.292	10.588	28.275	1.0
2026-04-18 20:05:45.291	10.492	28.288	1.0
2026-04-18 20:05:46.292	10.522	28.272	1.0
2026-04-18 20:05:47.292	10.486	28.28	1.0
2026-04-18 20:05:48.292	10.552	28.261	1.0
2026-04-18 20:05:49.292	10.538	28.251	1.0
2026-04-18 20:05:50.292	10.53	28.266	1.0
2026-04-18 20:05:51.292	10.645	28.25	1.0
2026-04-18 20:05:52.292	10.73	28.257	1.0
2026-04-18 20:05:53.292	10.74	28.223	1.0
2026-04-18 20:05:54.292	10.812	28.217	1.0
2026-04-18 20:05:55.292	10.923	28.223	1.0
2026-04-18 20:05:56.292	11.116	28.232	1.0
2026-04-18 20:05:57.292	11.161	28.212	1.0
2026-04-18 20:05:58.291	11.37	28.226	1.0
2026-04-18 20:05:59.292	11.471	28.212	1.0
2026-04-18 20:06:00.292	11.651	28.21	1.0
2026-04-18 20:06:01.291	11.703	28.196	1.0
2026-04-18 20:06:02.292	11.867	28.185	1.0
2026-04-18 20:06:03.288	12.044	28.16	1.0
2026-04-18 20:06:04.293	12.246	28.171	1.0
2026-04-18 20:06:05.293	12.35	28.163	1.0
2026-04-18 20:06:06.291	12.529	28.131	1.0
2026-04-18 20:06:07.291	12.621	28.143	1.0
2026-04-18 20:06:08.292	12.801	28.146	1.0
2026-04-18 20:06:09.292	12.899	28.123	1.0
2026-04-18 20:06:10.291	13.029	28.127	1.0
2026-04-18 20:06:11.291	13.127	28.1	1.0
2026-04-18 20:06:12.292	13.229	28.082	1.0
2026-04-18 20:06:13.292	13.292	28.109	1.0
2026-04-18 20:06:14.292	13.386	28.085	1.0
2026-04-18 20:06:15.291	13.459	28.075	1.0
2026-04-18 20:06:16.292	13.476	28.056	1.0
2026-04-18 20:06:17.292	13.481	28.067	1.0
2026-04-18 20:06:18.292	13.51	28.066	1.0
2026-04-18 20:06:19.292	13.47	28.056	1.0
2026-04-18 20:06:20.292	13.472	28.047	1.0
2026-04-18 20:06:21.288	13.418	28.036	1.0
2026-04-18 20:06:22.291	13.394	28.015	1.0
2026-04-18 20:06:23.291	13.335	28.025	1.0
2026-04-18 20:06:24.291	13.273	28.016	1.0
2026-04-18 20:06:25.292	13.194	27.99	1.0
2026-04-18 20:06:26.288	13.053	27.995	1.0
2026-04-18 20:06:27.292	12.964	27.965	1.0
2026-04-18 20:06:28.291	12.883	27.971	1.0
2026-04-18 20:06:29.291	12.698	27.967	1.0
2026-04-18 20:06:30.292	12.623	27.936	1.0
2026-04-18 20:06:31.292	12.427	27.937	1.0
2026-04-18 20:06:32.291	12.332	27.94	1.0
2026-04-18 20:06:33.292	12.203	27.902	1.0
2026-04-18 20:06:34.292	12.027	27.89	1.0
2026-04-18 20:06:35.292	11.812	27.914	1.0
2026-04-18 20:06:36.292	11.709	27.879	1.0
2026-04-18 20:06:37.292	11.601	27.884	1.0
2026-04-18 20:06:38.292	11.402	27.879	1.0
2026-04-18 20:06:39.292	11.265	27.854	1.0
2026-04-18 20:06:40.293	11.156	27.858	1.0
2026-04-18 20:06:41.292	11.069	27.858	1.0
2026-04-18 20:06:42.292	10.943	27.824	1.0
2026-04-18 20:06:43.292	10.804	27.818	1.0
2026-04-18 20:06:44.292	10.751	27.833	1.0
2026-04-18 20:06:45.292	10.655	27.833	1.0
2026-04-18 20:06:46.292	10.645	27.817	1.0
2026-04-18 20:06:47.292	10.537	27.799	1.0
2026-04-18 20:06:48.292	10.561	27.818	1.0
2026-04-18 20:06:49.292	10.477	27.806	1.0
2026-04-18 20:06:50.291	10.543	27.797	1.0
2026-04-18 20:06:51.292	10.467	27.788	1.0
2026-04-18 20:06:52.292	10.582	27.773	1.0
2026-04-18 20:06:53.291	10.546	27.767	1.0
2026-04-18 20:06:54.291	10.598	27.776	1.0
2026-04-18 20:06:55.292	10.674	27.741	1.0
2026-04-18 20:06:56.292	10.781	27.755	1.0
2026-04-18 20:06:57.292	10.835	27.747	1.0
2026-04-18 20:06:58.293	10.983	27.735	1.0
2026-04-18 20:06:59.292	11.046	27.724	1.0
2026-04-18 20:07:00.292	11.189	27.727	1.0
2026-04-18 20:07:01.291	11.399	27.745	1.0
2026-04-18 20:07:02.292	11.484	27.728	1.0
2026-04-18 20:07:03.292	11.625	27.711	1.0
2026-04-18 20:07:04.292	11.82	27.706	1.0
2026-04-18 20:07:05.292	11.918	27.698	1.0
2026-04-18 20:07:06.292	12.114	27.713	1.0
2026-04-18 20:07:07.292	12.239	27.7	1.0
2026-04-18 20:07:08.292	12.399	27.72	1.0
2026-04-18 20:07:09.292	12.495	27.717	1.0
2026-04-18 20:07:10.292	12.659	27.696	1.0
2026-04-18 20:07:11.292	12.798	27.717	1.0
2026-04-18 20:07:12.293	12.88	27.689	1.0
2026-04-18 20:07:13.292	13.035	27.719	1.0
2026-04-18 20:07:14.292	13.116	27.704	1.0
2026-04-18 20:07:15.292	13.253	27.689	1.0
2026-04-18 20:07:16.292	13.268	27.687	1.0
2026-04-18 20:07:17.292	13.321	27.719	1.0
2026-04-18 20:07:18.292	13.411	27.712	1.0
2026-04-18 20:07:19.293	13.449	27.694	1.0
2026-04-18 20:07:20.292	13.48	27.702	1.0
2026-04-18 20:07:21.292	13.503	27.704	1.0
2026-04-18 20:07:22.293	13.496	27.708	1.0
2026-04-18 20:07:23.292	13.457	27.715	1.0
2026-04-18 20:07:24.292	13.392	27.724	1.0
2026-04-18 20:07:25.291	13.382	27.693	1.0
2026-04-18 20:07:26.292	13.323	27.695	1.0
2026-04-18 20:07:27.292	13.256	27.705	1.0
2026-04-18 20:07:28.292	13.122	27.712	1.0
2026-04-18 20:07:29.293	13.096	27.728	1.0
2026-04-18 20:07:30.292	12.908	27.745	1.0
2026-04-18 20:07:31.292	12.799	27.724	1.0
2026-04-18 20:07:32.292	12.695	27.729	1.0
2026-04-18 20:07:33.292	12.562	27.722	1.0
2026-04-18 20:07:34.292	12.447	27.739	1.0
2026-04-18 20:07:35.292	12.255	27.756	1.0
2026-04-18 20:07:36.292	12.148	27.742	1.0
2026-04-18 20:07:37.292	12.035	27.769	1.0
2026-04-18 20:07:38.292	11.824	27.765	1.0
2026-04-18 20:07:39.292	11.641	27.776	1.0
2026-04-18 20:07:40.291	11.514	27.774	1.0
2026-04-18 20:07:41.292	11.373	27.78	1.0
2026-04-18 20:07:42.292	11.301	27.785	1.0
2026-04-18 20:07:43.292	11.179	27.81	1.0
2026-04-18 20:07:44.291	11.05	27.783	1.0
2026-04-18 20:07:45.291	10.941	27.799	1.0
2026-04-18 20:07:46.292	10.808	27.81	1.0
2026-04-18 20:07:47.292	10.711	27.829	1.0
2026-04-18 20:07:48.292	10.692	27.832	1.0
2026-04-18 20:07:49.292	10.64	27.841	1.0
2026-04-18 20:07:50.292	10.582	27.837	1.0
2026-04-18 20:07:51.292	10.486	27.864	1.0
2026-04-18 20:07:52.292	10.545	27.849	1.0
2026-04-18 20:07:53.292	10.523	27.878	1.0
2026-04-18 20:07:54.292	10.511	27.881	1.0
2026-04-18 20:07:55.292	10.592	27.888	1.0
2026-04-18 20:07:56.292	10.56	27.875	1.0
2026-04-18 20:07:57.292	10.597	27.906	1.0
2026-04-18 20:07:58.292	10.728	27.921	1.0
2026-04-18 20:07:59.292	10.782	27.917	1.0
2026-04-18 20:08:00.292	10.91	27.915	1.0
2026-04-18 20:08:01.292	10.995	27.95	1.0
2026-04-18 20:08:02.292	11.106	27.954	1.0
2026-04-18 20:08:03.292	11.216	27.934	1.0
2026-04-18 20:08:04.293	11.341	27.974	1.0
2026-04-18 20:08:05.292	11.55	27.977	1.0
2026-04-18 20:08:06.292	11.684	27.962	1.0
2026-04-18 20:08:07.292	11.851	27.979	1.0
2026-04-18 20:08:08.292	11.906	27.999	1.0
2026-04-18 20:08:09.292	12.105	27.987	1.0
2026-04-18 20:08:10.292	12.225	28.0	1.0
2026-04-18 20:08:11.292	12.444	28.01	1.0
2026-04-18 20:08:12.292	12.562	28.051	1.0
2026-04-18 20:08:13.292	12.63	28.032	1.0
2026-04-18 20:08:14.291	12.837	28.035	1.0
2026-04-18 20:08:15.292	12.914	28.058	1.0
2026-04-18 20:08:16.292	13.092	28.066	1.0
2026-04-18 20:08:17.292	13.159	28.07	1.0
2026-04-18 20:08:18.291	13.187	28.098	1.0
2026-04-18 20:08:19.292	13.275	28.111	1.0
2026-04-18 20:08:20.292	13.354	28.115	1.0
2026-04-18 20:08:21.292	13.453	28.115	1.0
2026-04-18 20:08:22.292	13.443	28.107	1.0
2026-04-18 20:08:23.292	13.459	28.119	1.0
2026-04-18 20:08:24.292	13.493	28.121	1.0
2026-04-18 20:08:25.292	13.523	28.126	1.0
2026-04-18 20:08:26.292	13.505	28.145	1.0
2026-04-18 20:08:27.292	13.464	28.167	1.0
2026-04-18 20:08:28.292	13.358	28.18	1.0
2026-04-18 20:08:29.293	13.361	28.187	1.0
2026-04-18 20:08:30.292	13.204	28.163	1.0
2026-04-18 20:08:31.292	13.192	28.178	1.0
2026-04-18 20:08:32.292	13.018	28.181	1.0
2026-04-18 20:08:33.292	12.924	28.214	1.0
2026-04-18 20:08:34.292	12.842	28.204	1.0
2026-04-18 20:08:35.292	12.679	28.225	1.0
2026-04-18 20:08:36.291	12.525	28.212	1.0
2026-04-18 20:08:37.292	12.361	28.219	1.0
2026-04-18 20:08:38.291	12.228	28.225	1.0
2026-04-18 20:08:39.292	12.14	28.253	1.0
2026-04-18 20:08:40.292	11.923	28.244	1.0
2026-04-18 20:08:41.288	11.778	28.262	1.0
2026-04-18 20:08:42.289	11.618	28.259	1.0
2026-04-18 20:08:43.291	11.53	28.274	1.0
2026-04-18 20:08:44.292	11.415	28.265	1.0
2026-04-18 20:08:45.292	11.249	28.281	1.0
2026-04-18 20:08:46.293	11.12	28.273	1.0
2026-04-18 20:08:47.292	11.007	28.289	1.0
2026-04-18 20:08:48.291	10.903	28.292	1.0
2026-04-18 20:08:49.292	10.752	28.267	1.0
2026-04-18 20:08:50.292	10.681	28.279	1.0
2026-04-18 20:08:51.292	10.645	28.307	1.0
2026-04-18 20:08:52.292	10.625	28.288	1.0
2026-04-18 20:08:53.291	10.581	28.274	1.0
2026-04-18 20:08:54.292	10.488	28.312	1.0
2026-04-18 20:08:55.292	10.494	28.297	1.0
2026-04-18 20:08:56.292	10.508	28.289	1.0
2026-04-18 20:08:57.292	10.51	28.291	1.0
2026-04-18 20:08:58.292	10.575	28.295	1.0
2026-04-18 20:08:59.291	10.586	28.319	1.0
2026-04-18 20:09:00.291	10.698	28.315	1.0
2026-04-18 20:09:01.291	10.769	28.292	1.0
2026-04-18 20:09:02.291	10.769	28.286	1.0
2026-04-18 20:09:03.292	10.907	28.3	1.0
2026-04-18 20:09:04.292	11.056	28.283	1.0
2026-04-18 20:09:05.292	11.129	28.305	1.0
2026-04-18 20:09:06.292	11.273	28.313	1.0
2026-04-18 20:09:07.292	11.422	28.295	1.0
2026-04-18 20:09:08.293	11.542	28.296	1.0
2026-04-18 20:09:09.289	11.715	28.294	1.0
2026-04-18 20:09:10.289	11.812	28.302	1.0
2026-04-18 20:09:11.288	11.937	28.302	1.0
2026-04-18 20:09:12.289	12.172	28.283	1.0
2026-04-18 20:09:13.288	12.232	28.279	1.0
2026-04-18 20:09:14.293	12.422	28.272	1.0
2026-04-18 20:09:15.289	12.548	28.269	1.0
2026-04-18 20:09:16.288	12.715	28.271	1.0
2026-04-18 20:09:17.293	12.869	28.252	1.0
2026-04-18 20:09:18.289	12.962	28.276	1.0
2026-04-18 20:09:19.288	13.103	28.245	1.0
2026-04-18 20:09:20.292	13.185	28.244	1.0
2026-04-18 20:09:21.292	13.277	28.241	1.0
2026-04-18 20:09:22.291	13.32	28.245	1.0
2026-04-18 20:09:23.292	13.408	28.252	1.0
2026-04-18 20:09:24.288	13.463	28.238	1.0
2026-04-18 20:09:25.288	13.521	28.205	1.0
2026-04-18 20:09:26.288	13.448	28.204	1.0
2026-04-18 20:09:27.288	13.525	28.231	1.0
2026-04-18 20:09:28.288	13.452	28.206	1.0
2026-04-18 20:09:29.293	13.469	28.194	1.0
2026-04-18 20:09:30.288	13.386	28.209	1.0
2026-04-18 20:09:31.288	13.342	28.195	1.0
2026-04-18 20:09:32.289	13.352	28.188	1.0
2026-04-18 20:09:33.288	13.232	28.167	1.0
2026-04-18 20:09:34.288	13.128	28.145	1.0
2026-04-18 20:09:35.288	13.003	28.167	1.0
2026-04-18 20:09:36.289	12.924	28.147	1.0
2026-04-18 20:09:37.288	12.754	28.145	1.0
2026-04-18 20:09:38.288	12.684	28.131	1.0
2026-04-18 20:09:39.288	12.541	28.124	1.0
2026-04-18 20:09:40.289	12.411	28.096	1.0
2026-04-18 20:09:41.289	12.278	28.116	1.0
2026-04-18 20:09:42.289	12.101	28.105	1.0
2026-04-18 20:09:43.288	11.968	28.077	1.0
2026-04-18 20:09:44.288	11.77	28.073	1.0
2026-04-18 20:09:45.288	11.623	28.069	1.0
2026-04-18 20:09:46.289	11.464	28.064	1.0
2026-04-18 20:09:47.291	11.379	28.035	1.0
2026-04-18 20:09:48.292	11.237	28.062	1.0
2026-04-18 20:09:49.292	11.084	28.037	1.0
2026-04-18 20:09:50.292	10.96	28.019	1.0
2026-04-18 20:09:51.291	10.888	28.013	1.0
2026-04-18 20:09:52.291	10.781	28.013	1.0
2026-04-18 20:09:53.292	10.663	28.001	1.0
2026-04-18 20:09:54.292	10.663	27.983	1.0
2026-04-18 20:09:55.291	10.606	27.986	1.0
2026-04-18 20:09:56.292	10.512	27.963	1.0
2026-04-18 20:09:57.292	10.498	27.951	1.0
2026-04-18 20:09:58.292	10.513	27.949	1.0
2026-04-18 20:09:59.292	10.507	27.945	1.0
2026-04-18 20:10:00.292	10.556	27.934	1.0
2026-04-18 20:10:01.292	10.543	27.913	1.0
2026-04-18 20:10:02.292	10.611	27.933	1.0
2026-04-18 20:10:03.292	10.624	27.902	1.0
2026-04-18 20:10:04.291	10.701	27.9	1.0
2026-04-18 20:10:05.292	10.798	27.913	1.0
2026-04-18 20:10:06.292	10.909	27.877	1.0
2026-04-18 20:10:07.292	11.038	27.863	1.0
2026-04-18 20:10:08.292	11.157	27.852	1.0
2026-04-18 20:10:09.293	11.245	27.845	1.0
2026-04-18 20:10:10.292	11.403	27.862	1.0
2026-04-18 20:10:11.292	11.545	27.862	1.0
2026-04-18 20:10:12.292	11.749	27.821	1.0
2026-04-18 20:10:13.292	11.844	27.846	1.0
2026-04-18 20:10:14.288	12.016	27.839	1.0
2026-04-18 20:10:15.292	12.174	27.834	1.0
2026-04-18 20:10:16.288	12.35	27.827	1.0
2026-04-18 20:10:17.293	12.464	27.811	1.0
2026-04-18 20:10:18.292	12.575	27.797	1.0
2026-04-18 20:10:19.292	12.672	27.793	1.0
2026-04-18 20:10:20.292	12.859	27.779	1.0
2026-04-18 20:10:21.292	12.927	27.792	1.0
2026-04-18 20:10:22.292	13.031	27.786	1.0
2026-04-18 20:10:23.292	13.197	27.747	1.0
2026-04-18 20:10:24.292	13.249	27.755	1.0
2026-04-18 20:10:25.292	13.329	27.754	1.0
2026-04-18 20:10:26.292	13.423	27.74	1.0
2026-04-18 20:10:27.292	13.405	27.753	1.0
2026-04-18 20:10:28.292	13.46	27.739	1.0
2026-04-18 20:10:29.292	13.459	27.732	1.0
2026-04-18 20:10:30.293	13.54	27.742	1.0
2026-04-18 20:10:31.292	13.451	27.722	1.0
2026-04-18 20:10:32.292	13.414	27.737	1.0
2026-04-18 20:10:33.292	13.426	27.714	1.0
2026-04-18 20:10:34.292	13.409	27.697	1.0
2026-04-18 20:10:35.292	13.269	27.698	1.0
2026-04-18 20:10:36.292	13.179	27.692	1.0
2026-04-18 20:10:37.291	13.11	27.697	1.0
2026-04-18 20:10:38.292	13.061	27.694	1.0
2026-04-18 20:10:39.291	12.945	27.719	1.0
2026-04-18 20:10:40.291	12.792	27.695	1.0
2026-04-18 20:10:41.292	12.615	27.685	1.0
2026-04-18 20:10:42.291	12.546	27.717	1.0
2026-04-18 20:10:43.292	12.311	27.704	1.0
2026-04-18 20:10:44.291	12.204	27.705	1.0
2026-04-18 20:10:45.292	12.025	27.702	1.0
2026-04-18 20:10:46.292	11.95	27.702	1.0
2026-04-18 20:10:47.292	11.735	27.701	1.0
2026-04-18 20:10:48.292	11.636	27.703	1.0
2026-04-18 20:10:49.292	11.457	27.715	1.0
2026-04-18 20:10:50.292	11.288	27.692	1.0
2026-04-18 20:10:51.293	11.2	27.7	1.0
2026-04-18 20:10:52.292	11.118	27.695	1.0
2026-04-18 20:10:53.292	10.933	27.72	1.0
2026-04-18 20:10:54.292	10.851	27.72	1.0
2026-04-18 20:10:55.292	10.798	27.725	1.0
2026-04-18 20:10:56.292	10.729	27.722	1.0
2026-04-18 20:10:57.292	10.583	27.708	1.0
2026-04-18 20:10:58.292	10.594	27.736	1.0
2026-04-18 20:10:59.301	10.532	27.722	1.0
2026-04-18 20:11:00.293	10.49	27.732	1.0
2026-04-18 20:11:01.288	10.483	27.75	1.0
2026-04-18 20:11:02.288	10.462	27.755	1.0
2026-04-18 20:11:03.288	10.533	27.734	1.0
2026-04-18 20:11:04.288	10.536	27.734	1.0
2026-04-18 20:11:05.292	10.64	27.745	1.0
2026-04-18 20:11:06.292	10.716	27.77	1.0
2026-04-18 20:11:07.292	10.778	27.742	1.0
2026-04-18 20:11:08.292	10.842	27.75	1.0
2026-04-18 20:11:09.292	10.925	27.758	1.0
2026-04-18 20:11:10.288	11.018	27.785	1.0
2026-04-18 20:11:11.293	11.128	27.78	1.0
2026-04-18 20:11:12.292	11.335	27.794	1.0
2026-04-18 20:11:13.291	11.412	27.794	1.0
2026-04-18 20:11:14.293	11.622	27.79	1.0
2026-04-18 20:11:15.292	11.763	27.831	1.0
2026-04-18 20:11:16.291	11.898	27.807	1.0
2026-04-18 20:11:17.292	12.071	27.838	1.0
2026-04-18 20:11:18.291	12.162	27.834	1.0
2026-04-18 20:11:19.293	12.28	27.831	1.0
2026-04-18 20:11:20.292	12.484	27.842	1.0
2026-04-18 20:11:21.292	12.593	27.852	1.0
2026-04-18 20:11:22.292	12.697	27.868	1.0
2026-04-18 20:11:23.291	12.884	27.854	1.0
2026-04-18 20:11:24.292	12.979	27.898	1.0
2026-04-18 20:11:25.292	13.131	27.88	1.0
2026-04-18 20:11:26.292	13.203	27.902	1.0
2026-04-18 20:11:27.292	13.294	27.905	1.0
2026-04-18 20:11:28.292	13.3	27.919	1.0
2026-04-18 20:11:29.291	13.402	27.918	1.0
2026-04-18 20:11:30.291	13.5	27.916	1.0
2026-04-18 20:11:31.292	13.455	27.93	1.0
2026-04-18 20:11:32.292	13.512	27.935	1.0
2026-04-18 20:11:33.292	13.527	27.964	1.0
2026-04-18 20:11:34.292	13.456	27.984	1.0
2026-04-18 20:11:35.292	13.473	27.969	1.0
2026-04-18 20:11:36.292	13.433	28.002	1.0
2026-04-18 20:11:37.292	13.324	28.01	1.0
2026-04-18 20:11:38.291	13.324	27.987	1.0
2026-04-18 20:11:39.291	13.221	28.007	1.0
2026-04-18 20:11:40.291	13.09	28.004	1.0
2026-04-18 20:11:41.288	12.963	28.025	1.0
2026-04-18 20:11:42.288	12.827	28.052	1.0
2026-04-18 20:11:43.292	12.704	28.063	1.0
2026-04-18 20:11:44.292	12.589	28.069	1.0
2026-04-18 20:11:45.292	12.524	28.048	1.0
2026-04-18 20:11:46.291	12.371	28.065	1.0
2026-04-18 20:11:47.291	12.205	28.084	1.0
2026-04-18 20:11:48.291	12.079	28.11	1.0
2026-04-18 20:11:49.292	11.913	28.099	1.0
2026-04-18 20:11:50.292	11.76	28.126	1.0
2026-04-18 20:11:51.292	11.61	28.12	1.0
2026-04-18 20:11:52.291	11.485	28.139	1.0
2026-04-18 20:11:53.291	11.357	28.136	1.0
2026-04-18 20:11:54.291	11.142	28.145	1.0
2026-04-18 20:11:55.292	11.106	28.137	1.0
2026-04-18 20:11:56.291	10.954	28.156	1.0
2026-04-18 20:11:57.292	10.869	28.171	1.0
2026-04-18 20:11:58.292	10.711	28.165	1.0
2026-04-18 20:11:59.291	10.705	28.16	1.0
2026-04-18 20:12:00.291	10.645	28.196	1.0
2026-04-18 20:12:01.292	10.544	28.191	1.0
2026-04-18 20:12:02.292	10.513	28.205	1.0
2026-04-18 20:12:03.292	10.458	28.218	1.0
2026-04-18 20:12:04.292	10.544	28.218	1.0
2026-04-18 20:12:05.292	10.526	28.228	1.0
2026-04-18 20:12:06.292	10.552	28.225	1.0
2026-04-18 20:12:07.292	10.602	28.239	1.0
2026-04-18 20:12:08.291	10.604	28.227	1.0
2026-04-18 20:12:09.291	10.648	28.247	1.0
2026-04-18 20:12:10.292	10.796	28.241	1.0
2026-04-18 20:12:11.292	10.847	28.267	1.0
2026-04-18 20:12:12.291	10.942	28.276	1.0
2026-04-18 20:12:13.291	11.033	28.263	1.0
2026-04-18 20:12:14.292	11.149	28.282	1.0
2026-04-18 20:12:15.292	11.314	28.268	1.0
2026-04-18 20:12:16.292	11.423	28.286	1.0
2026-04-18 20:12:17.291	11.622	28.272	1.0
2026-04-18 20:12:18.292	11.717	28.267	1.0
2026-04-18 20:12:19.292	11.947	28.276	1.0
2026-04-18 20:12:20.293	12.043	28.275	1.0
2026-04-18 20:12:21.292	12.252	28.298	1.0
2026-04-18 20:12:22.292	12.355	28.286	1.0
2026-04-18 20:12:23.292	12.468	28.286	1.0
2026-04-18 20:12:24.291	12.603	28.304	1.0
2026-04-18 20:12:25.292	12.741	28.309	1.0
2026-04-18 20:12:26.289	12.926	28.285	1.0
2026-04-18 20:12:27.291	13.056	28.313	1.0
2026-04-18 20:12:28.293	13.136	28.301	1.0
2026-04-18 20:12:29.291	13.188	28.306	1.0
2026-04-18 20:12:30.292	13.247	28.317	1.0
2026-04-18 20:12:31.288	13.355	28.308	1.0
2026-04-18 20:12:32.289	13.389	28.287	1.0
2026-04-18 20:12:33.288	13.462	28.315	1.0
2026-04-18 20:12:34.288	13.469	28.298	1.0
2026-04-18 20:12:35.293	13.485	28.285	1.0
2026-04-18 20:12:36.293	13.537	28.309	1.0
2026-04-18 20:12:37.293	13.514	28.275	1.0
2026-04-18 20:12:38.292	13.481	28.275	1.0
2026-04-18 20:12:39.292	13.394	28.284	1.0
2026-04-18 20:12:40.292	13.384	28.282	1.0
2026-04-18 20:12:41.293	13.233	28.299	1.0
2026-04-18 20:12:42.293	13.193	28.267	1.0
2026-04-18 20:12:43.291	13.124	28.281	1.0
2026-04-18 20:12:44.293	13.02	28.289	1.0
2026-04-18 20:12:45.292	12.848	28.262	1.0
2026-04-18 20:12:46.292	12.687	28.278	1.0
2026-04-18 20:12:47.292	12.556	28.252	1.0
2026-04-18 20:12:48.293	12.486	28.25	1.0
2026-04-18 20:12:49.292	12.313	28.255	1.0
2026-04-18 20:12:50.292	12.169	28.241	1.0
2026-04-18 20:12:51.292	12.048	28.235	1.0
2026-04-18 20:12:52.291	11.886	28.224	1.0
2026-04-18 20:12:53.291	11.727	28.226	1.0
2026-04-18 20:12:54.292	11.601	28.221	1.0
2026-04-18 20:12:55.292	11.401	28.221	1.0
2026-04-18 20:12:56.292	11.297	28.206	1.0
2026-04-18 20:12:57.292	11.117	28.22	1.0
2026-04-18 20:12:58.292	11.026	28.208	1.0
2026-04-18 20:12:59.292	10.917	28.186	1.0
2026-04-18 20:13:00.292	10.793	28.187	1.0
2026-04-18 20:13:01.292	10.719	28.195	1.0
2026-04-18 20:13:02.292	10.654	28.166	1.0
2026-04-18 20:13:03.292	10.557	28.155	1.0
2026-04-18 20:13:04.291	10.512	28.158	1.0
2026-04-18 20:13:05.292	10.494	28.132	1.0
2026-04-18 20:13:06.291	10.473	28.157	1.0
2026-04-18 20:13:07.291	10.478	28.138	1.0
2026-04-18 20:13:08.291	10.517	28.118	1.0
2026-04-18 20:13:09.292	10.558	28.11	1.0
2026-04-18 20:13:10.291	10.545	28.124	1.0
2026-04-18 20:13:11.292	10.647	28.094	1.0
2026-04-18 20:13:12.292	10.697	28.094	1.0
2026-04-18 20:13:13.291	10.823	28.07	1.0
2026-04-18 20:13:14.292	10.871	28.06	1.0
2026-04-18 20:13:15.292	10.946	28.087	1.0
2026-04-18 20:13:16.292	11.055	28.051	1.0
2026-04-18 20:13:17.292	11.193	28.069	1.0
2026-04-18 20:13:18.292	11.368	28.058	1.0
2026-04-18 20:13:19.292	11.461	28.029	1.0
2026-04-18 20:13:20.292	11.628	28.003	1.0
2026-04-18 20:13:21.293	11.755	28.022	1.0
2026-04-18 20:13:22.292	11.951	28.002	1.0
2026-04-18 20:13:23.291	12.095	27.98	1.0
2026-04-18 20:13:24.291	12.192	27.983	1.0
2026-04-18 20:13:25.292	12.374	27.969	1.0
2026-04-18 20:13:26.291	12.512	27.962	1.0
2026-04-18 20:13:27.291	12.652	27.942	1.0
2026-04-18 20:13:28.292	12.802	27.945	1.0
2026-04-18 20:13:29.291	12.923	27.946	1.0
2026-04-18 20:13:30.292	13.024	27.95	1.0
2026-04-18 20:13:31.291	13.109	27.923	1.0
2026-04-18 20:13:32.291	13.239	27.91	1.0
2026-04-18 20:13:33.291	13.268	27.912	1.0
2026-04-18 20:13:34.292	13.34	27.914	1.0
2026-04-18 20:13:35.292	13.424	27.901	1.0
2026-04-18 20:13:36.289	13.498	27.874	1.0
2026-04-18 20:13:37.292	13.448	27.891	1.0
2026-04-18 20:13:38.292	13.456	27.882	1.0
2026-04-18 20:13:39.292	13.452	27.861	1.0
2026-04-18 20:13:40.292	13.445	27.854	1.0
2026-04-18 20:13:41.292	13.393	27.826	1.0
2026-04-18 20:13:42.292	13.432	27.816	1.0
