[System]
Platform=SEANO USV
Start_Time=2026-03-26 17:24:54
Timezone=WIB

[Sensor]
Name=GPS

[Columns]
Timestamp(WIB)	Latitude	Longitude	Altitude

[Data]
2026-03-26 17:24:57.105	-7.1971088	107.5463834	1461.6840261503703
2026-03-26 17:24:57.604	-7.1971087	107.5463834	1461.6940263001957
2026-03-26 17:24:58.103	-7.1971088	107.5463833	1461.6940259824407
2026-03-26 17:24:58.603	-7.1971087	107.5463832	1461.6940259643366
2026-03-26 17:24:59.103	-7.1971086	107.5463829	1461.7140256103721
2026-03-26 17:24:59.604	-7.1971085	107.5463829	1461.7440257601968
2026-03-26 17:25:00.104	-7.1971084	107.5463827	1461.8040255741612
2026-03-26 17:25:00.603	-7.1971083	107.5463827	1461.8240257239854
2026-03-26 17:25:01.104	-7.1971079	107.5463823	1461.864025651557
2026-03-26 17:25:01.605	-7.1971078	107.5463821	1461.8640254655184
2026-03-26 17:25:02.109	-7.1971077	107.5463817	1461.914024943617
2026-03-26 17:25:02.606	-7.1971076	107.5463815	1461.9140247575763
2026-03-26 17:25:03.105	-7.1971076	107.5463814	1461.9540245896449
2026-03-26 17:25:03.604	-7.1971074	107.5463813	1462.0040247213562
2026-03-26 17:25:04.104	-7.1971075	107.5463812	1462.034024403603
2026-03-26 17:25:04.604	-7.1971075	107.546381	1462.0740240677392
2026-03-26 17:25:05.106	-7.1971074	107.5463809	1462.1340240496286
2026-03-26 17:25:05.604	-7.1971075	107.5463809	1462.1240238998068
2026-03-26 17:25:06.106	-7.1971075	107.546381	1462.1640240677393
2026-03-26 17:25:06.605	-7.1971077	107.5463813	1462.1940242718908
2026-03-26 17:25:07.104	-7.1971077	107.5463814	1462.2140244398227
2026-03-26 17:25:07.604	-7.1971077	107.5463813	1462.2440242718908
2026-03-26 17:25:08.105	-7.1971078	107.5463813	1462.314024122068
2026-03-26 17:25:08.604	-7.1971077	107.5463813	1462.2940242718907
2026-03-26 17:25:09.103	-7.1971076	107.5463814	1462.2840245896448
2026-03-26 17:25:09.603	-7.1971077	107.5463814	1462.2840244398226
2026-03-26 17:25:10.105	-7.1971078	107.5463817	1462.3340247937945
2026-03-26 17:25:10.604	-7.1971078	107.5463817	1462.3340247937945
2026-03-26 17:25:11.106	-7.1971078	107.5463819	1462.3240251296568
2026-03-26 17:25:11.604	-7.1971078	107.5463818	1462.2940249617257
2026-03-26 17:25:12.104	-7.1971077	107.5463818	1462.334025111548
2026-03-26 17:25:12.604	-7.1971076	107.5463818	1462.39402526137
2026-03-26 17:25:13.104	-7.1971076	107.546382	1462.4140255972318
2026-03-26 17:25:13.603	-7.1971075	107.546382	1462.4240257470533
2026-03-26 17:25:14.104	-7.1971075	107.5463821	1462.424025914984
2026-03-26 17:25:14.604	-7.1971075	107.5463822	1462.4340260829144
2026-03-26 17:25:15.105	-7.1971074	107.5463824	1462.4540265685957
2026-03-26 17:25:15.605	-7.1971073	107.5463825	1462.474026886346
2026-03-26 17:25:16.104	-7.1971072	107.5463826	1462.5240272040958
2026-03-26 17:25:16.604	-7.197107	107.5463827	1462.554027671664
2026-03-26 17:25:17.104	-7.197107	107.5463829	1462.6340280075226
2026-03-26 17:25:17.602	-7.197107	107.5463829	1462.6740280075228
2026-03-26 17:25:18.102	-7.1971069	107.546383	1462.7240283252704
2026-03-26 17:25:18.602	-7.1971068	107.546383	1462.7640284750885
2026-03-26 17:25:19.102	-7.1971068	107.5463833	1462.8640289788746
2026-03-26 17:25:19.607	-7.1971068	107.5463834	1462.924029146803
2026-03-26 17:25:20.103	-7.197107	107.5463836	1463.0140291830232
2026-03-26 17:25:20.602	-7.1971071	107.5463837	1463.0440292011328
2026-03-26 17:25:21.102	-7.1971069	107.5463838	1463.1340296686974
2026-03-26 17:25:21.602	-7.1971069	107.5463838	1463.1840296686976
2026-03-26 17:25:22.103	-7.1971069	107.5463838	1463.2640296686975
2026-03-26 17:25:22.605	-7.1971069	107.5463838	1463.2740296686975
2026-03-26 17:25:23.104	-7.197107	107.5463838	1463.3140295188794
2026-03-26 17:25:23.604	-7.1971069	107.5463838	1463.3240296686974
2026-03-26 17:25:24.106	-7.1971068	107.5463838	1463.324029818515
2026-03-26 17:25:24.604	-7.1971067	107.5463837	1463.3240298004048
2026-03-26 17:25:25.104	-7.1971065	107.5463833	1463.324029428326
2026-03-26 17:25:25.601	-7.1971065	107.5463833	1463.314029428326
2026-03-26 17:25:26.102	-7.1971065	107.5463832	1463.3140292603978
2026-03-26 17:25:26.603	-7.1971067	107.5463834	1463.3140292966204
2026-03-26 17:25:27.102	-7.1971066	107.5463835	1463.2840296143659
2026-03-26 17:25:27.603	-7.1971068	107.5463836	1463.2540294826592
2026-03-26 17:25:28.103	-7.1971069	107.5463835	1463.2240291649134
2026-03-26 17:25:28.606	-7.197107	107.5463834	1463.2240288471667
2026-03-26 17:25:29.104	-7.1971071	107.5463833	1463.1940285294195
2026-03-26 17:25:29.604	-7.1971071	107.5463835	1463.1940288652766
2026-03-26 17:25:30.104	-7.197107	107.5463834	1463.1840288471667
2026-03-26 17:25:30.603	-7.197107	107.5463833	1463.1740286792383
2026-03-26 17:25:31.104	-7.1971071	107.5463831	1463.1140281935618
2026-03-26 17:25:31.603	-7.1971073	107.5463832	1463.0940280618518
2026-03-26 17:25:32.103	-7.1971072	107.5463832	1463.0840282116715
2026-03-26 17:25:32.603	-7.1971073	107.5463832	1463.0540280618518
2026-03-26 17:25:33.104	-7.1971073	107.5463833	1463.0340282297807
2026-03-26 17:25:33.603	-7.1971074	107.5463835	1463.044028415818
2026-03-26 17:25:34.106	-7.1971074	107.5463834	1463.0240282478896
2026-03-26 17:25:34.602	-7.1971074	107.5463835	1462.9940284158183
2026-03-26 17:25:35.102	-7.1971076	107.5463835	1462.9440281161774
2026-03-26 17:25:35.604	-7.1971076	107.5463835	1462.8840281161772
2026-03-26 17:25:36.106	-7.1971077	107.5463834	1462.8340277984275
2026-03-26 17:25:36.602	-7.197108	107.5463834	1462.7740273489621
2026-03-26 17:25:37.102	-7.1971082	107.5463835	1462.7140272172455
2026-03-26 17:25:37.604	-7.1971083	107.5463835	1462.614027067422
2026-03-26 17:25:38.102	-7.1971084	107.5463835	1462.5840269175985
2026-03-26 17:25:38.602	-7.1971085	107.5463835	1462.4840267677744
2026-03-26 17:25:39.103	-7.1971086	107.5463836	1462.414026785879
2026-03-26 17:25:39.601	-7.1971087	107.5463837	1462.384026803983
2026-03-26 17:25:40.104	-7.1971087	107.5463838	1462.364026971912
2026-03-26 17:25:40.601	-7.1971088	107.546384	1462.2940271579446
2026-03-26 17:25:41.103	-7.1971088	107.546384	1462.2540271579446
2026-03-26 17:25:41.602	-7.1971088	107.5463841	1462.244027325873
2026-03-26 17:25:42.105	-7.1971088	107.5463842	1462.2340274938015
2026-03-26 17:25:42.602	-7.1971088	107.5463845	1462.2240279975858
2026-03-26 17:25:43.102	-7.1971089	107.5463847	1462.2040281836164
2026-03-26 17:25:43.601	-7.1971091	107.5463849	1462.1740282198207
2026-03-26 17:25:44.101	-7.1971091	107.5463852	1462.1540287236023
2026-03-26 17:25:44.601	-7.1971092	107.5463853	1462.1340287417036
2026-03-26 17:25:45.101	-7.197109	107.5463853	1462.1140290413548
2026-03-26 17:25:45.601	-7.1971088	107.5463853	1462.0940293410044
2026-03-26 17:25:46.101	-7.1971089	107.5463854	1462.0840293591066
2026-03-26 17:25:46.604	-7.1971088	107.5463855	1462.0840296768579
2026-03-26 17:25:47.107	-7.1971087	107.5463856	1462.0740299946085
2026-03-26 17:25:47.602	-7.1971089	107.5463856	1462.0540296949598
2026-03-26 17:25:48.102	-7.1971088	107.5463853	1462.0540293410045
2026-03-26 17:25:48.601	-7.1971086	107.546385	1462.014029136872
2026-03-26 17:25:49.101	-7.1971085	107.5463848	1461.9940289508415
2026-03-26 17:25:49.601	-7.1971083	107.5463846	1461.9440289146332
2026-03-26 17:25:50.102	-7.197108	107.546384	1461.8840283565335
2026-03-26 17:25:50.602	-7.1971079	107.5463837	1461.8240280025705
2026-03-26 17:25:51.105	-7.1971078	107.5463835	1461.794027816535
2026-03-26 17:25:51.606	-7.1971079	107.5463834	1461.7640274987843
2026-03-26 17:25:52.106	-7.1971078	107.5463834	1461.7240276486061
2026-03-26 17:25:52.603	-7.1971075	107.5463833	1461.7640279301404
2026-03-26 17:25:53.102	-7.1971074	107.5463833	1461.7940280799608
2026-03-26 17:25:53.604	-7.1971075	107.5463832	1461.8040277622115
2026-03-26 17:25:54.102	-7.1971075	107.5463831	1461.7840275942824
2026-03-26 17:25:54.603	-7.1971074	107.5463831	1461.7940277441028
2026-03-26 17:25:55.103	-7.1971073	107.546383	1461.8340277259938
2026-03-26 17:25:55.604	-7.1971072	107.5463829	1461.8240277078842
2026-03-26 17:25:56.101	-7.1971069	107.5463826	1461.8440276535532
2026-03-26 17:25:56.604	-7.1971068	107.5463826	1461.8940278033715
2026-03-26 17:25:57.101	-7.1971066	107.5463825	1461.9040279350777
2026-03-26 17:25:57.602	-7.1971065	107.5463824	1461.9240279169658
2026-03-26 17:25:58.100	-7.1971062	107.5463822	1461.9540280305562
2026-03-26 17:25:58.601	-7.1971063	107.5463823	1461.9640280486694
2026-03-26 17:25:59.102	-7.1971059	107.5463821	1462.004028312073
2026-03-26 17:25:59.601	-7.1971059	107.546382	1461.9640281441432
2026-03-26 17:26:00.104	-7.1971057	107.5463818	1461.9740281079125
2026-03-26 17:26:00.602	-7.1971056	107.5463816	1461.9440279218668
2026-03-26 17:26:01.102	-7.1971054	107.5463814	1461.9540278856334
2026-03-26 17:26:01.601	-7.1971053	107.5463812	1461.9740276995858
2026-03-26 17:26:02.101	-7.1971053	107.5463813	1461.9740278675163
2026-03-26 17:26:02.601	-7.1971052	107.5463814	1462.0140281852593
2026-03-26 17:26:03.101	-7.1971053	107.5463814	1462.0140280354467
2026-03-26 17:26:03.600	-7.1971052	107.5463812	1461.9840278493987
2026-03-26 17:26:04.102	-7.1971051	107.5463813	1462.0140281671415
2026-03-26 17:26:04.604	-7.197105	107.5463813	1462.0240283169535
2026-03-26 17:26:05.102	-7.1971048	107.546381	1461.9940281127854
2026-03-26 17:26:05.602	-7.1971045	107.5463808	1461.9540282263563
2026-03-26 17:26:06.101	-7.1971043	107.5463806	1461.9340281901145
2026-03-26 17:26:06.601	-7.1971041	107.5463805	1461.9440283218019
2026-03-26 17:26:07.104	-7.197104	107.5463803	1461.9040281357481
2026-03-26 17:26:07.601	-7.1971038	107.54638	1461.904027931571
2026-03-26 17:26:08.101	-7.1971036	107.5463795	1461.8640273915273
2026-03-26 17:26:08.602	-7.1971033	107.5463791	1461.8540271692193
2026-03-26 17:26:09.104	-7.197103	107.546379	1461.9040274507045
2026-03-26 17:26:09.602	-7.1971027	107.5463789	1461.8940277321865
2026-03-26 17:26:10.101	-7.1971027	107.5463789	1461.9140277321867
2026-03-26 17:26:10.600	-7.1971024	107.5463787	1461.8940278457326
2026-03-26 17:26:11.103	-7.197102	107.5463785	1461.8640281090773
2026-03-26 17:26:11.602	-7.1971018	107.5463782	1461.824027904882
2026-03-26 17:26:12.104	-7.1971017	107.546378	1461.784027718817
2026-03-26 17:26:12.601	-7.1971017	107.5463778	1461.7940273829506
2026-03-26 17:26:13.103	-7.1971017	107.5463775	1461.77402687915
2026-03-26 17:26:13.604	-7.1971016	107.5463772	1461.764026525149
2026-03-26 17:26:14.102	-7.1971016	107.5463769	1461.744026021346
2026-03-26 17:26:14.602	-7.1971016	107.5463766	1461.7440255175413
2026-03-26 17:26:15.101	-7.1971013	107.5463762	1461.7240252952029
2026-03-26 17:26:15.601	-7.1971012	107.5463762	1461.704025445003
2026-03-26 17:26:16.100	-7.1971013	107.5463761	1461.7340251272674
2026-03-26 17:26:16.600	-7.1971014	107.546376	1461.724024809531
2026-03-26 17:26:17.101	-7.1971013	107.5463758	1461.74402462346
2026-03-26 17:26:17.602	-7.1971014	107.546376	1461.764024809531
2026-03-26 17:26:18.105	-7.1971015	107.5463762	1461.7540249956014
2026-03-26 17:26:18.602	-7.1971014	107.5463762	1461.8040251454024
2026-03-26 17:26:19.102	-7.1971014	107.5463764	1461.8240254812729
2026-03-26 17:26:19.601	-7.1971015	107.5463766	1461.8440256673423
2026-03-26 17:26:20.102	-7.1971014	107.5463765	1461.874025649208
2026-03-26 17:26:20.600	-7.1971013	107.5463766	1461.8940259669432
2026-03-26 17:26:21.102	-7.1971012	107.5463766	1461.9140261167431
2026-03-26 17:26:21.601	-7.1971011	107.5463767	1461.9540264344773
2026-03-26 17:26:22.101	-7.1971011	107.5463767	1461.9540264344773
2026-03-26 17:26:22.604	-7.1971008	107.5463763	1461.9440262121343
2026-03-26 17:26:23.104	-7.1971005	107.5463759	1461.954025989787
2026-03-26 17:26:23.602	-7.1971004	107.5463758	1461.9340259716487
2026-03-26 17:26:24.102	-7.1971001	107.5463756	1461.934026085167
2026-03-26 17:26:24.601	-7.1971	107.5463756	1461.9340262349626
2026-03-26 17:26:25.100	-7.1970998	107.5463756	1461.9640265345529
2026-03-26 17:26:25.600	-7.1970998	107.5463756	1461.934026534553
2026-03-26 17:26:26.101	-7.1971	107.5463756	1461.9240262349626
2026-03-26 17:26:26.601	-7.1971001	107.5463757	1461.9140262531025
2026-03-26 17:26:27.104	-7.1971	107.5463756	1461.8640262349625
2026-03-26 17:26:27.601	-7.1970998	107.5463754	1461.8440261986818
2026-03-26 17:26:28.099	-7.1970998	107.5463754	1461.8440261986818
2026-03-26 17:26:28.600	-7.1970996	107.5463754	1461.8440264982705
2026-03-26 17:26:29.102	-7.1970994	107.5463756	1461.8440271337286
2026-03-26 17:26:29.600	-7.1970993	107.5463757	1461.8740274514566
2026-03-26 17:26:30.101	-7.1970992	107.5463756	1461.8440274333143
2026-03-26 17:26:30.601	-7.1970991	107.5463756	1461.8540275831065
2026-03-26 17:26:31.100	-7.197099	107.5463757	1461.904027900833
2026-03-26 17:26:31.604	-7.1970989	107.5463758	1461.9340282185592
2026-03-26 17:26:32.101	-7.1970988	107.5463758	1461.9940283683502
2026-03-26 17:26:32.602	-7.1970986	107.5463759	1462.0040288358653
2026-03-26 17:26:33.100	-7.1970988	107.5463761	1462.0540288721531
2026-03-26 17:26:33.601	-7.1970987	107.5463761	1462.0340290219435
2026-03-26 17:26:34.100	-7.1970986	107.5463764	1462.054029675535
2026-03-26 17:26:34.599	-7.1970977	107.5463764	1462.1340310236255
2026-03-26 17:26:35.101	-7.197096	107.5463777	1462.4540357530389
2026-03-26 17:26:35.600	-7.1970964	107.5463789	1462.5440371690772
2026-03-26 17:26:36.105	-7.1970975	107.5463813	1462.754039551745
2026-03-26 17:26:36.601	-7.1970989	107.5463852	1463.0240440037924
2026-03-26 17:26:37.100	-7.1971007	107.5463894	1462.9640483602006
2026-03-26 17:26:37.600	-7.1971017	107.5463919	1462.8340510601581
2026-03-26 17:26:38.100	-7.1971027	107.5463927	1462.6640509055164
2026-03-26 17:26:38.601	-7.1971028	107.5463927	1462.6240507557195
2026-03-26 17:26:39.100	-7.1971027	107.5463924	1462.5540504017767
2026-03-26 17:26:39.602	-7.1971027	107.546392	1462.454049730122
2026-03-26 17:26:40.101	-7.197103	107.5463921	1462.4140494486437
2026-03-26 17:26:40.605	-7.1971029	107.5463922	1462.3340497663553
2026-03-26 17:26:41.100	-7.1971034	107.5463924	1462.2940493531903
2026-03-26 17:26:41.602	-7.1971035	107.5463926	1462.2340495392182
2026-03-26 17:26:42.099	-7.197104	107.5463927	1462.1840489581286
2026-03-26 17:26:42.599	-7.1971042	107.5463929	1462.174048994352
2026-03-26 17:26:43.099	-7.1971043	107.5463932	1462.1440493482894
2026-03-26 17:26:43.600	-7.1971042	107.5463934	1462.1240498339178
2026-03-26 17:26:44.100	-7.1971041	107.5463936	1462.1340503195447
2026-03-26 17:26:44.599	-7.197104	107.5463938	1462.1040508051706
2026-03-26 17:26:45.104	-7.1971036	107.5463936	1462.0840510685473
2026-03-26 17:26:45.600	-7.1971036	107.5463935	1462.054050900635
2026-03-26 17:26:46.099	-7.1971037	107.5463933	1462.0340504150101
2026-03-26 17:26:46.600	-7.1971038	107.5463933	1461.98405026521
2026-03-26 17:26:47.100	-7.1971039	107.5463929	1461.8940494437568
2026-03-26 17:26:47.598	-7.197104	107.5463929	1461.8640492939555
2026-03-26 17:26:48.102	-7.1971041	107.5463929	1461.8340491441538
2026-03-26 17:26:48.601	-7.197104	107.5463926	1461.7840487902147
2026-03-26 17:26:49.100	-7.197104	107.5463923	1461.6940482864727
2026-03-26 17:26:49.602	-7.197104	107.546392	1461.654047782729
2026-03-26 17:26:50.101	-7.1971037	107.5463917	1461.5640477283891
2026-03-26 17:26:50.603	-7.1971037	107.5463916	1461.5140475604742
2026-03-26 17:26:51.099	-7.1971035	107.5463915	1461.4540476921604
2026-03-26 17:26:51.600	-7.1971032	107.5463914	1461.3740479736446
2026-03-26 17:26:52.099	-7.1971033	107.5463915	1461.3640479917601
2026-03-26 17:26:52.599	-7.1971031	107.5463914	1461.3040481234436
2026-03-26 17:26:53.099	-7.1971027	107.5463913	1461.2640485547208
2026-03-26 17:26:53.599	-7.1971027	107.5463912	1461.2140483868059
2026-03-26 17:26:54.102	-7.1971023	107.5463912	1461.1840489859921
2026-03-26 17:26:54.602	-7.1971019	107.5463913	1461.1440497530866
2026-03-26 17:26:55.101	-7.1971014	107.5463916	1461.1340510057946
2026-03-26 17:26:55.601	-7.1971011	107.5463917	1461.1340516230825
2026-03-26 17:26:56.100	-7.1971011	107.5463919	1461.1440519589094
2026-03-26 17:26:56.599	-7.1971009	107.5463917	1461.0940519226635
2026-03-26 17:26:57.102	-7.1971007	107.5463918	1461.104052390156
2026-03-26 17:26:57.599	-7.1971005	107.5463918	1461.0840526897337
2026-03-26 17:26:58.098	-7.1971004	107.5463918	1461.054052839522
2026-03-26 17:26:58.601	-7.1971004	107.5463918	1461.044052839522
2026-03-26 17:26:59.099	-7.1971007	107.5463917	1461.024052222243
2026-03-26 17:26:59.600	-7.1971007	107.5463916	1461.0340520543295
2026-03-26 17:27:00.098	-7.1971007	107.5463918	1461.0440523901561
2026-03-26 17:27:00.600	-7.1971007	107.546392	1461.034052725982
2026-03-26 17:27:01.098	-7.1971008	107.5463922	1461.0240529120183
2026-03-26 17:27:01.598	-7.1971009	107.5463924	1461.0340530980538
2026-03-26 17:27:02.099	-7.197101	107.5463926	1461.0140532840885
2026-03-26 17:27:02.599	-7.197101	107.5463928	1461.0040536199126
2026-03-26 17:27:03.104	-7.197101	107.546393	1460.9940539557363
2026-03-26 17:27:03.604	-7.1971011	107.5463932	1460.9840541417693
2026-03-26 17:27:04.100	-7.1971011	107.5463933	1460.9540543096807
2026-03-26 17:27:04.599	-7.1971012	107.5463933	1460.8840541598904
2026-03-26 17:27:05.101	-7.1971015	107.5463932	1460.8640535426061
2026-03-26 17:27:05.600	-7.1971016	107.5463934	1460.8840537286374
2026-03-26 17:27:06.100	-7.1971017	107.5463939	1460.8740544184006
2026-03-26 17:27:06.600	-7.1971016	107.5463941	1460.8740549040135
2026-03-26 17:27:07.099	-7.1971016	107.5463943	1460.854055239834
2026-03-26 17:27:07.604	-7.1971016	107.5463944	1460.844055407744
2026-03-26 17:27:08.100	-7.1971016	107.5463944	1460.854055407744
2026-03-26 17:27:08.601	-7.1971018	107.5463946	1460.934055443981
2026-03-26 17:27:09.099	-7.197102	107.5463945	1460.904054976486
2026-03-26 17:27:09.599	-7.1971021	107.5463947	1460.9040551625128
2026-03-26 17:27:10.099	-7.1971023	107.5463947	1460.874054862926
2026-03-26 17:27:10.601	-7.1971023	107.5463947	1460.864054862926
2026-03-26 17:27:11.098	-7.1971023	107.5463949	1460.8740551987457
2026-03-26 17:27:11.600	-7.1971023	107.5463948	1460.844055030836
2026-03-26 17:27:12.101	-7.1971024	107.5463948	1460.774054881042
2026-03-26 17:27:12.600	-7.1971025	107.5463948	1460.7640547312476
2026-03-26 17:27:13.100	-7.1971025	107.5463948	1460.7340547312476
2026-03-26 17:27:13.602	-7.1971025	107.5463947	1460.6640545633377
2026-03-26 17:27:14.100	-7.1971024	107.5463945	1460.6140543773117
2026-03-26 17:27:14.601	-7.1971023	107.5463942	1460.5540540233746
2026-03-26 17:27:15.098	-7.197102	107.5463938	1460.4640538011124
2026-03-26 17:27:15.599	-7.1971018	107.5463935	1460.4440535969645
2026-03-26 17:27:16.099	-7.1971018	107.5463933	1460.4140532611416
2026-03-26 17:27:16.601	-7.1971018	107.546393	1460.384052757406
2026-03-26 17:27:17.098	-7.1971016	107.5463927	1460.3140525532544
2026-03-26 17:27:17.598	-7.1971015	107.5463924	1460.264052199309
2026-03-26 17:27:18.098	-7.1971015	107.5463922	1460.214051863483
2026-03-26 17:27:18.601	-7.1971016	107.5463921	1460.2040515457777
2026-03-26 17:27:19.098	-7.1971017	107.5463917	1460.1240507243306
2026-03-26 17:27:19.598	-7.1971017	107.5463917	1460.0840507243306
2026-03-26 17:27:20.100	-7.1971016	107.5463914	1460.0040503703817
2026-03-26 17:27:20.599	-7.1971016	107.5463912	1459.9540500345531
2026-03-26 17:27:21.102	-7.1971013	107.5463906	1459.8640494764422
2026-03-26 17:27:21.600	-7.1971011	107.5463903	1459.76404927228
2026-03-26 17:27:22.101	-7.1971011	107.5463901	1459.724048936449
2026-03-26 17:27:22.598	-7.197101	107.54639	1459.7040489183248
2026-03-26 17:27:23.100	-7.1971011	107.5463899	1459.6740486006172
2026-03-26 17:27:23.598	-7.1971011	107.5463898	1459.624048432701
2026-03-26 17:27:24.098	-7.197101	107.5463896	1459.5840482466604
2026-03-26 17:27:24.600	-7.1971009	107.5463894	1459.5340480606187
2026-03-26 17:27:25.098	-7.1971011	107.546389	1459.4740470893673
2026-03-26 17:27:25.602	-7.1971013	107.5463887	1459.474046286029
2026-03-26 17:27:26.098	-7.1971013	107.5463882	1459.4240454464382
2026-03-26 17:27:26.598	-7.1971015	107.5463882	1459.3840451468502
2026-03-26 17:27:27.098	-7.1971016	107.5463879	1459.374044493299
2026-03-26 17:27:27.599	-7.1971024	107.5463862	1459.2240404402746
2026-03-26 17:27:28.099	-7.1971022	107.5463864	1459.1640410757152
2026-03-26 17:27:28.600	-7.1971026	107.5463861	1459.2540399727536
2026-03-26 17:27:29.099	-7.1971028	107.5463856	1459.3440388335398
2026-03-26 17:27:29.599	-7.1971028	107.5463854	1459.5840384976934
2026-03-26 17:27:30.102	-7.1971018	107.5463866	1459.6140420107465
2026-03-26 17:27:30.599	-7.1971017	107.5463871	1459.614043000146
2026-03-26 17:27:31.099	-7.1971016	107.546387	1459.7840429820214
2026-03-26 17:27:31.599	-7.1971015	107.5463865	1459.854042292213
2026-03-26 17:27:32.100	-7.1971018	107.5463868	1460.0040423465884
2026-03-26 17:27:32.599	-7.1971023	107.5463874	1460.1240426051259
2026-03-26 17:27:33.099	-7.1971027	107.5463876	1460.1940423417718
2026-03-26 17:27:33.598	-7.1971028	107.5463878	1460.2140425278124
2026-03-26 17:27:34.099	-7.1971028	107.5463878	1460.1840425278124
2026-03-26 17:27:34.605	-7.1971026	107.5463878	1460.1540428274106
2026-03-26 17:27:35.099	-7.1971026	107.5463877	1460.094042659491
2026-03-26 17:27:35.598	-7.1971024	107.5463876	1460.044042791168
2026-03-26 17:27:36.098	-7.1971023	107.5463874	1460.004042605126
2026-03-26 17:27:36.600	-7.1971021	107.5463872	1459.9340425688806
2026-03-26 17:27:37.099	-7.1971021	107.5463869	1459.9140420651188
2026-03-26 17:27:37.602	-7.197102	107.5463868	1459.904042046995
2026-03-26 17:27:38.099	-7.1971019	107.5463868	1459.8840421967918
2026-03-26 17:27:38.597	-7.1971019	107.5463869	1459.9040423647127
2026-03-26 17:27:39.101	-7.1971017	107.5463869	1459.894042664305
2026-03-26 17:27:39.599	-7.1971016	107.546387	1459.9240429820215
2026-03-26 17:27:40.100	-7.1971013	107.546387	1459.9440434314058
2026-03-26 17:27:40.598	-7.197101	107.5463871	1459.9540440487067
2026-03-26 17:27:41.098	-7.1971011	107.5463871	1459.9740438989136
2026-03-26 17:27:41.600	-7.1971011	107.5463871	1459.9840438989136
2026-03-26 17:27:42.098	-7.1971013	107.5463873	1460.0140439351658
2026-03-26 17:27:42.602	-7.1971013	107.5463872	1459.964043767246
2026-03-26 17:27:43.101	-7.1971011	107.5463873	1459.9440442347532
2026-03-26 17:27:43.602	-7.1971011	107.5463874	1459.9640444026727
2026-03-26 17:27:44.099	-7.1971008	107.5463874	1459.9540448520506
2026-03-26 17:27:44.601	-7.1971009	107.5463874	1459.9540447022584
2026-03-26 17:27:45.099	-7.1971008	107.5463875	1459.96404501997
2026-03-26 17:27:45.599	-7.1971007	107.5463876	1459.964045337681
2026-03-26 17:27:46.097	-7.1971003	107.5463874	1459.874045601006
2026-03-26 17:27:46.598	-7.1971003	107.5463875	1459.854045768925
2026-03-26 17:27:47.099	-7.1971004	107.5463875	1459.9140456191349
2026-03-26 17:27:47.597	-7.1971003	107.5463875	1459.844045768925
2026-03-26 17:27:48.102	-7.1971005	107.5463876	1459.8840456372632
2026-03-26 17:27:48.599	-7.1971009	107.546388	1459.8940457097724
2026-03-26 17:27:49.101	-7.1971011	107.5463877	1459.9840449064307
2026-03-26 17:27:49.597	-7.1971005	107.5463871	1460.1140447976668
2026-03-26 17:27:50.100	-7.197099	107.5463869	1460.2340467086508
2026-03-26 17:27:50.600	-7.197096	107.5463871	1460.1940515378687
2026-03-26 17:27:51.099	-7.1970952	107.5463883	1459.924054751034
2026-03-26 17:27:51.599	-7.1970955	107.5463894	1459.694056148781
2026-03-26 17:27:52.098	-7.197096	107.5463893	1459.634055232011
2026-03-26 17:27:52.601	-7.1970963	107.5463893	1459.6840547826926
2026-03-26 17:27:53.100	-7.1970963	107.5463891	1459.684054446864
2026-03-26 17:27:53.599	-7.1970966	107.5463889	1459.724053661712
2026-03-26 17:27:54.099	-7.1970966	107.5463888	1459.724053493797
2026-03-26 17:27:54.600	-7.1970963	107.5463886	1459.7140536072898
2026-03-26 17:27:55.097	-7.1970959	107.5463884	1459.704053870552
2026-03-26 17:27:55.601	-7.1970958	107.5463882	1459.6840536844934
2026-03-26 17:27:56.099	-7.1970956	107.5463881	1459.6840538161214
2026-03-26 17:27:56.597	-7.1970958	107.5463881	1459.734053516578
2026-03-26 17:27:57.102	-7.1970958	107.5463881	1459.734053516578
2026-03-26 17:27:57.598	-7.1970956	107.546388	1459.7440536482056
2026-03-26 17:27:58.100	-7.1970954	107.5463877	1459.7140534440007
2026-03-26 17:27:58.598	-7.1970954	107.5463877	1459.7340534440007
2026-03-26 17:27:59.099	-7.1970953	107.5463875	1459.7340532579392
2026-03-26 17:27:59.597	-7.1970951	107.5463873	1459.6940532216472
2026-03-26 17:28:00.099	-7.1970948	107.5463873	1459.664053670955
2026-03-26 17:28:00.597	-7.1970948	107.5463874	1459.664053838871
2026-03-26 17:28:01.099	-7.1970947	107.5463873	1459.6340538207232
2026-03-26 17:28:01.600	-7.1970945	107.5463872	1459.6140539523428
2026-03-26 17:28:02.098	-7.1970944	107.546387	1459.604053766278
2026-03-26 17:28:02.596	-7.1970945	107.5463869	1459.624053448594
2026-03-26 17:28:03.098	-7.1970945	107.546387	1459.6040536165103
2026-03-26 17:28:03.599	-7.1970944	107.5463869	1459.6140535983614
2026-03-26 17:28:04.097	-7.1970942	107.5463867	1459.6040535620623
2026-03-26 17:28:04.602	-7.197094	107.5463866	1459.6040536936782
2026-03-26 17:28:05.097	-7.1970939	107.5463865	1459.6140536755272
2026-03-26 17:28:05.597	-7.1970939	107.5463864	1459.6140535076104
2026-03-26 17:28:06.102	-7.1970939	107.5463861	1459.634053003859
2026-03-26 17:28:06.597	-7.1970937	107.5463859	1459.6240529675551
2026-03-26 17:28:07.097	-7.1970934	107.5463857	1459.634053081014
2026-03-26 17:28:07.598	-7.1970931	107.5463856	1459.6040533623868
2026-03-26 17:28:08.098	-7.1970929	107.5463854	1459.5940533260768
2026-03-26 17:28:08.597	-7.1970927	107.5463853	1459.5740534576828
2026-03-26 17:28:09.098	-7.1970926	107.546385	1459.5240531036904
2026-03-26 17:28:09.579	-7.1970925	107.546385	1459.5140532534517
2026-03-26 17:28:10.099	-7.1970922	107.5463848	1459.4840533668967
2026-03-26 17:28:10.601	-7.1970921	107.5463846	1459.4640531808197
2026-03-26 17:28:11.098	-7.1970918	107.5463841	1459.3940527905036
2026-03-26 17:28:11.598	-7.1970916	107.5463838	1459.3840525862631
2026-03-26 17:28:12.096	-7.1970915	107.5463836	1459.3340524001821
2026-03-26 17:28:12.597	-7.1970914	107.5463834	1459.3040522141007
2026-03-26 17:28:13.096	-7.1970913	107.5463833	1459.2840521959383
2026-03-26 17:28:13.600	-7.1970913	107.5463831	1459.2940518600983
2026-03-26 17:28:14.098	-7.1970913	107.5463829	1459.2940515242578
2026-03-26 17:28:14.598	-7.1970912	107.5463825	1459.2740510023327
2026-03-26 17:28:15.102	-7.1970911	107.5463824	1459.2740509841688
2026-03-26 17:28:15.597	-7.1970911	107.5463823	1459.2740508162478
2026-03-26 17:28:16.098	-7.1970909	107.546382	1459.2740506119974
2026-03-26 17:28:16.597	-7.197091	107.5463822	1459.3440507980833
2026-03-26 17:28:17.100	-7.1970909	107.5463821	1459.3540507799187
2026-03-26 17:28:17.596	-7.1970912	107.5463823	1459.4040506664905
2026-03-26 17:28:18.099	-7.1970911	107.5463824	1459.4240509841688
2026-03-26 17:28:18.597	-7.1970913	107.5463827	1459.4840511884167
2026-03-26 17:28:19.096	-7.1970914	107.5463828	1459.5040512065798
2026-03-26 17:28:19.598	-7.1970914	107.5463827	1459.514051038659
2026-03-26 17:28:20.098	-7.1970916	107.5463828	1459.624050907063
2026-03-26 17:28:20.598	-7.1970918	107.5463829	1459.6840507754657
2026-03-26 17:28:21.097	-7.1970922	107.5463831	1459.7440505122665
2026-03-26 17:28:21.599	-7.1970923	107.5463833	1459.7940506983464
2026-03-26 17:28:22.097	-7.1970922	107.5463834	1459.8540510160276
2026-03-26 17:28:22.596	-7.1970924	107.5463835	1459.9040508844257
2026-03-26 17:28:23.098	-7.1970925	107.5463835	1459.9140507346642
2026-03-26 17:28:23.599	-7.1970924	107.5463835	1459.9040508844257
2026-03-26 17:28:24.101	-7.1970923	107.5463834	1459.8740508662668
2026-03-26 17:28:24.597	-7.1970923	107.5463832	1459.8640505304259
2026-03-26 17:28:25.101	-7.1970924	107.5463831	1459.864050212744
2026-03-26 17:28:25.597	-7.1970923	107.5463829	1459.8640500266636
2026-03-26 17:28:26.097	-7.1970922	107.5463828	1459.854050008504
2026-03-26 17:28:26.596	-7.1970923	107.5463826	1459.8140495229002
2026-03-26 17:28:27.097	-7.1970923	107.5463825	1459.8140493549788
2026-03-26 17:28:27.597	-7.1970924	107.5463825	1459.834049205217
2026-03-26 17:28:28.096	-7.1970924	107.5463825	1459.844049205217
2026-03-26 17:28:28.602	-7.1970925	107.5463826	1459.8640492233765
2026-03-26 17:28:29.096	-7.1970926	107.5463828	1459.8740494094566
2026-03-26 17:28:29.599	-7.1970926	107.5463829	1459.924049577378
2026-03-26 17:28:30.099	-7.1970928	107.5463832	1459.984049781615
2026-03-26 17:28:30.598	-7.1970928	107.5463834	1459.9840501174565
2026-03-26 17:28:31.096	-7.1970926	107.5463834	1460.0040504169817
2026-03-26 17:28:31.599	-7.1970927	107.5463836	1460.05405060306
2026-03-26 17:28:32.098	-7.1970924	107.5463837	1460.1140512202658
2026-03-26 17:28:32.596	-7.1970923	107.5463839	1460.1740517058663
2026-03-26 17:28:33.101	-7.1970921	107.5463841	1460.2040523412259
2026-03-26 17:28:33.596	-7.1970921	107.5463842	1460.2540525091447
2026-03-26 17:28:34.099	-7.197092	107.5463843	1460.3140528268234
2026-03-26 17:28:34.599	-7.1970919	107.5463845	1460.3240533124197
2026-03-26 17:28:35.099	-7.1970917	107.5463845	1460.3340536119367
2026-03-26 17:28:35.598	-7.1970915	107.5463844	1460.334053743534
2026-03-26 17:28:36.099	-7.1970915	107.5463848	1460.4140544152065
2026-03-26 17:28:36.596	-7.1970915	107.5463849	1460.4340545831242
2026-03-26 17:28:37.097	-7.1970914	107.5463852	1460.4740552366334
2026-03-26 17:28:37.601	-7.1970913	107.5463853	1460.474055554307
2026-03-26 17:28:38.097	-7.197091	107.5463854	1460.4840561714902
2026-03-26 17:28:38.597	-7.1970909	107.5463857	1460.4940568249942
2026-03-26 17:28:39.095	-7.197091	107.546386	1460.554057178988
2026-03-26 17:28:39.599	-7.1970909	107.5463861	1460.564057496658
2026-03-26 17:28:40.098	-7.1970907	107.5463863	1460.5740581319963
2026-03-26 17:28:40.601	-7.1970906	107.5463864	1460.5740584496646
2026-03-26 17:28:41.096	-7.1970905	107.5463864	1460.564058599417
2026-03-26 17:28:41.598	-7.1970904	107.5463863	1460.594058581254
2026-03-26 17:28:42.100	-7.1970901	107.5463863	1460.6040590305086
2026-03-26 17:28:42.600	-7.19709	107.5463863	1460.644059180259
2026-03-26 17:28:43.100	-7.1970898	107.5463862	1460.6340593118446
2026-03-26 17:28:43.601	-7.1970898	107.5463862	1460.6240593118446
2026-03-26 17:28:44.099	-7.1970897	107.5463863	1460.6040596295088
2026-03-26 17:28:44.599	-7.1970895	107.5463863	1460.5740599290068
2026-03-26 17:28:45.096	-7.1970895	107.5463864	1460.5640600969214
2026-03-26 17:28:45.597	-7.1970892	107.5463865	1460.5440607140793
2026-03-26 17:28:46.096	-7.1970891	107.5463865	1460.5240608638262
2026-03-26 17:28:46.600	-7.197089	107.5463866	1460.484061181487
2026-03-26 17:28:47.101	-7.197089	107.5463867	1460.484061349401
2026-03-26 17:28:47.607	-7.1970893	107.5463867	1460.51406090016
2026-03-26 17:28:49.459	-7.1970897	107.546388	1460.3540624840389
2026-03-26 17:28:50.002	-7.1970895	107.5463885	1460.154063623094
2026-03-26 17:28:50.483	-7.1970894	107.546389	1460.0240646123968
2026-03-26 17:28:51.001	-7.1970894	107.5463894	1459.9440652840387
2026-03-26 17:28:51.481	-7.1970891	107.5463898	1459.884066404915
2026-03-26 17:28:51.997	-7.197089	107.5463899	1459.8240667225691
2026-03-26 17:28:52.496	-7.1970889	107.5463904	1459.744067711858
2026-03-26 17:28:52.998	-7.197089	107.5463907	1459.714068065839
2026-03-26 17:28:53.476	-7.1970892	107.5463914	1459.6840689417043
2026-03-26 17:28:53.997	-7.1970892	107.5463916	1459.6340692775184
2026-03-26 17:28:54.492	-7.1970892	107.5463921	1459.5740701170516
2026-03-26 17:28:54.995	-7.1970891	107.5463923	1459.5340706026077
2026-03-26 17:28:55.487	-7.1970888	107.5463924	1459.4640712197427
2026-03-26 17:28:55.995	-7.1970887	107.5463925	1459.4440715373903
2026-03-26 17:28:56.475	-7.1970888	107.5463926	1459.4240715555536
2026-03-26 17:28:56.996	-7.1970887	107.5463926	1459.3940717052956
2026-03-26 17:28:57.497	-7.1970887	107.5463927	1459.4040718732008
2026-03-26 17:28:57.995	-7.1970886	107.5463928	1459.3940721908475
2026-03-26 17:28:58.486	-7.1970885	107.5463929	1459.3640725084933
2026-03-26 17:28:59.003	-7.1970885	107.546393	1459.394072676398
2026-03-26 17:28:59.497	-7.1970885	107.546393	1459.374072676398
2026-03-26 17:28:59.996	-7.1970883	107.5463931	1459.3640731437836
2026-03-26 17:29:00.498	-7.1970884	107.5463933	1459.4040733298518
2026-03-26 17:29:00.997	-7.1970884	107.5463934	1459.394073497756
2026-03-26 17:29:01.482	-7.1970884	107.5463936	1459.4140738335639
2026-03-26 17:29:01.995	-7.1970883	107.5463937	1459.4140741512074
2026-03-26 17:29:02.495	-7.1970883	107.5463938	1459.434074319111
2026-03-26 17:29:02.998	-7.1970881	107.5463938	1459.4340746185894
2026-03-26 17:29:03.475	-7.1970882	107.546394	1459.4540748046568
2026-03-26 17:29:03.979	-7.1970883	107.5463941	1459.4740748228205
2026-03-26 17:29:04.492	-7.1970882	107.5463941	1459.4940749725597
2026-03-26 17:29:04.976	-7.1970882	107.5463942	1459.4740751404624
2026-03-26 17:29:05.476	-7.1970884	107.5463945	1459.4740753446918
2026-03-26 17:29:05.977	-7.1970883	107.5463946	1459.4840756623335
2026-03-26 17:29:06.484	-7.1970884	107.5463948	1459.4840758483983
2026-03-26 17:29:06.977	-7.1970884	107.5463949	1459.4840760163004
2026-03-26 17:29:07.480	-7.1970887	107.546395	1459.5040757349823
2026-03-26 17:29:07.982	-7.1970886	107.546395	1459.5040758847226
2026-03-26 17:29:08.478	-7.1970885	107.5463951	1459.5140762023643
2026-03-26 17:29:08.980	-7.1970881	107.546395	1459.4840766334187
2026-03-26 17:29:09.482	-7.1970879	107.5463953	1459.504077436598
2026-03-26 17:29:09.976	-7.1970878	107.5463953	1459.5340775863351
2026-03-26 17:29:10.478	-7.1970877	107.5463951	1459.5440774002695
2026-03-26 17:29:10.976	-7.1970876	107.546395	1459.5440773821047
2026-03-26 17:29:11.482	-7.1970874	107.546395	1459.5440776815765
2026-03-26 17:29:11.975	-7.1970872	107.546395	1459.5240779810465
2026-03-26 17:29:12.483	-7.1970871	107.546395	1459.5140781307812
2026-03-26 17:29:12.977	-7.197087	107.5463949	1459.5140781126142
