[System]
Platform=SEANO USV
Start_Time=2026-04-18 20:15:02
Timezone=WIB

[Sensor]
Name=Battery

[Columns]
Timestamp(WIB)	Voltage	Current	Percentage

[Data]
2026-04-18 20:15:05.238	46.927001953125	-62.560001373291016	0.0
2026-04-18 20:15:05.437	46.92000198364258	-62.540000915527344	0.0
2026-04-18 20:15:05.635	46.93000411987305	-62.560001373291016	0.0
2026-04-18 20:15:05.837	46.855003356933594	-62.45000076293945	0.0
2026-04-18 20:15:06.041	46.94600296020508	-62.58000183105469	0.0
2026-04-18 20:15:06.232	46.90700149536133	-62.529998779296875	0.0
2026-04-18 20:15:06.434	46.88600158691406	-62.5	0.0
2026-04-18 20:15:06.633	46.948001861572266	-62.58000183105469	0.0
2026-04-18 20:15:06.834	46.95100402832031	-62.59000015258789	0.0
2026-04-18 20:15:07.033	46.87000274658203	-62.4900016784668	0.0
2026-04-18 20:15:07.232	46.91400146484375	-62.54999923706055	0.0
2026-04-18 20:15:07.437	46.94700241088867	-62.58000183105469	0.0
2026-04-18 20:15:07.632	46.86300277709961	-62.470001220703125	0.0
2026-04-18 20:15:07.833	46.926002502441406	-62.54999923706055	0.0
2026-04-18 20:15:08.037	46.94900131225586	-62.58000183105469	0.0
2026-04-18 20:15:08.233	46.954002380371094	-62.59000015258789	0.0
2026-04-18 20:15:08.432	46.94000244140625	-62.56999969482422	0.0
2026-04-18 20:15:08.637	46.90800094604492	-62.529998779296875	0.0
2026-04-18 20:15:08.834	46.88900375366211	-62.5	0.0
2026-04-18 20:15:09.032	46.958003997802734	-62.599998474121094	0.0
2026-04-18 20:15:09.232	46.93700408935547	-62.56999969482422	0.0
2026-04-18 20:15:09.432	46.915000915527344	-62.540000915527344	0.0
2026-04-18 20:15:09.635	46.941001892089844	-62.56999969482422	0.0
2026-04-18 20:15:09.835	46.92900085449219	-62.54999923706055	0.0
2026-04-18 20:15:10.033	46.86100387573242	-62.459999084472656	0.0
2026-04-18 20:15:10.229	46.9010009765625	-62.529998779296875	0.0
2026-04-18 20:15:10.434	46.89400100708008	-62.5099983215332	0.0
2026-04-18 20:15:10.636	46.95500183105469	-62.59000015258789	0.0
2026-04-18 20:15:10.843	46.95600128173828	-62.59000015258789	0.0
2026-04-18 20:15:11.033	46.94400405883789	-62.58000183105469	0.0
2026-04-18 20:15:11.232	46.89400100708008	-62.5099983215332	0.0
2026-04-18 20:15:11.434	46.83100128173828	-62.41999816894531	0.0
2026-04-18 20:15:11.642	46.910003662109375	-62.529998779296875	0.0
2026-04-18 20:15:11.835	46.902000427246094	-62.5099983215332	0.0
2026-04-18 20:15:12.039	46.84600067138672	-62.45000076293945	0.0
2026-04-18 20:15:12.235	46.935001373291016	-62.56999969482422	0.0
2026-04-18 20:15:12.438	46.8650016784668	-62.470001220703125	0.0
2026-04-18 20:15:12.633	46.95500183105469	-62.59000015258789	0.0
2026-04-18 20:15:12.838	46.900001525878906	-62.5099983215332	0.0
2026-04-18 20:15:13.035	46.94600296020508	-62.58000183105469	0.0
2026-04-18 20:15:13.232	46.94900131225586	-62.58000183105469	0.0
2026-04-18 20:15:13.434	46.91100311279297	-62.540000915527344	0.0
2026-04-18 20:15:13.632	46.87300109863281	-62.47999954223633	0.0
2026-04-18 20:15:13.834	46.928001403808594	-62.54999923706055	0.0
2026-04-18 20:15:14.038	46.9010009765625	-62.52000045776367	0.0
2026-04-18 20:15:14.231	46.855003356933594	-62.459999084472656	0.0
2026-04-18 20:15:14.433	46.93100357055664	-62.560001373291016	0.0
2026-04-18 20:15:14.640	46.927001953125	-62.54999923706055	0.0
2026-04-18 20:15:14.835	46.93000411987305	-62.560001373291016	0.0
2026-04-18 20:15:15.040	46.93000411987305	-62.560001373291016	0.0
2026-04-18 20:15:15.237	46.92100143432617	-62.54999923706055	0.0
2026-04-18 20:15:15.432	46.935001373291016	-62.56999969482422	0.0
2026-04-18 20:15:15.634	46.94000244140625	-62.58000183105469	0.0
2026-04-18 20:15:15.832	46.92000198364258	-62.54999923706055	0.0
2026-04-18 20:15:16.033	46.94400405883789	-62.58000183105469	0.0
2026-04-18 20:15:16.231	46.952003479003906	-62.59000015258789	0.0
2026-04-18 20:15:16.429	46.922000885009766	-62.54999923706055	0.0
2026-04-18 20:15:16.831	46.87800216674805	-62.4900016784668	0.0
2026-04-18 20:15:17.037	46.93100357055664	-62.560001373291016	0.0
2026-04-18 20:15:17.429	46.85600280761719	-62.459999084472656	0.0
2026-04-18 20:15:17.632	46.8910026550293	-62.5099983215332	0.0
2026-04-18 20:15:17.829	46.92400360107422	-62.560001373291016	0.0
2026-04-18 20:15:18.030	46.89200210571289	-62.52000045776367	0.0
2026-04-18 20:15:18.235	46.90800094604492	-62.529998779296875	0.0
2026-04-18 20:15:18.434	46.880001068115234	-62.4900016784668	0.0
2026-04-18 20:15:18.634	46.94400405883789	-62.56999969482422	0.0
2026-04-18 20:15:18.834	46.92400360107422	-62.54999923706055	0.0
2026-04-18 20:15:19.030	46.874000549316406	-62.4900016784668	0.0
2026-04-18 20:15:19.231	46.90700149536133	-62.529998779296875	0.0
2026-04-18 20:15:19.435	46.928001403808594	-62.560001373291016	0.0
2026-04-18 20:15:19.634	46.95100402832031	-62.58000183105469	0.0
2026-04-18 20:15:19.837	46.92000198364258	-62.54999923706055	0.0
2026-04-18 20:15:20.030	46.88300323486328	-62.5	0.0
2026-04-18 20:15:20.235	46.87000274658203	-62.47999954223633	0.0
2026-04-18 20:15:20.440	46.926002502441406	-62.54999923706055	0.0
2026-04-18 20:15:20.842	46.88200378417969	-62.5	0.0
2026-04-18 20:15:21.035	46.84700393676758	-62.45000076293945	0.0
2026-04-18 20:15:21.234	46.92900085449219	-62.54999923706055	0.0
2026-04-18 20:15:21.434	46.932003021240234	-62.560001373291016	0.0
2026-04-18 20:15:21.635	46.8910026550293	-62.5	0.0
2026-04-18 20:15:21.835	46.95000076293945	-62.59000015258789	0.0
2026-04-18 20:15:22.034	46.919002532958984	-62.54999923706055	0.0
2026-04-18 20:15:22.232	46.910003662109375	-62.529998779296875	0.0
2026-04-18 20:15:22.434	46.82600402832031	-62.41999816894531	0.0
2026-04-18 20:15:22.636	46.945003509521484	-62.58000183105469	0.0
2026-04-18 20:15:22.834	46.91100311279297	-62.529998779296875	0.0
2026-04-18 20:15:23.029	46.927001953125	-62.560001373291016	0.0
2026-04-18 20:15:23.233	46.8650016784668	-62.470001220703125	0.0
2026-04-18 20:15:23.431	46.9010009765625	-62.52000045776367	0.0
2026-04-18 20:15:23.632	46.91200256347656	-62.529998779296875	0.0
2026-04-18 20:15:23.837	46.913002014160156	-62.529998779296875	0.0
2026-04-18 20:15:24.039	46.94900131225586	-62.59000015258789	0.0
2026-04-18 20:15:24.233	46.94600296020508	-62.58000183105469	0.0
2026-04-18 20:15:24.438	46.867000579833984	-62.470001220703125	0.0
2026-04-18 20:15:24.636	46.910003662109375	-62.529998779296875	0.0
2026-04-18 20:15:24.836	46.90700149536133	-62.52000045776367	0.0
2026-04-18 20:15:25.036	46.902000427246094	-62.529998779296875	0.0
2026-04-18 20:15:25.234	46.91800308227539	-62.540000915527344	0.0
2026-04-18 20:15:25.433	46.880001068115234	-62.4900016784668	0.0
2026-04-18 20:15:25.633	46.87800216674805	-62.4900016784668	0.0
2026-04-18 20:15:25.843	46.909000396728516	-62.529998779296875	0.0
2026-04-18 20:15:26.034	46.94600296020508	-62.59000015258789	0.0
2026-04-18 20:15:26.241	46.92300033569336	-62.54999923706055	0.0
2026-04-18 20:15:26.432	46.902000427246094	-62.52000045776367	0.0
2026-04-18 20:15:26.639	46.9530029296875	-62.59000015258789	0.0
2026-04-18 20:15:26.832	46.927001953125	-62.54999923706055	0.0
2026-04-18 20:15:27.032	46.92900085449219	-62.560001373291016	0.0
2026-04-18 20:15:27.235	46.89900207519531	-62.5099983215332	0.0
2026-04-18 20:15:27.433	46.871002197265625	-62.47999954223633	0.0
2026-04-18 20:15:27.635	46.928001403808594	-62.560001373291016	0.0
2026-04-18 20:15:27.833	46.897003173828125	-62.52000045776367	0.0
2026-04-18 20:15:28.034	46.941001892089844	-62.58000183105469	0.0
2026-04-18 20:15:28.231	46.94600296020508	-62.58000183105469	0.0
2026-04-18 20:15:28.431	46.88300323486328	-62.5	0.0
2026-04-18 20:15:28.633	46.92900085449219	-62.560001373291016	0.0
2026-04-18 20:15:28.834	46.832000732421875	-62.43000030517578	0.0
2026-04-18 20:15:29.031	46.928001403808594	-62.560001373291016	0.0
2026-04-18 20:15:29.234	46.89600372314453	-62.5099983215332	0.0
2026-04-18 20:15:29.434	46.948001861572266	-62.58000183105469	0.0
2026-04-18 20:15:29.634	46.87900161743164	-62.4900016784668	0.0
2026-04-18 20:15:29.839	46.922000885009766	-62.54999923706055	0.0
2026-04-18 20:15:30.033	46.93700408935547	-62.58000183105469	0.0
2026-04-18 20:15:30.236	46.945003509521484	-62.56999969482422	0.0
2026-04-18 20:15:30.432	46.927001953125	-62.560001373291016	0.0
2026-04-18 20:15:30.633	46.91600036621094	-62.540000915527344	0.0
2026-04-18 20:15:30.834	46.928001403808594	-62.560001373291016	0.0
2026-04-18 20:15:31.032	46.9530029296875	-62.59000015258789	0.0
2026-04-18 20:15:31.235	46.92400360107422	-62.54999923706055	0.0
2026-04-18 20:15:31.434	46.93800354003906	-62.56999969482422	0.0
2026-04-18 20:15:31.633	46.880001068115234	-62.4900016784668	0.0
2026-04-18 20:15:31.835	46.89500045776367	-62.5099983215332	0.0
2026-04-18 20:15:32.039	46.89800262451172	-62.52000045776367	0.0
2026-04-18 20:15:32.233	46.939002990722656	-62.56999969482422	0.0
2026-04-18 20:15:32.433	46.897003173828125	-62.52000045776367	0.0
2026-04-18 20:15:32.633	46.94000244140625	-62.58000183105469	0.0
2026-04-18 20:15:32.835	46.93800354003906	-62.56999969482422	0.0
2026-04-18 20:15:33.032	46.94400405883789	-62.56999969482422	0.0
2026-04-18 20:15:33.237	46.94900131225586	-62.58000183105469	0.0
2026-04-18 20:15:33.434	46.94600296020508	-62.58000183105469	0.0
2026-04-18 20:15:33.635	46.94900131225586	-62.59000015258789	0.0
2026-04-18 20:15:33.836	46.868003845214844	-62.470001220703125	0.0
2026-04-18 20:15:34.032	46.91200256347656	-62.540000915527344	0.0
2026-04-18 20:15:34.232	46.92500305175781	-62.54999923706055	0.0
2026-04-18 20:15:34.434	46.897003173828125	-62.5099983215332	0.0
2026-04-18 20:15:34.633	46.90400314331055	-62.52000045776367	0.0
2026-04-18 20:15:34.836	46.945003509521484	-62.58000183105469	0.0
2026-04-18 20:15:35.034	46.9170036315918	-62.540000915527344	0.0
2026-04-18 20:15:35.232	46.91400146484375	-62.540000915527344	0.0
2026-04-18 20:15:35.435	46.91600036621094	-62.529998779296875	0.0
2026-04-18 20:15:35.635	46.9170036315918	-62.540000915527344	0.0
2026-04-18 20:15:35.835	46.8910026550293	-62.5099983215332	0.0
2026-04-18 20:15:36.034	46.88100051879883	-62.4900016784668	0.0
2026-04-18 20:15:36.233	46.87200164794922	-62.47999954223633	0.0
2026-04-18 20:15:36.432	46.84700393676758	-62.439998626708984	0.0
2026-04-18 20:15:36.635	46.9170036315918	-62.540000915527344	0.0
2026-04-18 20:15:36.834	46.952003479003906	-62.59000015258789	0.0
2026-04-18 20:15:37.039	46.9530029296875	-62.59000015258789	0.0
2026-04-18 20:15:37.238	46.922000885009766	-62.54999923706055	0.0
2026-04-18 20:15:37.434	46.94400405883789	-62.56999969482422	0.0
2026-04-18 20:15:37.633	46.874000549316406	-62.47999954223633	0.0
2026-04-18 20:15:37.833	46.945003509521484	-62.58000183105469	0.0
2026-04-18 20:15:38.038	46.92000198364258	-62.54999923706055	0.0
2026-04-18 20:15:38.232	46.93800354003906	-62.56999969482422	0.0
2026-04-18 20:15:38.434	46.92000198364258	-62.540000915527344	0.0
2026-04-18 20:15:38.633	46.952003479003906	-62.59000015258789	0.0
2026-04-18 20:15:38.835	46.862003326416016	-62.470001220703125	0.0
2026-04-18 20:15:39.036	46.90500259399414	-62.52000045776367	0.0
2026-04-18 20:15:39.232	46.92900085449219	-62.560001373291016	0.0
2026-04-18 20:15:39.434	46.95000076293945	-62.58000183105469	0.0
2026-04-18 20:15:39.633	46.858001708984375	-62.459999084472656	0.0
2026-04-18 20:15:39.833	46.913002014160156	-62.540000915527344	0.0
2026-04-18 20:15:40.034	46.89900207519531	-62.52000045776367	0.0
2026-04-18 20:15:40.232	46.87200164794922	-62.47999954223633	0.0
2026-04-18 20:15:40.432	46.880001068115234	-62.4900016784668	0.0
2026-04-18 20:15:40.635	46.926002502441406	-62.560001373291016	0.0
2026-04-18 20:15:40.833	46.957000732421875	-62.59000015258789	0.0
2026-04-18 20:15:41.035	46.94400405883789	-62.58000183105469	0.0
2026-04-18 20:15:41.236	46.85300064086914	-62.459999084472656	0.0
2026-04-18 20:15:41.439	46.945003509521484	-62.56999969482422	0.0
2026-04-18 20:15:41.634	46.910003662109375	-62.529998779296875	0.0
2026-04-18 20:15:41.834	46.92000198364258	-62.54999923706055	0.0
2026-04-18 20:15:42.036	46.88600158691406	-62.5	0.0
2026-04-18 20:15:42.231	46.93300247192383	-62.560001373291016	0.0
2026-04-18 20:15:42.433	46.94200134277344	-62.56999969482422	0.0
2026-04-18 20:15:42.637	46.95500183105469	-62.599998474121094	0.0
2026-04-18 20:15:42.833	46.93000411987305	-62.560001373291016	0.0
2026-04-18 20:15:43.032	46.91100311279297	-62.529998779296875	0.0
2026-04-18 20:15:43.232	46.87600326538086	-62.4900016784668	0.0
2026-04-18 20:15:43.432	46.92300033569336	-62.54999923706055	0.0
2026-04-18 20:15:43.637	46.94700241088867	-62.58000183105469	0.0
2026-04-18 20:15:43.841	46.910003662109375	-62.529998779296875	0.0
2026-04-18 20:15:44.035	46.95100402832031	-62.59000015258789	0.0
2026-04-18 20:15:44.232	46.893001556396484	-62.5099983215332	0.0
2026-04-18 20:15:44.434	46.92400360107422	-62.54999923706055	0.0
2026-04-18 20:15:44.633	46.90400314331055	-62.52000045776367	0.0
2026-04-18 20:15:44.835	46.89600372314453	-62.52000045776367	0.0
2026-04-18 20:15:45.037	46.958003997802734	-62.59000015258789	0.0
2026-04-18 20:15:45.234	46.93100357055664	-62.560001373291016	0.0
2026-04-18 20:15:45.433	46.9010009765625	-62.52000045776367	0.0
2026-04-18 20:15:45.631	46.94900131225586	-62.59000015258789	0.0
2026-04-18 20:15:45.833	46.8650016784668	-62.470001220703125	0.0
2026-04-18 20:15:46.038	46.8640022277832	-62.470001220703125	0.0
2026-04-18 20:15:46.233	46.902000427246094	-62.52000045776367	0.0
2026-04-18 20:15:46.434	46.91400146484375	-62.540000915527344	0.0
2026-04-18 20:15:46.631	46.926002502441406	-62.54999923706055	0.0
2026-04-18 20:15:46.827	46.91600036621094	-62.54999923706055	0.0
2026-04-18 20:15:47.238	46.93300247192383	-62.560001373291016	0.0
2026-04-18 20:15:47.433	46.95100402832031	-62.59000015258789	0.0
2026-04-18 20:15:47.641	46.94700241088867	-62.58000183105469	0.0
2026-04-18 20:15:47.833	46.928001403808594	-62.560001373291016	0.0
2026-04-18 20:15:48.035	46.90300369262695	-62.52000045776367	0.0
2026-04-18 20:15:48.232	46.93300247192383	-62.560001373291016	0.0
2026-04-18 20:15:48.433	46.90300369262695	-62.52000045776367	0.0
2026-04-18 20:15:48.640	46.93000411987305	-62.560001373291016	0.0
2026-04-18 20:15:48.833	46.85400390625	-62.459999084472656	0.0
2026-04-18 20:15:49.032	46.95900344848633	-62.59000015258789	0.0
2026-04-18 20:15:49.233	46.95600128173828	-62.599998474121094	0.0
2026-04-18 20:15:49.429	46.92900085449219	-62.560001373291016	0.0
2026-04-18 20:15:49.631	46.900001525878906	-62.52000045776367	0.0
2026-04-18 20:15:49.831	46.88500213623047	-62.5099983215332	0.0
2026-04-18 20:15:50.231	46.8640022277832	-62.470001220703125	0.0
2026-04-18 20:15:50.429	46.94600296020508	-62.58000183105469	0.0
2026-04-18 20:15:50.633	46.89900207519531	-62.52000045776367	0.0
2026-04-18 20:15:51.029	46.86300277709961	-62.470001220703125	0.0
2026-04-18 20:15:51.233	46.932003021240234	-62.560001373291016	0.0
2026-04-18 20:15:51.429	46.90700149536133	-62.529998779296875	0.0
2026-04-18 20:15:51.638	46.92900085449219	-62.560001373291016	0.0
2026-04-18 20:15:51.833	46.9170036315918	-62.540000915527344	0.0
2026-04-18 20:15:52.029	46.86900329589844	-62.47999954223633	0.0
2026-04-18 20:15:52.430	46.94900131225586	-62.59000015258789	0.0
2026-04-18 20:15:52.636	46.8910026550293	-62.5099983215332	0.0
2026-04-18 20:15:52.829	46.93700408935547	-62.56999969482422	0.0
2026-04-18 20:15:53.029	46.928001403808594	-62.54999923706055	0.0
2026-04-18 20:15:53.229	46.94300079345703	-62.56999969482422	0.0
2026-04-18 20:15:53.429	46.926002502441406	-62.54999923706055	0.0
2026-04-18 20:15:53.638	46.89900207519531	-62.52000045776367	0.0
2026-04-18 20:15:53.832	46.910003662109375	-62.540000915527344	0.0
2026-04-18 20:15:54.028	46.928001403808594	-62.560001373291016	0.0
2026-04-18 20:15:54.236	46.93300247192383	-62.560001373291016	0.0
2026-04-18 20:15:54.432	46.92000198364258	-62.54999923706055	0.0
2026-04-18 20:15:54.634	46.94000244140625	-62.56999969482422	0.0
2026-04-18 20:15:54.835	46.92500305175781	-62.560001373291016	0.0
2026-04-18 20:15:55.032	46.90800094604492	-62.52000045776367	0.0
2026-04-18 20:15:55.229	46.92900085449219	-62.54999923706055	0.0
2026-04-18 20:15:55.429	46.932003021240234	-62.560001373291016	0.0
2026-04-18 20:15:55.632	46.89900207519531	-62.52000045776367	0.0
2026-04-18 20:15:55.833	46.91800308227539	-62.540000915527344	0.0
2026-04-18 20:15:56.029	46.927001953125	-62.54999923706055	0.0
2026-04-18 20:15:56.228	46.91100311279297	-62.529998779296875	0.0
2026-04-18 20:15:56.430	46.915000915527344	-62.540000915527344	0.0
2026-04-18 20:15:56.632	46.915000915527344	-62.540000915527344	0.0
2026-04-18 20:15:56.830	46.89600372314453	-62.5099983215332	0.0
2026-04-18 20:15:57.029	46.94600296020508	-62.58000183105469	0.0
2026-04-18 20:15:57.430	46.958003997802734	-62.599998474121094	0.0
2026-04-18 20:15:57.632	46.93100357055664	-62.56999969482422	0.0
2026-04-18 20:15:57.831	46.902000427246094	-62.529998779296875	0.0
2026-04-18 20:15:58.028	46.9010009765625	-62.52000045776367	0.0
2026-04-18 20:15:58.232	46.87900161743164	-62.4900016784668	0.0
2026-04-18 20:15:58.631	46.91100311279297	-62.540000915527344	0.0
2026-04-18 20:15:58.832	46.9170036315918	-62.540000915527344	0.0
2026-04-18 20:15:59.030	46.858001708984375	-62.459999084472656	0.0
2026-04-18 20:15:59.228	46.87800216674805	-62.4900016784668	0.0
2026-04-18 20:15:59.430	46.9170036315918	-62.54999923706055	0.0
2026-04-18 20:15:59.632	46.94000244140625	-62.58000183105469	0.0
2026-04-18 20:15:59.830	46.939002990722656	-62.56999969482422	0.0
2026-04-18 20:16:00.829	46.833003997802734	-62.43000030517578	0.0
2026-04-18 20:16:01.029	46.871002197265625	-62.47999954223633	0.0
2026-04-18 20:16:01.231	46.927001953125	-62.560001373291016	0.0
2026-04-18 20:16:01.430	46.92300033569336	-62.54999923706055	0.0
2026-04-18 20:16:01.632	46.948001861572266	-62.59000015258789	0.0
2026-04-18 20:16:01.831	46.902000427246094	-62.52000045776367	0.0
2026-04-18 20:16:02.031	46.93400192260742	-62.560001373291016	0.0
2026-04-18 20:16:02.633	46.85600280761719	-62.470001220703125	0.0
2026-04-18 20:16:02.831	46.89400100708008	-62.5099983215332	0.0
2026-04-18 20:16:03.032	46.928001403808594	-62.560001373291016	0.0
2026-04-18 20:16:03.232	46.93000411987305	-62.560001373291016	0.0
2026-04-18 20:16:03.436	46.939002990722656	-62.56999969482422	0.0
2026-04-18 20:16:03.633	46.95000076293945	-62.59000015258789	0.0
2026-04-18 20:16:03.841	46.93700408935547	-62.560001373291016	0.0
2026-04-18 20:16:04.032	46.91100311279297	-62.540000915527344	0.0
2026-04-18 20:16:04.233	46.93300247192383	-62.560001373291016	0.0
2026-04-18 20:16:04.433	46.935001373291016	-62.560001373291016	0.0
2026-04-18 20:16:04.633	46.915000915527344	-62.540000915527344	0.0
2026-04-18 20:16:04.837	46.93400192260742	-62.560001373291016	0.0
2026-04-18 20:16:05.035	46.954002380371094	-62.59000015258789	0.0
2026-04-18 20:16:05.436	46.954002380371094	-62.59000015258789	0.0
2026-04-18 20:16:05.634	46.83400344848633	-62.439998626708984	0.0
2026-04-18 20:16:05.833	46.85100173950195	-62.45000076293945	0.0
2026-04-18 20:16:06.032	46.9170036315918	-62.540000915527344	0.0
2026-04-18 20:16:06.239	46.927001953125	-62.54999923706055	0.0
2026-04-18 20:16:06.433	46.902000427246094	-62.52000045776367	0.0
2026-04-18 20:16:06.634	46.94400405883789	-62.58000183105469	0.0
2026-04-18 20:16:07.033	46.862003326416016	-62.470001220703125	0.0
2026-04-18 20:16:07.233	46.92900085449219	-62.560001373291016	0.0
2026-04-18 20:16:07.431	46.93400192260742	-62.560001373291016	0.0
2026-04-18 20:16:07.632	46.90700149536133	-62.540000915527344	0.0
2026-04-18 20:16:07.833	46.906002044677734	-62.52000045776367	0.0
2026-04-18 20:16:08.032	46.902000427246094	-62.529998779296875	0.0
2026-04-18 20:16:08.233	46.910003662109375	-62.52000045776367	0.0
2026-04-18 20:16:08.435	46.92000198364258	-62.54999923706055	0.0
2026-04-18 20:16:08.634	46.94600296020508	-62.58000183105469	0.0
2026-04-18 20:16:08.844	46.88300323486328	-62.4900016784668	0.0
2026-04-18 20:16:09.030	46.92100143432617	-62.54999923706055	0.0
2026-04-18 20:16:09.239	46.954002380371094	-62.59000015258789	0.0
2026-04-18 20:16:09.432	46.954002380371094	-62.59000015258789	0.0
2026-04-18 20:16:09.634	46.93100357055664	-62.560001373291016	0.0
2026-04-18 20:16:09.834	46.902000427246094	-62.52000045776367	0.0
2026-04-18 20:16:10.033	46.922000885009766	-62.54999923706055	0.0
2026-04-18 20:16:10.235	46.95500183105469	-62.59000015258789	0.0
2026-04-18 20:16:10.433	46.915000915527344	-62.54999923706055	0.0
2026-04-18 20:16:10.640	46.85700225830078	-62.459999084472656	0.0
2026-04-18 20:16:10.838	46.87900161743164	-62.4900016784668	0.0
2026-04-18 20:16:11.042	46.893001556396484	-62.5099983215332	0.0
2026-04-18 20:16:11.241	46.909000396728516	-62.52000045776367	0.0
2026-04-18 20:16:11.438	46.9010009765625	-62.52000045776367	0.0
2026-04-18 20:16:11.639	46.93000411987305	-62.560001373291016	0.0
2026-04-18 20:16:11.834	46.9010009765625	-62.52000045776367	0.0
2026-04-18 20:16:12.037	46.92000198364258	-62.54999923706055	0.0
2026-04-18 20:16:12.242	46.932003021240234	-62.560001373291016	0.0
2026-04-18 20:16:12.438	46.94600296020508	-62.58000183105469	0.0
2026-04-18 20:16:12.634	46.89800262451172	-62.52000045776367	0.0
2026-04-18 20:16:12.834	46.939002990722656	-62.56999969482422	0.0
2026-04-18 20:16:13.040	46.91400146484375	-62.540000915527344	0.0
2026-04-18 20:16:13.234	46.93000411987305	-62.560001373291016	0.0
2026-04-18 20:16:13.432	46.87000274658203	-62.47999954223633	0.0
2026-04-18 20:16:13.633	46.90800094604492	-62.529998779296875	0.0
2026-04-18 20:16:13.836	46.94200134277344	-62.58000183105469	0.0
2026-04-18 20:16:14.032	46.954002380371094	-62.59000015258789	0.0
2026-04-18 20:16:14.234	46.91800308227539	-62.540000915527344	0.0
2026-04-18 20:16:14.441	46.91600036621094	-62.540000915527344	0.0
2026-04-18 20:16:14.632	46.897003173828125	-62.52000045776367	0.0
2026-04-18 20:16:14.833	46.94700241088867	-62.58000183105469	0.0
2026-04-18 20:16:15.032	46.93300247192383	-62.560001373291016	0.0
2026-04-18 20:16:15.237	46.8910026550293	-62.5099983215332	0.0
2026-04-18 20:16:15.433	46.90300369262695	-62.52000045776367	0.0
2026-04-18 20:16:15.634	46.92300033569336	-62.54999923706055	0.0
2026-04-18 20:16:15.839	46.89400100708008	-62.5099983215332	0.0
2026-04-18 20:16:16.034	46.867000579833984	-62.47999954223633	0.0
2026-04-18 20:16:16.233	46.927001953125	-62.560001373291016	0.0
2026-04-18 20:16:16.443	46.948001861572266	-62.59000015258789	0.0
2026-04-18 20:16:16.634	46.915000915527344	-62.540000915527344	0.0
2026-04-18 20:16:16.837	46.868003845214844	-62.47999954223633	0.0
2026-04-18 20:16:17.034	46.94700241088867	-62.58000183105469	0.0
2026-04-18 20:16:17.232	46.948001861572266	-62.59000015258789	0.0
2026-04-18 20:16:17.443	46.89800262451172	-62.52000045776367	0.0
2026-04-18 20:16:17.639	46.884002685546875	-62.5	0.0
2026-04-18 20:16:17.838	46.94400405883789	-62.58000183105469	0.0
2026-04-18 20:16:18.030	46.90400314331055	-62.52000045776367	0.0
2026-04-18 20:16:18.235	46.93700408935547	-62.56999969482422	0.0
2026-04-18 20:16:18.435	46.926002502441406	-62.560001373291016	0.0
2026-04-18 20:16:18.635	46.932003021240234	-62.560001373291016	0.0
2026-04-18 20:16:18.835	46.93800354003906	-62.56999969482422	0.0
2026-04-18 20:16:19.030	46.84400177001953	-62.439998626708984	0.0
2026-04-18 20:16:19.229	46.874000549316406	-62.47999954223633	0.0
2026-04-18 20:16:19.430	46.87600326538086	-62.4900016784668	0.0
2026-04-18 20:16:19.634	46.9010009765625	-62.52000045776367	0.0
2026-04-18 20:16:19.839	46.93300247192383	-62.56999969482422	0.0
2026-04-18 20:16:20.028	46.941001892089844	-62.56999969482422	0.0
2026-04-18 20:16:20.228	46.858001708984375	-62.459999084472656	0.0
2026-04-18 20:16:20.434	46.84300231933594	-62.439998626708984	0.0
2026-04-18 20:16:20.635	46.90800094604492	-62.529998779296875	0.0
2026-04-18 20:16:20.833	46.900001525878906	-62.52000045776367	0.0
2026-04-18 20:16:21.036	46.927001953125	-62.54999923706055	0.0
2026-04-18 20:16:21.233	46.922000885009766	-62.54999923706055	0.0
2026-04-18 20:16:21.435	46.92900085449219	-62.560001373291016	0.0
2026-04-18 20:16:21.633	46.932003021240234	-62.560001373291016	0.0
2026-04-18 20:16:22.037	46.893001556396484	-62.5099983215332	0.0
2026-04-18 20:16:22.237	46.88100051879883	-62.4900016784668	0.0
2026-04-18 20:16:22.428	46.92900085449219	-62.560001373291016	0.0
2026-04-18 20:16:22.635	46.874000549316406	-62.47999954223633	0.0
2026-04-18 20:16:22.829	46.85600280761719	-62.459999084472656	0.0
2026-04-18 20:16:23.037	46.88600158691406	-62.5	0.0
2026-04-18 20:16:23.235	46.92100143432617	-62.54999923706055	0.0
2026-04-18 20:16:23.430	46.919002532958984	-62.540000915527344	0.0
2026-04-18 20:16:23.637	46.900001525878906	-62.5099983215332	0.0
2026-04-18 20:16:23.829	46.92400360107422	-62.54999923706055	0.0
2026-04-18 20:16:24.032	46.86900329589844	-62.470001220703125	0.0
2026-04-18 20:16:24.231	46.867000579833984	-62.47999954223633	0.0
2026-04-18 20:16:24.435	46.90500259399414	-62.529998779296875	0.0
2026-04-18 20:16:24.828	46.85900115966797	-62.459999084472656	0.0
2026-04-18 20:16:25.030	46.85300064086914	-62.45000076293945	0.0
2026-04-18 20:16:25.233	46.855003356933594	-62.459999084472656	0.0
2026-04-18 20:16:25.428	46.884002685546875	-62.5	0.0
2026-04-18 20:16:25.630	46.887001037597656	-62.5	0.0
2026-04-18 20:16:26.028	46.89900207519531	-62.52000045776367	0.0
2026-04-18 20:16:26.232	46.902000427246094	-62.52000045776367	0.0
2026-04-18 20:16:26.430	46.893001556396484	-62.5099983215332	0.0
2026-04-18 20:16:26.636	46.833003997802734	-62.43000030517578	0.0
2026-04-18 20:16:26.830	46.89500045776367	-62.5099983215332	0.0
2026-04-18 20:16:27.031	46.88600158691406	-62.5	0.0
2026-04-18 20:16:27.434	46.88900375366211	-62.5099983215332	0.0
2026-04-18 20:16:27.635	46.87700271606445	-62.4900016784668	0.0
2026-04-18 20:16:27.833	46.90300369262695	-62.52000045776367	0.0
2026-04-18 20:16:28.033	46.87600326538086	-62.4900016784668	0.0
2026-04-18 20:16:28.240	46.91100311279297	-62.529998779296875	0.0
2026-04-18 20:16:28.436	46.874000549316406	-62.4900016784668	0.0
2026-04-18 20:16:28.634	46.88800048828125	-62.4900016784668	0.0
2026-04-18 20:16:28.833	46.884002685546875	-62.5	0.0
2026-04-18 20:16:29.035	46.86900329589844	-62.47999954223633	0.0
2026-04-18 20:16:29.230	46.945003509521484	-62.58000183105469	0.0
2026-04-18 20:16:29.433	46.932003021240234	-62.56999969482422	0.0
2026-04-18 20:16:29.637	46.9010009765625	-62.52000045776367	0.0
2026-04-18 20:16:29.837	46.941001892089844	-62.56999969482422	0.0
2026-04-18 20:16:30.030	46.939002990722656	-62.56999969482422	0.0
2026-04-18 20:16:30.236	46.89900207519531	-62.52000045776367	0.0
2026-04-18 20:16:30.434	46.92400360107422	-62.54999923706055	0.0
2026-04-18 20:16:30.637	46.9010009765625	-62.5099983215332	0.0
2026-04-18 20:16:31.036	46.913002014160156	-62.540000915527344	0.0
2026-04-18 20:16:31.235	46.87800216674805	-62.4900016784668	0.0
2026-04-18 20:16:31.440	46.84700393676758	-62.45000076293945	0.0
2026-04-18 20:16:31.641	46.945003509521484	-62.58000183105469	0.0
2026-04-18 20:16:31.834	46.90300369262695	-62.52000045776367	0.0
2026-04-18 20:16:32.045	46.94900131225586	-62.59000015258789	0.0
2026-04-18 20:16:32.241	46.90400314331055	-62.52000045776367	0.0
2026-04-18 20:16:32.442	46.83400344848633	-62.43000030517578	0.0
2026-04-18 20:16:32.634	46.92000198364258	-62.540000915527344	0.0
2026-04-18 20:16:32.835	46.935001373291016	-62.56999969482422	0.0
2026-04-18 20:16:33.428	46.89800262451172	-62.52000045776367	0.0
2026-04-18 20:16:33.627	46.91400146484375	-62.540000915527344	0.0
2026-04-18 20:16:33.831	46.910003662109375	-62.529998779296875	0.0
2026-04-18 20:16:34.030	46.91800308227539	-62.540000915527344	0.0
2026-04-18 20:16:34.233	46.92500305175781	-62.54999923706055	0.0
2026-04-18 20:16:34.432	46.84100341796875	-62.45000076293945	0.0
2026-04-18 20:16:34.655	46.910003662109375	-62.529998779296875	0.0
2026-04-18 20:16:34.836	46.88100051879883	-62.5	0.0
2026-04-18 20:16:35.033	46.871002197265625	-62.47999954223633	0.0
2026-04-18 20:16:35.239	46.86300277709961	-62.470001220703125	0.0
2026-04-18 20:16:35.629	46.86900329589844	-62.47999954223633	0.0
2026-04-18 20:16:35.833	46.9010009765625	-62.5099983215332	0.0
2026-04-18 20:16:36.231	46.85200119018555	-62.45000076293945	0.0
2026-04-18 20:16:36.447	46.842002868652344	-62.439998626708984	0.0
2026-04-18 20:16:36.631	46.83400344848633	-62.43000030517578	0.0
2026-04-18 20:16:36.833	46.87300109863281	-62.47999954223633	0.0
2026-04-18 20:16:37.238	46.84700393676758	-62.45000076293945	0.0
2026-04-18 20:16:37.433	46.840003967285156	-62.43000030517578	0.0
2026-04-18 20:16:37.628	46.858001708984375	-62.459999084472656	0.0
2026-04-18 20:16:38.028	46.875003814697266	-62.4900016784668	0.0
2026-04-18 20:16:38.229	46.85900115966797	-62.459999084472656	0.0
2026-04-18 20:16:38.429	46.79500198364258	-62.380001068115234	0.0
2026-04-18 20:16:38.637	46.8650016784668	-62.470001220703125	0.0
2026-04-18 20:16:39.034	46.884002685546875	-62.5	0.0
2026-04-18 20:16:39.228	46.88100051879883	-62.5	0.0
2026-04-18 20:16:39.427	46.89600372314453	-62.5099983215332	0.0
2026-04-18 20:16:39.629	46.842002868652344	-62.439998626708984	0.0
2026-04-18 20:16:39.831	46.897003173828125	-62.5099983215332	0.0
2026-04-18 20:16:40.027	46.85400390625	-62.459999084472656	0.0
2026-04-18 20:16:40.226	46.897003173828125	-62.52000045776367	0.0
2026-04-18 20:16:40.436	46.89800262451172	-62.5099983215332	0.0
2026-04-18 20:16:40.628	46.89900207519531	-62.5099983215332	0.0
2026-04-18 20:16:40.835	46.89400100708008	-62.5099983215332	0.0
2026-04-18 20:16:41.227	46.83500289916992	-62.439998626708984	0.0
2026-04-18 20:16:41.832	46.902000427246094	-62.52000045776367	0.0
2026-04-18 20:16:42.032	46.89899826049805	-62.52000045776367	0.0
2026-04-18 20:16:42.234	46.875	-62.4900016784668	0.0
2026-04-18 20:16:42.241	46.875003814697266	-62.4900016784668	0.0
2026-04-18 20:16:42.247	46.875003814697266	-62.4900016784668	0.0
2026-04-18 20:16:42.436	46.888999938964844	-62.5	0.0
2026-04-18 20:16:42.442	46.88900375366211	-62.5	0.0
2026-04-18 20:16:42.444	46.88900375366211	-62.5	0.0
2026-04-18 20:16:42.632	46.88100051879883	-62.5	0.0
2026-04-18 20:16:42.634	46.88100051879883	-62.5	0.0
2026-04-18 20:16:42.833	46.88800048828125	-62.5	0.0
2026-04-18 20:16:42.838	46.88800048828125	-62.5	0.0
2026-04-18 20:16:43.030	46.89900207519531	-62.5099983215332	0.0
2026-04-18 20:16:43.040	46.89900207519531	-62.5099983215332	0.0
2026-04-18 20:16:43.236	46.935001373291016	-62.56999969482422	0.0
2026-04-18 20:16:43.241	46.935001373291016	-62.56999969482422	0.0
2026-04-18 20:16:43.430	46.93300247192383	-62.560001373291016	0.0
2026-04-18 20:16:43.432	46.93300247192383	-62.560001373291016	0.0
2026-04-18 20:16:43.635	46.8390007019043	-62.439998626708984	0.0
2026-04-18 20:16:43.637	46.8390007019043	-62.439998626708984	0.0
2026-04-18 20:16:43.835	46.92000198364258	-62.54999923706055	0.0
2026-04-18 20:16:43.836	46.92000198364258	-62.54999923706055	0.0
2026-04-18 20:16:44.036	46.90400314331055	-62.52000045776367	0.0
2026-04-18 20:16:44.039	46.90400314331055	-62.52000045776367	0.0
2026-04-18 20:16:44.235	46.94300079345703	-62.58000183105469	0.0
2026-04-18 20:16:44.238	46.94300079345703	-62.58000183105469	0.0
2026-04-18 20:16:44.434	46.88800048828125	-62.5	0.0
2026-04-18 20:16:44.436	46.88800048828125	-62.5	0.0
2026-04-18 20:16:44.634	46.94300079345703	-62.58000183105469	0.0
2026-04-18 20:16:44.637	46.94300079345703	-62.58000183105469	0.0
2026-04-18 20:16:44.838	46.87300109863281	-62.47999954223633	0.0
2026-04-18 20:16:44.841	46.87300109863281	-62.47999954223633	0.0
2026-04-18 20:16:45.231	46.884002685546875	-62.5	0.0
2026-04-18 20:16:45.235	46.884002685546875	-62.5	0.0
2026-04-18 20:16:45.435	46.93700408935547	-62.56999969482422	0.0
2026-04-18 20:16:45.441	46.93700408935547	-62.56999969482422	0.0
2026-04-18 20:16:45.646	46.939002990722656	-62.56999969482422	0.0
2026-04-18 20:16:45.649	46.939002990722656	-62.56999969482422	0.0
2026-04-18 20:16:45.847	46.93100357055664	-62.560001373291016	0.0
2026-04-18 20:16:45.862	46.93100357055664	-62.560001373291016	0.0
2026-04-18 20:16:46.054	46.87200164794922	-62.47999954223633	0.0
2026-04-18 20:16:46.057	46.87200164794922	-62.47999954223633	0.0
2026-04-18 20:16:46.236	46.91400146484375	-62.54999923706055	0.0
2026-04-18 20:16:46.254	46.91400146484375	-62.54999923706055	0.0
2026-04-18 20:16:46.442	46.93800354003906	-62.560001373291016	0.0
2026-04-18 20:16:46.448	46.93800354003906	-62.560001373291016	0.0
2026-04-18 20:16:46.649	46.849002838134766	-62.45000076293945	0.0
2026-04-18 20:16:46.653	46.849002838134766	-62.45000076293945	0.0
2026-04-18 20:16:46.849	46.86100387573242	-62.470001220703125	0.0
2026-04-18 20:16:46.850	46.86100387573242	-62.470001220703125	0.0
2026-04-18 20:16:47.037	46.93400192260742	-62.560001373291016	0.0
2026-04-18 20:16:47.041	46.93400192260742	-62.560001373291016	0.0
2026-04-18 20:16:47.244	46.928001403808594	-62.560001373291016	0.0
2026-04-18 20:16:47.248	46.928001403808594	-62.560001373291016	0.0
2026-04-18 20:16:47.428	46.88800048828125	-62.5	0.0
2026-04-18 20:16:47.434	46.88800048828125	-62.5	0.0
2026-04-18 20:16:47.641	46.9010009765625	-62.52000045776367	0.0
2026-04-18 20:16:47.647	46.9010009765625	-62.52000045776367	0.0
2026-04-18 20:16:48.055	46.941001892089844	-62.58000183105469	0.0
2026-04-18 20:16:48.059	46.941001892089844	-62.58000183105469	0.0
2026-04-18 20:16:48.251	46.8900032043457	-62.5099983215332	0.0
2026-04-18 20:16:48.256	46.8900032043457	-62.5099983215332	0.0
2026-04-18 20:16:48.431	46.945003509521484	-62.56999969482422	0.0
2026-04-18 20:16:48.435	46.945003509521484	-62.56999969482422	0.0
2026-04-18 20:16:48.837	46.83000183105469	-62.41999816894531	0.0
2026-04-18 20:16:48.847	46.83000183105469	-62.41999816894531	0.0
2026-04-18 20:16:49.037	46.868003845214844	-62.470001220703125	0.0
2026-04-18 20:16:49.051	46.868003845214844	-62.470001220703125	0.0
2026-04-18 20:16:49.236	46.8910026550293	-62.5099983215332	0.0
2026-04-18 20:16:49.242	46.8910026550293	-62.5099983215332	0.0
2026-04-18 20:16:49.448	46.8640022277832	-62.459999084472656	0.0
2026-04-18 20:16:49.449	46.8640022277832	-62.459999084472656	0.0
2026-04-18 20:16:49.643	46.92500305175781	-62.54999923706055	0.0
2026-04-18 20:16:49.648	46.92500305175781	-62.54999923706055	0.0
2026-04-18 20:16:49.842	46.88500213623047	-62.5	0.0
2026-04-18 20:16:49.845	46.88500213623047	-62.5	0.0
2026-04-18 20:16:50.035	46.89900207519531	-62.52000045776367	0.0
2026-04-18 20:16:50.054	46.89900207519531	-62.52000045776367	0.0
2026-04-18 20:16:50.252	46.94400405883789	-62.58000183105469	0.0
2026-04-18 20:16:50.254	46.94400405883789	-62.58000183105469	0.0
2026-04-18 20:16:50.439	46.91400146484375	-62.529998779296875	0.0
2026-04-18 20:16:50.443	46.91400146484375	-62.529998779296875	0.0
2026-04-18 20:16:50.636	46.88800048828125	-62.5	0.0
2026-04-18 20:16:50.653	46.88800048828125	-62.5	0.0
2026-04-18 20:16:50.844	46.88900375366211	-62.5099983215332	0.0
2026-04-18 20:16:50.856	46.88900375366211	-62.5099983215332	0.0
2026-04-18 20:16:51.039	46.92400360107422	-62.54999923706055	0.0
2026-04-18 20:16:51.053	46.92400360107422	-62.54999923706055	0.0
2026-04-18 20:16:51.240	46.868003845214844	-62.47999954223633	0.0
2026-04-18 20:16:51.245	46.868003845214844	-62.47999954223633	0.0
2026-04-18 20:16:51.446	46.93700408935547	-62.560001373291016	0.0
2026-04-18 20:16:51.448	46.93700408935547	-62.560001373291016	0.0
2026-04-18 20:16:51.648	46.87800216674805	-62.4900016784668	0.0
2026-04-18 20:16:51.651	46.87800216674805	-62.4900016784668	0.0
2026-04-18 20:16:51.835	46.8910026550293	-62.5	0.0
2026-04-18 20:16:51.837	46.8910026550293	-62.5	0.0
2026-04-18 20:16:52.036	46.94700241088867	-62.59000015258789	0.0
2026-04-18 20:16:52.053	46.94700241088867	-62.59000015258789	0.0
2026-04-18 20:16:52.247	46.94000244140625	-62.56999969482422	0.0
2026-04-18 20:16:52.248	46.94000244140625	-62.56999969482422	0.0
2026-04-18 20:16:53.784	46.85700225830078	-62.459999084472656	0.0
2026-04-18 20:16:54.049	46.85700225830078	-62.459999084472656	0.0
2026-04-18 20:16:55.482	46.85200119018555	-62.45000076293945	0.0
2026-04-18 20:16:55.755	46.85200119018555	-62.45000076293945	0.0
2026-04-18 20:16:56.108	46.884002685546875	-62.4900016784668	0.0
2026-04-18 20:16:56.357	46.884002685546875	-62.4900016784668	0.0
2026-04-18 20:16:56.555	46.86100387573242	-62.470001220703125	0.0
2026-04-18 20:16:56.816	46.86100387573242	-62.470001220703125	0.0
2026-04-18 20:16:57.043	46.874000549316406	-62.4900016784668	0.0
2026-04-18 20:16:57.304	46.874000549316406	-62.4900016784668	0.0
2026-04-18 20:16:57.451	46.840003967285156	-62.439998626708984	0.0
2026-04-18 20:16:57.470	46.840003967285156	-62.439998626708984	0.0
2026-04-18 20:16:57.481	46.80000305175781	-62.38999938964844	0.0
2026-04-18 20:16:57.489	46.85000228881836	-62.45000076293945	0.0
2026-04-18 20:16:57.644	46.87300109863281	-62.47999954223633	0.0
2026-04-18 20:16:57.647	46.840003967285156	-62.439998626708984	0.0
2026-04-18 20:16:57.650	46.840003967285156	-62.439998626708984	0.0
2026-04-18 20:16:57.665	46.80000305175781	-62.38999938964844	0.0
2026-04-18 20:16:57.673	46.85000228881836	-62.45000076293945	0.0
2026-04-18 20:16:57.676	46.87300109863281	-62.47999954223633	0.0
2026-04-18 20:16:57.832	46.87000274658203	-62.47999954223633	0.0
2026-04-18 20:16:57.842	46.87000274658203	-62.47999954223633	0.0
2026-04-18 20:16:58.034	46.86000061035156	-62.470001220703125	0.0
2026-04-18 20:16:58.039	46.86000061035156	-62.470001220703125	0.0
2026-04-18 20:16:58.233	46.84700393676758	-62.45000076293945	0.0
2026-04-18 20:16:58.237	46.84700393676758	-62.45000076293945	0.0
2026-04-18 20:16:58.435	46.887001037597656	-62.5	0.0
2026-04-18 20:16:58.438	46.887001037597656	-62.5	0.0
2026-04-18 20:16:58.833	46.85700225830078	-62.470001220703125	0.0
2026-04-18 20:16:58.836	46.85700225830078	-62.470001220703125	0.0
2026-04-18 20:16:59.036	46.85000228881836	-62.459999084472656	0.0
2026-04-18 20:16:59.037	46.85000228881836	-62.459999084472656	0.0
2026-04-18 20:16:59.231	46.85600280761719	-62.459999084472656	0.0
2026-04-18 20:16:59.241	46.85600280761719	-62.459999084472656	0.0
2026-04-18 20:16:59.439	46.89500045776367	-62.5099983215332	0.0
2026-04-18 20:16:59.441	46.89500045776367	-62.5099983215332	0.0
2026-04-18 20:16:59.832	46.89200210571289	-62.5099983215332	0.0
2026-04-18 20:16:59.844	46.89200210571289	-62.5099983215332	0.0
2026-04-18 20:17:00.246	46.868003845214844	-62.47999954223633	0.0
2026-04-18 20:17:00.248	46.868003845214844	-62.47999954223633	0.0
2026-04-18 20:17:00.436	46.88900375366211	-62.5099983215332	0.0
2026-04-18 20:17:00.445	46.88900375366211	-62.5099983215332	0.0
2026-04-18 20:17:00.634	46.875003814697266	-62.47999954223633	0.0
2026-04-18 20:17:00.637	46.875003814697266	-62.47999954223633	0.0
2026-04-18 20:17:00.828	46.915000915527344	-62.540000915527344	0.0
2026-04-18 20:17:00.835	46.915000915527344	-62.540000915527344	0.0
2026-04-18 20:17:01.036	46.91600036621094	-62.540000915527344	0.0
2026-04-18 20:17:01.038	46.91600036621094	-62.540000915527344	0.0
2026-04-18 20:17:01.244	46.88900375366211	-62.5	0.0
2026-04-18 20:17:01.245	46.88900375366211	-62.5	0.0
2026-04-18 20:17:01.427	46.8900032043457	-62.5099983215332	0.0
2026-04-18 20:17:01.429	46.8900032043457	-62.5099983215332	0.0
2026-04-18 20:17:01.635	46.9010009765625	-62.52000045776367	0.0
2026-04-18 20:17:01.641	46.9010009765625	-62.52000045776367	0.0
2026-04-18 20:17:01.837	46.90400314331055	-62.529998779296875	0.0
2026-04-18 20:17:01.839	46.90400314331055	-62.529998779296875	0.0
2026-04-18 20:17:02.032	46.89600372314453	-62.52000045776367	0.0
2026-04-18 20:17:02.033	46.89600372314453	-62.52000045776367	0.0
2026-04-18 20:17:02.235	46.82600402832031	-62.41999816894531	0.0
2026-04-18 20:17:02.240	46.82600402832031	-62.41999816894531	0.0
2026-04-18 20:17:02.427	46.87300109863281	-62.4900016784668	0.0
2026-04-18 20:17:02.431	46.87300109863281	-62.4900016784668	0.0
2026-04-18 20:17:02.632	46.80900192260742	-62.400001525878906	0.0
2026-04-18 20:17:02.637	46.80900192260742	-62.400001525878906	0.0
2026-04-18 20:17:02.835	46.9010009765625	-62.529998779296875	0.0
2026-04-18 20:17:02.844	46.9010009765625	-62.529998779296875	0.0
2026-04-18 20:17:03.038	46.868003845214844	-62.4900016784668	0.0
2026-04-18 20:17:03.041	46.868003845214844	-62.4900016784668	0.0
2026-04-18 20:17:03.234	46.919002532958984	-62.54999923706055	0.0
2026-04-18 20:17:03.235	46.919002532958984	-62.54999923706055	0.0
2026-04-18 20:17:03.434	46.919002532958984	-62.54999923706055	0.0
2026-04-18 20:17:03.436	46.919002532958984	-62.54999923706055	0.0
2026-04-18 20:17:03.641	46.868003845214844	-62.47999954223633	0.0
2026-04-18 20:17:03.645	46.868003845214844	-62.47999954223633	0.0
2026-04-18 20:17:03.837	46.87200164794922	-62.4900016784668	0.0
2026-04-18 20:17:03.839	46.87200164794922	-62.4900016784668	0.0
2026-04-18 20:17:04.035	46.93100357055664	-62.56999969482422	0.0
2026-04-18 20:17:04.037	46.93100357055664	-62.56999969482422	0.0
2026-04-18 20:17:04.229	46.902000427246094	-62.52000045776367	0.0
2026-04-18 20:17:04.231	46.902000427246094	-62.52000045776367	0.0
2026-04-18 20:17:04.433	46.89600372314453	-62.52000045776367	0.0
2026-04-18 20:17:04.435	46.89600372314453	-62.52000045776367	0.0
2026-04-18 20:17:04.628	46.897003173828125	-62.52000045776367	0.0
2026-04-18 20:17:04.636	46.897003173828125	-62.52000045776367	0.0
2026-04-18 20:17:04.830	46.84400177001953	-62.439998626708984	0.0
2026-04-18 20:17:04.838	46.84400177001953	-62.439998626708984	0.0
2026-04-18 20:17:05.033	46.92000198364258	-62.54999923706055	0.0
2026-04-18 20:17:05.035	46.92000198364258	-62.54999923706055	0.0
2026-04-18 20:17:05.238	46.85100173950195	-62.459999084472656	0.0
2026-04-18 20:17:05.240	46.85100173950195	-62.459999084472656	0.0
2026-04-18 20:17:05.433	46.86900329589844	-62.47999954223633	0.0
2026-04-18 20:17:05.434	46.86900329589844	-62.47999954223633	0.0
2026-04-18 20:17:05.630	46.871002197265625	-62.4900016784668	0.0
2026-04-18 20:17:05.637	46.871002197265625	-62.4900016784668	0.0
2026-04-18 20:17:05.831	46.92100143432617	-62.54999923706055	0.0
2026-04-18 20:17:05.835	46.92100143432617	-62.54999923706055	0.0
2026-04-18 20:17:06.031	46.902000427246094	-62.529998779296875	0.0
2026-04-18 20:17:06.038	46.902000427246094	-62.529998779296875	0.0
2026-04-18 20:17:06.231	46.932003021240234	-62.560001373291016	0.0
2026-04-18 20:17:06.233	46.932003021240234	-62.560001373291016	0.0
2026-04-18 20:17:06.434	46.78600311279297	-62.369998931884766	0.0
2026-04-18 20:17:06.436	46.78600311279297	-62.369998931884766	0.0
2026-04-18 20:17:06.627	46.92400360107422	-62.54999923706055	0.0
2026-04-18 20:17:06.634	46.92400360107422	-62.54999923706055	0.0
2026-04-18 20:17:06.836	46.93100357055664	-62.560001373291016	0.0
2026-04-18 20:17:06.841	46.93100357055664	-62.560001373291016	0.0
2026-04-18 20:17:07.045	46.80900192260742	-62.400001525878906	0.0
2026-04-18 20:17:07.048	46.80900192260742	-62.400001525878906	0.0
2026-04-18 20:17:07.627	46.84300231933594	-62.439998626708984	0.0
2026-04-18 20:17:07.636	46.84300231933594	-62.439998626708984	0.0
2026-04-18 20:17:07.834	46.83100128173828	-62.43000030517578	0.0
2026-04-18 20:17:07.836	46.83100128173828	-62.43000030517578	0.0
2026-04-18 20:17:08.031	46.86300277709961	-62.470001220703125	0.0
2026-04-18 20:17:08.037	46.86300277709961	-62.470001220703125	0.0
2026-04-18 20:17:08.228	46.900001525878906	-62.5099983215332	0.0
2026-04-18 20:17:08.235	46.900001525878906	-62.5099983215332	0.0
2026-04-18 20:17:08.427	46.884002685546875	-62.4900016784668	0.0
2026-04-18 20:17:08.428	46.884002685546875	-62.4900016784668	0.0
2026-04-18 20:17:08.627	46.893001556396484	-62.5099983215332	0.0
2026-04-18 20:17:08.628	46.893001556396484	-62.5099983215332	0.0
2026-04-18 20:17:08.834	46.932003021240234	-62.560001373291016	0.0
2026-04-18 20:17:08.839	46.932003021240234	-62.560001373291016	0.0
2026-04-18 20:17:09.036	46.928001403808594	-62.560001373291016	0.0
2026-04-18 20:17:09.039	46.928001403808594	-62.560001373291016	0.0
2026-04-18 20:17:09.229	46.926002502441406	-62.54999923706055	0.0
2026-04-18 20:17:09.238	46.926002502441406	-62.54999923706055	0.0
2026-04-18 20:17:09.429	46.845001220703125	-62.439998626708984	0.0
2026-04-18 20:17:09.438	46.845001220703125	-62.439998626708984	0.0
2026-04-18 20:17:09.627	46.86000061035156	-62.470001220703125	0.0
2026-04-18 20:17:09.628	46.86000061035156	-62.470001220703125	0.0
2026-04-18 20:17:09.837	46.86100387573242	-62.470001220703125	0.0
2026-04-18 20:17:09.845	46.86100387573242	-62.470001220703125	0.0
2026-04-18 20:17:10.029	46.927001953125	-62.560001373291016	0.0
2026-04-18 20:17:10.031	46.927001953125	-62.560001373291016	0.0
2026-04-18 20:17:10.234	46.93300247192383	-62.560001373291016	0.0
2026-04-18 20:17:10.238	46.93300247192383	-62.560001373291016	0.0
2026-04-18 20:17:10.445	46.94200134277344	-62.56999969482422	0.0
2026-04-18 20:17:10.447	46.94200134277344	-62.56999969482422	0.0
2026-04-18 20:17:10.631	46.910003662109375	-62.529998779296875	0.0
2026-04-18 20:17:10.643	46.910003662109375	-62.529998779296875	0.0
2026-04-18 20:17:10.838	46.884002685546875	-62.5	0.0
2026-04-18 20:17:10.840	46.884002685546875	-62.5	0.0
2026-04-18 20:17:11.039	46.87900161743164	-62.4900016784668	0.0
2026-04-18 20:17:11.043	46.87900161743164	-62.4900016784668	0.0
2026-04-18 20:17:11.233	46.913002014160156	-62.540000915527344	0.0
2026-04-18 20:17:11.235	46.913002014160156	-62.540000915527344	0.0
2026-04-18 20:17:11.431	46.94000244140625	-62.56999969482422	0.0
2026-04-18 20:17:11.443	46.94000244140625	-62.56999969482422	0.0
2026-04-18 20:17:11.641	46.935001373291016	-62.560001373291016	0.0
2026-04-18 20:17:11.648	46.935001373291016	-62.560001373291016	0.0
2026-04-18 20:17:11.840	46.93800354003906	-62.56999969482422	0.0
2026-04-18 20:17:11.849	46.93800354003906	-62.56999969482422	0.0
2026-04-18 20:17:12.047	46.92300033569336	-62.54999923706055	0.0
2026-04-18 20:17:12.050	46.92300033569336	-62.54999923706055	0.0
2026-04-18 20:17:12.235	46.893001556396484	-62.5099983215332	0.0
2026-04-18 20:17:12.240	46.893001556396484	-62.5099983215332	0.0
2026-04-18 20:17:12.435	46.87300109863281	-62.47999954223633	0.0
2026-04-18 20:17:12.438	46.87300109863281	-62.47999954223633	0.0
2026-04-18 20:17:12.629	46.94300079345703	-62.58000183105469	0.0
2026-04-18 20:17:12.643	46.94300079345703	-62.58000183105469	0.0
2026-04-18 20:17:12.847	46.910003662109375	-62.529998779296875	0.0
2026-04-18 20:17:12.853	46.910003662109375	-62.529998779296875	0.0
2026-04-18 20:17:13.035	46.88600158691406	-62.5	0.0
2026-04-18 20:17:13.053	46.88600158691406	-62.5	0.0
2026-04-18 20:17:13.258	46.893001556396484	-62.5099983215332	0.0
2026-04-18 20:17:13.261	46.893001556396484	-62.5099983215332	0.0
2026-04-18 20:17:13.436	46.91400146484375	-62.529998779296875	0.0
2026-04-18 20:17:13.443	46.91400146484375	-62.529998779296875	0.0
2026-04-18 20:17:13.641	46.90800094604492	-62.529998779296875	0.0
2026-04-18 20:17:13.642	46.90800094604492	-62.529998779296875	0.0
2026-04-18 20:17:13.842	46.89600372314453	-62.5099983215332	0.0
2026-04-18 20:17:13.847	46.89600372314453	-62.5099983215332	0.0
2026-04-18 20:17:14.043	46.94300079345703	-62.56999969482422	0.0
2026-04-18 20:17:14.047	46.94300079345703	-62.56999969482422	0.0
2026-04-18 20:17:14.243	46.93300247192383	-62.560001373291016	0.0
2026-04-18 20:17:14.252	46.93300247192383	-62.560001373291016	0.0
2026-04-18 20:17:14.441	46.94000244140625	-62.560001373291016	0.0
2026-04-18 20:17:14.448	46.94000244140625	-62.560001373291016	0.0
2026-04-18 20:17:14.657	46.90800094604492	-62.529998779296875	0.0
2026-04-18 20:17:14.668	46.90800094604492	-62.529998779296875	0.0
2026-04-18 20:17:14.834	46.88100051879883	-62.4900016784668	0.0
2026-04-18 20:17:14.844	46.88100051879883	-62.4900016784668	0.0
2026-04-18 20:17:15.040	46.829002380371094	-62.43000030517578	0.0
2026-04-18 20:17:15.043	46.829002380371094	-62.43000030517578	0.0
2026-04-18 20:17:15.446	46.93800354003906	-62.56999969482422	0.0
2026-04-18 20:17:15.447	46.93800354003906	-62.56999969482422	0.0
2026-04-18 20:17:15.634	46.92400360107422	-62.54999923706055	0.0
2026-04-18 20:17:15.653	46.92400360107422	-62.54999923706055	0.0
2026-04-18 20:17:15.846	46.88200378417969	-62.5	0.0
2026-04-18 20:17:15.848	46.88200378417969	-62.5	0.0
2026-04-18 20:17:16.247	46.94000244140625	-62.56999969482422	0.0
2026-04-18 20:17:16.250	46.94000244140625	-62.56999969482422	0.0
2026-04-18 20:17:16.437	46.909000396728516	-62.529998779296875	0.0
2026-04-18 20:17:16.438	46.909000396728516	-62.529998779296875	0.0
2026-04-18 20:17:16.639	46.86600112915039	-62.47999954223633	0.0
2026-04-18 20:17:16.642	46.86600112915039	-62.47999954223633	0.0
2026-04-18 20:17:16.847	46.90700149536133	-62.529998779296875	0.0
2026-04-18 20:17:16.851	46.90700149536133	-62.529998779296875	0.0
2026-04-18 20:17:17.256	46.85900115966797	-62.470001220703125	0.0
2026-04-18 20:17:17.259	46.85900115966797	-62.470001220703125	0.0
2026-04-18 20:17:17.444	46.8640022277832	-62.47999954223633	0.0
2026-04-18 20:17:17.455	46.8640022277832	-62.47999954223633	0.0
2026-04-18 20:17:17.632	46.8390007019043	-62.439998626708984	0.0
2026-04-18 20:17:17.639	46.8390007019043	-62.439998626708984	0.0
2026-04-18 20:17:17.833	46.900001525878906	-62.52000045776367	0.0
2026-04-18 20:17:17.834	46.900001525878906	-62.52000045776367	0.0
2026-04-18 20:17:18.027	46.86600112915039	-62.470001220703125	0.0
2026-04-18 20:17:18.028	46.86600112915039	-62.470001220703125	0.0
2026-04-18 20:17:18.235	46.84800338745117	-62.45000076293945	0.0
2026-04-18 20:17:18.241	46.84800338745117	-62.45000076293945	0.0
2026-04-18 20:17:18.438	46.88500213623047	-62.5	0.0
2026-04-18 20:17:18.441	46.88500213623047	-62.5	0.0
2026-04-18 20:17:18.832	46.88200378417969	-62.4900016784668	0.0
2026-04-18 20:17:18.834	46.88200378417969	-62.4900016784668	0.0
2026-04-18 20:17:19.028	46.86900329589844	-62.47999954223633	0.0
2026-04-18 20:17:19.029	46.86900329589844	-62.47999954223633	0.0
2026-04-18 20:17:19.232	46.90700149536133	-62.529998779296875	0.0
2026-04-18 20:17:19.233	46.90700149536133	-62.529998779296875	0.0
2026-04-18 20:17:19.435	46.909000396728516	-62.529998779296875	0.0
2026-04-18 20:17:19.439	46.909000396728516	-62.529998779296875	0.0
2026-04-18 20:17:19.835	46.88100051879883	-62.5	0.0
2026-04-18 20:17:19.836	46.88100051879883	-62.5	0.0
2026-04-18 20:17:20.036	46.832000732421875	-62.43000030517578	0.0
2026-04-18 20:17:20.044	46.832000732421875	-62.43000030517578	0.0
2026-04-18 20:17:20.226	46.85200119018555	-62.459999084472656	0.0
2026-04-18 20:17:20.228	46.85200119018555	-62.459999084472656	0.0
2026-04-18 20:17:20.431	46.88800048828125	-62.5	0.0
2026-04-18 20:17:20.440	46.88800048828125	-62.5	0.0
2026-04-18 20:17:20.827	46.87300109863281	-62.47999954223633	0.0
2026-04-18 20:17:20.828	46.87300109863281	-62.47999954223633	0.0
2026-04-18 20:17:21.031	46.79800033569336	-62.38999938964844	0.0
2026-04-18 20:17:21.042	46.79800033569336	-62.38999938964844	0.0
2026-04-18 20:17:21.229	46.86600112915039	-62.470001220703125	0.0
2026-04-18 20:17:21.231	46.86600112915039	-62.470001220703125	0.0
2026-04-18 20:17:21.428	46.862003326416016	-62.470001220703125	0.0
2026-04-18 20:17:21.442	46.862003326416016	-62.470001220703125	0.0
2026-04-18 20:17:21.627	46.85600280761719	-62.459999084472656	0.0
2026-04-18 20:17:21.645	46.85600280761719	-62.459999084472656	0.0
2026-04-18 20:17:21.832	46.87900161743164	-62.5	0.0
2026-04-18 20:17:21.834	46.87900161743164	-62.5	0.0
2026-04-18 20:17:22.031	46.836002349853516	-62.43000030517578	0.0
2026-04-18 20:17:22.031	46.836002349853516	-62.43000030517578	0.0
2026-04-18 20:17:22.232	46.900001525878906	-62.52000045776367	0.0
2026-04-18 20:17:22.234	46.900001525878906	-62.52000045776367	0.0
2026-04-18 20:17:22.430	46.85400390625	-62.459999084472656	0.0
2026-04-18 20:17:22.431	46.85400390625	-62.459999084472656	0.0
2026-04-18 20:17:22.631	46.906002044677734	-62.529998779296875	0.0
2026-04-18 20:17:22.635	46.906002044677734	-62.529998779296875	0.0
2026-04-18 20:17:23.041	46.86000061035156	-62.459999084472656	0.0
2026-04-18 20:17:23.045	46.86000061035156	-62.459999084472656	0.0
2026-04-18 20:17:23.229	46.7920036315918	-62.369998931884766	0.0
2026-04-18 20:17:23.239	46.7920036315918	-62.369998931884766	0.0
2026-04-18 20:17:23.441	46.88900375366211	-62.5	0.0
2026-04-18 20:17:23.442	46.88900375366211	-62.5	0.0
2026-04-18 20:17:23.635	46.849002838134766	-62.45000076293945	0.0
2026-04-18 20:17:23.641	46.849002838134766	-62.45000076293945	0.0
2026-04-18 20:17:23.826	46.88900375366211	-62.5099983215332	0.0
2026-04-18 20:17:23.831	46.88900375366211	-62.5099983215332	0.0
2026-04-18 20:17:24.030	46.823001861572266	-62.41999816894531	0.0
2026-04-18 20:17:24.031	46.823001861572266	-62.41999816894531	0.0
2026-04-18 20:17:24.227	46.85300064086914	-62.459999084472656	0.0
2026-04-18 20:17:24.236	46.85300064086914	-62.459999084472656	0.0
2026-04-18 20:17:24.434	46.84300231933594	-62.439998626708984	0.0
2026-04-18 20:17:24.435	46.84300231933594	-62.439998626708984	0.0
2026-04-18 20:17:24.638	46.820003509521484	-62.40999984741211	0.0
2026-04-18 20:17:24.639	46.820003509521484	-62.40999984741211	0.0
2026-04-18 20:17:25.028	46.816001892089844	-62.40999984741211	0.0
2026-04-18 20:17:25.432	46.85700225830078	-62.459999084472656	0.0
2026-04-18 20:17:25.628	46.81800079345703	-62.40999984741211	0.0
2026-04-18 20:17:26.037	46.79300308227539	-62.369998931884766	0.0
2026-04-18 20:17:26.443	46.88300323486328	-62.5	0.0
2026-04-18 20:17:26.639	46.89400100708008	-62.5099983215332	0.0
2026-04-18 20:17:27.228	46.88300323486328	-62.4900016784668	0.0
2026-04-18 20:17:27.437	46.832000732421875	-62.43000030517578	0.0
2026-04-18 20:17:27.627	46.875003814697266	-62.47999954223633	0.0
2026-04-18 20:17:27.828	46.85700225830078	-62.470001220703125	0.0
2026-04-18 20:17:28.026	46.8380012512207	-62.439998626708984	0.0
2026-04-18 20:17:28.226	46.8650016784668	-62.470001220703125	0.0
2026-04-18 20:17:28.428	46.89400100708008	-62.5099983215332	0.0
2026-04-18 20:17:28.625	46.91600036621094	-62.540000915527344	0.0
2026-04-18 20:17:28.824	46.90800094604492	-62.529998779296875	0.0
2026-04-18 20:17:29.025	46.919002532958984	-62.540000915527344	0.0
2026-04-18 20:17:29.227	46.89900207519531	-62.5099983215332	0.0
2026-04-18 20:17:29.428	46.922000885009766	-62.54999923706055	0.0
2026-04-18 20:17:29.626	46.9170036315918	-62.540000915527344	0.0
2026-04-18 20:17:29.826	46.9170036315918	-62.54999923706055	0.0
2026-04-18 20:17:30.029	46.897003173828125	-62.5099983215332	0.0
2026-04-18 20:17:30.631	46.927001953125	-62.54999923706055	0.0
2026-04-18 20:17:30.830	46.919002532958984	-62.54999923706055	0.0
2026-04-18 20:17:31.025	46.928001403808594	-62.54999923706055	0.0
2026-04-18 20:17:31.432	46.910003662109375	-62.529998779296875	0.0
2026-04-18 20:17:31.627	46.797000885009766	-62.380001068115234	0.0
2026-04-18 20:17:31.827	46.89600372314453	-62.52000045776367	0.0
2026-04-18 20:17:32.025	46.823001861572266	-62.40999984741211	0.0
2026-04-18 20:17:32.225	46.85300064086914	-62.459999084472656	0.0
2026-04-18 20:17:32.427	46.874000549316406	-62.47999954223633	0.0
2026-04-18 20:17:32.629	46.87600326538086	-62.4900016784668	0.0
2026-04-18 20:17:32.829	46.85000228881836	-62.45000076293945	0.0
2026-04-18 20:17:33.025	46.871002197265625	-62.47999954223633	0.0
2026-04-18 20:17:33.231	46.8900032043457	-62.5	0.0
2026-04-18 20:17:33.429	46.90500259399414	-62.52000045776367	0.0
2026-04-18 20:17:33.632	46.893001556396484	-62.5099983215332	0.0
2026-04-18 20:17:33.829	46.89600372314453	-62.52000045776367	0.0
2026-04-18 20:17:34.030	46.88800048828125	-62.5	0.0
2026-04-18 20:17:34.235	46.900001525878906	-62.52000045776367	0.0
2026-04-18 20:17:34.636	46.900001525878906	-62.52000045776367	0.0
2026-04-18 20:17:34.830	46.842002868652344	-62.439998626708984	0.0
2026-04-18 20:17:35.227	46.90500259399414	-62.52000045776367	0.0
2026-04-18 20:17:35.428	46.81500244140625	-62.400001525878906	0.0
2026-04-18 20:17:35.630	46.887001037597656	-62.5	0.0
2026-04-18 20:17:35.831	46.88300323486328	-62.5	0.0
2026-04-18 20:17:36.028	46.87800216674805	-62.4900016784668	0.0
2026-04-18 20:17:36.230	46.8280029296875	-62.41999816894531	0.0
2026-04-18 20:17:36.433	46.83000183105469	-62.41999816894531	0.0
2026-04-18 20:17:36.633	46.897003173828125	-62.52000045776367	0.0
2026-04-18 20:17:36.843	46.8900032043457	-62.5099983215332	0.0
2026-04-18 20:17:37.035	46.88100051879883	-62.5	0.0
2026-04-18 20:17:37.426	46.80900192260742	-62.400001525878906	0.0
2026-04-18 20:17:37.830	46.88300323486328	-62.4900016784668	0.0
2026-04-18 20:17:38.033	46.86100387573242	-62.470001220703125	0.0
2026-04-18 20:17:38.240	46.85000228881836	-62.45000076293945	0.0
2026-04-18 20:17:38.442	46.86000061035156	-62.459999084472656	0.0
2026-04-18 20:17:38.634	46.89800262451172	-62.52000045776367	0.0
2026-04-18 20:17:38.829	46.88800048828125	-62.5099983215332	0.0
2026-04-18 20:17:39.027	46.83100128173828	-62.43000030517578	0.0
2026-04-18 20:17:39.228	46.87000274658203	-62.470001220703125	0.0
2026-04-18 20:17:39.434	46.88500213623047	-62.5	0.0
2026-04-18 20:17:39.629	46.78200149536133	-62.369998931884766	0.0
2026-04-18 20:17:39.843	46.82400131225586	-62.41999816894531	0.0
2026-04-18 20:17:40.027	46.80000305175781	-62.38999938964844	0.0
2026-04-18 20:17:40.233	46.82400131225586	-62.40999984741211	0.0
2026-04-18 20:17:40.429	46.88900375366211	-62.5	0.0
2026-04-18 20:17:40.627	46.868003845214844	-62.4900016784668	0.0
2026-04-18 20:17:41.246	46.87900161743164	-62.4900016784668	0.0
2026-04-18 20:17:41.445	46.83700180053711	-62.43000030517578	0.0
2026-04-18 20:17:41.831	46.87200164794922	-62.47999954223633	0.0
2026-04-18 20:17:42.039	46.83700180053711	-62.439998626708984	0.0
2026-04-18 20:17:42.238	46.8910026550293	-62.5	0.0
2026-04-18 20:17:42.426	46.85300064086914	-62.459999084472656	0.0
2026-04-18 20:17:42.629	46.855003356933594	-62.459999084472656	0.0
2026-04-18 20:17:42.826	46.867000579833984	-62.470001220703125	0.0
2026-04-18 20:17:43.226	46.85300064086914	-62.45000076293945	0.0
2026-04-18 20:17:43.431	46.87200164794922	-62.47999954223633	0.0
2026-04-18 20:17:43.642	46.862003326416016	-62.470001220703125	0.0
2026-04-18 20:17:43.837	46.86000061035156	-62.459999084472656	0.0
2026-04-18 20:17:44.042	46.884002685546875	-62.4900016784668	0.0
2026-04-18 20:17:44.232	46.893001556396484	-62.5099983215332	0.0
2026-04-18 20:17:44.441	46.87700271606445	-62.4900016784668	0.0
2026-04-18 20:17:44.632	46.82100296020508	-62.40999984741211	0.0
2026-04-18 20:17:45.029	46.83000183105469	-62.43000030517578	0.0
2026-04-18 20:17:45.230	46.88900375366211	-62.5	0.0
2026-04-18 20:17:45.433	46.902000427246094	-62.52000045776367	0.0
2026-04-18 20:17:45.630	46.88800048828125	-62.5099983215332	0.0
2026-04-18 20:17:46.030	46.81200408935547	-62.40999984741211	0.0
2026-04-18 20:17:46.226	46.85700225830078	-62.459999084472656	0.0
2026-04-18 20:17:46.444	46.8280029296875	-62.41999816894531	0.0
2026-04-18 20:17:46.628	46.810001373291016	-62.40999984741211	0.0
2026-04-18 20:17:46.830	46.88500213623047	-62.5	0.0
2026-04-18 20:17:47.032	46.91200256347656	-62.529998779296875	0.0
2026-04-18 20:17:47.231	46.85400390625	-62.459999084472656	0.0
2026-04-18 20:17:47.432	46.862003326416016	-62.470001220703125	0.0
2026-04-18 20:17:47.629	46.88800048828125	-62.5099983215332	0.0
2026-04-18 20:17:47.831	46.915000915527344	-62.540000915527344	0.0
2026-04-18 20:17:48.030	46.94700241088867	-62.58000183105469	0.0
2026-04-18 20:17:48.230	46.91400146484375	-62.529998779296875	0.0
2026-04-18 20:17:48.430	46.897003173828125	-62.52000045776367	0.0
2026-04-18 20:17:48.629	46.867000579833984	-62.47999954223633	0.0
2026-04-18 20:17:48.829	46.902000427246094	-62.52000045776367	0.0
2026-04-18 20:17:49.029	46.842002868652344	-62.439998626708984	0.0
2026-04-18 20:17:49.230	46.93100357055664	-62.560001373291016	0.0
2026-04-18 20:17:49.436	46.948001861572266	-62.59000015258789	0.0
2026-04-18 20:17:49.633	46.90400314331055	-62.529998779296875	0.0
2026-04-18 20:17:49.835	46.928001403808594	-62.54999923706055	0.0
2026-04-18 20:17:50.037	46.90800094604492	-62.529998779296875	0.0
2026-04-18 20:17:50.236	46.92100143432617	-62.54999923706055	0.0
2026-04-18 20:17:50.441	46.893001556396484	-62.5099983215332	0.0
2026-04-18 20:17:50.644	46.94000244140625	-62.56999969482422	0.0
2026-04-18 20:17:50.846	46.88500213623047	-62.5	0.0
2026-04-18 20:17:51.036	46.89600372314453	-62.5099983215332	0.0
2026-04-18 20:17:51.234	46.868003845214844	-62.47999954223633	0.0
2026-04-18 20:17:51.432	46.92500305175781	-62.54999923706055	0.0
2026-04-18 20:17:51.633	46.902000427246094	-62.52000045776367	0.0
2026-04-18 20:17:51.832	46.89800262451172	-62.5099983215332	0.0
2026-04-18 20:17:52.038	46.948001861572266	-62.58000183105469	0.0
2026-04-18 20:17:52.238	46.928001403808594	-62.54999923706055	0.0
2026-04-18 20:17:52.436	46.86900329589844	-62.47999954223633	0.0
2026-04-18 20:17:52.634	46.926002502441406	-62.560001373291016	0.0
2026-04-18 20:17:52.838	46.884002685546875	-62.4900016784668	0.0
2026-04-18 20:17:53.044	46.90700149536133	-62.52000045776367	0.0
2026-04-18 20:17:53.240	46.957000732421875	-62.59000015258789	0.0
2026-04-18 20:17:53.437	46.94600296020508	-62.59000015258789	0.0
2026-04-18 20:17:53.636	46.928001403808594	-62.560001373291016	0.0
2026-04-18 20:17:53.839	46.93600082397461	-62.56999969482422	0.0
2026-04-18 20:17:54.040	46.91600036621094	-62.54999923706055	0.0
2026-04-18 20:17:54.235	46.90300369262695	-62.52000045776367	0.0
2026-04-18 20:17:54.637	46.939002990722656	-62.56999969482422	0.0
2026-04-18 20:17:54.833	46.89400100708008	-62.5	0.0
2026-04-18 20:17:55.033	46.87800216674805	-62.4900016784668	0.0
2026-04-18 20:17:55.234	46.95000076293945	-62.58000183105469	0.0
2026-04-18 20:17:55.433	46.93600082397461	-62.56999969482422	0.0
2026-04-18 20:17:55.634	46.932003021240234	-62.560001373291016	0.0
2026-04-18 20:17:55.837	46.9530029296875	-62.59000015258789	0.0
2026-04-18 20:17:56.035	46.92300033569336	-62.540000915527344	0.0
2026-04-18 20:17:56.238	46.927001953125	-62.54999923706055	0.0
2026-04-18 20:17:56.436	46.88100051879883	-62.5	0.0
2026-04-18 20:17:56.634	46.89900207519531	-62.52000045776367	0.0
2026-04-18 20:17:56.835	46.89600372314453	-62.5099983215332	0.0
2026-04-18 20:17:57.033	46.92400360107422	-62.54999923706055	0.0
2026-04-18 20:17:57.235	46.94600296020508	-62.58000183105469	0.0
2026-04-18 20:17:57.434	46.88200378417969	-62.5	0.0
2026-04-18 20:17:57.633	46.86900329589844	-62.47999954223633	0.0
2026-04-18 20:17:57.843	46.952003479003906	-62.59000015258789	0.0
2026-04-18 20:17:58.038	46.939002990722656	-62.56999969482422	0.0
2026-04-18 20:17:58.234	46.95100402832031	-62.58000183105469	0.0
2026-04-18 20:17:58.439	46.897003173828125	-62.52000045776367	0.0
2026-04-18 20:17:58.640	46.939002990722656	-62.56999969482422	0.0
2026-04-18 20:17:58.879	46.88500213623047	-62.5	0.0
2026-04-18 20:17:59.027	46.893001556396484	-62.5099983215332	0.0
2026-04-18 20:17:59.429	46.93000411987305	-62.560001373291016	0.0
2026-04-18 20:17:59.639	46.89600372314453	-62.52000045776367	0.0
