[System]
Platform=SEANO USV
Start_Time=2026-04-07 16:07:58
Timezone=WIB

[Sensor]
Name=System Metrics

[Columns]
Timestamp(WIB)	WriteSpeed(Bps)	CPU(%)	RAM(%)	GPS_Hz	IMU_Hz	CTD_Hz	ADCP_Hz	BATTERY_Hz	SBES_Hz

[Data]
2026-04-07 16:07:59.168	0.00	19.80	69.40	0.00	0.00	0.00	0.00	0.00	0.00
2026-04-07 16:08:00.272	0.00	6.30	69.40	0.00	0.00	0.00	0.00	0.00	0.00
2026-04-07 16:08:01.167	1034.04	10.30	69.40	0.00	0.00	1.12	1.12	1.12	1.12
2026-04-07 16:08:02.168	923.48	7.00	69.40	0.00	0.00	1.00	1.00	1.00	1.00
2026-04-07 16:08:03.167	922.53	10.60	69.40	0.00	0.00	1.00	1.00	1.00	1.00
2026-04-07 16:08:04.168	925.34	6.20	69.40	0.00	0.00	1.00	1.00	1.00	1.00
2026-04-07 16:08:05.167	920.83	9.00	69.40	0.00	0.00	1.00	1.00	1.00	1.00
2026-04-07 16:08:06.169	923.77	16.20	69.40	0.00	0.00	1.00	1.00	1.00	1.00
2026-04-07 16:08:07.167	928.04	9.60	69.40	0.00	0.00	1.00	1.00	1.00	1.00
2026-04-07 16:08:08.168	915.20	18.20	69.40	0.00	0.00	1.00	1.00	1.00	1.00
2026-04-07 16:08:09.167	922.93	7.70	69.40	0.00	0.00	1.00	1.00	1.00	1.00
2026-04-07 16:08:10.168	917.13	8.00	69.40	0.00	0.00	1.00	1.00	1.00	1.00
2026-04-07 16:08:11.167	926.65	7.90	69.40	0.00	0.00	1.00	1.00	1.00	1.00
2026-04-07 16:08:12.168	927.34	8.70	69.30	0.00	0.00	1.00	1.00	1.00	1.00
2026-04-07 16:08:13.167	934.77	6.20	69.30	0.00	0.00	1.00	1.00	1.00	1.00
2026-04-07 16:08:14.168	921.56	9.20	69.30	0.00	0.00	1.00	1.00	1.00	1.00
2026-04-07 16:08:15.167	922.33	14.60	69.40	0.00	0.00	1.00	1.00	1.00	1.00
2026-04-07 16:08:16.168	933.60	11.70	69.40	0.00	0.00	1.00	1.00	1.00	1.00
2026-04-07 16:08:17.167	926.46	10.00	69.40	0.00	0.00	1.00	1.00	1.00	1.00
2026-04-07 16:08:18.168	925.57	6.40	69.40	0.00	0.00	1.00	1.00	1.00	1.00
2026-04-07 16:08:19.168	933.88	8.40	69.30	0.00	0.00	1.00	1.00	1.00	1.00
2026-04-07 16:08:20.168	915.72	8.80	69.40	0.00	0.00	1.00	1.00	1.00	1.00
2026-04-07 16:08:21.167	938.96	7.90	69.40	0.00	0.00	1.00	1.00	1.00	1.00
2026-04-07 16:08:22.168	935.19	5.90	69.40	0.00	0.00	1.00	1.00	1.00	1.00
2026-04-07 16:08:23.167	940.64	7.10	69.30	0.00	0.00	1.00	1.00	1.00	1.00
2026-04-07 16:08:24.169	942.34	13.70	69.40	0.00	0.00	1.00	1.00	1.00	1.00
2026-04-07 16:08:25.167	939.72	9.20	69.40	0.00	0.00	1.00	1.00	1.00	1.00
2026-04-07 16:08:26.168	945.20	12.80	69.40	0.00	0.00	1.00	1.00	1.00	1.00
2026-04-07 16:08:27.167	943.02	8.20	69.40	0.00	0.00	1.00	1.00	1.00	1.00
2026-04-07 16:08:28.168	957.00	6.80	69.40	0.00	0.00	1.00	1.00	1.00	1.00
2026-04-07 16:08:29.167	952.85	5.20	69.40	0.00	0.00	1.00	1.00	1.00	1.00
2026-04-07 16:08:30.168	949.26	6.50	69.40	0.00	0.00	1.00	1.00	1.00	1.00
2026-04-07 16:08:31.168	947.76	10.70	69.40	0.00	0.00	1.00	1.00	1.00	1.00
2026-04-07 16:08:32.168	947.88	6.90	69.40	0.00	0.00	1.00	1.00	1.00	1.00
2026-04-07 16:08:33.168	960.17	17.60	67.60	0.00	0.00	1.00	1.00	1.00	1.00
2026-04-07 16:08:34.168	948.29	14.40	67.60	0.00	0.00	1.00	1.00	1.00	1.00
2026-04-07 16:08:35.167	956.86	5.90	67.60	0.00	0.00	1.00	1.00	1.00	1.00
2026-04-07 16:08:36.167	959.35	6.20	67.60	0.00	0.00	1.00	1.00	1.00	1.00
2026-04-07 16:08:37.167	952.37	12.30	67.60	0.00	0.00	1.00	1.00	1.00	1.00
2026-04-07 16:08:38.168	949.10	7.70	67.60	0.00	0.00	1.00	1.00	1.00	1.00
2026-04-07 16:08:39.167	945.05	40.90	68.50	0.00	0.00	1.00	1.00	1.00	1.00
2026-04-07 16:08:40.170	951.53	50.60	69.30	0.00	0.00	1.00	1.00	1.00	1.00
2026-04-07 16:08:41.167	960.03	36.60	68.70	0.00	0.00	1.00	1.00	1.00	1.00
2026-04-07 16:08:42.170	957.34	27.30	68.00	0.00	0.00	1.00	1.00	1.00	1.00
2026-04-07 16:08:43.167	960.78	18.50	67.90	0.00	0.00	1.00	1.00	1.00	1.00
2026-04-07 16:08:44.168	953.25	12.50	67.90	0.00	0.00	1.00	1.00	1.00	1.00
2026-04-07 16:08:45.167	956.60	10.20	67.90	0.00	0.00	1.00	1.00	1.00	1.00
2026-04-07 16:08:46.169	958.85	26.20	68.00	0.00	0.00	1.00	1.00	1.00	1.00
2026-04-07 16:08:47.167	959.28	10.10	68.00	0.00	0.00	1.00	1.00	1.00	1.00
2026-04-07 16:08:48.169	946.89	14.60	67.90	0.00	0.00	1.00	1.00	1.00	1.00
2026-04-07 16:08:49.167	957.20	19.20	67.90	0.00	0.00	1.00	1.00	1.00	1.00
2026-04-07 16:08:50.167	947.80	14.80	68.20	0.00	0.00	1.00	1.00	1.00	1.00
2026-04-07 16:08:51.167	956.56	41.40	69.00	0.00	0.00	1.00	1.00	1.00	1.00
2026-04-07 16:08:52.169	952.30	20.50	68.90	0.00	0.00	1.00	1.00	1.00	1.00
2026-04-07 16:08:53.167	959.38	16.60	68.90	0.00	0.00	1.00	1.00	1.00	1.00
2026-04-07 16:08:54.168	943.19	14.20	68.90	0.00	0.00	1.00	1.00	1.00	1.00
2026-04-07 16:08:55.167	946.60	14.30	68.90	0.00	0.00	1.00	1.00	1.00	1.00
2026-04-07 16:08:56.170	941.89	15.90	68.90	0.00	0.00	1.00	1.00	1.00	1.00
2026-04-07 16:08:57.168	947.78	25.50	69.00	0.00	0.00	1.00	1.00	1.00	1.00
2026-04-07 16:08:58.169	942.57	12.70	69.00	0.00	0.00	1.00	1.00	1.00	1.00
2026-04-07 16:08:59.168	941.52	29.60	69.00	0.00	0.00	1.00	1.00	1.00	1.00
2026-04-07 16:09:00.170	934.27	19.90	68.90	0.00	0.00	1.00	1.00	1.00	1.00
2026-04-07 16:09:01.167	942.10	9.50	69.00	0.00	0.00	1.00	1.00	1.00	1.00
2026-04-07 16:09:02.168	934.95	10.50	69.00	0.00	0.00	1.00	1.00	1.00	1.00
2026-04-07 16:09:03.167	937.29	6.10	69.00	0.00	0.00	1.00	1.00	1.00	1.00
2026-04-07 16:09:04.169	942.51	13.50	69.00	0.00	0.00	1.00	1.00	1.00	1.00
2026-04-07 16:09:05.167	939.52	22.90	65.80	0.00	0.00	1.00	1.00	1.00	1.00
2026-04-07 16:09:06.168	935.42	13.10	65.90	0.00	0.00	1.00	1.00	1.00	1.00
2026-04-07 16:09:07.168	935.83	22.10	65.20	0.00	0.00	1.00	1.00	1.00	1.00
2026-04-07 16:09:08.170	938.46	10.70	65.20	0.00	0.00	1.00	1.00	1.00	1.00
2026-04-07 16:09:09.167	936.43	11.30	63.10	0.00	0.00	1.00	1.00	1.00	1.00
2026-04-07 16:09:10.168	936.84	5.70	63.00	0.00	0.00	1.00	1.00	1.00	1.00
2026-04-07 16:09:11.167	927.08	4.20	63.00	0.00	0.00	1.00	1.00	1.00	1.00
2026-04-07 16:09:12.168	937.39	7.00	63.00	0.00	0.00	1.00	1.00	1.00	1.00
2026-04-07 16:09:13.167	934.73	12.30	63.20	0.00	0.00	1.00	1.00	1.00	1.00
2026-04-07 16:09:14.167	925.75	20.40	64.00	0.00	0.00	1.00	1.00	1.00	1.00
2026-04-07 16:09:15.167	926.00	49.40	64.80	0.00	0.00	1.00	1.00	1.00	1.00
2026-04-07 16:09:16.169	928.04	13.80	64.80	0.00	0.00	1.00	1.00	1.00	1.00
2026-04-07 16:09:17.167	931.92	26.00	64.80	0.00	0.00	1.00	1.00	1.00	1.00
2026-04-07 16:09:18.168	919.04	13.00	64.90	0.00	0.00	1.00	1.00	1.00	1.00
2026-04-07 16:09:19.167	935.05	8.20	64.90	0.00	0.00	1.00	1.00	1.00	1.00
2026-04-07 16:09:20.168	917.07	11.60	64.90	0.00	0.00	1.00	1.00	1.00	1.00
2026-04-07 16:09:21.167	934.82	7.40	65.00	0.00	0.00	1.00	1.00	1.00	1.00
2026-04-07 16:09:22.169	936.85	10.40	64.90	0.00	0.00	1.00	1.00	1.00	1.00
2026-04-07 16:09:23.167	931.31	8.70	64.90	0.00	0.00	1.00	1.00	1.00	1.00
2026-04-07 16:09:24.168	923.28	6.70	64.90	0.00	0.00	1.00	1.00	1.00	1.00
2026-04-07 16:09:25.167	922.69	11.30	64.80	0.00	0.00	1.00	1.00	1.00	1.00
2026-04-07 16:09:26.169	930.50	15.80	64.70	0.00	0.00	1.00	1.00	1.00	1.00
2026-04-07 16:09:27.167	939.29	42.80	64.80	0.00	0.00	1.00	1.00	1.00	1.00
2026-04-07 16:09:28.168	938.89	9.20	64.80	0.00	0.00	1.00	1.00	1.00	1.00
2026-04-07 16:09:29.167	925.09	10.70	64.80	0.00	0.00	1.00	1.00	1.00	1.00
2026-04-07 16:09:30.168	935.33	6.50	64.80	0.00	0.00	1.00	1.00	1.00	1.00
2026-04-07 16:09:31.167	938.58	6.70	64.80	0.00	0.00	1.00	1.00	1.00	1.00
2026-04-07 16:09:32.167	936.24	24.20	65.00	0.00	0.00	1.00	1.00	1.00	1.00
2026-04-07 16:09:33.168	940.85	39.60	65.70	0.00	0.00	1.00	1.00	1.00	1.00
2026-04-07 16:09:34.167	934.96	23.60	65.60	0.00	0.00	1.00	1.00	1.00	1.00
2026-04-07 16:09:35.167	942.19	24.30	65.70	0.00	0.00	1.00	1.00	1.00	1.00
2026-04-07 16:09:36.169	938.40	18.20	65.70	0.00	0.00	1.00	1.00	1.00	1.00
2026-04-07 16:09:37.167	937.57	15.90	65.60	0.00	0.00	1.00	1.00	1.00	1.00
2026-04-07 16:09:38.169	942.02	13.80	65.70	0.00	0.00	1.00	1.00	1.00	1.00
2026-04-07 16:09:39.167	939.97	7.20	65.70	0.00	0.00	1.00	1.00	1.00	1.00
2026-04-07 16:09:40.169	935.87	22.90	65.70	0.00	0.00	1.00	1.00	1.00	1.00
2026-04-07 16:09:41.168	935.53	15.50	65.80	0.00	0.00	1.00	1.00	1.00	1.00
2026-04-07 16:09:42.168	928.12	20.50	65.90	0.00	0.00	1.00	1.00	1.00	1.00
2026-04-07 16:09:43.167	922.42	24.00	65.90	0.00	0.00	1.00	1.00	1.00	1.00
2026-04-07 16:09:44.169	930.08	9.90	65.90	0.00	0.00	1.00	1.00	1.00	1.00
2026-04-07 16:09:45.167	929.96	8.40	65.90	0.00	0.00	1.00	1.00	1.00	1.00
2026-04-07 16:09:46.169	930.60	7.90	65.90	0.00	0.00	1.00	1.00	1.00	1.00
2026-04-07 16:09:47.167	937.45	13.50	65.80	0.00	0.00	1.00	1.00	1.00	1.00
2026-04-07 16:09:48.169	934.43	8.10	65.80	0.00	0.00	1.00	1.00	1.00	1.00
2026-04-07 16:09:49.168	948.71	11.40	65.80	0.00	0.00	1.00	1.00	1.00	1.00
2026-04-07 16:09:50.168	943.78	9.40	65.80	0.00	0.00	1.00	1.00	1.00	1.00
2026-04-07 16:09:51.167	939.05	23.20	65.50	0.00	0.00	1.00	1.00	1.00	1.00
2026-04-07 16:09:52.168	940.83	7.20	65.50	0.00	0.00	1.00	1.00	1.00	1.00
2026-04-07 16:09:53.167	948.97	6.70	65.50	0.00	0.00	1.00	1.00	1.00	1.00
2026-04-07 16:09:54.168	941.12	4.20	65.50	0.00	0.00	1.00	1.00	1.00	1.00
2026-04-07 16:09:55.168	948.60	16.00	64.90	0.00	0.00	1.00	1.00	1.00	1.00
2026-04-07 16:09:56.169	947.05	11.20	65.00	0.00	0.00	1.00	1.00	1.00	1.00
2026-04-07 16:09:57.168	949.16	6.60	65.00	0.00	0.00	1.00	1.00	1.00	1.00
2026-04-07 16:09:58.169	944.17	14.50	65.00	0.00	0.00	1.00	1.00	1.00	1.00
2026-04-07 16:09:59.168	953.78	6.50	65.00	0.00	0.00	1.00	1.00	1.00	1.00
2026-04-07 16:10:00.167	940.42	48.80	66.20	0.00	0.00	1.00	1.00	1.00	1.00
2026-04-07 16:10:01.167	952.19	75.40	69.20	0.00	0.00	1.00	1.00	1.00	1.00
2026-04-07 16:10:02.168	948.86	86.20	70.10	0.00	0.00	1.00	1.00	1.00	1.00
2026-04-07 16:10:03.167	947.17	56.10	70.80	0.00	0.00	1.00	1.00	1.00	1.00
2026-04-07 16:10:04.170	1916.63	18.90	70.80	3.99	3.99	1.00	1.00	1.00	1.00
2026-04-07 16:10:05.167	1982.69	16.60	70.80	4.01	4.01	1.00	1.00	1.00	1.00
2026-04-07 16:10:06.172	1996.35	21.90	70.80	3.98	3.98	1.00	1.00	1.00	1.00
2026-04-07 16:10:07.167	1999.49	19.70	70.80	4.02	4.02	1.00	1.00	1.00	1.00
2026-04-07 16:10:08.172	1989.11	24.40	70.80	3.98	3.98	1.00	1.00	1.00	1.00
2026-04-07 16:10:09.167	2001.76	21.80	70.60	4.02	4.02	1.00	1.00	1.00	1.00
2026-04-07 16:10:10.173	1980.58	23.30	70.60	3.98	3.98	0.99	0.99	0.99	0.99
2026-04-07 16:10:11.168	2000.56	23.10	70.60	4.02	4.02	1.01	1.01	1.01	1.01
2026-04-07 16:10:12.173	1988.06	22.50	70.70	3.98	3.98	1.00	1.00	1.00	1.00
2026-04-07 16:10:13.168	2007.44	17.90	70.70	4.02	4.02	1.00	1.00	1.00	1.00
2026-04-07 16:10:14.171	1198.06	43.90	70.80	1.00	1.00	1.00	1.00	1.00	1.00
2026-04-07 16:10:15.168	940.98	47.40	70.80	0.00	0.00	1.00	1.00	1.00	1.00
2026-04-07 16:10:16.170	1470.90	54.70	70.80	2.00	2.00	1.00	1.00	1.00	1.00
2026-04-07 16:10:17.167	1215.20	34.10	70.80	1.00	1.00	1.00	1.00	1.00	1.00
2026-04-07 16:10:18.173	1989.33	33.90	70.80	3.98	3.98	0.99	0.99	0.99	0.99
2026-04-07 16:10:19.167	2009.56	41.10	70.90	4.02	4.02	1.01	1.01	1.01	1.01
2026-04-07 16:10:20.172	1985.28	40.90	71.00	3.98	3.98	0.99	0.99	0.99	0.99
2026-04-07 16:10:21.167	2012.21	18.80	71.00	4.02	4.02	1.01	1.01	1.01	1.01
2026-04-07 16:10:22.172	1993.90	17.90	71.00	3.98	3.98	0.99	0.99	0.99	0.99
2026-04-07 16:10:23.167	2014.51	15.70	71.00	4.02	4.02	1.01	1.01	1.01	1.01
2026-04-07 16:10:24.168	2001.38	25.90	71.00	3.99	3.99	1.00	1.00	1.00	1.00
2026-04-07 16:10:25.167	2006.55	17.50	71.00	4.01	4.01	1.00	1.00	1.00	1.00
2026-04-07 16:10:26.172	1993.83	22.70	71.00	3.98	3.98	0.99	0.99	0.99	0.99
2026-04-07 16:10:27.167	2002.09	17.30	71.00	4.02	4.02	1.01	1.01	1.01	1.01
2026-04-07 16:10:28.172	1994.84	15.90	71.00	3.98	3.98	1.00	1.00	1.00	1.00
2026-04-07 16:10:29.167	2016.84	15.70	71.00	4.02	4.02	1.00	1.00	1.00	1.00
2026-04-07 16:10:30.173	1999.54	19.60	71.00	3.98	3.98	0.99	0.99	0.99	0.99
2026-04-07 16:10:31.168	2000.03	21.60	71.00	4.02	4.02	1.01	1.01	1.01	1.01
2026-04-07 16:10:32.169	1466.26	26.90	70.90	2.00	2.00	1.00	1.00	1.00	1.00
2026-04-07 16:10:33.168	943.26	29.00	68.80	0.00	0.00	1.00	1.00	1.00	1.00
2026-04-07 16:10:34.169	938.55	7.50	68.80	0.00	0.00	1.00	1.00	1.00	1.00
2026-04-07 16:10:35.168	935.48	14.60	68.80	0.00	0.00	1.00	1.00	1.00	1.00
2026-04-07 16:10:36.169	946.39	7.40	68.80	0.00	0.00	1.00	1.00	1.00	1.00
2026-04-07 16:10:37.167	939.75	9.70	68.80	0.00	0.00	1.00	1.00	1.00	1.00
2026-04-07 16:10:38.168	945.60	4.60	68.80	0.00	0.00	1.00	1.00	1.00	1.00
2026-04-07 16:10:39.167	930.48	3.70	68.80	0.00	0.00	1.00	1.00	1.00	1.00
2026-04-07 16:10:40.169	934.74	4.50	68.80	0.00	0.00	1.00	1.00	1.00	1.00
2026-04-07 16:10:41.167	951.13	13.60	68.80	0.00	0.00	1.00	1.00	1.00	1.00
2026-04-07 16:10:42.168	941.65	4.00	68.80	0.00	0.00	1.00	1.00	1.00	1.00
2026-04-07 16:10:43.167	934.55	4.50	68.90	0.00	0.00	1.00	1.00	1.00	1.00
2026-04-07 16:10:44.168	941.10	5.00	68.90	0.00	0.00	1.00	1.00	1.00	1.00
2026-04-07 16:10:45.167	942.95	3.40	68.90	0.00	0.00	1.00	1.00	1.00	1.00
2026-04-07 16:10:46.168	944.85	5.20	68.90	0.00	0.00	1.00	1.00	1.00	1.00
2026-04-07 16:10:47.167	947.35	5.50	68.10	0.00	0.00	1.00	1.00	1.00	1.00
2026-04-07 16:10:48.168	937.21	3.20	68.10	0.00	0.00	1.00	1.00	1.00	1.00
2026-04-07 16:10:49.167	944.56	10.40	68.10	0.00	0.00	1.00	1.00	1.00	1.00
2026-04-07 16:10:50.168	943.47	4.80	68.10	0.00	0.00	1.00	1.00	1.00	1.00
2026-04-07 16:10:51.168	940.01	6.40	68.10	0.00	0.00	1.00	1.00	1.00	1.00
2026-04-07 16:10:52.168	938.07	5.10	68.10	0.00	0.00	1.00	1.00	1.00	1.00
2026-04-07 16:10:53.167	936.85	13.10	68.20	0.00	0.00	1.00	1.00	1.00	1.00
2026-04-07 16:10:54.167	931.40	19.00	68.20	0.00	0.00	1.00	1.00	1.00	1.00
2026-04-07 16:10:55.167	940.61	20.50	68.20	0.00	0.00	1.00	1.00	1.00	1.00
2026-04-07 16:10:56.167	945.47	20.60	68.20	0.00	0.00	1.00	1.00	1.00	1.00
2026-04-07 16:10:57.168	931.63	24.10	68.20	0.00	0.00	1.00	1.00	1.00	1.00
2026-04-07 16:10:58.168	931.32	4.00	68.20	0.00	0.00	1.00	1.00	1.00	1.00
2026-04-07 16:10:59.167	927.53	4.20	68.20	0.00	0.00	1.00	1.00	1.00	1.00
2026-04-07 16:11:00.168	933.13	5.80	68.30	0.00	0.00	1.00	1.00	1.00	1.00
2026-04-07 16:11:01.167	928.78	6.50	68.30	0.00	0.00	1.00	1.00	1.00	1.00
2026-04-07 16:11:02.168	933.36	6.50	68.30	0.00	0.00	1.00	1.00	1.00	1.00
2026-04-07 16:11:03.167	936.71	5.00	68.30	0.00	0.00	1.00	1.00	1.00	1.00
2026-04-07 16:11:04.168	935.06	5.70	68.30	0.00	0.00	1.00	1.00	1.00	1.00
2026-04-07 16:11:05.167	932.71	13.10	68.30	0.00	0.00	1.00	1.00	1.00	1.00
2026-04-07 16:11:06.169	923.89	6.00	68.30	0.00	0.00	1.00	1.00	1.00	1.00
2026-04-07 16:11:07.168	927.17	12.50	68.20	0.00	0.00	1.00	1.00	1.00	1.00
2026-04-07 16:11:08.168	924.45	4.70	68.20	0.00	0.00	1.00	1.00	1.00	1.00
2026-04-07 16:11:09.167	926.72	4.00	68.20	0.00	0.00	1.00	1.00	1.00	1.00
2026-04-07 16:11:10.168	933.08	5.30	68.20	0.00	0.00	1.00	1.00	1.00	1.00
2026-04-07 16:11:11.167	922.90	6.50	68.20	0.00	0.00	1.00	1.00	1.00	1.00
2026-04-07 16:11:12.168	919.25	4.50	68.20	0.00	0.00	1.00	1.00	1.00	1.00
2026-04-07 16:11:13.167	934.30	11.90	68.20	0.00	0.00	1.00	1.00	1.00	1.00
2026-04-07 16:11:14.168	923.68	5.30	68.20	0.00	0.00	1.00	1.00	1.00	1.00
2026-04-07 16:11:15.167	930.40	4.90	68.20	0.00	0.00	1.00	1.00	1.00	1.00
2026-04-07 16:11:16.169	936.26	7.30	68.20	0.00	0.00	1.00	1.00	1.00	1.00
2026-04-07 16:11:17.168	935.15	12.40	68.20	0.00	0.00	1.00	1.00	1.00	1.00
2026-04-07 16:11:18.168	923.56	6.90	68.20	0.00	0.00	1.00	1.00	1.00	1.00
2026-04-07 16:11:19.167	937.14	4.70	68.20	0.00	0.00	1.00	1.00	1.00	1.00
2026-04-07 16:11:20.168	928.97	5.00	68.20	0.00	0.00	1.00	1.00	1.00	1.00
2026-04-07 16:11:21.168	935.98	9.90	67.70	0.00	0.00	1.00	1.00	1.00	1.00
2026-04-07 16:11:22.169	927.56	17.10	67.60	0.00	0.00	1.00	1.00	1.00	1.00
2026-04-07 16:11:23.167	943.22	4.00	67.60	0.00	0.00	1.00	1.00	1.00	1.00
2026-04-07 16:11:24.168	931.45	3.70	67.60	0.00	0.00	1.00	1.00	1.00	1.00
2026-04-07 16:11:25.167	948.65	6.40	67.60	0.00	0.00	1.00	1.00	1.00	1.00
2026-04-07 16:11:26.168	940.92	5.70	67.60	0.00	0.00	1.00	1.00	1.00	1.00
2026-04-07 16:11:27.167	935.44	40.10	67.70	0.00	0.00	1.00	1.00	1.00	1.00
2026-04-07 16:11:28.169	942.44	15.10	67.70	0.00	0.00	1.00	1.00	1.00	1.00
2026-04-07 16:11:29.168	958.95	4.50	67.70	0.00	0.00	1.00	1.00	1.00	1.00
2026-04-07 16:11:30.168	947.98	14.30	67.80	0.00	0.00	1.00	1.00	1.00	1.00
2026-04-07 16:11:31.167	952.50	6.80	67.80	0.00	0.00	1.00	1.00	1.00	1.00
2026-04-07 16:11:32.169	950.34	5.80	67.80	0.00	0.00	1.00	1.00	1.00	1.00
2026-04-07 16:11:33.167	953.67	5.70	67.80	0.00	0.00	1.00	1.00	1.00	1.00
2026-04-07 16:11:34.168	952.96	5.90	67.80	0.00	0.00	1.00	1.00	1.00	1.00
2026-04-07 16:11:35.167	952.78	4.80	67.80	0.00	0.00	1.00	1.00	1.00	1.00
2026-04-07 16:11:36.168	951.61	5.70	67.80	0.00	0.00	1.00	1.00	1.00	1.00
2026-04-07 16:11:37.167	954.61	4.70	67.80	0.00	0.00	1.00	1.00	1.00	1.00
2026-04-07 16:11:38.168	960.93	12.80	67.80	0.00	0.00	1.00	1.00	1.00	1.00
2026-04-07 16:11:39.167	946.93	3.50	67.80	0.00	0.00	1.00	1.00	1.00	1.00
2026-04-07 16:11:40.169	954.79	4.70	67.80	0.00	0.00	1.00	1.00	1.00	1.00
2026-04-07 16:11:41.167	953.19	5.20	67.80	0.00	0.00	1.00	1.00	1.00	1.00
2026-04-07 16:11:42.168	957.50	4.80	67.80	0.00	0.00	1.00	1.00	1.00	1.00
2026-04-07 16:11:43.167	958.55	4.40	67.80	0.00	0.00	1.00	1.00	1.00	1.00
2026-04-07 16:11:44.168	953.54	3.80	67.80	0.00	0.00	1.00	1.00	1.00	1.00
2026-04-07 16:11:45.167	956.73	3.80	67.80	0.00	0.00	1.00	1.00	1.00	1.00
2026-04-07 16:11:46.168	944.60	13.30	67.80	0.00	0.00	1.00	1.00	1.00	1.00
2026-04-07 16:11:47.167	955.25	4.40	67.80	0.00	0.00	1.00	1.00	1.00	1.00
2026-04-07 16:11:48.168	946.88	5.00	67.80	0.00	0.00	1.00	1.00	1.00	1.00
2026-04-07 16:11:49.167	951.28	3.40	67.80	0.00	0.00	1.00	1.00	1.00	1.00
2026-04-07 16:11:50.168	945.37	3.70	67.90	0.00	0.00	1.00	1.00	1.00	1.00
2026-04-07 16:11:51.168	947.95	4.50	67.90	0.00	0.00	1.00	1.00	1.00	1.00
2026-04-07 16:11:52.168	933.54	3.50	67.90	0.00	0.00	1.00	1.00	1.00	1.00
2026-04-07 16:11:53.167	942.75	4.70	67.90	0.00	0.00	1.00	1.00	1.00	1.00
2026-04-07 16:11:54.168	935.78	11.00	67.90	0.00	0.00	1.00	1.00	1.00	1.00
2026-04-07 16:11:55.167	940.72	20.60	68.30	0.00	0.00	1.00	1.00	1.00	1.00
2026-04-07 16:11:56.168	932.72	11.50	68.50	0.00	0.00	1.00	1.00	1.00	1.00
2026-04-07 16:11:57.167	929.20	22.70	68.60	0.00	0.00	1.00	1.00	1.00	1.00
2026-04-07 16:11:58.168	931.01	6.60	68.60	0.00	0.00	1.00	1.00	1.00	1.00
2026-04-07 16:11:59.167	928.96	6.70	68.60	0.00	0.00	1.00	1.00	1.00	1.00
2026-04-07 16:12:00.168	929.32	6.50	68.60	0.00	0.00	1.00	1.00	1.00	1.00
2026-04-07 16:12:01.167	930.70	9.30	68.60	0.00	0.00	1.00	1.00	1.00	1.00
2026-04-07 16:12:02.168	939.07	11.80	68.60	0.00	0.00	1.00	1.00	1.00	1.00
2026-04-07 16:12:03.167	926.97	5.60	68.60	0.00	0.00	1.00	1.00	1.00	1.00
2026-04-07 16:12:04.169	924.36	7.40	68.60	0.00	0.00	1.00	1.00	1.00	1.00
2026-04-07 16:12:05.167	925.44	7.60	68.60	0.00	0.00	1.00	1.00	1.00	1.00
2026-04-07 16:12:06.168	933.25	9.80	68.60	0.00	0.00	1.00	1.00	1.00	1.00
2026-04-07 16:12:07.167	934.58	6.60	68.60	0.00	0.00	1.00	1.00	1.00	1.00
2026-04-07 16:12:08.168	921.24	7.90	68.60	0.00	0.00	1.00	1.00	1.00	1.00
2026-04-07 16:12:09.168	930.01	12.30	68.60	0.00	0.00	1.00	1.00	1.00	1.00
2026-04-07 16:12:10.169	921.59	9.50	68.60	0.00	0.00	1.00	1.00	1.00	1.00
2026-04-07 16:12:11.167	927.18	8.90	68.60	0.00	0.00	1.00	1.00	1.00	1.00
2026-04-07 16:12:12.169	924.77	7.20	68.60	0.00	0.00	1.00	1.00	1.00	1.00
2026-04-07 16:12:13.168	926.87	7.50	68.60	0.00	0.00	1.00	1.00	1.00	1.00
2026-04-07 16:12:14.168	921.53	6.60	68.60	0.00	0.00	1.00	1.00	1.00	1.00
2026-04-07 16:12:15.167	934.91	6.10	68.60	0.00	0.00	1.00	1.00	1.00	1.00
2026-04-07 16:12:16.169	920.40	8.40	68.60	0.00	0.00	1.00	1.00	1.00	1.00
2026-04-07 16:12:17.168	936.68	15.20	68.70	0.00	0.00	1.00	1.00	1.00	1.00
2026-04-07 16:12:18.169	935.60	8.40	68.60	0.00	0.00	1.00	1.00	1.00	1.00
2026-04-07 16:12:19.167	939.18	6.90	68.60	0.00	0.00	1.00	1.00	1.00	1.00
2026-04-07 16:12:20.168	921.11	7.80	68.60	0.00	0.00	1.00	1.00	1.00	1.00
2026-04-07 16:12:21.168	938.81	8.00	68.70	0.00	0.00	1.00	1.00	1.00	1.00
2026-04-07 16:12:22.169	924.88	7.50	68.60	0.00	0.00	1.00	1.00	1.00	1.00
2026-04-07 16:12:23.167	935.22	7.20	68.60	0.00	0.00	1.00	1.00	1.00	1.00
2026-04-07 16:12:24.168	945.02	6.20	68.60	0.00	0.00	1.00	1.00	1.00	1.00
2026-04-07 16:12:25.168	944.67	14.10	68.60	0.00	0.00	1.00	1.00	1.00	1.00
2026-04-07 16:12:26.168	925.34	8.90	68.60	0.00	0.00	1.00	1.00	1.00	1.00
2026-04-07 16:12:27.167	943.48	6.30	68.60	0.00	0.00	1.00	1.00	1.00	1.00
2026-04-07 16:12:28.168	943.08	6.70	68.60	0.00	0.00	1.00	1.00	1.00	1.00
2026-04-07 16:12:29.167	942.96	6.20	68.60	0.00	0.00	1.00	1.00	1.00	1.00
2026-04-07 16:12:30.168	955.18	6.30	68.60	0.00	0.00	1.00	1.00	1.00	1.00
2026-04-07 16:12:31.167	950.22	7.80	68.60	0.00	0.00	1.00	1.00	1.00	1.00
2026-04-07 16:12:32.168	949.03	9.30	68.60	0.00	0.00	1.00	1.00	1.00	1.00
2026-04-07 16:12:33.168	942.83	14.30	68.60	0.00	0.00	1.00	1.00	1.00	1.00
2026-04-07 16:12:34.169	941.08	6.30	68.60	0.00	0.00	1.00	1.00	1.00	1.00
2026-04-07 16:12:35.167	959.15	7.50	68.60	0.00	0.00	1.00	1.00	1.00	1.00
2026-04-07 16:12:36.168	959.44	7.90	68.60	0.00	0.00	1.00	1.00	1.00	1.00
2026-04-07 16:12:37.168	954.45	6.70	68.60	0.00	0.00	1.00	1.00	1.00	1.00
2026-04-07 16:12:38.168	945.53	6.60	68.60	0.00	0.00	1.00	1.00	1.00	1.00
2026-04-07 16:12:39.167	964.91	3.40	68.60	0.00	0.00	1.00	1.00	1.00	1.00
2026-04-07 16:12:40.170	949.63	11.40	68.00	0.00	0.00	1.00	1.00	1.00	1.00
2026-04-07 16:12:41.168	953.87	15.80	68.00	0.00	0.00	1.00	1.00	1.00	1.00
2026-04-07 16:12:42.168	951.28	4.20	68.00	0.00	0.00	1.00	1.00	1.00	1.00
2026-04-07 16:12:43.167	962.90	4.50	68.00	0.00	0.00	1.00	1.00	1.00	1.00
2026-04-07 16:12:44.168	951.06	5.70	68.00	0.00	0.00	1.00	1.00	1.00	1.00
2026-04-07 16:12:45.168	954.80	5.70	68.00	0.00	0.00	1.00	1.00	1.00	1.00
2026-04-07 16:12:46.169	951.12	5.10	68.00	0.00	0.00	1.00	1.00	1.00	1.00
2026-04-07 16:12:47.167	957.13	4.70	68.00	0.00	0.00	1.00	1.00	1.00	1.00
2026-04-07 16:12:48.168	956.99	3.80	68.00	0.00	0.00	1.00	1.00	1.00	1.00
2026-04-07 16:12:49.167	951.42	29.20	68.70	0.00	0.00	1.00	1.00	1.00	1.00
2026-04-07 16:12:50.168	950.54	6.40	68.70	0.00	0.00	1.00	1.00	1.00	1.00
2026-04-07 16:12:51.168	964.55	10.40	68.70	0.00	0.00	1.00	1.00	1.00	1.00
2026-04-07 16:12:52.169	955.15	7.40	68.70	0.00	0.00	1.00	1.00	1.00	1.00
2026-04-07 16:12:53.167	955.23	6.70	68.70	0.00	0.00	1.00	1.00	1.00	1.00
2026-04-07 16:12:54.168	955.06	6.50	68.70	0.00	0.00	1.00	1.00	1.00	1.00
2026-04-07 16:12:55.168	956.86	5.10	68.70	0.00	0.00	1.00	1.00	1.00	1.00
2026-04-07 16:12:56.169	950.71	7.90	68.70	0.00	0.00	1.00	1.00	1.00	1.00
2026-04-07 16:12:57.168	951.04	15.00	68.70	0.00	0.00	1.00	1.00	1.00	1.00
2026-04-07 16:12:58.169	947.28	7.20	68.70	0.00	0.00	1.00	1.00	1.00	1.00
2026-04-07 16:12:59.167	947.16	6.40	68.70	0.00	0.00	1.00	1.00	1.00	1.00
2026-04-07 16:13:00.168	947.03	6.50	68.70	0.00	0.00	1.00	1.00	1.00	1.00
2026-04-07 16:13:01.168	938.69	11.20	68.70	0.00	0.00	1.00	1.00	1.00	1.00
2026-04-07 16:13:02.168	935.45	7.30	68.70	0.00	0.00	1.00	1.00	1.00	1.00
2026-04-07 16:13:03.167	938.86	6.50	68.70	0.00	0.00	1.00	1.00	1.00	1.00
2026-04-07 16:13:04.169	934.44	6.50	68.70	0.00	0.00	1.00	1.00	1.00	1.00
2026-04-07 16:13:05.167	927.61	12.10	68.70	0.00	0.00	1.00	1.00	1.00	1.00
2026-04-07 16:13:06.168	933.08	7.20	68.70	0.00	0.00	1.00	1.00	1.00	1.00
2026-04-07 16:13:07.167	932.85	7.50	68.70	0.00	0.00	1.00	1.00	1.00	1.00
2026-04-07 16:13:08.168	916.98	6.10	68.70	0.00	0.00	1.00	1.00	1.00	1.00
2026-04-07 16:13:09.167	933.12	5.70	68.70	0.00	0.00	1.00	1.00	1.00	1.00
2026-04-07 16:13:10.168	909.01	5.70	68.70	0.00	0.00	1.00	1.00	1.00	1.00
2026-04-07 16:13:11.167	920.82	7.30	68.60	0.00	0.00	1.00	1.00	1.00	1.00
2026-04-07 16:13:12.170	906.12	10.30	68.60	0.00	0.00	1.00	1.00	1.00	1.00
2026-04-07 16:13:13.168	919.61	16.20	68.70	0.00	0.00	1.00	1.00	1.00	1.00
2026-04-07 16:13:14.168	909.58	5.90	68.70	0.00	0.00	1.00	1.00	1.00	1.00
2026-04-07 16:13:15.167	916.66	5.40	68.70	0.00	0.00	1.00	1.00	1.00	1.00
2026-04-07 16:13:16.169	917.05	7.40	68.70	0.00	0.00	1.00	1.00	1.00	1.00
2026-04-07 16:13:17.167	919.06	6.10	68.70	0.00	0.00	1.00	1.00	1.00	1.00
2026-04-07 16:13:18.168	925.33	6.20	68.70	0.00	0.00	1.00	1.00	1.00	1.00
2026-04-07 16:13:19.168	920.45	5.70	68.70	0.00	0.00	1.00	1.00	1.00	1.00
2026-04-07 16:13:20.169	920.34	12.70	68.70	0.00	0.00	1.00	1.00	1.00	1.00
2026-04-07 16:13:21.167	913.86	8.10	68.70	0.00	0.00	1.00	1.00	1.00	1.00
2026-04-07 16:13:22.168	927.05	7.40	68.70	0.00	0.00	1.00	1.00	1.00	1.00
2026-04-07 16:13:23.167	929.27	7.30	68.70	0.00	0.00	1.00	1.00	1.00	1.00
2026-04-07 16:13:24.168	923.04	7.30	68.70	0.00	0.00	1.00	1.00	1.00	1.00
2026-04-07 16:13:25.168	924.49	6.20	68.70	0.00	0.00	1.00	1.00	1.00	1.00
2026-04-07 16:13:26.168	919.40	10.20	68.70	0.00	0.00	1.00	1.00	1.00	1.00
2026-04-07 16:13:27.168	930.58	6.70	68.70	0.00	0.00	1.00	1.00	1.00	1.00
2026-04-07 16:13:28.169	930.30	13.50	68.70	0.00	0.00	1.00	1.00	1.00	1.00
2026-04-07 16:13:29.168	925.65	6.40	68.70	0.00	0.00	1.00	1.00	1.00	1.00
2026-04-07 16:13:30.169	921.01	6.00	68.70	0.00	0.00	1.00	1.00	1.00	1.00
2026-04-07 16:13:31.168	928.66	8.10	68.70	0.00	0.00	1.00	1.00	1.00	1.00
2026-04-07 16:13:32.169	931.37	7.00	68.70	0.00	0.00	1.00	1.00	1.00	1.00
2026-04-07 16:13:33.167	933.15	5.70	68.70	0.00	0.00	1.00	1.00	1.00	1.00
2026-04-07 16:13:34.169	936.91	8.20	68.70	0.00	0.00	1.00	1.00	1.00	1.00
2026-04-07 16:13:35.167	929.15	7.10	68.70	0.00	0.00	1.00	1.00	1.00	1.00
2026-04-07 16:13:36.168	931.10	13.60	68.70	0.00	0.00	1.00	1.00	1.00	1.00
2026-04-07 16:13:37.168	934.70	6.80	68.70	0.00	0.00	1.00	1.00	1.00	1.00
2026-04-07 16:13:38.169	930.95	7.00	68.70	0.00	0.00	1.00	1.00	1.00	1.00
2026-04-07 16:13:39.167	939.34	6.20	68.70	0.00	0.00	1.00	1.00	1.00	1.00
2026-04-07 16:13:40.169	940.77	6.70	68.70	0.00	0.00	1.00	1.00	1.00	1.00
2026-04-07 16:13:41.167	951.07	8.00	68.70	0.00	0.00	1.00	1.00	1.00	1.00
2026-04-07 16:13:42.169	944.89	5.70	68.70	0.00	0.00	1.00	1.00	1.00	1.00
2026-04-07 16:13:43.168	955.02	7.00	68.60	0.00	0.00	1.00	1.00	1.00	1.00
2026-04-07 16:13:44.168	949.24	14.10	68.70	0.00	0.00	1.00	1.00	1.00	1.00
2026-04-07 16:13:45.168	944.78	5.40	68.70	0.00	0.00	1.00	1.00	1.00	1.00
2026-04-07 16:13:46.169	948.76	7.70	68.70	0.00	0.00	1.00	1.00	1.00	1.00
2026-04-07 16:13:47.167	953.43	7.00	68.70	0.00	0.00	1.00	1.00	1.00	1.00
2026-04-07 16:13:48.168	957.09	6.50	68.70	0.00	0.00	1.00	1.00	1.00	1.00
2026-04-07 16:13:49.168	960.39	6.80	68.70	0.00	0.00	1.00	1.00	1.00	1.00
2026-04-07 16:13:50.168	959.70	6.50	68.70	0.00	0.00	1.00	1.00	1.00	1.00
2026-04-07 16:13:51.167	958.90	6.10	68.70	0.00	0.00	1.00	1.00	1.00	1.00
2026-04-07 16:13:52.169	956.46	14.70	68.70	0.00	0.00	1.00	1.00	1.00	1.00
2026-04-07 16:13:53.167	955.63	6.40	68.70	0.00	0.00	1.00	1.00	1.00	1.00
2026-04-07 16:13:54.168	962.80	11.70	68.60	0.00	0.00	1.00	1.00	1.00	1.00
2026-04-07 16:13:55.168	952.86	5.40	68.60	0.00	0.00	1.00	1.00	1.00	1.00
2026-04-07 16:13:56.168	963.20	7.70	68.60	0.00	0.00	1.00	1.00	1.00	1.00
2026-04-07 16:13:57.167	953.05	6.20	68.60	0.00	0.00	1.00	1.00	1.00	1.00
2026-04-07 16:13:58.169	956.19	7.00	68.60	0.00	0.00	1.00	1.00	1.00	1.00
2026-04-07 16:13:59.167	951.81	7.20	68.60	0.00	0.00	1.00	1.00	1.00	1.00
2026-04-07 16:14:00.169	954.32	12.50	68.60	0.00	0.00	1.00	1.00	1.00	1.00
2026-04-07 16:14:01.167	945.52	8.00	68.60	0.00	0.00	1.00	1.00	1.00	1.00
2026-04-07 16:14:02.168	959.11	7.20	68.60	0.00	0.00	1.00	1.00	1.00	1.00
2026-04-07 16:14:03.167	961.12	5.70	68.60	0.00	0.00	1.00	1.00	1.00	1.00
2026-04-07 16:14:04.168	956.85	5.40	68.60	0.00	0.00	1.00	1.00	1.00	1.00
2026-04-07 16:14:05.168	954.00	15.50	66.70	0.00	0.00	1.00	1.00	1.00	1.00
2026-04-07 16:14:06.168	952.24	7.20	66.70	0.00	0.00	1.00	1.00	1.00	1.00
2026-04-07 16:14:07.169	941.64	8.60	66.70	0.00	0.00	1.00	1.00	1.00	1.00
2026-04-07 16:14:08.168	956.40	10.60	66.70	0.00	0.00	1.00	1.00	1.00	1.00
2026-04-07 16:14:09.167	944.87	5.70	66.70	0.00	0.00	1.00	1.00	1.00	1.00
2026-04-07 16:14:10.168	940.99	5.70	66.70	0.00	0.00	1.00	1.00	1.00	1.00
2026-04-07 16:14:11.167	950.81	7.10	66.70	0.00	0.00	1.00	1.00	1.00	1.00
2026-04-07 16:14:12.169	940.85	6.40	66.70	0.00	0.00	1.00	1.00	1.00	1.00
2026-04-07 16:14:13.168	950.81	5.90	66.70	0.00	0.00	1.00	1.00	1.00	1.00
2026-04-07 16:14:14.169	937.25	7.00	66.70	0.00	0.00	1.00	1.00	1.00	1.00
2026-04-07 16:14:15.169	945.99	11.00	66.70	0.00	0.00	1.00	1.00	1.00	1.00
2026-04-07 16:14:16.169	941.57	17.20	66.70	0.00	0.00	1.00	1.00	1.00	1.00
2026-04-07 16:14:17.167	941.68	7.20	66.70	0.00	0.00	1.00	1.00	1.00	1.00
2026-04-07 16:14:18.168	943.07	6.20	66.70	0.00	0.00	1.00	1.00	1.00	1.00
2026-04-07 16:14:19.167	948.84	6.20	66.70	0.00	0.00	1.00	1.00	1.00	1.00
2026-04-07 16:14:20.168	941.20	7.00	66.70	0.00	0.00	1.00	1.00	1.00	1.00
2026-04-07 16:14:21.167	944.79	7.40	66.70	0.00	0.00	1.00	1.00	1.00	1.00
2026-04-07 16:14:22.168	931.63	9.00	66.00	0.00	0.00	1.00	1.00	1.00	1.00
2026-04-07 16:14:23.167	936.56	15.60	66.10	0.00	0.00	1.00	1.00	1.00	1.00
2026-04-07 16:14:24.168	941.37	3.70	66.10	0.00	0.00	1.00	1.00	1.00	1.00
2026-04-07 16:14:25.167	934.66	2.90	66.10	0.00	0.00	1.00	1.00	1.00	1.00
2026-04-07 16:14:26.168	933.36	5.40	66.10	0.00	0.00	1.00	1.00	1.00	1.00
2026-04-07 16:14:27.167	934.60	5.20	66.10	0.00	0.00	1.00	1.00	1.00	1.00
2026-04-07 16:14:28.168	927.14	3.20	66.10	0.00	0.00	1.00	1.00	1.00	1.00
2026-04-07 16:14:29.167	937.15	12.10	66.30	0.00	0.00	1.00	1.00	1.00	1.00
2026-04-07 16:14:30.169	932.44	15.60	66.80	0.00	0.00	1.00	1.00	1.00	1.00
2026-04-07 16:14:31.168	928.19	18.60	66.80	0.00	0.00	1.00	1.00	1.00	1.00
2026-04-07 16:14:32.168	925.94	9.10	66.80	0.00	0.00	1.00	1.00	1.00	1.00
2026-04-07 16:14:33.167	927.22	6.00	66.80	0.00	0.00	1.00	1.00	1.00	1.00
2026-04-07 16:14:34.168	920.99	6.40	66.80	0.00	0.00	1.00	1.00	1.00	1.00
2026-04-07 16:14:35.167	922.92	5.70	66.80	0.00	0.00	1.00	1.00	1.00	1.00
2026-04-07 16:14:36.169	926.75	7.30	66.80	0.00	0.00	1.00	1.00	1.00	1.00
2026-04-07 16:14:37.167	929.15	7.40	66.80	0.00	0.00	1.00	1.00	1.00	1.00
2026-04-07 16:14:38.168	923.43	6.90	66.80	0.00	0.00	1.00	1.00	1.00	1.00
2026-04-07 16:14:39.167	942.56	13.20	66.80	0.00	0.00	1.00	1.00	1.00	1.00
2026-04-07 16:14:40.168	939.29	6.00	66.80	0.00	0.00	1.00	1.00	1.00	1.00
2026-04-07 16:14:41.167	936.64	8.90	66.80	0.00	0.00	1.00	1.00	1.00	1.00
2026-04-07 16:14:42.168	929.35	7.60	66.80	0.00	0.00	1.00	1.00	1.00	1.00
2026-04-07 16:14:43.167	938.90	6.20	66.80	0.00	0.00	1.00	1.00	1.00	1.00
2026-04-07 16:14:44.168	931.13	5.60	66.80	0.00	0.00	1.00	1.00	1.00	1.00
2026-04-07 16:14:45.167	936.77	6.50	66.80	0.00	0.00	1.00	1.00	1.00	1.00
2026-04-07 16:14:46.169	932.49	7.20	66.80	0.00	0.00	1.00	1.00	1.00	1.00
2026-04-07 16:14:47.167	933.32	15.80	66.80	0.00	0.00	1.00	1.00	1.00	1.00
2026-04-07 16:14:48.168	945.32	6.20	66.80	0.00	0.00	1.00	1.00	1.00	1.00
2026-04-07 16:14:49.167	936.88	5.40	66.80	0.00	0.00	1.00	1.00	1.00	1.00
2026-04-07 16:14:50.168	945.23	6.70	66.80	0.00	0.00	1.00	1.00	1.00	1.00
2026-04-07 16:14:51.167	940.55	7.70	66.80	0.00	0.00	1.00	1.00	1.00	1.00
2026-04-07 16:14:52.168	937.19	8.60	66.80	0.00	0.00	1.00	1.00	1.00	1.00
2026-04-07 16:14:53.167	935.11	6.20	66.80	0.00	0.00	1.00	1.00	1.00	1.00
2026-04-07 16:14:54.168	938.92	7.00	66.80	0.00	0.00	1.00	1.00	1.00	1.00
2026-04-07 16:14:55.167	934.91	13.40	66.80	0.00	0.00	1.00	1.00	1.00	1.00
2026-04-07 16:14:56.169	936.90	9.20	66.80	0.00	0.00	1.00	1.00	1.00	1.00
2026-04-07 16:14:57.167	928.99	7.00	66.80	0.00	0.00	1.00	1.00	1.00	1.00
2026-04-07 16:14:58.169	936.91	10.60	66.80	0.00	0.00	1.00	1.00	1.00	1.00
2026-04-07 16:14:59.167	929.64	21.40	66.90	0.00	0.00	1.00	1.00	1.00	1.00
2026-04-07 16:15:00.167	939.77	21.30	66.90	0.00	0.00	1.00	1.00	1.00	1.00
2026-04-07 16:15:01.167	940.20	22.90	66.90	0.00	0.00	1.00	1.00	1.00	1.00
2026-04-07 16:15:02.168	947.26	23.90	66.90	0.00	0.00	1.00	1.00	1.00	1.00
2026-04-07 16:15:03.167	936.26	15.40	66.90	0.00	0.00	1.00	1.00	1.00	1.00
2026-04-07 16:15:04.168	925.43	10.50	66.90	0.00	0.00	1.00	1.00	1.00	1.00
2026-04-07 16:15:05.167	942.71	6.10	66.90	0.00	0.00	1.00	1.00	1.00	1.00
2026-04-07 16:15:06.169	946.83	11.20	66.90	0.00	0.00	1.00	1.00	1.00	1.00
2026-04-07 16:15:07.168	946.69	9.80	66.90	0.00	0.00	1.00	1.00	1.00	1.00
2026-04-07 16:15:08.168	949.71	5.90	66.90	0.00	0.00	1.00	1.00	1.00	1.00
2026-04-07 16:15:09.167	944.84	6.50	66.90	0.00	0.00	1.00	1.00	1.00	1.00
2026-04-07 16:15:10.168	946.79	13.30	66.90	0.00	0.00	1.00	1.00	1.00	1.00
2026-04-07 16:15:11.167	946.98	9.10	66.90	0.00	0.00	1.00	1.00	1.00	1.00
2026-04-07 16:15:12.169	944.90	8.50	66.90	0.00	0.00	1.00	1.00	1.00	1.00
2026-04-07 16:15:13.167	935.57	19.20	67.30	0.00	0.00	1.00	1.00	1.00	1.00
2026-04-07 16:15:14.169	936.06	20.50	67.60	0.00	0.00	1.00	1.00	1.00	1.00
2026-04-07 16:15:15.168	942.58	19.60	67.70	0.00	0.00	1.00	1.00	1.00	1.00
2026-04-07 16:15:16.169	945.80	13.60	67.70	0.00	0.00	1.00	1.00	1.00	1.00
2026-04-07 16:15:17.168	946.98	13.00	67.70	0.00	0.00	1.00	1.00	1.00	1.00
2026-04-07 16:15:18.168	941.18	15.90	67.70	0.00	0.00	1.00	1.00	1.00	1.00
2026-04-07 16:15:19.167	938.95	7.60	67.70	0.00	0.00	1.00	1.00	1.00	1.00
2026-04-07 16:15:20.169	936.43	7.10	67.70	0.00	0.00	1.00	1.00	1.00	1.00
2026-04-07 16:15:21.168	943.42	13.10	67.70	0.00	0.00	1.00	1.00	1.00	1.00
2026-04-07 16:15:22.168	933.25	10.50	67.70	0.00	0.00	1.00	1.00	1.00	1.00
2026-04-07 16:15:23.168	938.73	9.20	67.70	0.00	0.00	1.00	1.00	1.00	1.00
2026-04-07 16:15:24.168	935.37	8.80	67.70	0.00	0.00	1.00	1.00	1.00	1.00
2026-04-07 16:15:25.167	941.10	10.70	67.70	0.00	0.00	1.00	1.00	1.00	1.00
2026-04-07 16:15:26.168	942.88	20.80	67.70	0.00	0.00	1.00	1.00	1.00	1.00
2026-04-07 16:15:27.167	940.88	9.90	67.70	0.00	0.00	1.00	1.00	1.00	1.00
2026-04-07 16:15:28.168	937.19	9.00	67.70	0.00	0.00	1.00	1.00	1.00	1.00
2026-04-07 16:15:29.167	944.95	6.70	67.70	0.00	0.00	1.00	1.00	1.00	1.00
2026-04-07 16:15:30.168	941.01	8.20	67.70	0.00	0.00	1.00	1.00	1.00	1.00
2026-04-07 16:15:31.168	940.50	13.40	67.70	0.00	0.00	1.00	1.00	1.00	1.00
2026-04-07 16:15:32.169	937.24	12.50	67.00	0.00	0.00	1.00	1.00	1.00	1.00
2026-04-07 16:15:33.168	946.68	14.50	67.00	0.00	0.00	1.00	1.00	1.00	1.00
2026-04-07 16:15:34.168	941.60	9.50	67.00	0.00	0.00	1.00	1.00	1.00	1.00
2026-04-07 16:15:35.168	940.47	7.90	67.00	0.00	0.00	1.00	1.00	1.00	1.00
2026-04-07 16:15:36.168	941.36	12.50	66.90	0.00	0.00	1.00	1.00	1.00	1.00
2026-04-07 16:15:37.167	949.06	7.40	66.90	0.00	0.00	1.00	1.00	1.00	1.00
2026-04-07 16:15:38.168	949.17	8.00	66.90	0.00	0.00	1.00	1.00	1.00	1.00
2026-04-07 16:15:39.167	950.98	6.40	66.90	0.00	0.00	1.00	1.00	1.00	1.00
2026-04-07 16:15:40.168	942.90	6.40	66.90	0.00	0.00	1.00	1.00	1.00	1.00
2026-04-07 16:15:41.167	948.91	15.10	66.90	0.00	0.00	1.00	1.00	1.00	1.00
2026-04-07 16:15:42.168	951.04	6.40	66.90	0.00	0.00	1.00	1.00	1.00	1.00
2026-04-07 16:15:43.167	951.16	7.40	66.90	0.00	0.00	1.00	1.00	1.00	1.00
2026-04-07 16:15:44.168	941.13	8.00	66.90	0.00	0.00	1.00	1.00	1.00	1.00
2026-04-07 16:15:45.167	940.92	6.00	66.90	0.00	0.00	1.00	1.00	1.00	1.00
2026-04-07 16:15:46.169	940.57	8.00	66.90	0.00	0.00	1.00	1.00	1.00	1.00
2026-04-07 16:15:47.167	941.14	7.70	66.90	0.00	0.00	1.00	1.00	1.00	1.00
2026-04-07 16:15:48.168	939.33	7.20	66.90	0.00	0.00	1.00	1.00	1.00	1.00
2026-04-07 16:15:49.168	932.58	14.10	66.80	0.00	0.00	1.00	1.00	1.00	1.00
2026-04-07 16:15:50.168	943.45	6.70	66.80	0.00	0.00	1.00	1.00	1.00	1.00
2026-04-07 16:15:51.167	946.68	7.80	66.80	0.00	0.00	1.00	1.00	1.00	1.00
2026-04-07 16:15:52.168	945.08	7.00	66.80	0.00	0.00	1.00	1.00	1.00	1.00
2026-04-07 16:15:53.167	925.11	5.90	66.80	0.00	0.00	1.00	1.00	1.00	1.00
2026-04-07 16:15:54.168	937.14	6.20	66.80	0.00	0.00	1.00	1.00	1.00	1.00
2026-04-07 16:15:55.167	934.72	6.50	66.80	0.00	0.00	1.00	1.00	1.00	1.00
2026-04-07 16:15:56.168	941.10	7.60	66.80	0.00	0.00	1.00	1.00	1.00	1.00
2026-04-07 16:15:57.167	940.89	13.50	66.80	0.00	0.00	1.00	1.00	1.00	1.00
2026-04-07 16:15:58.168	938.96	5.60	66.80	0.00	0.00	1.00	1.00	1.00	1.00
2026-04-07 16:15:59.167	941.08	9.00	66.80	0.00	0.00	1.00	1.00	1.00	1.00
2026-04-07 16:16:00.168	943.22	6.20	66.80	0.00	0.00	1.00	1.00	1.00	1.00
2026-04-07 16:16:01.168	938.55	7.90	66.80	0.00	0.00	1.00	1.00	1.00	1.00
2026-04-07 16:16:02.168	941.12	7.20	66.90	0.00	0.00	1.00	1.00	1.00	1.00
2026-04-07 16:16:03.167	939.29	5.70	66.90	0.00	0.00	1.00	1.00	1.00	1.00
2026-04-07 16:16:04.169	938.07	10.90	66.90	0.00	0.00	1.00	1.00	1.00	1.00
2026-04-07 16:16:05.167	942.04	9.30	66.90	0.00	0.00	1.00	1.00	1.00	1.00
2026-04-07 16:16:06.168	940.66	7.80	66.80	0.00	0.00	1.00	1.00	1.00	1.00
2026-04-07 16:16:07.167	941.09	7.20	66.80	0.00	0.00	1.00	1.00	1.00	1.00
2026-04-07 16:16:08.168	933.42	6.80	66.80	0.00	0.00	1.00	1.00	1.00	1.00
2026-04-07 16:16:09.167	942.69	5.20	66.80	0.00	0.00	1.00	1.00	1.00	1.00
2026-04-07 16:16:10.168	945.02	6.00	66.80	0.00	0.00	1.00	1.00	1.00	1.00
2026-04-07 16:16:11.167	932.93	9.40	66.80	0.00	0.00	1.00	1.00	1.00	1.00
2026-04-07 16:16:12.169	934.20	13.90	66.80	0.00	0.00	1.00	1.00	1.00	1.00
2026-04-07 16:16:13.167	939.72	6.70	66.80	0.00	0.00	1.00	1.00	1.00	1.00
2026-04-07 16:16:14.168	939.62	7.30	66.80	0.00	0.00	1.00	1.00	1.00	1.00
2026-04-07 16:16:15.167	932.42	5.70	66.80	0.00	0.00	1.00	1.00	1.00	1.00
2026-04-07 16:16:16.169	940.66	7.20	66.90	0.00	0.00	1.00	1.00	1.00	1.00
2026-04-07 16:16:17.167	939.20	7.70	66.90	0.00	0.00	1.00	1.00	1.00	1.00
2026-04-07 16:16:18.168	923.17	6.30	66.90	0.00	0.00	1.00	1.00	1.00	1.00
2026-04-07 16:16:19.167	922.81	6.70	66.90	0.00	0.00	1.00	1.00	1.00	1.00
2026-04-07 16:16:20.169	926.76	13.50	66.90	0.00	0.00	1.00	1.00	1.00	1.00
2026-04-07 16:16:21.168	927.09	7.10	66.90	0.00	0.00	1.00	1.00	1.00	1.00
2026-04-07 16:16:22.169	923.05	6.90	66.90	0.00	0.00	1.00	1.00	1.00	1.00
2026-04-07 16:16:23.167	937.28	6.40	66.90	0.00	0.00	1.00	1.00	1.00	1.00
2026-04-07 16:16:24.168	923.28	5.70	66.90	0.00	0.00	1.00	1.00	1.00	1.00
2026-04-07 16:16:25.167	932.74	6.70	66.90	0.00	0.00	1.00	1.00	1.00	1.00
2026-04-07 16:16:26.168	926.97	7.70	66.90	0.00	0.00	1.00	1.00	1.00	1.00
2026-04-07 16:16:27.168	930.63	7.30	66.90	0.00	0.00	1.00	1.00	1.00	1.00
2026-04-07 16:16:28.168	917.33	13.50	66.90	0.00	0.00	1.00	1.00	1.00	1.00
2026-04-07 16:16:29.167	925.38	31.00	67.30	0.00	0.00	1.00	1.00	1.00	1.00
2026-04-07 16:16:30.168	938.66	15.80	67.50	0.00	0.00	1.00	1.00	1.00	1.00
2026-04-07 16:16:31.168	934.38	13.00	67.60	0.00	0.00	1.00	1.00	1.00	1.00
2026-04-07 16:16:32.168	935.79	13.60	67.60	0.00	0.00	1.00	1.00	1.00	1.00
2026-04-07 16:16:33.168	942.50	8.10	67.60	0.00	0.00	1.00	1.00	1.00	1.00
2026-04-07 16:16:34.169	932.67	13.10	67.60	0.00	0.00	1.00	1.00	1.00	1.00
2026-04-07 16:16:35.168	940.98	11.50	67.60	0.00	0.00	1.00	1.00	1.00	1.00
2026-04-07 16:16:36.168	942.13	37.20	67.60	0.00	0.00	1.00	1.00	1.00	1.00
2026-04-07 16:16:37.167	944.57	7.00	67.60	0.00	0.00	1.00	1.00	1.00	1.00
2026-04-07 16:16:38.169	945.94	18.00	67.00	0.00	0.00	1.00	1.00	1.00	1.00
2026-04-07 16:16:39.167	939.94	17.00	67.00	0.00	0.00	1.00	1.00	1.00	1.00
2026-04-07 16:16:40.169	938.92	9.70	67.00	0.00	0.00	1.00	1.00	1.00	1.00
2026-04-07 16:16:41.168	938.44	13.60	67.00	0.00	0.00	1.00	1.00	1.00	1.00
2026-04-07 16:16:42.168	932.08	9.70	67.00	0.00	0.00	1.00	1.00	1.00	1.00
2026-04-07 16:16:43.167	936.67	9.60	67.00	0.00	0.00	1.00	1.00	1.00	1.00
2026-04-07 16:16:44.168	945.38	11.10	67.00	0.00	0.00	1.00	1.00	1.00	1.00
2026-04-07 16:16:45.167	944.65	9.00	67.00	0.00	0.00	1.00	1.00	1.00	1.00
2026-04-07 16:16:46.168	943.49	9.70	67.00	0.00	0.00	1.00	1.00	1.00	1.00
2026-04-07 16:16:47.167	944.82	8.20	67.00	0.00	0.00	1.00	1.00	1.00	1.00
2026-04-07 16:16:48.169	945.82	9.20	67.00	0.00	0.00	1.00	1.00	1.00	1.00
2026-04-07 16:16:49.167	959.93	9.40	67.00	0.00	0.00	1.00	1.00	1.00	1.00
2026-04-07 16:16:50.167	958.02	8.10	67.00	0.00	0.00	1.00	1.00	1.00	1.00
2026-04-07 16:16:51.168	951.11	15.70	67.00	0.00	0.00	1.00	1.00	1.00	1.00
2026-04-07 16:16:52.169	960.93	9.60	67.00	0.00	0.00	1.00	1.00	1.00	1.00
2026-04-07 16:16:53.167	960.01	9.10	67.00	0.00	0.00	1.00	1.00	1.00	1.00
2026-04-07 16:16:54.168	959.03	7.40	67.00	0.00	0.00	1.00	1.00	1.00	1.00
2026-04-07 16:16:55.167	954.69	7.70	67.00	0.00	0.00	1.00	1.00	1.00	1.00
2026-04-07 16:16:56.168	958.99	9.70	67.00	0.00	0.00	1.00	1.00	1.00	1.00
2026-04-07 16:16:57.168	958.85	9.50	67.00	0.00	0.00	1.00	1.00	1.00	1.00
2026-04-07 16:16:58.168	955.31	7.00	67.00	0.00	0.00	1.00	1.00	1.00	1.00
2026-04-07 16:16:59.167	947.00	17.20	67.00	0.00	0.00	1.00	1.00	1.00	1.00
2026-04-07 16:17:00.168	955.45	7.00	67.00	0.00	0.00	1.00	1.00	1.00	1.00
2026-04-07 16:17:01.167	954.55	9.10	67.00	0.00	0.00	1.00	1.00	1.00	1.00
2026-04-07 16:17:02.168	944.91	9.10	67.00	0.00	0.00	1.00	1.00	1.00	1.00
2026-04-07 16:17:03.167	945.05	6.20	67.00	0.00	0.00	1.00	1.00	1.00	1.00
2026-04-07 16:17:04.169	946.77	7.20	67.00	0.00	0.00	1.00	1.00	1.00	1.00
2026-04-07 16:17:05.167	939.04	7.70	67.00	0.00	0.00	1.00	1.00	1.00	1.00
2026-04-07 16:17:06.168	951.51	9.50	67.00	0.00	0.00	1.00	1.00	1.00	1.00
2026-04-07 16:17:07.167	940.56	15.50	67.00	0.00	0.00	1.00	1.00	1.00	1.00
2026-04-07 16:17:08.168	933.08	7.40	67.00	0.00	0.00	1.00	1.00	1.00	1.00
2026-04-07 16:17:09.167	938.90	8.30	67.00	0.00	0.00	1.00	1.00	1.00	1.00
2026-04-07 16:17:10.169	936.89	8.00	67.00	0.00	0.00	1.00	1.00	1.00	1.00
2026-04-07 16:17:11.167	943.27	12.70	67.00	0.00	0.00	1.00	1.00	1.00	1.00
2026-04-07 16:17:12.168	933.02	8.10	67.00	0.00	0.00	1.00	1.00	1.00	1.00
2026-04-07 16:17:13.167	926.87	8.00	66.90	0.00	0.00	1.00	1.00	1.00	1.00
2026-04-07 16:17:14.169	936.33	8.50	66.90	0.00	0.00	1.00	1.00	1.00	1.00
2026-04-07 16:17:15.167	935.76	13.50	66.90	0.00	0.00	1.00	1.00	1.00	1.00
2026-04-07 16:17:16.167	936.10	9.80	66.90	0.00	0.00	1.00	1.00	1.00	1.00
2026-04-07 16:17:17.167	932.15	9.50	66.90	0.00	0.00	1.00	1.00	1.00	1.00
2026-04-07 16:17:18.168	924.77	7.80	66.90	0.00	0.00	1.00	1.00	1.00	1.00
2026-04-07 16:17:19.167	936.88	8.40	66.90	0.00	0.00	1.00	1.00	1.00	1.00
2026-04-07 16:17:20.169	930.99	9.00	66.90	0.00	0.00	1.00	1.00	1.00	1.00
2026-04-07 16:17:21.168	932.91	7.80	66.90	0.00	0.00	1.00	1.00	1.00	1.00
2026-04-07 16:17:22.169	918.29	13.00	66.90	0.00	0.00	1.00	1.00	1.00	1.00
2026-04-07 16:17:23.167	935.85	9.50	66.90	0.00	0.00	1.00	1.00	1.00	1.00
2026-04-07 16:17:24.168	921.51	7.60	66.90	0.00	0.00	1.00	1.00	1.00	1.00
2026-04-07 16:17:25.167	934.51	8.50	66.90	0.00	0.00	1.00	1.00	1.00	1.00
2026-04-07 16:17:26.169	918.41	9.70	66.90	0.00	0.00	1.00	1.00	1.00	1.00
2026-04-07 16:17:27.168	925.46	8.40	66.90	0.00	0.00	1.00	1.00	1.00	1.00
2026-04-07 16:17:28.169	915.10	7.80	66.90	0.00	0.00	1.00	1.00	1.00	1.00
2026-04-07 16:17:29.167	937.23	7.70	66.90	0.00	0.00	1.00	1.00	1.00	1.00
2026-04-07 16:17:30.169	932.34	12.40	66.90	0.00	0.00	1.00	1.00	1.00	1.00
2026-04-07 16:17:31.168	923.38	7.90	66.90	0.00	0.00	1.00	1.00	1.00	1.00
2026-04-07 16:17:32.168	933.43	9.50	66.90	0.00	0.00	1.00	1.00	1.00	1.00
2026-04-07 16:17:33.167	934.70	6.10	66.90	0.00	0.00	1.00	1.00	1.00	1.00
2026-04-07 16:17:34.168	926.96	7.50	66.90	0.00	0.00	1.00	1.00	1.00	1.00
2026-04-07 16:17:35.168	944.65	13.00	66.90	0.00	0.00	1.00	1.00	1.00	1.00
2026-04-07 16:17:36.169	943.12	9.20	66.90	0.00	0.00	1.00	1.00	1.00	1.00
2026-04-07 16:17:37.168	936.83	9.00	66.90	0.00	0.00	1.00	1.00	1.00	1.00
2026-04-07 16:17:38.169	943.30	14.90	67.00	0.00	0.00	1.00	1.00	1.00	1.00
2026-04-07 16:17:39.167	941.23	6.90	67.00	0.00	0.00	1.00	1.00	1.00	1.00
2026-04-07 16:17:40.168	939.33	10.70	67.00	0.00	0.00	1.00	1.00	1.00	1.00
2026-04-07 16:17:41.167	950.98	8.70	67.00	0.00	0.00	1.00	1.00	1.00	1.00
2026-04-07 16:17:42.168	949.31	7.60	67.00	0.00	0.00	1.00	1.00	1.00	1.00
2026-04-07 16:17:43.168	941.76	8.20	67.00	0.00	0.00	1.00	1.00	1.00	1.00
2026-04-07 16:17:44.169	949.29	8.80	67.00	0.00	0.00	1.00	1.00	1.00	1.00
2026-04-07 16:17:45.168	946.44	10.80	66.90	0.00	0.00	1.00	1.00	1.00	1.00
2026-04-07 16:17:46.169	937.02	18.00	66.90	0.00	0.00	1.00	1.00	1.00	1.00
2026-04-07 16:17:47.167	955.73	8.40	66.90	0.00	0.00	1.00	1.00	1.00	1.00
2026-04-07 16:17:48.168	945.33	8.30	67.00	0.00	0.00	1.00	1.00	1.00	1.00
2026-04-07 16:17:49.167	954.77	7.90	67.00	0.00	0.00	1.00	1.00	1.00	1.00
2026-04-07 16:17:50.170	953.94	10.30	67.00	0.00	0.00	1.00	1.00	1.00	1.00
2026-04-07 16:17:51.168	961.43	9.30	67.00	0.00	0.00	1.00	1.00	1.00	1.00
2026-04-07 16:17:52.169	957.51	6.80	66.90	0.00	0.00	1.00	1.00	1.00	1.00
2026-04-07 16:17:53.167	959.39	7.90	66.90	0.00	0.00	1.00	1.00	1.00	1.00
2026-04-07 16:17:54.169	946.55	13.30	66.90	0.00	0.00	1.00	1.00	1.00	1.00
2026-04-07 16:17:55.167	957.38	7.40	66.90	0.00	0.00	1.00	1.00	1.00	1.00
2026-04-07 16:17:56.168	954.88	12.10	67.00	0.00	0.00	1.00	1.00	1.00	1.00
2026-04-07 16:17:57.167	961.07	7.50	67.00	0.00	0.00	1.00	1.00	1.00	1.00
2026-04-07 16:17:58.168	960.85	6.30	67.00	0.00	0.00	1.00	1.00	1.00	1.00
2026-04-07 16:17:59.167	965.24	7.20	67.00	0.00	0.00	1.00	1.00	1.00	1.00
2026-04-07 16:18:00.168	949.08	8.10	67.00	0.00	0.00	1.00	1.00	1.00	1.00
2026-04-07 16:18:01.167	962.90	16.80	67.00	0.00	0.00	1.00	1.00	1.00	1.00
2026-04-07 16:18:02.168	956.82	8.70	67.00	0.00	0.00	1.00	1.00	1.00	1.00
2026-04-07 16:18:03.167	962.99	5.80	67.00	0.00	0.00	1.00	1.00	1.00	1.00
2026-04-07 16:18:04.169	950.61	7.20	67.00	0.00	0.00	1.00	1.00	1.00	1.00
2026-04-07 16:18:05.167	957.63	7.40	67.00	0.00	0.00	1.00	1.00	1.00	1.00
2026-04-07 16:18:06.169	952.42	9.40	67.00	0.00	0.00	1.00	1.00	1.00	1.00
2026-04-07 16:18:07.168	949.13	7.60	67.00	0.00	0.00	1.00	1.00	1.00	1.00
2026-04-07 16:18:08.169	951.11	7.00	67.00	0.00	0.00	1.00	1.00	1.00	1.00
2026-04-07 16:18:09.167	953.12	16.00	67.00	0.00	0.00	1.00	1.00	1.00	1.00
2026-04-07 16:18:10.169	952.84	7.50	67.00	0.00	0.00	1.00	1.00	1.00	1.00
2026-04-07 16:18:11.168	950.66	19.50	66.90	0.00	0.00	1.00	1.00	1.00	1.00
2026-04-07 16:18:12.169	955.11	10.10	66.30	0.00	0.00	1.00	1.00	1.00	1.00
2026-04-07 16:18:13.167	953.31	9.40	66.30	0.00	0.00	1.00	1.00	1.00	1.00
2026-04-07 16:18:14.168	945.26	9.70	66.30	0.00	0.00	1.00	1.00	1.00	1.00
2026-04-07 16:18:15.168	944.57	9.90	66.30	0.00	0.00	1.00	1.00	1.00	1.00
2026-04-07 16:18:16.169	938.82	9.40	66.30	0.00	0.00	1.00	1.00	1.00	1.00
2026-04-07 16:18:17.169	930.35	16.90	66.30	0.00	0.00	1.00	1.00	1.00	1.00
2026-04-07 16:18:18.169	931.99	8.60	66.30	0.00	0.00	1.00	1.00	1.00	1.00
2026-04-07 16:18:19.168	932.62	9.30	66.20	0.00	0.00	1.00	1.00	1.00	1.00
2026-04-07 16:18:20.169	918.92	10.40	66.20	0.00	0.00	1.00	1.00	1.00	1.00
2026-04-07 16:18:21.168	926.78	11.10	66.20	0.00	0.00	1.00	1.00	1.00	1.00
2026-04-07 16:18:22.169	925.05	7.40	66.20	0.00	0.00	1.00	1.00	1.00	1.00
2026-04-07 16:18:23.167	921.89	6.60	66.20	0.00	0.00	1.00	1.00	1.00	1.00
2026-04-07 16:18:24.168	921.15	6.70	66.20	0.00	0.00	1.00	1.00	1.00	1.00
2026-04-07 16:18:25.168	926.42	16.40	66.20	0.00	0.00	1.00	1.00	1.00	1.00
2026-04-07 16:18:26.167	916.46	26.20	66.70	0.00	0.00	1.00	1.00	1.00	1.00
2026-04-07 16:18:27.167	926.17	16.70	66.90	0.00	0.00	1.00	1.00	1.00	1.00
2026-04-07 16:18:28.170	913.65	23.10	66.90	0.00	0.00	1.00	1.00	1.00	1.00
2026-04-07 16:18:29.168	911.37	14.60	66.20	0.00	0.00	1.00	1.00	1.00	1.00
2026-04-07 16:18:30.169	919.30	8.70	66.20	0.00	0.00	1.00	1.00	1.00	1.00
2026-04-07 16:18:31.168	914.61	7.90	66.20	0.00	0.00	1.00	1.00	1.00	1.00
2026-04-07 16:18:32.169	919.04	13.00	66.20	0.00	0.00	1.00	1.00	1.00	1.00
2026-04-07 16:18:33.167	928.18	18.30	66.30	0.00	0.00	1.00	1.00	1.00	1.00
2026-04-07 16:18:34.168	924.91	6.90	66.30	0.00	0.00	1.00	1.00	1.00	1.00
2026-04-07 16:18:35.167	926.98	8.70	66.30	0.00	0.00	1.00	1.00	1.00	1.00
2026-04-07 16:18:36.167	923.82	10.20	66.30	0.00	0.00	1.00	1.00	1.00	1.00
2026-04-07 16:18:37.171	924.38	12.60	66.30	0.00	0.00	1.00	1.00	1.00	1.00
2026-04-07 16:18:38.168	923.10	7.10	66.30	0.00	0.00	1.00	1.00	1.00	1.00
2026-04-07 16:18:39.167	924.75	6.50	66.30	0.00	0.00	1.00	1.00	1.00	1.00
2026-04-07 16:18:40.169	923.62	14.20	66.30	0.00	0.00	1.00	1.00	1.00	1.00
2026-04-07 16:18:41.167	920.30	6.20	66.30	0.00	0.00	1.00	1.00	1.00	1.00
2026-04-07 16:18:42.170	923.54	8.90	66.30	0.00	0.00	1.00	1.00	1.00	1.00
2026-04-07 16:18:43.167	922.39	20.10	66.30	0.00	0.00	1.00	1.00	1.00	1.00
2026-04-07 16:18:44.169	932.57	10.70	66.30	0.00	0.00	1.00	1.00	1.00	1.00
2026-04-07 16:18:45.167	931.21	9.00	66.30	0.00	0.00	1.00	1.00	1.00	1.00
2026-04-07 16:18:46.168	925.14	6.20	66.30	0.00	0.00	1.00	1.00	1.00	1.00
2026-04-07 16:18:47.168	922.15	10.10	66.30	0.00	0.00	1.00	1.00	1.00	1.00
2026-04-07 16:18:48.169	933.27	16.30	66.30	0.00	0.00	1.00	1.00	1.00	1.00
2026-04-07 16:18:49.167	927.51	7.20	66.30	0.00	0.00	1.00	1.00	1.00	1.00
2026-04-07 16:18:50.168	937.45	6.40	66.30	0.00	0.00	1.00	1.00	1.00	1.00
2026-04-07 16:18:51.167	942.51	6.70	66.30	0.00	0.00	1.00	1.00	1.00	1.00
2026-04-07 16:18:52.168	947.33	6.70	66.30	0.00	0.00	1.00	1.00	1.00	1.00
2026-04-07 16:18:53.167	948.68	6.70	66.30	0.00	0.00	1.00	1.00	1.00	1.00
2026-04-07 16:18:54.168	954.93	7.40	66.30	0.00	0.00	1.00	1.00	1.00	1.00
2026-04-07 16:18:55.167	947.14	7.20	66.30	0.00	0.00	1.00	1.00	1.00	1.00
2026-04-07 16:18:56.169	946.33	16.40	66.30	0.00	0.00	1.00	1.00	1.00	1.00
2026-04-07 16:18:57.169	950.33	13.60	66.30	0.00	0.00	1.00	1.00	1.00	1.00
2026-04-07 16:18:58.168	952.47	17.10	66.30	0.00	0.00	1.00	1.00	1.00	1.00
2026-04-07 16:18:59.167	957.09	7.50	66.30	0.00	0.00	1.00	1.00	1.00	1.00
2026-04-07 16:19:00.168	947.17	7.00	66.30	0.00	0.00	1.00	1.00	1.00	1.00
2026-04-07 16:19:01.168	963.92	6.70	66.30	0.00	0.00	1.00	1.00	1.00	1.00
2026-04-07 16:19:02.168	953.94	12.40	66.30	0.00	0.00	1.00	1.00	1.00	1.00
2026-04-07 16:19:03.168	959.67	9.20	66.30	0.00	0.00	1.00	1.00	1.00	1.00
2026-04-07 16:19:04.169	957.64	13.10	66.30	0.00	0.00	1.00	1.00	1.00	1.00
2026-04-07 16:19:05.167	959.69	10.30	66.30	0.00	0.00	1.00	1.00	1.00	1.00
2026-04-07 16:19:06.168	957.19	6.70	66.30	0.00	0.00	1.00	1.00	1.00	1.00
2026-04-07 16:19:07.167	954.81	10.20	66.30	0.00	0.00	1.00	1.00	1.00	1.00
2026-04-07 16:19:08.168	955.35	7.50	66.30	0.00	0.00	1.00	1.00	1.00	1.00
2026-04-07 16:19:09.167	958.51	8.40	66.30	0.00	0.00	1.00	1.00	1.00	1.00
2026-04-07 16:19:10.168	965.28	8.70	66.30	0.00	0.00	1.00	1.00	1.00	1.00
2026-04-07 16:19:11.167	962.87	14.50	66.40	0.00	0.00	1.00	1.00	1.00	1.00
2026-04-07 16:19:12.168	956.74	6.00	66.40	0.00	0.00	1.00	1.00	1.00	1.00
2026-04-07 16:19:13.167	961.02	9.90	66.30	0.00	0.00	1.00	1.00	1.00	1.00
2026-04-07 16:19:14.168	955.54	5.20	66.30	0.00	0.00	1.00	1.00	1.00	1.00
2026-04-07 16:19:15.167	956.23	8.20	66.40	0.00	0.00	1.00	1.00	1.00	1.00
2026-04-07 16:19:16.168	953.54	7.00	66.30	0.00	0.00	1.00	1.00	1.00	1.00
2026-04-07 16:19:17.167	958.56	7.70	66.30	0.00	0.00	1.00	1.00	1.00	1.00
2026-04-07 16:19:18.168	941.66	7.00	66.30	0.00	0.00	1.00	1.00	1.00	1.00
2026-04-07 16:19:19.167	952.54	13.30	66.30	0.00	0.00	1.00	1.00	1.00	1.00
2026-04-07 16:19:20.168	955.31	7.20	66.40	0.00	0.00	1.00	1.00	1.00	1.00
2026-04-07 16:19:21.167	956.85	9.40	66.40	0.00	0.00	1.00	1.00	1.00	1.00
2026-04-07 16:19:22.168	953.10	6.10	66.40	0.00	0.00	1.00	1.00	1.00	1.00
2026-04-07 16:19:23.167	950.95	6.90	66.40	0.00	0.00	1.00	1.00	1.00	1.00
2026-04-07 16:19:24.168	951.26	6.50	66.40	0.00	0.00	1.00	1.00	1.00	1.00
2026-04-07 16:19:25.167	942.71	5.40	66.40	0.00	0.00	1.00	1.00	1.00	1.00
2026-04-07 16:19:26.168	945.09	7.20	66.40	0.00	0.00	1.00	1.00	1.00	1.00
2026-04-07 16:19:27.167	952.97	12.80	66.40	0.00	0.00	1.00	1.00	1.00	1.00
2026-04-07 16:19:28.168	951.20	7.30	66.40	0.00	0.00	1.00	1.00	1.00	1.00
2026-04-07 16:19:29.167	948.86	7.10	66.40	0.00	0.00	1.00	1.00	1.00	1.00
2026-04-07 16:19:30.168	951.21	5.50	66.40	0.00	0.00	1.00	1.00	1.00	1.00
2026-04-07 16:19:31.167	942.48	5.90	66.40	0.00	0.00	1.00	1.00	1.00	1.00
2026-04-07 16:19:32.168	937.36	6.50	66.40	0.00	0.00	1.00	1.00	1.00	1.00
2026-04-07 16:19:33.167	942.90	6.30	66.40	0.00	0.00	1.00	1.00	1.00	1.00
2026-04-07 16:19:34.167	937.75	9.10	66.40	0.00	0.00	1.00	1.00	1.00	1.00
2026-04-07 16:19:35.167	932.18	12.80	66.40	0.00	0.00	1.00	1.00	1.00	1.00
2026-04-07 16:19:36.168	929.16	7.30	66.40	0.00	0.00	1.00	1.00	1.00	1.00
2026-04-07 16:19:37.167	942.70	5.40	66.40	0.00	0.00	1.00	1.00	1.00	1.00
2026-04-07 16:19:38.168	931.38	5.50	66.40	0.00	0.00	1.00	1.00	1.00	1.00
2026-04-07 16:19:39.167	936.75	6.20	66.40	0.00	0.00	1.00	1.00	1.00	1.00
2026-04-07 16:19:40.168	930.87	5.40	66.40	0.00	0.00	1.00	1.00	1.00	1.00
2026-04-07 16:19:41.167	933.25	6.10	66.40	0.00	0.00	1.00	1.00	1.00	1.00
2026-04-07 16:19:42.169	926.00	11.40	66.40	0.00	0.00	1.00	1.00	1.00	1.00
2026-04-07 16:19:43.167	933.75	7.20	66.40	0.00	0.00	1.00	1.00	1.00	1.00
2026-04-07 16:19:44.168	927.04	6.70	66.40	0.00	0.00	1.00	1.00	1.00	1.00
2026-04-07 16:19:45.167	917.06	4.90	66.40	0.00	0.00	1.00	1.00	1.00	1.00
2026-04-07 16:19:46.168	917.13	5.90	66.40	0.00	0.00	1.00	1.00	1.00	1.00
2026-04-07 16:19:47.167	932.88	4.70	66.40	0.00	0.00	1.00	1.00	1.00	1.00
2026-04-07 16:19:48.168	916.84	8.90	66.40	0.00	0.00	1.00	1.00	1.00	1.00
2026-04-07 16:19:49.168	934.42	9.10	66.40	0.00	0.00	1.00	1.00	1.00	1.00
2026-04-07 16:19:50.169	932.99	14.00	66.40	0.00	0.00	1.00	1.00	1.00	1.00
2026-04-07 16:19:51.167	935.75	8.10	66.40	0.00	0.00	1.00	1.00	1.00	1.00
2026-04-07 16:19:52.168	936.93	8.00	66.40	0.00	0.00	1.00	1.00	1.00	1.00
2026-04-07 16:19:53.167	936.77	7.50	66.40	0.00	0.00	1.00	1.00	1.00	1.00
2026-04-07 16:19:54.168	927.33	6.50	66.40	0.00	0.00	1.00	1.00	1.00	1.00
2026-04-07 16:19:55.167	928.77	5.60	66.40	0.00	0.00	1.00	1.00	1.00	1.00
2026-04-07 16:19:56.168	931.15	6.20	66.40	0.00	0.00	1.00	1.00	1.00	1.00
2026-04-07 16:19:57.167	939.15	4.40	66.40	0.00	0.00	1.00	1.00	1.00	1.00
2026-04-07 16:19:58.168	943.20	12.40	66.40	0.00	0.00	1.00	1.00	1.00	1.00
2026-04-07 16:19:59.167	928.84	6.20	66.40	0.00	0.00	1.00	1.00	1.00	1.00
2026-04-07 16:20:00.168	925.28	7.20	66.40	0.00	0.00	1.00	1.00	1.00	1.00
2026-04-07 16:20:01.167	940.71	7.40	66.40	0.00	0.00	1.00	1.00	1.00	1.00
2026-04-07 16:20:02.168	941.32	6.00	66.40	0.00	0.00	1.00	1.00	1.00	1.00
2026-04-07 16:20:03.167	934.26	5.70	66.40	0.00	0.00	1.00	1.00	1.00	1.00
2026-04-07 16:20:04.168	931.70	7.70	66.40	0.00	0.00	1.00	1.00	1.00	1.00
2026-04-07 16:20:05.167	940.72	6.90	66.40	0.00	0.00	1.00	1.00	1.00	1.00
2026-04-07 16:20:06.168	935.29	12.70	66.40	0.00	0.00	1.00	1.00	1.00	1.00
2026-04-07 16:20:07.167	948.64	4.60	66.40	0.00	0.00	1.00	1.00	1.00	1.00
2026-04-07 16:20:08.168	929.22	6.20	66.40	0.00	0.00	1.00	1.00	1.00	1.00
2026-04-07 16:20:09.167	940.57	6.40	66.40	0.00	0.00	1.00	1.00	1.00	1.00
2026-04-07 16:20:10.168	939.46	5.90	66.40	0.00	0.00	1.00	1.00	1.00	1.00
2026-04-07 16:20:11.167	920.74	7.40	66.40	0.00	0.00	1.00	1.00	1.00	1.00
2026-04-07 16:20:12.169	940.43	10.20	66.40	0.00	0.00	1.00	1.00	1.00	1.00
2026-04-07 16:20:13.168	940.71	10.50	66.40	0.00	0.00	1.00	1.00	1.00	1.00
2026-04-07 16:20:14.168	933.68	6.40	66.40	0.00	0.00	1.00	1.00	1.00	1.00
2026-04-07 16:20:15.167	941.08	4.70	66.40	0.00	0.00	1.00	1.00	1.00	1.00
2026-04-07 16:20:16.168	939.21	4.90	66.40	0.00	0.00	1.00	1.00	1.00	1.00
2026-04-07 16:20:17.167	940.90	4.70	66.40	0.00	0.00	1.00	1.00	1.00	1.00
2026-04-07 16:20:18.168	947.28	5.00	66.40	0.00	0.00	1.00	1.00	1.00	1.00
2026-04-07 16:20:19.167	948.31	7.50	66.40	0.00	0.00	1.00	1.00	1.00	1.00
2026-04-07 16:20:20.169	942.40	8.00	66.40	0.00	0.00	1.00	1.00	1.00	1.00
2026-04-07 16:20:21.168	951.08	15.00	66.40	0.00	0.00	1.00	1.00	1.00	1.00
2026-04-07 16:20:22.168	929.77	6.60	66.40	0.00	0.00	1.00	1.00	1.00	1.00
2026-04-07 16:20:23.167	942.88	5.90	66.40	0.00	0.00	1.00	1.00	1.00	1.00
2026-04-07 16:20:24.169	938.75	6.10	66.40	0.00	0.00	1.00	1.00	1.00	1.00
2026-04-07 16:20:25.167	947.16	6.50	66.40	0.00	0.00	1.00	1.00	1.00	1.00
2026-04-07 16:20:26.168	947.46	6.50	66.40	0.00	0.00	1.00	1.00	1.00	1.00
2026-04-07 16:20:27.167	942.72	5.20	66.40	0.00	0.00	1.00	1.00	1.00	1.00
2026-04-07 16:20:28.168	939.32	6.50	66.40	0.00	0.00	1.00	1.00	1.00	1.00
2026-04-07 16:20:29.167	950.77	13.20	66.40	0.00	0.00	1.00	1.00	1.00	1.00
2026-04-07 16:20:30.168	946.83	4.70	66.40	0.00	0.00	1.00	1.00	1.00	1.00
2026-04-07 16:20:31.167	941.05	5.20	66.40	0.00	0.00	1.00	1.00	1.00	1.00
2026-04-07 16:20:32.168	945.49	4.70	66.40	0.00	0.00	1.00	1.00	1.00	1.00
2026-04-07 16:20:33.167	938.81	5.40	66.40	0.00	0.00	1.00	1.00	1.00	1.00
2026-04-07 16:20:34.170	943.13	8.50	66.40	0.00	0.00	1.00	1.00	1.00	1.00
2026-04-07 16:20:35.168	944.05	8.20	66.40	0.00	0.00	1.00	1.00	1.00	1.00
2026-04-07 16:20:36.168	937.49	6.30	66.40	0.00	0.00	1.00	1.00	1.00	1.00
2026-04-07 16:20:37.167	945.04	12.50	66.40	0.00	0.00	1.00	1.00	1.00	1.00
2026-04-07 16:20:38.168	941.36	5.80	66.40	0.00	0.00	1.00	1.00	1.00	1.00
2026-04-07 16:20:39.167	940.70	4.20	66.40	0.00	0.00	1.00	1.00	1.00	1.00
2026-04-07 16:20:40.168	941.42	5.20	66.40	0.00	0.00	1.00	1.00	1.00	1.00
2026-04-07 16:20:41.167	938.64	5.90	66.40	0.00	0.00	1.00	1.00	1.00	1.00
2026-04-07 16:20:42.169	942.45	9.70	66.40	0.00	0.00	1.00	1.00	1.00	1.00
2026-04-07 16:20:43.167	937.45	4.90	66.40	0.00	0.00	1.00	1.00	1.00	1.00
2026-04-07 16:20:44.168	947.06	9.80	66.40	0.00	0.00	1.00	1.00	1.00	1.00
2026-04-07 16:20:45.167	930.98	8.90	66.40	0.00	0.00	1.00	1.00	1.00	1.00
2026-04-07 16:20:46.168	943.26	5.50	66.40	0.00	0.00	1.00	1.00	1.00	1.00
2026-04-07 16:20:47.169	939.36	14.30	65.70	0.00	0.00	1.00	1.00	1.00	1.00
2026-04-07 16:20:48.168	938.88	4.20	65.70	0.00	0.00	1.00	1.00	1.00	1.00
2026-04-07 16:20:49.167	946.37	7.70	65.70	0.00	0.00	1.00	1.00	1.00	1.00
2026-04-07 16:20:50.168	931.32	5.50	65.70	0.00	0.00	1.00	1.00	1.00	1.00
2026-04-07 16:20:51.167	953.05	2.80	65.70	0.00	0.00	1.00	1.00	1.00	1.00
2026-04-07 16:20:52.169	941.72	13.10	65.70	0.00	0.00	1.00	1.00	1.00	1.00
2026-04-07 16:20:53.167	952.35	5.00	65.70	0.00	0.00	1.00	1.00	1.00	1.00
2026-04-07 16:20:54.168	951.25	4.70	65.70	0.00	0.00	1.00	1.00	1.00	1.00
2026-04-07 16:20:55.167	952.61	7.20	65.70	0.00	0.00	1.00	1.00	1.00	1.00
2026-04-07 16:20:56.167	951.92	18.70	66.10	0.00	0.00	1.00	1.00	1.00	1.00
2026-04-07 16:20:57.168	951.55	17.50	66.40	0.00	0.00	1.00	1.00	1.00	1.00
2026-04-07 16:20:58.169	941.09	18.70	66.40	0.00	0.00	1.00	1.00	1.00	1.00
2026-04-07 16:20:59.167	949.38	9.10	66.40	0.00	0.00	1.00	1.00	1.00	1.00
2026-04-07 16:21:00.168	941.22	12.40	66.40	0.00	0.00	1.00	1.00	1.00	1.00
2026-04-07 16:21:01.167	934.47	5.50	66.40	0.00	0.00	1.00	1.00	1.00	1.00
2026-04-07 16:21:02.168	931.11	5.90	66.40	0.00	0.00	1.00	1.00	1.00	1.00
2026-04-07 16:21:03.168	932.71	8.20	66.40	0.00	0.00	1.00	1.00	1.00	1.00
2026-04-07 16:21:04.169	949.05	6.00	66.40	0.00	0.00	1.00	1.00	1.00	1.00
2026-04-07 16:21:05.168	946.69	10.80	66.40	0.00	0.00	1.00	1.00	1.00	1.00
2026-04-07 16:21:06.168	944.05	4.90	66.40	0.00	0.00	1.00	1.00	1.00	1.00
2026-04-07 16:21:07.167	946.65	5.70	66.40	0.00	0.00	1.00	1.00	1.00	1.00
2026-04-07 16:21:08.168	932.85	13.10	66.40	0.00	0.00	1.00	1.00	1.00	1.00
2026-04-07 16:21:09.167	941.12	6.90	66.40	0.00	0.00	1.00	1.00	1.00	1.00
2026-04-07 16:21:10.169	946.62	10.70	66.50	0.00	0.00	1.00	1.00	1.00	1.00
2026-04-07 16:21:11.167	943.35	10.50	66.50	0.00	0.00	1.00	1.00	1.00	1.00
2026-04-07 16:21:12.168	947.34	5.00	66.50	0.00	0.00	1.00	1.00	1.00	1.00
2026-04-07 16:21:13.167	946.85	6.20	66.50	0.00	0.00	1.00	1.00	1.00	1.00
2026-04-07 16:21:14.168	939.25	7.50	66.40	0.00	0.00	1.00	1.00	1.00	1.00
2026-04-07 16:21:15.168	939.43	11.40	66.40	0.00	0.00	1.00	1.00	1.00	1.00
2026-04-07 16:21:16.168	946.06	11.20	66.40	0.00	0.00	1.00	1.00	1.00	1.00
2026-04-07 16:21:17.168	942.73	5.70	66.40	0.00	0.00	1.00	1.00	1.00	1.00
2026-04-07 16:21:18.168	937.76	5.30	66.40	0.00	0.00	1.00	1.00	1.00	1.00
2026-04-07 16:21:19.167	942.63	5.70	66.40	0.00	0.00	1.00	1.00	1.00	1.00
2026-04-07 16:21:20.168	943.62	7.00	66.50	0.00	0.00	1.00	1.00	1.00	1.00
2026-04-07 16:21:21.167	938.67	8.80	66.50	0.00	0.00	1.00	1.00	1.00	1.00
2026-04-07 16:21:22.169	929.76	6.90	66.50	0.00	0.00	1.00	1.00	1.00	1.00
2026-04-07 16:21:23.168	904.77	14.10	66.50	0.00	0.00	1.00	1.00	1.00	1.00
2026-04-07 16:21:24.168	900.40	4.70	66.50	0.00	0.00	1.00	1.00	1.00	1.00
2026-04-07 16:21:25.167	900.67	7.70	66.50	0.00	0.00	1.00	1.00	1.00	1.00
2026-04-07 16:21:26.168	899.44	10.70	66.50	0.00	0.00	1.00	1.00	1.00	1.00
2026-04-07 16:21:27.168	908.00	5.60	66.50	0.00	0.00	1.00	1.00	1.00	1.00
2026-04-07 16:21:28.169	907.35	5.90	66.50	0.00	0.00	1.00	1.00	1.00	1.00
2026-04-07 16:21:29.167	903.30	5.90	66.50	0.00	0.00	1.00	1.00	1.00	1.00
2026-04-07 16:21:30.168	900.96	6.00	66.50	0.00	0.00	1.00	1.00	1.00	1.00
2026-04-07 16:21:31.168	904.55	13.30	66.50	0.00	0.00	1.00	1.00	1.00	1.00
2026-04-07 16:21:32.168	899.86	6.80	66.50	0.00	0.00	1.00	1.00	1.00	1.00
2026-04-07 16:21:33.167	910.67	5.10	66.50	0.00	0.00	1.00	1.00	1.00	1.00
2026-04-07 16:21:34.168	899.19	5.40	66.50	0.00	0.00	1.00	1.00	1.00	1.00
2026-04-07 16:21:35.167	898.57	6.50	66.50	0.00	0.00	1.00	1.00	1.00	1.00
2026-04-07 16:21:36.168	895.39	6.30	66.50	0.00	0.00	1.00	1.00	1.00	1.00
2026-04-07 16:21:37.167	901.03	6.50	66.50	0.00	0.00	1.00	1.00	1.00	1.00
