[System]
Platform=SEANO USV
Start_Time=2026-04-18 19:40:07
Timezone=WIB

[Sensor]
Name=CTD

[Columns]
Timestamp(WIB)	Depth	Temp	Cond	Salinity	Density	SoundVel

[Data]
2026-04-18 19:40:12.403	2.82	28.087	4.212	32.473	1020.623	1534.895
2026-04-18 19:40:13.402	2.971	28.102	4.209	32.465	1020.576	1534.987
2026-04-18 19:40:14.402	3.092	28.095	4.218	32.467	1020.628	1534.89
2026-04-18 19:40:15.402	3.174	28.075	4.22	32.498	1020.641	1535.065
2026-04-18 19:40:16.403	3.283	28.084	4.228	32.464	1020.623	1534.943
2026-04-18 19:40:17.402	3.359	28.049	4.216	32.489	1020.665	1534.985
2026-04-18 19:40:18.402	3.398	28.091	4.221	32.488	1020.612	1534.999
2026-04-18 19:40:19.403	3.396	28.073	4.218	32.488	1020.619	1535.054
2026-04-18 19:40:20.402	3.422	28.104	4.233	32.48	1020.62	1535.164
2026-04-18 19:40:21.402	3.391	28.119	4.225	32.447	1020.626	1535.164
2026-04-18 19:40:22.403	3.383	28.087	4.221	32.454	1020.636	1534.992
2026-04-18 19:40:23.403	3.367	28.098	4.226	32.447	1020.578	1535.068
2026-04-18 19:40:24.403	3.32	28.128	4.227	32.438	1020.567	1535.01
2026-04-18 19:40:25.402	3.324	28.124	4.242	32.444	1020.584	1535.177
2026-04-18 19:40:26.402	3.266	28.156	4.232	32.439	1020.584	1535.078
2026-04-18 19:40:27.402	3.245	28.161	4.249	32.413	1020.53	1535.137
2026-04-18 19:40:28.402	3.204	28.141	4.233	32.442	1020.575	1535.054
2026-04-18 19:40:29.402	3.169	28.173	4.238	32.408	1020.57	1535.061
2026-04-18 19:40:30.403	3.171	28.189	4.24	32.415	1020.56	1535.127
2026-04-18 19:40:31.402	3.1	28.21	4.239	32.411	1020.514	1535.217
2026-04-18 19:40:32.402	3.117	28.223	4.245	32.395	1020.532	1535.317
2026-04-18 19:40:33.403	3.079	28.217	4.248	32.386	1020.508	1535.161
2026-04-18 19:40:34.403	3.091	28.223	4.249	32.361	1020.502	1535.119
2026-04-18 19:40:35.403	3.084	28.242	4.252	32.367	1020.526	1535.265
2026-04-18 19:40:36.403	3.015	28.225	4.242	32.359	1020.468	1535.151
2026-04-18 19:40:37.403	3.031	28.248	4.252	32.345	1020.46	1535.326
2026-04-18 19:40:38.402	2.987	28.225	4.246	32.345	1020.452	1535.201
2026-04-18 19:40:39.402	2.979	28.256	4.259	32.322	1020.435	1535.338
2026-04-18 19:40:40.403	2.912	28.289	4.248	32.306	1020.42	1535.4
2026-04-18 19:40:41.405	2.811	28.281	4.256	32.296	1020.447	1535.222
2026-04-18 19:40:42.404	2.773	28.323	4.249	32.286	1020.399	1535.258
2026-04-18 19:40:43.403	2.648	28.296	4.253	32.297	1020.393	1535.278
2026-04-18 19:40:44.403	2.597	28.331	4.247	32.298	1020.424	1535.447
2026-04-18 19:40:45.403	2.477	28.329	4.244	32.276	1020.368	1535.246
2026-04-18 19:40:46.404	2.338	28.39	4.252	32.252	1020.35	1535.451
2026-04-18 19:40:47.402	2.162	28.438	4.24	32.244	1020.291	1535.469
2026-04-18 19:40:48.403	2.021	28.44	4.239	32.256	1020.299	1535.546
2026-04-18 19:40:49.403	1.831	28.45	4.248	32.221	1020.286	1535.384
2026-04-18 19:40:50.402	1.663	28.488	4.242	32.239	1020.266	1535.608
2026-04-18 19:40:51.402	1.523	28.515	4.246	32.211	1020.212	1535.648
2026-04-18 19:40:52.405	1.306	28.575	4.241	32.196	1020.186	1535.749
2026-04-18 19:40:53.402	1.136	28.556	4.248	32.181	1020.179	1535.537
2026-04-18 19:40:54.402	0.99	28.616	4.233	32.174	1020.151	1535.7
2026-04-18 19:40:55.403	0.882	28.598	4.239	32.191	1020.187	1535.748
2026-04-18 19:40:56.404	0.737	28.623	4.232	32.18	1020.121	1535.764
2026-04-18 19:40:57.404	0.63	28.637	4.231	32.142	1020.127	1535.634
2026-04-18 19:40:58.402	0.473	28.675	4.245	32.129	1020.105	1535.813
2026-04-18 19:40:59.405	0.427	28.71	4.236	32.145	1020.112	1535.767
2026-04-18 19:41:00.401	0.353	28.674	4.227	32.15	1020.093	1535.761
2026-04-18 19:41:01.400	0.317	28.705	4.239	32.109	1020.051	1535.755
2026-04-18 19:41:02.400	0.327	28.721	4.228	32.135	1020.099	1535.924
2026-04-18 19:41:03.400	0.351	28.717	4.223	32.121	1020.073	1535.738
2026-04-18 19:41:04.400	0.338	28.686	4.226	32.116	1020.047	1535.732
2026-04-18 19:41:05.400	0.367	28.719	4.213	32.099	1020.026	1535.896
2026-04-18 19:41:06.400	0.431	28.674	4.215	32.104	1020.043	1535.679
2026-04-18 19:41:07.403	0.492	28.659	4.21	32.085	1020.067	1535.583
2026-04-18 19:41:08.402	0.613	28.655	4.212	32.059	1020.018	1535.639
2026-04-18 19:41:09.404	0.689	28.666	4.2	32.06	1020.039	1535.702
2026-04-18 19:41:10.401	0.749	28.64	4.212	32.045	1020.058	1535.507
2026-04-18 19:41:11.403	0.844	28.601	4.207	32.043	1020.029	1535.448
2026-04-18 19:41:12.403	0.913	28.621	4.195	32.033	1020.069	1535.558
2026-04-18 19:41:13.404	1.043	28.55	4.202	32.027	1020.051	1535.375
2026-04-18 19:41:14.404	1.086	28.573	4.195	32.05	1020.084	1535.479
2026-04-18 19:41:15.404	1.155	28.526	4.195	32.046	1020.074	1535.394
2026-04-18 19:41:16.404	1.245	28.522	4.178	32.027	1020.089	1535.395
2026-04-18 19:41:17.404	1.291	28.527	4.192	32.03	1020.086	1535.347
2026-04-18 19:41:18.403	1.359	28.524	4.177	32.012	1020.056	1535.418
2026-04-18 19:41:19.403	1.391	28.494	4.172	32.004	1020.1	1535.217
2026-04-18 19:41:20.403	1.484	28.454	4.165	31.997	1020.062	1535.124
2026-04-18 19:41:21.403	1.494	28.45	4.178	32.022	1020.088	1535.252
2026-04-18 19:41:22.404	1.571	28.484	4.179	32.02	1020.096	1535.202
2026-04-18 19:41:23.403	1.603	28.426	4.168	32.017	1020.082	1535.089
2026-04-18 19:41:24.404	1.704	28.424	4.167	32.01	1020.107	1535.072
2026-04-18 19:41:25.405	1.772	28.424	4.162	32.006	1020.101	1535.125
2026-04-18 19:41:26.403	1.824	28.396	4.153	32.007	1020.108	1535.072
2026-04-18 19:41:27.403	1.912	28.388	4.152	32.004	1020.108	1535.13
2026-04-18 19:41:28.407	2.007	28.365	4.154	31.989	1020.102	1534.963
2026-04-18 19:41:29.405	2.11	28.36	4.155	31.976	1020.11	1535.006
2026-04-18 19:41:30.403	2.222	28.339	4.143	31.99	1020.133	1534.864
2026-04-18 19:41:31.403	2.351	28.285	4.141	31.988	1020.177	1534.818
2026-04-18 19:41:32.404	2.519	28.245	4.152	31.972	1020.172	1534.649
2026-04-18 19:41:33.404	2.621	28.244	4.145	31.976	1020.158	1534.628
2026-04-18 19:41:34.404	2.803	28.234	4.135	31.946	1020.17	1534.789
2026-04-18 19:41:35.400	2.933	28.152	4.147	31.957	1020.167	1534.463
2026-04-18 19:41:36.404	3.049	28.158	4.134	31.962	1020.215	1534.573
2026-04-18 19:41:37.404	3.185	28.118	4.138	31.939	1020.169	1534.369
2026-04-18 19:41:38.404	3.313	28.127	4.13	31.931	1020.181	1534.514
2026-04-18 19:41:39.404	3.44	28.098	4.136	31.932	1020.22	1534.425
2026-04-18 19:41:40.403	3.57	28.065	4.13	31.932	1020.223	1534.371
2026-04-18 19:41:41.405	3.645	28.038	4.136	31.922	1020.208	1534.302
2026-04-18 19:41:42.403	3.741	28.027	4.142	31.903	1020.212	1534.188
2026-04-18 19:41:43.402	3.796	28.025	4.13	31.896	1020.203	1534.259
2026-04-18 19:41:44.402	3.817	27.962	4.14	31.906	1020.252	1533.99
2026-04-18 19:41:45.404	3.798	27.958	4.129	31.912	1020.231	1534.046
2026-04-18 19:41:46.403	3.793	27.979	4.14	31.877	1020.232	1534.019
2026-04-18 19:41:47.402	3.712	27.987	4.133	31.869	1020.181	1534.028
2026-04-18 19:41:48.403	3.696	27.953	4.136	31.858	1020.217	1533.966
2026-04-18 19:41:49.405	3.594	27.954	4.132	31.877	1020.174	1533.919
2026-04-18 19:41:50.404	3.492	28.011	4.127	31.845	1020.16	1534.173
2026-04-18 19:41:51.405	3.387	27.982	4.131	31.858	1020.183	1533.937
2026-04-18 19:41:52.402	3.244	27.99	4.138	31.857	1020.153	1534.031
2026-04-18 19:41:53.404	3.112	28.031	4.135	31.846	1020.148	1534.142
2026-04-18 19:41:54.404	3.028	28.004	4.149	31.831	1020.124	1534.006
2026-04-18 19:41:55.402	2.878	28.036	4.134	31.839	1020.102	1534.047
2026-04-18 19:41:56.403	2.759	28.025	4.148	31.808	1020.111	1533.951
2026-04-18 19:41:57.404	2.605	28.061	4.139	31.804	1020.095	1534.076
2026-04-18 19:41:58.404	2.481	28.066	4.153	31.797	1020.036	1534.014
2026-04-18 19:41:59.403	2.377	28.084	4.141	31.768	1020.049	1533.91
2026-04-18 19:42:00.404	2.267	28.119	4.147	31.767	1020.037	1534.006
2026-04-18 19:42:01.404	2.152	28.117	4.158	31.783	1020.045	1534.059
2026-04-18 19:42:02.403	2.097	28.116	4.165	31.766	1019.994	1533.967
2026-04-18 19:42:03.403	2.004	28.108	4.153	31.764	1019.982	1534.021
2026-04-18 19:42:04.403	1.914	28.118	4.159	31.749	1019.975	1534.053
2026-04-18 19:42:05.404	1.855	28.108	4.168	31.737	1019.962	1533.868
2026-04-18 19:42:06.403	1.822	28.136	4.175	31.709	1019.971	1533.885
2026-04-18 19:42:07.402	1.756	28.11	4.176	31.728	1019.95	1533.876
2026-04-18 19:42:08.402	1.726	28.126	4.175	31.712	1019.944	1533.851
2026-04-18 19:42:09.403	1.665	28.117	4.166	31.684	1019.902	1533.881
2026-04-18 19:42:10.403	1.584	28.107	4.18	31.68	1019.904	1533.768
2026-04-18 19:42:11.402	1.533	28.124	4.172	31.68	1019.897	1533.892
2026-04-18 19:42:12.402	1.472	28.151	4.176	31.652	1019.903	1533.908
2026-04-18 19:42:13.402	1.394	28.151	4.192	31.647	1019.899	1533.793
2026-04-18 19:42:14.402	1.314	28.134	4.187	31.657	1019.893	1533.82
2026-04-18 19:42:15.403	1.176	28.191	4.196	31.619	1019.839	1533.881
2026-04-18 19:42:16.402	1.097	28.155	4.182	31.639	1019.844	1533.781
2026-04-18 19:42:17.402	1.03	28.155	4.188	31.618	1019.816	1533.72
2026-04-18 19:42:18.403	0.928	28.157	4.192	31.626	1019.804	1533.805
2026-04-18 19:42:19.403	0.802	28.169	4.189	31.596	1019.811	1533.763
2026-04-18 19:42:20.402	0.718	28.218	4.201	31.605	1019.795	1533.768
2026-04-18 19:42:21.403	0.591	28.226	4.201	31.589	1019.794	1533.845
2026-04-18 19:42:22.403	0.526	28.198	4.202	31.571	1019.765	1533.657
2026-04-18 19:42:23.403	0.448	28.241	4.208	31.554	1019.748	1533.738
2026-04-18 19:42:24.403	0.329	28.219	4.21	31.574	1019.744	1533.857
2026-04-18 19:42:25.402	0.291	28.218	4.205	31.565	1019.728	1533.697
2026-04-18 19:42:26.404	0.249	28.277	4.212	31.538	1019.723	1533.796
2026-04-18 19:42:27.403	0.259	28.244	4.212	31.564	1019.75	1533.712
2026-04-18 19:42:28.403	0.267	28.224	4.214	31.529	1019.724	1533.63
2026-04-18 19:42:29.404	0.321	28.234	4.227	31.553	1019.746	1533.722
2026-04-18 19:42:30.403	0.343	28.24	4.219	31.517	1019.679	1533.799
2026-04-18 19:42:31.404	0.447	28.202	4.213	31.536	1019.742	1533.599
2026-04-18 19:42:32.403	0.545	28.179	4.228	31.537	1019.729	1533.695
2026-04-18 19:42:33.405	0.603	28.151	4.228	31.542	1019.767	1533.668
2026-04-18 19:42:34.403	0.752	28.147	4.232	31.537	1019.781	1533.611
2026-04-18 19:42:35.405	0.877	28.12	4.216	31.515	1019.737	1533.444
2026-04-18 19:42:36.404	1.049	28.113	4.232	31.512	1019.752	1533.51
2026-04-18 19:42:37.402	1.208	28.088	4.234	31.52	1019.748	1533.455
2026-04-18 19:42:38.404	1.4	28.017	4.224	31.52	1019.779	1533.296
2026-04-18 19:42:39.404	1.56	28.044	4.226	31.528	1019.814	1533.338
2026-04-18 19:42:40.403	1.743	27.967	4.226	31.508	1019.827	1533.258
2026-04-18 19:42:41.405	1.845	27.958	4.223	31.508	1019.844	1533.133
2026-04-18 19:42:42.403	2.031	27.956	4.23	31.539	1019.862	1533.232
2026-04-18 19:42:43.404	2.145	27.943	4.228	31.526	1019.887	1533.246
2026-04-18 19:42:44.403	2.301	27.932	4.231	31.516	1019.847	1533.179
2026-04-18 19:42:45.403	2.385	27.892	4.224	31.538	1019.902	1533.083
2026-04-18 19:42:46.403	2.53	27.86	4.229	31.556	1019.93	1533.23
2026-04-18 19:42:47.403	2.569	27.845	4.227	31.563	1019.909	1533.055
2026-04-18 19:42:48.403	2.641	27.839	4.221	31.573	1019.937	1533.188
2026-04-18 19:42:49.404	2.716	27.871	4.221	31.563	1019.907	1533.237
2026-04-18 19:42:50.403	2.752	27.825	4.226	31.57	1019.941	1533.101
2026-04-18 19:42:51.403	2.804	27.823	4.228	31.562	1019.971	1533.012
2026-04-18 19:42:52.403	2.837	27.859	4.213	31.586	1019.931	1533.255
2026-04-18 19:42:53.403	2.894	27.805	4.218	31.587	1019.985	1533.133
2026-04-18 19:42:54.404	2.923	27.794	4.223	31.597	1019.986	1532.987
2026-04-18 19:42:55.404	2.931	27.846	4.208	31.625	1019.984	1533.343
2026-04-18 19:42:56.403	2.977	27.808	4.208	31.633	1020.012	1533.078
2026-04-18 19:42:57.404	3.019	27.82	4.207	31.644	1020.041	1533.129
2026-04-18 19:42:58.404	3.061	27.787	4.204	31.655	1020.042	1533.055
2026-04-18 19:42:59.404	3.107	27.83	4.212	31.649	1020.041	1533.305
2026-04-18 19:43:00.403	3.143	27.799	4.203	31.666	1020.054	1533.268
2026-04-18 19:43:01.403	3.218	27.809	4.21	31.679	1020.09	1533.277
2026-04-18 19:43:02.402	3.263	27.807	4.212	31.685	1020.063	1533.247
2026-04-18 19:43:03.404	3.295	27.784	4.21	31.7	1020.086	1533.137
2026-04-18 19:43:04.404	3.364	27.782	4.195	31.705	1020.117	1533.272
2026-04-18 19:43:05.403	3.395	27.789	4.207	31.72	1020.099	1533.252
2026-04-18 19:43:06.403	3.438	27.787	4.192	31.731	1020.099	1533.273
2026-04-18 19:43:07.402	3.486	27.786	4.2	31.771	1020.142	1533.255
2026-04-18 19:43:08.403	3.488	27.799	4.202	31.773	1020.147	1533.462
2026-04-18 19:43:09.405	3.509	27.788	4.184	31.806	1020.17	1533.367
2026-04-18 19:43:10.403	3.533	27.772	4.181	31.787	1020.162	1533.284
2026-04-18 19:43:11.404	3.488	27.821	4.185	31.802	1020.168	1533.5
2026-04-18 19:43:12.404	3.459	27.826	4.178	31.831	1020.18	1533.564
2026-04-18 19:43:13.404	3.409	27.852	4.193	31.854	1020.204	1533.551
2026-04-18 19:43:14.404	3.331	27.872	4.187	31.882	1020.223	1533.674
2026-04-18 19:43:15.404	3.193	27.888	4.176	31.864	1020.172	1533.609
2026-04-18 19:43:16.403	3.113	27.911	4.176	31.88	1020.194	1533.681
2026-04-18 19:43:17.402	2.989	27.9	4.169	31.906	1020.236	1533.734
2026-04-18 19:43:18.404	2.841	27.953	4.181	31.942	1020.226	1533.918
2026-04-18 19:43:19.403	2.643	28.007	4.166	31.956	1020.222	1534.0
2026-04-18 19:43:20.403	2.476	27.999	4.172	31.94	1020.206	1534.031
2026-04-18 19:43:21.403	2.31	28.069	4.168	31.953	1020.187	1534.182
2026-04-18 19:43:22.403	2.149	28.086	4.163	31.967	1020.143	1534.255
2026-04-18 19:43:23.404	1.918	28.107	4.172	31.997	1020.177	1534.317
2026-04-18 19:43:24.404	1.752	28.119	4.177	32.007	1020.159	1534.218
2026-04-18 19:43:25.403	1.588	28.181	4.162	32.024	1020.167	1534.419
2026-04-18 19:43:26.403	1.464	28.209	4.176	32.047	1020.176	1534.567
2026-04-18 19:43:27.403	1.294	28.258	4.166	32.042	1020.126	1534.592
2026-04-18 19:43:28.404	1.151	28.267	4.172	32.07	1020.165	1534.692
2026-04-18 19:43:29.403	1.027	28.297	4.16	32.07	1020.136	1534.762
2026-04-18 19:43:30.403	0.934	28.326	4.171	32.097	1020.185	1534.773
2026-04-18 19:43:31.402	0.882	28.304	4.151	32.088	1020.154	1534.79
2026-04-18 19:43:32.403	0.816	28.325	4.17	32.123	1020.147	1534.813
2026-04-18 19:43:33.402	0.755	28.358	4.165	32.129	1020.149	1534.879
2026-04-18 19:43:34.403	0.71	28.347	4.168	32.153	1020.195	1534.827
2026-04-18 19:43:35.403	0.732	28.359	4.156	32.132	1020.2	1534.833
2026-04-18 19:43:36.402	0.692	28.417	4.148	32.146	1020.164	1535.034
2026-04-18 19:43:37.403	0.721	28.416	4.153	32.165	1020.188	1535.101
2026-04-18 19:43:38.403	0.74	28.393	4.148	32.175	1020.201	1535.072
2026-04-18 19:43:39.403	0.737	28.436	4.15	32.165	1020.162	1535.08
2026-04-18 19:43:40.404	0.722	28.396	4.161	32.21	1020.247	1535.11
2026-04-18 19:43:41.402	0.785	28.415	4.145	32.186	1020.18	1535.053
2026-04-18 19:43:42.403	0.798	28.437	4.149	32.202	1020.233	1535.302
2026-04-18 19:43:43.402	0.821	28.415	4.148	32.227	1020.218	1535.135
2026-04-18 19:43:44.404	0.833	28.425	4.154	32.216	1020.205	1535.242
2026-04-18 19:43:45.403	0.818	28.412	4.15	32.232	1020.264	1535.15
2026-04-18 19:43:46.404	0.834	28.451	4.144	32.218	1020.224	1535.373
2026-04-18 19:43:47.403	0.832	28.433	4.152	32.247	1020.252	1535.176
2026-04-18 19:43:48.404	0.803	28.435	4.16	32.23	1020.262	1535.319
2026-04-18 19:43:49.404	0.798	28.494	4.157	32.238	1020.218	1535.332
2026-04-18 19:43:50.403	0.806	28.504	4.154	32.252	1020.216	1535.433
2026-04-18 19:43:51.404	0.852	28.467	4.163	32.244	1020.228	1535.347
2026-04-18 19:43:52.403	0.814	28.48	4.164	32.28	1020.271	1535.409
2026-04-18 19:43:53.403	0.828	28.468	4.162	32.277	1020.239	1535.344
2026-04-18 19:43:54.404	0.861	28.503	4.153	32.283	1020.278	1535.481
2026-04-18 19:43:55.404	0.946	28.461	4.162	32.257	1020.274	1535.275
2026-04-18 19:43:56.403	1.018	28.515	4.167	32.263	1020.23	1535.521
2026-04-18 19:43:57.404	1.078	28.456	4.169	32.278	1020.309	1535.498
2026-04-18 19:43:58.403	1.143	28.489	4.158	32.299	1020.285	1535.54
2026-04-18 19:43:59.401	1.282	28.488	4.163	32.276	1020.288	1535.595
2026-04-18 19:44:00.400	1.411	28.453	4.174	32.298	1020.288	1535.529
2026-04-18 19:44:01.401	1.515	28.462	4.171	32.283	1020.327	1535.593
2026-04-18 19:44:02.400	1.694	28.391	4.162	32.308	1020.335	1535.31
2026-04-18 19:44:03.403	1.835	28.419	4.162	32.297	1020.348	1535.559
2026-04-18 19:44:04.407	2.025	28.37	4.16	32.299	1020.352	1535.402
2026-04-18 19:44:05.403	2.187	28.356	4.168	32.304	1020.404	1535.442
2026-04-18 19:44:06.403	2.381	28.333	4.165	32.282	1020.356	1535.202
2026-04-18 19:44:07.404	2.536	28.338	4.184	32.301	1020.402	1535.291
2026-04-18 19:44:08.401	2.73	28.276	4.178	32.289	1020.424	1535.174
2026-04-18 19:44:09.405	2.888	28.26	4.181	32.272	1020.393	1535.19
2026-04-18 19:44:10.403	3.054	28.24	4.188	32.296	1020.462	1535.154
2026-04-18 19:44:11.400	3.189	28.219	4.186	32.296	1020.453	1535.116
2026-04-18 19:44:12.400	3.296	28.201	4.175	32.304	1020.464	1535.108
2026-04-18 19:44:13.400	3.39	28.219	4.191	32.299	1020.463	1535.241
2026-04-18 19:44:14.400	3.486	28.197	4.189	32.284	1020.456	1535.065
2026-04-18 19:44:15.400	3.524	28.173	4.192	32.29	1020.484	1535.139
2026-04-18 19:44:16.403	3.597	28.181	4.187	32.306	1020.47	1535.182
2026-04-18 19:44:17.400	3.616	28.171	4.197	32.311	1020.523	1535.16
2026-04-18 19:44:18.402	3.635	28.172	4.19	32.282	1020.445	1535.115
2026-04-18 19:44:19.403	3.613	28.211	4.206	32.304	1020.496	1535.162
2026-04-18 19:44:20.403	3.568	28.225	4.194	32.286	1020.44	1535.119
2026-04-18 19:44:21.400	3.516	28.197	4.196	32.292	1020.496	1535.102
2026-04-18 19:44:22.401	3.471	28.205	4.202	32.291	1020.454	1535.203
2026-04-18 19:44:23.402	3.383	28.247	4.214	32.284	1020.474	1535.25
2026-04-18 19:44:24.403	3.313	28.274	4.214	32.302	1020.477	1535.36
2026-04-18 19:44:25.402	3.228	28.237	4.205	32.282	1020.427	1535.154
2026-04-18 19:44:26.403	3.199	28.265	4.208	32.306	1020.47	1535.291
2026-04-18 19:44:27.404	3.087	28.287	4.211	32.285	1020.408	1535.358
2026-04-18 19:44:28.403	3.069	28.26	4.227	32.28	1020.422	1535.125
2026-04-18 19:44:29.404	2.999	28.295	4.223	32.281	1020.417	1535.401
2026-04-18 19:44:30.403	2.917	28.304	4.228	32.31	1020.412	1535.368
2026-04-18 19:44:31.403	2.878	28.327	4.233	32.311	1020.442	1535.482
2026-04-18 19:44:32.403	2.859	28.32	4.24	32.304	1020.444	1535.312
2026-04-18 19:44:33.404	2.801	28.328	4.234	32.313	1020.44	1535.336
2026-04-18 19:44:34.403	2.732	28.342	4.242	32.306	1020.413	1535.415
2026-04-18 19:44:35.403	2.683	28.331	4.232	32.312	1020.385	1535.296
2026-04-18 19:44:36.403	2.67	28.338	4.231	32.309	1020.412	1535.36
2026-04-18 19:44:37.403	2.587	28.373	4.242	32.301	1020.372	1535.412
2026-04-18 19:44:38.403	2.545	28.357	4.248	32.33	1020.402	1535.415
2026-04-18 19:44:39.404	2.481	28.349	4.246	32.304	1020.404	1535.37
2026-04-18 19:44:40.404	2.444	28.35	4.241	32.323	1020.417	1535.343
2026-04-18 19:44:41.400	2.366	28.373	4.242	32.32	1020.367	1535.422
2026-04-18 19:44:42.400	2.238	28.375	4.244	32.33	1020.401	1535.506
2026-04-18 19:44:43.401	2.188	28.425	4.261	32.303	1020.373	1535.639
2026-04-18 19:44:44.400	2.052	28.407	4.261	32.329	1020.355	1535.564
2026-04-18 19:44:45.400	1.93	28.432	4.245	32.328	1020.343	1535.614
2026-04-18 19:44:46.400	1.81	28.439	4.244	32.32	1020.356	1535.445
2026-04-18 19:44:47.400	1.615	28.45	4.248	32.321	1020.371	1535.606
2026-04-18 19:44:48.401	1.5	28.468	4.254	32.317	1020.352	1535.645
2026-04-18 19:44:49.405	1.314	28.498	4.25	32.34	1020.338	1535.613
2026-04-18 19:44:50.401	1.155	28.546	4.264	32.346	1020.338	1535.732
2026-04-18 19:44:51.404	1.01	28.545	4.25	32.352	1020.313	1535.721
2026-04-18 19:44:52.402	0.868	28.548	4.25	32.354	1020.292	1535.768
2026-04-18 19:44:53.404	0.703	28.607	4.269	32.33	1020.286	1535.917
2026-04-18 19:44:54.401	0.62	28.616	4.252	32.334	1020.278	1535.826
2026-04-18 19:44:55.403	0.461	28.595	4.26	32.36	1020.282	1535.812
2026-04-18 19:44:56.402	0.391	28.639	4.257	32.347	1020.287	1535.949
2026-04-18 19:44:57.402	0.337	28.643	4.255	32.324	1020.23	1535.851
2026-04-18 19:44:58.402	0.266	28.643	4.248	32.338	1020.236	1535.843
2026-04-18 19:44:59.404	0.213	28.643	4.254	32.329	1020.213	1535.841
2026-04-18 19:45:00.404	0.222	28.613	4.248	32.341	1020.224	1535.859
2026-04-18 19:45:01.403	0.218	28.607	4.245	32.324	1020.24	1535.793
2026-04-18 19:45:02.403	0.283	28.594	4.244	32.349	1020.291	1535.67
2026-04-18 19:45:03.403	0.298	28.611	4.243	32.337	1020.255	1535.67
2026-04-18 19:45:04.404	0.42	28.58	4.237	32.328	1020.286	1535.684
2026-04-18 19:45:05.402	0.467	28.55	4.236	32.35	1020.287	1535.595
2026-04-18 19:45:06.402	0.572	28.497	4.242	32.326	1020.279	1535.488
2026-04-18 19:45:07.403	0.704	28.515	4.235	32.333	1020.304	1535.593
2026-04-18 19:45:08.403	0.828	28.485	4.241	32.32	1020.319	1535.46
2026-04-18 19:45:09.403	0.956	28.456	4.229	32.342	1020.33	1535.368
2026-04-18 19:45:10.403	1.065	28.398	4.231	32.327	1020.328	1535.199
2026-04-18 19:45:11.404	1.167	28.375	4.22	32.334	1020.322	1535.209
2026-04-18 19:45:12.402	1.264	28.349	4.218	32.324	1020.349	1535.099
2026-04-18 19:45:13.409	1.389	28.355	4.224	32.305	1020.365	1535.26
2026-04-18 19:45:14.401	1.479	28.334	4.211	32.309	1020.335	1535.226
2026-04-18 19:45:15.403	1.566	28.317	4.216	32.285	1020.335	1535.164
2026-04-18 19:45:16.402	1.668	28.283	4.21	32.302	1020.347	1535.122
2026-04-18 19:45:17.402	1.737	28.298	4.205	32.295	1020.336	1535.062
2026-04-18 19:45:18.404	1.8	28.247	4.209	32.266	1020.381	1534.871
2026-04-18 19:45:19.404	1.884	28.22	4.204	32.272	1020.378	1534.823
2026-04-18 19:45:20.402	1.95	28.196	4.19	32.265	1020.39	1534.849
2026-04-18 19:45:21.404	1.964	28.195	4.205	32.227	1020.337	1534.85
2026-04-18 19:45:22.403	2.025	28.186	4.194	32.244	1020.353	1534.76
2026-04-18 19:45:23.403	2.136	28.14	4.198	32.226	1020.379	1534.733
2026-04-18 19:45:24.402	2.142	28.185	4.179	32.2	1020.323	1534.698
2026-04-18 19:45:25.403	2.266	28.103	4.18	32.216	1020.395	1534.514
2026-04-18 19:45:26.404	2.34	28.087	4.183	32.178	1020.366	1534.474
2026-04-18 19:45:27.402	2.408	28.1	4.168	32.199	1020.382	1534.51
2026-04-18 19:45:28.401	2.484	28.047	4.173	32.182	1020.377	1534.33
2026-04-18 19:45:29.400	2.608	28.038	4.169	32.141	1020.331	1534.354
2026-04-18 19:45:30.400	2.695	28.06	4.175	32.149	1020.363	1534.38
2026-04-18 19:45:31.401	2.813	27.999	4.173	32.136	1020.338	1534.166
2026-04-18 19:45:32.400	2.91	27.997	4.159	32.108	1020.337	1534.297
2026-04-18 19:45:33.400	3.009	27.963	4.157	32.089	1020.355	1534.22
2026-04-18 19:45:34.402	3.17	27.929	4.158	32.075	1020.328	1534.018
2026-04-18 19:45:35.400	3.257	27.911	4.149	32.062	1020.326	1534.038
2026-04-18 19:45:36.400	3.395	27.894	4.145	32.048	1020.363	1533.899
2026-04-18 19:45:37.403	3.465	27.858	4.145	32.032	1020.313	1533.954
2026-04-18 19:45:38.404	3.578	27.858	4.136	32.029	1020.37	1533.968
2026-04-18 19:45:39.403	3.639	27.831	4.133	32.037	1020.376	1533.836
2026-04-18 19:45:40.402	3.741	27.818	4.139	31.988	1020.356	1533.747
2026-04-18 19:45:41.403	3.751	27.808	4.128	31.994	1020.363	1533.738
2026-04-18 19:45:42.403	3.755	27.769	4.141	31.962	1020.308	1533.623
2026-04-18 19:45:43.404	3.764	27.775	4.142	31.937	1020.315	1533.542
2026-04-18 19:45:44.403	3.761	27.785	4.124	31.94	1020.29	1533.618
2026-04-18 19:45:45.403	3.707	27.804	4.134	31.932	1020.292	1533.7
2026-04-18 19:45:46.404	3.623	27.793	4.139	31.899	1020.247	1533.527
2026-04-18 19:45:47.405	3.533	27.765	4.136	31.877	1020.266	1533.352
2026-04-18 19:45:48.403	3.448	27.817	4.125	31.876	1020.217	1533.649
2026-04-18 19:45:49.404	3.331	27.836	4.122	31.859	1020.229	1533.518
2026-04-18 19:45:50.402	3.181	27.844	4.123	31.833	1020.181	1533.461
2026-04-18 19:45:51.403	3.005	27.845	4.121	31.814	1020.173	1533.498
2026-04-18 19:45:52.404	2.868	27.848	4.124	31.8	1020.127	1533.418
2026-04-18 19:45:53.403	2.739	27.905	4.128	31.791	1020.118	1533.668
2026-04-18 19:45:54.403	2.564	27.908	4.129	31.774	1020.091	1533.562
2026-04-18 19:45:55.403	2.386	27.955	4.14	31.781	1020.065	1533.731
2026-04-18 19:45:56.404	2.286	27.935	4.132	31.752	1020.039	1533.551
2026-04-18 19:45:57.402	2.112	27.938	4.133	31.751	1020.031	1533.535
2026-04-18 19:45:58.404	1.979	27.989	4.137	31.712	1019.973	1533.654
2026-04-18 19:45:59.403	1.852	27.995	4.141	31.728	1020.006	1533.626
2026-04-18 19:46:00.403	1.785	28.002	4.132	31.705	1019.939	1533.577
2026-04-18 19:46:01.404	1.657	28.016	4.129	31.687	1019.961	1533.611
2026-04-18 19:46:02.400	1.579	28.056	4.129	31.688	1019.954	1533.681
2026-04-18 19:46:03.401	1.487	28.042	4.133	31.655	1019.911	1533.536
2026-04-18 19:46:04.404	1.462	28.053	4.144	31.651	1019.924	1533.631
2026-04-18 19:46:05.403	1.419	28.069	4.148	31.632	1019.89	1533.588
2026-04-18 19:46:06.404	1.347	28.037	4.141	31.626	1019.878	1533.595
2026-04-18 19:46:07.401	1.289	28.064	4.132	31.611	1019.854	1533.449
2026-04-18 19:46:08.404	1.237	28.04	4.145	31.617	1019.874	1533.389
2026-04-18 19:46:09.403	1.226	28.065	4.136	31.605	1019.876	1533.557
2026-04-18 19:46:10.403	1.164	28.071	4.154	31.617	1019.88	1533.534
2026-04-18 19:46:11.403	1.11	28.062	4.146	31.612	1019.876	1533.486
2026-04-18 19:46:12.402	1.104	28.1	4.152	31.572	1019.828	1533.483
2026-04-18 19:46:13.403	1.044	28.091	4.154	31.574	1019.815	1533.629
2026-04-18 19:46:14.404	0.996	28.105	4.149	31.586	1019.823	1533.533
2026-04-18 19:46:15.402	0.933	28.123	4.15	31.588	1019.782	1533.688
2026-04-18 19:46:16.403	0.825	28.098	4.167	31.568	1019.806	1533.558
2026-04-18 19:46:17.403	0.748	28.127	4.156	31.575	1019.774	1533.621
2026-04-18 19:46:18.402	0.671	28.163	4.158	31.539	1019.731	1533.675
2026-04-18 19:46:19.403	0.601	28.167	4.177	31.547	1019.726	1533.589
2026-04-18 19:46:20.402	0.588	28.176	4.17	31.555	1019.729	1533.692
2026-04-18 19:46:21.403	0.518	28.175	4.179	31.555	1019.77	1533.593
2026-04-18 19:46:22.403	0.447	28.178	4.173	31.532	1019.749	1533.597
2026-04-18 19:46:23.402	0.412	28.199	4.186	31.53	1019.722	1533.604
2026-04-18 19:46:24.404	0.425	28.204	4.173	31.545	1019.731	1533.667
2026-04-18 19:46:25.402	0.375	28.214	4.186	31.547	1019.731	1533.704
2026-04-18 19:46:26.404	0.385	28.236	4.18	31.542	1019.745	1533.82
2026-04-18 19:46:27.402	0.414	28.232	4.182	31.532	1019.739	1533.807
2026-04-18 19:46:28.403	0.499	28.186	4.182	31.534	1019.743	1533.587
2026-04-18 19:46:29.403	0.547	28.193	4.19	31.547	1019.717	1533.618
2026-04-18 19:46:30.402	0.64	28.184	4.192	31.553	1019.756	1533.632
2026-04-18 19:46:31.403	0.76	28.156	4.208	31.569	1019.783	1533.748
2026-04-18 19:46:32.402	0.896	28.179	4.197	31.566	1019.759	1533.835
2026-04-18 19:46:33.402	1.073	28.148	4.205	31.567	1019.789	1533.744
2026-04-18 19:46:34.404	1.218	28.132	4.203	31.574	1019.784	1533.754
2026-04-18 19:46:35.402	1.38	28.102	4.214	31.557	1019.835	1533.678
2026-04-18 19:46:36.403	1.586	28.051	4.2	31.598	1019.838	1533.519
2026-04-18 19:46:37.403	1.746	28.077	4.218	31.588	1019.865	1533.538
2026-04-18 19:46:38.403	1.897	28.01	4.2	31.583	1019.873	1533.474
2026-04-18 19:46:39.403	2.076	28.021	4.211	31.609	1019.931	1533.581
2026-04-18 19:46:40.400	2.244	27.961	4.207	31.583	1019.914	1533.35
2026-04-18 19:46:41.404	2.411	27.961	4.215	31.617	1019.944	1533.497
2026-04-18 19:46:42.402	2.548	27.973	4.21	31.606	1019.95	1533.494
2026-04-18 19:46:43.402	2.676	27.951	4.225	31.605	1019.962	1533.539
2026-04-18 19:46:44.402	2.826	27.941	4.223	31.615	1019.969	1533.525
2026-04-18 19:46:45.404	2.885	27.906	4.225	31.63	1019.994	1533.385
2026-04-18 19:46:46.403	2.954	27.894	4.227	31.658	1020.011	1533.388
2026-04-18 19:46:47.403	3.02	27.903	4.228	31.668	1020.045	1533.495
2026-04-18 19:46:48.404	3.106	27.904	4.23	31.666	1020.022	1533.433
2026-04-18 19:46:49.405	3.129	27.9	4.226	31.65	1020.039	1533.403
2026-04-18 19:46:50.402	3.141	27.908	4.215	31.69	1020.055	1533.493
2026-04-18 19:46:51.404	3.154	27.916	4.231	31.684	1020.061	1533.561
2026-04-18 19:46:52.403	3.19	27.947	4.218	31.671	1020.05	1533.678
2026-04-18 19:46:53.403	3.183	27.901	4.233	31.706	1020.09	1533.462
2026-04-18 19:46:54.404	3.159	27.928	4.235	31.685	1020.022	1533.639
2026-04-18 19:46:55.403	3.17	27.963	4.219	31.724	1020.061	1533.785
2026-04-18 19:46:56.403	3.159	27.974	4.222	31.738	1020.075	1533.784
2026-04-18 19:46:57.402	3.207	27.974	4.236	31.74	1020.099	1533.712
2026-04-18 19:46:58.403	3.193	27.95	4.236	31.737	1020.058	1533.764
2026-04-18 19:46:59.402	3.181	27.947	4.223	31.733	1020.06	1533.798
2026-04-18 19:47:00.402	3.2	27.99	4.224	31.733	1020.055	1533.851
2026-04-18 19:47:01.404	3.238	27.997	4.236	31.77	1020.107	1533.82
2026-04-18 19:47:02.402	3.227	27.963	4.217	31.758	1020.074	1533.733
2026-04-18 19:47:03.403	3.26	27.964	4.223	31.757	1020.092	1533.886
2026-04-18 19:47:04.403	3.254	27.978	4.22	31.784	1020.129	1533.849
2026-04-18 19:47:05.402	3.271	28.015	4.229	31.776	1020.071	1533.873
2026-04-18 19:47:06.403	3.274	28.037	4.225	31.8	1020.112	1534.08
2026-04-18 19:47:07.403	3.29	28.003	4.221	31.786	1020.112	1533.855
2026-04-18 19:47:08.403	3.293	28.03	4.217	31.817	1020.153	1534.109
2026-04-18 19:47:09.403	3.284	28.042	4.228	31.788	1020.083	1533.995
2026-04-18 19:47:10.403	3.23	28.039	4.212	31.812	1020.119	1534.071
2026-04-18 19:47:11.403	3.175	28.046	4.211	31.8	1020.123	1534.05
2026-04-18 19:47:12.402	3.103	28.085	4.212	31.836	1020.113	1534.126
2026-04-18 19:47:13.403	2.977	28.103	4.215	31.842	1020.102	1534.143
2026-04-18 19:47:14.403	2.872	28.109	4.206	31.824	1020.084	1534.196
2026-04-18 19:47:15.402	2.764	28.164	4.209	31.822	1020.067	1534.391
2026-04-18 19:47:16.403	2.621	28.177	4.21	31.852	1020.094	1534.422
2026-04-18 19:47:17.402	2.431	28.244	4.221	31.829	1020.074	1534.547
2026-04-18 19:47:18.402	2.269	28.229	4.209	31.867	1020.077	1534.572
2026-04-18 19:47:19.403	2.089	28.276	4.2	31.858	1020.02	1534.486
2026-04-18 19:47:20.402	1.899	28.322	4.218	31.847	1020.015	1534.701
2026-04-18 19:47:21.403	1.746	28.362	4.206	31.863	1019.988	1534.806
2026-04-18 19:47:22.403	1.566	28.367	4.214	31.864	1020.0	1534.833
2026-04-18 19:47:23.403	1.37	28.389	4.211	31.864	1019.969	1534.835
2026-04-18 19:47:24.403	1.211	28.425	4.195	31.869	1019.982	1534.753
2026-04-18 19:47:25.402	1.09	28.443	4.208	31.874	1019.944	1534.89
2026-04-18 19:47:26.403	0.939	28.474	4.199	31.886	1019.955	1534.917
2026-04-18 19:47:27.403	0.818	28.525	4.192	31.889	1019.969	1535.142
2026-04-18 19:47:28.403	0.71	28.531	4.19	31.905	1019.932	1535.132
2026-04-18 19:47:29.403	0.623	28.588	4.198	31.881	1019.918	1535.203
2026-04-18 19:47:30.403	0.57	28.572	4.192	31.896	1019.909	1535.124
2026-04-18 19:47:31.404	0.533	28.609	4.192	31.899	1019.942	1535.356
2026-04-18 19:47:32.403	0.5	28.585	4.184	31.888	1019.923	1535.193
2026-04-18 19:47:33.404	0.509	28.588	4.184	31.904	1019.954	1535.306
2026-04-18 19:47:34.403	0.494	28.625	4.176	31.911	1019.953	1535.314
2026-04-18 19:47:35.404	0.535	28.627	4.185	31.908	1019.919	1535.304
2026-04-18 19:47:36.403	0.534	28.623	4.184	31.922	1019.915	1535.374
2026-04-18 19:47:37.403	0.591	28.585	4.184	31.909	1019.963	1535.262
2026-04-18 19:47:38.402	0.631	28.586	4.169	31.919	1019.943	1535.355
2026-04-18 19:47:39.403	0.701	28.595	4.181	31.949	1019.949	1535.278
2026-04-18 19:47:40.403	0.759	28.624	4.168	31.92	1019.965	1535.433
2026-04-18 19:47:41.404	0.822	28.569	4.175	31.926	1019.992	1535.209
2026-04-18 19:47:42.403	0.848	28.606	4.162	31.931	1019.961	1535.374
2026-04-18 19:47:43.404	0.872	28.623	4.158	31.945	1019.969	1535.355
2026-04-18 19:47:44.403	0.945	28.596	4.168	31.97	1019.991	1535.482
2026-04-18 19:47:45.403	0.947	28.614	4.168	31.966	1019.996	1535.362
2026-04-18 19:47:46.404	1.004	28.595	4.169	31.955	1019.985	1535.41
2026-04-18 19:47:47.402	1.048	28.562	4.152	31.963	1020.026	1535.331
2026-04-18 19:47:48.404	1.051	28.565	4.162	31.971	1020.024	1535.411
2026-04-18 19:47:49.403	1.091	28.551	4.152	31.982	1020.041	1535.409
2026-04-18 19:47:50.403	1.121	28.558	4.163	31.996	1020.039	1535.325
2026-04-18 19:47:51.404	1.154	28.564	4.159	31.997	1020.051	1535.323
2026-04-18 19:47:52.402	1.235	28.588	4.164	32.018	1020.034	1535.407
2026-04-18 19:47:53.403	1.259	28.548	4.158	32.005	1020.053	1535.384
2026-04-18 19:47:54.403	1.304	28.573	4.159	32.037	1020.056	1535.503
2026-04-18 19:47:55.403	1.405	28.555	4.157	32.05	1020.105	1535.372
2026-04-18 19:47:56.404	1.465	28.526	4.146	32.05	1020.112	1535.382
2026-04-18 19:47:57.402	1.585	28.539	4.158	32.059	1020.098	1535.379
2026-04-18 19:47:58.402	1.65	28.519	4.146	32.073	1020.138	1535.496
2026-04-18 19:47:59.402	1.782	28.496	4.142	32.082	1020.14	1535.371
2026-04-18 19:48:00.402	1.945	28.463	4.143	32.091	1020.191	1535.355
2026-04-18 19:48:01.403	2.106	28.441	4.145	32.098	1020.211	1535.259
2026-04-18 19:48:02.402	2.215	28.395	4.158	32.117	1020.206	1535.318
2026-04-18 19:48:03.403	2.42	28.395	4.16	32.124	1020.266	1535.383
2026-04-18 19:48:04.403	2.552	28.346	4.152	32.099	1020.248	1535.215
2026-04-18 19:48:05.402	2.703	28.321	4.141	32.138	1020.269	1535.213
2026-04-18 19:48:06.403	2.897	28.324	4.148	32.154	1020.321	1535.293
2026-04-18 19:48:07.403	3.044	28.314	4.144	32.166	1020.344	1535.187
2026-04-18 19:48:08.403	3.205	28.27	4.153	32.143	1020.324	1535.197
2026-04-18 19:48:09.403	3.329	28.253	4.16	32.17	1020.353	1535.12
2026-04-18 19:48:10.402	3.433	28.199	4.157	32.194	1020.361	1535.063
2026-04-18 19:48:11.403	3.557	28.203	4.149	32.208	1020.382	1534.976
2026-04-18 19:48:12.403	3.611	28.175	4.154	32.197	1020.376	1535.023
2026-04-18 19:48:13.403	3.664	28.173	4.148	32.233	1020.436	1534.957
2026-04-18 19:48:14.403	3.735	28.16	4.159	32.213	1020.406	1534.948
2026-04-18 19:48:15.402	3.756	28.171	4.165	32.246	1020.429	1535.096
2026-04-18 19:48:16.403	3.754	28.141	4.164	32.27	1020.494	1534.963
2026-04-18 19:48:17.403	3.707	28.128	4.159	32.281	1020.469	1534.982
2026-04-18 19:48:18.403	3.664	28.149	4.159	32.263	1020.477	1534.993
2026-04-18 19:48:19.403	3.62	28.186	4.17	32.281	1020.483	1535.172
2026-04-18 19:48:20.402	3.512	28.145	4.164	32.318	1020.488	1535.035
2026-04-18 19:48:21.403	3.439	28.149	4.168	32.298	1020.489	1534.97
2026-04-18 19:48:22.403	3.361	28.199	4.181	32.335	1020.493	1535.085
2026-04-18 19:48:23.402	3.26	28.193	4.185	32.332	1020.499	1535.114
2026-04-18 19:48:24.402	3.13	28.225	4.179	32.352	1020.518	1535.206
2026-04-18 19:48:25.403	3.001	28.21	4.178	32.354	1020.488	1535.106
2026-04-18 19:48:26.403	2.897	28.229	4.181	32.356	1020.51	1535.212
2026-04-18 19:48:27.402	2.852	28.226	4.194	32.377	1020.503	1535.187
2026-04-18 19:48:28.402	2.732	28.256	4.192	32.391	1020.489	1535.251
2026-04-18 19:48:29.403	2.653	28.251	4.197	32.408	1020.525	1535.184
2026-04-18 19:48:30.403	2.545	28.26	4.196	32.412	1020.531	1535.186
2026-04-18 19:48:31.404	2.522	28.245	4.196	32.401	1020.468	1535.203
2026-04-18 19:48:32.404	2.408	28.269	4.21	32.443	1020.518	1535.356
2026-04-18 19:48:33.404	2.394	28.263	4.208	32.425	1020.525	1535.223
2026-04-18 19:48:34.403	2.292	28.277	4.212	32.454	1020.526	1535.41
2026-04-18 19:48:35.402	2.266	28.27	4.221	32.45	1020.495	1535.352
2026-04-18 19:48:36.402	2.186	28.254	4.222	32.447	1020.519	1535.22
2026-04-18 19:48:37.403	2.167	28.263	4.225	32.468	1020.541	1535.274
2026-04-18 19:48:38.403	2.095	28.261	4.223	32.467	1020.527	1535.173
2026-04-18 19:48:39.403	2.027	28.278	4.232	32.48	1020.514	1535.329
2026-04-18 19:48:40.402	1.919	28.267	4.219	32.473	1020.518	1535.331
2026-04-18 19:48:41.403	1.832	28.277	4.222	32.482	1020.517	1535.341
2026-04-18 19:48:42.402	1.785	28.31	4.23	32.504	1020.527	1535.492
2026-04-18 19:48:43.402	1.687	28.307	4.226	32.509	1020.522	1535.361
2026-04-18 19:48:44.402	1.533	28.325	4.231	32.493	1020.503	1535.307
2026-04-18 19:48:45.403	1.459	28.342	4.238	32.506	1020.503	1535.525
2026-04-18 19:48:46.404	1.296	28.33	4.239	32.511	1020.53	1535.313
2026-04-18 19:48:47.403	1.17	28.323	4.245	32.485	1020.504	1535.228
2026-04-18 19:48:48.403	1.063	28.366	4.239	32.502	1020.487	1535.386
2026-04-18 19:48:49.402	0.895	28.349	4.243	32.487	1020.481	1535.343
2026-04-18 19:48:50.403	0.788	28.4	4.24	32.511	1020.459	1535.398
2026-04-18 19:48:51.403	0.627	28.414	4.247	32.502	1020.457	1535.375
2026-04-18 19:48:52.403	0.522	28.393	4.246	32.476	1020.444	1535.36
2026-04-18 19:48:53.403	0.45	28.4	4.245	32.482	1020.442	1535.433
2026-04-18 19:48:54.403	0.322	28.43	4.261	32.482	1020.424	1535.404
2026-04-18 19:48:55.403	0.274	28.437	4.248	32.499	1020.424	1535.438
2026-04-18 19:48:56.403	0.251	28.406	4.262	32.466	1020.377	1535.33
2026-04-18 19:48:57.403	0.214	28.402	4.256	32.488	1020.392	1535.409
2026-04-18 19:48:58.403	0.178	28.393	4.258	32.456	1020.406	1535.295
2026-04-18 19:48:59.402	0.237	28.41	4.255	32.462	1020.419	1535.275
2026-04-18 19:49:00.402	0.258	28.412	4.253	32.436	1020.385	1535.421
2026-04-18 19:49:01.403	0.354	28.386	4.246	32.43	1020.402	1535.218
2026-04-18 19:49:02.403	0.396	28.347	4.26	32.421	1020.379	1535.097
2026-04-18 19:49:03.403	0.497	28.342	4.248	32.428	1020.399	1535.124
2026-04-18 19:49:04.402	0.617	28.321	4.258	32.403	1020.402	1535.101
2026-04-18 19:49:05.403	0.735	28.296	4.242	32.42	1020.412	1535.107
2026-04-18 19:49:06.404	0.876	28.251	4.25	32.404	1020.431	1534.86
2026-04-18 19:49:07.402	1.006	28.23	4.251	32.403	1020.399	1534.96
2026-04-18 19:49:08.403	1.177	28.2	4.241	32.371	1020.416	1534.84
2026-04-18 19:49:09.403	1.332	28.18	4.249	32.379	1020.449	1534.827
2026-04-18 19:49:10.403	1.446	28.151	4.247	32.342	1020.406	1534.737
2026-04-18 19:49:11.404	1.58	28.095	4.234	32.335	1020.447	1534.511
2026-04-18 19:49:12.402	1.758	28.08	4.228	32.344	1020.478	1534.604
2026-04-18 19:49:13.402	1.865	28.08	4.232	32.344	1020.478	1534.527
2026-04-18 19:49:14.403	1.983	28.035	4.232	32.302	1020.423	1534.46
2026-04-18 19:49:15.403	2.084	28.012	4.237	32.299	1020.425	1534.387
2026-04-18 19:49:16.404	2.163	28.028	4.221	32.29	1020.463	1534.452
2026-04-18 19:49:17.403	2.238	27.996	4.216	32.282	1020.469	1534.416
2026-04-18 19:49:18.403	2.306	27.952	4.229	32.252	1020.431	1534.227
2026-04-18 19:49:19.404	2.354	27.946	4.216	32.239	1020.449	1534.22
2026-04-18 19:49:20.402	2.397	27.953	4.224	32.219	1020.405	1534.108
2026-04-18 19:49:21.404	2.465	27.931	4.221	32.22	1020.394	1534.065
2026-04-18 19:49:22.402	2.534	27.938	4.212	32.219	1020.425	1534.128
2026-04-18 19:49:23.403	2.547	27.909	4.203	32.207	1020.42	1533.997
2026-04-18 19:49:24.404	2.591	27.898	4.199	32.167	1020.398	1533.884
2026-04-18 19:49:25.404	2.653	27.87	4.2	32.156	1020.415	1533.923
2026-04-18 19:49:26.404	2.749	27.878	4.193	32.157	1020.377	1533.884
2026-04-18 19:49:27.402	2.806	27.831	4.197	32.15	1020.379	1533.886
2026-04-18 19:49:28.404	2.869	27.841	4.199	32.136	1020.388	1533.895
2026-04-18 19:49:29.403	2.953	27.804	4.198	32.093	1020.352	1533.673
2026-04-18 19:49:30.403	3.022	27.797	4.181	32.093	1020.357	1533.683
2026-04-18 19:49:31.404	3.124	27.787	4.176	32.075	1020.376	1533.723
2026-04-18 19:49:32.402	3.198	27.784	4.178	32.073	1020.347	1533.676
2026-04-18 19:49:33.403	3.266	27.771	4.178	32.039	1020.36	1533.659
2026-04-18 19:49:34.403	3.407	27.723	4.183	32.058	1020.357	1533.509
2026-04-18 19:49:35.403	3.439	27.765	4.175	32.017	1020.355	1533.608
2026-04-18 19:49:36.405	3.524	27.733	4.176	32.031	1020.395	1533.466
2026-04-18 19:49:37.402	3.575	27.69	4.165	32.017	1020.377	1533.331
2026-04-18 19:49:38.403	3.613	27.702	4.159	32.01	1020.379	1533.42
2026-04-18 19:49:39.404	3.66	27.691	4.165	31.968	1020.348	1533.326
2026-04-18 19:49:40.403	3.67	27.713	4.165	31.974	1020.331	1533.516
2026-04-18 19:49:41.404	3.705	27.678	4.158	31.945	1020.334	1533.229
2026-04-18 19:49:42.403	3.659	27.727	4.151	31.938	1020.294	1533.408
2026-04-18 19:49:43.402	3.597	27.693	4.152	31.949	1020.348	1533.268
2026-04-18 19:49:44.402	3.53	27.706	4.139	31.946	1020.294	1533.399
2026-04-18 19:49:45.403	3.421	27.72	4.142	31.927	1020.282	1533.432
2026-04-18 19:49:46.402	3.33	27.772	4.146	31.929	1020.251	1533.415
2026-04-18 19:49:47.403	3.177	27.804	4.141	31.921	1020.278	1533.461
2026-04-18 19:49:48.402	3.054	27.767	4.133	31.897	1020.206	1533.415
2026-04-18 19:49:49.403	2.88	27.819	4.137	31.899	1020.224	1533.434
2026-04-18 19:49:50.403	2.719	27.876	4.145	31.885	1020.189	1533.565
2026-04-18 19:49:51.403	2.579	27.843	4.135	31.888	1020.159	1533.586
2026-04-18 19:49:52.403	2.378	27.925	4.138	31.887	1020.166	1533.683
2026-04-18 19:49:53.402	2.21	27.902	4.146	31.85	1020.147	1533.58
2026-04-18 19:49:54.403	2.035	27.987	4.134	31.84	1020.078	1533.761
2026-04-18 19:49:55.403	1.894	27.982	4.145	31.852	1020.068	1533.635
2026-04-18 19:49:56.403	1.707	27.987	4.131	31.84	1020.093	1533.658
2026-04-18 19:49:57.402	1.616	28.006	4.131	31.856	1020.095	1533.698
2026-04-18 19:49:58.402	1.46	28.064	4.13	31.821	1020.032	1533.836
2026-04-18 19:49:59.403	1.384	28.057	4.143	31.815	1020.015	1533.818
2026-04-18 19:50:00.403	1.241	28.07	4.134	31.822	1019.991	1533.78
2026-04-18 19:50:01.403	1.177	28.137	4.126	31.82	1019.99	1533.931
2026-04-18 19:50:02.402	1.117	28.147	4.131	31.831	1020.017	1533.947
2026-04-18 19:50:03.403	1.08	28.142	4.135	31.801	1019.977	1533.923
2026-04-18 19:50:04.403	1.028	28.125	4.126	31.794	1019.984	1533.946
2026-04-18 19:50:05.403	0.976	28.129	4.141	31.805	1020.007	1533.963
2026-04-18 19:50:06.403	0.957	28.177	4.139	31.798	1019.973	1534.057
2026-04-18 19:50:07.402	0.948	28.174	4.145	31.792	1019.972	1534.087
2026-04-18 19:50:08.403	0.924	28.172	4.137	31.788	1019.97	1533.982
2026-04-18 19:50:09.403	0.914	28.178	4.134	31.783	1019.977	1534.035
2026-04-18 19:50:10.403	0.925	28.204	4.131	31.787	1019.942	1534.164
2026-04-18 19:50:11.404	0.859	28.206	4.136	31.804	1019.956	1534.148
2026-04-18 19:50:12.404	0.86	28.186	4.15	31.787	1019.954	1534.022
2026-04-18 19:50:13.403	0.861	28.195	4.147	31.78	1019.94	1533.997
2026-04-18 19:50:14.405	0.831	28.232	4.145	31.797	1019.918	1534.133
2026-04-18 19:50:15.402	0.776	28.247	4.152	31.769	1019.904	1534.063
2026-04-18 19:50:16.404	0.742	28.228	4.144	31.769	1019.9	1534.127
2026-04-18 19:50:17.402	0.702	28.249	4.146	31.783	1019.934	1534.137
2026-04-18 19:50:18.404	0.695	28.245	4.144	31.755	1019.912	1534.104
2026-04-18 19:50:19.403	0.646	28.268	4.15	31.753	1019.913	1534.148
2026-04-18 19:50:20.403	0.584	28.329	4.165	31.784	1019.877	1534.368
2026-04-18 19:50:21.404	0.609	28.281	4.155	31.752	1019.875	1534.252
2026-04-18 19:50:22.403	0.61	28.307	4.16	31.768	1019.892	1534.233
2026-04-18 19:50:23.403	0.582	28.296	4.17	31.747	1019.859	1534.302
2026-04-18 19:50:24.403	0.613	28.308	4.172	31.755	1019.884	1534.24
2026-04-18 19:50:25.404	0.671	28.347	4.173	31.774	1019.865	1534.423
2026-04-18 19:50:26.404	0.693	28.31	4.161	31.752	1019.902	1534.241
2026-04-18 19:50:27.402	0.785	28.346	4.175	31.765	1019.872	1534.335
2026-04-18 19:50:28.403	0.887	28.29	4.174	31.767	1019.931	1534.229
2026-04-18 19:50:29.402	0.972	28.3	4.167	31.732	1019.896	1534.277
2026-04-18 19:50:30.403	1.131	28.307	4.173	31.734	1019.914	1534.354
2026-04-18 19:50:31.404	1.251	28.266	4.178	31.762	1019.925	1534.3
2026-04-18 19:50:32.403	1.414	28.282	4.183	31.749	1019.941	1534.319
2026-04-18 19:50:33.402	1.566	28.227	4.173	31.732	1019.941	1534.136
2026-04-18 19:50:34.403	1.778	28.241	4.191	31.718	1019.951	1534.205
2026-04-18 19:50:35.403	1.946	28.225	4.179	31.71	1019.918	1534.265
2026-04-18 19:50:36.403	2.146	28.188	4.196	31.733	1019.97	1534.157
2026-04-18 19:50:37.402	2.299	28.166	4.18	31.721	1019.968	1534.159
2026-04-18 19:50:38.402	2.456	28.145	4.196	31.725	1019.965	1534.044
2026-04-18 19:50:39.402	2.647	28.113	4.2	31.731	1019.988	1534.045
2026-04-18 19:50:40.402	2.812	28.112	4.185	31.695	1020.004	1534.117
2026-04-18 19:50:41.404	2.938	28.119	4.191	31.7	1019.991	1534.108
2026-04-18 19:50:42.402	3.053	28.09	4.203	31.684	1020.024	1533.941
2026-04-18 19:50:43.402	3.166	28.111	4.207	31.715	1020.023	1534.206
2026-04-18 19:50:44.403	3.26	28.088	4.199	31.693	1020.015	1534.001
2026-04-18 19:50:45.403	3.314	28.048	4.209	31.694	1020.023	1534.054
2026-04-18 19:50:46.404	3.359	28.095	4.203	31.674	1020.032	1534.155
2026-04-18 19:50:47.402	3.373	28.103	4.203	31.694	1020.02	1534.171
2026-04-18 19:50:48.403	3.421	28.099	4.221	31.69	1020.002	1534.083
2026-04-18 19:50:49.404	3.397	28.094	4.21	31.651	1019.996	1534.033
2026-04-18 19:50:50.402	3.385	28.096	4.215	31.654	1020.006	1534.003
2026-04-18 19:50:51.403	3.407	28.083	4.217	31.677	1019.993	1534.042
2026-04-18 19:50:52.403	3.364	28.086	4.215	31.664	1020.006	1534.057
2026-04-18 19:50:53.403	3.333	28.143	4.218	31.639	1019.938	1534.1
2026-04-18 19:50:54.403	3.285	28.167	4.222	31.647	1019.94	1534.192
2026-04-18 19:50:55.402	3.244	28.147	4.225	31.626	1019.971	1534.085
2026-04-18 19:50:56.403	3.203	28.19	4.225	31.647	1019.935	1534.19
2026-04-18 19:50:57.404	3.198	28.191	4.233	31.619	1019.943	1534.327
2026-04-18 19:50:58.403	3.128	28.213	4.238	31.619	1019.905	1534.292
2026-04-18 19:50:59.403	3.135	28.177	4.23	31.619	1019.921	1534.122
2026-04-18 19:51:00.402	3.123	28.194	4.234	31.639	1019.915	1534.22
2026-04-18 19:51:01.403	3.105	28.218	4.237	31.615	1019.93	1534.352
2026-04-18 19:51:02.403	3.07	28.202	4.237	31.595	1019.92	1534.153
2026-04-18 19:51:03.403	3.068	28.254	4.226	31.625	1019.901	1534.396
2026-04-18 19:51:04.404	3.051	28.221	4.227	31.599	1019.876	1534.343
2026-04-18 19:51:05.402	3.02	28.256	4.226	31.613	1019.913	1534.315
2026-04-18 19:51:06.403	2.989	28.232	4.232	31.615	1019.9	1534.308
2026-04-18 19:51:07.403	2.959	28.264	4.23	31.583	1019.856	1534.394
2026-04-18 19:51:08.405	2.943	28.256	4.241	31.584	1019.897	1534.386
2026-04-18 19:51:09.404	2.856	28.28	4.233	31.582	1019.875	1534.494
2026-04-18 19:51:10.403	2.79	28.298	4.245	31.61	1019.879	1534.542
2026-04-18 19:51:11.405	2.73	28.28	4.236	31.584	1019.889	1534.428
2026-04-18 19:51:12.402	2.609	28.317	4.241	31.581	1019.831	1534.398
2026-04-18 19:51:13.402	2.466	28.344	4.241	31.59	1019.822	1534.464
2026-04-18 19:51:14.404	2.383	28.363	4.235	31.583	1019.799	1534.476
2026-04-18 19:51:15.403	2.19	28.431	4.242	31.621	1019.816	1534.765
2026-04-18 19:51:16.403	2.039	28.458	4.232	31.588	1019.809	1534.668
2026-04-18 19:51:17.405	1.926	28.468	4.235	31.62	1019.784	1534.863
2026-04-18 19:51:18.402	1.741	28.506	4.225	31.596	1019.753	1534.832
2026-04-18 19:51:19.405	1.577	28.528	4.239	31.625	1019.765	1534.916
2026-04-18 19:51:20.402	1.366	28.531	4.226	31.616	1019.787	1534.857
2026-04-18 19:51:21.402	1.242	28.569	4.236	31.636	1019.787	1534.899
2026-04-18 19:51:22.402	1.033	28.61	4.231	31.632	1019.745	1535.018
2026-04-18 19:51:23.402	0.87	28.602	4.225	31.622	1019.703	1535.024
2026-04-18 19:51:24.402	0.785	28.637	4.235	31.649	1019.757	1535.161
2026-04-18 19:51:25.402	0.622	28.671	4.222	31.656	1019.733	1535.266
2026-04-18 19:51:26.402	0.51	28.665	4.226	31.65	1019.693	1535.135
2026-04-18 19:51:27.402	0.428	28.715	4.227	31.64	1019.671	1535.165
2026-04-18 19:51:28.403	0.39	28.701	4.234	31.682	1019.726	1535.3
2026-04-18 19:51:29.403	0.325	28.7	4.221	31.677	1019.718	1535.321
2026-04-18 19:51:30.402	0.341	28.673	4.228	31.688	1019.713	1535.225
2026-04-18 19:51:31.402	0.306	28.686	4.218	31.71	1019.743	1535.255
2026-04-18 19:51:32.403	0.356	28.69	4.214	31.717	1019.783	1535.32
2026-04-18 19:51:33.402	0.375	28.715	4.219	31.694	1019.74	1535.219
2026-04-18 19:51:34.403	0.423	28.696	4.215	31.723	1019.741	1535.386
2026-04-18 19:51:35.403	0.5	28.674	4.206	31.723	1019.782	1535.238
2026-04-18 19:51:36.402	0.558	28.677	4.204	31.758	1019.808	1535.355
2026-04-18 19:51:37.402	0.624	28.668	4.206	31.764	1019.82	1535.281
2026-04-18 19:51:38.403	0.722	28.609	4.192	31.78	1019.85	1535.271
2026-04-18 19:51:39.402	0.851	28.621	4.188	31.792	1019.849	1535.28
2026-04-18 19:51:40.402	0.942	28.622	4.199	31.798	1019.866	1535.329
2026-04-18 19:51:41.402	0.981	28.607	4.2	31.831	1019.897	1535.288
2026-04-18 19:51:42.403	1.061	28.586	4.187	31.806	1019.858	1535.177
2026-04-18 19:51:43.403	1.15	28.548	4.189	31.824	1019.894	1535.065
2026-04-18 19:51:44.403	1.202	28.539	4.188	31.858	1019.962	1535.168
2026-04-18 19:51:45.403	1.291	28.506	4.174	31.874	1019.953	1535.115
2026-04-18 19:51:46.403	1.319	28.513	4.187	31.879	1019.946	1535.031
2026-04-18 19:51:47.403	1.43	28.517	4.172	31.904	1020.016	1535.226
2026-04-18 19:51:48.402	1.454	28.468	4.165	31.909	1019.999	1534.992
2026-04-18 19:51:49.403	1.527	28.493	4.173	31.917	1020.025	1535.111
2026-04-18 19:51:50.402	1.556	28.471	4.168	31.927	1020.045	1535.078
2026-04-18 19:51:51.404	1.613	28.463	4.16	31.975	1020.054	1535.14
2026-04-18 19:51:52.402	1.677	28.433	4.156	31.96	1020.094	1535.119
2026-04-18 19:51:53.403	1.75	28.432	4.172	31.992	1020.095	1535.165
2026-04-18 19:51:54.403	1.774	28.419	4.161	32.017	1020.101	1535.127
2026-04-18 19:51:55.402	1.899	28.396	4.163	32.017	1020.154	1535.095
2026-04-18 19:51:56.403	1.998	28.345	4.159	32.023	1020.139	1535.03
2026-04-18 19:51:57.403	2.06	28.37	4.148	32.075	1020.178	1535.15
2026-04-18 19:51:58.403	2.161	28.353	4.164	32.086	1020.212	1535.014
2026-04-18 19:51:59.402	2.287	28.311	4.143	32.082	1020.242	1535.042
2026-04-18 19:52:00.402	2.416	28.293	4.147	32.111	1020.241	1535.003
2026-04-18 19:52:01.402	2.561	28.238	4.143	32.128	1020.282	1534.933
2026-04-18 19:52:02.403	2.747	28.195	4.14	32.141	1020.293	1534.755
2026-04-18 19:52:03.402	2.904	28.211	4.147	32.17	1020.344	1534.901
2026-04-18 19:52:04.403	3.018	28.156	4.152	32.165	1020.376	1534.816
2026-04-18 19:52:05.404	3.136	28.112	4.151	32.172	1020.375	1534.781
2026-04-18 19:52:06.403	3.324	28.104	4.146	32.189	1020.391	1534.726
2026-04-18 19:52:07.402	3.445	28.086	4.138	32.203	1020.412	1534.629
2026-04-18 19:52:08.403	3.505	28.058	4.138	32.233	1020.481	1534.637
2026-04-18 19:52:09.403	3.65	28.013	4.143	32.245	1020.459	1534.682
2026-04-18 19:52:10.402	3.719	28.029	4.15	32.245	1020.479	1534.633
2026-04-18 19:52:11.402	3.726	28.036	4.145	32.259	1020.469	1534.67
2026-04-18 19:52:12.402	3.812	27.961	4.139	32.264	1020.487	1534.418
2026-04-18 19:52:13.402	3.793	28.011	4.148	32.294	1020.552	1534.615
2026-04-18 19:52:14.402	3.792	28.003	4.134	32.279	1020.489	1534.561
2026-04-18 19:52:15.400	3.772	27.965	4.141	32.308	1020.554	1534.603
2026-04-18 19:52:16.403	3.696	27.971	4.141	32.304	1020.545	1534.54
2026-04-18 19:52:17.402	3.636	27.97	4.146	32.341	1020.588	1534.648
2026-04-18 19:52:18.404	3.527	27.991	4.145	32.339	1020.529	1534.625
2026-04-18 19:52:19.400	3.439	27.973	4.152	32.355	1020.564	1534.487
2026-04-18 19:52:20.402	3.278	28.031	4.152	32.367	1020.553	1534.696
2026-04-18 19:52:21.403	3.192	28.043	4.15	32.352	1020.532	1534.652
2026-04-18 19:52:22.402	3.022	28.047	4.151	32.355	1020.543	1534.673
2026-04-18 19:52:23.403	2.929	28.06	4.159	32.357	1020.551	1534.65
2026-04-18 19:52:24.403	2.772	28.038	4.152	32.363	1020.542	1534.668
2026-04-18 19:52:25.403	2.652	28.061	4.153	32.366	1020.53	1534.606
2026-04-18 19:52:26.402	2.498	28.078	4.153	32.403	1020.555	1534.756
2026-04-18 19:52:27.403	2.388	28.085	4.163	32.384	1020.493	1534.66
2026-04-18 19:52:28.403	2.309	28.073	4.172	32.415	1020.515	1534.753
2026-04-18 19:52:29.405	2.224	28.125	4.16	32.407	1020.539	1534.764
2026-04-18 19:52:30.403	2.089	28.097	4.175	32.416	1020.491	1534.841
2026-04-18 19:52:31.402	2.031	28.111	4.175	32.387	1020.518	1534.663
2026-04-18 19:52:32.403	1.945	28.117	4.178	32.419	1020.495	1534.832
2026-04-18 19:52:33.400	1.865	28.134	4.186	32.423	1020.5	1534.819
2026-04-18 19:52:34.400	1.81	28.129	4.182	32.412	1020.482	1534.748
2026-04-18 19:52:35.400	1.756	28.113	4.188	32.411	1020.49	1534.733
2026-04-18 19:52:36.400	1.713	28.126	4.191	32.426	1020.504	1534.722
2026-04-18 19:52:37.401	1.652	28.123	4.188	32.425	1020.471	1534.68
2026-04-18 19:52:38.404	1.617	28.136	4.183	32.418	1020.489	1534.86
2026-04-18 19:52:39.404	1.534	28.145	4.194	32.413	1020.478	1534.747
2026-04-18 19:52:40.402	1.455	28.154	4.188	32.392	1020.439	1534.685
2026-04-18 19:52:41.400	1.375	28.161	4.191	32.398	1020.453	1534.866
2026-04-18 19:52:42.405	1.3	28.143	4.194	32.411	1020.46	1534.815
2026-04-18 19:52:43.403	1.246	28.162	4.202	32.385	1020.466	1534.813
2026-04-18 19:52:44.404	1.134	28.137	4.213	32.415	1020.478	1534.721
2026-04-18 19:52:45.402	1.014	28.201	4.203	32.402	1020.405	1534.862
2026-04-18 19:52:46.402	0.933	28.156	4.214	32.4	1020.407	1534.694
2026-04-18 19:52:47.402	0.815	28.172	4.214	32.374	1020.375	1534.649
2026-04-18 19:52:48.400	0.742	28.202	4.212	32.379	1020.416	1534.668
2026-04-18 19:52:49.403	0.63	28.211	4.224	32.364	1020.384	1534.703
2026-04-18 19:52:50.404	0.505	28.249	4.229	32.386	1020.409	1534.763
2026-04-18 19:52:51.408	0.449	28.243	4.219	32.358	1020.366	1534.772
2026-04-18 19:52:52.403	0.367	28.234	4.231	32.364	1020.373	1534.696
2026-04-18 19:52:53.404	0.297	28.254	4.232	32.363	1020.352	1534.842
2026-04-18 19:52:54.405	0.304	28.262	4.226	32.351	1020.317	1534.864
2026-04-18 19:52:55.403	0.251	28.265	4.23	32.354	1020.352	1534.74
2026-04-18 19:52:56.404	0.272	28.257	4.236	32.359	1020.339	1534.792
2026-04-18 19:52:57.403	0.311	28.238	4.238	32.357	1020.322	1534.83
2026-04-18 19:52:58.404	0.324	28.213	4.234	32.317	1020.315	1534.659
2026-04-18 19:52:59.404	0.422	28.23	4.239	32.311	1020.351	1534.657
2026-04-18 19:53:00.402	0.5	28.207	4.238	32.316	1020.324	1534.659
2026-04-18 19:53:01.403	0.565	28.182	4.24	32.311	1020.344	1534.666
2026-04-18 19:53:02.403	0.703	28.142	4.231	32.304	1020.377	1534.551
2026-04-18 19:53:03.404	0.877	28.148	4.232	32.289	1020.344	1534.495
2026-04-18 19:53:04.404	1.007	28.115	4.233	32.314	1020.404	1534.502
2026-04-18 19:53:05.402	1.139	28.101	4.24	32.319	1020.367	1534.454
2026-04-18 19:53:06.403	1.307	28.072	4.239	32.279	1020.347	1534.429
2026-04-18 19:53:07.403	1.478	28.021	4.241	32.29	1020.393	1534.181
2026-04-18 19:53:08.404	1.658	27.991	4.246	32.282	1020.395	1534.185
2026-04-18 19:53:09.404	1.851	27.963	4.233	32.265	1020.397	1534.085
2026-04-18 19:53:10.402	1.965	27.928	4.231	32.262	1020.449	1534.0
2026-04-18 19:53:11.403	2.14	27.939	4.245	32.282	1020.465	1534.15
2026-04-18 19:53:12.401	2.259	27.9	4.235	32.253	1020.468	1534.034
2026-04-18 19:53:13.404	2.388	27.887	4.245	32.264	1020.481	1534.001
2026-04-18 19:53:14.404	2.5	27.854	4.245	32.268	1020.5	1533.88
2026-04-18 19:53:15.402	2.555	27.861	4.227	32.265	1020.455	1533.96
2026-04-18 19:53:16.403	2.619	27.865	4.226	32.245	1020.448	1533.908
2026-04-18 19:53:17.402	2.738	27.848	4.236	32.258	1020.474	1534.027
2026-04-18 19:53:18.401	2.787	27.829	4.223	32.259	1020.466	1534.011
2026-04-18 19:53:19.404	2.785	27.861	4.241	32.252	1020.492	1534.092
2026-04-18 19:53:20.403	2.847	27.821	4.223	32.246	1020.512	1533.925
2026-04-18 19:53:21.403	2.909	27.834	4.234	32.252	1020.482	1533.989
2026-04-18 19:53:22.403	2.905	27.795	4.229	32.252	1020.502	1533.759
2026-04-18 19:53:23.404	2.963	27.843	4.227	32.216	1020.442	1533.884
2026-04-18 19:53:24.404	3.002	27.793	4.23	32.23	1020.468	1533.924
2026-04-18 19:53:25.402	2.995	27.802	4.227	32.224	1020.497	1533.814
2026-04-18 19:53:26.404	3.044	27.823	4.222	32.211	1020.495	1533.942
2026-04-18 19:53:27.403	3.063	27.81	4.222	32.232	1020.468	1533.85
2026-04-18 19:53:28.404	3.111	27.838	4.213	32.22	1020.447	1533.874
2026-04-18 19:53:29.404	3.167	27.823	4.217	32.233	1020.502	1534.024
2026-04-18 19:53:30.402	3.233	27.804	4.225	32.223	1020.514	1533.811
2026-04-18 19:53:31.404	3.271	27.79	4.203	32.199	1020.456	1533.777
2026-04-18 19:53:32.403	3.339	27.767	4.207	32.194	1020.505	1533.794
2026-04-18 19:53:33.402	3.375	27.774	4.209	32.221	1020.485	1533.766
2026-04-18 19:53:34.400	3.423	27.771	4.208	32.211	1020.507	1533.748
2026-04-18 19:53:35.405	3.48	27.803	4.195	32.199	1020.496	1534.01
2026-04-18 19:53:36.401	3.493	27.769	4.196	32.209	1020.509	1533.764
2026-04-18 19:53:37.400	3.527	27.778	4.204	32.196	1020.505	1533.817
2026-04-18 19:53:38.405	3.538	27.788	4.207	32.2	1020.477	1533.884
2026-04-18 19:53:39.401	3.475	27.787	4.194	32.2	1020.461	1533.847
2026-04-18 19:53:40.401	3.475	27.819	4.194	32.171	1020.454	1533.893
2026-04-18 19:53:41.402	3.399	27.83	4.194	32.194	1020.464	1533.92
2026-04-18 19:53:42.402	3.372	27.848	4.18	32.197	1020.491	1534.098
2026-04-18 19:53:43.401	3.257	27.873	4.178	32.198	1020.427	1533.999
2026-04-18 19:53:44.404	3.146	27.882	4.183	32.162	1020.412	1534.046
2026-04-18 19:53:45.400	2.997	27.884	4.18	32.185	1020.446	1533.965
2026-04-18 19:53:46.400	2.886	27.942	4.175	32.183	1020.411	1534.138
2026-04-18 19:53:47.404	2.697	27.974	4.179	32.163	1020.381	1534.283
2026-04-18 19:53:48.400	2.574	27.974	4.174	32.157	1020.359	1534.18
2026-04-18 19:53:49.400	2.386	28.04	4.175	32.14	1020.359	1534.301
2026-04-18 19:53:50.400	2.202	28.059	4.183	32.132	1020.318	1534.264
2026-04-18 19:53:51.400	2.032	28.108	4.178	32.127	1020.26	1534.378
2026-04-18 19:53:52.400	1.823	28.107	4.178	32.125	1020.254	1534.479
2026-04-18 19:53:53.400	1.639	28.139	4.166	32.113	1020.241	1534.515
2026-04-18 19:53:54.405	1.513	28.219	4.162	32.134	1020.217	1534.703
2026-04-18 19:53:55.400	1.351	28.22	4.173	32.116	1020.203	1534.647
2026-04-18 19:53:56.405	1.198	28.264	4.164	32.113	1020.229	1534.724
2026-04-18 19:53:57.400	1.073	28.299	4.162	32.094	1020.158	1534.779
2026-04-18 19:53:58.400	0.967	28.315	4.16	32.092	1020.132	1534.866
2026-04-18 19:53:59.400	0.897	28.326	4.168	32.082	1020.135	1534.692
2026-04-18 19:54:00.400	0.818	28.329	4.165	32.073	1020.112	1534.854
2026-04-18 19:54:01.401	0.778	28.382	4.16	32.061	1020.086	1534.83
2026-04-18 19:54:02.401	0.729	28.381	4.149	32.061	1020.117	1534.926
2026-04-18 19:54:03.400	0.704	28.353	4.159	32.039	1020.104	1534.837
2026-04-18 19:54:04.400	0.708	28.368	4.15	32.054	1020.125	1534.786
2026-04-18 19:54:05.401	0.704	28.416	4.149	32.052	1020.094	1534.912
2026-04-18 19:54:06.400	0.731	28.419	4.159	32.045	1020.066	1534.962
2026-04-18 19:54:07.400	0.712	28.39	4.152	32.006	1020.08	1534.746
2026-04-18 19:54:08.400	0.736	28.397	4.154	32.022	1020.077	1534.926
2026-04-18 19:54:09.401	0.773	28.418	4.155	32.013	1020.062	1535.002
2026-04-18 19:54:10.401	0.779	28.446	4.151	31.993	1020.041	1535.018
2026-04-18 19:54:11.400	0.79	28.409	4.143	31.984	1020.028	1534.885
2026-04-18 19:54:12.400	0.801	28.421	4.153	31.966	1020.06	1534.791
2026-04-18 19:54:13.401	0.797	28.438	4.139	31.944	1020.039	1534.839
2026-04-18 19:54:14.403	0.842	28.431	4.147	31.934	1020.033	1534.782
2026-04-18 19:54:15.401	0.83	28.433	4.146	31.91	1019.977	1534.893
2026-04-18 19:54:16.400	0.803	28.449	4.149	31.892	1019.994	1534.834
2026-04-18 19:54:17.401	0.831	28.479	4.155	31.897	1019.961	1535.016
2026-04-18 19:54:18.400	0.801	28.499	4.149	31.871	1019.95	1535.05
2026-04-18 19:54:19.400	0.846	28.479	4.144	31.859	1019.946	1534.904
2026-04-18 19:54:20.400	0.806	28.48	4.155	31.857	1019.924	1534.982
2026-04-18 19:54:21.401	0.839	28.476	4.149	31.836	1019.947	1534.8
2026-04-18 19:54:22.400	0.858	28.521	4.143	31.846	1019.934	1534.955
2026-04-18 19:54:23.401	0.937	28.461	4.149	31.832	1019.934	1534.933
2026-04-18 19:54:24.400	0.974	28.502	4.16	31.804	1019.876	1535.007
2026-04-18 19:54:25.401	1.04	28.464	4.16	31.794	1019.87	1534.901
2026-04-18 19:54:26.403	1.142	28.451	4.156	31.767	1019.911	1534.693
2026-04-18 19:54:27.404	1.22	28.452	4.154	31.779	1019.891	1534.732
2026-04-18 19:54:28.403	1.34	28.459	4.163	31.769	1019.899	1534.88
2026-04-18 19:54:29.402	1.479	28.428	4.154	31.725	1019.854	1534.822
2026-04-18 19:54:30.403	1.665	28.427	4.149	31.742	1019.902	1534.847
2026-04-18 19:54:31.401	1.773	28.413	4.157	31.696	1019.895	1534.711
2026-04-18 19:54:32.402	1.964	28.362	4.158	31.708	1019.883	1534.541
2026-04-18 19:54:33.400	2.139	28.355	4.155	31.696	1019.909	1534.544
2026-04-18 19:54:34.400	2.311	28.328	4.151	31.67	1019.911	1534.622
2026-04-18 19:54:35.400	2.514	28.296	4.156	31.677	1019.922	1534.521
2026-04-18 19:54:36.403	2.65	28.291	4.16	31.666	1019.93	1534.506
2026-04-18 19:54:37.404	2.843	28.29	4.163	31.618	1019.869	1534.446
2026-04-18 19:54:38.402	3.006	28.261	4.17	31.619	1019.877	1534.501
2026-04-18 19:54:39.402	3.147	28.236	4.166	31.629	1019.926	1534.384
2026-04-18 19:54:40.402	3.256	28.225	4.172	31.611	1019.936	1534.318
2026-04-18 19:54:41.403	3.376	28.22	4.173	31.582	1019.916	1534.328
2026-04-18 19:54:42.402	3.472	28.198	4.174	31.58	1019.927	1534.307
2026-04-18 19:54:43.402	3.549	28.198	4.171	31.574	1019.927	1534.277
2026-04-18 19:54:44.402	3.549	28.204	4.173	31.565	1019.888	1534.337
2026-04-18 19:54:45.402	3.618	28.201	4.18	31.55	1019.904	1534.24
2026-04-18 19:54:46.403	3.589	28.208	4.186	31.561	1019.892	1534.38
2026-04-18 19:54:47.403	3.58	28.228	4.194	31.557	1019.901	1534.398
2026-04-18 19:54:48.403	3.57	28.195	4.179	31.553	1019.87	1534.34
2026-04-18 19:54:49.403	3.556	28.206	4.186	31.516	1019.845	1534.184
2026-04-18 19:54:50.400	3.505	28.21	4.188	31.515	1019.863	1534.198
2026-04-18 19:54:51.400	3.391	28.248	4.204	31.54	1019.849	1534.448
2026-04-18 19:54:52.400	3.368	28.215	4.191	31.521	1019.845	1534.326
2026-04-18 19:54:53.402	3.252	28.274	4.194	31.51	1019.853	1534.306
2026-04-18 19:54:54.403	3.177	28.286	4.202	31.504	1019.789	1534.283
2026-04-18 19:54:55.400	3.13	28.297	4.212	31.513	1019.846	1534.407
2026-04-18 19:54:56.400	3.084	28.26	4.205	31.489	1019.792	1534.255
2026-04-18 19:54:57.403	2.985	28.274	4.206	31.483	1019.819	1534.359
2026-04-18 19:54:58.400	2.947	28.319	4.207	31.515	1019.784	1534.463
2026-04-18 19:54:59.400	2.883	28.346	4.222	31.515	1019.802	1534.515
2026-04-18 19:55:00.400	2.841	28.302	4.22	31.49	1019.814	1534.407
2026-04-18 19:55:01.400	2.819	28.315	4.223	31.494	1019.778	1534.477
2026-04-18 19:55:02.400	2.786	28.307	4.219	31.504	1019.766	1534.424
2026-04-18 19:55:03.401	2.715	28.328	4.212	31.513	1019.79	1534.326
2026-04-18 19:55:04.400	2.651	28.33	4.224	31.502	1019.754	1534.386
2026-04-18 19:55:05.400	2.617	28.38	4.221	31.52	1019.765	1534.578
2026-04-18 19:55:06.400	2.583	28.331	4.226	31.527	1019.782	1534.333
2026-04-18 19:55:07.401	2.514	28.38	4.234	31.528	1019.798	1534.621
2026-04-18 19:55:08.400	2.486	28.351	4.235	31.521	1019.768	1534.437
2026-04-18 19:55:09.400	2.369	28.361	4.223	31.513	1019.785	1534.537
2026-04-18 19:55:10.400	2.307	28.392	4.23	31.551	1019.816	1534.626
2026-04-18 19:55:11.401	2.177	28.414	4.231	31.558	1019.764	1534.706
2026-04-18 19:55:12.400	2.096	28.399	4.236	31.546	1019.749	1534.498
2026-04-18 19:55:14.558	1.973	28.398	4.235	31.554	1019.784	1534.501
2026-04-18 19:55:14.560	1.832	28.44	4.241	31.559	1019.746	1534.611
2026-04-18 19:55:15.400	1.67	28.437	4.245	31.561	1019.778	1534.606
2026-04-18 19:55:16.400	1.536	28.454	4.244	31.596	1019.776	1534.676
2026-04-18 19:55:17.401	1.391	28.524	4.251	31.588	1019.746	1534.912
2026-04-18 19:55:18.400	1.22	28.508	4.233	31.587	1019.76	1534.832
2026-04-18 19:55:19.401	1.087	28.506	4.236	31.618	1019.727	1534.841
2026-04-18 19:55:20.401	0.923	28.545	4.234	31.613	1019.714	1534.915
2026-04-18 19:55:21.404	0.743	28.605	4.245	31.621	1019.738	1535.012
2026-04-18 19:55:22.401	0.623	28.587	4.24	31.647	1019.747	1534.853
2026-04-18 19:55:23.400	0.491	28.584	4.241	31.643	1019.72	1534.859
2026-04-18 19:55:24.401	0.442	28.61	4.251	31.655	1019.744	1535.023
2026-04-18 19:55:25.400	0.338	28.595	4.236	31.668	1019.765	1535.018
2026-04-18 19:55:26.402	0.275	28.632	4.239	31.689	1019.744	1535.058
2026-04-18 19:55:27.403	0.23	28.632	4.244	31.696	1019.767	1535.074
2026-04-18 19:55:28.400	0.233	28.608	4.251	31.731	1019.786	1535.05
2026-04-18 19:55:29.400	0.241	28.597	4.241	31.728	1019.793	1534.908
2026-04-18 19:55:30.400	0.276	28.59	4.237	31.756	1019.8	1535.044
2026-04-18 19:55:31.400	0.314	28.6	4.235	31.751	1019.811	1534.985
2026-04-18 19:55:32.401	0.394	28.573	4.232	31.753	1019.799	1534.902
2026-04-18 19:55:33.400	0.457	28.573	4.243	31.777	1019.858	1535.066
2026-04-18 19:55:34.401	0.522	28.559	4.23	31.791	1019.869	1535.03
2026-04-18 19:55:35.400	0.629	28.501	4.227	31.815	1019.86	1534.92
2026-04-18 19:55:36.401	0.76	28.472	4.227	31.794	1019.885	1534.887
2026-04-18 19:55:37.401	0.905	28.453	4.229	31.815	1019.895	1534.738
2026-04-18 19:55:38.402	1.025	28.422	4.219	31.851	1019.974	1534.856
2026-04-18 19:55:39.404	1.144	28.379	4.223	31.851	1019.964	1534.725
2026-04-18 19:55:40.400	1.272	28.392	4.217	31.848	1019.981	1534.76
2026-04-18 19:55:41.400	1.327	28.338	4.205	31.866	1020.026	1534.648
2026-04-18 19:55:42.400	1.435	28.367	4.217	31.869	1020.01	1534.635
2026-04-18 19:55:43.400	1.528	28.315	4.199	31.907	1020.046	1534.736
2026-04-18 19:55:44.400	1.651	28.311	4.21	31.882	1020.051	1534.581
2026-04-18 19:55:45.400	1.73	28.281	4.211	31.909	1020.077	1534.683
2026-04-18 19:55:46.400	1.79	28.269	4.204	31.931	1020.095	1534.603
2026-04-18 19:55:47.400	1.872	28.257	4.193	31.917	1020.054	1534.55
2026-04-18 19:55:48.400	1.887	28.209	4.192	31.922	1020.122	1534.482
2026-04-18 19:55:49.401	1.949	28.236	4.186	31.939	1020.136	1534.452
2026-04-18 19:55:50.401	2.027	28.186	4.188	31.959	1020.146	1534.388
2026-04-18 19:55:51.400	2.088	28.175	4.19	31.951	1020.143	1534.384
2026-04-18 19:55:52.401	2.172	28.171	4.193	31.967	1020.133	1534.38
2026-04-18 19:55:53.401	2.188	28.157	4.179	31.976	1020.158	1534.453
2026-04-18 19:55:54.400	2.267	28.134	4.171	31.982	1020.194	1534.373
2026-04-18 19:55:55.404	2.396	28.118	4.177	32.008	1020.232	1534.349
2026-04-18 19:55:56.402	2.472	28.085	4.178	32.012	1020.247	1534.368
2026-04-18 19:55:57.402	2.534	28.088	4.167	32.029	1020.219	1534.374
2026-04-18 19:55:58.403	2.64	28.064	4.173	32.011	1020.26	1534.279
2026-04-18 19:55:59.402	2.768	28.041	4.156	32.014	1020.258	1534.321
2026-04-18 19:56:00.402	2.867	28.007	4.163	32.048	1020.289	1534.1
2026-04-18 19:56:01.403	2.98	27.963	4.166	32.038	1020.312	1533.99
2026-04-18 19:56:02.403	3.115	27.92	4.154	32.054	1020.326	1533.906
2026-04-18 19:56:03.403	3.216	27.942	4.159	32.053	1020.298	1534.009
2026-04-18 19:56:04.402	3.334	27.92	4.158	32.066	1020.367	1534.082
2026-04-18 19:56:05.402	3.484	27.878	4.146	32.077	1020.346	1533.912
2026-04-18 19:56:06.403	3.527	27.831	4.14	32.079	1020.391	1533.863
2026-04-18 19:56:07.403	3.603	27.806	4.152	32.065	1020.377	1533.825
2026-04-18 19:56:08.401	3.674	27.818	4.142	32.094	1020.433	1533.8
2026-04-18 19:56:09.403	3.774	27.772	4.146	32.104	1020.401	1533.818
2026-04-18 19:56:10.403	3.747	27.764	4.135	32.088	1020.425	1533.62
2026-04-18 19:56:11.403	3.8	27.787	4.145	32.08	1020.392	1533.879
2026-04-18 19:56:12.402	3.737	27.774	4.135	32.118	1020.426	1533.815
2026-04-18 19:56:13.401	3.742	27.749	4.126	32.092	1020.412	1533.78
2026-04-18 19:56:14.402	3.687	27.774	4.14	32.109	1020.406	1533.759
2026-04-18 19:56:15.402	3.599	27.766	4.131	32.104	1020.404	1533.672
2026-04-18 19:56:16.404	3.448	27.784	4.127	32.115	1020.406	1533.823
2026-04-18 19:56:17.403	3.327	27.793	4.134	32.117	1020.427	1533.702
2026-04-18 19:56:18.404	3.217	27.856	4.134	32.117	1020.416	1534.017
2026-04-18 19:56:19.403	3.09	27.845	4.14	32.115	1020.418	1533.784
2026-04-18 19:56:20.402	2.934	27.847	4.136	32.123	1020.364	1533.931
2026-04-18 19:56:21.403	2.757	27.865	4.135	32.144	1020.373	1533.906
2026-04-18 19:56:22.403	2.621	27.889	4.142	32.117	1020.363	1533.834
2026-04-18 19:56:23.403	2.453	27.912	4.128	32.142	1020.374	1533.974
2026-04-18 19:56:24.402	2.28	27.97	4.134	32.149	1020.365	1534.06
2026-04-18 19:56:25.402	2.156	27.953	4.146	32.136	1020.35	1534.115
2026-04-18 19:56:26.403	2.052	27.954	4.145	32.129	1020.296	1534.089
2026-04-18 19:56:27.402	1.931	27.972	4.139	32.167	1020.333	1534.152
2026-04-18 19:56:28.404	1.802	27.993	4.15	32.164	1020.342	1534.049
2026-04-18 19:56:29.402	1.715	28.017	4.133	32.161	1020.342	1534.181
2026-04-18 19:56:30.402	1.622	28.008	4.136	32.172	1020.299	1534.207
2026-04-18 19:56:31.403	1.547	28.059	4.137	32.164	1020.304	1534.14
2026-04-18 19:56:32.402	1.475	28.043	4.143	32.191	1020.35	1534.188
2026-04-18 19:56:33.404	1.444	28.018	4.151	32.166	1020.305	1534.133
2026-04-18 19:56:34.403	1.395	28.063	4.142	32.192	1020.33	1534.324
2026-04-18 19:56:35.402	1.346	28.054	4.155	32.199	1020.292	1534.302
2026-04-18 19:56:36.402	1.306	28.031	4.158	32.193	1020.305	1534.161
2026-04-18 19:56:37.403	1.238	28.068	4.155	32.181	1020.325	1534.209
2026-04-18 19:56:38.403	1.188	28.059	4.158	32.221	1020.344	1534.211
2026-04-18 19:56:39.400	1.157	28.081	4.16	32.214	1020.318	1534.322
2026-04-18 19:56:40.402	1.115	28.112	4.156	32.229	1020.332	1534.422
2026-04-18 19:56:41.403	1.066	28.091	4.158	32.223	1020.343	1534.325
2026-04-18 19:56:42.402	1.002	28.109	4.164	32.224	1020.294	1534.256
2026-04-18 19:56:43.403	0.94	28.092	4.178	32.245	1020.329	1534.355
2026-04-18 19:56:44.402	0.872	28.13	4.171	32.218	1020.276	1534.382
2026-04-18 19:56:45.402	0.784	28.122	4.168	32.259	1020.325	1534.312
2026-04-18 19:56:46.404	0.693	28.151	4.187	32.256	1020.29	1534.404
2026-04-18 19:56:47.402	0.625	28.145	4.176	32.237	1020.272	1534.491
2026-04-18 19:56:48.402	0.597	28.162	4.181	32.266	1020.327	1534.567
2026-04-18 19:56:49.404	0.545	28.155	4.183	32.269	1020.33	1534.432
2026-04-18 19:56:50.402	0.455	28.185	4.186	32.281	1020.332	1534.619
2026-04-18 19:56:51.402	0.41	28.22	4.202	32.269	1020.275	1534.688
2026-04-18 19:56:52.402	0.428	28.187	4.197	32.297	1020.315	1534.639
2026-04-18 19:56:53.402	0.399	28.227	4.206	32.3	1020.299	1534.585
2026-04-18 19:56:54.403	0.394	28.192	4.194	32.296	1020.324	1534.518
2026-04-18 19:56:55.403	0.425	28.23	4.208	32.316	1020.338	1534.742
2026-04-18 19:56:56.403	0.462	28.187	4.215	32.332	1020.336	1534.684
2026-04-18 19:56:57.402	0.572	28.183	4.213	32.312	1020.367	1534.518
2026-04-18 19:56:58.403	0.651	28.174	4.216	32.344	1020.388	1534.591
2026-04-18 19:56:59.402	0.711	28.203	4.21	32.329	1020.383	1534.641
2026-04-18 19:57:00.402	0.856	28.143	4.222	32.362	1020.395	1534.515
2026-04-18 19:57:01.404	1.002	28.126	4.22	32.336	1020.37	1534.462
2026-04-18 19:57:02.403	1.165	28.136	4.227	32.355	1020.444	1534.71
2026-04-18 19:57:03.403	1.306	28.08	4.216	32.371	1020.435	1534.604
2026-04-18 19:57:04.403	1.511	28.092	4.219	32.394	1020.493	1534.667
