[System]
Platform=SEANO USV
Start_Time=2026-04-18 19:30:19
Timezone=WIB

[Sensor]
Name=CTD

[Columns]
Timestamp(WIB)	Depth	Temp	Cond	Salinity	Density	SoundVel

[Data]
2026-04-18 19:30:21.739	2.538	28.158	4.211	32.484	1020.573	1535.037
2026-04-18 19:30:22.739	2.725	28.113	4.199	32.473	1020.607	1534.945
2026-04-18 19:30:23.738	2.842	28.114	4.209	32.473	1020.569	1534.98
2026-04-18 19:30:24.738	2.975	28.116	4.216	32.492	1020.587	1535.023
2026-04-18 19:30:25.739	3.103	28.06	4.204	32.493	1020.608	1534.935
2026-04-18 19:30:26.739	3.189	28.076	4.221	32.49	1020.665	1534.934
2026-04-18 19:30:27.739	3.302	28.072	4.21	32.485	1020.608	1534.911
2026-04-18 19:30:28.739	3.307	28.065	4.21	32.47	1020.627	1534.991
2026-04-18 19:30:29.738	3.394	28.093	4.226	32.479	1020.645	1535.037
2026-04-18 19:30:30.738	3.378	28.106	4.224	32.454	1020.611	1534.958
2026-04-18 19:30:31.739	3.418	28.091	4.221	32.463	1020.641	1534.99
2026-04-18 19:30:32.739	3.414	28.115	4.224	32.48	1020.629	1535.167
2026-04-18 19:30:33.738	3.386	28.111	4.241	32.453	1020.637	1534.968
2026-04-18 19:30:34.738	3.358	28.127	4.241	32.443	1020.574	1535.089
2026-04-18 19:30:35.737	3.338	28.147	4.232	32.443	1020.604	1535.132
2026-04-18 19:30:36.738	3.322	28.156	4.237	32.454	1020.597	1535.214
2026-04-18 19:30:37.738	3.28	28.15	4.235	32.439	1020.606	1535.157
2026-04-18 19:30:38.738	3.237	28.166	4.232	32.45	1020.59	1535.236
2026-04-18 19:30:39.738	3.178	28.193	4.241	32.443	1020.553	1535.311
2026-04-18 19:30:40.738	3.195	28.159	4.249	32.428	1020.552	1535.192
2026-04-18 19:30:41.738	3.151	28.204	4.243	32.395	1020.511	1535.243
2026-04-18 19:30:42.738	3.116	28.208	4.241	32.406	1020.526	1535.166
2026-04-18 19:30:43.737	3.111	28.196	4.254	32.375	1020.487	1535.121
2026-04-18 19:30:44.739	3.106	28.228	4.252	32.385	1020.538	1535.285
2026-04-18 19:30:45.738	3.06	28.249	4.252	32.376	1020.527	1535.33
2026-04-18 19:30:46.739	3.065	28.2	4.244	32.387	1020.502	1535.082
2026-04-18 19:30:47.739	3.05	28.221	4.252	32.357	1020.491	1535.098
2026-04-18 19:30:48.738	3.035	28.259	4.243	32.331	1020.449	1535.179
2026-04-18 19:30:49.738	3.007	28.243	4.246	32.345	1020.506	1535.316
2026-04-18 19:30:50.739	2.929	28.258	4.243	32.316	1020.429	1535.135
2026-04-18 19:30:51.738	2.923	28.241	4.257	32.32	1020.425	1535.141
2026-04-18 19:30:52.738	2.826	28.307	4.244	32.297	1020.42	1535.378
2026-04-18 19:30:53.738	2.771	28.326	4.26	32.307	1020.42	1535.314
2026-04-18 19:30:54.738	2.676	28.303	4.243	32.283	1020.372	1535.322
2026-04-18 19:30:55.738	2.542	28.372	4.244	32.289	1020.389	1535.466
2026-04-18 19:30:56.738	2.456	28.369	4.256	32.253	1020.355	1535.464
2026-04-18 19:30:57.738	2.312	28.383	4.244	32.241	1020.345	1535.395
2026-04-18 19:30:58.738	2.139	28.426	4.251	32.233	1020.288	1535.54
2026-04-18 19:30:59.738	2.011	28.407	4.243	32.24	1020.316	1535.351
2026-04-18 19:31:00.738	1.845	28.45	4.24	32.239	1020.261	1535.509
2026-04-18 19:31:01.738	1.651	28.467	4.252	32.203	1020.243	1535.464
2026-04-18 19:31:02.738	1.522	28.523	4.242	32.211	1020.243	1535.568
2026-04-18 19:31:03.738	1.348	28.569	4.241	32.185	1020.182	1535.756
2026-04-18 19:31:04.738	1.171	28.579	4.242	32.176	1020.205	1535.605
2026-04-18 19:31:05.738	1.014	28.589	4.25	32.192	1020.152	1535.702
2026-04-18 19:31:06.738	0.873	28.62	4.244	32.186	1020.154	1535.715
2026-04-18 19:31:07.738	0.748	28.622	4.237	32.147	1020.098	1535.645
2026-04-18 19:31:08.738	0.613	28.662	4.24	32.165	1020.096	1535.676
2026-04-18 19:31:09.738	0.524	28.678	4.238	32.151	1020.117	1535.681
2026-04-18 19:31:10.740	0.414	28.668	4.229	32.155	1020.101	1535.813
2026-04-18 19:31:11.738	0.344	28.691	4.226	32.118	1020.053	1535.658
2026-04-18 19:31:12.739	0.361	28.673	4.226	32.105	1020.087	1535.634
2026-04-18 19:31:13.738	0.296	28.701	4.231	32.11	1020.076	1535.753
2026-04-18 19:31:14.738	0.307	28.722	4.222	32.118	1020.081	1535.904
2026-04-18 19:31:15.738	0.323	28.702	4.225	32.118	1020.041	1535.707
2026-04-18 19:31:16.739	0.376	28.663	4.211	32.087	1020.029	1535.68
2026-04-18 19:31:17.738	0.429	28.669	4.209	32.088	1020.073	1535.695
2026-04-18 19:31:18.738	0.508	28.653	4.217	32.096	1020.057	1535.705
2026-04-18 19:31:19.738	0.576	28.634	4.211	32.083	1020.06	1535.562
2026-04-18 19:31:20.738	0.663	28.66	4.198	32.051	1020.06	1535.558
2026-04-18 19:31:21.738	0.746	28.65	4.198	32.062	1020.045	1535.591
2026-04-18 19:31:22.738	0.881	28.581	4.194	32.061	1020.056	1535.385
2026-04-18 19:31:23.738	0.966	28.574	4.197	32.044	1020.076	1535.507
2026-04-18 19:31:24.738	1.011	28.578	4.194	32.063	1020.103	1535.568
2026-04-18 19:31:25.738	1.101	28.539	4.192	32.022	1020.06	1535.269
2026-04-18 19:31:26.738	1.17	28.534	4.186	32.019	1020.059	1535.252
2026-04-18 19:31:27.738	1.222	28.558	4.192	32.032	1020.095	1535.437
2026-04-18 19:31:28.738	1.313	28.525	4.19	32.01	1020.075	1535.353
2026-04-18 19:31:29.738	1.357	28.481	4.178	32.018	1020.098	1535.132
2026-04-18 19:31:30.739	1.421	28.466	4.168	32.034	1020.117	1535.289
2026-04-18 19:31:31.741	1.494	28.457	4.183	31.998	1020.11	1535.057
2026-04-18 19:31:32.738	1.528	28.49	4.171	31.994	1020.085	1535.258
2026-04-18 19:31:33.739	1.548	28.449	4.173	32.0	1020.116	1535.2
2026-04-18 19:31:34.739	1.609	28.473	4.172	32.0	1020.082	1535.117
2026-04-18 19:31:35.739	1.695	28.402	4.156	32.012	1020.143	1535.127
2026-04-18 19:31:36.739	1.778	28.418	4.159	31.977	1020.112	1535.007
2026-04-18 19:31:37.739	1.828	28.387	4.166	31.97	1020.081	1535.073
2026-04-18 19:31:38.735	1.911	28.402	4.151	31.969	1020.107	1534.946
2026-04-18 19:31:39.737	2.023	28.369	4.157	31.998	1020.156	1535.027
2026-04-18 19:31:40.735	2.082	28.361	4.156	31.988	1020.105	1534.982
2026-04-18 19:31:41.735	2.197	28.306	4.148	31.989	1020.135	1534.773
2026-04-18 19:31:42.735	2.342	28.314	4.146	31.963	1020.131	1534.827
2026-04-18 19:31:43.735	2.505	28.27	4.156	31.956	1020.17	1534.687
2026-04-18 19:31:44.735	2.611	28.24	4.153	31.971	1020.147	1534.701
2026-04-18 19:31:45.736	2.776	28.214	4.146	31.969	1020.165	1534.741
2026-04-18 19:31:46.739	2.915	28.201	4.136	31.965	1020.196	1534.575
2026-04-18 19:31:47.739	3.092	28.18	4.147	31.936	1020.181	1534.655
2026-04-18 19:31:48.739	3.184	28.157	4.142	31.959	1020.217	1534.552
2026-04-18 19:31:49.739	3.36	28.094	4.131	31.93	1020.218	1534.36
2026-04-18 19:31:50.739	3.477	28.056	4.136	31.945	1020.234	1534.222
2026-04-18 19:31:51.736	3.556	28.078	4.142	31.923	1020.197	1534.366
2026-04-18 19:31:52.738	3.657	28.009	4.143	31.923	1020.231	1534.186
2026-04-18 19:31:53.738	3.732	28.033	4.141	31.899	1020.221	1534.149
2026-04-18 19:31:54.739	3.748	28.005	4.128	31.928	1020.242	1534.26
2026-04-18 19:31:55.739	3.786	28.001	4.132	31.906	1020.24	1534.147
2026-04-18 19:31:56.738	3.806	27.951	4.131	31.909	1020.217	1534.009
2026-04-18 19:31:57.738	3.774	27.983	4.143	31.906	1020.245	1534.214
2026-04-18 19:31:58.738	3.723	27.954	4.133	31.881	1020.232	1534.01
2026-04-18 19:31:59.739	3.656	27.964	4.127	31.895	1020.245	1533.969
2026-04-18 19:32:00.739	3.584	27.979	4.132	31.885	1020.226	1534.06
2026-04-18 19:32:01.738	3.468	27.976	4.137	31.847	1020.144	1533.901
2026-04-18 19:32:02.738	3.412	27.969	4.146	31.858	1020.173	1534.034
2026-04-18 19:32:03.738	3.273	27.996	4.134	31.856	1020.133	1533.916
2026-04-18 19:32:04.738	3.132	28.018	4.134	31.85	1020.149	1534.0
2026-04-18 19:32:05.738	2.978	28.044	4.148	31.848	1020.119	1534.125
2026-04-18 19:32:06.739	2.869	28.022	4.141	31.816	1020.117	1534.009
2026-04-18 19:32:07.738	2.752	28.056	4.141	31.822	1020.119	1534.137
2026-04-18 19:32:08.738	2.603	28.044	4.143	31.791	1020.052	1534.022
2026-04-18 19:32:09.738	2.501	28.084	4.148	31.779	1020.046	1534.08
2026-04-18 19:32:10.740	2.349	28.12	4.158	31.802	1020.017	1534.097
2026-04-18 19:32:11.738	2.268	28.118	4.158	31.788	1020.056	1534.117
2026-04-18 19:32:12.735	2.172	28.102	4.164	31.767	1020.007	1533.911
2026-04-18 19:32:13.738	2.097	28.123	4.149	31.779	1020.009	1534.126
2026-04-18 19:32:14.738	2.034	28.092	4.16	31.769	1019.984	1533.958
2026-04-18 19:32:15.738	1.954	28.111	4.155	31.76	1019.979	1533.989
2026-04-18 19:32:16.739	1.883	28.137	4.175	31.741	1019.958	1533.941
2026-04-18 19:32:17.738	1.808	28.097	4.167	31.714	1019.984	1533.901
2026-04-18 19:32:18.739	1.771	28.146	4.172	31.707	1019.929	1533.881
2026-04-18 19:32:19.738	1.723	28.097	4.178	31.687	1019.916	1533.741
2026-04-18 19:32:20.740	1.65	28.102	4.182	31.703	1019.924	1533.784
2026-04-18 19:32:21.738	1.566	28.165	4.174	31.696	1019.917	1534.064
2026-04-18 19:32:22.738	1.534	28.12	4.181	31.654	1019.909	1533.699
2026-04-18 19:32:23.735	1.47	28.14	4.173	31.68	1019.895	1533.89
2026-04-18 19:32:24.738	1.369	28.159	4.183	31.66	1019.861	1533.909
2026-04-18 19:32:25.738	1.315	28.125	4.178	31.654	1019.856	1533.742
2026-04-18 19:32:26.738	1.212	28.151	4.196	31.634	1019.835	1533.809
2026-04-18 19:32:27.738	1.078	28.168	4.188	31.62	1019.857	1533.785
2026-04-18 19:32:28.738	1.016	28.18	4.199	31.621	1019.829	1533.778
2026-04-18 19:32:29.738	0.907	28.166	4.195	31.599	1019.801	1533.773
2026-04-18 19:32:30.738	0.815	28.221	4.191	31.612	1019.8	1533.951
2026-04-18 19:32:31.738	0.667	28.225	4.209	31.607	1019.808	1533.96
2026-04-18 19:32:32.738	0.58	28.192	4.212	31.574	1019.737	1533.724
2026-04-18 19:32:33.738	0.523	28.214	4.2	31.592	1019.773	1533.858
2026-04-18 19:32:34.737	0.423	28.243	4.211	31.555	1019.753	1533.876
2026-04-18 19:32:35.738	0.333	28.218	4.206	31.578	1019.74	1533.778
2026-04-18 19:32:36.738	0.311	28.228	4.217	31.565	1019.721	1533.798
2026-04-18 19:32:37.738	0.294	28.241	4.21	31.56	1019.719	1533.818
2026-04-18 19:32:38.738	0.247	28.244	4.209	31.565	1019.728	1533.713
2026-04-18 19:32:39.738	0.274	28.265	4.221	31.548	1019.69	1533.911
2026-04-18 19:32:40.738	0.303	28.224	4.211	31.532	1019.688	1533.652
2026-04-18 19:32:41.738	0.355	28.22	4.216	31.531	1019.729	1533.694
2026-04-18 19:32:42.738	0.435	28.2	4.226	31.517	1019.695	1533.694
2026-04-18 19:32:43.738	0.542	28.172	4.223	31.534	1019.714	1533.684
2026-04-18 19:32:44.738	0.618	28.147	4.221	31.517	1019.708	1533.611
2026-04-18 19:32:45.738	0.771	28.164	4.224	31.51	1019.737	1533.664
2026-04-18 19:32:46.738	0.934	28.117	4.223	31.506	1019.772	1533.563
2026-04-18 19:32:47.738	1.074	28.077	4.228	31.526	1019.772	1533.407
2026-04-18 19:32:48.739	1.195	28.075	4.231	31.503	1019.774	1533.386
2026-04-18 19:32:49.740	1.388	28.075	4.233	31.537	1019.817	1533.454
2026-04-18 19:32:50.738	1.554	27.995	4.219	31.514	1019.815	1533.304
2026-04-18 19:32:51.739	1.711	27.97	4.232	31.539	1019.829	1533.367
2026-04-18 19:32:52.738	1.859	27.984	4.219	31.512	1019.85	1533.285
2026-04-18 19:32:53.738	2.023	27.972	4.215	31.54	1019.886	1533.414
2026-04-18 19:32:54.739	2.144	27.944	4.221	31.542	1019.885	1533.183
2026-04-18 19:32:55.738	2.263	27.934	4.227	31.542	1019.859	1533.337
2026-04-18 19:32:56.738	2.397	27.896	4.224	31.535	1019.884	1533.272
2026-04-18 19:32:57.738	2.517	27.864	4.222	31.55	1019.926	1533.09
2026-04-18 19:32:58.738	2.604	27.886	4.212	31.532	1019.886	1533.121
2026-04-18 19:32:59.738	2.655	27.857	4.221	31.539	1019.929	1533.151
2026-04-18 19:33:00.738	2.756	27.853	4.222	31.548	1019.918	1533.051
2026-04-18 19:33:01.738	2.771	27.868	4.215	31.564	1019.916	1533.252
2026-04-18 19:33:02.738	2.85	27.818	4.228	31.586	1019.973	1533.167
2026-04-18 19:33:03.738	2.864	27.807	4.219	31.578	1019.941	1533.06
2026-04-18 19:33:04.738	2.915	27.844	4.226	31.588	1019.955	1533.165
2026-04-18 19:33:05.738	2.919	27.846	4.214	31.591	1019.945	1533.136
2026-04-18 19:33:06.738	2.951	27.841	4.209	31.6	1019.978	1533.186
2026-04-18 19:33:07.738	2.965	27.831	4.207	31.619	1020.025	1533.115
2026-04-18 19:33:08.738	2.987	27.848	4.215	31.652	1019.993	1533.394
2026-04-18 19:33:09.738	3.069	27.817	4.21	31.662	1020.057	1533.227
2026-04-18 19:33:10.739	3.07	27.807	4.211	31.648	1020.039	1533.258
2026-04-18 19:33:11.738	3.162	27.808	4.204	31.649	1020.041	1533.281
2026-04-18 19:33:12.738	3.212	27.824	4.204	31.685	1020.043	1533.273
2026-04-18 19:33:13.738	3.216	27.794	4.207	31.711	1020.098	1533.198
2026-04-18 19:33:14.738	3.287	27.824	4.197	31.71	1020.075	1533.252
2026-04-18 19:33:15.738	3.348	27.811	4.201	31.724	1020.109	1533.417
2026-04-18 19:33:16.738	3.37	27.817	4.199	31.713	1020.117	1533.296
2026-04-18 19:33:17.738	3.429	27.781	4.201	31.757	1020.139	1533.262
2026-04-18 19:33:18.738	3.504	27.792	4.193	31.761	1020.14	1533.277
2026-04-18 19:33:19.738	3.494	27.817	4.193	31.787	1020.154	1533.441
2026-04-18 19:33:20.739	3.523	27.799	4.198	31.791	1020.195	1533.334
2026-04-18 19:33:21.738	3.492	27.826	4.198	31.822	1020.182	1533.518
2026-04-18 19:33:22.738	3.508	27.776	4.188	31.805	1020.157	1533.461
2026-04-18 19:33:23.738	3.447	27.806	4.189	31.843	1020.226	1533.464
2026-04-18 19:33:24.738	3.382	27.845	4.188	31.838	1020.16	1533.581
2026-04-18 19:33:25.738	3.344	27.856	4.18	31.849	1020.188	1533.685
2026-04-18 19:33:26.738	3.236	27.862	4.188	31.874	1020.23	1533.715
2026-04-18 19:33:27.738	3.076	27.894	4.184	31.875	1020.198	1533.753
2026-04-18 19:33:28.738	2.955	27.907	4.178	31.915	1020.199	1533.831
2026-04-18 19:33:29.738	2.84	27.94	4.175	31.943	1020.236	1533.87
2026-04-18 19:33:30.739	2.634	27.965	4.169	31.927	1020.192	1533.911
2026-04-18 19:33:31.739	2.491	27.987	4.182	31.953	1020.21	1533.879
2026-04-18 19:33:32.738	2.336	28.061	4.164	31.982	1020.186	1534.163
2026-04-18 19:33:33.738	2.113	28.093	4.163	31.985	1020.174	1534.189
2026-04-18 19:33:34.738	1.972	28.133	4.164	31.997	1020.193	1534.368
2026-04-18 19:33:35.738	1.774	28.147	4.179	32.022	1020.207	1534.332
2026-04-18 19:33:36.739	1.6	28.175	4.165	32.043	1020.18	1534.431
2026-04-18 19:33:37.738	1.438	28.22	4.165	32.045	1020.196	1534.508
2026-04-18 19:33:38.738	1.287	28.246	4.17	32.037	1020.153	1534.647
2026-04-18 19:33:39.738	1.154	28.254	4.173	32.057	1020.184	1534.619
2026-04-18 19:33:40.739	1.027	28.305	4.173	32.094	1020.141	1534.69
2026-04-18 19:33:41.739	0.941	28.297	4.157	32.096	1020.178	1534.742
2026-04-18 19:33:42.735	0.861	28.318	4.163	32.117	1020.151	1534.73
2026-04-18 19:33:43.735	0.784	28.354	4.16	32.132	1020.192	1534.909
2026-04-18 19:33:44.739	0.766	28.363	4.152	32.136	1020.153	1534.882
2026-04-18 19:33:45.735	0.729	28.385	4.162	32.138	1020.172	1534.942
2026-04-18 19:33:46.739	0.725	28.369	4.155	32.156	1020.216	1534.993
2026-04-18 19:33:47.738	0.708	28.416	4.164	32.146	1020.181	1535.148
2026-04-18 19:33:48.737	0.68	28.415	4.151	32.157	1020.162	1535.019
2026-04-18 19:33:49.736	0.696	28.413	4.149	32.172	1020.165	1535.057
2026-04-18 19:33:50.738	0.731	28.401	4.159	32.191	1020.183	1535.077
2026-04-18 19:33:51.739	0.721	28.422	4.148	32.175	1020.202	1535.078
2026-04-18 19:33:52.738	0.745	28.395	4.151	32.182	1020.183	1534.982
2026-04-18 19:33:53.738	0.779	28.432	4.155	32.191	1020.225	1535.223
2026-04-18 19:33:54.738	0.82	28.397	4.152	32.214	1020.227	1535.047
2026-04-18 19:33:55.738	0.807	28.415	4.158	32.216	1020.218	1535.133
2026-04-18 19:33:56.739	0.841	28.465	4.163	32.215	1020.198	1535.292
2026-04-18 19:33:57.738	0.841	28.44	4.145	32.228	1020.261	1535.267
2026-04-18 19:33:58.739	0.814	28.431	4.153	32.234	1020.255	1535.151
2026-04-18 19:33:59.739	0.845	28.449	4.144	32.245	1020.234	1535.225
2026-04-18 19:34:00.739	0.842	28.487	4.162	32.249	1020.269	1535.393
2026-04-18 19:34:01.738	0.84	28.475	4.161	32.238	1020.223	1535.276
2026-04-18 19:34:02.738	0.837	28.496	4.15	32.273	1020.229	1535.409
2026-04-18 19:34:03.738	0.825	28.491	4.16	32.266	1020.249	1535.51
2026-04-18 19:34:04.738	0.881	28.502	4.164	32.262	1020.225	1535.471
2026-04-18 19:34:05.738	0.891	28.495	4.168	32.281	1020.294	1535.495
2026-04-18 19:34:06.739	0.919	28.522	4.156	32.291	1020.244	1535.673
2026-04-18 19:34:07.738	0.997	28.469	4.15	32.286	1020.267	1535.387
2026-04-18 19:34:08.738	1.056	28.488	4.166	32.269	1020.266	1535.44
2026-04-18 19:34:09.738	1.15	28.455	4.166	32.294	1020.3	1535.38
2026-04-18 19:34:10.739	1.28	28.47	4.164	32.286	1020.275	1535.393
2026-04-18 19:34:11.740	1.416	28.478	4.164	32.304	1020.342	1535.488
2026-04-18 19:34:12.739	1.543	28.458	4.163	32.303	1020.315	1535.554
2026-04-18 19:34:13.739	1.694	28.431	4.165	32.289	1020.302	1535.494
2026-04-18 19:34:14.739	1.881	28.391	4.173	32.276	1020.332	1535.361
2026-04-18 19:34:15.738	2.03	28.372	4.163	32.303	1020.346	1535.361
2026-04-18 19:34:16.738	2.175	28.36	4.174	32.299	1020.359	1535.337
2026-04-18 19:34:17.739	2.404	28.313	4.168	32.29	1020.387	1535.331
2026-04-18 19:34:18.738	2.54	28.328	4.169	32.302	1020.409	1535.429
2026-04-18 19:34:19.738	2.747	28.279	4.176	32.276	1020.397	1535.204
2026-04-18 19:34:20.738	2.864	28.291	4.177	32.292	1020.412	1535.215
2026-04-18 19:34:21.738	3.071	28.262	4.183	32.304	1020.42	1535.304
2026-04-18 19:34:22.738	3.164	28.213	4.186	32.29	1020.438	1535.099
2026-04-18 19:34:23.738	3.295	28.229	4.183	32.276	1020.464	1535.151
2026-04-18 19:34:24.738	3.382	28.232	4.188	32.287	1020.478	1535.217
2026-04-18 19:34:25.738	3.466	28.185	4.182	32.275	1020.448	1535.037
2026-04-18 19:34:26.738	3.535	28.222	4.194	32.283	1020.438	1535.188
2026-04-18 19:34:27.738	3.58	28.2	4.194	32.298	1020.47	1535.126
2026-04-18 19:34:28.738	3.633	28.181	4.195	32.3	1020.481	1535.096
2026-04-18 19:34:29.738	3.602	28.199	4.189	32.309	1020.459	1535.181
2026-04-18 19:34:30.738	3.595	28.222	4.194	32.291	1020.474	1535.247
2026-04-18 19:34:31.738	3.548	28.199	4.193	32.309	1020.477	1535.138
2026-04-18 19:34:32.738	3.526	28.219	4.213	32.297	1020.442	1535.204
2026-04-18 19:34:33.738	3.466	28.201	4.204	32.301	1020.462	1535.097
2026-04-18 19:34:34.738	3.415	28.258	4.217	32.292	1020.451	1535.243
2026-04-18 19:34:35.738	3.328	28.22	4.221	32.291	1020.484	1535.097
2026-04-18 19:34:36.738	3.228	28.267	4.206	32.308	1020.482	1535.383
2026-04-18 19:34:37.738	3.182	28.276	4.228	32.301	1020.442	1535.395
2026-04-18 19:34:38.738	3.09	28.312	4.225	32.287	1020.414	1535.381
2026-04-18 19:34:39.738	3.039	28.321	4.224	32.291	1020.446	1535.309
2026-04-18 19:34:40.738	2.988	28.311	4.219	32.279	1020.395	1535.374
2026-04-18 19:34:41.738	2.947	28.33	4.23	32.301	1020.411	1535.411
2026-04-18 19:34:42.738	2.868	28.325	4.236	32.312	1020.42	1535.39
2026-04-18 19:34:43.738	2.826	28.342	4.232	32.293	1020.4	1535.347
2026-04-18 19:34:44.738	2.771	28.312	4.242	32.296	1020.394	1535.298
2026-04-18 19:34:45.738	2.747	28.355	4.233	32.308	1020.387	1535.524
2026-04-18 19:34:46.738	2.706	28.331	4.231	32.301	1020.406	1535.357
2026-04-18 19:34:47.738	2.691	28.328	4.241	32.321	1020.44	1535.301
2026-04-18 19:34:48.738	2.609	28.367	4.233	32.319	1020.427	1535.503
2026-04-18 19:34:49.738	2.585	28.343	4.253	32.323	1020.421	1535.387
2026-04-18 19:34:50.738	2.517	28.369	4.253	32.304	1020.409	1535.499
2026-04-18 19:34:51.738	2.443	28.386	4.254	32.335	1020.4	1535.582
2026-04-18 19:34:52.738	2.36	28.382	4.247	32.331	1020.393	1535.516
2026-04-18 19:34:53.738	2.272	28.411	4.255	32.307	1020.344	1535.627
2026-04-18 19:34:54.738	2.182	28.382	4.241	32.304	1020.361	1535.412
2026-04-18 19:34:55.738	2.031	28.397	4.243	32.312	1020.388	1535.543
2026-04-18 19:34:56.738	1.92	28.459	4.253	32.307	1020.346	1535.648
2026-04-18 19:34:57.738	1.783	28.447	4.256	32.312	1020.363	1535.456
2026-04-18 19:34:58.738	1.631	28.498	4.258	32.339	1020.373	1535.67
2026-04-18 19:34:59.738	1.461	28.488	4.253	32.317	1020.294	1535.59
2026-04-18 19:35:00.738	1.353	28.52	4.257	32.325	1020.307	1535.785
2026-04-18 19:35:01.738	1.153	28.506	4.249	32.32	1020.277	1535.622
2026-04-18 19:35:02.738	1.02	28.543	4.267	32.331	1020.298	1535.772
2026-04-18 19:35:03.738	0.871	28.571	4.263	32.327	1020.279	1535.81
2026-04-18 19:35:04.738	0.754	28.572	4.252	32.341	1020.296	1535.778
2026-04-18 19:35:05.738	0.596	28.594	4.255	32.359	1020.31	1535.824
2026-04-18 19:35:06.738	0.478	28.617	4.255	32.335	1020.268	1535.744
2026-04-18 19:35:07.738	0.399	28.592	4.249	32.333	1020.244	1535.825
2026-04-18 19:35:08.738	0.313	28.622	4.257	32.348	1020.237	1535.91
2026-04-18 19:35:09.738	0.268	28.605	4.264	32.36	1020.243	1535.823
2026-04-18 19:35:10.739	0.229	28.598	4.25	32.341	1020.26	1535.649
2026-04-18 19:35:11.737	0.234	28.595	4.263	32.334	1020.229	1535.763
2026-04-18 19:35:12.738	0.244	28.631	4.245	32.359	1020.292	1535.824
2026-04-18 19:35:13.739	0.279	28.569	4.244	32.344	1020.248	1535.638
2026-04-18 19:35:14.738	0.3	28.579	4.242	32.335	1020.249	1535.663
2026-04-18 19:35:15.738	0.41	28.575	4.251	32.357	1020.265	1535.783
2026-04-18 19:35:16.737	0.475	28.523	4.248	32.331	1020.25	1535.487
2026-04-18 19:35:17.737	0.6	28.526	4.24	32.347	1020.266	1535.561
2026-04-18 19:35:18.738	0.702	28.517	4.234	32.313	1020.292	1535.464
2026-04-18 19:35:19.738	0.783	28.468	4.242	32.326	1020.298	1535.514
2026-04-18 19:35:20.735	0.924	28.477	4.23	32.313	1020.289	1535.464
2026-04-18 19:35:21.735	1.049	28.442	4.237	32.311	1020.333	1535.414
2026-04-18 19:35:22.737	1.17	28.391	4.23	32.325	1020.342	1535.258
2026-04-18 19:35:23.738	1.254	28.407	4.224	32.308	1020.294	1535.346
2026-04-18 19:35:24.738	1.407	28.358	4.216	32.321	1020.37	1535.15
2026-04-18 19:35:25.738	1.497	28.335	4.228	32.291	1020.343	1535.133
2026-04-18 19:35:26.738	1.583	28.285	4.223	32.292	1020.326	1535.063
2026-04-18 19:35:27.738	1.693	28.257	4.211	32.273	1020.339	1535.041
2026-04-18 19:35:28.738	1.741	28.259	4.2	32.299	1020.403	1534.95
2026-04-18 19:35:29.738	1.811	28.223	4.206	32.262	1020.33	1534.919
2026-04-18 19:35:30.739	1.856	28.251	4.21	32.249	1020.322	1534.951
2026-04-18 19:35:31.738	1.942	28.191	4.193	32.241	1020.375	1534.721
2026-04-18 19:35:32.738	1.988	28.186	4.195	32.244	1020.378	1534.671
2026-04-18 19:35:33.738	2.047	28.175	4.191	32.218	1020.363	1534.624
2026-04-18 19:35:34.738	2.078	28.166	4.192	32.242	1020.373	1534.809
2026-04-18 19:35:35.738	2.159	28.151	4.193	32.213	1020.365	1534.684
2026-04-18 19:35:36.738	2.234	28.107	4.174	32.222	1020.35	1534.491
2026-04-18 19:35:37.735	2.297	28.107	4.187	32.176	1020.337	1534.587
2026-04-18 19:35:38.735	2.404	28.125	4.182	32.17	1020.346	1534.554
2026-04-18 19:35:39.735	2.512	28.064	4.168	32.188	1020.374	1534.429
2026-04-18 19:35:40.735	2.59	28.034	4.162	32.149	1020.35	1534.384
2026-04-18 19:35:41.739	2.688	28.013	4.171	32.137	1020.325	1534.319
2026-04-18 19:35:42.738	2.817	28.029	4.163	32.144	1020.363	1534.412
2026-04-18 19:35:43.737	2.889	27.994	4.163	32.112	1020.368	1534.159
2026-04-18 19:35:44.738	3.048	27.938	4.162	32.089	1020.346	1534.139
2026-04-18 19:35:45.739	3.137	27.933	4.157	32.101	1020.374	1534.069
2026-04-18 19:35:46.738	3.276	27.896	4.156	32.094	1020.398	1534.104
2026-04-18 19:35:47.738	3.366	27.874	4.147	32.079	1020.365	1534.0
2026-04-18 19:35:48.740	3.479	27.873	4.15	32.03	1020.313	1533.845
2026-04-18 19:35:49.739	3.575	27.859	4.144	32.041	1020.336	1533.881
2026-04-18 19:35:50.735	3.63	27.85	4.138	32.004	1020.325	1533.742
2026-04-18 19:35:51.740	3.691	27.808	4.14	31.997	1020.326	1533.747
2026-04-18 19:35:52.738	3.732	27.792	4.142	31.993	1020.346	1533.703
2026-04-18 19:35:53.738	3.755	27.784	4.136	31.98	1020.312	1533.667
2026-04-18 19:35:54.739	3.754	27.768	4.129	31.97	1020.317	1533.495
2026-04-18 19:35:55.739	3.755	27.782	4.139	31.936	1020.3	1533.549
2026-04-18 19:35:56.735	3.7	27.777	4.126	31.911	1020.246	1533.508
2026-04-18 19:35:57.738	3.643	27.764	4.122	31.91	1020.251	1533.496
2026-04-18 19:35:58.735	3.556	27.81	4.133	31.878	1020.209	1533.66
2026-04-18 19:35:59.735	3.433	27.788	4.131	31.865	1020.207	1533.533
2026-04-18 19:36:00.738	3.293	27.809	4.134	31.879	1020.223	1533.441
2026-04-18 19:36:01.738	3.195	27.836	4.126	31.829	1020.186	1533.501
2026-04-18 19:36:02.741	3.024	27.859	4.129	31.837	1020.14	1533.638
2026-04-18 19:36:03.738	2.895	27.865	4.133	31.802	1020.108	1533.56
2026-04-18 19:36:04.738	2.734	27.861	4.125	31.795	1020.124	1533.419
2026-04-18 19:36:05.738	2.54	27.912	4.124	31.79	1020.066	1533.548
2026-04-18 19:36:06.738	2.405	27.929	4.133	31.756	1020.081	1533.586
2026-04-18 19:36:07.739	2.238	27.929	4.12	31.742	1020.038	1533.412
2026-04-18 19:36:08.739	2.107	27.993	4.139	31.761	1020.059	1533.621
2026-04-18 19:36:09.739	2.02	27.962	4.123	31.713	1019.986	1533.6
2026-04-18 19:36:10.738	1.866	27.976	4.122	31.713	1019.956	1533.598
2026-04-18 19:36:11.737	1.748	28.0	4.134	31.725	1020.002	1533.519
2026-04-18 19:36:12.738	1.662	28.032	4.132	31.699	1019.938	1533.706
2026-04-18 19:36:13.735	1.592	28.053	4.13	31.695	1019.929	1533.66
2026-04-18 19:36:14.738	1.54	28.023	4.128	31.673	1019.928	1533.64
2026-04-18 19:36:15.735	1.461	28.039	4.129	31.677	1019.951	1533.645
2026-04-18 19:36:16.737	1.388	28.077	4.138	31.662	1019.877	1533.653
2026-04-18 19:36:17.736	1.376	28.038	4.147	31.635	1019.887	1533.602
2026-04-18 19:36:18.737	1.323	28.061	4.151	31.627	1019.857	1533.52
2026-04-18 19:36:19.738	1.242	28.072	4.152	31.629	1019.863	1533.673
2026-04-18 19:36:20.736	1.222	28.069	4.139	31.627	1019.839	1533.525
2026-04-18 19:36:21.738	1.209	28.044	4.148	31.599	1019.86	1533.5
2026-04-18 19:36:22.738	1.114	28.058	4.157	31.582	1019.853	1533.531
2026-04-18 19:36:23.738	1.062	28.108	4.143	31.574	1019.808	1533.575
2026-04-18 19:36:24.738	1.014	28.115	4.157	31.597	1019.85	1533.661
2026-04-18 19:36:25.738	0.984	28.095	4.165	31.564	1019.813	1533.517
2026-04-18 19:36:26.739	0.919	28.141	4.151	31.58	1019.802	1533.705
2026-04-18 19:36:27.739	0.827	28.122	4.152	31.572	1019.783	1533.52
2026-04-18 19:36:28.738	0.765	28.138	4.159	31.54	1019.738	1533.623
2026-04-18 19:36:29.739	0.674	28.133	4.167	31.566	1019.789	1533.625
2026-04-18 19:36:30.739	0.607	28.164	4.168	31.571	1019.77	1533.571
2026-04-18 19:36:31.738	0.566	28.169	4.179	31.552	1019.733	1533.547
2026-04-18 19:36:32.738	0.489	28.166	4.183	31.56	1019.744	1533.671
2026-04-18 19:36:33.738	0.471	28.175	4.172	31.545	1019.713	1533.609
2026-04-18 19:36:34.739	0.441	28.208	4.171	31.548	1019.756	1533.653
2026-04-18 19:36:35.739	0.405	28.191	4.173	31.554	1019.748	1533.717
2026-04-18 19:36:36.738	0.364	28.224	4.18	31.548	1019.729	1533.731
2026-04-18 19:36:37.738	0.389	28.185	4.18	31.556	1019.76	1533.613
2026-04-18 19:36:38.739	0.438	28.182	4.188	31.548	1019.731	1533.725
2026-04-18 19:36:39.739	0.521	28.216	4.201	31.555	1019.725	1533.704
2026-04-18 19:36:40.735	0.577	28.161	4.186	31.571	1019.782	1533.563
2026-04-18 19:36:41.738	0.64	28.186	4.192	31.547	1019.73	1533.694
2026-04-18 19:36:42.735	0.755	28.146	4.201	31.541	1019.734	1533.675
2026-04-18 19:36:43.738	0.898	28.161	4.21	31.547	1019.768	1533.753
2026-04-18 19:36:44.738	1.051	28.133	4.209	31.554	1019.764	1533.686
2026-04-18 19:36:45.735	1.215	28.103	4.206	31.568	1019.79	1533.682
2026-04-18 19:36:46.739	1.378	28.098	4.201	31.568	1019.808	1533.569
2026-04-18 19:36:47.738	1.539	28.044	4.21	31.574	1019.848	1533.421
2026-04-18 19:36:48.739	1.719	28.031	4.213	31.565	1019.873	1533.409
2026-04-18 19:36:49.738	1.95	27.994	4.207	31.586	1019.857	1533.508
2026-04-18 19:36:50.738	2.108	27.992	4.201	31.58	1019.9	1533.444
2026-04-18 19:36:51.738	2.234	27.989	4.205	31.62	1019.915	1533.511
2026-04-18 19:36:52.738	2.427	27.968	4.222	31.616	1019.936	1533.583
2026-04-18 19:36:53.738	2.535	27.938	4.219	31.63	1019.965	1533.431
2026-04-18 19:36:54.737	2.662	27.937	4.218	31.621	1019.949	1533.459
2026-04-18 19:36:55.738	2.776	27.961	4.214	31.628	1019.994	1533.548
2026-04-18 19:36:56.738	2.911	27.927	4.225	31.652	1020.005	1533.474
2026-04-18 19:36:57.737	2.963	27.917	4.213	31.657	1019.998	1533.469
2026-04-18 19:36:58.738	3.029	27.909	4.223	31.647	1020.029	1533.547
2026-04-18 19:36:59.739	3.073	27.928	4.222	31.639	1020.003	1533.417
2026-04-18 19:37:00.737	3.131	27.88	4.228	31.659	1020.021	1533.362
2026-04-18 19:37:01.738	3.168	27.938	4.219	31.66	1020.04	1533.607
2026-04-18 19:37:02.735	3.157	27.891	4.226	31.662	1020.006	1533.419
2026-04-18 19:37:03.735	3.165	27.909	4.226	31.707	1020.04	1533.613
2026-04-18 19:37:04.735	3.155	27.914	4.234	31.697	1020.043	1533.531
2026-04-18 19:37:05.735	3.178	27.963	4.218	31.694	1020.036	1533.608
2026-04-18 19:37:06.738	3.176	27.938	4.228	31.702	1020.026	1533.571
2026-04-18 19:37:07.738	3.162	27.961	4.226	31.715	1020.078	1533.705
2026-04-18 19:37:08.735	3.171	27.959	4.223	31.732	1020.073	1533.786
2026-04-18 19:37:09.739	3.182	27.98	4.236	31.723	1020.063	1533.723
2026-04-18 19:37:10.740	3.225	27.954	4.222	31.734	1020.085	1533.661
2026-04-18 19:37:11.735	3.219	27.95	4.226	31.757	1020.088	1533.828
2026-04-18 19:37:12.735	3.241	27.97	4.229	31.761	1020.07	1533.722
2026-04-18 19:37:13.738	3.252	27.995	4.218	31.758	1020.077	1533.933
2026-04-18 19:37:14.736	3.292	27.998	4.228	31.786	1020.095	1534.023
2026-04-18 19:37:15.738	3.299	28.003	4.225	31.775	1020.093	1533.992
2026-04-18 19:37:16.737	3.27	28.017	4.23	31.802	1020.114	1534.005
2026-04-18 19:37:17.739	3.276	28.036	4.234	31.799	1020.114	1534.002
2026-04-18 19:37:18.738	3.295	27.998	4.218	31.801	1020.106	1533.989
2026-04-18 19:37:19.738	3.269	28.01	4.225	31.808	1020.13	1533.931
2026-04-18 19:37:20.737	3.247	28.045	4.216	31.802	1020.137	1534.118
2026-04-18 19:37:21.738	3.236	28.032	4.214	31.824	1020.145	1533.993
2026-04-18 19:37:22.737	3.13	28.043	4.223	31.828	1020.12	1534.048
2026-04-18 19:37:23.739	3.052	28.077	4.208	31.816	1020.114	1534.055
2026-04-18 19:37:24.735	2.967	28.098	4.21	31.824	1020.117	1534.156
2026-04-18 19:37:25.738	2.901	28.152	4.217	31.83	1020.105	1534.256
2026-04-18 19:37:26.738	2.765	28.157	4.208	31.847	1020.098	1534.254
2026-04-18 19:37:27.738	2.589	28.163	4.209	31.845	1020.109	1534.326
2026-04-18 19:37:28.738	2.44	28.198	4.21	31.833	1020.064	1534.375
2026-04-18 19:37:29.738	2.293	28.233	4.22	31.858	1020.049	1534.436
2026-04-18 19:37:30.737	2.087	28.296	4.212	31.86	1020.025	1534.704
2026-04-18 19:37:31.738	1.95	28.337	4.203	31.861	1020.026	1534.77
2026-04-18 19:37:32.735	1.743	28.327	4.201	31.883	1020.06	1534.663
2026-04-18 19:37:33.739	1.567	28.358	4.195	31.861	1019.984	1534.656
2026-04-18 19:37:34.741	1.408	28.435	4.199	31.876	1019.974	1534.831
2026-04-18 19:37:35.735	1.221	28.417	4.202	31.879	1020.01	1534.761
2026-04-18 19:37:36.735	1.104	28.47	4.199	31.871	1019.977	1535.005
2026-04-18 19:37:37.735	0.961	28.48	4.197	31.886	1019.94	1535.045
2026-04-18 19:37:38.735	0.829	28.53	4.201	31.889	1019.923	1535.06
2026-04-18 19:37:39.735	0.703	28.532	4.2	31.901	1019.927	1535.013
2026-04-18 19:37:40.736	0.649	28.536	4.189	31.896	1019.964	1535.025
2026-04-18 19:37:41.738	0.561	28.556	4.186	31.89	1019.953	1535.036
2026-04-18 19:37:42.739	0.507	28.593	4.191	31.906	1019.955	1535.196
2026-04-18 19:37:43.739	0.488	28.6	4.194	31.908	1019.953	1535.212
2026-04-18 19:37:44.738	0.469	28.637	4.19	31.895	1019.888	1535.429
2026-04-18 19:37:45.739	0.509	28.595	4.176	31.895	1019.924	1535.175
2026-04-18 19:37:46.740	0.531	28.607	4.174	31.928	1019.968	1535.381
2026-04-18 19:37:47.738	0.559	28.602	4.182	31.927	1019.973	1535.267
2026-04-18 19:37:48.739	0.564	28.618	4.168	31.936	1019.951	1535.331
2026-04-18 19:37:49.738	0.614	28.61	4.184	31.917	1019.954	1535.244
2026-04-18 19:37:50.739	0.673	28.611	4.169	31.945	1019.961	1535.425
2026-04-18 19:37:51.738	0.714	28.586	4.176	31.938	1019.946	1535.251
2026-04-18 19:37:52.738	0.794	28.573	4.167	31.93	1019.969	1535.309
2026-04-18 19:37:53.738	0.838	28.604	4.165	31.932	1019.953	1535.409
2026-04-18 19:37:54.738	0.92	28.586	4.162	31.95	1019.964	1535.272
2026-04-18 19:37:55.738	0.955	28.578	4.163	31.966	1020.026	1535.282
