[System]
Platform=SEANO USV
Start_Time=2026-04-18 20:27:13
Timezone=WIB

[Sensor]
Name=Battery

[Columns]
Timestamp(WIB)	Voltage	Current	Percentage

[Data]
2026-04-18 20:27:15.546	46.94300079345703	-62.58000183105469	0.0
2026-04-18 20:27:15.750	46.862003326416016	-62.470001220703125	0.0
2026-04-18 20:27:15.950	46.92000198364258	-62.540000915527344	0.0
2026-04-18 20:27:16.147	46.945003509521484	-62.58000183105469	0.0
2026-04-18 20:27:16.348	46.94400405883789	-62.58000183105469	0.0
2026-04-18 20:27:16.552	46.893001556396484	-62.5099983215332	0.0
2026-04-18 20:27:16.753	46.913002014160156	-62.540000915527344	0.0
2026-04-18 20:27:16.947	46.958003997802734	-62.59000015258789	0.0
2026-04-18 20:27:17.149	46.93300247192383	-62.560001373291016	0.0
2026-04-18 20:27:17.350	46.89900207519531	-62.5099983215332	0.0
2026-04-18 20:27:17.747	46.92000198364258	-62.54999923706055	0.0
2026-04-18 20:27:17.952	46.95100402832031	-62.58000183105469	0.0
2026-04-18 20:27:18.146	46.8910026550293	-62.5099983215332	0.0
2026-04-18 20:27:18.350	46.94700241088867	-62.58000183105469	0.0
2026-04-18 20:27:18.548	46.87800216674805	-62.4900016784668	0.0
2026-04-18 20:27:18.748	46.8910026550293	-62.5099983215332	0.0
2026-04-18 20:27:18.947	46.89900207519531	-62.5099983215332	0.0
2026-04-18 20:27:19.147	46.90800094604492	-62.529998779296875	0.0
2026-04-18 20:27:20.231	46.91200256347656	-62.529998779296875	0.0
2026-04-18 20:27:21.871	46.90300369262695	-62.529998779296875	0.0
2026-04-18 20:27:22.136	46.92100143432617	-62.54999923706055	0.0
2026-04-18 20:27:22.511	46.90800094604492	-62.529998779296875	0.0
2026-04-18 20:27:23.152	46.849002838134766	-62.45000076293945	0.0
2026-04-18 20:27:23.590	46.836002349853516	-62.439998626708984	0.0
2026-04-18 20:27:23.592	46.90700149536133	-62.529998779296875	0.0
2026-04-18 20:27:23.745	46.8640022277832	-62.470001220703125	0.0
2026-04-18 20:27:23.950	46.8650016784668	-62.470001220703125	0.0
2026-04-18 20:27:24.145	46.92100143432617	-62.54999923706055	0.0
2026-04-18 20:27:24.351	46.919002532958984	-62.540000915527344	0.0
2026-04-18 20:27:24.564	46.93800354003906	-62.58000183105469	0.0
2026-04-18 20:27:24.756	46.91100311279297	-62.540000915527344	0.0
2026-04-18 20:27:25.166	46.89600372314453	-62.52000045776367	0.0
2026-04-18 20:27:25.351	46.8910026550293	-62.5	0.0
2026-04-18 20:27:25.545	46.93000411987305	-62.560001373291016	0.0
2026-04-18 20:27:26.162	46.86900329589844	-62.47999954223633	0.0
2026-04-18 20:27:26.357	46.902000427246094	-62.52000045776367	0.0
2026-04-18 20:27:26.545	46.900001525878906	-62.52000045776367	0.0
2026-04-18 20:27:26.757	46.9010009765625	-62.52000045776367	0.0
2026-04-18 20:27:26.978	46.897003173828125	-62.5099983215332	0.0
2026-04-18 20:27:27.149	46.874000549316406	-62.4900016784668	0.0
2026-04-18 20:27:27.347	46.85100173950195	-62.45000076293945	0.0
2026-04-18 20:27:27.555	46.89200210571289	-62.5099983215332	0.0
2026-04-18 20:27:27.746	46.875003814697266	-62.4900016784668	0.0
2026-04-18 20:27:27.948	46.8280029296875	-62.41999816894531	0.0
2026-04-18 20:27:28.150	46.875003814697266	-62.4900016784668	0.0
2026-04-18 20:27:28.350	46.87900161743164	-62.4900016784668	0.0
2026-04-18 20:27:28.555	46.86900329589844	-62.47999954223633	0.0
2026-04-18 20:27:28.744	46.81900405883789	-62.41999816894531	0.0
2026-04-18 20:27:28.948	46.87700271606445	-62.4900016784668	0.0
2026-04-18 20:27:29.151	46.8900032043457	-62.5099983215332	0.0
2026-04-18 20:27:29.348	46.910003662109375	-62.529998779296875	0.0
2026-04-18 20:27:29.552	46.88200378417969	-62.5	0.0
2026-04-18 20:27:29.746	46.86300277709961	-62.470001220703125	0.0
2026-04-18 20:27:29.943	46.840003967285156	-62.45000076293945	0.0
2026-04-18 20:27:30.148	46.87000274658203	-62.470001220703125	0.0
2026-04-18 20:27:30.345	46.85000228881836	-62.45000076293945	0.0
2026-04-18 20:27:30.568	46.88200378417969	-62.5	0.0
2026-04-18 20:27:30.745	46.83400344848633	-62.439998626708984	0.0
2026-04-18 20:27:30.965	46.85400390625	-62.459999084472656	0.0
2026-04-18 20:27:31.144	46.89500045776367	-62.5099983215332	0.0
2026-04-18 20:27:31.352	46.87900161743164	-62.4900016784668	0.0
2026-04-18 20:27:31.581	46.9170036315918	-62.540000915527344	0.0
2026-04-18 20:27:31.744	46.867000579833984	-62.470001220703125	0.0
2026-04-18 20:27:31.949	46.83500289916992	-62.43000030517578	0.0
2026-04-18 20:27:32.144	46.836002349853516	-62.43000030517578	0.0
2026-04-18 20:27:32.352	46.88200378417969	-62.4900016784668	0.0
2026-04-18 20:27:32.571	46.893001556396484	-62.52000045776367	0.0
2026-04-18 20:27:32.748	46.84800338745117	-62.439998626708984	0.0
2026-04-18 20:27:32.952	46.85400390625	-62.459999084472656	0.0
2026-04-18 20:27:33.142	46.849002838134766	-62.439998626708984	0.0
2026-04-18 20:27:33.348	46.919002532958984	-62.540000915527344	0.0
2026-04-18 20:27:33.546	46.922000885009766	-62.54999923706055	0.0
2026-04-18 20:27:33.946	46.84100341796875	-62.45000076293945	0.0
2026-04-18 20:27:34.143	46.935001373291016	-62.560001373291016	0.0
2026-04-18 20:27:34.352	46.94400405883789	-62.58000183105469	0.0
2026-04-18 20:27:34.549	46.9170036315918	-62.54999923706055	0.0
2026-04-18 20:27:34.746	46.862003326416016	-62.470001220703125	0.0
2026-04-18 20:27:34.949	46.91100311279297	-62.540000915527344	0.0
2026-04-18 20:27:35.154	46.94600296020508	-62.58000183105469	0.0
2026-04-18 20:27:35.352	46.90400314331055	-62.529998779296875	0.0
2026-04-18 20:27:35.562	46.95500183105469	-62.599998474121094	0.0
2026-04-18 20:27:35.750	46.945003509521484	-62.56999969482422	0.0
2026-04-18 20:27:35.953	46.897003173828125	-62.52000045776367	0.0
2026-04-18 20:27:36.159	46.91400146484375	-62.529998779296875	0.0
2026-04-18 20:27:36.363	46.92900085449219	-62.560001373291016	0.0
2026-04-18 20:27:36.546	46.89900207519531	-62.52000045776367	0.0
2026-04-18 20:27:36.750	46.85900115966797	-62.470001220703125	0.0
2026-04-18 20:27:36.963	46.87600326538086	-62.4900016784668	0.0
2026-04-18 20:27:37.144	46.89500045776367	-62.5	0.0
2026-04-18 20:27:37.344	46.887001037597656	-62.5	0.0
2026-04-18 20:27:37.554	46.87800216674805	-62.5	0.0
2026-04-18 20:27:37.764	46.89200210571289	-62.5	0.0
2026-04-18 20:27:37.951	46.93400192260742	-62.560001373291016	0.0
2026-04-18 20:27:38.145	46.91400146484375	-62.540000915527344	0.0
2026-04-18 20:27:38.346	46.897003173828125	-62.52000045776367	0.0
2026-04-18 20:27:38.567	46.9010009765625	-62.52000045776367	0.0
2026-04-18 20:27:38.747	46.932003021240234	-62.560001373291016	0.0
2026-04-18 20:27:38.967	46.94000244140625	-62.56999969482422	0.0
2026-04-18 20:27:39.143	46.8910026550293	-62.5	0.0
2026-04-18 20:27:39.350	46.94700241088867	-62.58000183105469	0.0
2026-04-18 20:27:39.566	46.95600128173828	-62.599998474121094	0.0
2026-04-18 20:27:39.762	46.90500259399414	-62.52000045776367	0.0
2026-04-18 20:27:39.943	46.8390007019043	-62.439998626708984	0.0
2026-04-18 20:27:40.144	46.85100173950195	-62.45000076293945	0.0
2026-04-18 20:27:40.344	46.867000579833984	-62.470001220703125	0.0
2026-04-18 20:27:40.546	46.88100051879883	-62.4900016784668	0.0
2026-04-18 20:27:40.745	46.88200378417969	-62.4900016784668	0.0
2026-04-18 20:27:40.963	46.922000885009766	-62.540000915527344	0.0
2026-04-18 20:27:41.144	46.910003662109375	-62.529998779296875	0.0
2026-04-18 20:27:41.342	46.906002044677734	-62.529998779296875	0.0
2026-04-18 20:27:41.544	46.952003479003906	-62.599998474121094	0.0
2026-04-18 20:27:41.746	46.93100357055664	-62.560001373291016	0.0
2026-04-18 20:27:41.948	46.926002502441406	-62.560001373291016	0.0
2026-04-18 20:27:42.145	46.93000411987305	-62.54999923706055	0.0
2026-04-18 20:27:42.347	46.91400146484375	-62.540000915527344	0.0
2026-04-18 20:27:42.566	46.89500045776367	-62.5099983215332	0.0
2026-04-18 20:27:42.746	46.94200134277344	-62.56999969482422	0.0
2026-04-18 20:27:42.966	46.93100357055664	-62.560001373291016	0.0
2026-04-18 20:27:43.349	46.88600158691406	-62.5	0.0
2026-04-18 20:27:43.545	46.90400314331055	-62.52000045776367	0.0
2026-04-18 20:27:43.768	46.915000915527344	-62.529998779296875	0.0
2026-04-18 20:27:43.953	46.91200256347656	-62.529998779296875	0.0
2026-04-18 20:27:44.344	46.897003173828125	-62.52000045776367	0.0
2026-04-18 20:27:44.565	46.875003814697266	-62.4900016784668	0.0
2026-04-18 20:27:44.744	46.93300247192383	-62.56999969482422	0.0
2026-04-18 20:27:44.973	46.906002044677734	-62.52000045776367	0.0
2026-04-18 20:27:45.144	46.90300369262695	-62.52000045776367	0.0
2026-04-18 20:27:45.346	46.913002014160156	-62.540000915527344	0.0
2026-04-18 20:27:45.543	46.915000915527344	-62.529998779296875	0.0
2026-04-18 20:27:45.745	46.945003509521484	-62.58000183105469	0.0
2026-04-18 20:27:45.942	46.89200210571289	-62.5	0.0
2026-04-18 20:27:46.148	46.87900161743164	-62.4900016784668	0.0
2026-04-18 20:27:46.344	46.85300064086914	-62.459999084472656	0.0
2026-04-18 20:27:46.546	46.89400100708008	-62.5099983215332	0.0
2026-04-18 20:27:46.746	46.887001037597656	-62.5	0.0
2026-04-18 20:27:46.950	46.868003845214844	-62.47999954223633	0.0
2026-04-18 20:27:47.144	46.94000244140625	-62.56999969482422	0.0
2026-04-18 20:27:47.344	46.874000549316406	-62.4900016784668	0.0
2026-04-18 20:27:47.543	46.887001037597656	-62.5	0.0
2026-04-18 20:27:47.741	46.906002044677734	-62.52000045776367	0.0
2026-04-18 20:27:47.945	46.86900329589844	-62.47999954223633	0.0
2026-04-18 20:27:48.550	46.85400390625	-62.459999084472656	0.0
2026-04-18 20:27:48.753	46.90400314331055	-62.52000045776367	0.0
2026-04-18 20:27:48.944	46.88800048828125	-62.5	0.0
2026-04-18 20:27:49.143	46.89200210571289	-62.5099983215332	0.0
2026-04-18 20:27:49.345	46.87200164794922	-62.4900016784668	0.0
2026-04-18 20:27:49.547	46.85200119018555	-62.459999084472656	0.0
2026-04-18 20:27:49.942	46.85200119018555	-62.45000076293945	0.0
2026-04-18 20:27:50.349	46.90700149536133	-62.529998779296875	0.0
2026-04-18 20:27:50.550	46.87600326538086	-62.47999954223633	0.0
2026-04-18 20:27:50.756	46.90500259399414	-62.52000045776367	0.0
2026-04-18 20:27:50.953	46.842002868652344	-62.439998626708984	0.0
2026-04-18 20:27:51.145	46.87200164794922	-62.47999954223633	0.0
2026-04-18 20:27:51.347	46.83000183105469	-62.43000030517578	0.0
2026-04-18 20:27:51.549	46.87300109863281	-62.4900016784668	0.0
2026-04-18 20:27:51.747	46.89200210571289	-62.5099983215332	0.0
2026-04-18 20:27:51.943	46.927001953125	-62.560001373291016	0.0
2026-04-18 20:27:52.147	46.88100051879883	-62.4900016784668	0.0
2026-04-18 20:27:52.343	46.8900032043457	-62.5099983215332	0.0
2026-04-18 20:27:52.542	46.8910026550293	-62.5099983215332	0.0
2026-04-18 20:27:52.745	46.9010009765625	-62.52000045776367	0.0
2026-04-18 20:27:52.952	46.88500213623047	-62.5	0.0
2026-04-18 20:27:53.155	46.85900115966797	-62.470001220703125	0.0
2026-04-18 20:27:53.543	46.902000427246094	-62.529998779296875	0.0
2026-04-18 20:27:53.744	46.85300064086914	-62.459999084472656	0.0
2026-04-18 20:27:53.943	46.910003662109375	-62.529998779296875	0.0
2026-04-18 20:27:54.150	46.85000228881836	-62.45000076293945	0.0
2026-04-18 20:27:54.352	46.81300354003906	-62.40999984741211	0.0
2026-04-18 20:27:54.542	46.86000061035156	-62.470001220703125	0.0
2026-04-18 20:27:54.746	46.87000274658203	-62.47999954223633	0.0
2026-04-18 20:27:54.946	46.855003356933594	-62.45000076293945	0.0
2026-04-18 20:27:55.148	46.85700225830078	-62.459999084472656	0.0
2026-04-18 20:27:55.358	46.84600067138672	-62.45000076293945	0.0
2026-04-18 20:27:55.545	46.897003173828125	-62.5099983215332	0.0
2026-04-18 20:27:55.748	46.90300369262695	-62.529998779296875	0.0
2026-04-18 20:27:55.950	46.89200210571289	-62.5	0.0
2026-04-18 20:27:56.151	46.93800354003906	-62.56999969482422	0.0
2026-04-18 20:27:56.350	46.93600082397461	-62.56999969482422	0.0
2026-04-18 20:27:56.546	46.87200164794922	-62.47999954223633	0.0
2026-04-18 20:27:56.748	46.84300231933594	-62.439998626708984	0.0
2026-04-18 20:27:56.946	46.89200210571289	-62.5099983215332	0.0
2026-04-18 20:27:57.146	46.84400177001953	-62.45000076293945	0.0
2026-04-18 20:27:57.345	46.94000244140625	-62.58000183105469	0.0
2026-04-18 20:27:57.545	46.90800094604492	-62.52000045776367	0.0
2026-04-18 20:27:57.758	46.927001953125	-62.560001373291016	0.0
2026-04-18 20:27:57.951	46.952003479003906	-62.59000015258789	0.0
2026-04-18 20:27:58.151	46.92900085449219	-62.560001373291016	0.0
2026-04-18 20:27:58.358	46.880001068115234	-62.5	0.0
2026-04-18 20:27:58.565	46.90500259399414	-62.529998779296875	0.0
2026-04-18 20:27:58.950	46.94400405883789	-62.58000183105469	0.0
2026-04-18 20:27:59.149	46.948001861572266	-62.59000015258789	0.0
2026-04-18 20:27:59.350	46.909000396728516	-62.529998779296875	0.0
2026-04-18 20:27:59.557	46.95500183105469	-62.59000015258789	0.0
2026-04-18 20:27:59.750	46.87900161743164	-62.4900016784668	0.0
2026-04-18 20:27:59.948	46.928001403808594	-62.54999923706055	0.0
2026-04-18 20:28:00.151	46.961002349853516	-62.599998474121094	0.0
2026-04-18 20:28:00.361	46.823001861572266	-62.41999816894531	0.0
2026-04-18 20:28:00.554	46.897003173828125	-62.5099983215332	0.0
2026-04-18 20:28:00.757	46.93700408935547	-62.56999969482422	0.0
2026-04-18 20:28:00.957	46.89200210571289	-62.5099983215332	0.0
2026-04-18 20:28:01.159	46.906002044677734	-62.529998779296875	0.0
2026-04-18 20:28:01.355	46.909000396728516	-62.529998779296875	0.0
2026-04-18 20:28:01.548	46.95500183105469	-62.58000183105469	0.0
2026-04-18 20:28:01.747	46.94600296020508	-62.58000183105469	0.0
2026-04-18 20:28:01.952	46.95000076293945	-62.59000015258789	0.0
2026-04-18 20:28:02.154	46.958003997802734	-62.599998474121094	0.0
2026-04-18 20:28:02.353	46.91400146484375	-62.540000915527344	0.0
2026-04-18 20:28:02.549	46.902000427246094	-62.5099983215332	0.0
2026-04-18 20:28:02.755	46.88800048828125	-62.5	0.0
2026-04-18 20:28:02.957	46.94200134277344	-62.58000183105469	0.0
2026-04-18 20:28:03.156	46.94400405883789	-62.58000183105469	0.0
2026-04-18 20:28:03.347	46.86600112915039	-62.470001220703125	0.0
2026-04-18 20:28:03.550	46.91800308227539	-62.54999923706055	0.0
2026-04-18 20:28:03.751	46.94200134277344	-62.56999969482422	0.0
2026-04-18 20:28:03.955	46.94400405883789	-62.56999969482422	0.0
2026-04-18 20:28:04.149	46.93600082397461	-62.56999969482422	0.0
2026-04-18 20:28:04.349	46.89900207519531	-62.52000045776367	0.0
2026-04-18 20:28:04.552	46.8900032043457	-62.5099983215332	0.0
2026-04-18 20:28:04.749	46.9170036315918	-62.540000915527344	0.0
2026-04-18 20:28:04.960	46.87800216674805	-62.4900016784668	0.0
2026-04-18 20:28:05.151	46.887001037597656	-62.5	0.0
2026-04-18 20:28:05.362	46.884002685546875	-62.4900016784668	0.0
2026-04-18 20:28:05.556	46.94200134277344	-62.56999969482422	0.0
2026-04-18 20:28:05.751	46.902000427246094	-62.52000045776367	0.0
2026-04-18 20:28:05.959	46.928001403808594	-62.54999923706055	0.0
2026-04-18 20:28:06.150	46.92900085449219	-62.560001373291016	0.0
2026-04-18 20:28:06.349	46.89400100708008	-62.5099983215332	0.0
2026-04-18 20:28:06.545	46.91800308227539	-62.540000915527344	0.0
2026-04-18 20:28:06.752	46.89400100708008	-62.5	0.0
2026-04-18 20:28:07.150	46.92500305175781	-62.54999923706055	0.0
2026-04-18 20:28:07.351	46.897003173828125	-62.52000045776367	0.0
2026-04-18 20:28:07.550	46.90700149536133	-62.52000045776367	0.0
2026-04-18 20:28:07.754	46.92500305175781	-62.54999923706055	0.0
2026-04-18 20:28:07.953	46.93700408935547	-62.56999969482422	0.0
2026-04-18 20:28:08.155	46.902000427246094	-62.529998779296875	0.0
2026-04-18 20:28:08.351	46.842002868652344	-62.439998626708984	0.0
2026-04-18 20:28:08.549	46.89800262451172	-62.5099983215332	0.0
2026-04-18 20:28:08.750	46.915000915527344	-62.540000915527344	0.0
2026-04-18 20:28:08.948	46.9170036315918	-62.540000915527344	0.0
2026-04-18 20:28:09.155	46.95000076293945	-62.58000183105469	0.0
2026-04-18 20:28:09.350	46.897003173828125	-62.5099983215332	0.0
2026-04-18 20:28:09.550	46.94600296020508	-62.58000183105469	0.0
2026-04-18 20:28:09.751	46.909000396728516	-62.529998779296875	0.0
2026-04-18 20:28:09.948	46.93600082397461	-62.56999969482422	0.0
2026-04-18 20:28:10.149	46.91600036621094	-62.540000915527344	0.0
2026-04-18 20:28:10.350	46.92400360107422	-62.54999923706055	0.0
2026-04-18 20:28:10.548	46.9170036315918	-62.54999923706055	0.0
2026-04-18 20:28:10.751	46.910003662109375	-62.529998779296875	0.0
2026-04-18 20:28:10.951	46.87300109863281	-62.4900016784668	0.0
2026-04-18 20:28:11.153	46.90300369262695	-62.529998779296875	0.0
2026-04-18 20:28:11.370	46.86000061035156	-62.459999084472656	0.0
2026-04-18 20:28:11.543	46.88600158691406	-62.5	0.0
2026-04-18 20:28:11.750	46.9010009765625	-62.52000045776367	0.0
2026-04-18 20:28:11.948	46.95000076293945	-62.58000183105469	0.0
2026-04-18 20:28:12.159	46.88100051879883	-62.5	0.0
2026-04-18 20:28:12.344	46.8650016784668	-62.470001220703125	0.0
2026-04-18 20:28:12.554	46.874000549316406	-62.47999954223633	0.0
2026-04-18 20:28:12.755	46.94700241088867	-62.58000183105469	0.0
2026-04-18 20:28:12.944	46.84800338745117	-62.45000076293945	0.0
2026-04-18 20:28:13.148	46.85000228881836	-62.459999084472656	0.0
2026-04-18 20:28:13.347	46.92900085449219	-62.54999923706055	0.0
2026-04-18 20:28:13.547	46.897003173828125	-62.5099983215332	0.0
2026-04-18 20:28:13.748	46.95500183105469	-62.59000015258789	0.0
2026-04-18 20:28:14.145	46.88600158691406	-62.5	0.0
2026-04-18 20:28:14.357	46.893001556396484	-62.5099983215332	0.0
2026-04-18 20:28:14.557	46.87900161743164	-62.4900016784668	0.0
2026-04-18 20:28:14.750	46.94900131225586	-62.58000183105469	0.0
2026-04-18 20:28:14.952	46.874000549316406	-62.4900016784668	0.0
2026-04-18 20:28:15.151	46.92000198364258	-62.54999923706055	0.0
2026-04-18 20:28:15.352	46.90500259399414	-62.529998779296875	0.0
2026-04-18 20:28:15.550	46.93100357055664	-62.560001373291016	0.0
2026-04-18 20:28:15.749	46.913002014160156	-62.540000915527344	0.0
2026-04-18 20:28:15.956	46.89900207519531	-62.5099983215332	0.0
2026-04-18 20:28:16.346	46.89900207519531	-62.5099983215332	0.0
2026-04-18 20:28:16.549	46.94000244140625	-62.56999969482422	0.0
2026-04-18 20:28:16.751	46.93700408935547	-62.56999969482422	0.0
2026-04-18 20:28:16.944	46.902000427246094	-62.52000045776367	0.0
2026-04-18 20:28:17.143	46.88600158691406	-62.5	0.0
2026-04-18 20:28:17.346	46.93600082397461	-62.56999969482422	0.0
2026-04-18 20:28:17.545	46.91600036621094	-62.540000915527344	0.0
2026-04-18 20:28:17.946	46.945003509521484	-62.58000183105469	0.0
2026-04-18 20:28:18.144	46.94000244140625	-62.58000183105469	0.0
2026-04-18 20:28:18.346	46.87200164794922	-62.47999954223633	0.0
2026-04-18 20:28:18.544	46.880001068115234	-62.4900016784668	0.0
2026-04-18 20:28:18.753	46.909000396728516	-62.529998779296875	0.0
2026-04-18 20:28:18.971	46.849002838134766	-62.459999084472656	0.0
2026-04-18 20:28:19.148	46.87600326538086	-62.4900016784668	0.0
2026-04-18 20:28:19.347	46.868003845214844	-62.470001220703125	0.0
2026-04-18 20:28:19.552	46.927001953125	-62.560001373291016	0.0
2026-04-18 20:28:19.749	46.922000885009766	-62.540000915527344	0.0
2026-04-18 20:28:19.954	46.94000244140625	-62.58000183105469	0.0
2026-04-18 20:28:20.149	46.88200378417969	-62.5	0.0
2026-04-18 20:28:20.355	46.913002014160156	-62.529998779296875	0.0
2026-04-18 20:28:20.556	46.91100311279297	-62.529998779296875	0.0
2026-04-18 20:28:20.748	46.88600158691406	-62.5	0.0
2026-04-18 20:28:20.949	46.8640022277832	-62.470001220703125	0.0
2026-04-18 20:28:21.161	46.941001892089844	-62.56999969482422	0.0
2026-04-18 20:28:21.349	46.89400100708008	-62.5099983215332	0.0
2026-04-18 20:28:21.558	46.92400360107422	-62.54999923706055	0.0
2026-04-18 20:28:21.748	46.954002380371094	-62.59000015258789	0.0
2026-04-18 20:28:21.952	46.95500183105469	-62.59000015258789	0.0
2026-04-18 20:28:22.148	46.922000885009766	-62.54999923706055	0.0
2026-04-18 20:28:22.348	46.941001892089844	-62.56999969482422	0.0
2026-04-18 20:28:22.549	46.927001953125	-62.54999923706055	0.0
2026-04-18 20:28:22.751	46.94000244140625	-62.56999969482422	0.0
2026-04-18 20:28:22.948	46.93600082397461	-62.56999969482422	0.0
2026-04-18 20:28:23.148	46.941001892089844	-62.56999969482422	0.0
2026-04-18 20:28:23.353	46.85200119018555	-62.45000076293945	0.0
2026-04-18 20:28:23.556	46.96200180053711	-62.599998474121094	0.0
2026-04-18 20:28:23.756	46.91100311279297	-62.529998779296875	0.0
2026-04-18 20:28:23.952	46.928001403808594	-62.54999923706055	0.0
2026-04-18 20:28:24.148	46.928001403808594	-62.560001373291016	0.0
2026-04-18 20:28:24.354	46.902000427246094	-62.52000045776367	0.0
2026-04-18 20:28:24.569	46.919002532958984	-62.540000915527344	0.0
2026-04-18 20:28:24.755	46.93300247192383	-62.560001373291016	0.0
2026-04-18 20:28:24.972	46.92500305175781	-62.560001373291016	0.0
2026-04-18 20:28:25.152	46.89500045776367	-62.5099983215332	0.0
2026-04-18 20:28:25.348	46.93800354003906	-62.56999969482422	0.0
2026-04-18 20:28:25.549	46.8900032043457	-62.5	0.0
2026-04-18 20:28:25.749	46.95100402832031	-62.59000015258789	0.0
2026-04-18 20:28:25.951	46.9530029296875	-62.59000015258789	0.0
2026-04-18 20:28:26.155	46.88200378417969	-62.5	0.0
2026-04-18 20:28:26.349	46.92100143432617	-62.540000915527344	0.0
2026-04-18 20:28:26.570	46.926002502441406	-62.54999923706055	0.0
2026-04-18 20:28:26.754	46.93600082397461	-62.560001373291016	0.0
2026-04-18 20:28:26.950	46.92300033569336	-62.54999923706055	0.0
2026-04-18 20:28:27.150	46.906002044677734	-62.52000045776367	0.0
2026-04-18 20:28:27.357	46.93300247192383	-62.560001373291016	0.0
2026-04-18 20:28:27.552	46.954002380371094	-62.59000015258789	0.0
2026-04-18 20:28:27.747	46.93600082397461	-62.560001373291016	0.0
2026-04-18 20:28:27.953	46.90300369262695	-62.529998779296875	0.0
2026-04-18 20:28:28.154	46.958003997802734	-62.59000015258789	0.0
2026-04-18 20:28:28.350	46.935001373291016	-62.560001373291016	0.0
2026-04-18 20:28:28.548	46.92500305175781	-62.54999923706055	0.0
2026-04-18 20:28:28.749	46.94400405883789	-62.58000183105469	0.0
2026-04-18 20:28:28.955	46.91600036621094	-62.540000915527344	0.0
2026-04-18 20:28:29.143	46.83100128173828	-62.43000030517578	0.0
2026-04-18 20:28:29.342	46.81700134277344	-62.40999984741211	0.0
2026-04-18 20:28:29.549	46.86900329589844	-62.47999954223633	0.0
2026-04-18 20:28:29.771	46.95000076293945	-62.59000015258789	0.0
2026-04-18 20:28:29.955	46.926002502441406	-62.54999923706055	0.0
2026-04-18 20:28:30.144	46.95100402832031	-62.59000015258789	0.0
2026-04-18 20:28:30.350	46.93100357055664	-62.560001373291016	0.0
2026-04-18 20:28:30.550	46.897003173828125	-62.5099983215332	0.0
2026-04-18 20:28:30.749	46.94900131225586	-62.59000015258789	0.0
2026-04-18 20:28:30.949	46.91200256347656	-62.540000915527344	0.0
2026-04-18 20:28:31.149	46.86300277709961	-62.470001220703125	0.0
2026-04-18 20:28:31.349	46.93300247192383	-62.560001373291016	0.0
2026-04-18 20:28:31.552	46.927001953125	-62.560001373291016	0.0
2026-04-18 20:28:31.749	46.92900085449219	-62.560001373291016	0.0
2026-04-18 20:28:31.947	46.85300064086914	-62.459999084472656	0.0
2026-04-18 20:28:32.148	46.948001861572266	-62.58000183105469	0.0
2026-04-18 20:28:32.348	46.88300323486328	-62.4900016784668	0.0
2026-04-18 20:28:32.554	46.91100311279297	-62.52000045776367	0.0
2026-04-18 20:28:32.751	46.928001403808594	-62.560001373291016	0.0
2026-04-18 20:28:32.969	46.92900085449219	-62.56999969482422	0.0
2026-04-18 20:28:33.148	46.939002990722656	-62.56999969482422	0.0
2026-04-18 20:28:33.354	46.87200164794922	-62.47999954223633	0.0
2026-04-18 20:28:33.550	46.91400146484375	-62.540000915527344	0.0
2026-04-18 20:28:33.752	46.87200164794922	-62.47999954223633	0.0
2026-04-18 20:28:33.948	46.85200119018555	-62.459999084472656	0.0
2026-04-18 20:28:34.348	46.84600067138672	-62.45000076293945	0.0
2026-04-18 20:28:34.556	46.875003814697266	-62.47999954223633	0.0
2026-04-18 20:28:34.750	46.92500305175781	-62.54999923706055	0.0
2026-04-18 20:28:34.955	46.84800338745117	-62.459999084472656	0.0
2026-04-18 20:28:35.145	46.919002532958984	-62.540000915527344	0.0
2026-04-18 20:28:35.355	46.94600296020508	-62.58000183105469	0.0
2026-04-18 20:28:35.556	46.922000885009766	-62.540000915527344	0.0
2026-04-18 20:28:35.749	46.95000076293945	-62.59000015258789	0.0
2026-04-18 20:28:35.955	46.9530029296875	-62.59000015258789	0.0
2026-04-18 20:28:36.154	46.93100357055664	-62.560001373291016	0.0
2026-04-18 20:28:36.347	46.89600372314453	-62.5099983215332	0.0
2026-04-18 20:28:36.548	46.862003326416016	-62.470001220703125	0.0
2026-04-18 20:28:36.747	46.94700241088867	-62.58000183105469	0.0
2026-04-18 20:28:36.970	46.95000076293945	-62.59000015258789	0.0
2026-04-18 20:28:37.147	46.9530029296875	-62.58000183105469	0.0
2026-04-18 20:28:37.349	46.927001953125	-62.54999923706055	0.0
2026-04-18 20:28:37.547	46.95100402832031	-62.58000183105469	0.0
2026-04-18 20:28:37.753	46.935001373291016	-62.56999969482422	0.0
2026-04-18 20:28:37.949	46.95100402832031	-62.59000015258789	0.0
2026-04-18 20:28:38.168	46.93600082397461	-62.56999969482422	0.0
2026-04-18 20:28:38.347	46.92400360107422	-62.54999923706055	0.0
2026-04-18 20:28:38.569	46.91200256347656	-62.529998779296875	0.0
2026-04-18 20:28:38.752	46.900001525878906	-62.52000045776367	0.0
2026-04-18 20:28:38.945	46.887001037597656	-62.5099983215332	0.0
2026-04-18 20:28:39.154	46.94600296020508	-62.58000183105469	0.0
2026-04-18 20:28:39.347	46.868003845214844	-62.470001220703125	0.0
2026-04-18 20:28:39.552	46.902000427246094	-62.52000045776367	0.0
2026-04-18 20:28:39.744	46.89500045776367	-62.52000045776367	0.0
2026-04-18 20:28:39.951	46.94900131225586	-62.59000015258789	0.0
2026-04-18 20:28:40.191	46.94700241088867	-62.58000183105469	0.0
2026-04-18 20:28:40.350	46.927001953125	-62.54999923706055	0.0
2026-04-18 20:28:40.574	46.87700271606445	-62.4900016784668	0.0
2026-04-18 20:28:40.749	46.95100402832031	-62.59000015258789	0.0
2026-04-18 20:28:40.972	46.89500045776367	-62.52000045776367	0.0
2026-04-18 20:28:41.153	46.93000411987305	-62.54999923706055	0.0
2026-04-18 20:28:41.352	46.9170036315918	-62.540000915527344	0.0
2026-04-18 20:28:41.558	46.82100296020508	-62.40999984741211	0.0
2026-04-18 20:28:41.753	46.94400405883789	-62.58000183105469	0.0
2026-04-18 20:28:41.957	46.93100357055664	-62.56999969482422	0.0
2026-04-18 20:28:42.147	46.94000244140625	-62.56999969482422	0.0
2026-04-18 20:28:42.347	46.95600128173828	-62.59000015258789	0.0
2026-04-18 20:28:42.555	46.90300369262695	-62.529998779296875	0.0
2026-04-18 20:28:42.748	46.93800354003906	-62.58000183105469	0.0
2026-04-18 20:28:42.955	46.91800308227539	-62.540000915527344	0.0
2026-04-18 20:28:43.152	46.95900344848633	-62.59000015258789	0.0
2026-04-18 20:28:43.342	46.87600326538086	-62.4900016784668	0.0
2026-04-18 20:28:43.550	46.928001403808594	-62.54999923706055	0.0
2026-04-18 20:28:43.751	46.94300079345703	-62.58000183105469	0.0
2026-04-18 20:28:43.950	46.922000885009766	-62.54999923706055	0.0
2026-04-18 20:28:44.148	46.90400314331055	-62.529998779296875	0.0
2026-04-18 20:28:44.349	46.9010009765625	-62.52000045776367	0.0
2026-04-18 20:28:44.569	46.842002868652344	-62.439998626708984	0.0
2026-04-18 20:28:44.748	46.87900161743164	-62.4900016784668	0.0
2026-04-18 20:28:44.950	46.89500045776367	-62.5099983215332	0.0
2026-04-18 20:28:45.156	46.95100402832031	-62.58000183105469	0.0
2026-04-18 20:28:45.557	46.928001403808594	-62.560001373291016	0.0
2026-04-18 20:28:45.750	46.94000244140625	-62.56999969482422	0.0
2026-04-18 20:28:45.949	46.9010009765625	-62.52000045776367	0.0
2026-04-18 20:28:46.146	46.93600082397461	-62.56999969482422	0.0
2026-04-18 20:28:46.345	46.9010009765625	-62.5099983215332	0.0
2026-04-18 20:28:46.568	46.927001953125	-62.560001373291016	0.0
2026-04-18 20:28:46.749	46.88100051879883	-62.4900016784668	0.0
2026-04-18 20:28:47.148	46.935001373291016	-62.56999969482422	0.0
2026-04-18 20:28:47.347	46.93000411987305	-62.560001373291016	0.0
2026-04-18 20:28:47.554	46.90500259399414	-62.52000045776367	0.0
2026-04-18 20:28:47.754	46.89400100708008	-62.5099983215332	0.0
2026-04-18 20:28:47.943	46.906002044677734	-62.529998779296875	0.0
2026-04-18 20:28:48.169	46.88100051879883	-62.4900016784668	0.0
2026-04-18 20:28:48.351	46.88200378417969	-62.4900016784668	0.0
2026-04-18 20:28:48.573	46.85400390625	-62.459999084472656	0.0
2026-04-18 20:28:48.750	46.906002044677734	-62.529998779296875	0.0
2026-04-18 20:28:48.980	46.94900131225586	-62.58000183105469	0.0
2026-04-18 20:28:49.151	46.90400314331055	-62.52000045776367	0.0
2026-04-18 20:28:49.351	46.8640022277832	-62.470001220703125	0.0
2026-04-18 20:28:49.552	46.90800094604492	-62.529998779296875	0.0
2026-04-18 20:28:49.752	46.922000885009766	-62.560001373291016	0.0
2026-04-18 20:28:49.949	46.94700241088867	-62.58000183105469	0.0
2026-04-18 20:28:50.167	46.87800216674805	-62.4900016784668	0.0
2026-04-18 20:28:50.348	46.9170036315918	-62.540000915527344	0.0
2026-04-18 20:28:50.580	46.849002838134766	-62.45000076293945	0.0
2026-04-18 20:28:50.757	46.89400100708008	-62.5099983215332	0.0
2026-04-18 20:28:50.969	46.910003662109375	-62.529998779296875	0.0
2026-04-18 20:28:51.149	46.8650016784668	-62.470001220703125	0.0
2026-04-18 20:28:51.347	46.91800308227539	-62.540000915527344	0.0
2026-04-18 20:28:51.549	46.85300064086914	-62.459999084472656	0.0
2026-04-18 20:28:51.750	46.94600296020508	-62.58000183105469	0.0
2026-04-18 20:28:51.952	46.93400192260742	-62.560001373291016	0.0
2026-04-18 20:28:52.157	46.89900207519531	-62.52000045776367	0.0
2026-04-18 20:28:52.354	46.927001953125	-62.54999923706055	0.0
2026-04-18 20:28:52.556	46.92300033569336	-62.540000915527344	0.0
2026-04-18 20:28:52.743	46.867000579833984	-62.47999954223633	0.0
2026-04-18 20:28:52.945	46.875003814697266	-62.4900016784668	0.0
2026-04-18 20:28:53.148	46.87700271606445	-62.47999954223633	0.0
2026-04-18 20:28:53.342	46.89500045776367	-62.5099983215332	0.0
2026-04-18 20:28:53.547	46.88100051879883	-62.4900016784668	0.0
2026-04-18 20:28:53.743	46.89200210571289	-62.52000045776367	0.0
2026-04-18 20:28:53.943	46.89500045776367	-62.5099983215332	0.0
2026-04-18 20:28:54.149	46.849002838134766	-62.45000076293945	0.0
2026-04-18 20:28:54.541	46.89600372314453	-62.52000045776367	0.0
2026-04-18 20:28:54.742	46.81900405883789	-62.41999816894531	0.0
2026-04-18 20:28:54.942	46.87700271606445	-62.4900016784668	0.0
2026-04-18 20:28:55.143	46.90500259399414	-62.52000045776367	0.0
2026-04-18 20:28:55.341	46.939002990722656	-62.56999969482422	0.0
2026-04-18 20:28:55.543	46.89200210571289	-62.5099983215332	0.0
2026-04-18 20:28:55.742	46.919002532958984	-62.540000915527344	0.0
2026-04-18 20:28:56.143	46.85600280761719	-62.459999084472656	0.0
2026-04-18 20:28:56.343	46.94400405883789	-62.56999969482422	0.0
2026-04-18 20:28:56.743	46.87300109863281	-62.4900016784668	0.0
2026-04-18 20:28:56.971	46.884002685546875	-62.4900016784668	0.0
2026-04-18 20:28:57.146	46.909000396728516	-62.529998779296875	0.0
2026-04-18 20:28:57.753	46.909000396728516	-62.540000915527344	0.0
2026-04-18 20:28:57.950	46.94600296020508	-62.58000183105469	0.0
2026-04-18 20:28:58.145	46.95900344848633	-62.599998474121094	0.0
2026-04-18 20:28:58.343	46.89900207519531	-62.5099983215332	0.0
2026-04-18 20:28:58.544	46.94000244140625	-62.56999969482422	0.0
2026-04-18 20:28:58.743	46.922000885009766	-62.54999923706055	0.0
2026-04-18 20:28:58.967	46.94700241088867	-62.58000183105469	0.0
2026-04-18 20:28:59.148	46.927001953125	-62.560001373291016	0.0
2026-04-18 20:28:59.548	46.93700408935547	-62.56999969482422	0.0
2026-04-18 20:28:59.744	46.93100357055664	-62.560001373291016	0.0
2026-04-18 20:28:59.947	46.94300079345703	-62.56999969482422	0.0
2026-04-18 20:29:00.346	46.900001525878906	-62.52000045776367	0.0
2026-04-18 20:29:00.545	46.928001403808594	-62.54999923706055	0.0
2026-04-18 20:29:00.965	46.92300033569336	-62.54999923706055	0.0
2026-04-18 20:29:01.143	46.95500183105469	-62.59000015258789	0.0
2026-04-18 20:29:01.770	46.926002502441406	-62.54999923706055	0.0
2026-04-18 20:29:01.947	46.82400131225586	-62.40999984741211	0.0
2026-04-18 20:29:02.346	46.94400405883789	-62.58000183105469	0.0
2026-04-18 20:29:02.544	46.88300323486328	-62.5	0.0
2026-04-18 20:29:02.743	46.906002044677734	-62.529998779296875	0.0
2026-04-18 20:29:02.965	46.94900131225586	-62.58000183105469	0.0
2026-04-18 20:29:03.149	46.900001525878906	-62.52000045776367	0.0
2026-04-18 20:29:03.351	46.94600296020508	-62.58000183105469	0.0
2026-04-18 20:29:03.551	46.902000427246094	-62.52000045776367	0.0
2026-04-18 20:29:03.776	46.94000244140625	-62.56999969482422	0.0
2026-04-18 20:29:03.954	46.93700408935547	-62.56999969482422	0.0
2026-04-18 20:29:04.148	46.95100402832031	-62.58000183105469	0.0
2026-04-18 20:29:04.357	46.91100311279297	-62.529998779296875	0.0
2026-04-18 20:29:04.546	46.94400405883789	-62.58000183105469	0.0
2026-04-18 20:29:04.956	46.92500305175781	-62.540000915527344	0.0
2026-04-18 20:29:05.151	46.90700149536133	-62.52000045776367	0.0
2026-04-18 20:29:05.349	46.897003173828125	-62.5099983215332	0.0
2026-04-18 20:29:05.549	46.935001373291016	-62.56999969482422	0.0
2026-04-18 20:29:05.761	46.91200256347656	-62.540000915527344	0.0
2026-04-18 20:29:05.948	46.948001861572266	-62.56999969482422	0.0
2026-04-18 20:29:06.156	46.88100051879883	-62.4900016784668	0.0
2026-04-18 20:29:06.352	46.89900207519531	-62.5099983215332	0.0
2026-04-18 20:29:06.553	46.91800308227539	-62.540000915527344	0.0
2026-04-18 20:29:06.756	46.88900375366211	-62.5099983215332	0.0
2026-04-18 20:29:06.951	46.868003845214844	-62.470001220703125	0.0
2026-04-18 20:29:07.150	46.8650016784668	-62.470001220703125	0.0
2026-04-18 20:29:07.349	46.94300079345703	-62.58000183105469	0.0
2026-04-18 20:29:07.548	46.93600082397461	-62.56999969482422	0.0
2026-04-18 20:29:07.748	46.94900131225586	-62.58000183105469	0.0
2026-04-18 20:29:07.949	46.92900085449219	-62.560001373291016	0.0
2026-04-18 20:29:08.149	46.94300079345703	-62.56999969482422	0.0
2026-04-18 20:29:08.352	46.92500305175781	-62.560001373291016	0.0
2026-04-18 20:29:08.548	46.93300247192383	-62.56999969482422	0.0
2026-04-18 20:29:08.752	46.9530029296875	-62.58000183105469	0.0
2026-04-18 20:29:08.981	46.93000411987305	-62.560001373291016	0.0
2026-04-18 20:29:09.157	46.954002380371094	-62.59000015258789	0.0
2026-04-18 20:29:09.347	46.945003509521484	-62.56999969482422	0.0
2026-04-18 20:29:09.548	46.867000579833984	-62.47999954223633	0.0
2026-04-18 20:29:09.756	46.94200134277344	-62.56999969482422	0.0
2026-04-18 20:29:09.959	46.92900085449219	-62.560001373291016	0.0
2026-04-18 20:29:10.155	46.93800354003906	-62.56999969482422	0.0
2026-04-18 20:29:10.354	46.910003662109375	-62.529998779296875	0.0
2026-04-18 20:29:10.575	46.92500305175781	-62.560001373291016	0.0
2026-04-18 20:29:10.750	46.84800338745117	-62.45000076293945	0.0
2026-04-18 20:29:10.952	46.92900085449219	-62.560001373291016	0.0
2026-04-18 20:29:11.156	46.935001373291016	-62.560001373291016	0.0
2026-04-18 20:29:11.356	46.89500045776367	-62.5099983215332	0.0
2026-04-18 20:29:11.551	46.94200134277344	-62.56999969482422	0.0
2026-04-18 20:29:11.761	46.926002502441406	-62.54999923706055	0.0
2026-04-18 20:29:11.948	46.9170036315918	-62.540000915527344	0.0
2026-04-18 20:29:12.156	46.90800094604492	-62.529998779296875	0.0
2026-04-18 20:29:12.356	46.87600326538086	-62.47999954223633	0.0
2026-04-18 20:29:12.572	46.910003662109375	-62.540000915527344	0.0
2026-04-18 20:29:12.754	46.94900131225586	-62.58000183105469	0.0
2026-04-18 20:29:12.970	46.91100311279297	-62.540000915527344	0.0
2026-04-18 20:29:13.144	46.935001373291016	-62.560001373291016	0.0
2026-04-18 20:29:13.350	46.939002990722656	-62.56999969482422	0.0
2026-04-18 20:29:13.542	46.88300323486328	-62.5	0.0
2026-04-18 20:29:13.752	46.928001403808594	-62.560001373291016	0.0
2026-04-18 20:29:13.945	46.887001037597656	-62.5099983215332	0.0
2026-04-18 20:29:14.151	46.926002502441406	-62.54999923706055	0.0
2026-04-18 20:29:14.353	46.8900032043457	-62.5099983215332	0.0
2026-04-18 20:29:14.550	46.875003814697266	-62.4900016784668	0.0
2026-04-18 20:29:14.757	46.93800354003906	-62.56999969482422	0.0
2026-04-18 20:29:14.972	46.87900161743164	-62.4900016784668	0.0
2026-04-18 20:29:15.147	46.961002349853516	-62.599998474121094	0.0
2026-04-18 20:29:15.349	46.91800308227539	-62.540000915527344	0.0
2026-04-18 20:29:15.568	46.91400146484375	-62.540000915527344	0.0
2026-04-18 20:29:15.753	46.945003509521484	-62.56999969482422	0.0
2026-04-18 20:29:15.952	46.85400390625	-62.459999084472656	0.0
2026-04-18 20:29:16.153	46.90800094604492	-62.529998779296875	0.0
2026-04-18 20:29:16.351	46.94000244140625	-62.56999969482422	0.0
2026-04-18 20:29:16.552	46.89900207519531	-62.52000045776367	0.0
2026-04-18 20:29:16.747	46.932003021240234	-62.54999923706055	0.0
2026-04-18 20:29:16.974	46.89800262451172	-62.52000045776367	0.0
2026-04-18 20:29:17.147	46.86900329589844	-62.47999954223633	0.0
2026-04-18 20:29:17.349	46.92000198364258	-62.54999923706055	0.0
2026-04-18 20:29:17.550	46.948001861572266	-62.59000015258789	0.0
2026-04-18 20:29:17.758	46.919002532958984	-62.540000915527344	0.0
2026-04-18 20:29:18.150	46.95500183105469	-62.59000015258789	0.0
2026-04-18 20:29:18.350	46.915000915527344	-62.540000915527344	0.0
2026-04-18 20:29:18.745	46.909000396728516	-62.52000045776367	0.0
2026-04-18 20:29:19.148	46.932003021240234	-62.54999923706055	0.0
2026-04-18 20:29:19.351	46.86000061035156	-62.470001220703125	0.0
2026-04-18 20:29:19.552	46.9170036315918	-62.540000915527344	0.0
2026-04-18 20:29:19.750	46.94700241088867	-62.58000183105469	0.0
2026-04-18 20:29:19.953	46.874000549316406	-62.47999954223633	0.0
2026-04-18 20:29:20.158	46.92400360107422	-62.54999923706055	0.0
2026-04-18 20:29:20.353	46.89200210571289	-62.52000045776367	0.0
2026-04-18 20:29:20.548	46.922000885009766	-62.54999923706055	0.0
2026-04-18 20:29:20.768	46.945003509521484	-62.56999969482422	0.0
2026-04-18 20:29:20.953	46.952003479003906	-62.59000015258789	0.0
2026-04-18 20:29:21.147	46.935001373291016	-62.56999969482422	0.0
2026-04-18 20:29:21.348	46.932003021240234	-62.560001373291016	0.0
2026-04-18 20:29:21.549	46.910003662109375	-62.540000915527344	0.0
2026-04-18 20:29:21.750	46.902000427246094	-62.52000045776367	0.0
2026-04-18 20:29:21.951	46.93100357055664	-62.560001373291016	0.0
2026-04-18 20:29:22.155	46.90500259399414	-62.52000045776367	0.0
2026-04-18 20:29:22.349	46.88800048828125	-62.5	0.0
2026-04-18 20:29:22.752	46.919002532958984	-62.540000915527344	0.0
2026-04-18 20:29:22.946	46.919002532958984	-62.54999923706055	0.0
2026-04-18 20:29:23.143	46.92900085449219	-62.54999923706055	0.0
2026-04-18 20:29:23.346	46.939002990722656	-62.56999969482422	0.0
2026-04-18 20:29:23.552	46.939002990722656	-62.56999969482422	0.0
2026-04-18 20:29:23.749	46.90400314331055	-62.52000045776367	0.0
2026-04-18 20:29:23.948	46.93300247192383	-62.560001373291016	0.0
2026-04-18 20:29:24.155	46.91800308227539	-62.540000915527344	0.0
2026-04-18 20:29:24.350	46.935001373291016	-62.56999969482422	0.0
2026-04-18 20:29:24.547	46.915000915527344	-62.540000915527344	0.0
2026-04-18 20:29:24.748	46.94200134277344	-62.56999969482422	0.0
2026-04-18 20:29:24.954	46.87600326538086	-62.4900016784668	0.0
2026-04-18 20:29:25.147	46.902000427246094	-62.52000045776367	0.0
2026-04-18 20:29:25.349	46.94700241088867	-62.58000183105469	0.0
2026-04-18 20:29:25.550	46.880001068115234	-62.4900016784668	0.0
2026-04-18 20:29:25.750	46.927001953125	-62.560001373291016	0.0
2026-04-18 20:29:25.949	46.900001525878906	-62.5099983215332	0.0
2026-04-18 20:29:26.149	46.902000427246094	-62.52000045776367	0.0
2026-04-18 20:29:26.354	46.9010009765625	-62.52000045776367	0.0
2026-04-18 20:29:26.554	46.89900207519531	-62.52000045776367	0.0
2026-04-18 20:29:26.751	46.92400360107422	-62.54999923706055	0.0
2026-04-18 20:29:26.950	46.95500183105469	-62.59000015258789	0.0
2026-04-18 20:29:27.142	46.94300079345703	-62.56999969482422	0.0
2026-04-18 20:29:27.352	46.95000076293945	-62.59000015258789	0.0
2026-04-18 20:29:27.550	46.927001953125	-62.560001373291016	0.0
2026-04-18 20:29:27.751	46.93600082397461	-62.56999969482422	0.0
2026-04-18 20:29:27.953	46.919002532958984	-62.540000915527344	0.0
2026-04-18 20:29:28.150	46.906002044677734	-62.529998779296875	0.0
2026-04-18 20:29:28.359	46.8640022277832	-62.47999954223633	0.0
2026-04-18 20:29:28.563	46.91800308227539	-62.54999923706055	0.0
2026-04-18 20:29:28.748	46.9010009765625	-62.52000045776367	0.0
2026-04-18 20:29:29.148	46.9530029296875	-62.59000015258789	0.0
2026-04-18 20:29:29.354	46.92900085449219	-62.560001373291016	0.0
2026-04-18 20:29:29.558	46.922000885009766	-62.54999923706055	0.0
2026-04-18 20:29:29.749	46.94200134277344	-62.56999969482422	0.0
2026-04-18 20:29:29.954	46.89900207519531	-62.5099983215332	0.0
2026-04-18 20:29:30.153	46.90300369262695	-62.52000045776367	0.0
2026-04-18 20:29:30.352	46.94000244140625	-62.56999969482422	0.0
2026-04-18 20:29:30.552	46.94300079345703	-62.56999969482422	0.0
2026-04-18 20:29:30.751	46.86900329589844	-62.47999954223633	0.0
2026-04-18 20:29:30.952	46.948001861572266	-62.58000183105469	0.0
2026-04-18 20:29:31.149	46.89900207519531	-62.52000045776367	0.0
2026-04-18 20:29:31.350	46.880001068115234	-62.4900016784668	0.0
2026-04-18 20:29:31.546	46.85600280761719	-62.459999084472656	0.0
2026-04-18 20:29:31.749	46.92100143432617	-62.54999923706055	0.0
2026-04-18 20:29:31.949	46.92900085449219	-62.560001373291016	0.0
2026-04-18 20:29:32.151	46.884002685546875	-62.5	0.0
2026-04-18 20:29:32.348	46.906002044677734	-62.529998779296875	0.0
2026-04-18 20:29:32.548	46.94400405883789	-62.58000183105469	0.0
2026-04-18 20:29:32.944	46.922000885009766	-62.54999923706055	0.0
2026-04-18 20:29:33.146	46.96200180053711	-62.599998474121094	0.0
2026-04-18 20:29:33.347	46.88100051879883	-62.5	0.0
2026-04-18 20:29:33.546	46.95500183105469	-62.59000015258789	0.0
2026-04-18 20:29:33.750	46.922000885009766	-62.54999923706055	0.0
2026-04-18 20:29:33.953	46.94000244140625	-62.56999969482422	0.0
2026-04-18 20:29:34.156	46.954002380371094	-62.59000015258789	0.0
2026-04-18 20:29:34.354	46.94700241088867	-62.58000183105469	0.0
2026-04-18 20:29:34.551	46.952003479003906	-62.58000183105469	0.0
2026-04-18 20:29:34.751	46.95000076293945	-62.59000015258789	0.0
2026-04-18 20:29:34.965	46.90500259399414	-62.52000045776367	0.0
2026-04-18 20:29:35.154	46.906002044677734	-62.529998779296875	0.0
2026-04-18 20:29:35.353	46.92300033569336	-62.560001373291016	0.0
2026-04-18 20:29:35.549	46.94700241088867	-62.58000183105469	0.0
2026-04-18 20:29:35.748	46.92100143432617	-62.54999923706055	0.0
2026-04-18 20:29:35.953	46.93300247192383	-62.560001373291016	0.0
2026-04-18 20:29:36.148	46.91800308227539	-62.540000915527344	0.0
2026-04-18 20:29:36.350	46.88100051879883	-62.5	0.0
2026-04-18 20:29:36.548	46.94600296020508	-62.56999969482422	0.0
2026-04-18 20:29:36.749	46.8910026550293	-62.5099983215332	0.0
2026-04-18 20:29:36.948	46.92400360107422	-62.54999923706055	0.0
2026-04-18 20:29:37.149	46.85400390625	-62.459999084472656	0.0
2026-04-18 20:29:37.347	46.92900085449219	-62.560001373291016	0.0
2026-04-18 20:29:37.549	46.88200378417969	-62.4900016784668	0.0
2026-04-18 20:29:37.757	46.932003021240234	-62.560001373291016	0.0
2026-04-18 20:29:38.154	46.89400100708008	-62.5099983215332	0.0
2026-04-18 20:29:38.349	46.89200210571289	-62.5099983215332	0.0
2026-04-18 20:29:38.555	46.83400344848633	-62.43000030517578	0.0
2026-04-18 20:29:38.749	46.89900207519531	-62.52000045776367	0.0
2026-04-18 20:29:38.949	46.93100357055664	-62.560001373291016	0.0
2026-04-18 20:29:39.147	46.958003997802734	-62.599998474121094	0.0
2026-04-18 20:29:39.348	46.9170036315918	-62.540000915527344	0.0
2026-04-18 20:29:39.554	46.9010009765625	-62.52000045776367	0.0
2026-04-18 20:29:39.756	46.94300079345703	-62.56999969482422	0.0
2026-04-18 20:29:39.954	46.922000885009766	-62.54999923706055	0.0
2026-04-18 20:29:40.146	46.92900085449219	-62.560001373291016	0.0
2026-04-18 20:29:40.359	46.884002685546875	-62.5	0.0
2026-04-18 20:29:40.549	46.9530029296875	-62.58000183105469	0.0
2026-04-18 20:29:40.767	46.928001403808594	-62.560001373291016	0.0
2026-04-18 20:29:40.951	46.915000915527344	-62.529998779296875	0.0
2026-04-18 20:29:41.148	46.93300247192383	-62.56999969482422	0.0
2026-04-18 20:29:41.348	46.927001953125	-62.560001373291016	0.0
2026-04-18 20:29:41.548	46.92300033569336	-62.54999923706055	0.0
2026-04-18 20:29:41.748	46.92100143432617	-62.540000915527344	0.0
2026-04-18 20:29:41.949	46.93100357055664	-62.560001373291016	0.0
2026-04-18 20:29:42.148	46.919002532958984	-62.540000915527344	0.0
2026-04-18 20:29:42.347	46.92100143432617	-62.54999923706055	0.0
2026-04-18 20:29:42.555	46.92000198364258	-62.540000915527344	0.0
2026-04-18 20:29:42.749	46.93600082397461	-62.56999969482422	0.0
2026-04-18 20:29:42.950	46.897003173828125	-62.52000045776367	0.0
2026-04-18 20:29:43.148	46.94200134277344	-62.56999969482422	0.0
2026-04-18 20:29:43.348	46.93100357055664	-62.560001373291016	0.0
2026-04-18 20:29:43.559	46.93100357055664	-62.560001373291016	0.0
2026-04-18 20:29:43.743	46.87900161743164	-62.4900016784668	0.0
2026-04-18 20:29:43.949	46.91400146484375	-62.529998779296875	0.0
2026-04-18 20:29:44.152	46.94900131225586	-62.58000183105469	0.0
2026-04-18 20:29:44.349	46.8910026550293	-62.5099983215332	0.0
2026-04-18 20:29:44.551	46.85300064086914	-62.459999084472656	0.0
2026-04-18 20:29:44.759	46.948001861572266	-62.59000015258789	0.0
2026-04-18 20:29:44.950	46.93100357055664	-62.560001373291016	0.0
2026-04-18 20:29:45.148	46.95000076293945	-62.59000015258789	0.0
2026-04-18 20:29:45.347	46.91200256347656	-62.529998779296875	0.0
2026-04-18 20:29:45.550	46.941001892089844	-62.56999969482422	0.0
2026-04-18 20:29:45.750	46.92900085449219	-62.560001373291016	0.0
2026-04-18 20:29:45.956	46.87900161743164	-62.4900016784668	0.0
2026-04-18 20:29:46.149	46.92300033569336	-62.54999923706055	0.0
2026-04-18 20:29:46.348	46.91100311279297	-62.540000915527344	0.0
2026-04-18 20:29:46.548	46.9170036315918	-62.540000915527344	0.0
2026-04-18 20:29:46.748	46.92300033569336	-62.54999923706055	0.0
2026-04-18 20:29:46.950	46.884002685546875	-62.5	0.0
2026-04-18 20:29:47.148	46.94000244140625	-62.56999969482422	0.0
2026-04-18 20:29:47.351	46.87900161743164	-62.4900016784668	0.0
2026-04-18 20:29:47.547	46.952003479003906	-62.58000183105469	0.0
2026-04-18 20:29:47.743	46.92100143432617	-62.54999923706055	0.0
2026-04-18 20:29:47.955	46.92400360107422	-62.54999923706055	0.0
2026-04-18 20:29:48.150	46.90300369262695	-62.52000045776367	0.0
2026-04-18 20:29:48.351	46.939002990722656	-62.56999969482422	0.0
2026-04-18 20:29:48.556	46.9170036315918	-62.540000915527344	0.0
2026-04-18 20:29:48.748	46.90400314331055	-62.52000045776367	0.0
2026-04-18 20:29:48.951	46.884002685546875	-62.5	0.0
2026-04-18 20:29:49.155	46.89900207519531	-62.52000045776367	0.0
2026-04-18 20:29:49.356	46.95100402832031	-62.59000015258789	0.0
2026-04-18 20:29:49.545	46.91800308227539	-62.540000915527344	0.0
2026-04-18 20:29:49.757	46.906002044677734	-62.529998779296875	0.0
2026-04-18 20:29:49.948	46.94600296020508	-62.58000183105469	0.0
2026-04-18 20:29:50.150	46.94000244140625	-62.58000183105469	0.0
2026-04-18 20:29:50.347	46.88800048828125	-62.5	0.0
2026-04-18 20:29:50.554	46.913002014160156	-62.529998779296875	0.0
2026-04-18 20:29:50.747	46.94600296020508	-62.56999969482422	0.0
2026-04-18 20:29:50.952	46.95000076293945	-62.59000015258789	0.0
2026-04-18 20:29:51.147	46.87000274658203	-62.47999954223633	0.0
2026-04-18 20:29:51.347	46.902000427246094	-62.529998779296875	0.0
2026-04-18 20:29:51.547	46.939002990722656	-62.56999969482422	0.0
2026-04-18 20:29:51.751	46.939002990722656	-62.56999969482422	0.0
2026-04-18 20:29:51.950	46.93100357055664	-62.560001373291016	0.0
2026-04-18 20:29:52.151	46.945003509521484	-62.59000015258789	0.0
2026-04-18 20:29:52.349	46.910003662109375	-62.529998779296875	0.0
2026-04-18 20:29:52.550	46.87800216674805	-62.4900016784668	0.0
2026-04-18 20:29:52.744	46.90800094604492	-62.52000045776367	0.0
2026-04-18 20:29:52.949	46.94700241088867	-62.59000015258789	0.0
2026-04-18 20:29:53.154	46.95500183105469	-62.59000015258789	0.0
2026-04-18 20:29:53.357	46.935001373291016	-62.56999969482422	0.0
2026-04-18 20:29:53.553	46.922000885009766	-62.54999923706055	0.0
2026-04-18 20:29:53.755	46.90500259399414	-62.52000045776367	0.0
2026-04-18 20:29:53.950	46.86600112915039	-62.47999954223633	0.0
2026-04-18 20:29:54.157	46.86900329589844	-62.4900016784668	0.0
2026-04-18 20:29:54.355	46.86600112915039	-62.470001220703125	0.0
2026-04-18 20:29:54.551	46.906002044677734	-62.529998779296875	0.0
2026-04-18 20:29:54.748	46.913002014160156	-62.529998779296875	0.0
2026-04-18 20:29:54.950	46.93600082397461	-62.56999969482422	0.0
2026-04-18 20:29:55.156	46.89600372314453	-62.5099983215332	0.0
2026-04-18 20:29:55.348	46.922000885009766	-62.540000915527344	0.0
2026-04-18 20:29:55.552	46.884002685546875	-62.5	0.0
2026-04-18 20:29:55.748	46.95000076293945	-62.58000183105469	0.0
2026-04-18 20:29:55.959	46.94600296020508	-62.58000183105469	0.0
2026-04-18 20:29:56.152	46.87800216674805	-62.4900016784668	0.0
2026-04-18 20:29:56.353	46.92900085449219	-62.560001373291016	0.0
2026-04-18 20:29:56.546	46.8910026550293	-62.5099983215332	0.0
2026-04-18 20:29:56.949	46.93800354003906	-62.56999969482422	0.0
2026-04-18 20:29:57.147	46.86300277709961	-62.470001220703125	0.0
2026-04-18 20:29:57.352	46.91200256347656	-62.529998779296875	0.0
2026-04-18 20:29:57.553	46.91800308227539	-62.540000915527344	0.0
2026-04-18 20:29:57.748	46.87300109863281	-62.47999954223633	0.0
2026-04-18 20:29:57.955	46.948001861572266	-62.59000015258789	0.0
2026-04-18 20:29:58.146	46.91600036621094	-62.540000915527344	0.0
2026-04-18 20:29:58.349	46.915000915527344	-62.529998779296875	0.0
2026-04-18 20:29:58.550	46.836002349853516	-62.43000030517578	0.0
2026-04-18 20:29:58.757	46.89500045776367	-62.5099983215332	0.0
2026-04-18 20:29:58.979	46.87900161743164	-62.4900016784668	0.0
2026-04-18 20:29:59.149	46.922000885009766	-62.54999923706055	0.0
2026-04-18 20:29:59.348	46.94300079345703	-62.56999969482422	0.0
2026-04-18 20:29:59.552	46.948001861572266	-62.58000183105469	0.0
2026-04-18 20:29:59.762	46.87800216674805	-62.4900016784668	0.0
2026-04-18 20:29:59.950	46.910003662109375	-62.529998779296875	0.0
2026-04-18 20:30:00.148	46.928001403808594	-62.560001373291016	0.0
2026-04-18 20:30:00.349	46.926002502441406	-62.54999923706055	0.0
2026-04-18 20:30:00.746	46.88900375366211	-62.5	0.0
2026-04-18 20:30:00.969	46.94000244140625	-62.58000183105469	0.0
2026-04-18 20:30:01.148	46.90700149536133	-62.529998779296875	0.0
2026-04-18 20:30:01.348	46.88500213623047	-62.5	0.0
2026-04-18 20:30:01.548	46.87600326538086	-62.47999954223633	0.0
2026-04-18 20:30:01.951	46.9010009765625	-62.52000045776367	0.0
2026-04-18 20:30:02.156	46.94700241088867	-62.59000015258789	0.0
2026-04-18 20:30:02.351	46.93600082397461	-62.560001373291016	0.0
2026-04-18 20:30:02.549	46.939002990722656	-62.56999969482422	0.0
2026-04-18 20:30:02.758	46.88800048828125	-62.5099983215332	0.0
2026-04-18 20:30:02.950	46.922000885009766	-62.54999923706055	0.0
2026-04-18 20:30:03.147	46.91100311279297	-62.540000915527344	0.0
2026-04-18 20:30:03.351	46.94900131225586	-62.58000183105469	0.0
2026-04-18 20:30:03.749	46.92100143432617	-62.54999923706055	0.0
2026-04-18 20:30:03.951	46.9530029296875	-62.59000015258789	0.0
2026-04-18 20:30:04.148	46.90400314331055	-62.52000045776367	0.0
2026-04-18 20:30:04.349	46.935001373291016	-62.56999969482422	0.0
2026-04-18 20:30:04.571	46.89900207519531	-62.52000045776367	0.0
2026-04-18 20:30:04.748	46.85900115966797	-62.459999084472656	0.0
2026-04-18 20:30:04.950	46.89600372314453	-62.52000045776367	0.0
2026-04-18 20:30:05.146	46.84100341796875	-62.439998626708984	0.0
2026-04-18 20:30:05.358	46.952003479003906	-62.59000015258789	0.0
2026-04-18 20:30:05.560	46.93400192260742	-62.560001373291016	0.0
2026-04-18 20:30:05.754	46.88500213623047	-62.5	0.0
2026-04-18 20:30:05.950	46.93800354003906	-62.58000183105469	0.0
2026-04-18 20:30:06.148	46.91600036621094	-62.540000915527344	0.0
2026-04-18 20:30:06.343	46.92000198364258	-62.54999923706055	0.0
2026-04-18 20:30:06.549	46.87300109863281	-62.47999954223633	0.0
2026-04-18 20:30:06.747	46.91400146484375	-62.540000915527344	0.0
2026-04-18 20:30:06.947	46.8650016784668	-62.470001220703125	0.0
2026-04-18 20:30:07.148	46.94000244140625	-62.56999969482422	0.0
2026-04-18 20:30:07.353	46.95000076293945	-62.58000183105469	0.0
2026-04-18 20:30:07.551	46.952003479003906	-62.58000183105469	0.0
2026-04-18 20:30:07.747	46.95100402832031	-62.59000015258789	0.0
2026-04-18 20:30:07.952	46.948001861572266	-62.58000183105469	0.0
2026-04-18 20:30:08.172	46.94700241088867	-62.58000183105469	0.0
2026-04-18 20:30:08.347	46.932003021240234	-62.560001373291016	0.0
2026-04-18 20:30:08.572	46.8280029296875	-62.41999816894531	0.0
2026-04-18 20:30:08.751	46.87000274658203	-62.47999954223633	0.0
2026-04-18 20:30:08.946	46.91800308227539	-62.54999923706055	0.0
2026-04-18 20:30:09.151	46.94400405883789	-62.58000183105469	0.0
2026-04-18 20:30:09.349	46.948001861572266	-62.58000183105469	0.0
2026-04-18 20:30:09.552	46.94300079345703	-62.56999969482422	0.0
2026-04-18 20:30:09.746	46.897003173828125	-62.5099983215332	0.0
2026-04-18 20:30:09.948	46.9530029296875	-62.59000015258789	0.0
2026-04-18 20:30:10.145	46.88200378417969	-62.5	0.0
2026-04-18 20:30:10.744	46.93700408935547	-62.56999969482422	0.0
2026-04-18 20:30:10.943	46.906002044677734	-62.529998779296875	0.0
2026-04-18 20:30:11.148	46.814002990722656	-62.400001525878906	0.0
2026-04-18 20:30:11.344	46.922000885009766	-62.540000915527344	0.0
2026-04-18 20:30:11.544	46.928001403808594	-62.54999923706055	0.0
2026-04-18 20:30:11.743	46.93300247192383	-62.560001373291016	0.0
2026-04-18 20:30:12.147	46.93800354003906	-62.56999969482422	0.0
2026-04-18 20:30:12.349	46.926002502441406	-62.560001373291016	0.0
2026-04-18 20:30:12.545	46.87000274658203	-62.470001220703125	0.0
2026-04-18 20:30:12.746	46.85100173950195	-62.459999084472656	0.0
2026-04-18 20:30:12.945	46.86900329589844	-62.47999954223633	0.0
2026-04-18 20:30:13.143	46.926002502441406	-62.54999923706055	0.0
2026-04-18 20:30:13.343	46.94600296020508	-62.58000183105469	0.0
2026-04-18 20:30:13.545	46.87700271606445	-62.4900016784668	0.0
2026-04-18 20:30:13.745	46.94400405883789	-62.58000183105469	0.0
2026-04-18 20:30:13.944	46.945003509521484	-62.59000015258789	0.0
2026-04-18 20:30:14.148	46.906002044677734	-62.52000045776367	0.0
2026-04-18 20:30:14.345	46.939002990722656	-62.56999969482422	0.0
2026-04-18 20:30:14.546	46.900001525878906	-62.5099983215332	0.0
2026-04-18 20:30:14.743	46.87000274658203	-62.47999954223633	0.0
2026-04-18 20:30:14.945	46.93400192260742	-62.560001373291016	0.0
2026-04-18 20:30:15.142	46.897003173828125	-62.52000045776367	0.0
2026-04-18 20:30:15.343	46.941001892089844	-62.56999969482422	0.0
2026-04-18 20:30:15.744	46.928001403808594	-62.560001373291016	0.0
2026-04-18 20:30:16.143	46.86900329589844	-62.47999954223633	0.0
2026-04-18 20:30:16.344	46.89200210571289	-62.5	0.0
2026-04-18 20:30:16.567	46.91800308227539	-62.540000915527344	0.0
2026-04-18 20:30:16.744	46.92100143432617	-62.54999923706055	0.0
2026-04-18 20:30:17.143	46.89400100708008	-62.5099983215332	0.0
2026-04-18 20:30:17.344	46.92500305175781	-62.54999923706055	0.0
2026-04-18 20:30:17.540	46.93300247192383	-62.560001373291016	0.0
2026-04-18 20:30:17.743	46.94700241088867	-62.58000183105469	0.0
2026-04-18 20:30:17.942	46.95500183105469	-62.599998474121094	0.0
2026-04-18 20:30:18.344	46.910003662109375	-62.529998779296875	0.0
2026-04-18 20:30:18.544	46.875003814697266	-62.47999954223633	0.0
2026-04-18 20:30:18.744	46.900001525878906	-62.52000045776367	0.0
2026-04-18 20:30:18.955	46.928001403808594	-62.560001373291016	0.0
2026-04-18 20:30:19.146	46.95500183105469	-62.59000015258789	0.0
2026-04-18 20:30:19.347	46.90500259399414	-62.52000045776367	0.0
2026-04-18 20:30:19.551	46.91400146484375	-62.529998779296875	0.0
2026-04-18 20:30:19.749	46.93400192260742	-62.560001373291016	0.0
2026-04-18 20:30:19.954	46.954002380371094	-62.59000015258789	0.0
2026-04-18 20:30:20.148	46.92900085449219	-62.54999923706055	0.0
2026-04-18 20:30:20.349	46.94300079345703	-62.58000183105469	0.0
2026-04-18 20:30:20.567	46.926002502441406	-62.54999923706055	0.0
2026-04-18 20:30:20.750	46.935001373291016	-62.56999969482422	0.0
2026-04-18 20:30:20.946	46.92000198364258	-62.54999923706055	0.0
2026-04-18 20:30:21.151	46.92400360107422	-62.54999923706055	0.0
2026-04-18 20:30:21.355	46.93000411987305	-62.560001373291016	0.0
2026-04-18 20:30:21.548	46.906002044677734	-62.529998779296875	0.0
2026-04-18 20:30:21.756	46.87200164794922	-62.47999954223633	0.0
2026-04-18 20:30:21.949	46.932003021240234	-62.560001373291016	0.0
2026-04-18 20:30:22.153	46.92500305175781	-62.54999923706055	0.0
2026-04-18 20:30:22.352	46.94300079345703	-62.58000183105469	0.0
2026-04-18 20:30:22.546	46.92000198364258	-62.54999923706055	0.0
2026-04-18 20:30:22.752	46.87300109863281	-62.4900016784668	0.0
2026-04-18 20:30:22.950	46.89400100708008	-62.52000045776367	0.0
2026-04-18 20:30:23.148	46.935001373291016	-62.56999969482422	0.0
2026-04-18 20:30:23.346	46.897003173828125	-62.5099983215332	0.0
2026-04-18 20:30:23.541	46.880001068115234	-62.4900016784668	0.0
2026-04-18 20:30:23.747	46.94900131225586	-62.59000015258789	0.0
2026-04-18 20:30:23.947	46.93400192260742	-62.56999969482422	0.0
2026-04-18 20:30:24.147	46.9530029296875	-62.59000015258789	0.0
2026-04-18 20:30:24.348	46.9170036315918	-62.540000915527344	0.0
2026-04-18 20:30:24.551	46.91600036621094	-62.540000915527344	0.0
2026-04-18 20:30:24.755	46.8910026550293	-62.5099983215332	0.0
2026-04-18 20:30:24.948	46.9010009765625	-62.529998779296875	0.0
2026-04-18 20:30:25.148	46.875003814697266	-62.47999954223633	0.0
2026-04-18 20:30:25.356	46.909000396728516	-62.529998779296875	0.0
2026-04-18 20:30:25.547	46.91800308227539	-62.540000915527344	0.0
2026-04-18 20:30:25.750	46.939002990722656	-62.56999969482422	0.0
2026-04-18 20:30:26.353	46.86900329589844	-62.47999954223633	0.0
2026-04-18 20:30:26.541	46.88100051879883	-62.4900016784668	0.0
2026-04-18 20:30:26.755	46.93800354003906	-62.56999969482422	0.0
2026-04-18 20:30:27.147	46.919002532958984	-62.540000915527344	0.0
2026-04-18 20:30:27.347	46.948001861572266	-62.58000183105469	0.0
2026-04-18 20:30:27.548	46.93400192260742	-62.56999969482422	0.0
2026-04-18 20:30:27.747	46.93800354003906	-62.56999969482422	0.0
2026-04-18 20:30:27.947	46.92400360107422	-62.54999923706055	0.0
2026-04-18 20:30:28.148	46.902000427246094	-62.52000045776367	0.0
2026-04-18 20:30:28.355	46.897003173828125	-62.5099983215332	0.0
2026-04-18 20:30:28.548	46.91800308227539	-62.540000915527344	0.0
2026-04-18 20:30:28.753	46.92300033569336	-62.54999923706055	0.0
2026-04-18 20:30:28.953	46.9530029296875	-62.59000015258789	0.0
2026-04-18 20:30:29.148	46.875003814697266	-62.47999954223633	0.0
2026-04-18 20:30:29.347	46.93600082397461	-62.560001373291016	0.0
2026-04-18 20:30:29.546	46.90300369262695	-62.52000045776367	0.0
2026-04-18 20:30:29.752	46.92000198364258	-62.54999923706055	0.0
2026-04-18 20:30:29.949	46.94900131225586	-62.58000183105469	0.0
2026-04-18 20:30:30.147	46.954002380371094	-62.59000015258789	0.0
2026-04-18 20:30:30.347	46.94300079345703	-62.56999969482422	0.0
2026-04-18 20:30:30.554	46.91800308227539	-62.540000915527344	0.0
2026-04-18 20:30:30.747	46.91400146484375	-62.529998779296875	0.0
2026-04-18 20:30:30.970	46.88500213623047	-62.5	0.0
2026-04-18 20:30:31.146	46.910003662109375	-62.529998779296875	0.0
2026-04-18 20:30:31.347	46.85100173950195	-62.45000076293945	0.0
2026-04-18 20:30:31.553	46.90500259399414	-62.52000045776367	0.0
2026-04-18 20:30:31.753	46.945003509521484	-62.58000183105469	0.0
2026-04-18 20:30:31.950	46.945003509521484	-62.56999969482422	0.0
2026-04-18 20:30:32.148	46.94300079345703	-62.58000183105469	0.0
2026-04-18 20:30:32.351	46.90800094604492	-62.529998779296875	0.0
2026-04-18 20:30:32.747	46.8900032043457	-62.5099983215332	0.0
2026-04-18 20:30:32.950	46.93100357055664	-62.560001373291016	0.0
2026-04-18 20:30:33.150	46.89900207519531	-62.52000045776367	0.0
2026-04-18 20:30:33.350	46.87600326538086	-62.4900016784668	0.0
2026-04-18 20:30:33.559	46.92400360107422	-62.54999923706055	0.0
2026-04-18 20:30:33.748	46.880001068115234	-62.5	0.0
2026-04-18 20:30:34.146	46.89400100708008	-62.5099983215332	0.0
2026-04-18 20:30:34.354	46.93000411987305	-62.560001373291016	0.0
2026-04-18 20:30:34.746	46.92000198364258	-62.54999923706055	0.0
2026-04-18 20:30:34.949	46.90500259399414	-62.529998779296875	0.0
2026-04-18 20:30:35.145	46.94000244140625	-62.56999969482422	0.0
2026-04-18 20:30:35.349	46.858001708984375	-62.459999084472656	0.0
2026-04-18 20:30:35.550	46.875003814697266	-62.4900016784668	0.0
2026-04-18 20:30:35.747	46.902000427246094	-62.52000045776367	0.0
2026-04-18 20:30:35.947	46.95100402832031	-62.59000015258789	0.0
2026-04-18 20:30:36.167	46.941001892089844	-62.56999969482422	0.0
2026-04-18 20:30:36.356	46.954002380371094	-62.59000015258789	0.0
2026-04-18 20:30:36.548	46.926002502441406	-62.54999923706055	0.0
2026-04-18 20:30:36.754	46.85900115966797	-62.470001220703125	0.0
2026-04-18 20:30:36.952	46.93800354003906	-62.56999969482422	0.0
2026-04-18 20:30:37.147	46.8910026550293	-62.5099983215332	0.0
2026-04-18 20:30:37.353	46.9170036315918	-62.540000915527344	0.0
2026-04-18 20:30:37.550	46.90300369262695	-62.52000045776367	0.0
2026-04-18 20:30:37.757	46.941001892089844	-62.58000183105469	0.0
2026-04-18 20:30:37.949	46.919002532958984	-62.540000915527344	0.0
2026-04-18 20:30:38.147	46.95000076293945	-62.58000183105469	0.0
2026-04-18 20:30:38.351	46.922000885009766	-62.54999923706055	0.0
2026-04-18 20:30:38.567	46.8910026550293	-62.5099983215332	0.0
2026-04-18 20:30:38.754	46.926002502441406	-62.560001373291016	0.0
2026-04-18 20:30:39.146	46.935001373291016	-62.56999969482422	0.0
2026-04-18 20:30:39.347	46.93700408935547	-62.56999969482422	0.0
2026-04-18 20:30:39.552	46.93800354003906	-62.56999969482422	0.0
2026-04-18 20:30:39.747	46.88900375366211	-62.5099983215332	0.0
2026-04-18 20:30:39.949	46.928001403808594	-62.54999923706055	0.0
2026-04-18 20:30:40.153	46.906002044677734	-62.529998779296875	0.0
2026-04-18 20:30:40.350	46.94200134277344	-62.56999969482422	0.0
2026-04-18 20:30:40.550	46.93800354003906	-62.56999969482422	0.0
2026-04-18 20:30:40.754	46.919002532958984	-62.54999923706055	0.0
2026-04-18 20:30:40.948	46.902000427246094	-62.5099983215332	0.0
2026-04-18 20:30:41.147	46.90700149536133	-62.529998779296875	0.0
2026-04-18 20:30:41.352	46.932003021240234	-62.560001373291016	0.0
2026-04-18 20:30:41.545	46.88200378417969	-62.5	0.0
2026-04-18 20:30:41.749	46.94200134277344	-62.58000183105469	0.0
2026-04-18 20:30:41.945	46.874000549316406	-62.47999954223633	0.0
2026-04-18 20:30:42.146	46.93700408935547	-62.56999969482422	0.0
2026-04-18 20:30:42.348	46.87300109863281	-62.470001220703125	0.0
2026-04-18 20:30:42.548	46.910003662109375	-62.540000915527344	0.0
2026-04-18 20:30:42.745	46.93800354003906	-62.56999969482422	0.0
2026-04-18 20:30:42.966	46.87200164794922	-62.47999954223633	0.0
2026-04-18 20:30:43.154	46.952003479003906	-62.59000015258789	0.0
2026-04-18 20:30:43.354	46.85000228881836	-62.459999084472656	0.0
2026-04-18 20:30:43.556	46.902000427246094	-62.52000045776367	0.0
2026-04-18 20:30:43.745	46.927001953125	-62.560001373291016	0.0
2026-04-18 20:30:43.948	46.87700271606445	-62.4900016784668	0.0
2026-04-18 20:30:44.171	46.945003509521484	-62.58000183105469	0.0
2026-04-18 20:30:44.355	46.90700149536133	-62.52000045776367	0.0
2026-04-18 20:30:44.573	46.884002685546875	-62.5	0.0
2026-04-18 20:30:44.755	46.94300079345703	-62.58000183105469	0.0
2026-04-18 20:30:44.968	46.94700241088867	-62.58000183105469	0.0
2026-04-18 20:30:45.150	46.89400100708008	-62.5099983215332	0.0
2026-04-18 20:30:45.351	46.93400192260742	-62.560001373291016	0.0
2026-04-18 20:30:45.549	46.939002990722656	-62.58000183105469	0.0
2026-04-18 20:30:45.747	46.913002014160156	-62.529998779296875	0.0
2026-04-18 20:30:45.948	46.94300079345703	-62.58000183105469	0.0
2026-04-18 20:30:46.146	46.90700149536133	-62.529998779296875	0.0
2026-04-18 20:30:46.346	46.95100402832031	-62.58000183105469	0.0
2026-04-18 20:30:46.566	46.90300369262695	-62.52000045776367	0.0
2026-04-18 20:30:46.746	46.932003021240234	-62.560001373291016	0.0
2026-04-18 20:30:46.970	46.89900207519531	-62.52000045776367	0.0
2026-04-18 20:30:47.149	46.90500259399414	-62.529998779296875	0.0
2026-04-18 20:30:47.348	46.95100402832031	-62.59000015258789	0.0
2026-04-18 20:30:47.554	46.9530029296875	-62.59000015258789	0.0
2026-04-18 20:30:47.748	46.92500305175781	-62.54999923706055	0.0
2026-04-18 20:30:47.944	46.900001525878906	-62.5099983215332	0.0
2026-04-18 20:30:48.155	46.88100051879883	-62.4900016784668	0.0
2026-04-18 20:30:48.352	46.9530029296875	-62.59000015258789	0.0
2026-04-18 20:30:48.548	46.89800262451172	-62.52000045776367	0.0
2026-04-18 20:30:48.748	46.88900375366211	-62.5	0.0
2026-04-18 20:30:48.947	46.85600280761719	-62.459999084472656	0.0
2026-04-18 20:30:49.148	46.913002014160156	-62.529998779296875	0.0
2026-04-18 20:30:49.345	46.915000915527344	-62.540000915527344	0.0
2026-04-18 20:30:49.547	46.85200119018555	-62.459999084472656	0.0
2026-04-18 20:30:49.747	46.95100402832031	-62.59000015258789	0.0
2026-04-18 20:30:49.947	46.880001068115234	-62.4900016784668	0.0
2026-04-18 20:30:50.146	46.93100357055664	-62.560001373291016	0.0
2026-04-18 20:30:50.346	46.926002502441406	-62.54999923706055	0.0
2026-04-18 20:30:50.546	46.910003662109375	-62.529998779296875	0.0
2026-04-18 20:30:50.747	46.93800354003906	-62.56999969482422	0.0
2026-04-18 20:30:50.952	46.9010009765625	-62.52000045776367	0.0
2026-04-18 20:30:51.149	46.954002380371094	-62.59000015258789	0.0
2026-04-18 20:30:51.344	46.926002502441406	-62.54999923706055	0.0
2026-04-18 20:30:51.548	46.91800308227539	-62.54999923706055	0.0
2026-04-18 20:30:51.746	46.94900131225586	-62.59000015258789	0.0
2026-04-18 20:30:51.948	46.92300033569336	-62.54999923706055	0.0
2026-04-18 20:30:52.147	46.88500213623047	-62.5	0.0
2026-04-18 20:30:52.345	46.93100357055664	-62.560001373291016	0.0
2026-04-18 20:30:52.553	46.88900375366211	-62.5099983215332	0.0
2026-04-18 20:30:52.752	46.919002532958984	-62.540000915527344	0.0
2026-04-18 20:30:52.973	46.89900207519531	-62.52000045776367	0.0
2026-04-18 20:30:53.145	46.928001403808594	-62.560001373291016	0.0
2026-04-18 20:30:53.345	46.89600372314453	-62.52000045776367	0.0
2026-04-18 20:30:53.550	46.926002502441406	-62.560001373291016	0.0
2026-04-18 20:30:53.752	46.94900131225586	-62.58000183105469	0.0
2026-04-18 20:30:53.949	46.94000244140625	-62.58000183105469	0.0
2026-04-18 20:30:54.147	46.922000885009766	-62.540000915527344	0.0
2026-04-18 20:30:54.346	46.94900131225586	-62.58000183105469	0.0
2026-04-18 20:30:54.568	46.94600296020508	-62.58000183105469	0.0
2026-04-18 20:30:54.752	46.922000885009766	-62.54999923706055	0.0
2026-04-18 20:30:54.969	46.89400100708008	-62.5099983215332	0.0
2026-04-18 20:30:55.153	46.906002044677734	-62.52000045776367	0.0
2026-04-18 20:30:55.349	46.94000244140625	-62.56999969482422	0.0
2026-04-18 20:30:55.546	46.89400100708008	-62.52000045776367	0.0
2026-04-18 20:30:55.749	46.95000076293945	-62.58000183105469	0.0
2026-04-18 20:30:55.952	46.8910026550293	-62.5099983215332	0.0
2026-04-18 20:30:56.152	46.89900207519531	-62.5099983215332	0.0
2026-04-18 20:30:56.347	46.9530029296875	-62.59000015258789	0.0
2026-04-18 20:30:56.559	46.941001892089844	-62.56999969482422	0.0
2026-04-18 20:30:56.754	46.94600296020508	-62.58000183105469	0.0
2026-04-18 20:30:56.947	46.948001861572266	-62.58000183105469	0.0
2026-04-18 20:30:57.150	46.952003479003906	-62.59000015258789	0.0
2026-04-18 20:30:57.350	46.893001556396484	-62.5099983215332	0.0
2026-04-18 20:30:57.555	46.913002014160156	-62.540000915527344	0.0
2026-04-18 20:30:57.750	46.91400146484375	-62.529998779296875	0.0
2026-04-18 20:30:57.949	46.88500213623047	-62.5099983215332	0.0
2026-04-18 20:30:58.149	46.91100311279297	-62.529998779296875	0.0
2026-04-18 20:30:58.356	46.887001037597656	-62.5	0.0
2026-04-18 20:30:58.546	46.897003173828125	-62.52000045776367	0.0
2026-04-18 20:30:58.745	46.91400146484375	-62.529998779296875	0.0
2026-04-18 20:30:58.954	46.88900375366211	-62.5099983215332	0.0
2026-04-18 20:30:59.152	46.900001525878906	-62.52000045776367	0.0
2026-04-18 20:30:59.346	46.91800308227539	-62.540000915527344	0.0
2026-04-18 20:30:59.553	46.94200134277344	-62.58000183105469	0.0
2026-04-18 20:30:59.752	46.85100173950195	-62.45000076293945	0.0
2026-04-18 20:30:59.949	46.94200134277344	-62.58000183105469	0.0
2026-04-18 20:31:00.152	46.89900207519531	-62.5099983215332	0.0
2026-04-18 20:31:00.350	46.87000274658203	-62.47999954223633	0.0
2026-04-18 20:31:00.554	46.88900375366211	-62.5099983215332	0.0
2026-04-18 20:31:00.745	46.89600372314453	-62.52000045776367	0.0
2026-04-18 20:31:00.951	46.945003509521484	-62.58000183105469	0.0
2026-04-18 20:31:01.145	46.871002197265625	-62.47999954223633	0.0
2026-04-18 20:31:01.354	46.842002868652344	-62.439998626708984	0.0
2026-04-18 20:31:01.547	46.92500305175781	-62.560001373291016	0.0
2026-04-18 20:31:01.746	46.89800262451172	-62.5099983215332	0.0
2026-04-18 20:31:01.948	46.88800048828125	-62.5099983215332	0.0
2026-04-18 20:31:02.148	46.95600128173828	-62.59000015258789	0.0
2026-04-18 20:31:02.347	46.91800308227539	-62.54999923706055	0.0
2026-04-18 20:31:02.548	46.84600067138672	-62.45000076293945	0.0
2026-04-18 20:31:02.757	46.919002532958984	-62.540000915527344	0.0
2026-04-18 20:31:02.949	46.945003509521484	-62.56999969482422	0.0
2026-04-18 20:31:03.146	46.92400360107422	-62.54999923706055	0.0
2026-04-18 20:31:03.348	46.93400192260742	-62.560001373291016	0.0
2026-04-18 20:31:03.552	46.94600296020508	-62.58000183105469	0.0
2026-04-18 20:31:03.948	46.928001403808594	-62.54999923706055	0.0
2026-04-18 20:31:04.147	46.95100402832031	-62.58000183105469	0.0
2026-04-18 20:31:04.351	46.9010009765625	-62.52000045776367	0.0
2026-04-18 20:31:04.556	46.94900131225586	-62.59000015258789	0.0
2026-04-18 20:31:04.745	46.93400192260742	-62.560001373291016	0.0
2026-04-18 20:31:04.949	46.92000198364258	-62.540000915527344	0.0
2026-04-18 20:31:05.147	46.91600036621094	-62.540000915527344	0.0
2026-04-18 20:31:05.349	46.893001556396484	-62.5099983215332	0.0
2026-04-18 20:31:05.750	46.94900131225586	-62.58000183105469	0.0
2026-04-18 20:31:06.034	46.92400360107422	-62.54999923706055	0.0
2026-04-18 20:31:06.145	46.95000076293945	-62.58000183105469	0.0
2026-04-18 20:31:06.355	46.89500045776367	-62.52000045776367	0.0
2026-04-18 20:31:06.545	46.94900131225586	-62.59000015258789	0.0
2026-04-18 20:31:06.754	46.95100402832031	-62.58000183105469	0.0
2026-04-18 20:31:06.948	46.928001403808594	-62.54999923706055	0.0
2026-04-18 20:31:07.149	46.919002532958984	-62.54999923706055	0.0
2026-04-18 20:31:07.351	46.92500305175781	-62.54999923706055	0.0
2026-04-18 20:31:07.548	46.926002502441406	-62.560001373291016	0.0
2026-04-18 20:31:07.760	46.928001403808594	-62.54999923706055	0.0
2026-04-18 20:31:08.147	46.95600128173828	-62.59000015258789	0.0
2026-04-18 20:31:08.351	46.95000076293945	-62.58000183105469	0.0
2026-04-18 20:31:08.548	46.92000198364258	-62.54999923706055	0.0
2026-04-18 20:31:08.751	46.954002380371094	-62.59000015258789	0.0
2026-04-18 20:31:08.953	46.95100402832031	-62.59000015258789	0.0
2026-04-18 20:31:09.145	46.93000411987305	-62.560001373291016	0.0
2026-04-18 20:31:09.348	46.945003509521484	-62.59000015258789	0.0
2026-04-18 20:31:09.546	46.855003356933594	-62.459999084472656	0.0
2026-04-18 20:31:09.750	46.893001556396484	-62.5099983215332	0.0
2026-04-18 20:31:09.947	46.92100143432617	-62.540000915527344	0.0
2026-04-18 20:31:10.146	46.91200256347656	-62.540000915527344	0.0
2026-04-18 20:31:10.346	46.945003509521484	-62.58000183105469	0.0
2026-04-18 20:31:10.550	46.95500183105469	-62.59000015258789	0.0
2026-04-18 20:31:10.749	46.85200119018555	-62.459999084472656	0.0
2026-04-18 20:31:10.947	46.893001556396484	-62.5099983215332	0.0
2026-04-18 20:31:11.156	46.89900207519531	-62.52000045776367	0.0
2026-04-18 20:31:11.347	46.927001953125	-62.54999923706055	0.0
2026-04-18 20:31:11.751	46.92100143432617	-62.54999923706055	0.0
2026-04-18 20:31:11.949	46.902000427246094	-62.52000045776367	0.0
2026-04-18 20:31:12.145	46.88600158691406	-62.5	0.0
2026-04-18 20:31:12.346	46.875003814697266	-62.4900016784668	0.0
2026-04-18 20:31:12.551	46.87800216674805	-62.4900016784668	0.0
2026-04-18 20:31:12.746	46.919002532958984	-62.540000915527344	0.0
2026-04-18 20:31:12.958	46.954002380371094	-62.59000015258789	0.0
2026-04-18 20:31:13.146	46.92900085449219	-62.560001373291016	0.0
2026-04-18 20:31:13.347	46.92300033569336	-62.54999923706055	0.0
2026-04-18 20:31:13.548	46.927001953125	-62.54999923706055	0.0
2026-04-18 20:31:13.746	46.90400314331055	-62.529998779296875	0.0
2026-04-18 20:31:13.949	46.928001403808594	-62.54999923706055	0.0
2026-04-18 20:31:14.151	46.952003479003906	-62.59000015258789	0.0
2026-04-18 20:31:14.348	46.88200378417969	-62.5	0.0
2026-04-18 20:31:14.550	46.954002380371094	-62.59000015258789	0.0
2026-04-18 20:31:14.752	46.92100143432617	-62.540000915527344	0.0
2026-04-18 20:31:14.942	46.92400360107422	-62.54999923706055	0.0
2026-04-18 20:31:15.145	46.84300231933594	-62.439998626708984	0.0
2026-04-18 20:31:15.340	46.897003173828125	-62.52000045776367	0.0
2026-04-18 20:31:15.541	46.87600326538086	-62.47999954223633	0.0
2026-04-18 20:31:15.752	46.9010009765625	-62.52000045776367	0.0
2026-04-18 20:31:15.976	46.902000427246094	-62.5099983215332	0.0
2026-04-18 20:31:16.147	46.94900131225586	-62.59000015258789	0.0
2026-04-18 20:31:16.347	46.88500213623047	-62.5	0.0
2026-04-18 20:31:16.549	46.9530029296875	-62.59000015258789	0.0
2026-04-18 20:31:16.749	46.94900131225586	-62.58000183105469	0.0
2026-04-18 20:31:16.946	46.887001037597656	-62.5	0.0
2026-04-18 20:31:17.146	46.948001861572266	-62.59000015258789	0.0
2026-04-18 20:31:17.346	46.8650016784668	-62.470001220703125	0.0
2026-04-18 20:31:17.755	46.94300079345703	-62.56999969482422	0.0
2026-04-18 20:31:17.945	46.88100051879883	-62.4900016784668	0.0
2026-04-18 20:31:18.147	46.928001403808594	-62.560001373291016	0.0
2026-04-18 20:31:18.343	46.87600326538086	-62.4900016784668	0.0
2026-04-18 20:31:18.545	46.95100402832031	-62.58000183105469	0.0
2026-04-18 20:31:18.751	46.92100143432617	-62.540000915527344	0.0
2026-04-18 20:31:18.949	46.910003662109375	-62.529998779296875	0.0
2026-04-18 20:31:19.144	46.88900375366211	-62.5099983215332	0.0
2026-04-18 20:31:19.345	46.94700241088867	-62.58000183105469	0.0
2026-04-18 20:31:19.948	46.91600036621094	-62.540000915527344	0.0
2026-04-18 20:31:20.148	46.90700149536133	-62.529998779296875	0.0
2026-04-18 20:31:20.346	46.915000915527344	-62.540000915527344	0.0
2026-04-18 20:31:20.553	46.95600128173828	-62.59000015258789	0.0
2026-04-18 20:31:20.754	46.952003479003906	-62.59000015258789	0.0
2026-04-18 20:31:20.945	46.93000411987305	-62.54999923706055	0.0
2026-04-18 20:31:21.145	46.94900131225586	-62.58000183105469	0.0
2026-04-18 20:31:21.350	46.935001373291016	-62.56999969482422	0.0
2026-04-18 20:31:21.545	46.92900085449219	-62.560001373291016	0.0
2026-04-18 20:31:21.743	46.93100357055664	-62.560001373291016	0.0
2026-04-18 20:31:21.947	46.90700149536133	-62.529998779296875	0.0
2026-04-18 20:31:22.147	46.919002532958984	-62.540000915527344	0.0
2026-04-18 20:31:22.351	46.91100311279297	-62.540000915527344	0.0
2026-04-18 20:31:22.553	46.92500305175781	-62.54999923706055	0.0
2026-04-18 20:31:22.741	46.897003173828125	-62.5099983215332	0.0
2026-04-18 20:31:22.953	46.92500305175781	-62.54999923706055	0.0
2026-04-18 20:31:23.148	46.900001525878906	-62.52000045776367	0.0
2026-04-18 20:31:23.347	46.92000198364258	-62.54999923706055	0.0
2026-04-18 20:31:23.550	46.875003814697266	-62.4900016784668	0.0
2026-04-18 20:31:23.754	46.92000198364258	-62.54999923706055	0.0
2026-04-18 20:31:23.952	46.92000198364258	-62.540000915527344	0.0
2026-04-18 20:31:24.146	46.89400100708008	-62.5099983215332	0.0
2026-04-18 20:31:24.346	46.93400192260742	-62.56999969482422	0.0
2026-04-18 20:31:24.548	46.94900131225586	-62.58000183105469	0.0
2026-04-18 20:31:24.751	46.92400360107422	-62.54999923706055	0.0
2026-04-18 20:31:24.946	46.94700241088867	-62.58000183105469	0.0
2026-04-18 20:31:25.147	46.952003479003906	-62.59000015258789	0.0
2026-04-18 20:31:25.355	46.93600082397461	-62.56999969482422	0.0
2026-04-18 20:31:25.541	46.94300079345703	-62.56999969482422	0.0
2026-04-18 20:31:25.947	46.90800094604492	-62.529998779296875	0.0
2026-04-18 20:31:26.148	46.92100143432617	-62.54999923706055	0.0
2026-04-18 20:31:26.345	46.94200134277344	-62.58000183105469	0.0
2026-04-18 20:31:26.551	46.95100402832031	-62.59000015258789	0.0
2026-04-18 20:31:26.744	46.85000228881836	-62.459999084472656	0.0
2026-04-18 20:31:26.945	46.84600067138672	-62.45000076293945	0.0
2026-04-18 20:31:27.145	46.91200256347656	-62.540000915527344	0.0
2026-04-18 20:31:27.344	46.88500213623047	-62.5	0.0
2026-04-18 20:31:27.548	46.94200134277344	-62.58000183105469	0.0
2026-04-18 20:31:27.747	46.941001892089844	-62.56999969482422	0.0
2026-04-18 20:31:27.942	46.922000885009766	-62.54999923706055	0.0
2026-04-18 20:31:28.145	46.87800216674805	-62.4900016784668	0.0
2026-04-18 20:31:28.346	46.8900032043457	-62.5099983215332	0.0
2026-04-18 20:31:28.548	46.93000411987305	-62.560001373291016	0.0
2026-04-18 20:31:28.747	46.94900131225586	-62.58000183105469	0.0
2026-04-18 20:31:28.946	46.94900131225586	-62.59000015258789	0.0
2026-04-18 20:31:29.144	46.93800354003906	-62.58000183105469	0.0
2026-04-18 20:31:29.344	46.92900085449219	-62.560001373291016	0.0
2026-04-18 20:31:29.746	46.91400146484375	-62.529998779296875	0.0
2026-04-18 20:31:29.946	46.91800308227539	-62.540000915527344	0.0
2026-04-18 20:31:30.147	46.88900375366211	-62.5099983215332	0.0
2026-04-18 20:31:30.346	46.9170036315918	-62.540000915527344	0.0
2026-04-18 20:31:30.546	46.913002014160156	-62.540000915527344	0.0
2026-04-18 20:31:30.747	46.910003662109375	-62.529998779296875	0.0
2026-04-18 20:31:30.949	46.88600158691406	-62.5099983215332	0.0
2026-04-18 20:31:31.154	46.88100051879883	-62.5	0.0
2026-04-18 20:31:31.345	46.93700408935547	-62.56999969482422	0.0
2026-04-18 20:31:31.550	46.89900207519531	-62.52000045776367	0.0
2026-04-18 20:31:31.752	46.884002685546875	-62.4900016784668	0.0
2026-04-18 20:31:31.947	46.94300079345703	-62.58000183105469	0.0
2026-04-18 20:31:32.152	46.862003326416016	-62.470001220703125	0.0
2026-04-18 20:31:32.345	46.93100357055664	-62.54999923706055	0.0
2026-04-18 20:31:32.568	46.932003021240234	-62.560001373291016	0.0
2026-04-18 20:31:32.747	46.957000732421875	-62.59000015258789	0.0
2026-04-18 20:31:32.951	46.935001373291016	-62.56999969482422	0.0
2026-04-18 20:31:33.144	46.87900161743164	-62.4900016784668	0.0
2026-04-18 20:31:33.347	46.90400314331055	-62.529998779296875	0.0
2026-04-18 20:31:33.543	46.94600296020508	-62.58000183105469	0.0
2026-04-18 20:31:33.744	46.87000274658203	-62.47999954223633	0.0
2026-04-18 20:31:33.943	46.948001861572266	-62.58000183105469	0.0
2026-04-18 20:31:34.146	46.91600036621094	-62.54999923706055	0.0
2026-04-18 20:31:34.350	46.90400314331055	-62.52000045776367	0.0
2026-04-18 20:31:34.569	46.952003479003906	-62.59000015258789	0.0
2026-04-18 20:31:34.745	46.91200256347656	-62.529998779296875	0.0
2026-04-18 20:31:34.948	46.868003845214844	-62.470001220703125	0.0
2026-04-18 20:31:35.146	46.858001708984375	-62.470001220703125	0.0
2026-04-18 20:31:35.344	46.92100143432617	-62.540000915527344	0.0
2026-04-18 20:31:35.746	46.948001861572266	-62.58000183105469	0.0
2026-04-18 20:31:36.011	46.867000579833984	-62.470001220703125	0.0
2026-04-18 20:31:36.164	46.94400405883789	-62.58000183105469	0.0
2026-04-18 20:31:36.344	46.928001403808594	-62.54999923706055	0.0
2026-04-18 20:31:36.546	46.952003479003906	-62.59000015258789	0.0
2026-04-18 20:31:36.747	46.902000427246094	-62.52000045776367	0.0
2026-04-18 20:31:36.966	46.90500259399414	-62.529998779296875	0.0
2026-04-18 20:31:37.152	46.88500213623047	-62.5	0.0
2026-04-18 20:31:37.353	46.941001892089844	-62.56999969482422	0.0
2026-04-18 20:31:37.565	46.884002685546875	-62.5	0.0
2026-04-18 20:31:37.751	46.89800262451172	-62.5099983215332	0.0
2026-04-18 20:31:37.946	46.94400405883789	-62.58000183105469	0.0
2026-04-18 20:31:38.168	46.941001892089844	-62.58000183105469	0.0
2026-04-18 20:31:38.349	46.91100311279297	-62.529998779296875	0.0
2026-04-18 20:31:38.545	46.95600128173828	-62.59000015258789	0.0
2026-04-18 20:31:38.745	46.954002380371094	-62.59000015258789	0.0
2026-04-18 20:31:38.946	46.92500305175781	-62.560001373291016	0.0
2026-04-18 20:31:39.145	46.906002044677734	-62.52000045776367	0.0
2026-04-18 20:31:39.349	46.9170036315918	-62.540000915527344	0.0
2026-04-18 20:31:39.549	46.928001403808594	-62.560001373291016	0.0
2026-04-18 20:31:39.755	46.91400146484375	-62.540000915527344	0.0
2026-04-18 20:31:39.947	46.94400405883789	-62.58000183105469	0.0
2026-04-18 20:31:40.144	46.900001525878906	-62.52000045776367	0.0
2026-04-18 20:31:40.345	46.93400192260742	-62.560001373291016	0.0
2026-04-18 20:31:40.565	46.94900131225586	-62.58000183105469	0.0
2026-04-18 20:31:40.745	46.858001708984375	-62.459999084472656	0.0
2026-04-18 20:31:40.973	46.90500259399414	-62.52000045776367	0.0
2026-04-18 20:31:41.150	46.958003997802734	-62.59000015258789	0.0
2026-04-18 20:31:41.346	46.8910026550293	-62.5	0.0
2026-04-18 20:31:41.545	46.89500045776367	-62.5099983215332	0.0
2026-04-18 20:31:41.749	46.92300033569336	-62.54999923706055	0.0
2026-04-18 20:31:41.949	46.92300033569336	-62.54999923706055	0.0
2026-04-18 20:31:42.151	46.922000885009766	-62.560001373291016	0.0
2026-04-18 20:31:42.345	46.94400405883789	-62.56999969482422	0.0
2026-04-18 20:31:42.573	46.89500045776367	-62.5099983215332	0.0
2026-04-18 20:31:42.749	46.9010009765625	-62.52000045776367	0.0
2026-04-18 20:31:42.966	46.9010009765625	-62.52000045776367	0.0
2026-04-18 20:31:43.154	46.95100402832031	-62.59000015258789	0.0
2026-04-18 20:31:43.345	46.94900131225586	-62.58000183105469	0.0
2026-04-18 20:31:43.548	46.92900085449219	-62.560001373291016	0.0
2026-04-18 20:31:43.752	46.90300369262695	-62.529998779296875	0.0
2026-04-18 20:31:43.953	46.94700241088867	-62.58000183105469	0.0
2026-04-18 20:31:44.145	46.89200210571289	-62.5099983215332	0.0
2026-04-18 20:31:44.344	46.89400100708008	-62.5099983215332	0.0
2026-04-18 20:31:44.750	46.915000915527344	-62.529998779296875	0.0
2026-04-18 20:31:44.968	46.958003997802734	-62.599998474121094	0.0
2026-04-18 20:31:45.151	46.909000396728516	-62.529998779296875	0.0
2026-04-18 20:31:45.352	46.945003509521484	-62.56999969482422	0.0
2026-04-18 20:31:45.548	46.893001556396484	-62.5099983215332	0.0
2026-04-18 20:31:45.751	46.89500045776367	-62.52000045776367	0.0
2026-04-18 20:31:45.953	46.92300033569336	-62.54999923706055	0.0
2026-04-18 20:31:46.149	46.862003326416016	-62.470001220703125	0.0
2026-04-18 20:31:46.344	46.913002014160156	-62.529998779296875	0.0
2026-04-18 20:31:46.544	46.93400192260742	-62.560001373291016	0.0
2026-04-18 20:31:46.739	46.880001068115234	-62.4900016784668	0.0
