[System]
Platform=SEANO USV
Start_Time=2026-04-18 20:27:13
Timezone=WIB

[Sensor]
Name=GPS

[Columns]
Timestamp(WIB)	Latitude	Longitude	Altitude

[Data]
2026-04-18 20:27:15.387	-6.8757094	107.5558887	827.2554898401258
2026-04-18 20:27:15.545	-6.8757095	107.5558887	827.2454904377819
2026-04-18 20:27:15.749	-6.8757095	107.5558887	827.2254904377819
2026-04-18 20:27:15.948	-6.8757096	107.5558886	827.2254909449047
2026-04-18 20:27:16.145	-6.8757095	107.5558885	827.2054902567154
2026-04-18 20:27:16.346	-6.8757096	107.5558884	827.2354907638381
2026-04-18 20:27:16.750	-6.8757099	107.5558882	827.2354923757388
2026-04-18 20:27:16.946	-6.87571	107.5558881	827.275492882861
2026-04-18 20:27:17.146	-6.87571	107.5558881	827.265492882861
2026-04-18 20:27:17.346	-6.8757101	107.5558881	827.2754934805167
2026-04-18 20:27:17.547	-6.8757103	107.5558882	827.2854947663614
2026-04-18 20:27:17.744	-6.8757104	107.5558882	827.2854953640169
2026-04-18 20:27:17.951	-6.8757104	107.5558882	827.2954953640169
2026-04-18 20:27:18.144	-6.8757104	107.5558881	827.2954952734834
2026-04-18 20:27:18.348	-6.8757105	107.5558882	827.3154959616724
2026-04-18 20:27:18.747	-6.8757102	107.5558883	827.2354942592393
2026-04-18 20:27:18.945	-6.8757102	107.5558883	827.2154942592393
2026-04-18 20:27:19.145	-6.8757102	107.5558883	827.2054942592392
2026-04-18 20:27:20.229	-6.8757099	107.555888	827.1654921946717
2026-04-18 20:27:21.869	-6.8757093	107.5558881	827.1354886992698
2026-04-18 20:27:22.131	-6.875709	107.5558882	827.1954869968347
2026-04-18 20:27:22.509	-6.875709	107.5558883	827.3354870873682
2026-04-18 20:27:23.148	-6.8757092	107.5558886	827.4354885542805
2026-04-18 20:27:23.589	-6.8757093	107.5558887	827.4854892424698
2026-04-18 20:27:23.591	-6.8757094	107.5558886	827.5054897495927
2026-04-18 20:27:23.745	-6.8757094	107.5558886	827.5254897495927
2026-04-18 20:27:23.948	-6.8757094	107.5558887	827.5554898401258
2026-04-18 20:27:24.143	-6.8757095	107.5558889	827.6054906188482
2026-04-18 20:27:24.349	-6.8757095	107.5558891	827.6654907999141
2026-04-18 20:27:24.563	-6.8757097	107.5558892	827.7354920857589
2026-04-18 20:27:24.753	-6.8757096	107.5558893	827.7254915786359
2026-04-18 20:27:25.160	-6.8757097	107.5558895	827.7954923573573
2026-04-18 20:27:25.349	-6.8757097	107.5558895	827.8054923573573
2026-04-18 20:27:25.543	-6.8757096	107.5558895	827.7854917597014
2026-04-18 20:27:25.760	-6.8757095	107.5558897	827.8254913431108
2026-04-18 20:27:26.161	-6.8757094	107.55589	827.8654910170525
2026-04-18 20:27:26.354	-6.8757093	107.5558901	827.8954905099288
2026-04-18 20:27:26.544	-6.8757093	107.5558901	827.8954905099288
2026-04-18 20:27:26.755	-6.8757094	107.5558902	827.9154911981173
2026-04-18 20:27:27.148	-6.8757094	107.5558901	827.9454911075848
2026-04-18 20:27:27.345	-6.8757094	107.5558903	827.9554912886495
2026-04-18 20:27:27.553	-6.8757092	107.5558904	827.9454901838697
2026-04-18 20:27:27.745	-6.8757092	107.5558905	827.9754902744019
2026-04-18 20:27:27.946	-6.8757092	107.5558905	827.9554902744018
2026-04-18 20:27:28.148	-6.8757093	107.5558906	827.9954909625901
2026-04-18 20:27:28.348	-6.8757092	107.5558908	827.9754905459981
2026-04-18 20:27:28.554	-6.8757094	107.555891	828.0454919223741
2026-04-18 20:27:28.743	-6.8757094	107.5558911	828.0454920129059
2026-04-18 20:27:28.945	-6.8757094	107.555891	828.0554919223741
2026-04-18 20:27:29.150	-6.8757091	107.5558909	827.985490038874
2026-04-18 20:27:29.346	-6.8757091	107.555891	828.0254901294059
2026-04-18 20:27:29.550	-6.8757089	107.5558911	827.9954890246253
2026-04-18 20:27:29.743	-6.8757089	107.5558912	827.9954891151572
2026-04-18 20:27:29.942	-6.875709	107.5558913	828.0154898033451
2026-04-18 20:27:30.147	-6.8757088	107.5558914	827.9754886985643
2026-04-18 20:27:30.344	-6.8757086	107.5558914	827.9454875032515
2026-04-18 20:27:30.567	-6.8757086	107.5558914	827.9654875032516
2026-04-18 20:27:30.744	-6.8757085	107.5558913	827.9454868150633
2026-04-18 20:27:30.964	-6.8757084	107.5558913	827.9354862174067
2026-04-18 20:27:31.143	-6.8757084	107.5558914	827.8954863079385
2026-04-18 20:27:31.348	-6.8757085	107.5558916	827.9154870866582
2026-04-18 20:27:31.575	-6.8757085	107.5558916	827.9054870866582
2026-04-18 20:27:31.743	-6.8757084	107.5558917	827.8854865795333
2026-04-18 20:27:31.946	-6.8757084	107.5558919	827.8954867605962
2026-04-18 20:27:32.142	-6.8757085	107.555892	827.8854874487841
2026-04-18 20:27:32.349	-6.8757085	107.555892	827.8954874487841
2026-04-18 20:27:32.745	-6.8757083	107.555892	827.8454862534711
2026-04-18 20:27:32.950	-6.8757082	107.555892	827.8254856558143
2026-04-18 20:27:33.142	-6.8757081	107.5558921	827.805485148689
2026-04-18 20:27:33.346	-6.875708	107.5558922	827.7754846415636
2026-04-18 20:27:33.544	-6.875708	107.5558923	827.7854847320948
2026-04-18 20:27:33.946	-6.875708	107.5558926	827.7754850036881
2026-04-18 20:27:34.142	-6.875708	107.5558926	827.7454850036881
2026-04-18 20:27:34.350	-6.875708	107.5558927	827.6954850942191
2026-04-18 20:27:34.545	-6.8757078	107.5558929	827.6754840799672
2026-04-18 20:27:34.744	-6.8757075	107.5558931	827.685482468058
2026-04-18 20:27:34.947	-6.8757071	107.5558932	827.6554801679601
2026-04-18 20:27:35.151	-6.8757068	107.5558933	827.6954784655188
2026-04-18 20:27:35.349	-6.8757064	107.5558934	827.6554761654195
2026-04-18 20:27:35.558	-6.8757059	107.5558936	827.6054733581917
2026-04-18 20:27:35.748	-6.8757055	107.5558938	827.6154711486206
2026-04-18 20:27:35.952	-6.875705	107.5558941	827.5954684319203
2026-04-18 20:27:36.151	-6.8757045	107.5558943	827.5754656246879
2026-04-18 20:27:36.355	-6.875704	107.5558944	827.575462726924
2026-04-18 20:27:36.544	-6.8757036	107.5558945	827.5954604268179
2026-04-18 20:27:36.748	-6.8757031	107.5558948	827.5954577101113
2026-04-18 20:27:36.962	-6.8757027	107.5558951	827.6354555910624
2026-04-18 20:27:37.143	-6.8757023	107.5558954	827.6454534720123
2026-04-18 20:27:37.343	-6.875702	107.5558957	827.6754519506208
2026-04-18 20:27:37.552	-6.8757018	107.5558958	827.6854508458299
2026-04-18 20:27:37.762	-6.8757015	107.555896	827.6954492339078
2026-04-18 20:27:37.949	-6.8757011	107.5558961	827.6854469337953
2026-04-18 20:27:38.164	-6.875701	107.5558963	827.705446517193
2026-04-18 20:27:38.664	-6.8757003	107.5558973	827.9154432388553
2026-04-18 20:27:39.161	-6.8756999	107.5558977	827.9654412103247
2026-04-18 20:27:39.668	-6.8756992	107.5558979	828.0154372077518
2026-04-18 20:27:40.660	-6.8756984	107.5558979	828.1654324264579
2026-04-18 20:27:41.162	-6.8756978	107.5558977	828.2154286594287
2026-04-18 20:27:41.663	-6.8756971	107.5558977	828.2954244757913
2026-04-18 20:27:42.163	-6.8756971	107.5558978	828.4154245663195
2026-04-18 20:27:42.664	-6.8756963	107.5558982	828.4154201471289
2026-04-18 20:27:43.164	-6.8756958	107.5558986	828.4754175209243
2026-04-18 20:27:43.664	-6.8756952	107.5558992	828.5454144781089
2026-04-18 20:27:44.165	-6.8756952	107.5558996	828.6054148402184
2026-04-18 20:27:44.664	-6.8756945	107.5559007	828.5754116523675
2026-04-18 20:27:45.665	-6.8756946	107.5559029	828.5954142416042
2026-04-18 20:27:46.166	-6.8756946	107.5559041	828.6354153279051
2026-04-18 20:27:46.667	-6.8756933	107.5559056	828.5854089161338
2026-04-18 20:27:47.162	-6.8756925	107.5559067	828.5754051305746
2026-04-18 20:27:47.661	-6.8756909	107.5559081	828.5453968352472
2026-04-18 20:27:48.159	-6.87569	107.5559089	828.54539218043
2026-04-18 20:27:48.549	-6.875689	107.5559098	828.5153870184597
2026-04-18 20:27:48.943	-6.8756878	107.5559109	828.5353808421866
2026-04-18 20:27:49.142	-6.8756872	107.5559114	828.5553777087842
2026-04-18 20:27:49.344	-6.8756866	107.5559119	828.6153745753787
2026-04-18 20:27:49.547	-6.875686	107.5559125	828.6153715324899
2026-04-18 20:27:49.744	-6.8756853	107.5559129	828.6353677108885
2026-04-18 20:27:49.941	-6.8756847	107.5559133	828.635364486953
2026-04-18 20:27:50.143	-6.8756841	107.5559137	828.6553612630146
2026-04-18 20:27:50.347	-6.8756836	107.5559143	828.6953588177819
2026-04-18 20:27:50.548	-6.875683	107.5559147	828.6853555938377
2026-04-18 20:27:50.752	-6.8756823	107.5559152	828.705351862739
2026-04-18 20:27:50.952	-6.8756815	107.5559155	828.6653473529283
2026-04-18 20:27:51.144	-6.8756809	107.5559158	828.6753440384564
2026-04-18 20:27:51.345	-6.8756802	107.5559162	828.6753402168285
2026-04-18 20:27:51.548	-6.8756796	107.5559167	828.7053370833872
2026-04-18 20:27:51.745	-6.8756788	107.555917	828.6453325735624
2026-04-18 20:27:51.942	-6.8756784	107.5559175	828.6853306354599
2026-04-18 20:27:52.145	-6.8756777	107.555918	828.7053269043361
2026-04-18 20:27:52.342	-6.8756772	107.5559184	828.7953242780383
2026-04-18 20:27:52.541	-6.8756765	107.5559186	828.8053202753572
2026-04-18 20:27:52.744	-6.8756756	107.555919	828.7753152583583
2026-04-18 20:27:52.947	-6.8756749	107.5559195	828.7853115272198
2026-04-18 20:27:53.153	-6.8756743	107.5559198	828.8353082127201
2026-04-18 20:27:53.542	-6.8756731	107.5559204	828.8753015837133
2026-04-18 20:27:53.744	-6.8756721	107.5559208	828.8352959690178
2026-04-18 20:27:53.942	-6.8756713	107.5559212	828.8152915496693
2026-04-18 20:27:54.148	-6.8756704	107.5559215	828.7952864421242
2026-04-18 20:27:54.351	-6.8756696	107.5559217	828.7552818417365
2026-04-18 20:27:54.542	-6.8756687	107.555922	828.7452767341823
2026-04-18 20:27:54.745	-6.8756679	107.5559223	828.7352722243016
2026-04-18 20:27:54.945	-6.8756671	107.5559224	828.7252675333874
2026-04-18 20:27:55.147	-6.8756664	107.5559227	828.7452636211784
2026-04-18 20:27:55.357	-6.8756655	107.555923	828.7752585136069
2026-04-18 20:27:55.544	-6.8756648	107.5559232	828.8052545108764
2026-04-18 20:27:55.747	-6.8756643	107.5559234	828.865251703504
2026-04-18 20:27:55.943	-6.8756637	107.5559236	828.8952482984492
2026-04-18 20:27:56.149	-6.875663	107.5559239	828.9252443862254
2026-04-18 20:27:56.348	-6.8756622	107.5559241	828.935239785803
2026-04-18 20:27:56.544	-6.8756616	107.5559245	828.9552365617682
2026-04-18 20:27:56.745	-6.875661	107.5559247	828.9552331567035
2026-04-18 20:27:56.944	-6.8756605	107.555925	828.9652304398327
2026-04-18 20:27:57.144	-6.8756601	107.5559253	828.9952283206426
2026-04-18 20:27:57.343	-6.8756596	107.5559257	829.0052256942814
2026-04-18 20:27:57.543	-6.875659	107.5559261	829.0452224702348
2026-04-18 20:27:57.754	-6.8756583	107.5559264	829.085218557989
2026-04-18 20:27:57.949	-6.8756577	107.5559266	829.1252151529117
2026-04-18 20:27:58.149	-6.8756571	107.5559269	829.1252118383444
2026-04-18 20:27:58.354	-6.8756565	107.5559273	829.1452086142871
2026-04-18 20:27:58.561	-6.8756559	107.5559275	829.1852052092028
2026-04-18 20:27:58.948	-6.8756548	107.5559283	829.3051993587604
2026-04-18 20:27:59.147	-6.8756543	107.5559287	829.3651967323785
2026-04-18 20:27:59.347	-6.8756537	107.555929	829.3951934177969
2026-04-18 20:27:59.554	-6.8756532	107.5559294	829.4251907914104
2026-04-18 20:27:59.748	-6.8756526	107.5559297	829.455187476824
2026-04-18 20:28:00.148	-6.8756515	107.5559302	829.5251813548209
2026-04-18 20:28:00.550	-6.8756503	107.5559309	829.6251748161426
2026-04-18 20:28:00.754	-6.8756498	107.5559313	829.6551721897428
2026-04-18 20:28:00.953	-6.8756493	107.5559316	829.6851694728308
2026-04-18 20:28:01.155	-6.8756486	107.555932	829.6851656510491
2026-04-18 20:28:01.353	-6.8756479	107.5559324	829.705161829264
2026-04-18 20:28:01.950	-6.8756464	107.5559333	829.8551536785021
2026-04-18 20:28:02.150	-6.875646	107.5559335	829.9251514687592
2026-04-18 20:28:02.544	-6.8756449	107.555934	829.9651453467065
2026-04-18 20:28:02.954	-6.8756435	107.5559346	829.9851375220795
2026-04-18 20:28:03.153	-6.8756427	107.555935	830.0151331025774
2026-04-18 20:28:03.749	-6.8756406	107.5559359	830.1051213656024
2026-04-18 20:28:04.148	-6.8756391	107.5559365	830.1151129432426
2026-04-18 20:28:04.347	-6.8756381	107.5559367	830.0651071473139
2026-04-18 20:28:04.549	-6.8756372	107.5559371	830.0651021300889
2026-04-18 20:28:04.956	-6.8756358	107.5559375	830.0950941243801
2026-04-18 20:28:05.148	-6.8756351	107.5559377	830.1350901215214
2026-04-18 20:28:05.358	-6.8756342	107.5559379	830.1450849232666
2026-04-18 20:28:05.553	-6.8756334	107.5559382	830.1850804132107
2026-04-18 20:28:05.748	-6.8756326	107.5559384	830.2150758126447
2026-04-18 20:28:05.956	-6.8756318	107.5559386	830.2550712120749
2026-04-18 20:28:06.148	-6.875631	107.5559388	830.2350666115015
2026-04-18 20:28:06.347	-6.8756304	107.5559389	830.2650631158158
2026-04-18 20:28:06.544	-6.8756295	107.555939	830.2650578270308
2026-04-18 20:28:06.749	-6.8756287	107.5559392	830.2850532264468
2026-04-18 20:28:06.953	-6.8756281	107.5559393	830.3150497307536
2026-04-18 20:28:07.348	-6.8756269	107.5559396	830.3650428298669
2026-04-18 20:28:07.547	-6.8756263	107.5559398	830.385039424673
2026-04-18 20:28:07.750	-6.8756257	107.55594	830.3850360194771
2026-04-18 20:28:07.952	-6.8756251	107.5559402	830.355032614279
2026-04-18 20:28:08.152	-6.8756247	107.5559404	830.3650304044826
2026-04-18 20:28:08.349	-6.8756242	107.5559406	830.365027596983
2026-04-18 20:28:08.547	-6.8756237	107.555941	830.4050249704918
2026-04-18 20:28:08.748	-6.8756232	107.5559413	830.4250222534936
2026-04-18 20:28:08.947	-6.8756226	107.5559417	830.4250190292952
2026-04-18 20:28:09.152	-6.8756219	107.5559421	830.4350152073906
2026-04-18 20:28:09.348	-6.8756212	107.5559424	830.4150112949784
2026-04-18 20:28:09.547	-6.8756206	107.5559427	830.3950079802671
2026-04-18 20:28:09.748	-6.8756198	107.5559431	830.4250035606484
2026-04-18 20:28:09.946	-6.875619	107.5559434	830.3749990505216
2026-04-18 20:28:10.147	-6.8756185	107.5559438	830.3849964240103
2026-04-18 20:28:10.348	-6.8756178	107.5559442	830.3749926020857
2026-04-18 20:28:10.546	-6.875617	107.5559444	830.3149880014455
2026-04-18 20:28:10.746	-6.8756165	107.5559446	830.3049851939207
2026-04-18 20:28:10.948	-6.8756159	107.555945	830.3149819696935
2026-04-18 20:28:11.150	-6.8756153	107.5559454	830.3149787454633
2026-04-18 20:28:11.367	-6.8756149	107.5559457	830.3049766261425
2026-04-18 20:28:11.542	-6.8756143	107.555946	830.2749733114056
2026-04-18 20:28:11.747	-6.8756135	107.5559464	830.2449688917525
2026-04-18 20:28:11.946	-6.8756127	107.5559468	830.2249644720949
2026-04-18 20:28:12.157	-6.875612	107.5559471	830.2149605596403
2026-04-18 20:28:12.343	-6.8756113	107.5559475	830.1749567376839
2026-04-18 20:28:13.146	-6.8756078	107.5559492	829.9349373563483
2026-04-18 20:28:13.746	-6.8756049	107.5559503	829.7649210182087
2026-04-18 20:28:14.355	-6.8756038	107.5559513	829.8549153483636
2026-04-18 20:28:14.553	-6.8756034	107.5559518	829.8949134100068
2026-04-18 20:28:14.748	-6.8756028	107.5559522	829.9049101857214
2026-04-18 20:28:14.951	-6.8756023	107.5559526	829.8749075591473
2026-04-18 20:28:15.149	-6.8756018	107.5559531	829.9049050230695
2026-04-18 20:28:15.347	-6.8756014	107.5559537	829.9549031752015
2026-04-18 20:28:15.548	-6.8756009	107.5559543	829.994900729616
2026-04-18 20:28:15.747	-6.8756003	107.5559548	829.9948975958148
2026-04-18 20:28:16.164	-6.8755995	107.5559557	830.1248936285677
2026-04-18 20:28:16.663	-6.8755978	107.5559571	830.2048847343492
2026-04-18 20:28:17.160	-6.8755969	107.5559579	830.3048800788674
2026-04-18 20:28:17.663	-6.875595	107.5559593	830.3248699891727
2026-04-18 20:28:18.162	-6.8755935	107.5559598	830.1848614758726
2026-04-18 20:28:18.751	-6.8755911	107.5559611	830.1048483070352
2026-04-18 20:28:18.969	-6.8755906	107.5559614	830.1348455899164
2026-04-18 20:28:19.146	-6.8755903	107.5559617	830.1948440682368
2026-04-18 20:28:19.347	-6.8755899	107.5559621	830.2848420393291
2026-04-18 20:28:19.747	-6.8755892	107.5559629	830.3948385792296
2026-04-18 20:28:19.951	-6.8755888	107.5559634	830.4248366408096
2026-04-18 20:28:20.146	-6.8755882	107.5559637	830.3948333259594
2026-04-18 20:28:20.351	-6.8755876	107.5559642	830.3948301920916
2026-04-18 20:28:20.552	-6.875587	107.5559647	830.3848270582205
2026-04-18 20:28:20.746	-6.8755866	107.555965	830.4248249388072
2026-04-18 20:28:20.945	-6.8755861	107.5559655	830.3948224026534
2026-04-18 20:28:21.157	-6.8755854	107.555966	830.3748186710509
2026-04-18 20:28:21.346	-6.875585	107.5559663	830.4048165516319
2026-04-18 20:28:21.553	-6.8755847	107.5559668	830.4648152109174
2026-04-18 20:28:21.746	-6.8755843	107.5559672	830.4648131819866
2026-04-18 20:28:21.950	-6.875584	107.5559676	830.4848117507779
2026-04-18 20:28:22.146	-6.8755839	107.555968	830.5148115150156
2026-04-18 20:28:22.346	-6.8755839	107.5559684	830.5548118769763
2026-04-18 20:28:22.547	-6.8755837	107.5559689	830.6048111339783
2026-04-18 20:28:22.749	-6.8755836	107.5559694	830.6948109887024
2026-04-18 20:28:23.144	-6.8755831	107.5559704	830.7448089049742
2026-04-18 20:28:23.350	-6.8755828	107.5559708	830.7748074737565
2026-04-18 20:28:23.553	-6.8755825	107.5559712	830.8248060425375
2026-04-18 20:28:23.752	-6.8755822	107.5559716	830.8748046113171
2026-04-18 20:28:23.950	-6.8755819	107.5559721	830.8948032705835
2026-04-18 20:28:24.146	-6.8755814	107.5559725	830.8648006439099
2026-04-18 20:28:24.351	-6.8755808	107.5559731	830.8447976004837
2026-04-18 20:28:24.566	-6.8755804	107.5559737	830.8847957525052
2026-04-18 20:28:24.753	-6.8755799	107.5559743	830.9047933067978
2026-04-18 20:28:24.969	-6.8755795	107.5559749	830.8947914588134
2026-04-18 20:28:25.149	-6.8755793	107.5559753	830.9047906253064
2026-04-18 20:28:25.347	-6.8755788	107.5559757	830.8747879986189
2026-04-18 20:28:25.547	-6.8755783	107.5559762	830.8247854624149
2026-04-18 20:28:25.747	-6.8755778	107.5559768	830.7947830166938
2026-04-18 20:28:25.948	-6.8755771	107.5559773	830.6647792850293
2026-04-18 20:28:26.152	-6.8755768	107.5559778	830.6247779442718
2026-04-18 20:28:26.346	-6.8755764	107.5559783	830.6147760057847
2026-04-18 20:28:26.568	-6.8755758	107.5559789	830.5547729623235
2026-04-18 20:28:26.752	-6.8755754	107.5559794	830.5147710238311
2026-04-18 20:28:26.947	-6.8755752	107.5559798	830.50477019031
2026-04-18 20:28:27.148	-6.8755749	107.5559803	830.4647688495427
2026-04-18 20:28:27.352	-6.8755746	107.5559805	830.3647672373233
2026-04-18 20:28:27.549	-6.8755744	107.5559809	830.344766403799
2026-04-18 20:28:27.745	-6.8755742	107.5559813	830.3147655702734
2026-04-18 20:28:27.949	-6.8755741	107.5559818	830.2747654249587
2026-04-18 20:28:28.152	-6.875574	107.5559822	830.26476518916
2026-04-18 20:28:28.348	-6.875574	107.5559826	830.2547655510896
2026-04-18 20:28:28.546	-6.8755738	107.5559831	830.264764808042
2026-04-18 20:28:28.747	-6.8755739	107.5559836	830.2847658581804
2026-04-18 20:28:28.952	-6.8755743	107.5559841	830.4347687015046
2026-04-18 20:28:29.141	-6.8755743	107.5559845	830.46476906343
2026-04-18 20:28:29.341	-6.8755743	107.555985	830.4647695158354
2026-04-18 20:28:29.547	-6.8755744	107.5559856	830.5347706564489
2026-04-18 20:28:29.769	-6.8755744	107.5559861	830.5747711088512
2026-04-18 20:28:30.143	-6.8755744	107.5559874	830.6347722850909
2026-04-18 20:28:30.347	-6.8755747	107.555988	830.7347746211539
2026-04-18 20:28:30.547	-6.8755747	107.5559885	830.7347750735495
2026-04-18 20:28:30.748	-6.8755746	107.555989	830.7447749282151
2026-04-18 20:28:30.946	-6.8755745	107.5559893	830.7247746019221
2026-04-18 20:28:31.147	-6.8755745	107.5559898	830.7847750543142
2026-04-18 20:28:31.348	-6.8755747	107.5559902	830.8547766116843
2026-04-18 20:28:31.747	-6.8755749	107.5559908	830.9447783500087
2026-04-18 20:28:31.945	-6.8755749	107.5559911	830.9747786214417
2026-04-18 20:28:32.147	-6.875575	107.5559914	830.9947794906026
2026-04-18 20:28:32.346	-6.8755748	107.5559915	830.9447783856227
2026-04-18 20:28:32.967	-6.8755746	107.5559916	830.8647772806428
2026-04-18 20:28:33.147	-6.8755746	107.5559916	830.8147772806427
2026-04-18 20:28:33.351	-6.8755745	107.5559915	830.7347765924368
2026-04-18 20:28:33.747	-6.8755744	107.5559911	830.6447756327982
2026-04-18 20:28:33.946	-6.8755743	107.555991	830.6247749445918
2026-04-18 20:28:34.346	-6.8755744	107.555991	830.5447755423206
2026-04-18 20:28:34.553	-6.8755743	107.5559908	830.4847747636364
2026-04-18 20:28:34.748	-6.8755741	107.5559907	830.4247734777008
2026-04-18 20:28:34.952	-6.875574	107.5559906	830.3747727894939
2026-04-18 20:28:35.353	-6.8755737	107.5559903	830.2247707248728
2026-04-18 20:28:35.550	-6.8755736	107.5559903	830.1747701271435
2026-04-18 20:28:35.747	-6.8755736	107.5559902	830.1447700366655
2026-04-18 20:28:35.951	-6.8755737	107.5559901	830.1147705439167
2026-04-18 20:28:36.151	-6.8755738	107.55599	830.0947710511678
2026-04-18 20:28:36.345	-6.875574	107.55599	830.094772246626
2026-04-18 20:28:36.546	-6.8755742	107.55599	830.0847734420839
2026-04-18 20:28:36.746	-6.8755743	107.55599	830.0947740398129
2026-04-18 20:28:36.968	-6.8755745	107.5559898	830.1147750543142
2026-04-18 20:28:37.146	-6.8755747	107.5559896	830.104776068815
2026-04-18 20:28:37.346	-6.8755749	107.5559894	830.1147770833154
2026-04-18 20:28:37.546	-6.8755753	107.5559891	830.1447792027935
2026-04-18 20:28:37.750	-6.8755756	107.5559889	830.184780815021
2026-04-18 20:28:37.946	-6.8755758	107.5559888	830.1947819199985
2026-04-18 20:28:38.165	-6.875576	107.5559887	830.1947830249757
2026-04-18 20:28:38.345	-6.8755761	107.5559885	830.1547834417458
2026-04-18 20:28:38.568	-6.8755762	107.5559884	830.1447839489947
2026-04-18 20:28:38.751	-6.8755761	107.5559883	830.0947832607878
2026-04-18 20:28:38.944	-6.8755759	107.5559882	830.0247819748527
2026-04-18 20:28:39.149	-6.8755761	107.555988	830.0647829893502
2026-04-18 20:28:39.346	-6.8755764	107.5559877	830.0847845110958
2026-04-18 20:28:39.550	-6.8755766	107.5559874	830.1147854351128
2026-04-18 20:28:39.743	-6.8755768	107.555987	830.1547862686492
2026-04-18 20:28:39.949	-6.8755768	107.5559868	830.1347860876895
2026-04-18 20:28:40.186	-6.8755768	107.5559867	830.0947859972096
2026-04-18 20:28:40.347	-6.8755767	107.5559865	830.0547852185218
2026-04-18 20:28:40.572	-6.8755768	107.5559864	830.0347857257693
2026-04-18 20:28:40.747	-6.8755768	107.5559862	830.004785544809
2026-04-18 20:28:40.970	-6.875577	107.5559859	830.004786468823
2026-04-18 20:28:41.151	-6.875577	107.5559857	829.9847862878621
2026-04-18 20:28:41.347	-6.875577	107.5559855	829.9347861069009
2026-04-18 20:28:41.554	-6.8755771	107.5559853	829.914786523667
2026-04-18 20:28:41.750	-6.8755773	107.5559851	829.9347875381601
2026-04-18 20:28:41.954	-6.8755775	107.555985	829.9647886431338
2026-04-18 20:28:42.552	-6.8755778	107.5559848	829.9747902553532
2026-04-18 20:28:42.746	-6.8755778	107.5559848	829.9047902553532
2026-04-18 20:28:43.147	-6.8755783	107.5559846	829.9847930630256
2026-04-18 20:28:43.341	-6.8755787	107.5559843	830.0347951824887
2026-04-18 20:28:43.548	-6.8755789	107.5559842	830.0647962874602
2026-04-18 20:28:43.946	-6.8755796	107.5559839	830.2048002000997
2026-04-18 20:28:44.147	-6.87558	107.5559838	830.2948025005221
2026-04-18 20:28:44.347	-6.8755803	107.5559836	830.3648041127362
2026-04-18 20:28:44.567	-6.8755807	107.5559834	830.4848063226751
2026-04-18 20:28:44.948	-6.8755813	107.5559831	830.5348096375814
2026-04-18 20:28:45.152	-6.8755816	107.5559828	830.5848111593106
2026-04-18 20:28:45.554	-6.8755819	107.5559824	830.5548125905565
2026-04-18 20:28:45.746	-6.875582	107.5559823	830.5748130977988
2026-04-18 20:28:45.946	-6.8755823	107.5559822	830.6348148004906
2026-04-18 20:28:46.145	-6.8755825	107.5559819	830.6348157244922
2026-04-18 20:28:46.344	-6.8755827	107.5559818	830.6548168294586
2026-04-18 20:28:46.567	-6.875583	107.5559817	830.7148185321489
2026-04-18 20:28:46.748	-6.8755833	107.5559815	830.7948201443558
2026-04-18 20:28:47.147	-6.8755839	107.5559811	831.0048233687676
2026-04-18 20:28:47.345	-6.8755841	107.555981	831.064824473732
2026-04-18 20:28:47.551	-6.8755846	107.5559808	831.2048272813831
2026-04-18 20:28:47.942	-6.8755853	107.5559805	831.3248311939956
2026-04-18 20:28:48.168	-6.8755856	107.5559804	831.404832896681
2026-04-18 20:28:48.347	-6.8755858	107.5559802	831.4148339111597
2026-04-18 20:28:48.569	-6.8755862	107.55598	831.4648361210831
2026-04-18 20:28:48.748	-6.8755866	107.5559799	831.554838421489
2026-04-18 20:28:48.975	-6.875587	107.5559798	831.6048407218941
2026-04-18 20:28:49.148	-6.8755875	107.5559796	831.6948435295361
2026-04-18 20:28:49.350	-6.8755879	107.5559795	831.7248458299391
2026-04-18 20:28:49.549	-6.8755882	107.5559793	831.7648474421358
2026-04-18 20:28:49.749	-6.8755885	107.5559791	831.8448490543317
2026-04-18 20:28:49.946	-6.8755887	107.555979	831.86485015929
2026-04-18 20:28:50.166	-6.875589	107.5559789	831.9448518619689
2026-04-18 20:28:50.346	-6.8755893	107.5559792	832.054853926584
2026-04-18 20:28:50.576	-6.8755895	107.5559794	832.0648553029934
2026-04-18 20:28:50.754	-6.8755899	107.5559792	832.1348575129078
2026-04-18 20:28:50.967	-6.8755903	107.5559789	832.204859632337
2026-04-18 20:28:51.146	-6.8755906	107.5559787	832.2748612445292
2026-04-18 20:28:51.345	-6.8755909	107.5559785	832.3348628567206
2026-04-18 20:28:51.546	-6.8755913	107.5559784	832.4148651571156
2026-04-18 20:28:51.747	-6.8755916	107.5559783	832.4848668597901
2026-04-18 20:28:51.948	-6.875592	107.5559782	832.5648691601833
2026-04-18 20:28:52.153	-6.8755922	107.555978	832.5948701746529
2026-04-18 20:28:52.353	-6.8755926	107.5559778	832.6948723845599
2026-04-18 20:28:52.554	-6.8755929	107.5559777	832.744874087232
2026-04-18 20:28:52.740	-6.8755931	107.5559775	832.7848751016999
2026-04-18 20:28:52.944	-6.8755935	107.5559773	832.8648773116046
2026-04-18 20:28:53.146	-6.8755936	107.5559772	832.884877818838
2026-04-18 20:28:53.341	-6.8755938	107.5559771	832.9248789237897
2026-04-18 20:28:53.546	-6.875594	107.5559769	832.944879938256
2026-04-18 20:28:53.741	-6.8755941	107.5559768	832.9448804454889
2026-04-18 20:28:53.941	-6.8755944	107.5559767	832.9848821481581
2026-04-18 20:28:54.148	-6.8755945	107.5559766	832.9848826553907
2026-04-18 20:28:54.667	-6.8755948	107.5559762	832.9448840866023
2026-04-18 20:28:55.161	-6.8755949	107.5559761	832.8748845938346
2026-04-18 20:28:55.661	-6.8755952	107.555976	832.814886296502
2026-04-18 20:28:56.161	-6.8755954	107.5559759	832.8348874014513
2026-04-18 20:28:56.663	-6.8755956	107.5559756	832.8948883254286
2026-04-18 20:28:57.164	-6.8755957	107.5559756	832.824888923146
2026-04-18 20:28:57.664	-6.875596	107.5559756	832.8648907162979
2026-04-18 20:28:58.163	-6.875596	107.5559755	832.8048906258118
2026-04-18 20:28:58.663	-6.8755962	107.5559752	832.7648915497879
2026-04-18 20:28:59.663	-6.8755971	107.5559748	832.9248965672944
2026-04-18 20:29:00.163	-6.8755974	107.5559747	833.0048982699575
2026-04-18 20:29:00.662	-6.8755979	107.5559742	833.0349008061062
2026-04-18 20:29:01.161	-6.8755984	107.5559741	833.0649037041995
2026-04-18 20:29:01.663	-6.8755985	107.5559739	832.9749041209419
2026-04-18 20:29:02.163	-6.8755985	107.5559738	832.9249040304549
2026-04-18 20:29:02.662	-6.875599	107.5559737	832.9449069285465
2026-04-18 20:29:03.162	-6.8755987	107.5559735	832.7749049544254
2026-04-18 20:29:03.549	-6.8755986	107.5559737	832.5649045376838
2026-04-18 20:29:03.950	-6.8755987	107.5559736	832.5249050449125
2026-04-18 20:29:04.144	-6.8755987	107.5559735	832.5149049544254
2026-04-18 20:29:04.953	-6.8755991	107.5559731	832.5149069833392
2026-04-18 20:29:05.150	-6.8755992	107.555973	832.5049074905673
2026-04-18 20:29:05.346	-6.8755994	107.5559729	832.5549085955107
2026-04-18 20:29:05.547	-6.8755994	107.5559728	832.5349085050234
2026-04-18 20:29:05.755	-6.8755996	107.5559727	832.5549096099664
2026-04-18 20:29:05.947	-6.8755997	107.5559726	832.5249101171942
2026-04-18 20:29:06.150	-6.8755997	107.5559724	832.4849099362189
2026-04-18 20:29:06.349	-6.8755999	107.5559724	832.5149111316492
2026-04-18 20:29:07.148	-6.8756004	107.5559724	832.5349141202239
2026-04-18 20:29:07.348	-6.8756004	107.5559724	832.5449141202239
2026-04-18 20:29:07.746	-6.8756007	107.5559723	832.5849158228804
2026-04-18 20:29:07.947	-6.8756008	107.5559723	832.6349164205951
2026-04-18 20:29:08.146	-6.8756009	107.5559722	832.6449169278219
2026-04-18 20:29:08.349	-6.8756011	107.5559722	832.6949181232509
2026-04-18 20:29:08.546	-6.8756011	107.5559722	832.6749181232509
2026-04-18 20:29:08.749	-6.8756012	107.5559723	832.704918811453
2026-04-18 20:29:08.977	-6.8756011	107.5559723	832.6949182137386
2026-04-18 20:29:09.153	-6.8756011	107.5559722	832.6449181232509
2026-04-18 20:29:09.346	-6.8756011	107.5559723	832.6049182137386
2026-04-18 20:29:09.546	-6.8756011	107.5559723	832.6049182137386
2026-04-18 20:29:09.753	-6.8756011	107.5559723	832.6049182137386
2026-04-18 20:29:09.955	-6.8756011	107.5559723	832.5949182137387
2026-04-18 20:29:10.152	-6.875601	107.5559723	832.5849176160241
2026-04-18 20:29:10.351	-6.875601	107.5559725	832.5849177969994
2026-04-18 20:29:10.572	-6.875601	107.5559728	832.5649180684621
2026-04-18 20:29:10.748	-6.8756012	107.5559733	832.5949197163277
2026-04-18 20:29:10.950	-6.8756012	107.5559739	832.5449202592497
2026-04-18 20:29:11.151	-6.8756013	107.5559743	832.5549212189109
2026-04-18 20:29:11.352	-6.8756013	107.5559749	832.5849217618296
2026-04-18 20:29:11.549	-6.8756013	107.5559755	832.6049223047464
2026-04-18 20:29:11.755	-6.875601	107.5559762	832.5349211450035
2026-04-18 20:29:11.947	-6.8756008	107.555977	832.5149206734574
2026-04-18 20:29:12.152	-6.8756008	107.5559776	832.544921216367
2026-04-18 20:29:12.353	-6.8756005	107.5559784	832.4949201470997
2026-04-18 20:29:12.569	-6.8756003	107.5559793	832.4749197660271
2026-04-18 20:29:12.752	-6.8756002	107.5559801	832.4849198921813
2026-04-18 20:29:12.968	-6.8756003	107.5559809	832.5149212137616
2026-04-18 20:29:13.142	-6.8756001	107.5559816	832.4549206517112
2026-04-18 20:29:13.347	-6.8755998	107.5559825	832.4049196729072
2026-04-18 20:29:14.148	-6.8755992	107.5559854	832.2849187105729
2026-04-18 20:29:14.350	-6.8755991	107.5559861	832.2549187462195
2026-04-18 20:29:14.547	-6.8755993	107.5559868	832.2849205750092
2026-04-18 20:29:14.753	-6.8755995	107.5559875	832.3249224037961
2026-04-18 20:29:14.969	-6.8755993	107.5559883	832.2349219321984
2026-04-18 20:29:15.145	-6.8755992	107.5559891	832.204922058312
2026-04-18 20:29:15.347	-6.8755993	107.5559899	832.2049233798529
2026-04-18 20:29:15.566	-6.8755994	107.5559907	832.28492470139
2026-04-18 20:29:15.750	-6.8755992	107.5559915	832.2449242297779
2026-04-18 20:29:15.949	-6.8755991	107.5559922	832.2149242654008
2026-04-18 20:29:16.150	-6.8755991	107.5559929	832.2149248987363
2026-04-18 20:29:16.349	-6.8755991	107.5559937	832.2049256225447
2026-04-18 20:29:16.549	-6.875599	107.5559945	832.1449257486345
2026-04-18 20:29:16.745	-6.875599	107.5559952	832.124926381961
2026-04-18 20:29:17.145	-6.8755992	107.5559968	832.1049290249847
2026-04-18 20:29:17.347	-6.8755992	107.5559976	832.0949297487759
2026-04-18 20:29:17.549	-6.8755995	107.5559984	832.154932265709
2026-04-18 20:29:17.751	-6.8755996	107.555999	832.1849334062624
2026-04-18 20:29:18.148	-6.8755997	107.5560004	832.1449352705924
2026-04-18 20:29:18.349	-6.8756	107.5560012	832.1849377875121
2026-04-18 20:29:18.555	-6.8756004	107.5560022	832.2649410830846
2026-04-18 20:29:19.146	-6.8756008	107.5560047	832.3149457357024
2026-04-18 20:29:19.348	-6.8756008	107.5560054	832.3249463689891
2026-04-18 20:29:19.549	-6.8756007	107.5560062	832.3349464950276
2026-04-18 20:29:19.747	-6.8756007	107.5560069	832.3449471283085
2026-04-18 20:29:19.951	-6.8756005	107.5560076	832.2549465661579
2026-04-18 20:29:20.155	-6.8756006	107.5560085	832.2449479780829
2026-04-18 20:29:20.352	-6.8756004	107.5560092	832.194947415926
2026-04-18 20:29:20.547	-6.8756005	107.55601	832.2049487373763
2026-04-18 20:29:20.766	-6.8756006	107.5560107	832.2049499683567
2026-04-18 20:29:20.948	-6.8756006	107.5560116	832.234950782552
2026-04-18 20:29:21.347	-6.8756005	107.5560132	832.1449516322846
2026-04-18 20:29:21.547	-6.8756004	107.5560141	832.0949518487529
2026-04-18 20:29:21.748	-6.8756006	107.5560149	832.1349537678957
2026-04-18 20:29:22.152	-6.8756006	107.5560162	832.1049549439235
2026-04-18 20:29:22.348	-6.8756008	107.5560169	832.1249567725938
2026-04-18 20:29:22.550	-6.8756008	107.5560174	832.0949572249078
2026-04-18 20:29:23.142	-6.8756017	107.5560188	832.0749638708044
2026-04-18 20:29:23.343	-6.8756019	107.5560192	832.0849654280786
2026-04-18 20:29:24.151	-6.8756031	107.5560213	832.1649745003189
2026-04-18 20:29:24.347	-6.8756034	107.5560218	832.1849767457587
2026-04-18 20:29:24.545	-6.8756038	107.5560223	832.2049795889092
2026-04-18 20:29:24.746	-6.8756042	107.5560226	832.254982251138
2026-04-18 20:29:24.951	-6.8756045	107.5560229	832.2949843156533
2026-04-18 20:29:25.145	-6.8756047	107.5560234	832.3049859633744
2026-04-18 20:29:25.346	-6.875605	107.5560238	832.3349881183467
2026-04-18 20:29:25.548	-6.8756053	107.5560241	832.3649901828587
2026-04-18 20:29:25.747	-6.8756055	107.5560245	832.3349917401168
2026-04-18 20:29:25.946	-6.8756057	107.5560249	832.284993297374
2026-04-18 20:29:26.146	-6.875606	107.5560253	832.2549954523412
2026-04-18 20:29:26.351	-6.8756064	107.5560256	832.2949981145599
2026-04-18 20:29:26.551	-6.8756069	107.556026	832.3250014649459
2026-04-18 20:29:26.745	-6.875607	107.5560264	832.2750024244874
2026-04-18 20:29:27.350	-6.8756082	107.5560283	832.3650113156954
2026-04-18 20:29:27.548	-6.8756086	107.5560288	832.4050141588167
2026-04-18 20:29:27.747	-6.8756088	107.5560294	832.3650158969725
2026-04-18 20:29:27.950	-6.8756092	107.5560299	832.3350187400894
2026-04-18 20:29:28.147	-6.8756097	107.5560304	832.3650221809132
2026-04-18 20:29:28.355	-6.8756101	107.5560309	832.3450250240253
2026-04-18 20:29:28.559	-6.8756107	107.5560316	832.4150292434617
2026-04-18 20:29:28.747	-6.8756112	107.5560323	832.4350328651851
2026-04-18 20:29:28.955	-6.8756116	107.5560329	832.4550357987425
2026-04-18 20:29:29.146	-6.8756119	107.5560334	832.4450380441353
2026-04-18 20:29:29.351	-6.8756124	107.5560338	832.4550413944884
2026-04-18 20:29:29.554	-6.8756127	107.5560343	832.3950436398775
2026-04-18 20:29:29.747	-6.8756129	107.5560348	832.3350452875571
2026-04-18 20:29:29.951	-6.8756133	107.5560352	832.3250480401971
2026-04-18 20:29:30.150	-6.8756137	107.5560355	832.3350507023828
2026-04-18 20:29:30.349	-6.8756142	107.5560358	832.3750539622738
2026-04-18 20:29:30.549	-6.8756147	107.556036	832.4150571317107
2026-04-18 20:29:30.747	-6.8756152	107.5560362	832.445060301146
2026-04-18 20:29:30.949	-6.8756155	107.5560365	832.4250623656199
2026-04-18 20:29:31.146	-6.8756162	107.5560369	832.525066911367
2026-04-18 20:29:31.346	-6.8756167	107.5560372	832.5550701712486
2026-04-18 20:29:31.747	-6.8756181	107.5560379	832.7150791722758
2026-04-18 20:29:31.946	-6.8756186	107.5560382	832.7650824321504
2026-04-18 20:29:32.663	-6.8756214	107.5560401	832.9951008864033
2026-04-18 20:29:33.162	-6.8756224	107.5560412	833.0851078583715
2026-04-18 20:29:33.747	-6.8756238	107.5560423	833.1251172211332
2026-04-18 20:29:34.153	-6.875625	107.5560434	833.2051253884757
2026-04-18 20:29:34.352	-6.8756257	107.5560438	833.3151299341703
2026-04-18 20:29:35.546	-6.8756279	107.5560464	833.4751454351841
2026-04-18 20:29:35.747	-6.875628	107.5560465	833.4651461233294
2026-04-18 20:29:35.951	-6.8756281	107.5560465	833.4951467210283
2026-04-18 20:29:36.146	-6.8756283	107.5560466	833.5251480068722
2026-04-18 20:29:36.348	-6.8756287	107.5560465	833.5851503072208
2026-04-18 20:29:36.546	-6.875629	107.5560463	833.635151919424
2026-04-18 20:29:36.746	-6.8756291	107.5560463	833.6351525171224
2026-04-18 20:29:36.946	-6.875629	107.5560463	833.605151919424
2026-04-18 20:29:37.146	-6.8756294	107.5560462	833.685154219771
2026-04-18 20:29:37.346	-6.8756297	107.5560461	833.795155922419
2026-04-18 20:29:37.547	-6.87563	107.556046	833.9051576250665
2026-04-18 20:29:37.948	-6.8756307	107.5560458	834.1051616280575
2026-04-18 20:29:38.348	-6.8756316	107.5560457	834.2751669168863
2026-04-18 20:29:38.552	-6.8756317	107.5560457	834.3251675145832
2026-04-18 20:29:38.747	-6.8756318	107.5560456	834.3351680218336
2026-04-18 20:29:38.947	-6.8756319	107.5560456	834.3051686195305
2026-04-18 20:29:39.146	-6.8756322	107.5560456	834.365170412621
2026-04-18 20:29:39.346	-6.8756323	107.5560456	834.3851710103175
2026-04-18 20:29:39.551	-6.875633	107.5560456	834.5551751941927
2026-04-18 20:29:39.948	-6.8756332	107.5560456	834.5751763895851
2026-04-18 20:29:40.356	-6.8756331	107.5560454	834.5751756109955
2026-04-18 20:29:40.547	-6.8756333	107.5560453	834.645176715941
2026-04-18 20:29:40.765	-6.8756332	107.5560452	834.6351760277981
2026-04-18 20:29:40.949	-6.8756329	107.5560452	834.5251742347094
2026-04-18 20:29:41.146	-6.8756326	107.5560452	834.4451724416202
2026-04-18 20:29:41.347	-6.8756327	107.5560451	834.4551729488697
2026-04-18 20:29:41.546	-6.8756328	107.556045	834.5251734561192
2026-04-18 20:29:41.947	-6.8756332	107.5560445	834.6351753946687
2026-04-18 20:29:42.147	-6.8756333	107.5560443	834.6951758114702
2026-04-18 20:29:42.345	-6.8756335	107.5560441	834.7351768259676
2026-04-18 20:29:42.552	-6.8756337	107.5560439	834.8151778404645
2026-04-18 20:29:42.744	-6.875634	107.5560437	834.9051794526566
2026-04-18 20:29:42.949	-6.8756343	107.5560436	834.9751811552959
2026-04-18 20:29:43.146	-6.8756345	107.5560434	835.0351821697914
2026-04-18 20:29:43.346	-6.8756341	107.5560432	834.9551795981132
2026-04-18 20:29:43.742	-6.8756336	107.556043	834.805176428738
2026-04-18 20:29:43.947	-6.8756338	107.5560428	834.8651774432337
2026-04-18 20:29:44.149	-6.8756342	107.5560425	835.0251795626718
2026-04-18 20:29:44.348	-6.8756341	107.5560423	835.0351787840793
2026-04-18 20:29:44.550	-6.8756341	107.5560422	835.0251786936309
2026-04-18 20:29:44.755	-6.8756339	107.556042	834.9951773173423
2026-04-18 20:29:44.947	-6.8756341	107.5560419	835.0451784222851
2026-04-18 20:29:45.147	-6.875634	107.5560419	835.0251778245894
2026-04-18 20:29:45.345	-6.875634	107.5560417	835.0051776436919
2026-04-18 20:29:45.747	-6.8756339	107.5560413	835.0051766842005
2026-04-18 20:29:45.953	-6.8756338	107.5560411	835.0051759056065
2026-04-18 20:29:46.147	-6.8756344	107.5560409	835.1651793108823
2026-04-18 20:29:46.346	-6.8756343	107.5560407	835.1051785322883
2026-04-18 20:29:46.747	-6.875634	107.5560404	835.0151764678528
2026-04-18 20:29:46.948	-6.875634	107.5560403	835.0051763774034
2026-04-18 20:29:47.146	-6.8756339	107.5560402	834.975175689258
2026-04-18 20:29:47.350	-6.8756338	107.5560401	834.9551750011124
2026-04-18 20:29:47.742	-6.8756336	107.5560396	834.8951733534714
2026-04-18 20:29:47.952	-6.8756335	107.5560394	834.8851725748754
2026-04-18 20:29:48.147	-6.8756331	107.5560392	834.8351700031903
2026-04-18 20:29:48.348	-6.8756326	107.5560391	834.6951669242582
2026-04-18 20:29:48.746	-6.8756323	107.5560389	834.6351649502677
2026-04-18 20:29:48.949	-6.8756321	107.5560388	834.5951636644238
2026-04-18 20:29:49.152	-6.8756321	107.5560386	834.6051634835228
2026-04-18 20:29:49.544	-6.8756322	107.5560381	834.5951636289662
2026-04-18 20:29:49.753	-6.8756322	107.5560379	834.5551634480644
2026-04-18 20:29:49.944	-6.8756324	107.5560378	834.5751645530069
2026-04-18 20:29:50.147	-6.8756327	107.5560378	834.6351663460966
2026-04-18 20:29:50.344	-6.8756328	107.5560378	834.6251669437931
2026-04-18 20:29:50.551	-6.8756329	107.5560379	834.6051676319406
2026-04-18 20:29:50.745	-6.8756333	107.5560381	834.6351702036274
2026-04-18 20:29:50.949	-6.8756333	107.5560383	834.5551703845289
2026-04-18 20:29:51.145	-6.8756328	107.5560384	834.295167486498
2026-04-18 20:29:51.345	-6.8756331	107.5560386	834.2551694604883
2026-04-18 20:29:51.546	-6.8756334	107.5560388	834.1851714344778
2026-04-18 20:29:51.748	-6.8756338	107.556039	834.1851740061625
2026-04-18 20:29:51.946	-6.8756342	107.5560394	834.1551767587464
2026-04-18 20:29:52.148	-6.8756346	107.5560396	834.1251793304286
2026-04-18 20:29:52.347	-6.8756352	107.5560399	834.1351831879499
2026-04-18 20:29:52.742	-6.8756365	107.5560407	834.2151916815782
2026-04-18 20:29:52.947	-6.8756371	107.5560411	834.2551956295404
2026-04-18 20:29:53.151	-6.8756378	107.5560414	834.2852000847445
2026-04-18 20:29:53.354	-6.8756385	107.5560418	834.3152046303941
2026-04-18 20:29:53.550	-6.875639	107.5560423	834.2752080711026
2026-04-18 20:29:53.753	-6.8756392	107.5560428	834.1752097187299
2026-04-18 20:29:53.948	-6.8756394	107.5560432	834.0852112759076
2026-04-18 20:29:54.153	-6.8756397	107.5560434	834.0352132498814
2026-04-18 20:29:54.352	-6.8756401	107.5560435	834.0152157310993
2026-04-18 20:29:54.548	-6.8756404	107.5560436	834.0152176146239
2026-04-18 20:29:54.947	-6.875641	107.5560437	834.015221291224
2026-04-18 20:29:55.153	-6.8756412	107.5560435	833.9952223057123
2026-04-18 20:29:55.346	-6.8756415	107.5560434	834.0352240083397
2026-04-18 20:29:55.746	-6.8756417	107.556043	834.0352248419314
2026-04-18 20:29:55.955	-6.8756418	107.5560429	834.0052253491749
2026-04-18 20:29:56.349	-6.8756422	107.5560429	833.9352277399403
2026-04-18 20:29:56.544	-6.8756429	107.5560427	833.9752317428816
2026-04-18 20:29:56.947	-6.8756438	107.5560425	833.9052369412009
2026-04-18 20:29:57.349	-6.8756452	107.5560422	833.965245037516
2026-04-18 20:29:57.746	-6.8756463	107.5560417	833.8852511598559
2026-04-18 20:29:57.952	-6.875647	107.5560415	833.9052551627802
2026-04-18 20:29:58.143	-6.8756477	107.5560415	833.8652593465995
2026-04-18 20:29:58.347	-6.8756483	107.5560414	833.8452628422793
2026-04-18 20:29:58.547	-6.8756488	107.5560413	833.8252657402694
2026-04-18 20:29:58.753	-6.8756493	107.5560414	833.8152688191559
2026-04-18 20:29:58.974	-6.87565	107.5560414	833.8852730029663
2026-04-18 20:29:59.146	-6.8756508	107.5560413	833.9652776940119
2026-04-18 20:29:59.346	-6.8756514	107.5560412	833.9452811896813
2026-04-18 20:29:59.549	-6.875652	107.5560412	833.9952847757978
2026-04-18 20:29:59.760	-6.8756525	107.5560411	834.0052876737778
2026-04-18 20:29:59.948	-6.875653	107.5560411	834.0352906622054
2026-04-18 20:30:00.146	-6.8756533	107.5560411	834.0052924552613
2026-04-18 20:30:00.346	-6.8756535	107.5560413	833.9852938315292
2026-04-18 20:30:00.548	-6.8756536	107.5560413	833.9552944292143
2026-04-18 20:30:00.967	-6.8756542	107.5560413	834.0152980153235
2026-04-18 20:30:01.146	-6.8756548	107.5560412	834.105301510982
2026-04-18 20:30:01.346	-6.8756552	107.5560411	834.1053038112702
2026-04-18 20:30:01.546	-6.8756556	107.5560412	834.0453062924553
2026-04-18 20:30:01.749	-6.8756561	107.5560411	834.0553091904255
2026-04-18 20:30:01.948	-6.8756567	107.556041	834.0953126860777
2026-04-18 20:30:02.153	-6.8756571	107.5560408	834.0953148959127
2026-04-18 20:30:02.348	-6.8756578	107.5560406	834.125318898795
2026-04-18 20:30:02.547	-6.8756583	107.5560405	834.1053217967589
2026-04-18 20:30:02.754	-6.8756588	107.5560404	834.0853246947213
2026-04-18 20:30:02.947	-6.8756594	107.5560403	834.1153281903643
2026-04-18 20:30:03.145	-6.8756599	107.5560401	834.1053309978743
2026-04-18 20:30:03.348	-6.8756605	107.5560398	834.1753343126144
2026-04-18 20:30:03.555	-6.8756609	107.5560395	834.1953364319901
2026-04-18 20:30:03.746	-6.8756611	107.5560391	834.1353372655527
2026-04-18 20:30:03.947	-6.875661	107.5560388	833.9853363965216
2026-04-18 20:30:04.146	-6.8756611	107.5560385	833.9553367228518
2026-04-18 20:30:04.347	-6.8756616	107.5560382	833.945339439905
2026-04-18 20:30:04.569	-6.8756623	107.5560379	833.9553433523168
2026-04-18 20:30:04.745	-6.8756628	107.5560374	833.925345888464
2026-04-18 20:30:04.948	-6.8756636	107.556037	834.0153503080986
2026-04-18 20:30:05.145	-6.8756641	107.5560367	833.9853530251426
2026-04-18 20:30:05.355	-6.8756647	107.5560364	833.9653563398635
2026-04-18 20:30:05.752	-6.875666	107.5560358	833.9453635669765
2026-04-18 20:30:05.947	-6.8756666	107.5560355	833.92536688169
2026-04-18 20:30:06.145	-6.8756673	107.5560352	833.8953707940786
2026-04-18 20:30:06.342	-6.8756679	107.5560347	833.8853739278824
2026-04-18 20:30:06.546	-6.8756682	107.5560343	833.8153753591041
2026-04-18 20:30:06.746	-6.8756686	107.5560339	833.7353773880016
2026-04-18 20:30:07.351	-6.875671	107.5560332	833.6953910990609
2026-04-18 20:30:07.548	-6.8756717	107.5560329	833.6953950114291
2026-04-18 20:30:07.746	-6.8756724	107.5560325	833.6553988333408
2026-04-18 20:30:07.949	-6.8756729	107.5560322	833.5854015503535
2026-04-18 20:30:08.170	-6.8756734	107.5560319	833.5754042673643
2026-04-18 20:30:08.345	-6.8756736	107.5560316	833.5154051913512
2026-04-18 20:30:08.571	-6.8756739	107.5560312	833.4854066225571
2026-04-18 20:30:08.748	-6.8756742	107.5560308	833.4454080537615
2026-04-18 20:30:09.148	-6.8756756	107.55603	833.5554156975531
2026-04-18 20:30:09.346	-6.8756762	107.5560295	833.5954188313159
2026-04-18 20:30:09.548	-6.875677	107.5560291	833.7154232508756
2026-04-18 20:30:09.946	-6.8756782	107.5560279	833.7454293374717
2026-04-18 20:30:10.662	-6.8756808	107.5560261	833.7054432487009
2026-04-18 20:30:11.162	-6.8756819	107.5560252	833.7054490089558
2026-04-18 20:30:11.662	-6.8756837	107.5560237	833.6154584101339
2026-04-18 20:30:12.162	-6.8756847	107.5560228	833.5154635726917
2026-04-18 20:30:12.663	-6.875687	107.5560212	833.5654758716987
2026-04-18 20:30:13.161	-6.8756882	107.5560202	833.5654821390991
2026-04-18 20:30:13.660	-6.8756905	107.5560188	833.5354946189622
2026-04-18 20:30:14.161	-6.875692	107.5560182	833.5155030411655
2026-04-18 20:30:14.661	-6.8756941	107.556017	833.3955145065639
2026-04-18 20:30:15.161	-6.8756955	107.5560163	833.3255222406076
2026-04-18 20:30:15.662	-6.8756978	107.5560147	833.3655345394242
2026-04-18 20:30:16.161	-6.8756987	107.556014	833.3055392851285
2026-04-18 20:30:16.660	-6.8756994	107.5560129	833.1955424736493
2026-04-18 20:30:17.160	-6.8756997	107.5560123	833.155543723844
2026-04-18 20:30:17.661	-6.8757009	107.5560112	833.0355499006488
2026-04-18 20:30:18.161	-6.8757019	107.5560101	832.9955548821216
2026-04-18 20:30:18.664	-6.8757032	107.5560085	832.895561204225
2026-04-18 20:30:18.952	-6.8757037	107.5560081	832.885563830649
2026-04-18 20:30:19.144	-6.8757042	107.5560077	832.8755664570705
2026-04-18 20:30:19.346	-6.8757048	107.5560071	832.9555695002126
2026-04-18 20:30:19.548	-6.8757055	107.5560066	832.9855732314757
2026-04-18 20:30:19.746	-6.8757057	107.556006	832.8855738839829
2026-04-18 20:30:19.950	-6.8757063	107.5560054	832.9455769271146
2026-04-18 20:30:20.147	-6.8757071	107.5560048	833.0755811655549
2026-04-18 20:30:20.347	-6.8757076	107.5560043	833.0755837014914
2026-04-18 20:30:20.749	-6.8757089	107.5560033	833.1155905663219
2026-04-18 20:30:20.942	-6.8757095	107.5560028	833.1355936999042
2026-04-18 20:30:21.148	-6.8757112	107.5560016	833.4956027743887
2026-04-18 20:30:21.351	-6.8757118	107.5560005	833.4556053651343
2026-04-18 20:30:21.545	-6.8757124	107.5560001	833.5056085891708
2026-04-18 20:30:21.752	-6.8757129	107.5559997	833.4556112155515
2026-04-18 20:30:22.149	-6.8757141	107.5559993	833.4256180254979
2026-04-18 20:30:22.350	-6.8757147	107.5559991	833.4256214304678
2026-04-18 20:30:22.544	-6.8757155	107.5559987	833.4856258497952
2026-04-18 20:30:22.748	-6.8757162	107.5559982	833.4956295809949
2026-04-18 20:30:22.947	-6.8757167	107.5559978	833.4556322073611
2026-04-18 20:30:23.146	-6.8757173	107.5559975	833.4556355218484
2026-04-18 20:30:23.344	-6.8757179	107.5559972	833.4556388363334
2026-04-18 20:30:23.745	-6.8757191	107.5559967	833.3356455557688
2026-04-18 20:30:23.946	-6.8757198	107.5559963	833.3256493774227
2026-04-18 20:30:24.145	-6.8757205	107.555996	833.3556532895465
2026-04-18 20:30:24.346	-6.8757211	107.5559955	833.3656564230714
2026-04-18 20:30:24.548	-6.8757217	107.5559951	833.3756596470669
2026-04-18 20:30:24.751	-6.8757223	107.5559947	833.3256628710595
2026-04-18 20:30:24.946	-6.8757229	107.5559942	833.2756660045751
2026-04-18 20:30:25.145	-6.8757234	107.5559939	833.2256687213892
2026-04-18 20:30:25.352	-6.8757239	107.5559936	833.2156714382014
2026-04-18 20:30:26.349	-6.8757273	107.5559912	833.1356895867625
2026-04-18 20:30:26.540	-6.8757279	107.5559908	833.1356928107286
2026-04-18 20:30:26.750	-6.8757285	107.5559902	833.0856958537389
2026-04-18 20:30:27.146	-6.8757299	107.5559895	833.0657035874207
2026-04-18 20:30:27.345	-6.8757303	107.5559893	833.0557057970416
2026-04-18 20:30:27.546	-6.8757308	107.555989	833.0457085138277
2026-04-18 20:30:27.745	-6.8757314	107.5559888	833.0257119187322
2026-04-18 20:30:28.145	-6.8757324	107.5559881	832.9657172618174
2026-04-18 20:30:28.352	-6.875733	107.5559877	832.9057204857602
2026-04-18 20:30:28.546	-6.8757336	107.5559875	832.8657238906561
2026-04-18 20:30:28.749	-6.8757342	107.5559872	832.8157272050718
2026-04-18 20:30:28.949	-6.8757347	107.5559868	832.7657298313657
2026-04-18 20:30:29.146	-6.8757354	107.5559865	832.7357337434175
2026-04-18 20:30:29.346	-6.8757361	107.5559863	832.7157377459448
2026-04-18 20:30:29.946	-6.8757384	107.5559855	832.65575076783
2026-04-18 20:30:30.144	-6.8757389	107.5559854	832.6157536655462
2026-04-18 20:30:30.344	-6.8757395	107.5559853	832.5657571608996
2026-04-18 20:30:30.551	-6.8757401	107.555985	832.4957604752926
2026-04-18 20:30:30.744	-6.8757404	107.5559847	832.295761996769
2026-04-18 20:30:30.968	-6.8757406	107.5559846	832.1457631015656
2026-04-18 20:30:31.144	-6.8757413	107.5559846	832.1257672850303
2026-04-18 20:30:31.345	-6.8757421	107.5559844	832.1457718851702
2026-04-18 20:30:31.550	-6.8757429	107.5559841	832.1657763948269
2026-04-18 20:30:31.750	-6.8757437	107.555984	832.1757810854392
2026-04-18 20:30:31.944	-6.8757444	107.5559837	832.1957849974523
2026-04-18 20:30:32.145	-6.8757452	107.5559833	832.2457894166178
2026-04-18 20:30:32.348	-6.8757463	107.5559829	832.3257956286835
2026-04-18 20:30:32.745	-6.875748	107.555982	832.4458049741431
2026-04-18 20:30:32.948	-6.8757486	107.5559816	832.4458081980221
2026-04-18 20:30:33.148	-6.8757489	107.5559812	832.405809628998
2026-04-18 20:30:33.346	-6.8757495	107.5559809	832.4858129433537
2026-04-18 20:30:33.746	-6.8757504	107.5559801	832.6358175981965
2026-04-18 20:30:34.352	-6.8757512	107.5559785	832.7558209315387
2026-04-18 20:30:34.744	-6.8757521	107.5559774	832.8358253149128
2026-04-18 20:30:34.946	-6.8757525	107.555977	832.8858273435054
2026-04-18 20:30:35.142	-6.8757529	107.5559764	832.9158291911285
2026-04-18 20:30:35.346	-6.8757533	107.5559759	832.945831129233
2026-04-18 20:30:36.165	-6.8757546	107.5559736	832.8858368172819
2026-04-18 20:30:36.353	-6.875755	107.5559732	832.9358388458608
2026-04-18 20:30:36.547	-6.8757552	107.5559726	832.915839498206
2026-04-18 20:30:36.750	-6.8757555	107.555972	832.9758407481789
2026-04-18 20:30:36.948	-6.8757558	107.5559715	833.0158420886361
2026-04-18 20:30:37.145	-6.8757562	107.5559709	833.075843936234
2026-04-18 20:30:37.350	-6.8757565	107.5559702	833.0958450957124
2026-04-18 20:30:37.748	-6.8757571	107.5559689	833.1358475051478
2026-04-18 20:30:38.144	-6.8757575	107.5559677	833.205848809803
2026-04-18 20:30:38.347	-6.8757578	107.5559672	833.2458501502452
2026-04-18 20:30:38.751	-6.875758	107.5559662	833.1758504406098
2026-04-18 20:30:38.974	-6.8757581	107.5559658	833.1658506762797
2026-04-18 20:30:39.345	-6.8757585	107.5559648	833.1058521618932
2026-04-18 20:30:39.745	-6.8757586	107.5559636	833.0958516736334
2026-04-18 20:30:39.946	-6.8757587	107.555963	833.1258517283147
2026-04-18 20:30:40.149	-6.8757587	107.5559625	833.1458512758574
2026-04-18 20:30:40.347	-6.8757588	107.5559618	833.135851240043
2026-04-18 20:30:40.548	-6.8757588	107.5559613	833.1158507875823
2026-04-18 20:30:40.750	-6.8757589	107.5559606	833.1458507517632
2026-04-18 20:30:40.945	-6.875759	107.5559599	833.0858507159413
2026-04-18 20:30:41.145	-6.875759	107.5559594	833.0058502634754
2026-04-18 20:30:41.747	-6.8757589	107.5559576	832.8258480369582
2026-04-18 20:30:41.944	-6.8757588	107.555957	832.775846896363
2026-04-18 20:30:42.144	-6.8757587	107.5559564	832.6958457557655
2026-04-18 20:30:42.345	-6.8757585	107.5559557	832.6258439270424
2026-04-18 20:30:42.961	-6.8757578	107.5559542	832.5058383862045
2026-04-18 20:30:43.351	-6.8757574	107.5559532	832.4158350907232
2026-04-18 20:30:43.553	-6.8757573	107.5559526	832.4358339501123
2026-04-18 20:30:43.946	-6.8757568	107.5559517	832.4558301474893
2026-04-18 20:30:44.165	-6.8757565	107.5559514	832.3958280831076
2026-04-18 20:30:44.352	-6.8757563	107.5559509	832.3558264353586
2026-04-18 20:30:44.568	-6.875756	107.5559505	832.3658242804763
2026-04-18 20:30:44.751	-6.8757557	107.5559501	832.3858221255928
2026-04-18 20:30:44.966	-6.8757555	107.5559495	832.3658203873402
2026-04-18 20:30:45.147	-6.8757553	107.555949	832.4158187395847
2026-04-18 20:30:45.345	-6.8757548	107.5559483	832.3358151179369
2026-04-18 20:30:45.546	-6.8757547	107.5559476	832.3058138868081
2026-04-18 20:30:45.745	-6.8757544	107.5559469	832.2558114604151
2026-04-18 20:30:45.946	-6.8757542	107.5559463	832.2158097221503
2026-04-18 20:30:46.144	-6.875754	107.5559457	832.1958079838832
2026-04-18 20:30:46.344	-6.875754	107.555945	832.2358073503749
2026-04-18 20:30:46.744	-6.8757537	107.5559433	832.2558040189497
2026-04-18 20:30:47.146	-6.8757532	107.555942	832.1557998542576
2026-04-18 20:30:47.345	-6.875753	107.5559413	832.1657980254715
2026-04-18 20:30:47.745	-6.8757527	107.5559396	832.2157946940094
2026-04-18 20:30:48.151	-6.8757524	107.555938	832.2057914530358
2026-04-18 20:30:48.348	-6.8757521	107.5559374	832.2057891171066
2026-04-18 20:30:48.661	-6.8757518	107.5559362	832.2657862381382
2026-04-18 20:30:48.945	-6.8757516	107.5559356	832.2957844998344
2026-04-18 20:30:49.146	-6.8757512	107.555935	832.2357815662634
2026-04-18 20:30:49.343	-6.875751	107.5559345	832.2657799184622
2026-04-18 20:30:49.544	-6.8757507	107.555934	832.2857776730265
2026-04-18 20:30:49.745	-6.8757503	107.5559336	832.3257749204636
2026-04-18 20:30:49.944	-6.8757502	107.5559331	832.3957738702908
2026-04-18 20:30:50.144	-6.87575	107.5559325	832.3757721319748
2026-04-18 20:30:50.344	-6.8757497	107.555932	832.3957698865319
2026-04-18 20:30:50.543	-6.8757494	107.5559314	832.355767550578
2026-04-18 20:30:50.745	-6.875749	107.5559308	832.3657646169876
2026-04-18 20:30:51.147	-6.8757481	107.5559295	832.3457580616538
2026-04-18 20:30:51.745	-6.8757468	107.5559277	832.3057486632107
2026-04-18 20:30:51.946	-6.8757463	107.5559272	832.2657452224781
2026-04-18 20:30:52.145	-6.8757459	107.5559268	832.22574246989
2026-04-18 20:30:52.344	-6.8757457	107.5559263	832.2457408220598
2026-04-18 20:30:52.749	-6.8757454	107.5559252	832.425738033518
2026-04-18 20:30:52.971	-6.8757451	107.5559245	832.475735607021
2026-04-18 20:30:53.143	-6.8757447	107.5559238	832.4757325828845
2026-04-18 20:30:53.344	-6.8757443	107.555923	832.4857294682305
2026-04-18 20:30:53.545	-6.875744	107.5559224	832.5557271322369
2026-04-18 20:30:53.750	-6.8757436	107.5559216	832.5357240175751
2026-04-18 20:30:53.947	-6.8757434	107.5559207	832.5757220076681
2026-04-18 20:30:54.144	-6.8757431	107.55592	832.6057195811501
2026-04-18 20:30:54.566	-6.8757425	107.5559187	832.5557148186202
2026-04-18 20:30:54.750	-6.8757424	107.555918	832.5957135873682
2026-04-18 20:30:54.966	-6.8757424	107.5559173	832.635712953751
2026-04-18 20:30:55.149	-6.8757422	107.5559168	832.7157113058903
2026-04-18 20:30:55.347	-6.8757415	107.5559161	832.6157064888025
2026-04-18 20:30:55.543	-6.8757412	107.5559157	832.5957043338168
2026-04-18 20:30:55.747	-6.875741	107.5559152	832.6657026859501
2026-04-18 20:30:55.949	-6.8757404	107.5559145	832.5856984664902
2026-04-18 20:30:56.150	-6.8757401	107.5559141	832.5956963114991
2026-04-18 20:30:56.344	-6.8757399	107.5559137	832.6256947541457
2026-04-18 20:30:56.553	-6.8757396	107.5559133	832.5956925991519
2026-04-18 20:30:56.751	-6.8757393	107.555913	832.6656905346761
2026-04-18 20:30:56.945	-6.8757389	107.5559126	832.7056877820401
2026-04-18 20:30:57.145	-6.8757384	107.5559124	832.695684612802
2026-04-18 20:30:57.348	-6.8757379	107.555912	832.6656812625225
2026-04-18 20:30:57.551	-6.8757375	107.5559117	832.6956786004013
2026-04-18 20:30:57.747	-6.8757368	107.5559113	832.6356740548363
2026-04-18 20:30:57.947	-6.8757363	107.5559111	832.6356708855908
2026-04-18 20:30:58.147	-6.8757358	107.5559107	832.6156675353026
2026-04-18 20:30:58.352	-6.875735	107.5559101	832.515662211045
2026-04-18 20:30:58.545	-6.8757346	107.5559098	832.5556595489139
2026-04-18 20:30:58.743	-6.8757341	107.5559094	832.5856561986179
2026-04-18 20:30:58.951	-6.8757332	107.5559089	832.5656503672274
2026-04-18 20:30:59.149	-6.8757324	107.5559084	832.5056451334741
2026-04-18 20:30:59.344	-6.8757317	107.5559079	832.4756404973594
2026-04-18 20:30:59.750	-6.8757304	107.5559069	832.455631822762
2026-04-18 20:30:59.948	-6.8757298	107.5559066	832.4256279653262
2026-04-18 20:31:00.148	-6.8757293	107.5559062	832.4356246150096
2026-04-18 20:31:00.345	-6.8757287	107.5559058	832.3956206670455
2026-04-18 20:31:00.551	-6.8757282	107.5559056	832.4256174977713
2026-04-18 20:31:00.744	-6.8757276	107.5559052	832.3756135498022
2026-04-18 20:31:01.143	-6.8757264	107.5559045	832.2556057443793
2026-04-18 20:31:01.350	-6.8757259	107.5559043	832.2256025750974
2026-04-18 20:31:01.744	-6.8757251	107.5559038	832.2955973412984
2026-04-18 20:31:01.946	-6.8757244	107.5559034	832.2855927956672
2026-04-18 20:31:02.146	-6.8757237	107.5559032	832.2355884310824
2026-04-18 20:31:02.546	-6.8757225	107.5559029	832.2055809877265
2026-04-18 20:31:02.753	-6.8757218	107.5559026	832.1755765326086
2026-04-18 20:31:02.946	-6.875721	107.5559024	832.0955715703634
2026-04-18 20:31:03.144	-6.8757204	107.555902	832.1655676223629
2026-04-18 20:31:03.345	-6.8757196	107.5559018	832.1655626601107
2026-04-18 20:31:03.947	-6.8757171	107.5559008	832.0255468135749
2026-04-18 20:31:04.145	-6.8757162	107.5559005	831.9555411631281
2026-04-18 20:31:04.349	-6.8757159	107.5558999	832.115538827011
2026-04-18 20:31:04.552	-6.8757156	107.5558992	832.2355364003643
2026-04-18 20:31:04.946	-6.8757147	107.555898	832.4055299351579
2026-04-18 20:31:05.145	-6.8757144	107.5558977	832.5055278706145
2026-04-18 20:31:05.344	-6.875714	107.5558974	832.5555252084166
2026-04-18 20:31:06.143	-6.8757116	107.5558971	832.6155105931336
2026-04-18 20:31:06.352	-6.8757113	107.5558971	832.6555088001691
2026-04-18 20:31:06.544	-6.8757106	107.555897	832.6355045260549
2026-04-18 20:31:06.748	-6.87571	107.555897	832.6455009401221
2026-04-18 20:31:06.946	-6.8757095	107.5558971	832.6754980423719
2026-04-18 20:31:07.146	-6.8757087	107.5558972	832.6254933516516
2026-04-18 20:31:07.349	-6.875708	107.5558973	832.6154892585844
2026-04-18 20:31:07.546	-6.8757073	107.5558974	832.6154851655144
2026-04-18 20:31:07.756	-6.8757065	107.5558974	832.595480384256
2026-04-18 20:31:07.954	-6.8757058	107.5558974	832.5854762006518
2026-04-18 20:31:08.145	-6.875705	107.5558974	832.4854714193868
2026-04-18 20:31:08.348	-6.8757045	107.5558974	832.4254684310944
2026-04-18 20:31:08.545	-6.8757041	107.5558973	832.415465949931
2026-04-18 20:31:08.748	-6.8757037	107.5558974	832.4454636498236
2026-04-18 20:31:09.143	-6.8757031	107.5558972	832.4654598828114
2026-04-18 20:31:09.345	-6.8757028	107.5558971	832.5054579993044
2026-04-18 20:31:09.544	-6.8757024	107.5558971	832.5454556086656
2026-04-18 20:31:09.747	-6.8757019	107.5558972	832.5354527108947
2026-04-18 20:31:09.945	-6.8757014	107.5558972	832.5154497225938
2026-04-18 20:31:10.144	-6.875701	107.5558972	832.515447331952
2026-04-18 20:31:10.344	-6.8757007	107.5558972	832.5354455389702
2026-04-18 20:31:10.547	-6.8757003	107.5558972	832.5454431483269
2026-04-18 20:31:10.744	-6.8756999	107.5558972	832.5454407576827
2026-04-18 20:31:10.944	-6.8756995	107.5558972	832.5454383670377
2026-04-18 20:31:11.153	-6.8756993	107.5558972	832.5554371717149
2026-04-18 20:31:11.344	-6.8756991	107.5558971	832.5554358858632
2026-04-18 20:31:11.747	-6.8756985	107.5558971	832.5454322998927
2026-04-18 20:31:12.143	-6.8756978	107.5558971	832.555428116258
2026-04-18 20:31:12.344	-6.8756975	107.5558971	832.5554263232708
2026-04-18 20:31:12.548	-6.8756972	107.5558971	832.5454245302832
2026-04-18 20:31:12.744	-6.875697	107.5558971	832.5454233349578
2026-04-18 20:31:12.954	-6.8756968	107.5558971	832.5354221396323
2026-04-18 20:31:13.143	-6.8756966	107.555897	832.5054208537779
2026-04-18 20:31:13.345	-6.8756963	107.5558969	832.45541897026
2026-04-18 20:31:13.546	-6.8756961	107.5558969	832.4554177749336
2026-04-18 20:31:13.744	-6.8756959	107.555897	832.4854166701358
2026-04-18 20:31:13.946	-6.8756958	107.5558971	832.4654161630011
2026-04-18 20:31:14.148	-6.8756959	107.5558971	832.4454167606644
2026-04-18 20:31:14.344	-6.8756961	107.5558971	832.435417955991
2026-04-18 20:31:14.747	-6.8756964	107.5558969	832.3754195679231
2026-04-18 20:31:14.940	-6.8756965	107.5558968	832.3554200750574
2026-04-18 20:31:15.141	-6.8756965	107.5558968	832.3354200750573
2026-04-18 20:31:15.338	-6.8756965	107.5558968	832.3054200750573
2026-04-18 20:31:15.540	-6.8756966	107.5558968	832.2654206727204
2026-04-18 20:31:15.747	-6.8756966	107.5558968	832.2654206727204
2026-04-18 20:31:16.145	-6.8756965	107.5558968	832.2254200750574
2026-04-18 20:31:16.344	-6.8756965	107.5558969	832.1554201655862
2026-04-18 20:31:16.944	-6.8756964	107.5558971	832.0754197489805
2026-04-18 20:31:17.144	-6.8756963	107.5558971	832.0754191513173
2026-04-18 20:31:17.344	-6.8756962	107.5558972	832.0954186441829
2026-04-18 20:31:17.750	-6.8756961	107.5558972	832.0654180465197
2026-04-18 20:31:17.943	-6.8756961	107.5558972	832.0954180465197
2026-04-18 20:31:18.144	-6.8756961	107.5558974	832.1154182275767
2026-04-18 20:31:18.543	-6.8756961	107.5558975	832.0854183181051
2026-04-18 20:31:18.748	-6.8756962	107.5558975	832.1054189157684
2026-04-18 20:31:19.342	-6.875696	107.5558975	832.0854177204418
2026-04-18 20:31:19.545	-6.875696	107.5558976	832.1054178109703
2026-04-18 20:31:19.945	-6.8756958	107.5558978	832.1154167967002
2026-04-18 20:31:20.145	-6.8756958	107.5558978	832.0954167967002
2026-04-18 20:31:20.344	-6.8756957	107.5558978	832.0554161990367
2026-04-18 20:31:20.550	-6.8756957	107.5558978	832.0454161990367
2026-04-18 20:31:20.941	-6.8756958	107.5558978	832.0554167967001
2026-04-18 20:31:21.143	-6.8756957	107.5558977	832.0354161085085
2026-04-18 20:31:21.347	-6.8756956	107.5558978	832.0454156013733
2026-04-18 20:31:21.945	-6.8756955	107.5558978	832.0454150037098
2026-04-18 20:31:22.144	-6.8756954	107.5558978	832.0354144060461
2026-04-18 20:31:22.348	-6.8756953	107.5558979	832.0254138989108
2026-04-18 20:31:22.550	-6.8756953	107.5558979	832.0154138989108
2026-04-18 20:31:22.740	-6.8756953	107.5558979	832.0054138989108
2026-04-18 20:31:22.949	-6.8756953	107.5558979	832.0054138989108
2026-04-18 20:31:23.145	-6.8756953	107.5558979	832.0154138989108
2026-04-18 20:31:23.344	-6.8756952	107.5558979	832.0254133012471
2026-04-18 20:31:23.546	-6.8756952	107.5558979	832.0354133012471
2026-04-18 20:31:23.750	-6.8756951	107.555898	832.0154127941115
2026-04-18 20:31:23.948	-6.8756951	107.555898	832.0154127941115
2026-04-18 20:31:24.143	-6.875695	107.555898	832.0154121964478
2026-04-18 20:31:24.344	-6.875695	107.555898	832.0054121964478
2026-04-18 20:31:24.546	-6.875695	107.555898	832.0254121964477
2026-04-18 20:31:24.749	-6.8756949	107.5558981	832.015411689312
2026-04-18 20:31:24.944	-6.8756948	107.5558982	832.0254111821762
2026-04-18 20:31:25.144	-6.8756947	107.5558982	832.0254105845122
2026-04-18 20:31:25.352	-6.8756946	107.5558982	832.0354099868482
2026-04-18 20:31:25.945	-6.8756946	107.5558982	832.0854099868482
2026-04-18 20:31:26.145	-6.8756946	107.5558982	832.1054099868483
2026-04-18 20:31:26.343	-6.8756945	107.5558982	832.0754093891841
2026-04-18 20:31:26.545	-6.8756945	107.5558982	832.1054093891842
2026-04-18 20:31:26.740	-6.8756945	107.5558982	832.1254093891841
2026-04-18 20:31:26.941	-6.8756946	107.5558982	832.1154099868482
2026-04-18 20:31:27.141	-6.8756945	107.5558982	832.0754093891841
2026-04-18 20:31:27.340	-6.8756946	107.5558981	832.06540989632
2026-04-18 20:31:27.541	-6.8756946	107.5558981	832.06540989632
2026-04-18 20:31:27.744	-6.8756946	107.5558981	832.08540989632
2026-04-18 20:31:27.941	-6.8756945	107.555898	832.0754092081279
2026-04-18 20:31:28.341	-6.8756944	107.5558979	832.0754085199356
2026-04-18 20:31:28.542	-6.8756943	107.555898	832.0554080127996
2026-04-18 20:31:28.743	-6.8756943	107.555898	832.0554080127996
2026-04-18 20:31:28.942	-6.8756943	107.555898	832.0454080127996
2026-04-18 20:31:29.141	-6.8756944	107.5558981	832.0554087009918
2026-04-18 20:31:29.342	-6.8756944	107.5558981	832.0554087009918
2026-04-18 20:31:29.549	-6.8756943	107.5558981	832.0554081033277
2026-04-18 20:31:29.742	-6.8756942	107.5558982	832.0454075961916
2026-04-18 20:31:29.942	-6.8756942	107.5558983	832.0454076867196
2026-04-18 20:31:30.144	-6.8756942	107.5558982	832.0854075961915
2026-04-18 20:31:30.342	-6.8756941	107.5558982	832.0654069985272
2026-04-18 20:31:30.543	-6.875694	107.5558981	831.985406310335
2026-04-18 20:31:30.743	-6.8756939	107.5558981	831.9854057126705
2026-04-18 20:31:30.945	-6.8756938	107.5558981	831.9754051150061
2026-04-18 20:31:31.149	-6.8756939	107.5558982	832.0354058031986
2026-04-18 20:31:31.343	-6.8756938	107.5558981	832.035405115006
2026-04-18 20:31:31.747	-6.8756938	107.5558982	831.9954052055341
2026-04-18 20:31:31.942	-6.8756937	107.5558981	831.9454045173416
2026-04-18 20:31:32.148	-6.8756937	107.5558981	831.9154045173416
2026-04-18 20:31:32.341	-6.8756936	107.555898	831.8854038291489
2026-04-18 20:31:32.562	-6.8756936	107.555898	831.8554038291489
2026-04-18 20:31:32.742	-6.8756937	107.555898	831.8754044268135
2026-04-18 20:31:33.140	-6.8756937	107.555898	831.8154044268134
2026-04-18 20:31:33.343	-6.8756936	107.5558979	831.7754037386206
2026-04-18 20:31:33.742	-6.8756937	107.5558977	831.8254041552286
2026-04-18 20:31:34.143	-6.8756937	107.5558974	831.8054038836435
2026-04-18 20:31:34.347	-6.8756937	107.5558974	831.8254038836435
2026-04-18 20:31:34.566	-6.8756937	107.5558974	831.8254038836435
2026-04-18 20:31:34.743	-6.8756936	107.5558974	831.765403285979
2026-04-18 20:31:34.945	-6.8756936	107.5558974	831.755403285979
2026-04-18 20:31:35.144	-6.8756936	107.5558974	831.735403285979
2026-04-18 20:31:35.342	-6.8756935	107.5558973	831.6554025977858
2026-04-18 20:31:35.744	-6.8756933	107.5558973	831.5454014024564
2026-04-18 20:31:36.008	-6.8756933	107.5558972	831.5054013119278
2026-04-18 20:31:36.162	-6.8756932	107.5558971	831.4154006237344
2026-04-18 20:31:36.341	-6.8756932	107.555897	831.4154005332057
2026-04-18 20:31:36.544	-6.8756933	107.555897	831.4354011308704
2026-04-18 20:31:36.744	-6.8756933	107.5558969	831.4054010403418
2026-04-18 20:31:36.964	-6.8756933	107.5558968	831.3854009498131
2026-04-18 20:31:37.349	-6.8756933	107.5558966	831.3854007687553
2026-04-18 20:31:37.563	-6.8756932	107.5558965	831.3654000805615
2026-04-18 20:31:37.749	-6.8756932	107.5558965	831.3454000805615
2026-04-18 20:31:37.944	-6.8756932	107.5558963	831.3253998995034
2026-04-18 20:31:38.164	-6.8756932	107.5558962	831.3053998089742
2026-04-18 20:31:38.346	-6.8756931	107.5558961	831.2653991207802
2026-04-18 20:31:38.543	-6.875693	107.5558959	831.2553983420568
2026-04-18 20:31:38.743	-6.875693	107.5558959	831.2653983420568
2026-04-18 20:31:38.944	-6.8756928	107.5558958	831.1553970561974
2026-04-18 20:31:39.143	-6.8756927	107.5558957	831.095396368003
2026-04-18 20:31:39.343	-6.8756927	107.5558956	831.0853962774735
2026-04-18 20:31:39.545	-6.8756928	107.5558955	831.1153967846091
2026-04-18 20:31:39.751	-6.8756928	107.5558954	831.0853966940795
2026-04-18 20:31:39.944	-6.8756928	107.5558953	831.0753966035498
2026-04-18 20:31:40.142	-6.8756928	107.5558952	831.0853965130201
2026-04-18 20:31:40.343	-6.8756927	107.5558951	831.0853958248252
2026-04-18 20:31:40.563	-6.8756925	107.555895	831.0353945389652
2026-04-18 20:31:40.970	-6.8756922	107.5558949	830.9253926554394
2026-04-18 20:31:41.146	-6.8756922	107.5558949	830.8553926554395
2026-04-18 20:31:41.344	-6.8756922	107.5558949	830.8253926554394
2026-04-18 20:31:41.543	-6.8756922	107.5558948	830.7853925649094
2026-04-18 20:31:41.746	-6.8756923	107.5558947	830.7853930720448
2026-04-18 20:31:41.946	-6.8756922	107.5558946	830.7253923838496
2026-04-18 20:31:42.147	-6.875692	107.5558946	830.6553911885186
2026-04-18 20:31:42.343	-6.8756918	107.5558945	830.5853899026573
2026-04-18 20:31:42.567	-6.8756917	107.5558945	830.5553893049918
2026-04-18 20:31:42.746	-6.8756916	107.5558944	830.495388616796
2026-04-18 20:31:42.964	-6.8756915	107.5558943	830.4653879286001
2026-04-18 20:31:43.150	-6.8756914	107.5558942	830.4353872404039
2026-04-18 20:31:43.342	-6.8756912	107.5558942	830.4153860450722
2026-04-18 20:31:43.545	-6.8756912	107.5558941	830.4053859545419
2026-04-18 20:31:43.749	-6.8756911	107.555894	830.3753852663456
2026-04-18 20:31:43.948	-6.875691	107.555894	830.3453846686796
2026-04-18 20:31:44.143	-6.8756909	107.5558939	830.285383980483
2026-04-18 20:31:44.342	-6.8756909	107.5558939	830.275383980483
2026-04-18 20:31:44.746	-6.8756906	107.5558937	830.1953820064233
2026-04-18 20:31:44.965	-6.8756905	107.5558937	830.1253814087571
2026-04-18 20:31:45.147	-6.8756904	107.5558937	830.0753808110907
2026-04-18 20:31:45.543	-6.8756902	107.5558937	830.0253796157579
2026-04-18 20:31:45.748	-6.87569	107.5558936	829.9653783298943
2026-04-18 20:31:45.949	-6.8756899	107.5558936	829.9253777322275
2026-04-18 20:31:46.144	-6.8756898	107.5558935	829.8653770440302
2026-04-18 20:31:46.342	-6.8756898	107.5558935	829.8753770440302
2026-04-18 20:31:46.542	-6.87569	107.5558934	829.9153781488328
2026-04-18 20:31:46.738	-6.8756898	107.5558933	829.8253768629686
