[System]
Platform=SEANO USV
Start_Time=2026-04-07 15:41:57
Timezone=WIB

[Sensor]
Name=SBES

[Columns]
Timestamp(WIB)	Depth	WaterTemp	QualityFlag

[Data]
2026-04-07 15:42:02.115	12.705	28.059	1.0
2026-04-07 15:42:03.115	12.851	28.059	1.0
2026-04-07 15:42:04.115	12.941	28.043	1.0
2026-04-07 15:42:05.114	13.03	28.076	1.0
2026-04-07 15:42:06.114	13.209	28.061	1.0
2026-04-07 15:42:07.114	13.222	28.086	1.0
2026-04-07 15:42:08.131	13.298	28.078	1.0
2026-04-07 15:42:09.114	13.438	28.086	1.0
2026-04-07 15:42:10.117	13.408	28.122	1.0
2026-04-07 15:42:11.114	13.52	28.13	1.0
2026-04-07 15:42:12.115	13.541	28.131	1.0
2026-04-07 15:42:13.133	13.542	28.154	1.0
2026-04-07 15:42:14.117	13.52	28.151	1.0
2026-04-07 15:42:15.114	13.443	28.146	1.0
2026-04-07 15:42:16.116	13.376	28.163	1.0
2026-04-07 15:42:17.115	13.379	28.165	1.0
2026-04-07 15:42:18.114	13.341	28.166	1.0
2026-04-07 15:42:19.114	13.212	28.189	1.0
2026-04-07 15:42:20.116	13.159	28.203	1.0
2026-04-07 15:42:21.117	12.989	28.203	1.0
2026-04-07 15:42:22.122	12.886	28.22	1.0
2026-04-07 15:42:23.117	12.726	28.195	1.0
2026-04-07 15:42:24.114	12.666	28.233	1.0
2026-04-07 15:42:25.114	12.48	28.234	1.0
2026-04-07 15:42:26.116	12.335	28.237	1.0
2026-04-07 15:42:27.115	12.241	28.233	1.0
2026-04-07 15:42:28.117	12.059	28.243	1.0
2026-04-07 15:42:29.114	11.95	28.229	1.0
2026-04-07 15:42:30.116	11.716	28.261	1.0
2026-04-07 15:42:31.117	11.665	28.266	1.0
2026-04-07 15:42:32.117	11.517	28.272	1.0
2026-04-07 15:42:33.130	11.364	28.25	1.0
2026-04-07 15:42:34.116	11.254	28.287	1.0
2026-04-07 15:42:35.117	11.053	28.284	1.0
2026-04-07 15:42:36.117	11.004	28.284	1.0
2026-04-07 15:42:37.116	10.9	28.275	1.0
2026-04-07 15:42:38.115	10.756	28.284	1.0
2026-04-07 15:42:39.116	10.659	28.295	1.0
2026-04-07 15:42:40.116	10.641	28.282	1.0
2026-04-07 15:42:41.117	10.622	28.277	1.0
2026-04-07 15:42:42.115	10.51	28.279	1.0
2026-04-07 15:42:43.114	10.521	28.304	1.0
2026-04-07 15:42:44.114	10.549	28.306	1.0
2026-04-07 15:42:45.114	10.542	28.291	1.0
2026-04-07 15:42:46.114	10.557	28.295	1.0
2026-04-07 15:42:47.115	10.536	28.308	1.0
2026-04-07 15:42:48.114	10.615	28.297	1.0
2026-04-07 15:42:49.114	10.724	28.311	1.0
2026-04-07 15:42:50.114	10.79	28.296	1.0
2026-04-07 15:42:51.114	10.867	28.285	1.0
2026-04-07 15:42:52.114	10.9	28.316	1.0
2026-04-07 15:42:53.114	11.04	28.284	1.0
2026-04-07 15:42:54.115	11.163	28.312	1.0
2026-04-07 15:42:55.114	11.344	28.282	1.0
2026-04-07 15:42:56.114	11.448	28.29	1.0
2026-04-07 15:42:57.114	11.577	28.281	1.0
2026-04-07 15:42:58.114	11.704	28.295	1.0
2026-04-07 15:42:59.115	11.872	28.282	1.0
2026-04-07 15:43:00.115	12.045	28.275	1.0
2026-04-07 15:43:01.117	12.218	28.279	1.0
2026-04-07 15:43:02.118	12.349	28.29	1.0
2026-04-07 15:43:03.114	12.488	28.287	1.0
2026-04-07 15:43:04.115	12.568	28.262	1.0
2026-04-07 15:43:05.114	12.716	28.26	1.0
2026-04-07 15:43:06.115	12.903	28.276	1.0
2026-04-07 15:43:07.114	12.989	28.247	1.0
2026-04-07 15:43:08.115	13.067	28.26	1.0
2026-04-07 15:43:09.115	13.179	28.267	1.0
2026-04-07 15:43:10.115	13.284	28.231	1.0
2026-04-07 15:43:11.115	13.39	28.257	1.0
2026-04-07 15:43:12.114	13.368	28.221	1.0
2026-04-07 15:43:13.114	13.412	28.216	1.0
2026-04-07 15:43:14.114	13.471	28.21	1.0
2026-04-07 15:43:15.114	13.537	28.223	1.0
2026-04-07 15:43:16.114	13.512	28.197	1.0
2026-04-07 15:43:17.114	13.5	28.187	1.0
2026-04-07 15:43:18.115	13.449	28.193	1.0
2026-04-07 15:43:19.119	13.411	28.18	1.0
2026-04-07 15:43:20.117	13.401	28.166	1.0
2026-04-07 15:43:21.114	13.246	28.172	1.0
2026-04-07 15:43:22.116	13.172	28.182	1.0
2026-04-07 15:43:23.117	13.082	28.147	1.0
2026-04-07 15:43:24.114	12.97	28.133	1.0
2026-04-07 15:43:25.114	12.851	28.154	1.0
2026-04-07 15:43:26.116	12.766	28.153	1.0
2026-04-07 15:43:27.114	12.583	28.122	1.0
2026-04-07 15:43:28.114	12.495	28.107	1.0
2026-04-07 15:43:29.116	12.325	28.099	1.0
2026-04-07 15:43:30.114	12.19	28.085	1.0
2026-04-07 15:43:31.115	12.081	28.076	1.0
2026-04-07 15:43:32.115	11.903	28.07	1.0
2026-04-07 15:43:33.114	11.755	28.095	1.0
2026-04-07 15:43:34.115	11.581	28.069	1.0
2026-04-07 15:43:35.115	11.479	28.063	1.0
2026-04-07 15:43:36.114	11.266	28.066	1.0
2026-04-07 15:43:37.114	11.183	28.051	1.0
2026-04-07 15:43:38.114	11.097	28.049	1.0
2026-04-07 15:43:39.114	10.994	28.021	1.0
2026-04-07 15:43:40.114	10.872	28.007	1.0
2026-04-07 15:43:41.116	10.739	27.997	1.0
2026-04-07 15:43:42.114	10.645	28.01	1.0
2026-04-07 15:43:43.114	10.59	27.996	1.0
2026-04-07 15:43:44.114	10.583	27.989	1.0
2026-04-07 15:43:45.114	10.519	27.971	1.0
2026-04-07 15:43:46.114	10.546	27.946	1.0
2026-04-07 15:43:47.116	10.457	27.953	1.0
2026-04-07 15:43:48.115	10.468	27.932	1.0
2026-04-07 15:43:49.117	10.538	27.943	1.0
2026-04-07 15:43:50.114	10.597	27.945	1.0
2026-04-07 15:43:51.115	10.637	27.906	1.0
2026-04-07 15:43:52.114	10.649	27.91	1.0
2026-04-07 15:43:53.114	10.716	27.893	1.0
2026-04-07 15:43:54.116	10.816	27.907	1.0
2026-04-07 15:43:55.117	10.93	27.887	1.0
2026-04-07 15:43:56.117	11.07	27.882	1.0
2026-04-07 15:43:57.117	11.172	27.875	1.0
2026-04-07 15:43:58.116	11.349	27.869	1.0
2026-04-07 15:43:59.117	11.423	27.844	1.0
2026-04-07 15:44:00.116	11.646	27.837	1.0
2026-04-07 15:44:01.116	11.757	27.823	1.0
2026-04-07 15:44:02.115	11.878	27.822	1.0
2026-04-07 15:44:03.116	12.06	27.833	1.0
2026-04-07 15:44:04.117	12.225	27.817	1.0
2026-04-07 15:44:05.114	12.312	27.796	1.0
2026-04-07 15:44:06.114	12.511	27.819	1.0
2026-04-07 15:44:07.114	12.652	27.782	1.0
2026-04-07 15:44:08.114	12.723	27.806	1.0
2026-04-07 15:44:09.117	12.898	27.79	1.0
2026-04-07 15:44:10.116	12.999	27.784	1.0
2026-04-07 15:44:11.114	13.152	27.762	1.0
2026-04-07 15:44:12.114	13.184	27.761	1.0
2026-04-07 15:44:13.114	13.316	27.743	1.0
2026-04-07 15:44:14.114	13.33	27.735	1.0
2026-04-07 15:44:15.117	13.426	27.76	1.0
2026-04-07 15:44:16.117	13.434	27.747	1.0
2026-04-07 15:44:17.115	13.479	27.74	1.0
2026-04-07 15:44:18.116	13.523	27.722	1.0
2026-04-07 15:44:19.117	13.532	27.734	1.0
2026-04-07 15:44:20.116	13.487	27.713	1.0
2026-04-07 15:44:21.116	13.425	27.736	1.0
2026-04-07 15:44:22.117	13.36	27.717	1.0
2026-04-07 15:44:23.114	13.302	27.708	1.0
2026-04-07 15:44:24.117	13.317	27.731	1.0
2026-04-07 15:44:25.117	13.168	27.704	1.0
2026-04-07 15:44:26.117	13.065	27.698	1.0
2026-04-07 15:44:27.117	13.019	27.713	1.0
2026-04-07 15:44:28.114	12.814	27.691	1.0
2026-04-07 15:44:29.116	12.761	27.719	1.0
2026-04-07 15:44:30.117	12.594	27.689	1.0
2026-04-07 15:44:31.116	12.439	27.703	1.0
2026-04-07 15:44:32.117	12.262	27.682	1.0
2026-04-07 15:44:33.114	12.183	27.712	1.0
2026-04-07 15:44:34.117	11.993	27.703	1.0
2026-04-07 15:44:35.117	11.879	27.69	1.0
2026-04-07 15:44:36.117	11.745	27.7	1.0
2026-04-07 15:44:37.116	11.554	27.683	1.0
2026-04-07 15:44:38.119	11.387	27.72	1.0
2026-04-07 15:44:39.116	11.275	27.694	1.0
2026-04-07 15:44:40.117	11.121	27.708	1.0
2026-04-07 15:44:41.116	11.084	27.713	1.0
2026-04-07 15:44:42.117	10.897	27.713	1.0
2026-04-07 15:44:43.117	10.829	27.718	1.0
2026-04-07 15:44:44.117	10.723	27.705	1.0
2026-04-07 15:44:45.117	10.683	27.706	1.0
2026-04-07 15:44:46.117	10.56	27.714	1.0
2026-04-07 15:44:47.116	10.515	27.706	1.0
2026-04-07 15:44:48.118	10.492	27.732	1.0
2026-04-07 15:44:49.116	10.527	27.725	1.0
2026-04-07 15:44:50.116	10.451	27.751	1.0
2026-04-07 15:44:51.117	10.498	27.727	1.0
2026-04-07 15:44:52.117	10.49	27.738	1.0
2026-04-07 15:44:53.117	10.541	27.735	1.0
2026-04-07 15:44:54.117	10.617	27.751	1.0
2026-04-07 15:44:55.117	10.685	27.761	1.0
2026-04-07 15:44:56.117	10.764	27.762	1.0
2026-04-07 15:44:57.117	10.922	27.751	1.0
2026-04-07 15:44:58.117	10.99	27.755	1.0
2026-04-07 15:44:59.117	11.077	27.764	1.0
2026-04-07 15:45:00.118	11.222	27.767	1.0
2026-04-07 15:45:01.117	11.363	27.791	1.0
2026-04-07 15:45:02.117	11.47	27.794	1.0
2026-04-07 15:45:03.117	11.648	27.789	1.0
2026-04-07 15:45:04.117	11.822	27.819	1.0
2026-04-07 15:45:05.117	11.903	27.819	1.0
2026-04-07 15:45:06.117	12.035	27.816	1.0
2026-04-07 15:45:07.117	12.244	27.826	1.0
2026-04-07 15:45:08.116	12.328	27.824	1.0
2026-04-07 15:45:09.115	12.548	27.862	1.0
2026-04-07 15:45:10.117	12.661	27.847	1.0
2026-04-07 15:45:11.117	12.811	27.858	1.0
2026-04-07 15:45:12.117	12.948	27.868	1.0
2026-04-07 15:45:13.117	13.003	27.893	1.0
2026-04-07 15:45:14.117	13.164	27.896	1.0
2026-04-07 15:45:15.114	13.199	27.886	1.0
2026-04-07 15:45:16.117	13.291	27.894	1.0
2026-04-07 15:45:17.115	13.377	27.902	1.0
2026-04-07 15:45:18.116	13.392	27.908	1.0
2026-04-07 15:45:19.116	13.456	27.943	1.0
2026-04-07 15:45:20.117	13.5	27.959	1.0
2026-04-07 15:45:21.117	13.481	27.94	1.0
2026-04-07 15:45:22.118	13.469	27.952	1.0
2026-04-07 15:45:23.117	13.508	27.967	1.0
2026-04-07 15:45:24.116	13.472	27.974	1.0
2026-04-07 15:45:25.117	13.361	27.969	1.0
2026-04-07 15:45:26.116	13.337	28.001	1.0
2026-04-07 15:45:27.117	13.248	28.001	1.0
2026-04-07 15:45:28.117	13.18	28.019	1.0
2026-04-07 15:45:29.114	13.063	28.015	1.0
2026-04-07 15:45:30.115	12.944	28.029	1.0
2026-04-07 15:45:31.116	12.815	28.022	1.0
2026-04-07 15:45:32.116	12.68	28.038	1.0
2026-04-07 15:45:33.116	12.56	28.064	1.0
2026-04-07 15:45:34.116	12.42	28.081	1.0
2026-04-07 15:45:35.117	12.325	28.056	1.0
2026-04-07 15:45:36.117	12.089	28.09	1.0
2026-04-07 15:45:37.117	11.938	28.083	1.0
2026-04-07 15:45:38.117	11.812	28.103	1.0
2026-04-07 15:45:39.117	11.691	28.127	1.0
2026-04-07 15:45:40.117	11.557	28.106	1.0
2026-04-07 15:45:41.117	11.364	28.116	1.0
2026-04-07 15:45:42.117	11.277	28.142	1.0
2026-04-07 15:45:43.117	11.108	28.151	1.0
2026-04-07 15:45:44.117	11.025	28.141	1.0
2026-04-07 15:45:45.116	10.896	28.162	1.0
2026-04-07 15:45:46.116	10.863	28.167	1.0
2026-04-07 15:45:47.117	10.684	28.163	1.0
2026-04-07 15:45:48.114	10.658	28.201	1.0
2026-04-07 15:45:49.116	10.627	28.177	1.0
2026-04-07 15:45:50.117	10.559	28.188	1.0
2026-04-07 15:45:51.117	10.511	28.184	1.0
2026-04-07 15:45:52.117	10.455	28.203	1.0
2026-04-07 15:45:53.117	10.453	28.222	1.0
2026-04-07 15:45:54.117	10.485	28.213	1.0
2026-04-07 15:45:55.116	10.521	28.207	1.0
2026-04-07 15:45:56.116	10.614	28.234	1.0
2026-04-07 15:45:57.116	10.601	28.228	1.0
2026-04-07 15:45:58.116	10.731	28.244	1.0
2026-04-07 15:45:59.117	10.767	28.267	1.0
2026-04-07 15:46:00.117	10.89	28.252	1.0
2026-04-07 15:46:01.117	10.978	28.267	1.0
2026-04-07 15:46:02.115	11.074	28.266	1.0
2026-04-07 15:46:03.114	11.279	28.256	1.0
2026-04-07 15:46:04.117	11.339	28.269	1.0
2026-04-07 15:46:05.117	11.519	28.28	1.0
2026-04-07 15:46:06.116	11.69	28.287	1.0
2026-04-07 15:46:07.116	11.849	28.264	1.0
2026-04-07 15:46:08.117	11.976	28.302	1.0
2026-04-07 15:46:09.116	12.084	28.3	1.0
2026-04-07 15:46:10.117	12.222	28.296	1.0
2026-04-07 15:46:11.117	12.412	28.29	1.0
2026-04-07 15:46:12.117	12.533	28.308	1.0
2026-04-07 15:46:13.117	12.71	28.295	1.0
2026-04-07 15:46:14.117	12.779	28.317	1.0
2026-04-07 15:46:15.117	12.943	28.305	1.0
2026-04-07 15:46:16.117	13.05	28.299	1.0
2026-04-07 15:46:17.117	13.145	28.319	1.0
2026-04-07 15:46:18.116	13.268	28.304	1.0
2026-04-07 15:46:19.116	13.333	28.319	1.0
2026-04-07 15:46:20.117	13.359	28.318	1.0
2026-04-07 15:46:21.116	13.405	28.302	1.0
2026-04-07 15:46:22.117	13.464	28.293	1.0
2026-04-07 15:46:23.116	13.485	28.313	1.0
2026-04-07 15:46:24.117	13.542	28.281	1.0
2026-04-07 15:46:25.117	13.537	28.313	1.0
2026-04-07 15:46:26.116	13.428	28.284	1.0
2026-04-07 15:46:27.117	13.434	28.275	1.0
2026-04-07 15:46:28.117	13.338	28.304	1.0
2026-04-07 15:46:29.115	13.363	28.276	1.0
2026-04-07 15:46:30.115	13.214	28.266	1.0
2026-04-07 15:46:31.115	13.155	28.293	1.0
2026-04-07 15:46:32.114	13.061	28.282	1.0
2026-04-07 15:46:33.114	12.894	28.255	1.0
2026-04-07 15:46:34.114	12.803	28.271	1.0
2026-04-07 15:46:35.118	12.703	28.249	1.0
2026-04-07 15:46:36.117	12.558	28.267	1.0
2026-04-07 15:46:37.116	12.363	28.272	1.0
2026-04-07 15:46:38.116	12.28	28.244	1.0
2026-04-07 15:46:39.115	12.16	28.252	1.0
2026-04-07 15:46:40.116	12.002	28.236	1.0
2026-04-07 15:46:41.116	11.845	28.228	1.0
2026-04-07 15:46:42.114	11.65	28.22	1.0
2026-04-07 15:46:43.114	11.533	28.243	1.0
2026-04-07 15:46:44.114	11.377	28.234	1.0
2026-04-07 15:46:45.114	11.226	28.199	1.0
2026-04-07 15:46:46.114	11.152	28.196	1.0
2026-04-07 15:46:47.114	10.992	28.212	1.0
2026-04-07 15:46:48.115	10.865	28.201	1.0
2026-04-07 15:46:49.115	10.808	28.183	1.0
2026-04-07 15:46:50.116	10.692	28.164	1.0
2026-04-07 15:46:51.117	10.663	28.155	1.0
2026-04-07 15:46:52.116	10.626	28.168	1.0
2026-04-07 15:46:53.115	10.497	28.153	1.0
2026-04-07 15:46:54.114	10.563	28.136	1.0
2026-04-07 15:46:55.114	10.528	28.134	1.0
2026-04-07 15:46:56.115	10.47	28.138	1.0
2026-04-07 15:46:57.114	10.488	28.123	1.0
2026-04-07 15:46:58.114	10.592	28.128	1.0
2026-04-07 15:46:59.114	10.572	28.117	1.0
2026-04-07 15:47:00.114	10.671	28.108	1.0
2026-04-07 15:47:01.114	10.701	28.077	1.0
2026-04-07 15:47:02.114	10.784	28.07	1.0
2026-04-07 15:47:03.114	10.888	28.073	1.0
2026-04-07 15:47:04.114	11.019	28.069	1.0
2026-04-07 15:47:05.118	11.127	28.072	1.0
2026-04-07 15:47:06.117	11.268	28.051	1.0
2026-04-07 15:47:07.117	11.432	28.024	1.0
2026-04-07 15:47:08.117	11.5	28.038	1.0
2026-04-07 15:47:09.117	11.706	28.021	1.0
2026-04-07 15:47:10.116	11.787	28.007	1.0
2026-04-07 15:47:11.116	11.976	27.994	1.0
2026-04-07 15:47:12.115	12.077	28.004	1.0
2026-04-07 15:47:13.117	12.268	28.003	1.0
2026-04-07 15:47:14.118	12.4	27.971	1.0
2026-04-07 15:47:15.115	12.597	27.981	1.0
2026-04-07 15:47:16.117	12.686	27.972	1.0
2026-04-07 15:47:17.116	12.781	27.965	1.0
2026-04-07 15:47:18.117	12.982	27.944	1.0
2026-04-07 15:47:19.117	13.047	27.916	1.0
2026-04-07 15:47:20.117	13.176	27.914	1.0
2026-04-07 15:47:21.116	13.297	27.91	1.0
2026-04-07 15:47:22.116	13.296	27.902	1.0
2026-04-07 15:47:23.116	13.344	27.897	1.0
2026-04-07 15:47:24.116	13.447	27.886	1.0
2026-04-07 15:47:25.116	13.485	27.884	1.0
2026-04-07 15:47:26.117	13.449	27.873	1.0
2026-04-07 15:47:27.115	13.501	27.858	1.0
2026-04-07 15:47:28.116	13.473	27.871	1.0
2026-04-07 15:47:29.116	13.516	27.843	1.0
2026-04-07 15:47:30.117	13.453	27.829	1.0
2026-04-07 15:47:31.117	13.401	27.831	1.0
2026-04-07 15:47:32.116	13.26	27.836	1.0
2026-04-07 15:47:33.116	13.238	27.802	1.0
2026-04-07 15:47:34.117	13.173	27.825	1.0
2026-04-07 15:47:35.116	13.056	27.793	1.0
2026-04-07 15:47:36.116	12.896	27.799	1.0
2026-04-07 15:47:37.116	12.821	27.805	1.0
2026-04-07 15:47:38.116	12.681	27.797	1.0
2026-04-07 15:47:39.115	12.53	27.761	1.0
2026-04-07 15:47:40.117	12.411	27.77	1.0
2026-04-07 15:47:41.116	12.203	27.767	1.0
2026-04-07 15:47:42.116	12.09	27.777	1.0
2026-04-07 15:47:43.114	11.889	27.767	1.0
2026-04-07 15:47:44.114	11.794	27.769	1.0
2026-04-07 15:47:45.114	11.593	27.734	1.0
2026-04-07 15:47:46.115	11.469	27.76	1.0
2026-04-07 15:47:47.117	11.406	27.729	1.0
2026-04-07 15:47:48.116	11.189	27.736	1.0
2026-04-07 15:47:49.117	11.069	27.721	1.0
2026-04-07 15:47:50.117	11.013	27.717	1.0
2026-04-07 15:47:51.115	10.846	27.703	1.0
2026-04-07 15:47:52.118	10.809	27.733	1.0
2026-04-07 15:47:53.116	10.675	27.703	1.0
2026-04-07 15:47:54.116	10.663	27.696	1.0
2026-04-07 15:47:55.117	10.582	27.716	1.0
2026-04-07 15:47:56.116	10.564	27.705	1.0
2026-04-07 15:47:57.117	10.476	27.705	1.0
2026-04-07 15:47:58.117	10.534	27.7	1.0
2026-04-07 15:47:59.116	10.505	27.685	1.0
2026-04-07 15:48:00.116	10.53	27.715	1.0
2026-04-07 15:48:01.117	10.58	27.71	1.0
2026-04-07 15:48:02.117	10.56	27.699	1.0
2026-04-07 15:48:03.116	10.646	27.688	1.0
2026-04-07 15:48:04.117	10.729	27.72	1.0
2026-04-07 15:48:05.117	10.837	27.686	1.0
2026-04-07 15:48:06.115	10.881	27.694	1.0
2026-04-07 15:48:07.117	11.068	27.713	1.0
2026-04-07 15:48:08.116	11.184	27.695	1.0
2026-04-07 15:48:09.117	11.289	27.708	1.0
2026-04-07 15:48:10.117	11.37	27.697	1.0
2026-04-07 15:48:11.117	11.607	27.692	1.0
2026-04-07 15:48:12.117	11.747	27.727	1.0
2026-04-07 15:48:13.116	11.882	27.706	1.0
2026-04-07 15:48:14.116	12.05	27.695	1.0
2026-04-07 15:48:15.117	12.155	27.718	1.0
2026-04-07 15:48:16.117	12.255	27.719	1.0
2026-04-07 15:48:17.116	12.399	27.738	1.0
2026-04-07 15:48:18.117	12.556	27.716	1.0
2026-04-07 15:48:19.117	12.695	27.742	1.0
2026-04-07 15:48:20.116	12.815	27.723	1.0
2026-04-07 15:48:21.119	12.942	27.725	1.0
2026-04-07 15:48:22.117	13.07	27.741	1.0
2026-04-07 15:48:23.117	13.139	27.75	1.0
2026-04-07 15:48:24.117	13.239	27.746	1.0
2026-04-07 15:48:25.117	13.38	27.744	1.0
2026-04-07 15:48:26.117	13.381	27.779	1.0
2026-04-07 15:48:27.117	13.424	27.755	1.0
2026-04-07 15:48:28.117	13.442	27.767	1.0
2026-04-07 15:48:29.117	13.503	27.801	1.0
2026-04-07 15:48:30.117	13.523	27.799	1.0
2026-04-07 15:48:31.117	13.465	27.782	1.0
2026-04-07 15:48:32.117	13.443	27.797	1.0
2026-04-07 15:48:33.117	13.458	27.822	1.0
2026-04-07 15:48:34.117	13.399	27.803	1.0
2026-04-07 15:48:35.116	13.338	27.815	1.0
2026-04-07 15:48:36.116	13.221	27.825	1.0
2026-04-07 15:48:37.117	13.083	27.831	1.0
2026-04-07 15:48:38.117	12.967	27.866	1.0
2026-04-07 15:48:39.117	12.883	27.853	1.0
2026-04-07 15:48:40.117	12.764	27.88	1.0
2026-04-07 15:48:41.117	12.672	27.858	1.0
2026-04-07 15:48:42.117	12.547	27.87	1.0
2026-04-07 15:48:43.116	12.389	27.879	1.0
2026-04-07 15:48:44.117	12.209	27.894	1.0
2026-04-07 15:48:45.114	12.081	27.896	1.0
2026-04-07 15:48:46.116	11.88	27.906	1.0
2026-04-07 15:48:47.116	11.762	27.919	1.0
2026-04-07 15:48:48.117	11.6	27.915	1.0
2026-04-07 15:48:49.117	11.464	27.927	1.0
2026-04-07 15:48:50.116	11.314	27.948	1.0
2026-04-07 15:48:51.117	11.206	27.954	1.0
2026-04-07 15:48:52.117	11.055	27.98	1.0
2026-04-07 15:48:53.117	10.984	27.956	1.0
2026-04-07 15:48:54.117	10.843	27.972	1.0
2026-04-07 15:48:55.117	10.801	28.005	1.0
2026-04-07 15:48:56.117	10.722	28.003	1.0
2026-04-07 15:48:57.117	10.578	28.0	1.0
2026-04-07 15:48:58.117	10.533	28.019	1.0
2026-04-07 15:48:59.117	10.535	28.036	1.0
2026-04-07 15:49:00.119	10.47	28.047	1.0
2026-04-07 15:49:01.116	10.459	28.035	1.0
2026-04-07 15:49:02.116	10.552	28.064	1.0
2026-04-07 15:49:03.116	10.571	28.069	1.0
2026-04-07 15:49:04.116	10.568	28.055	1.0
2026-04-07 15:49:05.116	10.617	28.082	1.0
2026-04-07 15:49:06.117	10.705	28.094	1.0
2026-04-07 15:49:07.117	10.709	28.095	1.0
2026-04-07 15:49:08.115	10.853	28.103	1.0
2026-04-07 15:49:09.116	10.959	28.127	1.0
2026-04-07 15:49:10.117	11.029	28.131	1.0
2026-04-07 15:49:11.116	11.222	28.142	1.0
2026-04-07 15:49:12.117	11.297	28.134	1.0
2026-04-07 15:49:13.114	11.411	28.139	1.0
2026-04-07 15:49:14.117	11.55	28.174	1.0
2026-04-07 15:49:15.115	11.726	28.156	1.0
2026-04-07 15:49:16.117	11.83	28.16	1.0
2026-04-07 15:49:17.117	12.002	28.188	1.0
2026-04-07 15:49:18.117	12.144	28.18	1.0
2026-04-07 15:49:19.116	12.36	28.194	1.0
2026-04-07 15:49:20.117	12.51	28.208	1.0
2026-04-07 15:49:21.117	12.613	28.198	1.0
2026-04-07 15:49:22.116	12.733	28.197	1.0
2026-04-07 15:49:23.116	12.913	28.207	1.0
2026-04-07 15:49:24.117	12.976	28.233	1.0
2026-04-07 15:49:25.117	13.065	28.243	1.0
2026-04-07 15:49:26.118	13.226	28.242	1.0
2026-04-07 15:49:27.117	13.274	28.231	1.0
2026-04-07 15:49:28.117	13.318	28.237	1.0
2026-04-07 15:49:29.118	13.43	28.259	1.0
2026-04-07 15:49:30.118	13.498	28.273	1.0
2026-04-07 15:49:31.117	13.511	28.261	1.0
2026-04-07 15:49:32.117	13.524	28.248	1.0
2026-04-07 15:49:33.117	13.487	28.289	1.0
2026-04-07 15:49:34.115	13.451	28.281	1.0
2026-04-07 15:49:35.116	13.433	28.286	1.0
2026-04-07 15:49:36.117	13.428	28.274	1.0
2026-04-07 15:49:37.116	13.34	28.268	1.0
2026-04-07 15:49:38.116	13.315	28.304	1.0
2026-04-07 15:49:39.116	13.228	28.305	1.0
2026-04-07 15:49:40.117	13.149	28.284	1.0
2026-04-07 15:49:41.116	13.038	28.298	1.0
2026-04-07 15:49:42.117	12.842	28.306	1.0
2026-04-07 15:49:43.117	12.706	28.313	1.0
2026-04-07 15:49:44.117	12.586	28.28	1.0
2026-04-07 15:49:45.116	12.473	28.28	1.0
2026-04-07 15:49:46.117	12.319	28.283	1.0
2026-04-07 15:49:47.117	12.234	28.285	1.0
2026-04-07 15:49:48.117	12.027	28.307	1.0
2026-04-07 15:49:49.117	11.858	28.314	1.0
2026-04-07 15:49:50.117	11.711	28.31	1.0
2026-04-07 15:49:51.117	11.641	28.29	1.0
2026-04-07 15:49:52.117	11.471	28.288	1.0
2026-04-07 15:49:53.117	11.271	28.297	1.0
2026-04-07 15:49:54.117	11.22	28.288	1.0
2026-04-07 15:49:55.117	11.032	28.274	1.0
2026-04-07 15:49:56.117	10.973	28.295	1.0
2026-04-07 15:49:57.117	10.798	28.297	1.0
2026-04-07 15:49:58.116	10.784	28.278	1.0
2026-04-07 15:49:59.117	10.637	28.294	1.0
2026-04-07 15:50:00.116	10.635	28.289	1.0
2026-04-07 15:50:01.117	10.515	28.296	1.0
2026-04-07 15:50:02.117	10.544	28.293	1.0
2026-04-07 15:50:03.117	10.488	28.255	1.0
2026-04-07 15:50:04.117	10.524	28.251	1.0
2026-04-07 15:50:05.117	10.532	28.277	1.0
2026-04-07 15:50:06.117	10.496	28.24	1.0
2026-04-07 15:50:07.114	10.603	28.239	1.0
2026-04-07 15:50:08.117	10.587	28.234	1.0
2026-04-07 15:50:09.117	10.674	28.259	1.0
2026-04-07 15:50:10.117	10.754	28.247	1.0
2026-04-07 15:50:11.116	10.906	28.252	1.0
2026-04-07 15:50:12.117	11.0	28.212	1.0
2026-04-07 15:50:13.116	11.048	28.221	1.0
2026-04-07 15:50:14.117	11.219	28.204	1.0
2026-04-07 15:50:15.116	11.352	28.213	1.0
2026-04-07 15:50:16.116	11.438	28.214	1.0
2026-04-07 15:50:17.116	11.649	28.175	1.0
2026-04-07 15:50:18.117	11.777	28.179	1.0
2026-04-07 15:50:19.115	11.946	28.163	1.0
2026-04-07 15:50:20.114	12.074	28.185	1.0
2026-04-07 15:50:21.115	12.157	28.155	1.0
2026-04-07 15:50:22.115	12.308	28.162	1.0
2026-04-07 15:50:23.115	12.483	28.154	1.0
2026-04-07 15:50:24.116	12.657	28.14	1.0
2026-04-07 15:50:25.117	12.792	28.146	1.0
2026-04-07 15:50:26.117	12.875	28.139	1.0
2026-04-07 15:50:27.116	13.007	28.113	1.0
2026-04-07 15:50:28.116	13.11	28.116	1.0
2026-04-07 15:50:29.116	13.255	28.109	1.0
2026-04-07 15:50:30.117	13.244	28.076	1.0
2026-04-07 15:50:31.120	13.314	28.104	1.0
2026-04-07 15:50:32.117	13.456	28.087	1.0
2026-04-07 15:50:33.117	13.442	28.063	1.0
2026-04-07 15:50:34.114	13.475	28.059	1.0
2026-04-07 15:50:35.114	13.483	28.052	1.0
2026-04-07 15:50:36.114	13.505	28.058	1.0
2026-04-07 15:50:37.114	13.478	28.03	1.0
2026-04-07 15:50:38.114	13.432	28.017	1.0
2026-04-07 15:50:39.116	13.391	28.019	1.0
2026-04-07 15:50:40.118	13.371	28.01	1.0
2026-04-07 15:50:41.117	13.255	27.996	1.0
2026-04-07 15:50:42.117	13.169	27.993	1.0
2026-04-07 15:50:43.116	13.095	27.96	1.0
2026-04-07 15:50:44.117	12.973	27.97	1.0
2026-04-07 15:50:45.117	12.808	27.97	1.0
2026-04-07 15:50:46.117	12.746	27.932	1.0
2026-04-07 15:50:47.116	12.562	27.953	1.0
2026-04-07 15:50:48.118	12.404	27.95	1.0
2026-04-07 15:50:49.117	12.352	27.917	1.0
2026-04-07 15:50:50.117	12.175	27.906	1.0
2026-04-07 15:50:51.117	12.028	27.894	1.0
2026-04-07 15:50:52.117	11.866	27.905	1.0
2026-04-07 15:50:53.117	11.746	27.889	1.0
2026-04-07 15:50:54.118	11.555	27.88	1.0
2026-04-07 15:50:55.118	11.413	27.86	1.0
2026-04-07 15:50:56.115	11.267	27.867	1.0
2026-04-07 15:50:57.117	11.152	27.871	1.0
2026-04-07 15:50:58.117	11.064	27.869	1.0
2026-04-07 15:50:59.117	10.894	27.845	1.0
2026-04-07 15:51:00.117	10.86	27.847	1.0
2026-04-07 15:51:01.117	10.783	27.832	1.0
2026-04-07 15:51:02.114	10.665	27.809	1.0
2026-04-07 15:51:03.115	10.598	27.804	1.0
2026-04-07 15:51:04.114	10.557	27.791	1.0
2026-04-07 15:51:05.114	10.539	27.814	1.0
2026-04-07 15:51:06.115	10.484	27.789	1.0
2026-04-07 15:51:07.117	10.51	27.797	1.0
2026-04-07 15:51:08.116	10.555	27.766	1.0
2026-04-07 15:51:09.117	10.562	27.774	1.0
2026-04-07 15:51:10.117	10.593	27.768	1.0
2026-04-07 15:51:11.117	10.64	27.771	1.0
2026-04-07 15:51:12.117	10.709	27.752	1.0
2026-04-07 15:51:13.118	10.814	27.762	1.0
2026-04-07 15:51:14.117	10.831	27.757	1.0
2026-04-07 15:51:15.117	11.004	27.727	1.0
2026-04-07 15:51:16.117	11.051	27.723	1.0
2026-04-07 15:51:17.117	11.201	27.732	1.0
2026-04-07 15:51:18.117	11.367	27.743	1.0
2026-04-07 15:51:19.117	11.525	27.714	1.0
2026-04-07 15:51:20.117	11.659	27.722	1.0
2026-04-07 15:51:21.117	11.788	27.737	1.0
2026-04-07 15:51:22.118	11.881	27.735	1.0
2026-04-07 15:51:23.119	12.039	27.695	1.0
2026-04-07 15:51:24.117	12.246	27.729	1.0
2026-04-07 15:51:25.117	12.389	27.697	1.0
2026-04-07 15:51:26.117	12.564	27.723	1.0
2026-04-07 15:51:27.116	12.644	27.713	1.0
2026-04-07 15:51:28.117	12.736	27.7	1.0
2026-04-07 15:51:29.117	12.911	27.695	1.0
2026-04-07 15:51:30.117	13.056	27.716	1.0
2026-04-07 15:51:31.117	13.097	27.691	1.0
2026-04-07 15:51:32.117	13.202	27.707	1.0
2026-04-07 15:51:33.114	13.306	27.715	1.0
2026-04-07 15:51:34.114	13.382	27.711	1.0
2026-04-07 15:51:35.115	13.39	27.685	1.0
2026-04-07 15:51:36.115	13.439	27.697	1.0
2026-04-07 15:51:37.114	13.527	27.696	1.0
2026-04-07 15:51:38.118	13.539	27.704	1.0
2026-04-07 15:51:39.118	13.467	27.718	1.0
2026-04-07 15:51:40.122	13.497	27.723	1.0
2026-04-07 15:51:41.165	13.446	27.701	1.0
2026-04-07 15:51:42.114	13.414	27.709	1.0
2026-04-07 15:51:43.115	13.325	27.716	1.0
2026-04-07 15:51:44.114	13.263	27.698	1.0
2026-04-07 15:51:45.114	13.214	27.724	1.0
2026-04-07 15:51:46.122	13.074	27.727	1.0
2026-04-07 15:51:47.114	12.939	27.71	1.0
2026-04-07 15:51:48.115	12.799	27.748	1.0
2026-04-07 15:51:49.115	12.734	27.74	1.0
2026-04-07 15:51:50.115	12.56	27.757	1.0
2026-04-07 15:51:51.114	12.418	27.727	1.0
2026-04-07 15:51:52.114	12.293	27.755	1.0
2026-04-07 15:51:53.114	12.143	27.74	1.0
2026-04-07 15:51:54.114	12.014	27.752	1.0
2026-04-07 15:51:55.220	11.864	27.769	1.0
2026-04-07 15:51:56.115	11.693	27.754	1.0
2026-04-07 15:51:57.115	11.55	27.779	1.0
2026-04-07 15:51:58.115	11.429	27.77	1.0
2026-04-07 15:51:59.114	11.223	27.79	1.0
2026-04-07 15:52:00.115	11.099	27.8	1.0
2026-04-07 15:52:01.162	11.037	27.807	1.0
2026-04-07 15:52:02.115	10.896	27.788	1.0
2026-04-07 15:52:03.115	10.827	27.812	1.0
2026-04-07 15:52:04.114	10.742	27.821	1.0
2026-04-07 15:52:05.115	10.63	27.818	1.0
2026-04-07 15:52:06.130	10.625	27.818	1.0
2026-04-07 15:52:07.115	10.524	27.862	1.0
2026-04-07 15:52:08.114	10.475	27.857	1.0
2026-04-07 15:52:09.115	10.52	27.852	1.0
2026-04-07 15:52:10.114	10.451	27.88	1.0
2026-04-07 15:52:11.115	10.471	27.856	1.0
2026-04-07 15:52:12.115	10.547	27.878	1.0
2026-04-07 15:52:13.115	10.556	27.911	1.0
2026-04-07 15:52:14.114	10.606	27.903	1.0
2026-04-07 15:52:15.115	10.738	27.898	1.0
2026-04-07 15:52:16.114	10.79	27.92	1.0
2026-04-07 15:52:17.114	10.849	27.922	1.0
2026-04-07 15:52:18.114	10.988	27.951	1.0
2026-04-07 15:52:19.115	11.129	27.925	1.0
2026-04-07 15:52:20.114	11.272	27.945	1.0
2026-04-07 15:52:21.114	11.373	27.942	1.0
2026-04-07 15:52:22.115	11.513	27.966	1.0
2026-04-07 15:52:23.114	11.678	27.969	1.0
2026-04-07 15:52:24.114	11.769	27.997	1.0
2026-04-07 15:52:25.114	11.967	28.001	1.0
2026-04-07 15:52:26.115	12.096	28.021	1.0
2026-04-07 15:52:27.114	12.23	28.012	1.0
2026-04-07 15:52:28.114	12.403	28.005	1.0
2026-04-07 15:52:29.114	12.497	28.04	1.0
2026-04-07 15:52:30.114	12.703	28.056	1.0
2026-04-07 15:52:31.114	12.836	28.07	1.0
2026-04-07 15:52:32.114	12.933	28.068	1.0
2026-04-07 15:52:33.114	13.061	28.065	1.0
2026-04-07 15:52:34.114	13.124	28.085	1.0
2026-04-07 15:52:35.114	13.226	28.08	1.0
2026-04-07 15:52:36.114	13.323	28.102	1.0
2026-04-07 15:52:37.115	13.345	28.092	1.0
2026-04-07 15:52:38.114	13.47	28.096	1.0
2026-04-07 15:52:39.114	13.473	28.119	1.0
2026-04-07 15:52:40.114	13.498	28.142	1.0
2026-04-07 15:52:41.114	13.52	28.133	1.0
2026-04-07 15:52:42.115	13.501	28.15	1.0
2026-04-07 15:52:43.114	13.491	28.164	1.0
2026-04-07 15:52:44.115	13.44	28.159	1.0
2026-04-07 15:52:45.115	13.358	28.172	1.0
2026-04-07 15:52:46.114	13.354	28.193	1.0
2026-04-07 15:52:47.114	13.196	28.197	1.0
2026-04-07 15:52:48.114	13.112	28.192	1.0
2026-04-07 15:52:49.115	13.021	28.198	1.0
2026-04-07 15:52:50.114	12.946	28.205	1.0
2026-04-07 15:52:51.114	12.808	28.211	1.0
2026-04-07 15:52:52.114	12.654	28.217	1.0
2026-04-07 15:52:53.114	12.56	28.209	1.0
2026-04-07 15:52:54.114	12.358	28.218	1.0
2026-04-07 15:52:55.115	12.256	28.216	1.0
2026-04-07 15:52:56.114	12.093	28.246	1.0
2026-04-07 15:52:57.114	11.968	28.229	1.0
2026-04-07 15:52:58.114	11.818	28.247	1.0
2026-04-07 15:52:59.115	11.633	28.261	1.0
2026-04-07 15:53:00.115	11.503	28.276	1.0
2026-04-07 15:53:01.115	11.359	28.258	1.0
2026-04-07 15:53:02.115	11.21	28.257	1.0
2026-04-07 15:53:03.114	11.146	28.267	1.0
2026-04-07 15:53:04.115	11.038	28.27	1.0
2026-04-07 15:53:05.114	10.906	28.26	1.0
2026-04-07 15:53:06.114	10.8	28.283	1.0
2026-04-07 15:53:07.115	10.694	28.302	1.0
2026-04-07 15:53:08.114	10.608	28.3	1.0
2026-04-07 15:53:09.115	10.621	28.274	1.0
2026-04-07 15:53:10.115	10.555	28.299	1.0
2026-04-07 15:53:11.115	10.469	28.275	1.0
2026-04-07 15:53:12.114	10.537	28.315	1.0
2026-04-07 15:53:13.115	10.487	28.282	1.0
2026-04-07 15:53:14.115	10.484	28.283	1.0
2026-04-07 15:53:15.115	10.523	28.301	1.0
2026-04-07 15:53:16.115	10.622	28.285	1.0
2026-04-07 15:53:17.115	10.643	28.317	1.0
2026-04-07 15:53:18.115	10.713	28.286	1.0
2026-04-07 15:53:19.115	10.822	28.307	1.0
2026-04-07 15:53:20.114	10.927	28.318	1.0
2026-04-07 15:53:21.114	11.009	28.313	1.0
2026-04-07 15:53:22.115	11.127	28.304	1.0
2026-04-07 15:53:23.114	11.284	28.285	1.0
2026-04-07 15:53:24.114	11.439	28.293	1.0
2026-04-07 15:53:25.114	11.527	28.286	1.0
2026-04-07 15:53:26.115	11.68	28.282	1.0
2026-04-07 15:53:27.114	11.796	28.302	1.0
2026-04-07 15:53:28.115	11.966	28.275	1.0
2026-04-07 15:53:29.114	12.132	28.264	1.0
2026-04-07 15:53:30.114	12.304	28.276	1.0
2026-04-07 15:53:31.115	12.375	28.258	1.0
2026-04-07 15:53:32.115	12.576	28.272	1.0
2026-04-07 15:53:33.115	12.745	28.257	1.0
2026-04-07 15:53:34.115	12.872	28.26	1.0
2026-04-07 15:53:35.114	12.968	28.266	1.0
2026-04-07 15:53:36.115	13.065	28.251	1.0
2026-04-07 15:53:37.114	13.187	28.255	1.0
2026-04-07 15:53:38.114	13.289	28.234	1.0
2026-04-07 15:53:39.116	13.305	28.235	1.0
2026-04-07 15:53:40.114	13.397	28.226	1.0
2026-04-07 15:53:41.116	13.439	28.228	1.0
2026-04-07 15:53:42.115	13.517	28.204	1.0
2026-04-07 15:53:43.114	13.512	28.221	1.0
2026-04-07 15:53:44.116	13.478	28.229	1.0
2026-04-07 15:53:45.114	13.519	28.188	1.0
2026-04-07 15:53:46.115	13.472	28.212	1.0
2026-04-07 15:53:47.115	13.395	28.198	1.0
2026-04-07 15:53:48.114	13.364	28.169	1.0
2026-04-07 15:53:49.115	13.295	28.173	1.0
2026-04-07 15:53:50.115	13.215	28.152	1.0
2026-04-07 15:53:51.115	13.142	28.173	1.0
2026-04-07 15:53:52.115	13.079	28.138	1.0
2026-04-07 15:53:53.114	12.902	28.144	1.0
2026-04-07 15:53:54.114	12.764	28.15	1.0
2026-04-07 15:53:55.114	12.614	28.126	1.0
2026-04-07 15:53:56.114	12.476	28.12	1.0
2026-04-07 15:53:57.114	12.406	28.125	1.0
2026-04-07 15:53:58.114	12.229	28.114	1.0
2026-04-07 15:53:59.114	12.036	28.114	1.0
2026-04-07 15:54:00.114	11.962	28.103	1.0
2026-04-07 15:54:01.114	11.835	28.076	1.0
2026-04-07 15:54:02.114	11.684	28.074	1.0
2026-04-07 15:54:03.114	11.499	28.071	1.0
2026-04-07 15:54:04.115	11.35	28.073	1.0
2026-04-07 15:54:05.114	11.184	28.043	1.0
2026-04-07 15:54:06.114	11.122	28.024	1.0
2026-04-07 15:54:07.114	10.968	28.008	1.0
2026-04-07 15:54:08.114	10.913	28.037	1.0
2026-04-07 15:54:09.114	10.821	28.011	1.0
2026-04-07 15:54:10.114	10.734	28.004	1.0
2026-04-07 15:54:11.114	10.587	28.009	1.0
2026-04-07 15:54:12.115	10.607	27.963	1.0
2026-04-07 15:54:13.114	10.5	27.981	1.0
2026-04-07 15:54:14.114	10.488	27.967	1.0
2026-04-07 15:54:15.115	10.476	27.946	1.0
2026-04-07 15:54:16.115	10.531	27.935	1.0
2026-04-07 15:54:17.114	10.503	27.953	1.0
2026-04-07 15:54:18.114	10.545	27.94	1.0
2026-04-07 15:54:19.114	10.577	27.915	1.0
2026-04-07 15:54:20.114	10.63	27.91	1.0
2026-04-07 15:54:21.114	10.727	27.915	1.0
2026-04-07 15:54:22.114	10.817	27.887	1.0
2026-04-07 15:54:23.114	10.917	27.893	1.0
2026-04-07 15:54:24.114	11.029	27.867	1.0
2026-04-07 15:54:25.114	11.188	27.855	1.0
2026-04-07 15:54:26.115	11.317	27.879	1.0
2026-04-07 15:54:27.115	11.437	27.864	1.0
2026-04-07 15:54:28.115	11.604	27.832	1.0
2026-04-07 15:54:29.114	11.728	27.851	1.0
2026-04-07 15:54:30.114	11.803	27.845	1.0
2026-04-07 15:54:31.114	11.993	27.82	1.0
2026-04-07 15:54:32.114	12.118	27.798	1.0
2026-04-07 15:54:33.115	12.293	27.796	1.0
2026-04-07 15:54:34.115	12.406	27.809	1.0
2026-04-07 15:54:35.115	12.598	27.779	1.0
2026-04-07 15:54:36.115	12.704	27.799	1.0
2026-04-07 15:54:37.114	12.848	27.79	1.0
2026-04-07 15:54:38.115	13.008	27.788	1.0
2026-04-07 15:54:39.114	13.072	27.774	1.0
2026-04-07 15:54:40.114	13.146	27.764	1.0
2026-04-07 15:54:41.115	13.284	27.741	1.0
2026-04-07 15:54:42.115	13.33	27.735	1.0
2026-04-07 15:54:43.115	13.409	27.769	1.0
2026-04-07 15:54:44.115	13.469	27.729	1.0
2026-04-07 15:54:45.115	13.515	27.753	1.0
2026-04-07 15:54:46.115	13.509	27.732	1.0
2026-04-07 15:54:47.115	13.539	27.721	1.0
2026-04-07 15:54:48.115	13.493	27.745	1.0
2026-04-07 15:54:49.114	13.51	27.74	1.0
2026-04-07 15:54:50.114	13.429	27.705	1.0
2026-04-07 15:54:51.114	13.411	27.715	1.0
2026-04-07 15:54:52.114	13.331	27.722	1.0
2026-04-07 15:54:53.114	13.259	27.721	1.0
2026-04-07 15:54:54.114	13.14	27.694	1.0
2026-04-07 15:54:55.114	12.988	27.721	1.0
2026-04-07 15:54:56.114	12.888	27.714	1.0
2026-04-07 15:54:57.114	12.74	27.719	1.0
2026-04-07 15:54:58.114	12.624	27.715	1.0
2026-04-07 15:54:59.114	12.495	27.708	1.0
2026-04-07 15:55:00.114	12.31	27.715	1.0
2026-04-07 15:55:01.114	12.224	27.692	1.0
2026-04-07 15:55:02.114	12.024	27.694	1.0
2026-04-07 15:55:03.115	11.892	27.706	1.0
2026-04-07 15:55:04.114	11.804	27.702	1.0
2026-04-07 15:55:05.114	11.575	27.686	1.0
2026-04-07 15:55:06.114	11.433	27.708	1.0
2026-04-07 15:55:07.114	11.328	27.705	1.0
2026-04-07 15:55:08.114	11.187	27.698	1.0
2026-04-07 15:55:09.114	11.072	27.714	1.0
2026-04-07 15:55:10.114	10.982	27.725	1.0
2026-04-07 15:55:11.114	10.892	27.73	1.0
2026-04-07 15:55:12.114	10.819	27.7	1.0
2026-04-07 15:55:13.114	10.692	27.708	1.0
2026-04-07 15:55:14.114	10.621	27.714	1.0
2026-04-07 15:55:15.114	10.613	27.708	1.0
2026-04-07 15:55:16.114	10.522	27.731	1.0
2026-04-07 15:55:17.114	10.472	27.725	1.0
2026-04-07 15:55:18.114	10.518	27.729	1.0
2026-04-07 15:55:19.114	10.538	27.741	1.0
2026-04-07 15:55:20.114	10.526	27.727	1.0
2026-04-07 15:55:21.114	10.543	27.744	1.0
2026-04-07 15:55:22.115	10.662	27.746	1.0
2026-04-07 15:55:23.115	10.705	27.771	1.0
2026-04-07 15:55:24.115	10.77	27.777	1.0
2026-04-07 15:55:25.116	10.836	27.784	1.0
2026-04-07 15:55:26.114	10.92	27.778	1.0
2026-04-07 15:55:27.114	11.099	27.778	1.0
2026-04-07 15:55:28.114	11.206	27.768	1.0
2026-04-07 15:55:29.114	11.276	27.795	1.0
2026-04-07 15:55:30.114	11.441	27.787	1.0
2026-04-07 15:55:31.114	11.586	27.802	1.0
2026-04-07 15:55:32.114	11.755	27.823	1.0
2026-04-07 15:55:33.114	11.847	27.821	1.0
2026-04-07 15:55:34.114	12.048	27.816	1.0
2026-04-07 15:55:35.114	12.215	27.819	1.0
2026-04-07 15:55:36.114	12.342	27.824	1.0
2026-04-07 15:55:37.114	12.516	27.854	1.0
2026-04-07 15:55:38.114	12.599	27.857	1.0
2026-04-07 15:55:39.114	12.716	27.879	1.0
2026-04-07 15:55:40.114	12.875	27.884	1.0
2026-04-07 15:55:41.114	12.952	27.891	1.0
2026-04-07 15:55:42.114	13.079	27.889	1.0
2026-04-07 15:55:43.114	13.143	27.907	1.0
2026-04-07 15:55:44.114	13.306	27.888	1.0
2026-04-07 15:55:45.115	13.347	27.913	1.0
2026-04-07 15:55:46.114	13.362	27.913	1.0
2026-04-07 15:55:47.114	13.445	27.948	1.0
2026-04-07 15:55:48.114	13.52	27.938	1.0
2026-04-07 15:55:49.114	13.489	27.949	1.0
2026-04-07 15:55:50.115	13.516	27.944	1.0
2026-04-07 15:55:51.114	13.505	27.974	1.0
2026-04-07 15:55:52.114	13.454	27.995	1.0
2026-04-07 15:55:53.114	13.426	28.001	1.0
2026-04-07 15:55:54.114	13.309	28.004	1.0
2026-04-07 15:55:55.114	13.324	28.015	1.0
2026-04-07 15:55:56.114	13.189	27.997	1.0
2026-04-07 15:55:57.114	13.11	28.021	1.0
2026-04-07 15:55:58.114	12.944	28.032	1.0
2026-04-07 15:55:59.114	12.829	28.025	1.0
2026-04-07 15:56:00.114	12.735	28.062	1.0
2026-04-07 15:56:01.114	12.653	28.071	1.0
2026-04-07 15:56:02.114	12.478	28.056	1.0
2026-04-07 15:56:03.114	12.368	28.093	1.0
2026-04-07 15:56:04.114	12.21	28.096	1.0
2026-04-07 15:56:05.114	12.043	28.08	1.0
2026-04-07 15:56:06.115	11.888	28.098	1.0
2026-04-07 15:56:07.115	11.767	28.114	1.0
2026-04-07 15:56:08.114	11.626	28.102	1.0
2026-04-07 15:56:09.115	11.419	28.134	1.0
2026-04-07 15:56:10.114	11.315	28.132	1.0
2026-04-07 15:56:11.114	11.181	28.133	1.0
2026-04-07 15:56:12.114	11.074	28.167	1.0
2026-04-07 15:56:13.114	10.952	28.169	1.0
2026-04-07 15:56:14.114	10.811	28.181	1.0
2026-04-07 15:56:15.115	10.769	28.166	1.0
2026-04-07 15:56:16.114	10.717	28.177	1.0
2026-04-07 15:56:17.114	10.611	28.176	1.0
2026-04-07 15:56:18.114	10.606	28.183	1.0
2026-04-07 15:56:19.115	10.502	28.216	1.0
2026-04-07 15:56:20.114	10.476	28.189	1.0
2026-04-07 15:56:21.114	10.465	28.204	1.0
2026-04-07 15:56:22.114	10.492	28.21	1.0
2026-04-07 15:56:23.114	10.554	28.218	1.0
2026-04-07 15:56:24.114	10.576	28.212	1.0
2026-04-07 15:56:25.114	10.604	28.228	1.0
2026-04-07 15:56:26.115	10.681	28.258	1.0
2026-04-07 15:56:27.114	10.737	28.245	1.0
2026-04-07 15:56:28.114	10.842	28.256	1.0
2026-04-07 15:56:29.114	10.94	28.266	1.0
2026-04-07 15:56:30.114	11.115	28.275	1.0
2026-04-07 15:56:31.115	11.171	28.279	1.0
2026-04-07 15:56:32.115	11.346	28.254	1.0
2026-04-07 15:56:33.115	11.442	28.29	1.0
2026-04-07 15:56:34.115	11.576	28.295	1.0
2026-04-07 15:56:35.115	11.722	28.27	1.0
2026-04-07 15:56:36.115	11.857	28.27	1.0
2026-04-07 15:56:37.114	12.004	28.28	1.0
2026-04-07 15:56:38.114	12.246	28.308	1.0
2026-04-07 15:56:39.115	12.385	28.277	1.0
2026-04-07 15:56:40.114	12.448	28.296	1.0
2026-04-07 15:56:41.114	12.668	28.277	1.0
2026-04-07 15:56:42.114	12.796	28.295	1.0
2026-04-07 15:56:43.115	12.899	28.281	1.0
2026-04-07 15:56:44.115	12.989	28.312	1.0
2026-04-07 15:56:45.114	13.123	28.298	1.0
2026-04-07 15:56:46.115	13.241	28.292	1.0
2026-04-07 15:56:47.115	13.256	28.302	1.0
2026-04-07 15:56:48.114	13.327	28.314	1.0
2026-04-07 15:56:49.115	13.451	28.291	1.0
2026-04-07 15:56:50.115	13.468	28.303	1.0
2026-04-07 15:56:51.115	13.489	28.29	1.0
2026-04-07 15:56:52.115	13.494	28.303	1.0
2026-04-07 15:56:53.115	13.449	28.31	1.0
2026-04-07 15:56:54.115	13.45	28.277	1.0
2026-04-07 15:56:55.114	13.48	28.292	1.0
2026-04-07 15:56:56.114	13.376	28.277	1.0
2026-04-07 15:56:57.114	13.39	28.285	1.0
2026-04-07 15:56:58.114	13.269	28.265	1.0
2026-04-07 15:56:59.114	13.202	28.3	1.0
2026-04-07 15:57:00.114	13.084	28.258	1.0
2026-04-07 15:57:01.114	13.02	28.266	1.0
2026-04-07 15:57:02.114	12.885	28.274	1.0
2026-04-07 15:57:03.114	12.716	28.249	1.0
2026-04-07 15:57:04.115	12.628	28.269	1.0
2026-04-07 15:57:05.115	12.495	28.24	1.0
2026-04-07 15:57:06.115	12.282	28.236	1.0
2026-04-07 15:57:07.115	12.2	28.247	1.0
2026-04-07 15:57:08.115	12.016	28.23	1.0
2026-04-07 15:57:09.114	11.866	28.225	1.0
2026-04-07 15:57:10.114	11.704	28.244	1.0
2026-04-07 15:57:11.114	11.543	28.231	1.0
2026-04-07 15:57:12.114	11.456	28.223	1.0
2026-04-07 15:57:13.114	11.242	28.23	1.0
2026-04-07 15:57:14.114	11.153	28.212	1.0
2026-04-07 15:57:15.114	10.993	28.196	1.0
2026-04-07 15:57:16.114	10.884	28.19	1.0
2026-04-07 15:57:17.114	10.868	28.201	1.0
2026-04-07 15:57:18.114	10.725	28.19	1.0
2026-04-07 15:57:19.114	10.684	28.169	1.0
2026-04-07 15:57:20.114	10.623	28.178	1.0
2026-04-07 15:57:21.114	10.509	28.168	1.0
2026-04-07 15:57:22.114	10.561	28.153	1.0
2026-04-07 15:57:23.114	10.54	28.161	1.0
2026-04-07 15:57:24.114	10.538	28.145	1.0
2026-04-07 15:57:25.114	10.514	28.128	1.0
2026-04-07 15:57:26.114	10.547	28.11	1.0
2026-04-07 15:57:27.114	10.62	28.111	1.0
2026-04-07 15:57:28.114	10.664	28.118	1.0
2026-04-07 15:57:29.114	10.664	28.096	1.0
2026-04-07 15:57:30.114	10.74	28.065	1.0
2026-04-07 15:57:31.115	10.841	28.068	1.0
2026-04-07 15:57:32.114	10.981	28.047	1.0
2026-04-07 15:57:33.115	11.097	28.061	1.0
2026-04-07 15:57:34.114	11.238	28.044	1.0
2026-04-07 15:57:35.114	11.364	28.033	1.0
2026-04-07 15:57:36.115	11.537	28.044	1.0
2026-04-07 15:57:37.114	11.596	28.014	1.0
2026-04-07 15:57:38.114	11.823	28.021	1.0
2026-04-07 15:57:39.115	11.978	28.009	1.0
2026-04-07 15:57:40.115	12.113	27.997	1.0
2026-04-07 15:57:41.115	12.222	27.996	1.0
2026-04-07 15:57:42.115	12.35	27.98	1.0
2026-04-07 15:57:43.114	12.522	27.962	1.0
2026-04-07 15:57:44.115	12.638	27.959	1.0
2026-04-07 15:57:45.114	12.837	27.938	1.0
2026-04-07 15:57:46.114	12.887	27.957	1.0
2026-04-07 15:57:47.114	13.074	27.943	1.0
2026-04-07 15:57:48.114	13.157	27.912	1.0
2026-04-07 15:57:49.114	13.195	27.924	1.0
2026-04-07 15:57:50.114	13.312	27.913	1.0
2026-04-07 15:57:51.125	13.356	27.884	1.0
2026-04-07 15:57:52.114	13.421	27.884	1.0
2026-04-07 15:57:53.114	13.478	27.877	1.0
2026-04-07 15:57:54.114	13.507	27.858	1.0
2026-04-07 15:57:55.115	13.486	27.85	1.0
2026-04-07 15:57:56.115	13.489	27.871	1.0
2026-04-07 15:57:57.116	13.445	27.858	1.0
2026-04-07 15:57:58.115	13.419	27.846	1.0
2026-04-07 15:57:59.115	13.377	27.828	1.0
2026-04-07 15:58:00.114	13.337	27.826	1.0
2026-04-07 15:58:01.115	13.224	27.814	1.0
2026-04-07 15:58:02.114	13.14	27.793	1.0
2026-04-07 15:58:03.115	13.071	27.822	1.0
2026-04-07 15:58:04.114	12.921	27.818	1.0
2026-04-07 15:58:05.114	12.819	27.782	1.0
2026-04-07 15:58:06.114	12.705	27.783	1.0
2026-04-07 15:58:07.115	12.544	27.78	1.0
2026-04-07 15:58:08.115	12.424	27.759	1.0
2026-04-07 15:58:09.114	12.292	27.77	1.0
2026-04-07 15:58:10.114	12.1	27.777	1.0
2026-04-07 15:58:11.114	11.953	27.76	1.0
2026-04-07 15:58:12.114	11.819	27.76	1.0
2026-04-07 15:58:13.114	11.726	27.758	1.0
2026-04-07 15:58:14.114	11.586	27.76	1.0
2026-04-07 15:58:15.114	11.378	27.723	1.0
2026-04-07 15:58:16.114	11.275	27.734	1.0
2026-04-07 15:58:17.114	11.153	27.728	1.0
2026-04-07 15:58:18.114	11.044	27.715	1.0
2026-04-07 15:58:19.114	10.88	27.732	1.0
2026-04-07 15:58:20.114	10.788	27.736	1.0
2026-04-07 15:58:21.114	10.776	27.711	1.0
2026-04-07 15:58:22.114	10.654	27.701	1.0
2026-04-07 15:58:23.115	10.616	27.71	1.0
2026-04-07 15:58:24.114	10.501	27.705	1.0
2026-04-07 15:58:25.114	10.507	27.709	1.0
2026-04-07 15:58:26.114	10.457	27.695	1.0
2026-04-07 15:58:27.115	10.47	27.696	1.0
2026-04-07 15:58:28.114	10.535	27.686	1.0
2026-04-07 15:58:29.114	10.576	27.708	1.0
2026-04-07 15:58:30.114	10.63	27.719	1.0
2026-04-07 15:58:31.114	10.675	27.683	1.0
2026-04-07 15:58:32.114	10.673	27.705	1.0
2026-04-07 15:58:33.114	10.837	27.686	1.0
2026-04-07 15:58:34.115	10.89	27.682	1.0
2026-04-07 15:58:35.114	11.039	27.706	1.0
2026-04-07 15:58:36.115	11.089	27.698	1.0
2026-04-07 15:58:37.115	11.199	27.697	1.0
2026-04-07 15:58:38.115	11.407	27.689	1.0
2026-04-07 15:58:39.114	11.472	27.724	1.0
2026-04-07 15:58:40.114	11.701	27.698	1.0
2026-04-07 15:58:41.114	11.821	27.706	1.0
2026-04-07 15:58:42.114	11.982	27.725	1.0
2026-04-07 15:58:43.114	12.115	27.724	1.0
2026-04-07 15:58:44.115	12.293	27.715	1.0
2026-04-07 15:58:45.114	12.416	27.713	1.0
2026-04-07 15:58:46.114	12.496	27.709	1.0
2026-04-07 15:58:47.114	12.709	27.726	1.0
2026-04-07 15:58:48.114	12.806	27.744	1.0
                                                                                                                                                                                                                                                                                                                                                                                                                                                                                                                                                                                                                                                                                                                                                                                                                                                                                                                                                        